sifdecoder -A pc64.lnx.gfo  ACOPR57

 Problem name: ACOPR57

 Double precision version will be formed

 The objective function uses 2 linear groups
 
 There are 114 nonlinear equality constraints
 There are 217 nonlinear inequality constraints
 
 There are 114 free variables
 There are 14 variables bounded from below and above 
 
 
 File successfully decoded
/home/abel/projetos/dcicpp-newrun/output
No tools
**********************************************************
Problem name: ACOPR57 

Number of Variables: 128
Number of Constraints: 331
             Equality: 114
           has_inequality: 217

EXIT: The Algorithm has Converged
f(x) = 41750.6
|c(x)| = 4.69754e-07
|g(x) + J(x)'*y| = 7.86413e-07
y offset = 0.133672
Number of Iterations = 28
Elapsed Time = 0.231408 s
Normal iterations = 5
Average number of normal iterations = 0.178571
Maximum number of normal iterations during one iteration = 1
Iterations with = 1 normal iterations = 5
Iterations with <= 1 normal iterations = 28
**********************************************************
Setup time: 0.023333
Execution time: 0.456666
