sifdecoder -A pc64.lnx.gfo  AIRCRFTA

 Problem name: AIRCRFTA

 Double precision version will be formed

 
 There are 5 nonlinear equality constraints
 
 There are 5 free variables
 There are 3 fixed variables
 
 
 File successfully decoded
/home/abel/projetos/dcicpp-newrun/output
No tools
**********************************************************
Problem name: AIRCRFTA

Number of Variables: 5
Number of Constraints: 5
             Equality: 5
           has_inequality: 0

EXIT: The Algorithm has Converged
f(x) = 0
|c(x)| = 4.95217e-12
|g(x) + J(x)'*y| = 0
y offset = 0
Number of Iterations = 1
Elapsed Time = 0.000216246 s
Normal iterations = 2
Average number of normal iterations = 2
Maximum number of normal iterations during one iteration = 2
Iterations with = 1 normal iterations = 0
Iterations with <= 1 normal iterations = 0
**********************************************************
Setup time: 0
Execution time: 0.003333
