sifdecoder -A pc64.lnx.gfo  AVGASB

 Problem name: AVGASB

 Double precision version will be formed

 The objective function uses 1 nonlinear group
 
 There are 10 linear inequality constraints
 
 There are 8 variables bounded from below and above 
 
 
 File successfully decoded
/home/abel/projetos/dcicpp-newrun/output
No tools
**********************************************************
Problem name: AVGASB  

Number of Variables: 8
Number of Constraints: 10
             Equality: 0
           has_inequality: 10

EXIT: The Algorithm has Converged
f(x) = -4.48323
|c(x)| = 9.89409e-07
|g(x) + J(x)'*y| = 2.22865e-07
y offset = 2.71046e-06
Number of Iterations = 18
Elapsed Time = 0.0144315 s
Normal iterations = 21
Average number of normal iterations = 1.16667
Maximum number of normal iterations during one iteration = 3
Iterations with = 1 normal iterations = 14
Iterations with <= 1 normal iterations = 15
**********************************************************
Setup time: 0
Execution time: 0.043332
