sifdecoder -A pc64.lnx.gfo  AVGASA

 Problem name: AVGASA

 Double precision version will be formed

 The objective function uses 1 nonlinear group
 
 There are 10 linear inequality constraints
 
 There are 8 variables bounded from below and above 
 
 
 File successfully decoded
/home/abel/projetos/dcicpp-newrun/output
No tools
**********************************************************
Problem name: AVGASA  

Number of Variables: 8
Number of Constraints: 10
             Equality: 0
           has_inequality: 10

EXIT: The Algorithm has Converged
f(x) = -4.63193
|c(x)| = 9.65891e-07
|g(x) + J(x)'*y| = 1.72571e-07
y offset = 1.08928e-07
Number of Iterations = 11
Elapsed Time = 0.0054729 s
Normal iterations = 8
Average number of normal iterations = 0.727273
Maximum number of normal iterations during one iteration = 1
Iterations with = 1 normal iterations = 8
Iterations with <= 1 normal iterations = 11
**********************************************************
Setup time: 0
Execution time: 0.016665
