sifdecoder -A pc64.lnx.gfo  BIGGSB1

 Problem name: BIGGSB1

 Double precision version will be formed

 The objective function uses 5001 linear groups
 
 There is 1 free variable 
 There are 4999 variables bounded from below and above 
 
 
 File successfully decoded
/home/abel/projetos/dcicpp-newrun/output
No tools
**********************************************************
Problem name: BIGGSB1 

Number of Variables: 5000
Number of Constraints: 0
             Equality: 0
           has_inequality: 0

EXIT: The Algorithm has Converged
f(x) = 0.0621205
|c(x)| = 0
|g(x) + J(x)'*y| = 6.22105e-07
y offset = 0
Number of Iterations = 15
Elapsed Time = 0.24639 s
Normal iterations = 0
Average number of normal iterations = 0
Maximum number of normal iterations during one iteration = 0
Iterations with = 1 normal iterations = 0
Iterations with <= 1 normal iterations = 15
**********************************************************
Setup time: 0.063333
Execution time: 0.436666
