sifdecoder -A pc64.lnx.gfo  BRITGAS

 Problem name: BRITGAS

 Double precision version will be formed

 The objective function uses 1 nonlinear group
 
 There are 360 nonlinear equality constraints
 
 There are 426 variables bounded only from below 
 There are 24 variables bounded from below and above 
 
 
 File successfully decoded
/home/abel/projetos/dcicpp-newrun/output
No tools
**********************************************************
Problem name: BRITGAS 

Number of Variables: 450
Number of Constraints: 360
             Equality: 360
           has_inequality: 0

EXIT: The Algorithm has Converged
f(x) = 0.000305578
|c(x)| = 1.5342e-11
|g(x) + J(x)'*y| = 6.67536e-07
y offset = 0
Number of Iterations = 15
Elapsed Time = 0.13732 s
Normal iterations = 5
Average number of normal iterations = 0.333333
Maximum number of normal iterations during one iteration = 1
Iterations with = 1 normal iterations = 5
Iterations with <= 1 normal iterations = 15
**********************************************************
Setup time: 0.006666
Execution time: 0.376666
