sifdecoder -A pc64.lnx.gfo  BROWNDEN

 Problem name: BROWNDEN

 Double precision version will be formed

 The objective function uses 20 nonlinear groups
 
 There are 4 free variables
 
 
 File successfully decoded
/home/abel/projetos/dcicpp-newrun/output
No tools
**********************************************************
Problem name: BROWNDEN

Number of Variables: 4
Number of Constraints: 0
             Equality: 0
           has_inequality: 0

EXIT: The Algorithm has Converged
f(x) = 85822.2
|c(x)| = 0
|g(x) + J(x)'*y| = 3.92735e-09
y offset = 0
Number of Iterations = 8
Elapsed Time = 0.000272512 s
Normal iterations = 0
Average number of normal iterations = 0
Maximum number of normal iterations during one iteration = 0
Iterations with = 1 normal iterations = 0
Iterations with <= 1 normal iterations = 8
**********************************************************
Setup time: 0
Execution time: 0.003333
