sifdecoder -A pc64.lnx.gfo  BT1

 Problem name: BT1

 Double precision version will be formed

 The objective function uses 1 nonlinear group
 
 There is 1 nonlinear equality constraint
 
 There are 2 free variables
 
 
 File successfully decoded
/home/abel/projetos/dcicpp-newrun/output
No tools
**********************************************************
Problem name: BT1     

Number of Variables: 2
Number of Constraints: 1
             Equality: 1
           has_inequality: 0

EXIT: The Algorithm has Converged
f(x) = -0.999993
|c(x)| = 7.01578e-08
|g(x) + J(x)'*y| = 2.77991e-08
y offset = 0
Number of Iterations = 5
Elapsed Time = 0.000291586 s
Normal iterations = 3
Average number of normal iterations = 0.6
Maximum number of normal iterations during one iteration = 1
Iterations with = 1 normal iterations = 3
Iterations with <= 1 normal iterations = 5
**********************************************************
Setup time: 0
Execution time: 0.003333
