sifdecoder -A pc64.lnx.gfo  BT8

 Problem name: BT8

 Double precision version will be formed

 The objective function uses 1 nonlinear group
 
 There are 2 nonlinear equality constraints
 
 There are 5 free variables
 
 
 File successfully decoded
/home/abel/projetos/dcicpp-newrun/output
No tools
**********************************************************
Problem name: BT8     

Number of Variables: 5
Number of Constraints: 2
             Equality: 2
           has_inequality: 0

EXIT: The Algorithm has Converged
f(x) = 1
|c(x)| = 3.37175e-07
|g(x) + J(x)'*y| = 1.82167e-14
y offset = 0
Number of Iterations = 2
Elapsed Time = 0.000264883 s
Normal iterations = 2
Average number of normal iterations = 1
Maximum number of normal iterations during one iteration = 2
Iterations with = 1 normal iterations = 0
Iterations with <= 1 normal iterations = 1
**********************************************************
Setup time: 0
Execution time: 0.003333
