sifdecoder -A pc64.lnx.gfo  C-RELOAD

 Problem name: C-RELOAD

 Double precision version will be formed

 The objective function uses 1 linear group
 
 There are 26 linear equality constraints
 There are 174 nonlinear equality constraints
 There are 84 nonlinear inequality constraints
 
 There are 84 variables bounded only from below 
 There are 258 variables bounded from below and above 
 
 
 File successfully decoded
/home/abel/projetos/dcicpp-newrun/output
No tools
**********************************************************
Problem name: C-RELOAD

Number of Variables: 342
Number of Constraints: 284
             Equality: 200
           has_inequality: 84

EXIT: The Algorithm has Converged
Cholesky failed
f(x) = -1.00789
|c(x)| = 5.96328e-07
|g(x) + J(x)'*y| = 8.50949e-07
y offset = 2.6003e-06
Number of Iterations = 37
Elapsed Time = 0.248387 s
Normal iterations = 18
Average number of normal iterations = 0.486486
Maximum number of normal iterations during one iteration = 1
Iterations with = 1 normal iterations = 18
Iterations with <= 1 normal iterations = 37
**********************************************************
Setup time: 0.009999
Execution time: 0.413333
