sifdecoder -A pc64.lnx.gfo  CHANDHEQ

 Problem name: CHANDHEQ

 Double precision version will be formed

 
 There are 100 nonlinear equality constraints
 
 There are 100 variables bounded only from below 
 
 
 File successfully decoded
/home/abel/projetos/dcicpp-newrun/output
No tools
**********************************************************
Problem name: CHANDHEQ

Number of Variables: 100
Number of Constraints: 100
             Equality: 100
           has_inequality: 0

EXIT: The Algorithm has Converged
f(x) = 0
|c(x)| = 7.97667e-07
|g(x) + J(x)'*y| = 0
y offset = 0
Number of Iterations = 1
Elapsed Time = 0.0553241 s
Normal iterations = 2
Average number of normal iterations = 2
Maximum number of normal iterations during one iteration = 2
Iterations with = 1 normal iterations = 0
Iterations with <= 1 normal iterations = 0
**********************************************************
Setup time: 0.08
Execution time: 0.156666
