sifdecoder -A pc64.lnx.gfo  CLIFF

 Problem name: CLIFF

 Double precision version will be formed

 The objective function uses 1 linear group
 The objective function uses 2 nonlinear groups
 
 There are 2 free variables
 
 
 File successfully decoded
/home/abel/projetos/dcicpp-newrun/output
No tools
**********************************************************
Problem name: CLIFF   

Number of Variables: 2
Number of Constraints: 0
             Equality: 0
           has_inequality: 0

EXIT: The Algorithm has Converged
f(x) = 0.208512
|c(x)| = 0
|g(x) + J(x)'*y| = 9.1839e-07
y offset = 0
Number of Iterations = 24
Elapsed Time = 0.000211716 s
Normal iterations = 0
Average number of normal iterations = 0
Maximum number of normal iterations during one iteration = 0
Iterations with = 1 normal iterations = 0
Iterations with <= 1 normal iterations = 24
**********************************************************
Setup time: 0
Execution time: 0.003333
