sifdecoder -A pc64.lnx.gfo  COSINE

 Problem name: COSINE

 Double precision version will be formed

 The objective function uses 9999 nonlinear groups
 
 There are 10000 free variables
 
 
 File successfully decoded
/home/abel/projetos/dcicpp-newrun/output
No tools
**********************************************************
Problem name: COSINE  

Number of Variables: 10000
Number of Constraints: 0
             Equality: 0
           has_inequality: 0

EXIT: The Algorithm has Converged
f(x) = -9999
|c(x)| = 0
|g(x) + J(x)'*y| = 2.68309e-07
y offset = 0
Number of Iterations = 8
Elapsed Time = 0.122519 s
Normal iterations = 0
Average number of normal iterations = 0
Maximum number of normal iterations during one iteration = 0
Iterations with = 1 normal iterations = 0
Iterations with <= 1 normal iterations = 8
**********************************************************
Setup time: 0.163334
Execution time: 0.239999
