sifdecoder -A pc64.lnx.gfo  DALLASS

 Problem name: DALLASS

 Double precision version will be formed

 The objective function uses 1 nonlinear group
 
 There are 31 linear equality constraints
 
 There are 46 variables bounded from below and above 
 
 
 File successfully decoded
/home/abel/projetos/dcicpp-newrun/output
No tools
**********************************************************
Problem name: DALLASS 

Number of Variables: 44
Number of Constraints: 29
             Equality: 29
           has_inequality: 0

EXIT: The Algorithm has Converged
Cholesky failed
f(x) = 399953
|c(x)| = 9.6898e-07
|g(x) + J(x)'*y| = 7.43811e-08
y offset = 0
Number of Iterations = 57
Elapsed Time = 0.0188181 s
Normal iterations = 10
Average number of normal iterations = 0.175439
Maximum number of normal iterations during one iteration = 1
Iterations with = 1 normal iterations = 10
Iterations with <= 1 normal iterations = 57
**********************************************************
Setup time: 0
Execution time: 0.056665
