sifdecoder -A pc64.lnx.gfo  DECONVU

 Problem name: DECONVU

 Double precision version will be formed

 The objective function uses 40 nonlinear groups
 
 There are 51 free variables
 There are 12 fixed variables
 
 
 File successfully decoded
/home/abel/projetos/dcicpp-newrun/output
No tools
**********************************************************
Problem name: DECONVU 

Number of Variables: 51
Number of Constraints: 0
             Equality: 0
           has_inequality: 0

EXIT: The Algorithm has Converged
f(x) = 6.29559e-07
|c(x)| = 0
|g(x) + J(x)'*y| = 9.77475e-08
y offset = 0
Number of Iterations = 31
Elapsed Time = 0.0195305 s
Normal iterations = 0
Average number of normal iterations = 0
Maximum number of normal iterations during one iteration = 0
Iterations with = 1 normal iterations = 0
Iterations with <= 1 normal iterations = 31
**********************************************************
Setup time: 0.003333
Execution time: 0.076665
