sifdecoder -A pc64.lnx.gfo  DEMBO7

 Problem name: DEMBO7

 Double precision version will be formed

 The objective function uses 1 nonlinear group
 
 There are 20 nonlinear inequality constraints
 
 There are 16 variables bounded from below and above 
 
 
 File successfully decoded
/home/abel/projetos/dcicpp-newrun/output
No tools
**********************************************************
Problem name: DEMBO7  

Number of Variables: 16
Number of Constraints: 20
             Equality: 0
           has_inequality: 20

EXIT: The Algorithm has Converged
Cholesky failed
f(x) = 174.787
|c(x)| = 5.28972e-07
|g(x) + J(x)'*y| = 3.94316e-07
y offset = 0.004359
Number of Iterations = 16
Elapsed Time = 0.0272028 s
Normal iterations = 14
Average number of normal iterations = 0.875
Maximum number of normal iterations during one iteration = 2
Iterations with = 1 normal iterations = 12
Iterations with <= 1 normal iterations = 15
**********************************************************
Setup time: 0
Execution time: 0.103332
