sifdecoder -A pc64.lnx.gfo  DENSCHND

 Problem name: DENSCHND

 Double precision version will be formed

 The objective function uses 3 nonlinear groups
 
 There are 3 free variables
 
 
 File successfully decoded
/home/abel/projetos/dcicpp-newrun/output
No tools
**********************************************************
Problem name: DENSCHND

Number of Variables: 3
Number of Constraints: 0
             Equality: 0
           has_inequality: 0

EXIT: The Algorithm has Converged
f(x) = 0.0480716
|c(x)| = 0
|g(x) + J(x)'*y| = 6.78066e-07
y offset = 0
Number of Iterations = 19
Elapsed Time = 0.000305414 s
Normal iterations = 0
Average number of normal iterations = 0
Maximum number of normal iterations during one iteration = 0
Iterations with = 1 normal iterations = 0
Iterations with <= 1 normal iterations = 19
**********************************************************
Setup time: 0
Execution time: 0
