sifdecoder -A pc64.lnx.gfo  DTOC1NB

 Problem name: DTOC1NB

 Double precision version will be formed

 The objective function uses 5998 nonlinear groups
 
 There are 3996 nonlinear equality constraints
 
 There are 5994 free variables
 There are 4 fixed variables
 
 
 File successfully decoded
/home/abel/projetos/dcicpp-newrun/output
No tools
**********************************************************
Problem name: DTOC1NB 

Number of Variables: 5994
Number of Constraints: 3996
             Equality: 3996
           has_inequality: 0

EXIT: The Algorithm has Converged
f(x) = 7.13885
|c(x)| = 7.26899e-07
|g(x) + J(x)'*y| = 6.7821e-08
y offset = 0
Number of Iterations = 9
Elapsed Time = 0.142175 s
Normal iterations = 2
Average number of normal iterations = 0.222222
Maximum number of normal iterations during one iteration = 1
Iterations with = 1 normal iterations = 2
Iterations with <= 1 normal iterations = 9
**********************************************************
Setup time: 0.17
Execution time: 0.22
