sifdecoder -A pc64.lnx.gfo  DTOC5

 Problem name: DTOC5

 Double precision version will be formed

 The objective function uses 1 nonlinear group
 
 There are 4999 nonlinear equality constraints
 
 There are 9998 free variables
 There is 1 fixed variable
 
 
 File successfully decoded
/home/abel/projetos/dcicpp-newrun/output
No tools
**********************************************************
Problem name: DTOC5   

Number of Variables: 9998
Number of Constraints: 4999
             Equality: 4999
           has_inequality: 0

EXIT: The Algorithm has Converged
f(x) = 1.53511
|c(x)| = 6.30489e-08
|g(x) + J(x)'*y| = 3.34228e-10
y offset = 0
Number of Iterations = 5
Elapsed Time = 0.0609651 s
Normal iterations = 3
Average number of normal iterations = 0.6
Maximum number of normal iterations during one iteration = 1
Iterations with = 1 normal iterations = 3
Iterations with <= 1 normal iterations = 5
**********************************************************
Setup time: 0.106667
Execution time: 0.153333
