sifdecoder -A pc64.lnx.gfo  DUAL3

 Problem name: DUAL3

 Double precision version will be formed

 The objective function uses 1 nonlinear group
 
 There is 1 linear equality constraint
 
 There are 111 variables bounded from below and above 
 
 
 File successfully decoded
/home/abel/projetos/dcicpp-newrun/output
No tools
**********************************************************
Problem name: DUAL3   

Number of Variables: 111
Number of Constraints: 1
             Equality: 1
           has_inequality: 0

EXIT: The Algorithm has Converged
f(x) = 0.136818
|c(x)| = 7.0343e-16
|g(x) + J(x)'*y| = 9.05868e-08
y offset = 0
Number of Iterations = 10
Elapsed Time = 0.138849 s
Normal iterations = 1
Average number of normal iterations = 0.1
Maximum number of normal iterations during one iteration = 1
Iterations with = 1 normal iterations = 1
Iterations with <= 1 normal iterations = 10
**********************************************************
Setup time: 0.043333
Execution time: 0.35
