sifdecoder -A pc64.lnx.gfo  EIGENBCO

 Problem name: EIGENBCO

 Double precision version will be formed

 The objective function uses 1275 nonlinear groups
 
 There are 1275 nonlinear equality constraints
 
 There are 2550 free variables
 
 
 File successfully decoded
/home/abel/projetos/dcicpp-newrun/output
No tools
**********************************************************
Problem name: EIGENBCO

Number of Variables: 2550
Number of Constraints: 1275
             Equality: 1275
           has_inequality: 0

EXIT: The Algorithm has Converged
f(x) = 49
|c(x)| = 0
|g(x) + J(x)'*y| = 2.53752e-16
y offset = 0
Number of Iterations = 2
Elapsed Time = 0.381669 s
Normal iterations = 0
Average number of normal iterations = 0
Maximum number of normal iterations during one iteration = 0
Iterations with = 1 normal iterations = 0
Iterations with <= 1 normal iterations = 2
**********************************************************
Setup time: 0.883333
Execution time: 0.383333
