sifdecoder -A pc64.lnx.gfo  EIGMINB

 Problem name: EIGMINB

 Double precision version will be formed

 The objective function uses 1 linear group
 
 There are 101 nonlinear equality constraints
 
 There are 101 variables bounded from below and above 
 
 
 File successfully decoded
/home/abel/projetos/dcicpp-newrun/output
No tools
**********************************************************
Problem name: EIGMINB 

Number of Variables: 101
Number of Constraints: 101
             Equality: 101
           has_inequality: 0

EXIT: The Algorithm has Converged
f(x) = 0.000967435
|c(x)| = 8.40409e-13
|g(x) + J(x)'*y| = 6.48761e-14
y offset = 0
Number of Iterations = 1
Elapsed Time = 0.0083282 s
Normal iterations = 2
Average number of normal iterations = 2
Maximum number of normal iterations during one iteration = 2
Iterations with = 1 normal iterations = 0
Iterations with <= 1 normal iterations = 0
**********************************************************
Setup time: 0.003333
Execution time: 0.033332
