sifdecoder -A pc64.lnx.gfo  EXPFITC

 Problem name: EXPFITC

 Double precision version will be formed

 The objective function uses 1 nonlinear group
 
 There are 502 linear inequality constraints
 
 There are 5 free variables
 
 
 File successfully decoded
/home/abel/projetos/dcicpp-newrun/output
No tools
**********************************************************
Problem name: EXPFITC 

Number of Variables: 5
Number of Constraints: 501
             Equality: 0
           has_inequality: 501

EXIT: The Algorithm has Converged
f(x) = 0.609477
|c(x)| = 8.89745e-08
|g(x) + J(x)'*y| = 2.30256e-10
y offset = 0.000976223
Number of Iterations = 19
Elapsed Time = 0.546632 s
Normal iterations = 1
Average number of normal iterations = 0.0526316
Maximum number of normal iterations during one iteration = 1
Iterations with = 1 normal iterations = 1
Iterations with <= 1 normal iterations = 19
**********************************************************
Setup time: 0.009999
Execution time: 0.726666
