sifdecoder -A pc64.lnx.gfo  EXPFITA

 Problem name: EXPFITA

 Double precision version will be formed

 The objective function uses 1 nonlinear group
 
 There are 22 linear inequality constraints
 
 There are 5 free variables
 
 
 File successfully decoded
/home/abel/projetos/dcicpp-newrun/output
No tools
**********************************************************
Problem name: EXPFITA 

Number of Variables: 5
Number of Constraints: 21
             Equality: 0
           has_inequality: 21

EXIT: The Algorithm has Converged
f(x) = 0.00614057
|c(x)| = 7.4813e-09
|g(x) + J(x)'*y| = 1.77305e-07
y offset = 0.000321706
Number of Iterations = 19
Elapsed Time = 0.00132108 s
Normal iterations = 1
Average number of normal iterations = 0.0526316
Maximum number of normal iterations during one iteration = 1
Iterations with = 1 normal iterations = 1
Iterations with <= 1 normal iterations = 19
**********************************************************
Setup time: 0
Execution time: 0.006666
