sifdecoder -A pc64.lnx.gfo  FEEDLOC

 Problem name: FEEDLOC

 Double precision version will be formed

 The objective function uses 1 linear group
 
 There are 4 linear equality constraints
 There are 166 linear inequality constraints
 There are 15 nonlinear equality constraints
 There are 74 nonlinear inequality constraints
 
 There are 87 variables bounded from below and above 
 There are 3 fixed variables
 
 
 File successfully decoded
/home/abel/projetos/dcicpp-newrun/output
No tools
**********************************************************
Problem name: FEEDLOC 

Number of Variables: 12
Number of Constraints: 97
             Equality: 15
           has_inequality: 82

EXIT: The problem is unlimited
Cholesky failed
f(x) = 0.5
|c(x)| = 5.38516e+14
|g(x) + J(x)'*y| = 1.48489e+19
y offset = 4.0009e+06
Number of Iterations = 1
Elapsed Time = 0.00281501 s
Normal iterations = 0
Average number of normal iterations = 0
Maximum number of normal iterations during one iteration = 0
Iterations with = 1 normal iterations = 0
Iterations with <= 1 normal iterations = 1
**********************************************************
Setup time: 0.003333
Execution time: 0.013332
