sifdecoder -A pc64.lnx.gfo  GOFFIN

 Problem name: GOFFIN

 Double precision version will be formed

 The objective function uses 1 linear group
 
 There are 50 linear inequality constraints
 
 There are 51 free variables
 
 
 File successfully decoded
/home/abel/projetos/dcicpp-newrun/output
No tools
**********************************************************
Problem name: GOFFIN  

Number of Variables: 51
Number of Constraints: 50
             Equality: 0
           has_inequality: 50

EXIT: The Algorithm has Converged
f(x) = 0.00022236
|c(x)| = 6.67151e-11
|g(x) + J(x)'*y| = 3.641e-07
y offset = 0
Number of Iterations = 6
Elapsed Time = 0.0880251 s
Normal iterations = 1
Average number of normal iterations = 0.166667
Maximum number of normal iterations during one iteration = 1
Iterations with = 1 normal iterations = 1
Iterations with <= 1 normal iterations = 6
**********************************************************
Setup time: 0.003333
Execution time: 0.239999
