sifdecoder -A pc64.lnx.gfo  GOULDQP2

 Problem name: GOULDQP2

 Double precision version will be formed

 The objective function uses 9998 nonlinear groups
 
 There are 9999 linear equality constraints
 
 There are 19999 variables bounded from below and above 
 
 
 File successfully decoded
/home/abel/projetos/dcicpp-newrun/output
No tools
**********************************************************
Problem name: GOULDQP2

Number of Variables: 19999
Number of Constraints: 9999
             Equality: 9999
           has_inequality: 0

EXIT: The Algorithm has Converged
f(x) = 1.60268e-12
|c(x)| = 4.04535e-07
|g(x) + J(x)'*y| = 1.47662e-19
y offset = 0
Number of Iterations = 2
Elapsed Time = 0.0337036 s
Normal iterations = 0
Average number of normal iterations = 0
Maximum number of normal iterations during one iteration = 0
Iterations with = 1 normal iterations = 0
Iterations with <= 1 normal iterations = 2
**********************************************************
Setup time: 0.27
Execution time: 0.036667
