sifdecoder -A pc64.lnx.gfo  GRIDNETB

 Problem name: GRIDNETB

 Double precision version will be formed

 The objective function uses 1 nonlinear group
 
 There are 3844 linear equality constraints
 
 There are 7564 free variables
 
 
 File successfully decoded
/home/abel/projetos/dcicpp-newrun/output
No tools
**********************************************************
Problem name: GRIDNETB

Number of Variables: 7564
Number of Constraints: 3844
             Equality: 3844
           has_inequality: 0

EXIT: The Algorithm has Converged
Cholesky failed
f(x) = 127.615
|c(x)| = 2.81734e-09
|g(x) + J(x)'*y| = 9.2034e-08
y offset = 0
Number of Iterations = 4
Elapsed Time = 0.15213 s
Normal iterations = 1
Average number of normal iterations = 0.25
Maximum number of normal iterations during one iteration = 1
Iterations with = 1 normal iterations = 1
Iterations with <= 1 normal iterations = 4
**********************************************************
Setup time: 0.1
Execution time: 0.313333
