sifdecoder -A pc64.lnx.gfo  HALDMADS

 Problem name: HALDMADS

 Double precision version will be formed

 The objective function uses 1 linear group
 
 There are 42 nonlinear inequality constraints
 
 There are 6 free variables
 
 
 File successfully decoded
/home/abel/projetos/dcicpp-newrun/output
No tools
**********************************************************
Problem name: HALDMADS

Number of Variables: 6
Number of Constraints: 42
             Equality: 0
           has_inequality: 42

EXIT: The Algorithm has Converged
f(x) = 0.0477993
|c(x)| = 1.81395e-07
|g(x) + J(x)'*y| = 8.34597e-07
y offset = 0.0020037
Number of Iterations = 8
Elapsed Time = 0.0173585 s
Normal iterations = 5
Average number of normal iterations = 0.625
Maximum number of normal iterations during one iteration = 1
Iterations with = 1 normal iterations = 5
Iterations with <= 1 normal iterations = 8
**********************************************************
Setup time: 0
Execution time: 0.053332
