sifdecoder -A pc64.lnx.gfo  HATFLDC

 Problem name: HATFLDC

 Double precision version will be formed

 The objective function uses 2 linear groups
 The objective function uses 23 nonlinear groups
 
 There is 1 free variable 
 There are 24 variables bounded from below and above 
 
 
 File successfully decoded
/home/abel/projetos/dcicpp-newrun/output
No tools
**********************************************************
Problem name: HATFLDC 

Number of Variables: 25
Number of Constraints: 0
             Equality: 0
           has_inequality: 0

EXIT: The Algorithm has Converged
f(x) = 1.23772e-13
|c(x)| = 0
|g(x) + J(x)'*y| = 2.09818e-07
y offset = 0
Number of Iterations = 4
Elapsed Time = 0.000403404 s
Normal iterations = 0
Average number of normal iterations = 0
Maximum number of normal iterations during one iteration = 0
Iterations with = 1 normal iterations = 0
Iterations with <= 1 normal iterations = 4
**********************************************************
Setup time: 0
Execution time: 0.003333
