sifdecoder -A pc64.lnx.gfo  HEART6

 Problem name: HEART6

 Double precision version will be formed

 
 There are 6 nonlinear equality constraints
 
 There are 6 free variables
 
 
 File successfully decoded
/home/abel/projetos/dcicpp-newrun/output
No tools
**********************************************************
Problem name: HEART6  

Number of Variables: 6
Number of Constraints: 6
             Equality: 6
           has_inequality: 0

EXIT: The Algorithm has Converged
Cholesky failed
f(x) = 0
|c(x)| = 1.41975e-09
|g(x) + J(x)'*y| = 0
y offset = 0
Number of Iterations = 1
Elapsed Time = 0.000572681 s
Normal iterations = 2
Average number of normal iterations = 2
Maximum number of normal iterations during one iteration = 2
Iterations with = 1 normal iterations = 0
Iterations with <= 1 normal iterations = 0
**********************************************************
Setup time: 0
Execution time: 0.003333
