sifdecoder -A pc64.lnx.gfo  HIMMELBJ

 Problem name: HIMMELBJ

 Double precision version will be formed

 The objective function uses 1 nonlinear group
 
 There are 14 linear equality constraints
 
 There are 43 variables bounded only from below 
 There are 2 fixed variables
 
 
 File successfully decoded
/home/abel/projetos/dcicpp-newrun/output
No tools
**********************************************************
Problem name: HIMMELBJ

Number of Variables: 43
Number of Constraints: 14
             Equality: 14
           has_inequality: 0

EXIT: The Algorithm has Converged
Cholesky failed
f(x) = -1910.34
|c(x)| = 1.54763e-07
|g(x) + J(x)'*y| = 1.65185e-07
y offset = 0
Number of Iterations = 31
Elapsed Time = 0.00946426 s
Normal iterations = 4
Average number of normal iterations = 0.129032
Maximum number of normal iterations during one iteration = 1
Iterations with = 1 normal iterations = 4
Iterations with <= 1 normal iterations = 31
**********************************************************
Setup time: 0.003333
Execution time: 0.036665
