sifdecoder -A pc64.lnx.gfo  HS108

 Problem name: HS108

 Double precision version will be formed

 The objective function uses 1 nonlinear group
 
 There are 13 nonlinear inequality constraints
 
 There are 8 free variables
 There is 1 variable bounded only from below 
 
 
 File successfully decoded
/home/abel/projetos/dcicpp-newrun/output
No tools
**********************************************************
Problem name: HS108   

Number of Variables: 9
Number of Constraints: 13
             Equality: 0
           has_inequality: 13

EXIT: The Algorithm has Converged
f(x) = -0.866019
|c(x)| = 1.43254e-08
|g(x) + J(x)'*y| = 2.9452e-07
y offset = 2.8091e-06
Number of Iterations = 37
Elapsed Time = 0.0128167 s
Normal iterations = 28
Average number of normal iterations = 0.756757
Maximum number of normal iterations during one iteration = 2
Iterations with = 1 normal iterations = 22
Iterations with <= 1 normal iterations = 34
**********************************************************
Setup time: 0
Execution time: 0.039999
