sifdecoder -A pc64.lnx.gfo  HS117

 Problem name: HS117

 Double precision version will be formed

 The objective function uses 1 nonlinear group
 
 There are 5 nonlinear inequality constraints
 
 There are 15 variables bounded only from below 
 
 
 File successfully decoded
/home/abel/projetos/dcicpp-newrun/output
No tools
**********************************************************
Problem name: HS117   

Number of Variables: 15
Number of Constraints: 5
             Equality: 0
           has_inequality: 5

EXIT: The Algorithm has Converged
f(x) = 32.3489
|c(x)| = 4.69852e-09
|g(x) + J(x)'*y| = 6.16838e-08
y offset = 0
Number of Iterations = 49
Elapsed Time = 0.0248315 s
Normal iterations = 44
Average number of normal iterations = 0.897959
Maximum number of normal iterations during one iteration = 2
Iterations with = 1 normal iterations = 32
Iterations with <= 1 normal iterations = 43
**********************************************************
Setup time: 0
Execution time: 0.076665
