sifdecoder -A pc64.lnx.gfo  HS118

 Problem name: HS118

 Double precision version will be formed

 The objective function uses 1 nonlinear group
 
 There are 17 linear inequality constraints
 
 There are 15 variables bounded from below and above 
 
 
 File successfully decoded
/home/abel/projetos/dcicpp-newrun/output
No tools
**********************************************************
Problem name: HS118   

Number of Variables: 15
Number of Constraints: 17
             Equality: 0
           has_inequality: 17

EXIT: The Algorithm has Converged
f(x) = 672.023
|c(x)| = 1.07936e-12
|g(x) + J(x)'*y| = 9.7939e-07
y offset = 0.0723157
Number of Iterations = 20
Elapsed Time = 0.00146031 s
Normal iterations = 1
Average number of normal iterations = 0.05
Maximum number of normal iterations during one iteration = 1
Iterations with = 1 normal iterations = 1
Iterations with <= 1 normal iterations = 20
**********************************************************
Setup time: 0
Execution time: 0.006666
