sifdecoder -A pc64.lnx.gfo  HS14

 Problem name: HS14

 Double precision version will be formed

 The objective function uses 1 nonlinear group
 
 There is 1 linear equality constraint
 There is 1 nonlinear inequality constraint
 
 There are 2 free variables
 
 
 File successfully decoded
/home/abel/projetos/dcicpp-newrun/output
No tools
**********************************************************
Problem name: HS14    

Number of Variables: 2
Number of Constraints: 2
             Equality: 1
           has_inequality: 1

EXIT: The Algorithm has Converged
f(x) = 1.39346
|c(x)| = 9.82445e-07
|g(x) + J(x)'*y| = 8.32667e-17
y offset = 0
Number of Iterations = 2
Elapsed Time = 0.00166845 s
Normal iterations = 3
Average number of normal iterations = 1.5
Maximum number of normal iterations during one iteration = 3
Iterations with = 1 normal iterations = 0
Iterations with <= 1 normal iterations = 1
**********************************************************
Setup time: 0
Execution time: 0.006666
