sifdecoder -A pc64.lnx.gfo  HS33

 Problem name: HS33

 Double precision version will be formed

 The objective function uses 1 nonlinear group
 
 There are 2 nonlinear inequality constraints
 
 There are 2 variables bounded only from below 
 There is 1 variable bounded from below and above 
 
 
 File successfully decoded
/home/abel/projetos/dcicpp-newrun/output
No tools
**********************************************************
Problem name: HS33    

Number of Variables: 3
Number of Constraints: 2
             Equality: 0
           has_inequality: 2

EXIT: The Algorithm has Converged
f(x) = -4.58578
|c(x)| = 3.84219e-13
|g(x) + J(x)'*y| = 1.55817e-07
y offset = 0
Number of Iterations = 26
Elapsed Time = 0.000645638 s
Normal iterations = 5
Average number of normal iterations = 0.192308
Maximum number of normal iterations during one iteration = 1
Iterations with = 1 normal iterations = 5
Iterations with <= 1 normal iterations = 26
**********************************************************
Setup time: 0
Execution time: 0.003333
