sifdecoder -A pc64.lnx.gfo  HS37

 Problem name: HS37

 Double precision version will be formed

 The objective function uses 1 nonlinear group
 
 There are 2 linear inequality constraints
 
 There are 3 variables bounded from below and above 
 
 
 File successfully decoded
/home/abel/projetos/dcicpp-newrun/output
No tools
**********************************************************
Problem name: HS37    

Number of Variables: 3
Number of Constraints: 2
             Equality: 0
           has_inequality: 2

EXIT: The Algorithm has Converged
f(x) = -3456
|c(x)| = 2.04423e-14
|g(x) + J(x)'*y| = 4.6029e-08
y offset = 4.28327e-16
Number of Iterations = 5
Elapsed Time = 0.000326395 s
Normal iterations = 0
Average number of normal iterations = 0
Maximum number of normal iterations during one iteration = 0
Iterations with = 1 normal iterations = 0
Iterations with <= 1 normal iterations = 5
**********************************************************
Setup time: 0
Execution time: 0.003333
