sifdecoder -A pc64.lnx.gfo  HS44

 Problem name: HS44

 Double precision version will be formed

 The objective function uses 1 nonlinear group
 
 There are 6 linear inequality constraints
 
 There are 4 variables bounded only from below 
 
 
 File successfully decoded
/home/abel/projetos/dcicpp-newrun/output
No tools
**********************************************************
Problem name: HS44    

Number of Variables: 4
Number of Constraints: 6
             Equality: 0
           has_inequality: 6

EXIT: The Algorithm has Converged
f(x) = -15
|c(x)| = 1.06854e-08
|g(x) + J(x)'*y| = 6.58547e-07
y offset = 4.23498e-12
Number of Iterations = 8
Elapsed Time = 0.000343084 s
Normal iterations = 0
Average number of normal iterations = 0
Maximum number of normal iterations during one iteration = 0
Iterations with = 1 normal iterations = 0
Iterations with <= 1 normal iterations = 8
**********************************************************
Setup time: 0
Execution time: 0.003333
