sifdecoder -A pc64.lnx.gfo  HS47

 Problem name: HS47

 Double precision version will be formed

 The objective function uses 1 nonlinear group
 
 There are 3 nonlinear equality constraints
 
 There are 5 free variables
 
 
 File successfully decoded
/home/abel/projetos/dcicpp-newrun/output
No tools
**********************************************************
Problem name: HS47    

Number of Variables: 5
Number of Constraints: 3
             Equality: 3
           has_inequality: 0

EXIT: The Algorithm has Converged
f(x) = 2.72676e-08
|c(x)| = 3.31812e-08
|g(x) + J(x)'*y| = 3.33026e-07
y offset = 0
Number of Iterations = 13
Elapsed Time = 0.00049448 s
Normal iterations = 6
Average number of normal iterations = 0.461538
Maximum number of normal iterations during one iteration = 2
Iterations with = 1 normal iterations = 4
Iterations with <= 1 normal iterations = 12
**********************************************************
Setup time: 0
Execution time: 0.003333
