sifdecoder -A pc64.lnx.gfo  HS54

 Problem name: HS54

 Double precision version will be formed

 The objective function uses 1 nonlinear group
 
 There is 1 linear equality constraint
 
 There are 6 variables bounded from below and above 
 
 
 File successfully decoded
/home/abel/projetos/dcicpp-newrun/output
No tools
**********************************************************
Problem name: HS54    

Number of Variables: 6
Number of Constraints: 1
             Equality: 1
           has_inequality: 0

EXIT: The Algorithm has Converged
f(x) = -5.34101e-88
|c(x)| = 0
|g(x) + J(x)'*y| = 1.11352e-89
y offset = 0
Number of Iterations = 2
Elapsed Time = 0.000190973 s
Normal iterations = 1
Average number of normal iterations = 0.5
Maximum number of normal iterations during one iteration = 1
Iterations with = 1 normal iterations = 1
Iterations with <= 1 normal iterations = 2
**********************************************************
Setup time: 0
Execution time: 0
