sifdecoder -A pc64.lnx.gfo  HS55

 Problem name: HS55

 Double precision version will be formed

 The objective function uses 1 nonlinear group
 
 There are 6 linear equality constraints
 
 There are 4 variables bounded only from below 
 There are 2 variables bounded from below and above 
 
 
 File successfully decoded
/home/abel/projetos/dcicpp-newrun/output
No tools
**********************************************************
Problem name: HS55    

Number of Variables: 6
Number of Constraints: 6
             Equality: 6
           has_inequality: 0

EXIT: The Algorithm has Converged
Cholesky failed
f(x) = 6.66667
|c(x)| = 2.91546e-09
|g(x) + J(x)'*y| = 2.13841e-10
y offset = 0
Number of Iterations = 1
Elapsed Time = 0.00152946 s
Normal iterations = 1
Average number of normal iterations = 1
Maximum number of normal iterations during one iteration = 1
Iterations with = 1 normal iterations = 1
Iterations with <= 1 normal iterations = 1
**********************************************************
Setup time: 0
Execution time: 0.006666
