sifdecoder -A pc64.lnx.gfo  HS56

 Problem name: HS56

 Double precision version will be formed

 The objective function uses 1 nonlinear group
 
 There are 4 nonlinear equality constraints
 
 There are 7 free variables
 
 
 File successfully decoded
/home/abel/projetos/dcicpp-newrun/output
No tools
**********************************************************
Problem name: HS56    

Number of Variables: 7
Number of Constraints: 4
             Equality: 4
           has_inequality: 0

EXIT: The Algorithm has Converged
f(x) = -3.456
|c(x)| = 8.67986e-09
|g(x) + J(x)'*y| = 5.32755e-09
y offset = 0
Number of Iterations = 9
Elapsed Time = 0.000573635 s
Normal iterations = 4
Average number of normal iterations = 0.444444
Maximum number of normal iterations during one iteration = 1
Iterations with = 1 normal iterations = 4
Iterations with <= 1 normal iterations = 9
**********************************************************
Setup time: 0
Execution time: 0.003333
