sifdecoder -A pc64.lnx.gfo  HS59

 Problem name: HS59

 Double precision version will be formed

 The objective function uses 1 nonlinear group
 
 There are 3 nonlinear inequality constraints
 
 There are 2 variables bounded from below and above 
 
 
 File successfully decoded
/home/abel/projetos/dcicpp-newrun/output
No tools
**********************************************************
Problem name: HS59    

Number of Variables: 2
Number of Constraints: 3
             Equality: 0
           has_inequality: 3

EXIT: The Algorithm has Converged
f(x) = 19.8233
|c(x)| = 1.192e-07
|g(x) + J(x)'*y| = 3.34219e-07
y offset = 0.001
Number of Iterations = 4
Elapsed Time = 0.000606775 s
Normal iterations = 3
Average number of normal iterations = 0.75
Maximum number of normal iterations during one iteration = 2
Iterations with = 1 normal iterations = 1
Iterations with <= 1 normal iterations = 3
**********************************************************
Setup time: 0
Execution time: 0.003333
