sifdecoder -A pc64.lnx.gfo  HS6

 Problem name: HS6

 Double precision version will be formed

 The objective function uses 1 nonlinear group
 
 There is 1 nonlinear equality constraint
 
 There are 2 free variables
 
 
 File successfully decoded
/home/abel/projetos/dcicpp-newrun/output
No tools
**********************************************************
Problem name: HS6     

Number of Variables: 2
Number of Constraints: 1
             Equality: 1
           has_inequality: 0

EXIT: The Algorithm has Converged
f(x) = 2.23997e-10
|c(x)| = 1.53118e-10
|g(x) + J(x)'*y| = 8.71036e-07
y offset = 0
Number of Iterations = 6
Elapsed Time = 0.000288963 s
Normal iterations = 6
Average number of normal iterations = 1
Maximum number of normal iterations during one iteration = 1
Iterations with = 1 normal iterations = 6
Iterations with <= 1 normal iterations = 6
**********************************************************
Setup time: 0
Execution time: 0
