sifdecoder -A pc64.lnx.gfo  HS62

 Problem name: HS62

 Double precision version will be formed

 The objective function uses 1 nonlinear group
 
 There is 1 linear equality constraint
 
 There are 3 variables bounded from below and above 
 
 
 File successfully decoded
/home/abel/projetos/dcicpp-newrun/output
No tools
**********************************************************
Problem name: HS62    

Number of Variables: 3
Number of Constraints: 1
             Equality: 1
           has_inequality: 0

EXIT: The Algorithm has Converged
f(x) = -26272.5
|c(x)| = 1.52656e-16
|g(x) + J(x)'*y| = 3.5691e-11
y offset = 0
Number of Iterations = 6
Elapsed Time = 0.000261784 s
Normal iterations = 0
Average number of normal iterations = 0
Maximum number of normal iterations during one iteration = 0
Iterations with = 1 normal iterations = 0
Iterations with <= 1 normal iterations = 6
**********************************************************
Setup time: 0
Execution time: 0.003333
