sifdecoder -A pc64.lnx.gfo  HS63

 Problem name: HS63

 Double precision version will be formed

 The objective function uses 1 nonlinear group
 
 There is 1 linear equality constraint
 There is 1 nonlinear equality constraint
 
 There are 3 variables bounded only from below 
 
 
 File successfully decoded
/home/abel/projetos/dcicpp-newrun/output
No tools
**********************************************************
Problem name: HS63    

Number of Variables: 3
Number of Constraints: 2
             Equality: 2
           has_inequality: 0

EXIT: The Algorithm has Converged
f(x) = 961.715
|c(x)| = 8.59935e-08
|g(x) + J(x)'*y| = 8.76278e-09
y offset = 0
Number of Iterations = 5
Elapsed Time = 0.000290394 s
Normal iterations = 5
Average number of normal iterations = 1
Maximum number of normal iterations during one iteration = 2
Iterations with = 1 normal iterations = 3
Iterations with <= 1 normal iterations = 4
**********************************************************
Setup time: 0
Execution time: 0.003333
