sifdecoder -A pc64.lnx.gfo  HS65

 Problem name: HS65

 Double precision version will be formed

 The objective function uses 3 nonlinear groups
 
 There is 1 nonlinear inequality constraint
 
 There are 3 variables bounded from below and above 
 
 
 File successfully decoded
/home/abel/projetos/dcicpp-newrun/output
No tools
**********************************************************
Problem name: HS65    

Number of Variables: 3
Number of Constraints: 1
             Equality: 0
           has_inequality: 1

EXIT: The Algorithm has Converged
f(x) = 43.6183
|c(x)| = 9.00686e-07
|g(x) + J(x)'*y| = 1.53483e-08
y offset = 0
Number of Iterations = 11
Elapsed Time = 0.00196099 s
Normal iterations = 9
Average number of normal iterations = 0.818182
Maximum number of normal iterations during one iteration = 1
Iterations with = 1 normal iterations = 9
Iterations with <= 1 normal iterations = 11
**********************************************************
Setup time: 0
Execution time: 0.009999
