sifdecoder -A pc64.lnx.gfo  HS78

 Problem name: HS78

 Double precision version will be formed

 The objective function uses 1 nonlinear group
 
 There are 3 nonlinear equality constraints
 
 There are 5 free variables
 
 
 File successfully decoded
/home/abel/projetos/dcicpp-newrun/output
No tools
**********************************************************
Problem name: HS78    

Number of Variables: 5
Number of Constraints: 3
             Equality: 3
           has_inequality: 0

EXIT: The Algorithm has Converged
f(x) = -2.9197
|c(x)| = 6.4309e-12
|g(x) + J(x)'*y| = 3.58075e-07
y offset = 0
Number of Iterations = 3
Elapsed Time = 0.000253201 s
Normal iterations = 4
Average number of normal iterations = 1.33333
Maximum number of normal iterations during one iteration = 2
Iterations with = 1 normal iterations = 2
Iterations with <= 1 normal iterations = 2
**********************************************************
Setup time: 0
Execution time: 0.003333
