sifdecoder -A pc64.lnx.gfo  HS79

 Problem name: HS79

 Double precision version will be formed

 The objective function uses 1 nonlinear group
 
 There are 3 nonlinear equality constraints
 
 There are 5 free variables
 
 
 File successfully decoded
/home/abel/projetos/dcicpp-newrun/output
No tools
**********************************************************
Problem name: HS79    

Number of Variables: 5
Number of Constraints: 3
             Equality: 3
           has_inequality: 0

EXIT: The Algorithm has Converged
f(x) = 0.0787768
|c(x)| = 4.00784e-09
|g(x) + J(x)'*y| = 2.41845e-10
y offset = 0
Number of Iterations = 8
Elapsed Time = 0.000337839 s
Normal iterations = 4
Average number of normal iterations = 0.5
Maximum number of normal iterations during one iteration = 1
Iterations with = 1 normal iterations = 4
Iterations with <= 1 normal iterations = 8
**********************************************************
Setup time: 0
Execution time: 0.003333
