sifdecoder -A pc64.lnx.gfo  HS83

 Problem name: HS83

 Double precision version will be formed

 The objective function uses 1 nonlinear group
 
 There are 3 nonlinear inequality constraints
 
 There are 5 variables bounded from below and above 
 
 
 File successfully decoded
/home/abel/projetos/dcicpp-newrun/output
No tools
**********************************************************
Problem name: HS83    

Number of Variables: 5
Number of Constraints: 3
             Equality: 0
           has_inequality: 3

EXIT: The Algorithm has Converged
f(x) = -30665.5
|c(x)| = 9.69975e-07
|g(x) + J(x)'*y| = 2.09702e-07
y offset = 1.20934
Number of Iterations = 6
Elapsed Time = 0.00188041 s
Normal iterations = 5
Average number of normal iterations = 0.833333
Maximum number of normal iterations during one iteration = 1
Iterations with = 1 normal iterations = 5
Iterations with <= 1 normal iterations = 6
**********************************************************
Setup time: 0
Execution time: 0.013332
