sifdecoder -A pc64.lnx.gfo  HS85

 Problem name: HS85

 Double precision version will be formed

 The objective function uses 1 nonlinear group
 
 There is 1 linear inequality constraint
 There are 20 nonlinear inequality constraints
 
 There are 5 variables bounded from below and above 
 
 
 File successfully decoded
/home/abel/projetos/dcicpp-newrun/output
No tools
**********************************************************
Problem name: HS85    

Number of Variables: 5
Number of Constraints: 21
             Equality: 0
           has_inequality: 21

EXIT: The Algorithm has Converged
f(x) = -2.21559
|c(x)| = 7.21338e-07
|g(x) + J(x)'*y| = 9.11574e-07
y offset = 0.0262493
Number of Iterations = 12
Elapsed Time = 0.00969362 s
Normal iterations = 5
Average number of normal iterations = 0.416667
Maximum number of normal iterations during one iteration = 1
Iterations with = 1 normal iterations = 5
Iterations with <= 1 normal iterations = 12
**********************************************************
Setup time: 0
Execution time: 0.039999
