sifdecoder -A pc64.lnx.gfo  HS93

 Problem name: HS93

 Double precision version will be formed

 The objective function uses 1 nonlinear group
 
 There are 2 nonlinear inequality constraints
 
 There are 6 variables bounded only from below 
 
 
 File successfully decoded
/home/abel/projetos/dcicpp-newrun/output
No tools
**********************************************************
Problem name: HS93    

Number of Variables: 6
Number of Constraints: 2
             Equality: 0
           has_inequality: 2

EXIT: The Algorithm has Converged
f(x) = 135.076
|c(x)| = 2.17108e-07
|g(x) + J(x)'*y| = 3.60032e-08
y offset = 0
Number of Iterations = 15
Elapsed Time = 0.0012064 s
Normal iterations = 6
Average number of normal iterations = 0.4
Maximum number of normal iterations during one iteration = 1
Iterations with = 1 normal iterations = 6
Iterations with <= 1 normal iterations = 15
**********************************************************
Setup time: 0
Execution time: 0.006666
