sifdecoder -A pc64.lnx.gfo  HS98

 Problem name: HS98

 Double precision version will be formed

 The objective function uses 1 linear group
 
 There are 4 nonlinear inequality constraints
 
 There are 6 variables bounded from below and above 
 
 
 File successfully decoded
/home/abel/projetos/dcicpp-newrun/output
No tools
**********************************************************
Problem name: HS98    

Number of Variables: 6
Number of Constraints: 4
             Equality: 0
           has_inequality: 4

EXIT: The Algorithm has Converged
f(x) = 4.07128
|c(x)| = 8.44884e-07
|g(x) + J(x)'*y| = 2.74191e-07
y offset = 5.06728e-10
Number of Iterations = 7
Elapsed Time = 0.00191689 s
Normal iterations = 6
Average number of normal iterations = 0.857143
Maximum number of normal iterations during one iteration = 2
Iterations with = 1 normal iterations = 4
Iterations with <= 1 normal iterations = 6
**********************************************************
Setup time: 0
Execution time: 0.009999
