sifdecoder -A pc64.lnx.gfo  JANNSON4

 Problem name: JANNSON4

 Double precision version will be formed

 The objective function uses 10002 nonlinear groups
 
 There are 2 nonlinear inequality constraints
 
 There are 10000 variables bounded from below and above 
 
 
 File successfully decoded
/home/abel/projetos/dcicpp-newrun/output
No tools
**********************************************************
Problem name: JANNSON4

Number of Variables: 10000
Number of Constraints: 2
             Equality: 0
           has_inequality: 2

EXIT: The Algorithm has Converged
f(x) = 9801.97
|c(x)| = 9.77849e-07
|g(x) + J(x)'*y| = 3.98468e-08
y offset = 0
Number of Iterations = 13
Elapsed Time = 0.64526 s
Normal iterations = 9
Average number of normal iterations = 0.692308
Maximum number of normal iterations during one iteration = 2
Iterations with = 1 normal iterations = 7
Iterations with <= 1 normal iterations = 12
**********************************************************
Setup time: 0.153333
Execution time: 0.77
