sifdecoder -A pc64.lnx.gfo  KOWOSB

 Problem name: KOWOSB

 Double precision version will be formed

 The objective function uses 11 nonlinear groups
 
 There are 4 free variables
 
 
 File successfully decoded
/home/abel/projetos/dcicpp-newrun/output
No tools
**********************************************************
Problem name: KOWOSB  

Number of Variables: 4
Number of Constraints: 0
             Equality: 0
           has_inequality: 0

EXIT: The Algorithm has Converged
f(x) = 0.000307801
|c(x)| = 0
|g(x) + J(x)'*y| = 1.83001e-08
y offset = 0
Number of Iterations = 10
Elapsed Time = 0.000299454 s
Normal iterations = 0
Average number of normal iterations = 0
Maximum number of normal iterations during one iteration = 0
Iterations with = 1 normal iterations = 0
Iterations with <= 1 normal iterations = 10
**********************************************************
Setup time: 0
Execution time: 0.003333
