sifdecoder -A pc64.lnx.gfo  LEWISPOL

 Problem name: LEWISPOL

 Double precision version will be formed

 The objective function uses 1 nonlinear group
 
 There are 3 linear equality constraints
 There are 6 nonlinear equality constraints
 
 There are 6 variables bounded from below and above 
 
 
 File successfully decoded
/home/abel/projetos/dcicpp-newrun/output
No tools
NormalFlag = 2
**********************************************************
Problem name: LEWISPOL

Number of Variables: 6
Number of Constraints: 9
             Equality: 9
           has_inequality: 0

EXIT: Stopped at a stationary for the infeasibility
Cholesky failed
f(x) = 2.92611
|c(x)| = 3.05988e-05
|g(x) + J(x)'*y| = 1.06484e-06
y offset = 0
Number of Iterations = 1
Elapsed Time = 0.00135136 s
Normal iterations = 1
Average number of normal iterations = 1
Maximum number of normal iterations during one iteration = 1
Iterations with = 1 normal iterations = 1
Iterations with <= 1 normal iterations = 1
**********************************************************
Setup time: 0
Execution time: 0.006666
