sifdecoder -A pc64.lnx.gfo  LISWET12

 Problem name: LISWET12

 Double precision version will be formed

 The objective function uses 1 nonlinear group
 
 There are 2000 linear inequality constraints
 
 There are 2002 free variables
 
 
 File successfully decoded
/home/abel/projetos/dcicpp-newrun/output
No tools
**********************************************************
Problem name: LISWET12

Number of Variables: 2002
Number of Constraints: 2000
             Equality: 0
           has_inequality: 2000

EXIT: The Algorithm has Converged
f(x) = 347.028
|c(x)| = 9.94609e-07
|g(x) + J(x)'*y| = 1.00237e-07
y offset = 0.000265567
Number of Iterations = 53
Elapsed Time = 0.587396 s
Normal iterations = 10
Average number of normal iterations = 0.188679
Maximum number of normal iterations during one iteration = 1
Iterations with = 1 normal iterations = 10
Iterations with <= 1 normal iterations = 53
**********************************************************
Setup time: 0.039999
Execution time: 0.81
