sifdecoder -A pc64.lnx.gfo  LISWET10

 Problem name: LISWET10

 Double precision version will be formed

 The objective function uses 1 nonlinear group
 
 There are 2000 linear inequality constraints
 
 There are 2002 free variables
 
 
 File successfully decoded
/home/abel/projetos/dcicpp-newrun/output
No tools
**********************************************************
Problem name: LISWET10

Number of Variables: 2002
Number of Constraints: 2000
             Equality: 0
           has_inequality: 2000

EXIT: The Algorithm has Converged
f(x) = 9.89656
|c(x)| = 9.75455e-07
|g(x) + J(x)'*y| = 4.88848e-07
y offset = 0.240998
Number of Iterations = 16
Elapsed Time = 0.111652 s
Normal iterations = 7
Average number of normal iterations = 0.4375
Maximum number of normal iterations during one iteration = 1
Iterations with = 1 normal iterations = 7
Iterations with <= 1 normal iterations = 16
**********************************************************
Setup time: 0.039999
Execution time: 0.336667
