sifdecoder -A pc64.lnx.gfo  LISWET3

 Problem name: LISWET3

 Double precision version will be formed

 The objective function uses 1 nonlinear group
 
 There are 2000 linear inequality constraints
 
 There are 2002 free variables
 
 
 File successfully decoded
/home/abel/projetos/dcicpp-newrun/output
No tools
**********************************************************
Problem name: LISWET3 

Number of Variables: 2002
Number of Constraints: 2000
             Equality: 0
           has_inequality: 2000

EXIT: The Algorithm has Converged
f(x) = 4.99796
|c(x)| = 5.34649e-08
|g(x) + J(x)'*y| = 2.28868e-07
y offset = 0.892054
Number of Iterations = 12
Elapsed Time = 0.128014 s
Normal iterations = 4
Average number of normal iterations = 0.333333
Maximum number of normal iterations during one iteration = 1
Iterations with = 1 normal iterations = 4
Iterations with <= 1 normal iterations = 12
**********************************************************
Setup time: 0.04
Execution time: 0.353333
