sifdecoder -A pc64.lnx.gfo  LISWET5

 Problem name: LISWET5

 Double precision version will be formed

 The objective function uses 1 nonlinear group
 
 There are 2000 linear inequality constraints
 
 There are 2002 free variables
 
 
 File successfully decoded
/home/abel/projetos/dcicpp-newrun/output
No tools
**********************************************************
Problem name: LISWET5 

Number of Variables: 2002
Number of Constraints: 2000
             Equality: 0
           has_inequality: 2000

EXIT: The Algorithm has Converged
f(x) = 4.99932
|c(x)| = 5.93543e-08
|g(x) + J(x)'*y| = 2.60805e-07
y offset = 0.944811
Number of Iterations = 8
Elapsed Time = 0.0529191 s
Normal iterations = 2
Average number of normal iterations = 0.25
Maximum number of normal iterations during one iteration = 1
Iterations with = 1 normal iterations = 2
Iterations with <= 1 normal iterations = 8
**********************************************************
Setup time: 0.039999
Execution time: 0.216667
