sifdecoder -A pc64.lnx.gfo  LISWET8

 Problem name: LISWET8

 Double precision version will be formed

 The objective function uses 1 nonlinear group
 
 There are 2000 linear inequality constraints
 
 There are 2002 free variables
 
 
 File successfully decoded
/home/abel/projetos/dcicpp-newrun/output
No tools
**********************************************************
Problem name: LISWET8 

Number of Variables: 2002
Number of Constraints: 2000
             Equality: 0
           has_inequality: 2000

EXIT: The Algorithm has Converged
f(x) = 143.149
|c(x)| = 9.93554e-07
|g(x) + J(x)'*y| = 1.17706e-07
y offset = 0.00973002
Number of Iterations = 52
Elapsed Time = 0.520662 s
Normal iterations = 14
Average number of normal iterations = 0.269231
Maximum number of normal iterations during one iteration = 1
Iterations with = 1 normal iterations = 14
Iterations with <= 1 normal iterations = 52
**********************************************************
Setup time: 0.046666
Execution time: 0.74
