sifdecoder -A pc64.lnx.gfo  LUKVLI3

 Problem name: LUKVLI3

 Double precision version will be formed

 The objective function uses 19996 nonlinear groups
 
 There are 2 nonlinear inequality constraints
 
 There are 10000 free variables
 
 
 File successfully decoded
/home/abel/projetos/dcicpp-newrun/output
No tools
**********************************************************
Problem name: LUKVLI3 

Number of Variables: 10000
Number of Constraints: 2
             Equality: 0
           has_inequality: 2

EXIT: The Algorithm has Converged
f(x) = 11.5856
|c(x)| = 6.00029e-08
|g(x) + J(x)'*y| = 1.90266e-07
y offset = 1.45982e-10
Number of Iterations = 9
Elapsed Time = 0.149748 s
Normal iterations = 4
Average number of normal iterations = 0.444444
Maximum number of normal iterations during one iteration = 1
Iterations with = 1 normal iterations = 4
Iterations with <= 1 normal iterations = 9
**********************************************************
Setup time: 0.25
Execution time: 0.193333
