sifdecoder -A pc64.lnx.gfo  MINSURF

 Problem name: MINSURF

 Double precision version will be formed

 The objective function uses 49 nonlinear groups
 
 There are 36 free variables
 There are 28 fixed variables
 
 
 File successfully decoded
/home/abel/projetos/dcicpp-newrun/output
No tools
**********************************************************
Problem name: MINSURF 

Number of Variables: 36
Number of Constraints: 0
             Equality: 0
           has_inequality: 0

EXIT: The Algorithm has Converged
f(x) = 1
|c(x)| = 0
|g(x) + J(x)'*y| = 1.24666e-07
y offset = 0
Number of Iterations = 11
Elapsed Time = 0.00144553 s
Normal iterations = 0
Average number of normal iterations = 0
Maximum number of normal iterations during one iteration = 0
Iterations with = 1 normal iterations = 0
Iterations with <= 1 normal iterations = 11
**********************************************************
Setup time: 0.003333
Execution time: 0.003333
