sifdecoder -A pc64.lnx.gfo  MODEL

 Problem name: MODEL

 Double precision version will be formed

 The objective function uses 1 linear group
 
 There are 23 linear equality constraints
 There are 15 linear inequality constraints
 
 There are 42 variables bounded from below and above 
 There are 1500 fixed variables
 
 
 File successfully decoded
/home/abel/projetos/dcicpp-newrun/output
No tools
**********************************************************
Problem name: MODEL   

Number of Variables: 34
Number of Constraints: 24
             Equality: 15
           has_inequality: 9

EXIT: The Algorithm has Converged
f(x) = 0
|c(x)| = 7.10399e-10
|g(x) + J(x)'*y| = 1.99996e-14
y offset = 5.03248e-20
Number of Iterations = 3
Elapsed Time = 0.00332999 s
Normal iterations = 2
Average number of normal iterations = 0.666667
Maximum number of normal iterations during one iteration = 1
Iterations with = 1 normal iterations = 2
Iterations with <= 1 normal iterations = 3
**********************************************************
Setup time: 0.006666
Execution time: 0.016666
