sifdecoder -A pc64.lnx.gfo  MPC1

 Problem name: MPC1

 Double precision version will be formed

 The objective function uses 2 linear groups
 
 There are 1785 linear equality constraints
 There are 2048 linear inequality constraints
 
 There are 1540 free variables
 There are 895 variables bounded from below and above 
 There are 115 fixed variables
 
 
 File successfully decoded
/home/abel/projetos/dcicpp-newrun/output
No tools
**********************************************************
Problem name: MPC1    

Number of Variables: 3
Number of Constraints: 0
             Equality: 0
           has_inequality: 0

EXIT: rhomax became too short
f(x) = 1e+20
|c(x)| = 0
|g(x) + J(x)'*y| = 1.70086e-06
y offset = 0
Number of Iterations = 15
Elapsed Time = 0.164546 s
Normal iterations = 0
Average number of normal iterations = 0
Maximum number of normal iterations during one iteration = 0
Iterations with = 1 normal iterations = 0
Iterations with <= 1 normal iterations = 15
**********************************************************
Setup time: 0.086666
Execution time: 0.386667
