sifdecoder -A pc64.lnx.gfo  MSS1

 Problem name: MSS1

 Double precision version will be formed

 The objective function uses 2 nonlinear groups
 
 There are 73 nonlinear equality constraints
 
 There are 90 free variables
 
 
 File successfully decoded
/home/abel/projetos/dcicpp-newrun/output
No tools
**********************************************************
Problem name: MSS1    

Number of Variables: 90
Number of Constraints: 73
             Equality: 73
           has_inequality: 0

EXIT: The Algorithm has Converged
Cholesky failed
f(x) = -16
|c(x)| = 5.22404e-07
|g(x) + J(x)'*y| = 5.94294e-07
y offset = 0
Number of Iterations = 26
Elapsed Time = 0.0124309 s
Normal iterations = 10
Average number of normal iterations = 0.384615
Maximum number of normal iterations during one iteration = 2
Iterations with = 1 normal iterations = 8
Iterations with <= 1 normal iterations = 25
**********************************************************
Setup time: 0.003333
Execution time: 0.043332
