sifdecoder -A pc64.lnx.gfo  MSS2

 Problem name: MSS2

 Double precision version will be formed

 The objective function uses 2 nonlinear groups
 
 There are 703 nonlinear equality constraints
 
 There are 756 free variables
 
 
 File successfully decoded
/home/abel/projetos/dcicpp-newrun/output
No tools
NormalFlag = 2
**********************************************************
Problem name: MSS2    

Number of Variables: 756
Number of Constraints: 703
             Equality: 703
           has_inequality: 0

EXIT: Stopped at a stationary for the infeasibility
Cholesky failed
f(x) = -0.862429
|c(x)| = 0.00132288
|g(x) + J(x)'*y| = 1.74157e-11
y offset = 0
Number of Iterations = 1
Elapsed Time = 0.0349793 s
Normal iterations = 2
Average number of normal iterations = 2
Maximum number of normal iterations during one iteration = 2
Iterations with = 1 normal iterations = 0
Iterations with <= 1 normal iterations = 0
**********************************************************
Setup time: 0.016665
Execution time: 0.123334
