sifdecoder -A pc64.lnx.gfo  OBSTCLAL

 Problem name: OBSTCLAL

 Double precision version will be formed

 The objective function uses 9604 nonlinear groups
 
 There are 9604 variables bounded from below and above 
 There are 396 fixed variables
 
 
 File successfully decoded
/home/abel/projetos/dcicpp-newrun/output
No tools
**********************************************************
Problem name: OBSTCLAL

Number of Variables: 9604
Number of Constraints: 0
             Equality: 0
           has_inequality: 0

EXIT: The Algorithm has Converged
f(x) = 2.3579
|c(x)| = 0
|g(x) + J(x)'*y| = 3.7014e-07
y offset = 0
Number of Iterations = 2
Elapsed Time = 0.592098 s
Normal iterations = 0
Average number of normal iterations = 0
Maximum number of normal iterations during one iteration = 0
Iterations with = 1 normal iterations = 0
Iterations with <= 1 normal iterations = 2
**********************************************************
Setup time: 0.296668
Execution time: 0.593333
