sifdecoder -A pc64.lnx.gfo  OPTCNTRL

 Problem name: OPTCNTRL

 Double precision version will be formed

 The objective function uses 1 nonlinear group
 
 There are 10 linear equality constraints
 There are 10 nonlinear equality constraints
 
 There are 9 free variables
 There are 10 variables bounded only from below 
 There are 10 variables bounded from below and above 
 There are 3 fixed variables
 
 
 File successfully decoded
/home/abel/projetos/dcicpp-newrun/output
No tools
**********************************************************
Problem name: OPTCNTRL

Number of Variables: 28
Number of Constraints: 19
             Equality: 19
           has_inequality: 0

EXIT: The Algorithm has Converged
f(x) = 550
|c(x)| = 4.46271e-07
|g(x) + J(x)'*y| = 1.15955e-07
y offset = 0
Number of Iterations = 1
Elapsed Time = 0.0110934 s
Normal iterations = 2
Average number of normal iterations = 2
Maximum number of normal iterations during one iteration = 2
Iterations with = 1 normal iterations = 0
Iterations with <= 1 normal iterations = 0
**********************************************************
Setup time: 0
Execution time: 0.046665
