sifdecoder -A pc64.lnx.gfo  PALMER4A

 Problem name: PALMER4A

 Double precision version will be formed

 The objective function uses 23 nonlinear groups
 
 There are 4 free variables
 There are 2 variables bounded only from below 
 
 
 File successfully decoded
/home/abel/projetos/dcicpp-newrun/output
No tools
**********************************************************
Problem name: PALMER4A

Number of Variables: 6
Number of Constraints: 0
             Equality: 0
           has_inequality: 0

EXIT: The Algorithm has Converged
f(x) = 0.0447672
|c(x)| = 0
|g(x) + J(x)'*y| = 9.94767e-07
y offset = 0
Number of Iterations = 46
Elapsed Time = 0.00137663 s
Normal iterations = 0
Average number of normal iterations = 0
Maximum number of normal iterations during one iteration = 0
Iterations with = 1 normal iterations = 0
Iterations with <= 1 normal iterations = 46
**********************************************************
Setup time: 0
Execution time: 0.006666
