sifdecoder -A pc64.lnx.gfo  PALMER1E

 Problem name: PALMER1E

 Double precision version will be formed

 The objective function uses 35 nonlinear groups
 
 There are 7 free variables
 There is 1 variable bounded only from below 
 
 
 File successfully decoded
/home/abel/projetos/dcicpp-newrun/output
No tools
**********************************************************
Problem name: PALMER1E

Number of Variables: 8
Number of Constraints: 0
             Equality: 0
           has_inequality: 0

EXIT: The Algorithm has Converged
f(x) = 3.11034
|c(x)| = 0
|g(x) + J(x)'*y| = 1.05438e-10
y offset = 0
Number of Iterations = 5
Elapsed Time = 0.00032258 s
Normal iterations = 0
Average number of normal iterations = 0
Maximum number of normal iterations during one iteration = 0
Iterations with = 1 normal iterations = 0
Iterations with <= 1 normal iterations = 5
**********************************************************
Setup time: 0.003333
Execution time: -5.66244e-13
