sifdecoder -A pc64.lnx.gfo  PALMER4C

 Problem name: PALMER4C

 Double precision version will be formed

 The objective function uses 23 nonlinear groups
 
 There are 8 free variables
 
 
 File successfully decoded
/home/abel/projetos/dcicpp-newrun/output
No tools
**********************************************************
Problem name: PALMER4C

Number of Variables: 8
Number of Constraints: 0
             Equality: 0
           has_inequality: 0

EXIT: The Algorithm has Converged
f(x) = 0.927259
|c(x)| = 0
|g(x) + J(x)'*y| = 5.52681e-08
y offset = 0
Number of Iterations = 5
Elapsed Time = 0.000317097 s
Normal iterations = 0
Average number of normal iterations = 0
Maximum number of normal iterations during one iteration = 0
Iterations with = 1 normal iterations = 0
Iterations with <= 1 normal iterations = 5
**********************************************************
Setup time: 0
Execution time: 0.003333
