sifdecoder -A pc64.lnx.gfo  PENTAGON

 Problem name: PENTAGON

 Double precision version will be formed

 The objective function uses 1 nonlinear group
 
 There are 15 linear inequality constraints
 
 There are 6 free variables
 
 
 File successfully decoded
/home/abel/projetos/dcicpp-newrun/output
No tools
**********************************************************
Problem name: PENTAGON

Number of Variables: 6
Number of Constraints: 12
             Equality: 0
           has_inequality: 12

EXIT: The Algorithm has Converged
f(x) = 0.000142654
|c(x)| = 9.12445e-07
|g(x) + J(x)'*y| = 6.52598e-07
y offset = 4.6756e-07
Number of Iterations = 11
Elapsed Time = 0.00219703 s
Normal iterations = 6
Average number of normal iterations = 0.545455
Maximum number of normal iterations during one iteration = 1
Iterations with = 1 normal iterations = 6
Iterations with <= 1 normal iterations = 11
**********************************************************
Setup time: 0
Execution time: 0.009999
