sifdecoder -A pc64.lnx.gfo  POLAK3

 Problem name: POLAK3

 Double precision version will be formed

 The objective function uses 1 linear group
 
 There are 10 nonlinear inequality constraints
 
 There are 12 free variables
 
 
 File successfully decoded
/home/abel/projetos/dcicpp-newrun/output
No tools
**********************************************************
Problem name: POLAK3  

Number of Variables: 12
Number of Constraints: 10
             Equality: 0
           has_inequality: 10

EXIT: The Algorithm has Converged
f(x) = 5.933
|c(x)| = 1.5625e-08
|g(x) + J(x)'*y| = 6.1925e-08
y offset = 6.04564e-07
Number of Iterations = 10
Elapsed Time = 0.02619 s
Normal iterations = 8
Average number of normal iterations = 0.8
Maximum number of normal iterations during one iteration = 1
Iterations with = 1 normal iterations = 8
Iterations with <= 1 normal iterations = 10
**********************************************************
Setup time: 0.003333
Execution time: 0.103333
