sifdecoder -A pc64.lnx.gfo  PORTFL1

 Problem name: PORTFL1

 Double precision version will be formed

 The objective function uses 62 nonlinear groups
 
 There is 1 linear equality constraint
 
 There are 12 variables bounded from below and above 
 
 
 File successfully decoded
/home/abel/projetos/dcicpp-newrun/output
No tools
**********************************************************
Problem name: PORTFL1 

Number of Variables: 12
Number of Constraints: 1
             Equality: 1
           has_inequality: 0

EXIT: The Algorithm has Converged
f(x) = 0.0204931
|c(x)| = 3.99883e-10
|g(x) + J(x)'*y| = 7.37892e-07
y offset = 0
Number of Iterations = 5
Elapsed Time = 0.000387192 s
Normal iterations = 0
Average number of normal iterations = 0
Maximum number of normal iterations during one iteration = 0
Iterations with = 1 normal iterations = 0
Iterations with <= 1 normal iterations = 5
**********************************************************
Setup time: 0.003333
Execution time: -5.66244e-13
