sifdecoder -A pc64.lnx.gfo  PORTFL3

 Problem name: PORTFL3

 Double precision version will be formed

 The objective function uses 62 nonlinear groups
 
 There is 1 linear equality constraint
 
 There are 12 variables bounded from below and above 
 
 
 File successfully decoded
/home/abel/projetos/dcicpp-newrun/output
No tools
**********************************************************
Problem name: PORTFL3 

Number of Variables: 12
Number of Constraints: 1
             Equality: 1
           has_inequality: 0

EXIT: The Algorithm has Converged
f(x) = 0.0327506
|c(x)| = 3.99952e-10
|g(x) + J(x)'*y| = 3.02227e-07
y offset = 0
Number of Iterations = 6
Elapsed Time = 0.000425816 s
Normal iterations = 0
Average number of normal iterations = 0
Maximum number of normal iterations during one iteration = 0
Iterations with = 1 normal iterations = 0
Iterations with <= 1 normal iterations = 6
**********************************************************
Setup time: 0
Execution time: 0.003333
