sifdecoder -A pc64.lnx.gfo  PRIMALC5

 Problem name: PRIMALC5

 Double precision version will be formed

 The objective function uses 1 nonlinear group
 
 There are 8 linear inequality constraints
 
 There are 9 free variables
 There are 278 variables bounded only from below 
 
 
 File successfully decoded
/home/abel/projetos/dcicpp-newrun/output
No tools
**********************************************************
Problem name: PRIMALC5

Number of Variables: 287
Number of Constraints: 8
             Equality: 0
           has_inequality: 8

EXIT: The Algorithm has Converged
f(x) = -427.231
|c(x)| = 2.62433e-11
|g(x) + J(x)'*y| = 8.94339e-08
y offset = 1.68292e-09
Number of Iterations = 18
Elapsed Time = 0.020874 s
Normal iterations = 1
Average number of normal iterations = 0.0555556
Maximum number of normal iterations during one iteration = 1
Iterations with = 1 normal iterations = 1
Iterations with <= 1 normal iterations = 18
**********************************************************
Setup time: 0.006666
Execution time: 0.083333
