sifdecoder -A pc64.lnx.gfo  PRIMAL2

 Problem name: PRIMAL2

 Double precision version will be formed

 The objective function uses 1 nonlinear group
 
 There are 96 linear inequality constraints
 
 There are 648 free variables
 There is 1 variable bounded only from below 
 
 
 File successfully decoded
/home/abel/projetos/dcicpp-newrun/output
No tools
**********************************************************
Problem name: PRIMAL2 

Number of Variables: 649
Number of Constraints: 96
             Equality: 0
           has_inequality: 96

EXIT: The Algorithm has Converged
f(x) = -0.0335033
|c(x)| = 3.97547e-11
|g(x) + J(x)'*y| = 2.0829e-07
y offset = 1.86274e-06
Number of Iterations = 7
Elapsed Time = 0.0221715 s
Normal iterations = 1
Average number of normal iterations = 0.142857
Maximum number of normal iterations during one iteration = 1
Iterations with = 1 normal iterations = 1
Iterations with <= 1 normal iterations = 7
**********************************************************
Setup time: 0.019999
Execution time: 0.09
