sifdecoder -A pc64.lnx.gfo  PRIMALC8

 Problem name: PRIMALC8

 Double precision version will be formed

 The objective function uses 1 nonlinear group
 
 There are 8 linear inequality constraints
 
 There are 17 free variables
 There are 503 variables bounded only from below 
 
 
 File successfully decoded
/home/abel/projetos/dcicpp-newrun/output
No tools
**********************************************************
Problem name: PRIMALC8

Number of Variables: 520
Number of Constraints: 8
             Equality: 0
           has_inequality: 8

EXIT: The Algorithm has Converged
Cholesky failed
f(x) = -17175.5
|c(x)| = 2.27859e-07
|g(x) + J(x)'*y| = 5.76048e-07
y offset = 1.41841e-09
Number of Iterations = 50
Elapsed Time = 0.120726 s
Normal iterations = 12
Average number of normal iterations = 0.24
Maximum number of normal iterations during one iteration = 1
Iterations with = 1 normal iterations = 12
Iterations with <= 1 normal iterations = 50
**********************************************************
Setup time: 0.009999
Execution time: 0.369999
