sifdecoder -A pc64.lnx.gfo  PROBPENL

 Problem name: PROBPENL

 Double precision version will be formed

 The objective function uses 500 nonlinear groups
 
 There are 500 variables bounded from below and above 
 
 
 File successfully decoded
/home/abel/projetos/dcicpp-newrun/output
No tools
**********************************************************
Problem name: PROBPENL

Number of Variables: 500
Number of Constraints: 0
             Equality: 0
           has_inequality: 0

EXIT: The Algorithm has Converged
f(x) = 3.99198e-07
|c(x)| = 0
|g(x) + J(x)'*y| = 4.09097e-11
y offset = 0
Number of Iterations = 2
Elapsed Time = 0.000771761 s
Normal iterations = 0
Average number of normal iterations = 0
Maximum number of normal iterations during one iteration = 0
Iterations with = 1 normal iterations = 0
Iterations with <= 1 normal iterations = 2
**********************************************************
Setup time: 0.006666
Execution time: 0.003334
