sifdecoder -A pc64.lnx.gfo  QC

 Problem name: QC

 Double precision version will be formed

 The objective function uses 17 nonlinear groups
 
 There are 4 linear inequality constraints
 
 There are 7 variables bounded from below and above 
 There are 2 fixed variables
 
 
 File successfully decoded
/home/abel/projetos/dcicpp-newrun/output
No tools
**********************************************************
Problem name: QC      

Number of Variables: 7
Number of Constraints: 3
             Equality: 0
           has_inequality: 3

EXIT: The Algorithm has Converged
f(x) = -956.538
|c(x)| = 1.57009e-16
|g(x) + J(x)'*y| = 2.75578e-08
y offset = 0
Number of Iterations = 8
Elapsed Time = 0.000402689 s
Normal iterations = 1
Average number of normal iterations = 0.125
Maximum number of normal iterations during one iteration = 1
Iterations with = 1 normal iterations = 1
Iterations with <= 1 normal iterations = 8
**********************************************************
Setup time: 0
Execution time: 0.003333
