sifdecoder -A pc64.lnx.gfo  QUARTC

 Problem name: QUARTC

 Double precision version will be formed

 The objective function uses 5000 linear groups
 
 There are 5000 free variables
 
 
 File successfully decoded
/home/abel/projetos/dcicpp-newrun/output
No tools
**********************************************************
Problem name: QUARTC  

Number of Variables: 5000
Number of Constraints: 0
             Equality: 0
           has_inequality: 0

EXIT: The Algorithm has Converged
f(x) = 1.55456
|c(x)| = 0
|g(x) + J(x)'*y| = 8.30609e-07
y offset = 0
Number of Iterations = 26
Elapsed Time = 0.188341 s
Normal iterations = 0
Average number of normal iterations = 0
Maximum number of normal iterations during one iteration = 0
Iterations with = 1 normal iterations = 0
Iterations with <= 1 normal iterations = 26
**********************************************************
Setup time: 0.063333
Execution time: 0.393334
