sifdecoder -A pc64.lnx.gfo  RK23

 Problem name: RK23

 Double precision version will be formed

 The objective function uses 1 linear group
 
 There are 4 linear equality constraints
 There are 7 nonlinear equality constraints
 
 There are 11 free variables
 There are 6 variables bounded only from below 
 
 
 File successfully decoded
/home/abel/projetos/dcicpp-newrun/output
No tools
**********************************************************
Problem name: RK23    

Number of Variables: 17
Number of Constraints: 11
             Equality: 11
           has_inequality: 0

EXIT: The Algorithm has Converged
f(x) = 0.0833333
|c(x)| = 9.88444e-07
|g(x) + J(x)'*y| = 5.19308e-08
y offset = 0
Number of Iterations = 13
Elapsed Time = 0.00887322 s
Normal iterations = 8
Average number of normal iterations = 0.615385
Maximum number of normal iterations during one iteration = 1
Iterations with = 1 normal iterations = 8
Iterations with <= 1 normal iterations = 13
**********************************************************
Setup time: 0
Execution time: 0.036665
