sifdecoder -A pc64.lnx.gfo  S277-280

 Problem name: S277-280

 Double precision version will be formed

 The objective function uses 1 linear group
 
 There are 4 linear inequality constraints
 
 There are 4 variables bounded only from below 
 
 
 File successfully decoded
/home/abel/projetos/dcicpp-newrun/output
No tools
**********************************************************
Problem name: S277-280

Number of Variables: 4
Number of Constraints: 4
             Equality: 0
           has_inequality: 4

EXIT: The Algorithm has Converged
f(x) = 5.07619
|c(x)| = 9.74167e-07
|g(x) + J(x)'*y| = 2.25373e-07
y offset = 0
Number of Iterations = 11
Elapsed Time = 0.00367785 s
Normal iterations = 11
Average number of normal iterations = 1
Maximum number of normal iterations during one iteration = 2
Iterations with = 1 normal iterations = 5
Iterations with <= 1 normal iterations = 8
**********************************************************
Setup time: 0
Execution time: 0.016666
