sifdecoder -A pc64.lnx.gfo  S308

 Problem name: S308

 Double precision version will be formed

 The objective function uses 3 nonlinear groups
 
 There are 2 free variables
 
 
 File successfully decoded
/home/abel/projetos/dcicpp-newrun/output
No tools
**********************************************************
Problem name: S308    

Number of Variables: 2
Number of Constraints: 0
             Equality: 0
           has_inequality: 0

EXIT: The Algorithm has Converged
f(x) = 0.773199
|c(x)| = 0
|g(x) + J(x)'*y| = 2.03278e-07
y offset = 0
Number of Iterations = 9
Elapsed Time = 0.00019002 s
Normal iterations = 0
Average number of normal iterations = 0
Maximum number of normal iterations during one iteration = 0
Iterations with = 1 normal iterations = 0
Iterations with <= 1 normal iterations = 9
**********************************************************
Setup time: 0
Execution time: 0
