sifdecoder -A pc64.lnx.gfo  SEMICON2

 Problem name: SEMICON2

 Double precision version will be formed

 
 There are 5000 nonlinear equality constraints
 
 There are 5000 variables bounded from below and above 
 There are 2 fixed variables
 
 
 File successfully decoded
/home/abel/projetos/dcicpp-newrun/output
No tools
**********************************************************
Problem name: SEMICON2

Number of Variables: 5000
Number of Constraints: 5000
             Equality: 5000
           has_inequality: 0

EXIT: The Algorithm has Converged
f(x) = 0
|c(x)| = 2.89257e-07
|g(x) + J(x)'*y| = 0
y offset = 0
Number of Iterations = 1
Elapsed Time = 0.190726 s
Normal iterations = 2
Average number of normal iterations = 2
Maximum number of normal iterations during one iteration = 2
Iterations with = 1 normal iterations = 0
Iterations with <= 1 normal iterations = 0
**********************************************************
Setup time: 0.123333
Execution time: 0.32
