sifdecoder -A pc64.lnx.gfo  SIM2BQP

 Problem name: SIM2BQP

 Double precision version will be formed

 The objective function uses 1 linear group
 The objective function uses 2 nonlinear groups
 
 There is 1 variable bounded from below and above 
 There is 1 fixed variable
 
 
 File successfully decoded
/home/abel/projetos/dcicpp-newrun/output
No tools
**********************************************************
Problem name: SIM2BQP 

Number of Variables: 1
Number of Constraints: 0
             Equality: 0
           has_inequality: 0

EXIT: The Algorithm has Converged
f(x) = 4.95e-07
|c(x)| = 0
|g(x) + J(x)'*y| = 1.66108e-07
y offset = 0
Number of Iterations = 2
Elapsed Time = 0.000143528 s
Normal iterations = 0
Average number of normal iterations = 0
Maximum number of normal iterations during one iteration = 0
Iterations with = 1 normal iterations = 0
Iterations with <= 1 normal iterations = 2
**********************************************************
Setup time: 0
Execution time: 0.003333
