sifdecoder -A pc64.lnx.gfo  SNAKE

 Problem name: SNAKE

 Double precision version will be formed

 The objective function uses 1 linear group
 
 There are 2 nonlinear inequality constraints
 
 There are 2 free variables
 
 
 File successfully decoded
/home/abel/projetos/dcicpp-newrun/output
No tools
**********************************************************
Problem name: SNAKE   

Number of Variables: 2
Number of Constraints: 2
             Equality: 0
           has_inequality: 2

EXIT: The Algorithm has Converged
f(x) = -0.020045
|c(x)| = 3.79911e-07
|g(x) + J(x)'*y| = 7.65996e-10
y offset = 0
Number of Iterations = 1155
Elapsed Time = 0.0796912 s
Normal iterations = 937
Average number of normal iterations = 0.811255
Maximum number of normal iterations during one iteration = 2
Iterations with = 1 normal iterations = 933
Iterations with <= 1 normal iterations = 1153
**********************************************************
Setup time: 0
Execution time: 0.309998
