sifdecoder -A pc64.lnx.gfo  SPANHYD

 Problem name: SPANHYD

 Double precision version will be formed

 The objective function uses 1 nonlinear group
 
 There are 33 linear equality constraints
 
 There are 81 variables bounded from below and above 
 There are 16 fixed variables
 
 
 File successfully decoded
/home/abel/projetos/dcicpp-newrun/output
No tools
**********************************************************
Problem name: SPANHYD 

Number of Variables: 81
Number of Constraints: 33
             Equality: 33
           has_inequality: 0

EXIT: The Algorithm has Converged
Cholesky failed
f(x) = 239.738
|c(x)| = 9.99321e-07
|g(x) + J(x)'*y| = 3.92411e-08
y offset = 0
Number of Iterations = 17
Elapsed Time = 0.0131092 s
Normal iterations = 4
Average number of normal iterations = 0.235294
Maximum number of normal iterations during one iteration = 1
Iterations with = 1 normal iterations = 4
Iterations with <= 1 normal iterations = 17
**********************************************************
Setup time: 0
Execution time: 0.039999
