sifdecoder -A pc64.lnx.gfo  SREADIN3

 Problem name: SREADIN3

 Double precision version will be formed

 The objective function uses 2000 nonlinear groups
 
 There is 1 linear equality constraint
 There are 2000 nonlinear equality constraints
 
 There are 4002 variables bounded from below and above 
 
 
 File successfully decoded
/home/abel/projetos/dcicpp-newrun/output
No tools
**********************************************************
Problem name: SREADIN3

Number of Variables: 4002
Number of Constraints: 2001
             Equality: 2001
           has_inequality: 0

EXIT: The Algorithm has Converged
f(x) = -0.0308416
|c(x)| = 1.75561e-12
|g(x) + J(x)'*y| = 5.3299e-08
y offset = 0
Number of Iterations = 2
Elapsed Time = 0.0416501 s
Normal iterations = 1
Average number of normal iterations = 0.5
Maximum number of normal iterations during one iteration = 1
Iterations with = 1 normal iterations = 1
Iterations with <= 1 normal iterations = 2
**********************************************************
Setup time: 0.086666
Execution time: 0.163334
