sifdecoder -A pc64.lnx.gfo  STCQP1

 Problem name: STCQP1

 Double precision version will be formed

 The objective function uses 16383 nonlinear groups
 
 There are 4095 linear equality constraints
 
 There are 8193 variables bounded from below and above 
 
 
 File successfully decoded
/home/abel/projetos/dcicpp-newrun/output
No tools
**********************************************************
Problem name: STCQP1  

Number of Variables: 6422
Number of Constraints: 0
             Equality: 0
           has_inequality: 0

EXIT: The Algorithm has Converged
f(x) = 658174
|c(x)| = 0
|g(x) + J(x)'*y| = 9.3402e-07
y offset = 0
Number of Iterations = 15
Elapsed Time = 0.309151 s
Normal iterations = 0
Average number of normal iterations = 0
Maximum number of normal iterations during one iteration = 0
Iterations with = 1 normal iterations = 0
Iterations with <= 1 normal iterations = 15
**********************************************************
Setup time: 0.286667
Execution time: 0.313333
