sifdecoder -A pc64.lnx.gfo  STEENBRC

 Problem name: STEENBRC

 Double precision version will be formed

 The objective function uses 1 nonlinear group
 
 There are 126 linear equality constraints
 
 There are 540 variables bounded only from below 
 
 
 File successfully decoded
/home/abel/projetos/dcicpp-newrun/output
No tools
**********************************************************
Problem name: STEENBRC

Number of Variables: 540
Number of Constraints: 126
             Equality: 126
           has_inequality: 0

EXIT: The Algorithm has Converged
Cholesky failed
f(x) = 29576.1
|c(x)| = 2.44669e-07
|g(x) + J(x)'*y| = 7.15217e-07
y offset = 0
Number of Iterations = 843
Elapsed Time = 0.427931 s
Normal iterations = 6
Average number of normal iterations = 0.00711744
Maximum number of normal iterations during one iteration = 1
Iterations with = 1 normal iterations = 6
Iterations with <= 1 normal iterations = 843
**********************************************************
Setup time: 0.006666
Execution time: 0.663333
