sifdecoder -A pc64.lnx.gfo  STEENBRF

 Problem name: STEENBRF

 Double precision version will be formed

 The objective function uses 1 nonlinear group
 
 There are 108 linear equality constraints
 
 There are 468 variables bounded only from below 
 
 
 File successfully decoded
/home/abel/projetos/dcicpp-newrun/output
No tools
**********************************************************
Problem name: STEENBRF

Number of Variables: 468
Number of Constraints: 108
             Equality: 108
           has_inequality: 0

EXIT: The Algorithm has Converged
Cholesky failed
f(x) = 10226.3
|c(x)| = 3.06898e-08
|g(x) + J(x)'*y| = 9.97765e-07
y offset = 0
Number of Iterations = 397
Elapsed Time = 0.229447 s
Normal iterations = 1
Average number of normal iterations = 0.00251889
Maximum number of normal iterations during one iteration = 1
Iterations with = 1 normal iterations = 1
Iterations with <= 1 normal iterations = 397
**********************************************************
Setup time: 0.003333
Execution time: 0.413333
