sifdecoder -A pc64.lnx.gfo  STEENBRE

 Problem name: STEENBRE

 Double precision version will be formed

 The objective function uses 1 nonlinear group
 
 There are 126 linear equality constraints
 
 There are 540 variables bounded only from below 
 
 
 File successfully decoded
/home/abel/projetos/dcicpp-newrun/output
No tools
**********************************************************
Problem name: STEENBRE

Number of Variables: 540
Number of Constraints: 126
             Equality: 126
           has_inequality: 0

EXIT: The Algorithm has Converged
Cholesky failed
f(x) = 30019.6
|c(x)| = 2.17335e-07
|g(x) + J(x)'*y| = 9.97029e-07
y offset = 0
Number of Iterations = 769
Elapsed Time = 0.405651 s
Normal iterations = 5
Average number of normal iterations = 0.00650195
Maximum number of normal iterations during one iteration = 1
Iterations with = 1 normal iterations = 5
Iterations with <= 1 normal iterations = 769
**********************************************************
Setup time: 0.003333
Execution time: 0.556666
