sifdecoder -A pc64.lnx.gfo  SYNTHES1

 Problem name: SYNTHES1

 Double precision version will be formed

 The objective function uses 1 nonlinear group
 
 There are 4 linear inequality constraints
 There are 2 nonlinear inequality constraints
 
 There are 6 variables bounded from below and above 
 
 
 File successfully decoded
/home/abel/projetos/dcicpp-newrun/output
No tools
**********************************************************
Problem name: SYNTHES1

Number of Variables: 6
Number of Constraints: 6
             Equality: 0
           has_inequality: 6

EXIT: The Algorithm has Converged
f(x) = 0.759288
|c(x)| = 8.96825e-07
|g(x) + J(x)'*y| = 7.58515e-08
y offset = 0
Number of Iterations = 16
Elapsed Time = 0.00247192 s
Normal iterations = 9
Average number of normal iterations = 0.5625
Maximum number of normal iterations during one iteration = 1
Iterations with = 1 normal iterations = 9
Iterations with <= 1 normal iterations = 16
**********************************************************
Setup time: 0
Execution time: 0.006666
