sifdecoder -A pc64.lnx.gfo  TORSION1

 Problem name: TORSION1

 Double precision version will be formed

 The objective function uses 5184 nonlinear groups
 
 There are 5184 variables bounded from below and above 
 There are 292 fixed variables
 
 
 File successfully decoded
/home/abel/projetos/dcicpp-newrun/output
No tools
**********************************************************
Problem name: TORSION1

Number of Variables: 5184
Number of Constraints: 0
             Equality: 0
           has_inequality: 0

EXIT: The Algorithm has Converged
f(x) = -0.349379
|c(x)| = 0
|g(x) + J(x)'*y| = 5.88242e-08
y offset = 0
Number of Iterations = 2
Elapsed Time = 0.381628 s
Normal iterations = 0
Average number of normal iterations = 0
Maximum number of normal iterations during one iteration = 0
Iterations with = 1 normal iterations = 0
Iterations with <= 1 normal iterations = 2
**********************************************************
Setup time: 0.156667
Execution time: 0.476666
