sifdecoder -A pc64.lnx.gfo  TORSIONE

 Problem name: TORSIONE

 Double precision version will be formed

 The objective function uses 1 linear group
 The objective function uses 10658 nonlinear groups
 
 There are 5184 variables bounded from below and above 
 There are 292 fixed variables
 
 
 File successfully decoded
/home/abel/projetos/dcicpp-newrun/output
No tools
**********************************************************
Problem name: TORSIONE

Number of Variables: 5184
Number of Constraints: 0
             Equality: 0
           has_inequality: 0

EXIT: The Algorithm has Converged
f(x) = 3.82783
|c(x)| = 0
|g(x) + J(x)'*y| = 7.64734e-09
y offset = 0
Number of Iterations = 2
Elapsed Time = 0.0118308 s
Normal iterations = 0
Average number of normal iterations = 0
Maximum number of normal iterations during one iteration = 0
Iterations with = 1 normal iterations = 0
Iterations with <= 1 normal iterations = 2
**********************************************************
Setup time: 0.15
Execution time: 0.036666
