sifdecoder -A pc64.lnx.gfo  VARDIM

 Problem name: VARDIM

 Double precision version will be formed

 The objective function uses 202 nonlinear groups
 
 There are 200 free variables
 
 
 File successfully decoded
/home/abel/projetos/dcicpp-newrun/output
No tools
**********************************************************
Problem name: VARDIM  

Number of Variables: 200
Number of Constraints: 0
             Equality: 0
           has_inequality: 0

EXIT: The Algorithm has Converged
f(x) = 8.46509e-17
|c(x)| = 0
|g(x) + J(x)'*y| = 3.01617e-11
y offset = 0
Number of Iterations = 29
Elapsed Time = 0.00248361 s
Normal iterations = 0
Average number of normal iterations = 0
Maximum number of normal iterations during one iteration = 0
Iterations with = 1 normal iterations = 0
Iterations with <= 1 normal iterations = 29
**********************************************************
Setup time: 0.003333
Execution time: 0.009999
