sifdecoder -A pc64.lnx.gfo  WACHBIEG

 Problem name: WACHBIEG

 Double precision version will be formed

 The objective function uses 1 linear group
 
 There is 1 linear equality constraint
 There is 1 nonlinear equality constraint
 
 There is 1 free variable 
 There are 2 variables bounded only from below 
 
 
 File successfully decoded
/home/abel/projetos/dcicpp-newrun/output
No tools
NormalFlag = 2
**********************************************************
Problem name: WACHBIEG

Number of Variables: 3
Number of Constraints: 2
             Equality: 2
           has_inequality: 0

EXIT: Stopped at a stationary for the infeasibility
Cholesky failed
f(x) = -0.861374
|c(x)| = 0.409803
|g(x) + J(x)'*y| = 6.07539e-13
y offset = 0
Number of Iterations = 2
Elapsed Time = 0.00223494 s
Normal iterations = 1
Average number of normal iterations = 0.5
Maximum number of normal iterations during one iteration = 1
Iterations with = 1 normal iterations = 1
Iterations with <= 1 normal iterations = 2
**********************************************************
Setup time: 0
Execution time: 0.006666
