sifdecoder -A pc64.lnx.gfo  WOMFLET

 Problem name: WOMFLET

 Double precision version will be formed

 The objective function uses 1 linear group
 
 There are 3 nonlinear inequality constraints
 
 There are 3 free variables
 
 
 File successfully decoded
/home/abel/projetos/dcicpp-newrun/output
No tools
**********************************************************
Problem name: WOMFLET 

Number of Variables: 3
Number of Constraints: 3
             Equality: 0
           has_inequality: 3

EXIT: The Algorithm has Converged
f(x) = 4.5535e-07
|c(x)| = 9.8937e-07
|g(x) + J(x)'*y| = 4.23629e-08
y offset = 0
Number of Iterations = 11
Elapsed Time = 0.00466728 s
Normal iterations = 9
Average number of normal iterations = 0.818182
Maximum number of normal iterations during one iteration = 2
Iterations with = 1 normal iterations = 7
Iterations with <= 1 normal iterations = 10
**********************************************************
Setup time: 0
Execution time: 0.019998
