sifdecoder -A pc64.lnx.gfo  WOODSNE

 Problem name: WOODSNE

 Double precision version will be formed

 The objective function uses 3000 linear groups
 
 There are 1001 linear equality constraints
 There are 2000 nonlinear equality constraints
 
 There are 4000 free variables
 
 
 File successfully decoded
/home/abel/projetos/dcicpp-newrun/output
No tools
**********************************************************
Problem name: WOODSNE 

Number of Variables: 3000
Number of Constraints: 2000
             Equality: 2000
           has_inequality: 0

EXIT: The Algorithm has Converged
f(x) = 71945.4
|c(x)| = 6.57438e-11
|g(x) + J(x)'*y| = 2.75064e-08
y offset = 0
Number of Iterations = 3
Elapsed Time = 0.2366 s
Normal iterations = 4
Average number of normal iterations = 1.33333
Maximum number of normal iterations during one iteration = 2
Iterations with = 1 normal iterations = 2
Iterations with <= 1 normal iterations = 2
**********************************************************
Setup time: 0.073334
Execution time: 0.423333
