sifdecoder -A pc64.lnx.gfo  ZAMB2-10

 Problem name: ZAMB2-10

 Double precision version will be formed

 The objective function uses 176 nonlinear groups
 
 There are 96 nonlinear equality constraints
 
 There are 264 variables bounded from below and above 
 There are 6 fixed variables
 
 
 File successfully decoded
/home/abel/projetos/dcicpp-newrun/output
No tools
**********************************************************
Problem name: ZAMB2-10

Number of Variables: 264
Number of Constraints: 96
             Equality: 96
           has_inequality: 0

EXIT: The Algorithm has Converged
f(x) = -1.58211
|c(x)| = 6.36954e-07
|g(x) + J(x)'*y| = 2.81059e-07
y offset = 0
Number of Iterations = 87
Elapsed Time = 0.606662 s
Normal iterations = 54
Average number of normal iterations = 0.62069
Maximum number of normal iterations during one iteration = 2
Iterations with = 1 normal iterations = 52
Iterations with <= 1 normal iterations = 86
**********************************************************
Setup time: 0.006666
Execution time: 0.856666
