sifdecoder -A pc64.lnx.gfo  A4X12

 Problem name: A4X12

 Double precision version will be formed

 The objective function uses 1 linear group
 
 There is 1 linear equality constraint
 There are 192 linear inequality constraints
 There are 192 nonlinear inequality constraints
 
 There are 115 free variables
 There are 15 fixed variables
 
 
 File successfully decoded
/home/abel/documentos/dcicpp-newrun/output-dcicpp-dci-fail-2016-11-25--18:56
No tools
make: *** No rule to make target 'dcicpp'.  Stop.
NOPE preprocessing removed 16 variables
NOPE preprocessing removed 1 contraints
Starting
Solving
diagonal below threshold
Status = 2
File   = ../Core/cholmod_common.c
Line   = 719
Showing
**********************************************************
Problem name: A4X12   

Number of Variables: 114
Number of Constraints: 384
             Equality: 0
           has_inequality: 384

EXIT: The maximum number of restorarions was reached
Cholesky failed
f(x) = -0.0616708
|c(x)| = 3.67056e-05
|g(x) + J(x)'*y| = 1.00688e-05
|J(x)'c(x)| = 6.70924e-06
y offset = 0.105982
Number of Iterations = 16
Elapsed Time = 7.73768 s

Function evaluations:
  Objective    (*fn, *ofg):    1808 (1768, 40)
  Gradient     (*ofg):           24
  Constraints  (cfn, ccfsg):  17060 (1768, 15292)
  Jacobian     (ccfsg):        5084
  Hessian prod (*hprod):        105

Normal iterations = 8
Average number of normal iterations = 0.5
Maximum number of normal iterations during one iteration = 2
Iterations with 0  normal iterations = 9
Iterations with 1  normal iteration  = 6
Iterations with 2+ normal iterations = 1
Restorations = 10208
Average number of restorations per normal iteration = 1276
**********************************************************
Done
Setup time: 0.12
Execution time: 7.89333
