sifdecoder -A pc64.lnx.gfo  ACOPR57

 Problem name: ACOPR57

 Double precision version will be formed

 The objective function uses 2 linear groups
 
 There are 114 nonlinear equality constraints
 There are 217 nonlinear inequality constraints
 
 There are 114 free variables
 There are 14 variables bounded from below and above 
 
 
 File successfully decoded
/home/abel/documentos/dcicpp-newrun/output-dcicpp-dci-fail-2016-11-25--18:56
No tools
make: *** No rule to make target 'dcicpp'.  Stop.
Starting
Solving
Showing
**********************************************************
Problem name: ACOPR57 

Number of Variables: 128
Number of Constraints: 331
             Equality: 114
           has_inequality: 217

EXIT: The maximum number of restorarions was reached
f(x) = 41738.5
|c(x)| = 8.64189e-06
|g(x) + J(x)'*y| = 0.00147714
|J(x)'c(x)| = 0.000339292
y offset = 0.0594773
Number of Iterations = 225
Elapsed Time = 3.68446 s

Function evaluations:
  Objective    (*fn, *ofg):    1803 (1334, 469)
  Gradient     (*ofg):          244
  Constraints  (cfn, ccfsg):  16800 (1334, 15466)
  Jacobian     (ccfsg):        3868
  Hessian prod (*hprod):       1241

Normal iterations = 41
Average number of normal iterations = 0.182222
Maximum number of normal iterations during one iteration = 2
Iterations with 0  normal iterations = 188
Iterations with 1  normal iteration  = 33
Iterations with 2+ normal iterations = 4
Restorations = 11598
Average number of restorations per normal iteration = 282
**********************************************************
Done
Setup time: 0.023333
Execution time: 3.80667
