sifdecoder -A pc64.lnx.gfo  ACOPR30

 Problem name: ACOPR30

 Double precision version will be formed

 The objective function uses 2 linear groups
 
 There are 60 nonlinear equality constraints
 There are 112 nonlinear inequality constraints
 
 There are 60 free variables
 There are 12 variables bounded from below and above 
 
 
 File successfully decoded
/home/abel/documentos/dcicpp-newrun/output-dcicpp-dci-fail-2016-11-25--18:56
No tools
make: *** No rule to make target 'dcicpp'.  Stop.
Starting
Solving
diagonal below threshold
Status = 2
File   = ../Core/cholmod_common.c
Line   = 719
Showing
**********************************************************
Problem name: ACOPR30 

Number of Variables: 72
Number of Constraints: 172
             Equality: 60
           has_inequality: 112

EXIT: The maximum number of restorarions was reached
Cholesky failed
f(x) = 671.743
|c(x)| = 0.000191006
|g(x) + J(x)'*y| = 0.00114287
|J(x)'c(x)| = 0.00459144
y offset = 0.167489
Number of Iterations = 12
Elapsed Time = 1.334 s

Function evaluations:
  Objective    (*fn, *ofg):     650 (616, 34)
  Gradient     (*ofg):           22
  Constraints  (cfn, ccfsg):  13661 (616, 13045)
  Jacobian     (ccfsg):        2958
  Hessian prod (*hprod):         50

Normal iterations = 9
Average number of normal iterations = 0.75
Maximum number of normal iterations during one iteration = 2
Iterations with 0  normal iterations = 4
Iterations with 1  normal iteration  = 7
Iterations with 2+ normal iterations = 1
Restorations = 10087
Average number of restorations per normal iteration = 1120
**********************************************************
Done
Setup time: 0.006666
Execution time: 1.50333
