sifdecoder -A pc64.lnx.gfo  CRESC4

 Problem name: CRESC4

 Double precision version will be formed

 The objective function uses 1 nonlinear group
 
 There are 8 nonlinear inequality constraints
 
 There are 2 free variables
 There are 3 variables bounded only from below 
 There is 1 variable bounded from below and above 
 
 
 File successfully decoded
/home/abel/documentos/dcicpp-newrun/output-dcicpp-dci-fail-2016-11-25--18:56
No tools
make: *** No rule to make target 'dcicpp'.  Stop.
Starting
Solving
NormalFlag = 2
Showing
**********************************************************
Problem name: CRESC4  

Number of Variables: 6
Number of Constraints: 8
             Equality: 0
           has_inequality: 8

EXIT: Stopped at a stationary for the infeasibility
f(x) = 14.5049
|c(x)| = 1.62885
|g(x) + J(x)'*y| = 0.241598
|J(x)'c(x)| = 0
y offset = 0
Number of Iterations = 19
Elapsed Time = 0.0251532 s

Function evaluations:
  Objective    (*fn, *ofg):     169 (129, 40)
  Gradient     (*ofg):           21
  Constraints  (cfn, ccfsg):   1516 (129, 1387)
  Jacobian     (ccfsg):         418
  Hessian prod (*hprod):         33

Normal iterations = 15
Average number of normal iterations = 0.789474
Maximum number of normal iterations during one iteration = 1
Iterations with 0  normal iterations = 4
Iterations with 1  normal iteration  = 15
Iterations with 2+ normal iterations = 0
Restorations = 973
Average number of restorations per normal iteration = 64
**********************************************************
Done
Setup time: 0
Execution time: 0.066665
