sifdecoder -A pc64.lnx.gfo  DEGENLPB

 Problem name: DEGENLPB

 Double precision version will be formed

 The objective function uses 1 linear group
 
 There are 15 linear equality constraints
 
 There are 20 variables bounded from below and above 
 
 
 File successfully decoded
/home/abel/documentos/dcicpp-newrun/output-dcicpp-dci-fail-2016-11-25--18:56
No tools
make: *** No rule to make target 'dcicpp'.  Stop.
Starting
Solving
diagonal below threshold
Status = 2
File   = ../Core/cholmod_common.c
Line   = 719
Showing
**********************************************************
Problem name: DEGENLPB

Number of Variables: 20
Number of Constraints: 15
             Equality: 15
           has_inequality: 0

EXIT: The maximum number of restorarions was reached
Cholesky failed
f(x) = -30.7202
|c(x)| = 0.000125019
|g(x) + J(x)'*y| = 0.000244558
|J(x)'c(x)| = 0.0425406
y offset = 0
Number of Iterations = 2
Elapsed Time = 0.155213 s

Function evaluations:
  Objective    (*fn, *ofg):    1608 (1602, 6)
  Gradient     (*ofg):            4
  Constraints  (cfn, ccfsg):  16612 (1602, 15010)
  Jacobian     (ccfsg):        4963
  Hessian prod (*hprod):          2

Normal iterations = 2
Average number of normal iterations = 1
Maximum number of normal iterations during one iteration = 1
Iterations with 0  normal iterations = 0
Iterations with 1  normal iteration  = 2
Iterations with 2+ normal iterations = 0
Restorations = 10047
Average number of restorations per normal iteration = 5023
**********************************************************
Done
Setup time: 0
Execution time: 0.409999
