sifdecoder -A pc64.lnx.gfo  HS109

 Problem name: HS109

 Double precision version will be formed

 The objective function uses 1 nonlinear group
 
 There are 2 linear inequality constraints
 There are 6 nonlinear equality constraints
 There are 2 nonlinear inequality constraints
 
 There are 2 variables bounded only from below 
 There are 7 variables bounded from below and above 
 
 
 File successfully decoded
/home/abel/documentos/dcicpp-newrun/output-dcicpp-dci-fail-2016-11-25--18:56
No tools
make: *** No rule to make target 'dcicpp'.  Stop.
Starting
Solving
Showing
**********************************************************
Problem name: HS109   

Number of Variables: 9
Number of Constraints: 10
             Equality: 6
           has_inequality: 4

EXIT: The maximum number of restorarions was reached
f(x) = 2080.75
|c(x)| = 48946.5
|g(x) + J(x)'*y| = 50.7209
|J(x)'c(x)| = 1.0123e+06
y offset = 0.198626
Number of Iterations = 1
Elapsed Time = 0.110763 s

Function evaluations:
  Objective    (*fn, *ofg):    1502 (1497, 5)
  Gradient     (*ofg):            4
  Constraints  (cfn, ccfsg):  17208 (1497, 15711)
  Jacobian     (ccfsg):        5710
  Hessian prod (*hprod):         66

Normal iterations = 1
Average number of normal iterations = 1
Maximum number of normal iterations during one iteration = 1
Iterations with 0  normal iterations = 0
Iterations with 1  normal iteration  = 1
Iterations with 2+ normal iterations = 0
Restorations = 10001
Average number of restorations per normal iteration = 10001
**********************************************************
Done
Setup time: 0.003333
Execution time: 0.359999
