sifdecoder -A pc64.lnx.gfo  HS99EXP

 Problem name: HS99EXP

 Double precision version will be formed

 The objective function uses 1 nonlinear group
 
 There are 21 nonlinear equality constraints
 
 There are 21 free variables
 There are 7 variables bounded from below and above 
 There are 3 fixed variables
 
 
 File successfully decoded
/home/abel/documentos/dcicpp-newrun/output-dcicpp-dci-fail-2016-11-25--18:56
No tools
make: *** No rule to make target 'dcicpp'.  Stop.
NOPE preprocessing removed 3 variables
Starting
Solving
Showing
**********************************************************
Problem name: HS99EXP 

Number of Variables: 28
Number of Constraints: 21
             Equality: 21
           has_inequality: 0

EXIT: rhomax became too short
f(x) = -1.13877e+12
|c(x)| = 1.85433e-07
|g(x) + J(x)'*y| = 0.000557024
|J(x)'c(x)| = 1.36084
y offset = 0
Number of Iterations = 1709
Elapsed Time = 0.35675 s

Function evaluations:
  Objective    (*fn, *ofg):   32565 (29140, 3425)
  Gradient     (*ofg):         1716
  Constraints  (cfn, ccfsg):  31014 (29140, 1874)
  Jacobian     (ccfsg):        1751
  Hessian prod (*hprod):      29112

Normal iterations = 9
Average number of normal iterations = 0.00526624
Maximum number of normal iterations during one iteration = 1
Iterations with 0  normal iterations = 1700
Iterations with 1  normal iteration  = 9
Iterations with 2+ normal iterations = 0
Restorations = 123
Average number of restorations per normal iteration = 13
**********************************************************
Done
Setup time: 0
Execution time: 0.423332
