sifdecoder -A pc64.lnx.gfo  HVYCRASH

 Problem name: HVYCRASH

 Double precision version will be formed

 The objective function uses 1 linear group
 
 There are 3000 nonlinear equality constraints
 
 There are 2000 free variables
 There are 2002 variables bounded from below and above 
 There are 2 fixed variables
 
 
 File successfully decoded
/home/abel/documentos/dcicpp-newrun/output-dcicpp-dci-fail-2016-11-25--18:56
No tools
make: *** No rule to make target 'dcicpp'.  Stop.
NOPE preprocessing removed 2 variables
Starting
Solving
diagonal below threshold
Status = 2
File   = ../Core/cholmod_common.c
Line   = 719
Showing
**********************************************************
Problem name: HVYCRASH

Number of Variables: 4002
Number of Constraints: 3000
             Equality: 3000
           has_inequality: 0

EXIT: The maximum number of restorarions was reached
Cholesky failed
f(x) = -0.218009
|c(x)| = 0.0118485
|g(x) + J(x)'*y| = 1.70497e-10
|J(x)'c(x)| = 0.00299174
y offset = 0
Number of Iterations = 2
Elapsed Time = 14.2092 s

Function evaluations:
  Objective    (*fn, *ofg):     109 (102, 7)
  Gradient     (*ofg):            5
  Constraints  (cfn, ccfsg):  12898 (102, 12796)
  Jacobian     (ccfsg):        2795
  Hessian prod (*hprod):          1

Normal iterations = 2
Average number of normal iterations = 1
Maximum number of normal iterations during one iteration = 2
Iterations with 0  normal iterations = 1
Iterations with 1  normal iteration  = 0
Iterations with 2+ normal iterations = 1
Restorations = 10001
Average number of restorations per normal iteration = 5000
**********************************************************
Done
Setup time: 0.106667
Execution time: 14.2767
