sifdecoder -A pc64.lnx.gfo  LEUVEN1

 Problem name: LEUVEN1

 Double precision version will be formed

 The objective function uses 2 linear groups
 
 There are 1196 linear equality constraints
 There are 1024 linear inequality constraints
 
 There are 1093 free variables
 There are 30 variables bounded only from above 
 There are 387 variables bounded from below and above 
 There are 20 fixed variables
 
 
 File successfully decoded
/home/abel/documentos/dcicpp-newrun/output-dcicpp-dci-fail-2016-11-25--18:56
No tools
make: *** No rule to make target 'dcicpp'.  Stop.
NOPE preprocessing removed 49 variables
NOPE preprocessing removed 29 contraints
Starting
Solving
diagonal below threshold
Status = 2
File   = ../Core/cholmod_common.c
Line   = 719
