sifdecoder -A pc64.lnx.gfo  LISWET9

 Problem name: LISWET9

 Double precision version will be formed

 The objective function uses 1 nonlinear group
 
 There are 2000 linear inequality constraints
 
 There are 2002 free variables
 
 
 File successfully decoded
/home/abel/documentos/dcicpp-newrun/output-dcicpp-dci-fail-2016-11-25--18:56
No tools
make: *** No rule to make target 'dcicpp'.  Stop.
Starting
Solving
Showing
**********************************************************
Problem name: LISWET9 

Number of Variables: 2002
Number of Constraints: 2000
             Equality: 0
           has_inequality: 2000

EXIT: The maximum number of restorarions was reached
f(x) = 49892.4
|c(x)| = 0.00151045
|g(x) + J(x)'*y| = 0.627851
|J(x)'c(x)| = 0.000912496
y offset = 0.0890801
Number of Iterations = 27
Elapsed Time = 9.9266 s

Function evaluations:
  Objective    (*fn, *ofg):     374 (316, 58)
  Gradient     (*ofg):           31
  Constraints  (cfn, ccfsg):  12516 (316, 12200)
  Jacobian     (ccfsg):        2068
  Hessian prod (*hprod):        100

Normal iterations = 11
Average number of normal iterations = 0.407407
Maximum number of normal iterations during one iteration = 1
Iterations with 0  normal iterations = 16
Iterations with 1  normal iteration  = 11
Iterations with 2+ normal iterations = 0
Restorations = 10132
Average number of restorations per normal iteration = 921
**********************************************************
Done
Setup time: 0.04
Execution time: 10.1233
