sifdecoder -A pc64.lnx.gfo  LISWET7

 Problem name: LISWET7

 Double precision version will be formed

 The objective function uses 1 nonlinear group
 
 There are 2000 linear inequality constraints
 
 There are 2002 free variables
 
 
 File successfully decoded
/home/abel/documentos/dcicpp-newrun/output-dcicpp-dci-fail-2016-11-25--18:56
No tools
make: *** No rule to make target 'dcicpp'.  Stop.
Starting
Solving
NormalFlag = 2
Showing
**********************************************************
Problem name: LISWET7 

Number of Variables: 2002
Number of Constraints: 2000
             Equality: 0
           has_inequality: 2000

EXIT: Stopped at a stationary for the infeasibility
f(x) = 121.336
|c(x)| = 2.24851e-05
|g(x) + J(x)'*y| = 0.00166219
|J(x)'c(x)| = 0
y offset = 0
Number of Iterations = 11
Elapsed Time = 0.30694 s

Function evaluations:
  Objective    (*fn, *ofg):      58 (30, 28)
  Gradient     (*ofg):           17
  Constraints  (cfn, ccfsg):    370 (30, 340)
  Jacobian     (ccfsg):          76
  Hessian prod (*hprod):         27

Normal iterations = 6
Average number of normal iterations = 0.545455
Maximum number of normal iterations during one iteration = 1
Iterations with 0  normal iterations = 5
Iterations with 1  normal iteration  = 6
Iterations with 2+ normal iterations = 0
Restorations = 268
Average number of restorations per normal iteration = 44
**********************************************************
Done
Setup time: 0.039999
Execution time: 0.530001
