sifdecoder -A pc64.lnx.gfo  LUKVLI4

 Problem name: LUKVLI4

 Double precision version will be formed

 The objective function uses 24995 nonlinear groups
 
 There are 4999 nonlinear inequality constraints
 
 There are 10000 free variables
 
 
 File successfully decoded
/home/abel/documentos/dcicpp-newrun/output-dcicpp-dci-fail-2016-11-25--18:56
No tools
make: *** No rule to make target 'dcicpp'.  Stop.
Starting
Solving
Showing
**********************************************************
Problem name: LUKVLI4 

Number of Variables: 10000
Number of Constraints: 4999
             Equality: 0
           has_inequality: 4999

EXIT: rhomax became too short
f(x) = 3.44509e+08
|c(x)| = 2.91317e-09
|g(x) + J(x)'*y| = 1.67851e+11
|J(x)'c(x)| = 2.42233e-05
y offset = 0.00094269
Number of Iterations = 98
Elapsed Time = 4.08976 s

Function evaluations:
  Objective    (*fn, *ofg):     393 (184, 209)
  Gradient     (*ofg):          111
  Constraints  (cfn, ccfsg):    378 (184, 194)
  Jacobian     (ccfsg):         125
  Hessian prod (*hprod):        338

Normal iterations = 15
Average number of normal iterations = 0.153061
Maximum number of normal iterations during one iteration = 1
Iterations with 0  normal iterations = 83
Iterations with 1  normal iteration  = 15
Iterations with 2+ normal iterations = 0
Restorations = 69
Average number of restorations per normal iteration = 4
**********************************************************
Done
Setup time: 0.303333
Execution time: 4.08667
