sifdecoder -A pc64.lnx.gfo  MRIBASIS

 Problem name: MRIBASIS

 Double precision version will be formed

 The objective function uses 1 linear group
 
 There is 1 linear equality constraint
 There are 43 linear inequality constraints
 There are 8 nonlinear equality constraints
 There are 3 nonlinear inequality constraints
 
 There are 24 variables bounded from below and above 
 There are 12 fixed variables
 
 
 File successfully decoded
/home/abel/documentos/dcicpp-newrun/output-dcicpp-dci-fail-2016-11-25--18:56
No tools
make: *** No rule to make target 'dcicpp'.  Stop.
NOPE preprocessing removed 12 variables
Starting
Solving
Showing
**********************************************************
Problem name: MRIBASIS

Number of Variables: 24
Number of Constraints: 55
             Equality: 9
           has_inequality: 46

EXIT: The maximum number of restorarions was reached
f(x) = 18.2186
|c(x)| = 0.00169937
|g(x) + J(x)'*y| = 0.000141523
|J(x)'c(x)| = 0.0932868
y offset = 2.04171e-05
Number of Iterations = 3
Elapsed Time = 0.389548 s

Function evaluations:
  Objective    (*fn, *ofg):     437 (427, 10)
  Gradient     (*ofg):            7
  Constraints  (cfn, ccfsg):  13092 (427, 12665)
  Jacobian     (ccfsg):        2551
  Hessian prod (*hprod):          3

Normal iterations = 5
Average number of normal iterations = 1.66667
Maximum number of normal iterations during one iteration = 3
Iterations with 0  normal iterations = 0
Iterations with 1  normal iteration  = 2
Iterations with 2+ normal iterations = 1
Restorations = 10114
Average number of restorations per normal iteration = 2022
**********************************************************
Done
Setup time: 0.003333
Execution time: 0.646666
