sifdecoder -A pc64.lnx.gfo  AUG2DC

 Problem name: AUG2DC

 Double precision version will be formed

 The objective function uses 20200 nonlinear groups
 
 There are 10000 linear equality constraints
 
 There are 20200 free variables
 
 
 File successfully decoded
/home/abel/documentos/dcicpp-newrun/output-dcicpp-equ-free-2016-11-17--11:31
No tools
make: *** No rule to make target 'dcicppclean'.  Stop.
Starting
Solving
Showing
**********************************************************
Problem name: AUG2DC  

Number of Variables: 20200
Number of Constraints: 10000
             Equality: 10000
           has_inequality: 0

EXIT: The Algorithm has Converged
f(x) = 1.81837e+06
|c(x)| = 5.82405e-11
|g(x) + J(x)'*y| = 8.10897e-15
y offset = 0
Number of Iterations = 2
Elapsed Time = 0.0828173 s
Normal iterations = 1
Average number of normal iterations = 0.5
Maximum number of normal iterations during one iteration = 1
Iterations with 0  normal iterations = 1
Iterations with 1  normal iteration  = 1
Iterations with 2+ normal iterations = 0
Restorations = 1
Average number of restorations per normal iteration = 1
**********************************************************
Done
Setup time: 0.253333
Execution time: 0.083333
