sifdecoder -A pc64.lnx.gfo  AUG3DC

 Problem name: AUG3DC

 Double precision version will be formed

 The objective function uses 27543 nonlinear groups
 
 There are 8000 linear equality constraints
 
 There are 27543 free variables
 
 
 File successfully decoded
/home/abel/documentos/dcicpp-newrun/output-dcicpp-equ-free-2016-11-17--11:31
No tools
make: *** No rule to make target 'dcicppclean'.  Stop.
Starting
Solving
Showing
**********************************************************
Problem name: AUG3DC  

Number of Variables: 27543
Number of Constraints: 8000
             Equality: 8000
           has_inequality: 0

EXIT: The Algorithm has Converged
f(x) = 27654.1
|c(x)| = 6.56442e-12
|g(x) + J(x)'*y| = 4.841e-16
y offset = 0
Number of Iterations = 2
Elapsed Time = 0.77878 s
Normal iterations = 1
Average number of normal iterations = 0.5
Maximum number of normal iterations during one iteration = 1
Iterations with 0  normal iterations = 1
Iterations with 1  normal iteration  = 1
Iterations with 2+ normal iterations = 0
Restorations = 1
Average number of restorations per normal iteration = 1
**********************************************************
Done
Setup time: 0.256666
Execution time: 0.78
