sifdecoder -A pc64.lnx.gfo  HS26

 Problem name: HS26

 Double precision version will be formed

 The objective function uses 1 nonlinear group
 
 There is 1 nonlinear equality constraint
 
 There are 3 free variables
 
 
 File successfully decoded
/home/abel/documentos/dcicpp-newrun/output-dcicpp-equ-free-2016-11-17--11:31
No tools
make: *** No rule to make target 'dcicppclean'.  Stop.
Starting
Solving
Showing
**********************************************************
Problem name: HS26    

Number of Variables: 3
Number of Constraints: 1
             Equality: 1
           has_inequality: 0

EXIT: The Algorithm has Converged
f(x) = 5.1109e-08
|c(x)| = 6.5074e-07
|g(x) + J(x)'*y| = 4.03069e-08
y offset = 0
Number of Iterations = 17
Elapsed Time = 0.000528097 s
Normal iterations = 9
Average number of normal iterations = 0.529412
Maximum number of normal iterations during one iteration = 1
Iterations with 0  normal iterations = 8
Iterations with 1  normal iteration  = 9
Iterations with 2+ normal iterations = 0
Restorations = 9
Average number of restorations per normal iteration = 1
**********************************************************
Done
Setup time: 0
Execution time: -5.66244e-13
