sifdecoder -A pc64.lnx.gfo  KSS

 Problem name: KSS

 Double precision version will be formed

 
 There are 1000 nonlinear equality constraints
 
 There are 1000 free variables
 
 
 File successfully decoded
/home/abel/documentos/dcicpp-newrun/output-dcicpp-equ-free-2016-11-17--11:31
No tools
make: *** No rule to make target 'dcicppclean'.  Stop.
Starting
Solving
Showing
**********************************************************
Problem name: KSS     

Number of Variables: 1000
Number of Constraints: 1000
             Equality: 1000
           has_inequality: 0

EXIT: The Algorithm has Converged
f(x) = 0
|c(x)| = 6.31027e-11
|g(x) + J(x)'*y| = 0
y offset = 0
Number of Iterations = 1
Elapsed Time = 16.4242 s
Normal iterations = 2
Average number of normal iterations = 2
Maximum number of normal iterations during one iteration = 2
Iterations with 0  normal iterations = 0
Iterations with 1  normal iteration  = 0
Iterations with 2+ normal iterations = 1
Restorations = 6
Average number of restorations per normal iteration = 3
**********************************************************
Done
Setup time: 0.579999
Execution time: 16.4067
