sifdecoder -A pc64.lnx.gfo  LUKVLE12

 Problem name: LUKVLE12

 Double precision version will be formed

 The objective function uses 9996 nonlinear groups
 
 There are 7497 nonlinear equality constraints
 
 There are 9997 free variables
 
 
 File successfully decoded
/home/abel/documentos/dcicpp-newrun/output-dcicpp-equ-free-2016-11-17--11:31
No tools
make: *** No rule to make target 'dcicppclean'.  Stop.
Starting
diagonal below threshold
Status = 2
File   = ../Core/cholmod_common.c
Line   = 707
Solving
Showing
**********************************************************
Problem name: LUKVLE12

Number of Variables: 9997
Number of Constraints: 7497
             Equality: 7497
           has_inequality: 0

EXIT: The problem reached the time limit
Cholesky failed
f(x) = 41545.9
|c(x)| = 210.453
|g(x) + J(x)'*y| = 0.0144225
y offset = 0
Number of Iterations = 1
Elapsed Time = 46.3347 s
Normal iterations = 1
Average number of normal iterations = 1
Maximum number of normal iterations during one iteration = 1
Iterations with 0  normal iterations = 0
Iterations with 1  normal iteration  = 1
Iterations with 2+ normal iterations = 0
Restorations = 1
Average number of restorations per normal iteration = 1
**********************************************************
Done
Setup time: 0.223333
Execution time: 46.3333
