sifdecoder -A pc64.lnx.gfo  LUKVLE16

 Problem name: LUKVLE16

 Double precision version will be formed

 The objective function uses 9996 nonlinear groups
 
 There are 7497 nonlinear equality constraints
 
 There are 9997 free variables
 
 
 File successfully decoded
/home/abel/documentos/dcicpp-newrun/output-dcicpp-equ-free-2016-11-17--11:31
No tools
make: *** No rule to make target 'dcicppclean'.  Stop.
Starting
Solving
diagonal below threshold
Status = 2
File   = ../Core/cholmod_common.c
Line   = 719
Showing
**********************************************************
Problem name: LUKVLE16

Number of Variables: 9997
Number of Constraints: 7497
             Equality: 7497
           has_inequality: 0

EXIT: The Algorithm has Converged
Cholesky failed
f(x) = 16354.9
|c(x)| = 2.38518e-10
|g(x) + J(x)'*y| = 2.40519e-07
y offset = 0
Number of Iterations = 14
Elapsed Time = 15.8054 s
Normal iterations = 14
Average number of normal iterations = 1
Maximum number of normal iterations during one iteration = 1
Iterations with 0  normal iterations = 0
Iterations with 1  normal iteration  = 14
Iterations with 2+ normal iterations = 0
Restorations = 3310
Average number of restorations per normal iteration = 236
**********************************************************
Done
Setup time: 0.24
Execution time: 15.8367
