sifdecoder -A pc64.lnx.gfo  LUKVLE15

 Problem name: LUKVLE15

 Double precision version will be formed

 The objective function uses 9996 nonlinear groups
 
 There are 7497 nonlinear equality constraints
 
 There are 9997 free variables
 
 
 File successfully decoded
/home/abel/documentos/dcicpp-newrun/output-dcicpp-equ-free-2016-11-17--11:31
No tools
make: *** No rule to make target 'dcicppclean'.  Stop.
Starting
Solving
Showing
**********************************************************
Problem name: LUKVLE15

Number of Variables: 9997
Number of Constraints: 7497
             Equality: 7497
           has_inequality: 0

EXIT: The maximum number of restorarions was reached
f(x) = 2.56389e+10
|c(x)| = 50.8633
|g(x) + J(x)'*y| = 559.039
y offset = 0
Number of Iterations = 14
Elapsed Time = 28.7262 s
Normal iterations = 7
Average number of normal iterations = 0.5
Maximum number of normal iterations during one iteration = 2
Iterations with 0  normal iterations = 8
Iterations with 1  normal iteration  = 5
Iterations with 2+ normal iterations = 1
Restorations = 5798
Average number of restorations per normal iteration = 828
**********************************************************
Done
Setup time: 0.24
Execution time: 28.7633
