sifdecoder -A pc64.lnx.gfo  ORTHREGC

 Problem name: ORTHREGC

 Double precision version will be formed

 The objective function uses 5000 nonlinear groups
 
 There are 2500 nonlinear equality constraints
 
 There are 5005 free variables
 
 
 File successfully decoded
/home/abel/documentos/dcicpp-newrun/output-dcicpp-equ-free-2016-11-17--11:31
No tools
make: *** No rule to make target 'dcicppclean'.  Stop.
Starting
Solving
Showing
**********************************************************
Problem name: ORTHREGC

Number of Variables: 5005
Number of Constraints: 2500
             Equality: 2500
           has_inequality: 0

EXIT: The problem reached the time limit
f(x) = 105.402
|c(x)| = 0.0446213
|g(x) + J(x)'*y| = 0.484242
y offset = 0
Number of Iterations = 3
Elapsed Time = 31.6509 s
Normal iterations = 2
Average number of normal iterations = 0.666667
Maximum number of normal iterations during one iteration = 1
Iterations with 0  normal iterations = 1
Iterations with 1  normal iteration  = 2
Iterations with 2+ normal iterations = 0
Restorations = 4
Average number of restorations per normal iteration = 2
**********************************************************
Done
Setup time: 0.313333
Execution time: 31.6333
