sifdecoder -A pc64.lnx.gfo  ORTHRGDM

 Problem name: ORTHRGDM

 Double precision version will be formed

 The objective function uses 10000 nonlinear groups
 
 There are 5000 nonlinear equality constraints
 
 There are 10003 free variables
 
 
 File successfully decoded
/home/abel/documentos/dcicpp-newrun/output-dcicpp-equ-free-2016-11-17--11:31
No tools
make: *** No rule to make target 'dcicppclean'.  Stop.
Starting
Solving
Showing
**********************************************************
Problem name: ORTHRGDM

Number of Variables: 10003
Number of Constraints: 5000
             Equality: 5000
           has_inequality: 0

EXIT: The problem reached the time limit
f(x) = 598.045
|c(x)| = 14659
|g(x) + J(x)'*y| = 1.73655
y offset = 0
Number of Iterations = 1
Elapsed Time = 83.039 s
Normal iterations = 1
Average number of normal iterations = 1
Maximum number of normal iterations during one iteration = 1
Iterations with 0  normal iterations = 0
Iterations with 1  normal iteration  = 1
Iterations with 2+ normal iterations = 0
Restorations = 1
Average number of restorations per normal iteration = 1
**********************************************************
Done
Setup time: 0.796667
Execution time: 83.03
