sifdecoder -A pc64.lnx.gfo  YATP1SQ

 Problem name: YATP1SQ

 Double precision version will be formed

 
 There are 123200 nonlinear equality constraints
 
 There are 123200 free variables
 
 
 File successfully decoded
/home/abel/documentos/dcicpp-newrun/output-dcicpp-equ-free-2016-11-17--11:31
No tools
make: *** No rule to make target 'dcicppclean'.  Stop.
Starting
diagonal below threshold
Status = 2
File   = ../Core/cholmod_common.c
Line   = 707
diagonal below threshold
Status = 2
File   = ../Core/cholmod_common.c
Line   = 719
Solving
Showing
**********************************************************
Problem name: YATP1SQ 

Number of Variables: 123200
Number of Constraints: 123200
             Equality: 123200
           has_inequality: 0

EXIT: The problem reached the time limit
Cholesky failed
f(x) = 0
|c(x)| = 50402.1
|g(x) + J(x)'*y| = 0
y offset = 0
Number of Iterations = 0
Elapsed Time = 32.5679 s
Normal iterations = 0
Average number of normal iterations = -nan
Maximum number of normal iterations during one iteration = 0
Iterations with 0  normal iterations = 0
Iterations with 1  normal iteration  = 0
Iterations with 2+ normal iterations = 0
Restorations = 0
Average number of restorations per normal iteration = NA
**********************************************************
Done
Setup time: 1.72667
Execution time: 32.5767
