sifdecoder -A pc64.lnx.gfo  DECONVB

 Problem name: DECONVB

 Double precision version will be formed

 The objective function uses 40 nonlinear groups
 
 There are 40 variables bounded only from below 
 There are 11 variables bounded from below and above 
 There are 12 fixed variables
 
 
 File successfully decoded
/home/abel/documentos/dcicpp-newrun/output-dcicpp-fast-2016-11-22--17:14
No tools
make: *** No rule to make target 'dcicpp'.  Stop.
NOPE preprocessing removed 12 variables
Starting
Solving
Showing
**********************************************************
Problem name: DECONVB 

Number of Variables: 51
Number of Constraints: 0
             Equality: 0
           has_inequality: 0

EXIT: The Algorithm has Converged
f(x) = 4.60473
|c(x)| = 0
|g(x) + J(x)'*y| = 1.93483e-07
y offset = 0
Number of Iterations = 51
Elapsed Time = 0.0151141 s
Normal iterations = 0
Average number of normal iterations = 0
Maximum number of normal iterations during one iteration = 0
Iterations with 0  normal iterations = 51
Iterations with 1  normal iteration  = 0
Iterations with 2+ normal iterations = 0
Restorations = 0
Average number of restorations per normal iteration = NA
**********************************************************
Done
Setup time: 0
Execution time: 0.063333
