sifdecoder -A pc64.lnx.gfo  DUALC2

 Problem name: DUALC2

 Double precision version will be formed

 The objective function uses 1 nonlinear group
 
 There is 1 linear equality constraint
 There are 228 linear inequality constraints
 
 There are 7 variables bounded from below and above 
 
 
 File successfully decoded
/home/abel/documentos/dcicpp-newrun/output-dcicpp-fast-2016-11-22--17:14
No tools
make: *** No rule to make target 'dcicpp'.  Stop.
Starting
Solving
Showing
**********************************************************
Problem name: DUALC2  

Number of Variables: 7
Number of Constraints: 229
             Equality: 1
           has_inequality: 228

EXIT: The Algorithm has Converged
f(x) = 4714.31
|c(x)| = 3.13589e-08
|g(x) + J(x)'*y| = 5.91573e-07
y offset = 5.78909e-10
Number of Iterations = 90
Elapsed Time = 0.343367 s
Normal iterations = 1
Average number of normal iterations = 0.0111111
Maximum number of normal iterations during one iteration = 1
Iterations with 0  normal iterations = 89
Iterations with 1  normal iteration  = 1
Iterations with 2+ normal iterations = 0
Restorations = 6
Average number of restorations per normal iteration = 6
**********************************************************
Done
Setup time: 0.003333
Execution time: 0.596666
