sifdecoder -A pc64.lnx.gfo  EXTRASIM

 Problem name: EXTRASIM

 Double precision version will be formed

 The objective function uses 1 linear group
 
 There is 1 linear equality constraint
 
 There is 1 free variable 
 There is 1 variable bounded only from below 
 
 
 File successfully decoded
/home/abel/documentos/dcicpp-newrun/output-dcicpp-fast-2016-11-22--17:14
No tools
make: *** No rule to make target 'dcicpp'.  Stop.
Starting
Solving
Showing
**********************************************************
Problem name: EXTRASIM

Number of Variables: 2
Number of Constraints: 1
             Equality: 1
           has_inequality: 0

EXIT: The Algorithm has Converged
f(x) = 1
|c(x)| = 2.22045e-16
|g(x) + J(x)'*y| = 7.17681e-08
y offset = 0
Number of Iterations = 3
Elapsed Time = 0.00023675 s
Normal iterations = 1
Average number of normal iterations = 0.333333
Maximum number of normal iterations during one iteration = 1
Iterations with 0  normal iterations = 2
Iterations with 1  normal iteration  = 1
Iterations with 2+ normal iterations = 0
Restorations = 1
Average number of restorations per normal iteration = 1
**********************************************************
Done
Setup time: 0.003333
Execution time: -5.66244e-13
