sifdecoder -A pc64.lnx.gfo  GOULDQP1

 Problem name: GOULDQP1

 Double precision version will be formed

 The objective function uses 1 nonlinear group
 
 There are 17 linear equality constraints
 
 There are 32 variables bounded from below and above 
 
 
 File successfully decoded
/home/abel/documentos/dcicpp-newrun/output-dcicpp-fast-2016-11-22--17:14
No tools
make: *** No rule to make target 'dcicpp'.  Stop.
Starting
Solving
Showing
**********************************************************
Problem name: GOULDQP1

Number of Variables: 32
Number of Constraints: 17
             Equality: 17
           has_inequality: 0

EXIT: The Algorithm has Converged
f(x) = -3485.04
|c(x)| = 5.96807e-11
|g(x) + J(x)'*y| = 9.90079e-07
y offset = 0
Number of Iterations = 211
Elapsed Time = 0.00848007 s
Normal iterations = 1
Average number of normal iterations = 0.00473934
Maximum number of normal iterations during one iteration = 1
Iterations with 0  normal iterations = 210
Iterations with 1  normal iteration  = 1
Iterations with 2+ normal iterations = 0
Restorations = 1
Average number of restorations per normal iteration = 1
**********************************************************
Done
Setup time: 0
Execution time: 0.033332
