sifdecoder -A pc64.lnx.gfo  HIMMELP4

 Problem name: HIMMELP4

 Double precision version will be formed

 The objective function uses 1 nonlinear group
 
 There are 3 nonlinear inequality constraints
 
 There are 2 variables bounded from below and above 
 
 
 File successfully decoded
/home/abel/documentos/dcicpp-newrun/output-dcicpp-fast-2016-11-22--17:14
No tools
make: *** No rule to make target 'dcicpp'.  Stop.
Starting
Solving
Showing
**********************************************************
Problem name: HIMMELP4

Number of Variables: 2
Number of Constraints: 3
             Equality: 0
           has_inequality: 3

EXIT: The Algorithm has Converged
f(x) = -59.0088
|c(x)| = 5.02487e-07
|g(x) + J(x)'*y| = 9.99848e-07
y offset = 0
Number of Iterations = 4312
Elapsed Time = 0.0662816 s
Normal iterations = 558
Average number of normal iterations = 0.129406
Maximum number of normal iterations during one iteration = 1
Iterations with 0  normal iterations = 3754
Iterations with 1  normal iteration  = 558
Iterations with 2+ normal iterations = 0
Restorations = 558
Average number of restorations per normal iteration = 1
**********************************************************
Done
Setup time: 0.003333
Execution time: 0.263333
