sifdecoder -A pc64.lnx.gfo  HIMMELP5

 Problem name: HIMMELP5

 Double precision version will be formed

 The objective function uses 1 nonlinear group
 
 There are 3 nonlinear inequality constraints
 
 There are 2 variables bounded from below and above 
 
 
 File successfully decoded
/home/abel/documentos/dcicpp-newrun/output-dcicpp-fast-2016-11-22--17:14
No tools
make: *** No rule to make target 'dcicpp'.  Stop.
Starting
Solving
Showing
**********************************************************
Problem name: HIMMELP5

Number of Variables: 2
Number of Constraints: 3
             Equality: 0
           has_inequality: 3

EXIT: The maximum number of iterations was reached
f(x) = -58.8878
|c(x)| = 1.01186e-06
|g(x) + J(x)'*y| = 4.59602e-06
y offset = 0
Number of Iterations = 10001
Elapsed Time = 0.128026 s
Normal iterations = 1027
Average number of normal iterations = 0.10269
Maximum number of normal iterations during one iteration = 2
Iterations with 0  normal iterations = 8975
Iterations with 1  normal iteration  = 1025
Iterations with 2+ normal iterations = 1
Restorations = 1044
Average number of restorations per normal iteration = 1
**********************************************************
Done
Setup time: 0.003333
Execution time: 0.383332
