sifdecoder -A pc64.lnx.gfo  HS109

 Problem name: HS109

 Double precision version will be formed

 The objective function uses 1 nonlinear group
 
 There are 2 linear inequality constraints
 There are 6 nonlinear equality constraints
 There are 2 nonlinear inequality constraints
 
 There are 2 variables bounded only from below 
 There are 7 variables bounded from below and above 
 
 
 File successfully decoded
/home/abel/documentos/dcicpp-newrun/output-dcicpp-fast-2016-11-22--17:14
No tools
make: *** No rule to make target 'dcicpp'.  Stop.
Starting
Solving
diagonal below threshold
Status = 2
File   = ../Core/cholmod_common.c
Line   = 707
diagonal below threshold
Status = 2
File   = ../Core/cholmod_common.c
Line   = 707
Showing
**********************************************************
Problem name: HS109   

Number of Variables: 9
Number of Constraints: 10
             Equality: 6
           has_inequality: 4

EXIT: The maximum number of iterations was reached
Cholesky failed
f(x) = 5650.58
|c(x)| = 1.5082e-08
|g(x) + J(x)'*y| = 8.90654e-05
y offset = 0
Number of Iterations = 10001
Elapsed Time = 0.706789 s
Normal iterations = 4517
Average number of normal iterations = 0.451655
Maximum number of normal iterations during one iteration = 1
Iterations with 0  normal iterations = 5484
Iterations with 1  normal iteration  = 4517
Iterations with 2+ normal iterations = 0
Restorations = 4932
Average number of restorations per normal iteration = 1
**********************************************************
Done
Setup time: 0.003333
Execution time: 0.959999
