sifdecoder -A pc64.lnx.gfo  HS104

 Problem name: HS104

 Double precision version will be formed

 The objective function uses 1 nonlinear group
 
 There are 5 nonlinear inequality constraints
 
 There are 8 variables bounded from below and above 
 
 
 File successfully decoded
/home/abel/documentos/dcicpp-newrun/output-dcicpp-fast-2016-11-22--17:14
No tools
make: *** No rule to make target 'dcicpp'.  Stop.
Starting
Solving
Showing
**********************************************************
Problem name: HS104   

Number of Variables: 8
Number of Constraints: 5
             Equality: 0
           has_inequality: 5

EXIT: The Algorithm has Converged
f(x) = 3.95116
|c(x)| = 3.24724e-07
|g(x) + J(x)'*y| = 6.59766e-08
y offset = 7.15185e-11
Number of Iterations = 20
Elapsed Time = 0.00249338 s
Normal iterations = 5
Average number of normal iterations = 0.25
Maximum number of normal iterations during one iteration = 1
Iterations with 0  normal iterations = 15
Iterations with 1  normal iteration  = 5
Iterations with 2+ normal iterations = 0
Restorations = 95
Average number of restorations per normal iteration = 19
**********************************************************
Done
Setup time: 0.003333
Execution time: 0.009999
