sifdecoder -A pc64.lnx.gfo  HS17

 Problem name: HS17

 Double precision version will be formed

 The objective function uses 1 nonlinear group
 
 There are 2 nonlinear inequality constraints
 
 There is 1 variable bounded only from above 
 There is 1 variable bounded from below and above 
 
 
 File successfully decoded
/home/abel/documentos/dcicpp-newrun/output-dcicpp-fast-2016-11-22--17:14
No tools
make: *** No rule to make target 'dcicpp'.  Stop.
Starting
Solving
Showing
**********************************************************
Problem name: HS17    

Number of Variables: 2
Number of Constraints: 2
             Equality: 0
           has_inequality: 2

EXIT: The Algorithm has Converged
f(x) = 2.25
|c(x)| = 9.38258e-07
|g(x) + J(x)'*y| = 4.4248e-08
y offset = 1.41554e-11
Number of Iterations = 1
Elapsed Time = 0.00111604 s
Normal iterations = 3
Average number of normal iterations = 3
Maximum number of normal iterations during one iteration = 3
Iterations with 0  normal iterations = 0
Iterations with 1  normal iteration  = 0
Iterations with 2+ normal iterations = 1
Restorations = 141
Average number of restorations per normal iteration = 47
**********************************************************
Done
Setup time: 0
Execution time: 0.003333
