sifdecoder -A pc64.lnx.gfo  HS22

 Problem name: HS22

 Double precision version will be formed

 The objective function uses 1 nonlinear group
 
 There is 1 linear inequality constraint
 There is 1 nonlinear inequality constraint
 
 There are 2 free variables
 
 
 File successfully decoded
/home/abel/documentos/dcicpp-newrun/output-dcicpp-fast-2016-11-22--17:14
No tools
make: *** No rule to make target 'dcicpp'.  Stop.
Starting
Solving
Showing
**********************************************************
Problem name: HS22    

Number of Variables: 2
Number of Constraints: 2
             Equality: 0
           has_inequality: 2

EXIT: The Algorithm has Converged
f(x) = 1
|c(x)| = 9.49548e-07
|g(x) + J(x)'*y| = 7.80368e-07
y offset = 0
Number of Iterations = 5
Elapsed Time = 0.00119281 s
Normal iterations = 5
Average number of normal iterations = 1
Maximum number of normal iterations during one iteration = 2
Iterations with 0  normal iterations = 1
Iterations with 1  normal iteration  = 3
Iterations with 2+ normal iterations = 1
Restorations = 150
Average number of restorations per normal iteration = 30
**********************************************************
Done
Setup time: 0
Execution time: 0.006666
