sifdecoder -A pc64.lnx.gfo  HS49

 Problem name: HS49

 Double precision version will be formed

 The objective function uses 1 nonlinear group
 
 There are 2 linear equality constraints
 
 There are 5 free variables
 
 
 File successfully decoded
/home/abel/documentos/dcicpp-newrun/output-dcicpp-fast-2016-11-22--17:14
No tools
make: *** No rule to make target 'dcicpp'.  Stop.
Starting
Solving
Showing
**********************************************************
Problem name: HS49    

Number of Variables: 5
Number of Constraints: 2
             Equality: 2
           has_inequality: 0

EXIT: The Algorithm has Converged
f(x) = 7.50769e-06
|c(x)| = 1.60119e-15
|g(x) + J(x)'*y| = 4.55705e-07
y offset = 0
Number of Iterations = 14
Elapsed Time = 0.000452518 s
Normal iterations = 1
Average number of normal iterations = 0.0714286
Maximum number of normal iterations during one iteration = 1
Iterations with 0  normal iterations = 13
Iterations with 1  normal iteration  = 1
Iterations with 2+ normal iterations = 0
Restorations = 1
Average number of restorations per normal iteration = 1
**********************************************************
Done
Setup time: 0
Execution time: 0.003333
