sifdecoder -A pc64.lnx.gfo  HS57

 Problem name: HS57

 Double precision version will be formed

 The objective function uses 1 nonlinear group
 
 There is 1 nonlinear inequality constraint
 
 There are 2 variables bounded only from below 
 
 
 File successfully decoded
/home/abel/documentos/dcicpp-newrun/output-dcicpp-fast-2016-11-22--17:14
No tools
make: *** No rule to make target 'dcicpp'.  Stop.
Starting
Solving
Showing
**********************************************************
Problem name: HS57    

Number of Variables: 2
Number of Constraints: 1
             Equality: 0
           has_inequality: 1

EXIT: The Algorithm has Converged
f(x) = 0.0306476
|c(x)| = 4.97038e-07
|g(x) + J(x)'*y| = 5.86203e-08
y offset = 0
Number of Iterations = 5
Elapsed Time = 0.000828266 s
Normal iterations = 3
Average number of normal iterations = 0.6
Maximum number of normal iterations during one iteration = 1
Iterations with 0  normal iterations = 2
Iterations with 1  normal iteration  = 3
Iterations with 2+ normal iterations = 0
Restorations = 3
Average number of restorations per normal iteration = 1
**********************************************************
Done
Setup time: 0.003333
Execution time: 0.003333
