sifdecoder -A pc64.lnx.gfo  MATRIX2

 Problem name: MATRIX2

 Double precision version will be formed

 The objective function uses 1 nonlinear group
 
 There are 2 nonlinear inequality constraints
 
 There are 2 free variables
 There are 2 variables bounded only from above 
 There are 2 variables bounded only from below 
 
 
 File successfully decoded
/home/abel/documentos/dcicpp-newrun/output-dcicpp-fast-2016-11-22--17:14
No tools
make: *** No rule to make target 'dcicpp'.  Stop.
Starting
Solving
Showing
**********************************************************
Problem name: MATRIX2 

Number of Variables: 6
Number of Constraints: 2
             Equality: 0
           has_inequality: 2

EXIT: The Algorithm has Converged
f(x) = 4.63338e-06
|c(x)| = 9.15201e-07
|g(x) + J(x)'*y| = 9.43051e-07
y offset = 0
Number of Iterations = 17
Elapsed Time = 0.00346303 s
Normal iterations = 15
Average number of normal iterations = 0.882353
Maximum number of normal iterations during one iteration = 1
Iterations with 0  normal iterations = 2
Iterations with 1  normal iteration  = 15
Iterations with 2+ normal iterations = 0
Restorations = 345
Average number of restorations per normal iteration = 23
**********************************************************
Done
Setup time: 0
Execution time: 0.009999
