sifdecoder -A pc64.lnx.gfo  OPTPRLOC

 Problem name: OPTPRLOC

 Double precision version will be formed

 The objective function uses 1 nonlinear group
 
 There are 5 linear inequality constraints
 There are 25 nonlinear inequality constraints
 
 There are 30 variables bounded from below and above 
 
 
 File successfully decoded
/home/abel/documentos/dcicpp-newrun/output-dcicpp-fast-2016-11-22--17:14
No tools
make: *** No rule to make target 'dcicpp'.  Stop.
Starting
Solving
Showing
**********************************************************
Problem name: OPTPRLOC

Number of Variables: 30
Number of Constraints: 30
             Equality: 0
           has_inequality: 30

EXIT: The Algorithm has Converged
f(x) = -16.3445
|c(x)| = 6.1567e-07
|g(x) + J(x)'*y| = 9.2626e-07
y offset = 0.001
Number of Iterations = 740
Elapsed Time = 0.0910938 s
Normal iterations = 172
Average number of normal iterations = 0.232432
Maximum number of normal iterations during one iteration = 2
Iterations with 0  normal iterations = 569
Iterations with 1  normal iteration  = 170
Iterations with 2+ normal iterations = 1
Restorations = 272
Average number of restorations per normal iteration = 1
**********************************************************
Done
Setup time: 0
Execution time: 0.346666
