sifdecoder -A pc64.lnx.gfo  SIMPLLPA

 Problem name: SIMPLLPA

 Double precision version will be formed

 The objective function uses 1 linear group
 
 There are 2 linear inequality constraints
 
 There are 2 variables bounded only from below 
 
 
 File successfully decoded
/home/abel/documentos/dcicpp-newrun/output-dcicpp-fast-2016-11-22--17:14
No tools
make: *** No rule to make target 'dcicpp'.  Stop.
Starting
Solving
Showing
**********************************************************
Problem name: SIMPLLPA

Number of Variables: 2
Number of Constraints: 2
             Equality: 0
           has_inequality: 2

EXIT: The Algorithm has Converged
f(x) = 0.999999
|c(x)| = 9.71035e-07
|g(x) + J(x)'*y| = 5.28723e-12
y offset = 0
Number of Iterations = 17
Elapsed Time = 0.00136924 s
Normal iterations = 5
Average number of normal iterations = 0.294118
Maximum number of normal iterations during one iteration = 2
Iterations with 0  normal iterations = 13
Iterations with 1  normal iteration  = 3
Iterations with 2+ normal iterations = 1
Restorations = 151
Average number of restorations per normal iteration = 30
**********************************************************
Done
Setup time: 0
Execution time: 0.006666
