sifdecoder -A pc64.lnx.gfo  SYNTHES1

 Problem name: SYNTHES1

 Double precision version will be formed

 The objective function uses 1 nonlinear group
 
 There are 4 linear inequality constraints
 There are 2 nonlinear inequality constraints
 
 There are 6 variables bounded from below and above 
 
 
 File successfully decoded
/home/abel/documentos/dcicpp-newrun/output-dcicpp-fast-2016-11-22--17:14
No tools
make: *** No rule to make target 'dcicpp'.  Stop.
Starting
Solving
Showing
**********************************************************
Problem name: SYNTHES1

Number of Variables: 6
Number of Constraints: 6
             Equality: 0
           has_inequality: 6

EXIT: The Algorithm has Converged
f(x) = 0.759282
|c(x)| = 9.75215e-07
|g(x) + J(x)'*y| = 3.01875e-08
y offset = 0
Number of Iterations = 27
Elapsed Time = 0.00622225 s
Normal iterations = 26
Average number of normal iterations = 0.962963
Maximum number of normal iterations during one iteration = 2
Iterations with 0  normal iterations = 3
Iterations with 1  normal iteration  = 22
Iterations with 2+ normal iterations = 2
Restorations = 505
Average number of restorations per normal iteration = 19
**********************************************************
Done
Setup time: 0
Execution time: 0.023332
