sifdecoder -A pc64.lnx.gfo  SYNTHES3

 Problem name: SYNTHES3

 Double precision version will be formed

 The objective function uses 1 nonlinear group
 
 There are 2 linear equality constraints
 There are 17 linear inequality constraints
 There are 4 nonlinear inequality constraints
 
 There are 17 variables bounded from below and above 
 
 
 File successfully decoded
/home/abel/documentos/dcicpp-newrun/output-dcicpp-fast-2016-11-22--17:14
No tools
make: *** No rule to make target 'dcicpp'.  Stop.
Starting
Solving
Showing
**********************************************************
Problem name: SYNTHES3

Number of Variables: 17
Number of Constraints: 23
             Equality: 2
           has_inequality: 21

EXIT: The Algorithm has Converged
f(x) = 15.0822
|c(x)| = 4.81137e-07
|g(x) + J(x)'*y| = 6.9067e-07
y offset = 2.56855e-06
Number of Iterations = 21
Elapsed Time = 0.0177417 s
Normal iterations = 15
Average number of normal iterations = 0.714286
Maximum number of normal iterations during one iteration = 2
Iterations with 0  normal iterations = 7
Iterations with 1  normal iteration  = 13
Iterations with 2+ normal iterations = 1
Restorations = 307
Average number of restorations per normal iteration = 20
**********************************************************
Done
Setup time: 0
Execution time: 0.053333
