sifdecoder -A pc64.lnx.gfo  TORSION2

 Problem name: TORSION2

 Double precision version will be formed

 The objective function uses 5184 nonlinear groups
 
 There are 5184 variables bounded from below and above 
 There are 292 fixed variables
 
 
 File successfully decoded
/home/abel/documentos/dcicpp-newrun/output-dcicpp-fast-2016-11-22--17:14
No tools
make: *** No rule to make target 'dcicpp'.  Stop.
NOPE preprocessing removed 292 variables
Starting
Solving
Showing
**********************************************************
Problem name: TORSION2

Number of Variables: 5184
Number of Constraints: 0
             Equality: 0
           has_inequality: 0

EXIT: The Algorithm has Converged
f(x) = 1.31909
|c(x)| = 0
|g(x) + J(x)'*y| = 3.23762e-09
y offset = 0
Number of Iterations = 2
Elapsed Time = 0.0125258 s
Normal iterations = 0
Average number of normal iterations = 0
Maximum number of normal iterations during one iteration = 0
Iterations with 0  normal iterations = 2
Iterations with 1  normal iteration  = 0
Iterations with 2+ normal iterations = 0
Restorations = 0
Average number of restorations per normal iteration = NA
**********************************************************
Done
Setup time: 0.136667
Execution time: 0.043334
