sifdecoder -A pc64.lnx.gfo  ZECEVIC4

 Problem name: ZECEVIC4

 Double precision version will be formed

 The objective function uses 1 nonlinear group
 
 There is 1 linear inequality constraint
 There is 1 nonlinear inequality constraint
 
 There are 2 variables bounded from below and above 
 
 
 File successfully decoded
/home/abel/documentos/dcicpp-newrun/output-dcicpp-fast-2016-11-22--17:14
No tools
make: *** No rule to make target 'dcicpp'.  Stop.
Starting
Solving
Showing
**********************************************************
Problem name: ZECEVIC4

Number of Variables: 2
Number of Constraints: 2
             Equality: 0
           has_inequality: 2

EXIT: The Algorithm has Converged
f(x) = 7.55751
|c(x)| = 4.07841e-09
|g(x) + J(x)'*y| = 5.85303e-09
y offset = 0
Number of Iterations = 12
Elapsed Time = 0.000559092 s
Normal iterations = 11
Average number of normal iterations = 0.916667
Maximum number of normal iterations during one iteration = 1
Iterations with 0  normal iterations = 1
Iterations with 1  normal iteration  = 11
Iterations with 2+ normal iterations = 0
Restorations = 36
Average number of restorations per normal iteration = 3
**********************************************************
Done
Setup time: 0
Execution time: 0.003333
