sifdecoder -A pc64.lnx.gfo  ACOPR118

 Problem name: ACOPR118

 Double precision version will be formed

 The objective function uses 2 linear groups
 
 There are 236 nonlinear equality constraints
 There are 490 nonlinear inequality constraints
 
 There are 236 free variables
 There are 108 variables bounded from below and above 
 
 
 File successfully decoded
/home/abel/documentos/dcicpp-newrun/output-dcicpp-dci-fail-2016-11-25--19:36
No tools
make: *** No rule to make target 'dcicpp'.  Stop.
Starting
Solving
Showing
**********************************************************
Problem name: ACOPR118

Number of Variables: 344
Number of Constraints: 726
             Equality: 236
           has_inequality: 490

EXIT: The Algorithm has Converged
f(x) = 129661
|c(x)| = 7.65518e-11
|g(x) + J(x)'*y| = 6.13572e-07
|J(x)'c(x)| = 0.0229002
y offset = 0.0205281
Number of Iterations = 103
Elapsed Time = 1.45316 s

Function evaluations:
  Objective    (*fn, *ofg):     720 (510, 210)
  Gradient     (*ofg):          107
  Constraints  (cfn, ccfsg):    880 (510, 370)
  Jacobian     (ccfsg):         162
  Hessian prod (*hprod):       2395

Normal iterations = 53
Average number of normal iterations = 0.514563
Maximum number of normal iterations during one iteration = 1
Iterations with 0  normal iterations = 50
Iterations with 1  normal iteration  = 53
Iterations with 2+ normal iterations = 0
Restorations = 208
Average number of restorations per normal iteration = 3
**********************************************************
Done
Setup time: 0.086666
Execution time: 1.57
