sifdecoder -A pc64.lnx.gfo  ARGLCLE

 Problem name: ARGLCLE

 Double precision version will be formed

 The objective function uses 1 linear group
 
 There are 399 linear equality constraints
 
 There are 200 free variables
 
 
 File successfully decoded
/home/abel/documentos/dcicpp-newrun/output-dcicpp-dci-fail-2016-11-25--19:36
No tools
make: *** No rule to make target 'dcicpp'.  Stop.
NOPE preprocessing removed 1 contraints
Starting
diagonal below threshold
Status = 2
File   = ../Core/cholmod_common.c
Line   = 719
diagonal below threshold
Status = 2
File   = ../Core/cholmod_common.c
Line   = 719
Solving
diagonal below threshold
Status = 2
File   = ../Core/cholmod_common.c
Line   = 719
diagonal below threshold
Status = 2
File   = ../Core/cholmod_common.c
Line   = 719
diagonal below threshold
Status = 2
File   = ../Core/cholmod_common.c
Line   = 719
diagonal below threshold
Status = 2
File   = ../Core/cholmod_common.c
Line   = 719
diagonal below threshold
Status = 2
File   = ../Core/cholmod_common.c
Line   = 719
diagonal below threshold
Status = 2
File   = ../Core/cholmod_common.c
Line   = 719
diagonal below threshold
Status = 2
File   = ../Core/cholmod_common.c
Line   = 719
diagonal below threshold
Status = 2
File   = ../Core/cholmod_common.c
Line   = 719
diagonal below threshold
Status = 2
File   = ../Core/cholmod_common.c
Line   = 719
