sifdecoder -A pc64.lnx.gfo  CAMSHAPE

 Problem name: CAMSHAPE

 Double precision version will be formed

 The objective function uses 1 linear group
 
 There are 802 linear inequality constraints
 There are 801 nonlinear inequality constraints
 
 There are 800 variables bounded from below and above 
 
 
 File successfully decoded
/home/abel/documentos/dcicpp-newrun/output-dcicpp-dci-fail-2016-11-25--19:36
No tools
make: *** No rule to make target 'dcicpp'.  Stop.
NOPE preprocessing removed 3 contraints
Starting
Solving
diagonal below threshold
Status = 2
File   = ../Core/cholmod_common.c
Line   = 719
Showing
**********************************************************
Problem name: CAMSHAPE

Number of Variables: 800
Number of Constraints: 1600
             Equality: 0
           has_inequality: 1600

EXIT: The maximum number of restorarions was reached
Cholesky failed
f(x) = -4.23569
|c(x)| = 6.41992e-06
|g(x) + J(x)'*y| = 4.78225e-05
|J(x)'c(x)| = 3.25569e-06
y offset = 1.1428
Number of Iterations = 17
Elapsed Time = 9.33898 s

Function evaluations:
  Objective    (*fn, *ofg):    1643 (1601, 42)
  Gradient     (*ofg):           25
  Constraints  (cfn, ccfsg):  16443 (1601, 14842)
  Jacobian     (ccfsg):        4781
  Hessian prod (*hprod):         80

Normal iterations = 14
Average number of normal iterations = 0.823529
Maximum number of normal iterations during one iteration = 3
Iterations with 0  normal iterations = 6
Iterations with 1  normal iteration  = 9
Iterations with 2+ normal iterations = 2
Restorations = 10061
Average number of restorations per normal iteration = 718
**********************************************************
Done
Setup time: 0.029999
Execution time: 9.41667
