sifdecoder -A pc64.lnx.gfo  CONGIGMZ

 Problem name: CONGIGMZ

 Double precision version will be formed

 The objective function uses 1 linear group
 
 There are 3 linear inequality constraints
 There are 2 nonlinear inequality constraints
 
 There are 3 free variables
 
 
 File successfully decoded
/home/abel/documentos/dcicpp-newrun/output-dcicpp-dci-fail-2016-11-25--19:36
No tools
make: *** No rule to make target 'dcicpp'.  Stop.
Starting
Solving
Showing
**********************************************************
Problem name: CONGIGMZ

Number of Variables: 3
Number of Constraints: 5
             Equality: 0
           has_inequality: 5

EXIT: The Algorithm has Converged
f(x) = 28
|c(x)| = 2.46844e-10
|g(x) + J(x)'*y| = 5.55966e-07
|J(x)'c(x)| = 0.00130574
y offset = 0
Number of Iterations = 5
Elapsed Time = 0.00212908 s

Function evaluations:
  Objective    (*fn, *ofg):      63 (47, 16)
  Gradient     (*ofg):           11
  Constraints  (cfn, ccfsg):    410 (47, 363)
  Jacobian     (ccfsg):          74
  Hessian prod (*hprod):         35

Normal iterations = 6
Average number of normal iterations = 1.2
Maximum number of normal iterations during one iteration = 4
Iterations with 0  normal iterations = 2
Iterations with 1  normal iteration  = 2
Iterations with 2+ normal iterations = 1
Restorations = 289
Average number of restorations per normal iteration = 48
**********************************************************
Done
Setup time: 0
Execution time: 0.006666
