sifdecoder -A pc64.lnx.gfo  CRESC4

 Problem name: CRESC4

 Double precision version will be formed

 The objective function uses 1 nonlinear group
 
 There are 8 nonlinear inequality constraints
 
 There are 2 free variables
 There are 3 variables bounded only from below 
 There is 1 variable bounded from below and above 
 
 
 File successfully decoded
/home/abel/documentos/dcicpp-newrun/output-dcicpp-dci-fail-2016-11-25--19:36
No tools
make: *** No rule to make target 'dcicpp'.  Stop.
Starting
Solving
NormalFlag = 2
Showing
**********************************************************
Problem name: CRESC4  

Number of Variables: 6
Number of Constraints: 8
             Equality: 0
           has_inequality: 8

EXIT: Stopped at a stationary for the infeasibility
f(x) = 4.65357
|c(x)| = 0.657007
|g(x) + J(x)'*y| = 0.0583717
|J(x)'c(x)| = 0
y offset = 0.0203067
Number of Iterations = 29
Elapsed Time = 0.00740337 s

Function evaluations:
  Objective    (*fn, *ofg):     169 (109, 60)
  Gradient     (*ofg):           31
  Constraints  (cfn, ccfsg):    988 (109, 879)
  Jacobian     (ccfsg):         182
  Hessian prod (*hprod):         86

Normal iterations = 25
Average number of normal iterations = 0.862069
Maximum number of normal iterations during one iteration = 1
Iterations with 0  normal iterations = 4
Iterations with 1  normal iteration  = 25
Iterations with 2+ normal iterations = 0
Restorations = 701
Average number of restorations per normal iteration = 28
**********************************************************
Done
Setup time: 0.003333
Execution time: 0.029999
