sifdecoder -A pc64.lnx.gfo  DEGENLPA

 Problem name: DEGENLPA

 Double precision version will be formed

 The objective function uses 1 linear group
 
 There are 15 linear equality constraints
 
 There are 20 variables bounded from below and above 
 
 
 File successfully decoded
/home/abel/documentos/dcicpp-newrun/output-dcicpp-dci-fail-2016-11-25--19:36
No tools
make: *** No rule to make target 'dcicpp'.  Stop.
Starting
Solving
diagonal below threshold
Status = 2
File   = ../Core/cholmod_common.c
Line   = 719
Showing
**********************************************************
Problem name: DEGENLPA

Number of Variables: 20
Number of Constraints: 15
             Equality: 15
           has_inequality: 0

EXIT: The maximum number of restorarions was reached
Cholesky failed
f(x) = 89.9035
|c(x)| = 0.455962
|g(x) + J(x)'*y| = 1.92032e-05
|J(x)'c(x)| = 1.55812
y offset = 0
Number of Iterations = 2
Elapsed Time = 0.162528 s

Function evaluations:
  Objective    (*fn, *ofg):    1308 (1302, 6)
  Gradient     (*ofg):            4
  Constraints  (cfn, ccfsg):  16010 (1302, 14708)
  Jacobian     (ccfsg):        4661
  Hessian prod (*hprod):        133

Normal iterations = 2
Average number of normal iterations = 1
Maximum number of normal iterations during one iteration = 1
Iterations with 0  normal iterations = 0
Iterations with 1  normal iteration  = 2
Iterations with 2+ normal iterations = 0
Restorations = 10047
Average number of restorations per normal iteration = 5023
**********************************************************
Done
Setup time: 0.003333
Execution time: 0.413333
