sifdecoder -A pc64.lnx.gfo  DISCS

 Problem name: DISCS

 Double precision version will be formed

 The objective function uses 1 linear group
 
 There are 18 nonlinear equality constraints
 There are 48 nonlinear inequality constraints
 
 There are 21 free variables
 There are 12 variables bounded only from below 
 There are 3 fixed variables
 
 
 File successfully decoded
/home/abel/documentos/dcicpp-newrun/output-dcicpp-dci-fail-2016-11-25--19:36
No tools
make: *** No rule to make target 'dcicpp'.  Stop.
NOPE preprocessing removed 3 variables
Starting
Solving
diagonal below threshold
Status = 2
File   = ../Core/cholmod_common.c
Line   = 719
Showing
**********************************************************
Problem name: DISCS   

Number of Variables: 33
Number of Constraints: 66
             Equality: 18
           has_inequality: 48

EXIT: The maximum number of restorarions was reached
Cholesky failed
f(x) = 14.0003
|c(x)| = 11.2304
|g(x) + J(x)'*y| = 0.00565435
|J(x)'c(x)| = 88.3244
y offset = 0.0184905
Number of Iterations = 1
Elapsed Time = 0.496849 s

Function evaluations:
  Objective    (*fn, *ofg):     515 (510, 5)
  Gradient     (*ofg):            4
  Constraints  (cfn, ccfsg):  13017 (510, 12507)
  Jacobian     (ccfsg):        2506
  Hessian prod (*hprod):          1

Normal iterations = 2
Average number of normal iterations = 2
Maximum number of normal iterations during one iteration = 2
Iterations with 0  normal iterations = 0
Iterations with 1  normal iteration  = 0
Iterations with 2+ normal iterations = 1
Restorations = 10001
Average number of restorations per normal iteration = 5000
**********************************************************
Done
Setup time: 0
Execution time: 0.743332
