sifdecoder -A pc64.lnx.gfo  ELATTAR

 Problem name: ELATTAR

 Double precision version will be formed

 The objective function uses 1 linear group
 
 There are 102 nonlinear inequality constraints
 
 There are 7 free variables
 
 
 File successfully decoded
/home/abel/documentos/dcicpp-newrun/output-dcicpp-dci-fail-2016-11-25--19:36
No tools
make: *** No rule to make target 'dcicpp'.  Stop.
Starting
Solving
diagonal below threshold
Status = 2
File   = ../Core/cholmod_common.c
Line   = 719
diagonal below threshold
Status = 2
File   = ../Core/cholmod_common.c
Line   = 719
diagonal below threshold
Status = 2
File   = ../Core/cholmod_common.c
Line   = 719
diagonal below threshold
Status = 2
File   = ../Core/cholmod_common.c
Line   = 719
diagonal below threshold
Status = 2
File   = ../Core/cholmod_common.c
Line   = 719
diagonal below threshold
Status = 2
File   = ../Core/cholmod_common.c
Line   = 719
diagonal below threshold
Status = 2
File   = ../Core/cholmod_common.c
Line   = 719
diagonal below threshold
Status = 2
File   = ../Core/cholmod_common.c
Line   = 719
diagonal below threshold
Status = 2
File   = ../Core/cholmod_common.c
Line   = 719
diagonal below threshold
Status = 2
File   = ../Core/cholmod_common.c
Line   = 719
diagonal below threshold
Status = 2
File   = ../Core/cholmod_common.c
Line   = 719
diagonal below threshold
Status = 2
File   = ../Core/cholmod_common.c
Line   = 719
diagonal below threshold
Status = 2
File   = ../Core/cholmod_common.c
Line   = 719
diagonal below threshold
Status = 2
File   = ../Core/cholmod_common.c
Line   = 719
diagonal below threshold
Status = 2
File   = ../Core/cholmod_common.c
Line   = 719
diagonal below threshold
Status = 2
File   = ../Core/cholmod_common.c
Line   = 719
diagonal below threshold
Status = 2
File   = ../Core/cholmod_common.c
Line   = 719
diagonal below threshold
Status = 2
File   = ../Core/cholmod_common.c
Line   = 719
diagonal below threshold
Status = 2
File   = ../Core/cholmod_common.c
Line   = 719
diagonal below threshold
Status = 2
File   = ../Core/cholmod_common.c
Line   = 719
diagonal below threshold
Status = 2
File   = ../Core/cholmod_common.c
Line   = 719
diagonal below threshold
Status = 2
File   = ../Core/cholmod_common.c
Line   = 719
diagonal below threshold
Status = 2
File   = ../Core/cholmod_common.c
Line   = 719
diagonal below threshold
Status = 2
File   = ../Core/cholmod_common.c
Line   = 719
diagonal below threshold
Status = 2
File   = ../Core/cholmod_common.c
Line   = 719
diagonal below threshold
Status = 2
File   = ../Core/cholmod_common.c
Line   = 719
diagonal below threshold
Status = 2
File   = ../Core/cholmod_common.c
Line   = 719
diagonal below threshold
Status = 2
File   = ../Core/cholmod_common.c
Line   = 719
diagonal below threshold
Status = 2
File   = ../Core/cholmod_common.c
Line   = 719
diagonal below threshold
Status = 2
File   = ../Core/cholmod_common.c
Line   = 719
diagonal below threshold
Status = 2
File   = ../Core/cholmod_common.c
Line   = 719
diagonal below threshold
Status = 2
File   = ../Core/cholmod_common.c
Line   = 719
diagonal below threshold
Status = 2
File   = ../Core/cholmod_common.c
Line   = 719
diagonal below threshold
Status = 2
File   = ../Core/cholmod_common.c
Line   = 719
diagonal below threshold
Status = 2
File   = ../Core/cholmod_common.c
Line   = 719
diagonal below threshold
Status = 2
File   = ../Core/cholmod_common.c
Line   = 719
diagonal below threshold
Status = 2
File   = ../Core/cholmod_common.c
Line   = 719
diagonal below threshold
Status = 2
File   = ../Core/cholmod_common.c
Line   = 719
diagonal below threshold
Status = 2
File   = ../Core/cholmod_common.c
Line   = 719
diagonal below threshold
Status = 2
File   = ../Core/cholmod_common.c
Line   = 719
diagonal below threshold
Status = 2
File   = ../Core/cholmod_common.c
Line   = 719
diagonal below threshold
Status = 2
File   = ../Core/cholmod_common.c
Line   = 719
diagonal below threshold
Status = 2
File   = ../Core/cholmod_common.c
Line   = 719
diagonal below threshold
Status = 2
File   = ../Core/cholmod_common.c
Line   = 719
diagonal below threshold
Status = 2
File   = ../Core/cholmod_common.c
Line   = 719
diagonal below threshold
Status = 2
File   = ../Core/cholmod_common.c
Line   = 719
diagonal below threshold
Status = 2
File   = ../Core/cholmod_common.c
Line   = 719
diagonal below threshold
Status = 2
File   = ../Core/cholmod_common.c
Line   = 719
diagonal below threshold
Status = 2
File   = ../Core/cholmod_common.c
Line   = 719
diagonal below threshold
Status = 2
File   = ../Core/cholmod_common.c
Line   = 719
diagonal below threshold
Status = 2
File   = ../Core/cholmod_common.c
Line   = 719
diagonal below threshold
Status = 2
File   = ../Core/cholmod_common.c
Line   = 719
diagonal below threshold
Status = 2
File   = ../Core/cholmod_common.c
Line   = 719
diagonal below threshold
Status = 2
File   = ../Core/cholmod_common.c
Line   = 719
diagonal below threshold
Status = 2
File   = ../Core/cholmod_common.c
Line   = 719
diagonal below threshold
Status = 2
File   = ../Core/cholmod_common.c
Line   = 719
diagonal below threshold
Status = 2
File   = ../Core/cholmod_common.c
Line   = 719
diagonal below threshold
Status = 2
File   = ../Core/cholmod_common.c
Line   = 719
diagonal below threshold
Status = 2
File   = ../Core/cholmod_common.c
Line   = 719
diagonal below threshold
Status = 2
File   = ../Core/cholmod_common.c
Line   = 719
diagonal below threshold
Status = 2
File   = ../Core/cholmod_common.c
Line   = 719
diagonal below threshold
Status = 2
File   = ../Core/cholmod_common.c
Line   = 719
diagonal below threshold
Status = 2
File   = ../Core/cholmod_common.c
Line   = 719
diagonal below threshold
Status = 2
File   = ../Core/cholmod_common.c
Line   = 719
diagonal below threshold
Status = 2
File   = ../Core/cholmod_common.c
Line   = 719
diagonal below threshold
Status = 2
File   = ../Core/cholmod_common.c
Line   = 719
diagonal below threshold
Status = 2
File   = ../Core/cholmod_common.c
Line   = 719
diagonal below threshold
Status = 2
File   = ../Core/cholmod_common.c
Line   = 719
diagonal below threshold
Status = 2
File   = ../Core/cholmod_common.c
Line   = 719
diagonal below threshold
Status = 2
File   = ../Core/cholmod_common.c
Line   = 719
diagonal below threshold
Status = 2
File   = ../Core/cholmod_common.c
Line   = 719
diagonal below threshold
Status = 2
File   = ../Core/cholmod_common.c
Line   = 719
diagonal below threshold
Status = 2
File   = ../Core/cholmod_common.c
Line   = 719
diagonal below threshold
Status = 2
File   = ../Core/cholmod_common.c
Line   = 719
diagonal below threshold
Status = 2
File   = ../Core/cholmod_common.c
Line   = 719
Showing
**********************************************************
Problem name: ELATTAR 

Number of Variables: 7
Number of Constraints: 102
             Equality: 0
           has_inequality: 102

EXIT: The maximum number of restorarions was reached
Cholesky failed
f(x) = 30.6455
|c(x)| = 6.98626e+20
|g(x) + J(x)'*y| = 0.0362436
|J(x)'c(x)| = 5.54013e+20
y offset = 4.36632e-23
Number of Iterations = 2
Elapsed Time = 2.80087 s

Function evaluations:
  Objective    (*fn, *ofg):    1973 (1964, 9)
  Gradient     (*ofg):            7
  Constraints  (cfn, ccfsg):  17888 (1964, 15924)
  Jacobian     (ccfsg):        5923
  Hessian prod (*hprod):          1

Normal iterations = 3
Average number of normal iterations = 1.5
Maximum number of normal iterations during one iteration = 3
Iterations with 0  normal iterations = 1
Iterations with 1  normal iteration  = 0
Iterations with 2+ normal iterations = 1
Restorations = 10001
Average number of restorations per normal iteration = 3333
**********************************************************
Done
Setup time: 0
Execution time: 2.99333
