sifdecoder -A pc64.lnx.gfo  GROWTH

 Problem name: GROWTH

 Double precision version will be formed

 
 There are 12 nonlinear equality constraints
 
 There are 3 free variables
 
 
 File successfully decoded
/home/abel/documentos/dcicpp-newrun/output-dcicpp-dci-fail-2016-11-25--19:36
No tools
make: *** No rule to make target 'dcicpp'.  Stop.
Starting
Solving
diagonal below threshold
Status = 2
File   = ../Core/cholmod_common.c
Line   = 719
diagonal below threshold
Status = 2
File   = ../Core/cholmod_common.c
Line   = 707
diagonal below threshold
Status = 2
File   = ../Core/cholmod_common.c
Line   = 719
diagonal below threshold
Status = 2
File   = ../Core/cholmod_common.c
Line   = 719
Showing
**********************************************************
Problem name: GROWTH  

Number of Variables: 3
Number of Constraints: 12
             Equality: 12
           has_inequality: 0

EXIT: The maximum number of restorarions was reached
Cholesky failed
f(x) = 0
|c(x)| = 1.00257
|g(x) + J(x)'*y| = 0
|J(x)'c(x)| = 3.40626
y offset = 0
Number of Iterations = 1
Elapsed Time = 0.093308 s

Function evaluations:
  Objective    (*fn, *ofg):    1111 (1106, 5)
  Gradient     (*ofg):            4
  Constraints  (cfn, ccfsg):  15324 (1106, 14218)
  Jacobian     (ccfsg):        4217
  Hessian prod (*hprod):          0

Normal iterations = 2
Average number of normal iterations = 2
Maximum number of normal iterations during one iteration = 2
Iterations with 0  normal iterations = 0
Iterations with 1  normal iteration  = 0
Iterations with 2+ normal iterations = 1
Restorations = 10001
Average number of restorations per normal iteration = 5000
**********************************************************
Done
Setup time: 0
Execution time: 0.293332
