sifdecoder -A pc64.lnx.gfo  HIMMELBD

 Problem name: HIMMELBD

 Double precision version will be formed

 
 There are 2 nonlinear equality constraints
 
 There are 2 free variables
 
 
 File successfully decoded
/home/abel/documentos/dcicpp-newrun/output-dcicpp-dci-fail-2016-11-25--19:36
No tools
make: *** No rule to make target 'dcicpp'.  Stop.
Starting
Solving
Showing
**********************************************************
Problem name: HIMMELBD

Number of Variables: 2
Number of Constraints: 2
             Equality: 2
           has_inequality: 0

EXIT: The maximum number of restorarions was reached
f(x) = 0
|c(x)| = 2.47447
|g(x) + J(x)'*y| = 0
|J(x)'c(x)| = 42.0249
y offset = 0
Number of Iterations = 1
Elapsed Time = 0.045716 s

Function evaluations:
  Objective    (*fn, *ofg):    1058 (1053, 5)
  Gradient     (*ofg):            4
  Constraints  (cfn, ccfsg):  14367 (1053, 13314)
  Jacobian     (ccfsg):        3313
  Hessian prod (*hprod):          0

Normal iterations = 2
Average number of normal iterations = 2
Maximum number of normal iterations during one iteration = 2
Iterations with 0  normal iterations = 0
Iterations with 1  normal iteration  = 0
Iterations with 2+ normal iterations = 1
Restorations = 10001
Average number of restorations per normal iteration = 5000
**********************************************************
Done
Setup time: 0
Execution time: 0.126665
