sifdecoder -A pc64.lnx.gfo  HS84

 Problem name: HS84

 Double precision version will be formed

 The objective function uses 1 nonlinear group
 
 There are 3 nonlinear inequality constraints
 
 There are 5 variables bounded from below and above 
 
 
 File successfully decoded
/home/abel/documentos/dcicpp-newrun/output-dcicpp-dci-fail-2016-11-25--19:36
No tools
make: *** No rule to make target 'dcicpp'.  Stop.
Starting
Solving
Showing
**********************************************************
Problem name: HS84    

Number of Variables: 5
Number of Constraints: 3
             Equality: 0
           has_inequality: 3

EXIT: The Algorithm has Converged
f(x) = -5.28033e+06
|c(x)| = 5.76961e-10
|g(x) + J(x)'*y| = 6.03856e-07
|J(x)'c(x)| = 0.515662
y offset = 1.91366e-05
Number of Iterations = 83
Elapsed Time = 0.00396609 s

Function evaluations:
  Objective    (*fn, *ofg):     491 (324, 167)
  Gradient     (*ofg):           84
  Constraints  (cfn, ccfsg):    761 (324, 437)
  Jacobian     (ccfsg):         121
  Hessian prod (*hprod):        267

Normal iterations = 45
Average number of normal iterations = 0.542169
Maximum number of normal iterations during one iteration = 1
Iterations with 0  normal iterations = 38
Iterations with 1  normal iteration  = 45
Iterations with 2+ normal iterations = 0
Restorations = 316
Average number of restorations per normal iteration = 7
**********************************************************
Done
Setup time: 0.003333
Execution time: 0.013332
