sifdecoder -A pc64.lnx.gfo  HS85

 Problem name: HS85

 Double precision version will be formed

 The objective function uses 1 nonlinear group
 
 There is 1 linear inequality constraint
 There are 20 nonlinear inequality constraints
 
 There are 5 variables bounded from below and above 
 
 
 File successfully decoded
/home/abel/documentos/dcicpp-newrun/output-dcicpp-dci-fail-2016-11-25--19:36
No tools
make: *** No rule to make target 'dcicpp'.  Stop.
Starting
Solving
Showing
**********************************************************
Problem name: HS85    

Number of Variables: 5
Number of Constraints: 21
             Equality: 0
           has_inequality: 21

EXIT: The Algorithm has Converged
f(x) = -2.21558
|c(x)| = 2.60245e-13
|g(x) + J(x)'*y| = 2.33768e-07
|J(x)'c(x)| = 0.00531945
y offset = 0.000172854
Number of Iterations = 299
Elapsed Time = 0.601324 s

Function evaluations:
  Objective    (*fn, *ofg):    2188 (1588, 600)
  Gradient     (*ofg):          301
  Constraints  (cfn, ccfsg):   3055 (1588, 1467)
  Jacobian     (ccfsg):         590
  Hessian prod (*hprod):       1288

Normal iterations = 291
Average number of normal iterations = 0.973244
Maximum number of normal iterations during one iteration = 1
Iterations with 0  normal iterations = 8
Iterations with 1  normal iteration  = 291
Iterations with 2+ normal iterations = 0
Restorations = 877
Average number of restorations per normal iteration = 3
**********************************************************
Done
Setup time: 0
Execution time: 0.763332
