sifdecoder -A pc64.lnx.gfo  HS87

 Problem name: HS87

 Double precision version will be formed

 The objective function uses 1 nonlinear group
 
 There are 4 nonlinear equality constraints
 
 There are 6 variables bounded from below and above 
 
 
 File successfully decoded
/home/abel/documentos/dcicpp-newrun/output-dcicpp-dci-fail-2016-11-25--19:36
No tools
make: *** No rule to make target 'dcicpp'.  Stop.
Starting
Solving
Showing
**********************************************************
Problem name: HS87    

Number of Variables: 6
Number of Constraints: 4
             Equality: 4
           has_inequality: 0

EXIT: The maximum number of iterations was reached
f(x) = 8996.98
|c(x)| = 2.01851e-09
|g(x) + J(x)'*y| = 0.000158485
|J(x)'c(x)| = 0.000930072
y offset = 0
Number of Iterations = 10001
Elapsed Time = 0.25592 s

Function evaluations:
  Objective    (*fn, *ofg):   55835 (35831, 20004)
  Gradient     (*ofg):        10003
  Constraints  (cfn, ccfsg):  45874 (35831, 10043)
  Jacobian     (ccfsg):       10012
  Hessian prod (*hprod):      35826

Normal iterations = 5
Average number of normal iterations = 0.00049995
Maximum number of normal iterations during one iteration = 1
Iterations with 0  normal iterations = 9996
Iterations with 1  normal iteration  = 5
Iterations with 2+ normal iterations = 0
Restorations = 31
Average number of restorations per normal iteration = 6
**********************************************************
Done
Setup time: 0.003333
Execution time: 0.449999
