sifdecoder -A pc64.lnx.gfo  LEUVEN2

 Problem name: LEUVEN2

 Double precision version will be formed

 The objective function uses 2 linear groups
 
 There are 1065 linear equality constraints
 There are 1264 linear inequality constraints
 
 There are 920 free variables
 There are 62 variables bounded only from above 
 There are 536 variables bounded from below and above 
 There are 12 fixed variables
 
 
 File successfully decoded
/home/abel/documentos/dcicpp-newrun/output-dcicpp-dci-fail-2016-11-25--19:36
No tools
make: *** No rule to make target 'dcicpp'.  Stop.
NOPE preprocessing removed 12 variables
Starting
Solving
diagonal below threshold
Status = 2
File   = ../Core/cholmod_common.c
Line   = 719
