sifdecoder -A pc64.lnx.gfo  LEWISPOL

 Problem name: LEWISPOL

 Double precision version will be formed

 The objective function uses 1 nonlinear group
 
 There are 3 linear equality constraints
 There are 6 nonlinear equality constraints
 
 There are 6 variables bounded from below and above 
 
 
 File successfully decoded
/home/abel/documentos/dcicpp-newrun/output-dcicpp-dci-fail-2016-11-25--19:36
No tools
make: *** No rule to make target 'dcicpp'.  Stop.
Starting
diagonal below threshold
Status = 2
File   = ../Core/cholmod_common.c
Line   = 719
Solving
Showing
**********************************************************
Problem name: LEWISPOL

Number of Variables: 6
Number of Constraints: 9
             Equality: 9
           has_inequality: 0

EXIT: The maximum number of restorarions was reached
Cholesky failed
f(x) = 1.5672
|c(x)| = 6.18441e-05
|g(x) + J(x)'*y| = 2.44258e-06
|J(x)'c(x)| = 6.70015e-10
y offset = 0
Number of Iterations = 1
Elapsed Time = 0.096164 s

Function evaluations:
  Objective    (*fn, *ofg):    1068 (1063, 5)
  Gradient     (*ofg):            4
  Constraints  (cfn, ccfsg):  15263 (1063, 14200)
  Jacobian     (ccfsg):        4199
  Hessian prod (*hprod):         11

Normal iterations = 1
Average number of normal iterations = 1
Maximum number of normal iterations during one iteration = 1
Iterations with 0  normal iterations = 0
Iterations with 1  normal iteration  = 1
Iterations with 2+ normal iterations = 0
Restorations = 10001
Average number of restorations per normal iteration = 10001
**********************************************************
Done
Setup time: 0
Execution time: 0.229999
