sifdecoder -A pc64.lnx.gfo  MESH

 Problem name: MESH

 Double precision version will be formed

 The objective function uses 3 nonlinear groups
 
 There are 4 linear equality constraints
 There are 24 linear inequality constraints
 There are 20 nonlinear equality constraints
 
 There are 2 free variables
 There are 14 variables bounded only from below 
 There are 17 variables bounded from below and above 
 There are 8 fixed variables
 
 
 File successfully decoded
/home/abel/documentos/dcicpp-newrun/output-dcicpp-dci-fail-2016-11-25--19:36
No tools
make: *** No rule to make target 'dcicpp'.  Stop.
NOPE preprocessing removed 8 variables
Starting
Solving
Showing
**********************************************************
Problem name: MESH    

Number of Variables: 33
Number of Constraints: 48
             Equality: 24
           has_inequality: 24

EXIT: The problem is unlimited
f(x) = -6.0974e+17
|c(x)| = 0.000266607
|g(x) + J(x)'*y| = 1.32687e+15
|J(x)'c(x)| = 0.000740668
y offset = 0.327651
Number of Iterations = 32
Elapsed Time = 0.00476217 s

Function evaluations:
  Objective    (*fn, *ofg):     108 (41, 67)
  Gradient     (*ofg):           35
  Constraints  (cfn, ccfsg):     87 (41, 46)
  Jacobian     (ccfsg):          36
  Hessian prod (*hprod):         38

Normal iterations = 3
Average number of normal iterations = 0.09375
Maximum number of normal iterations during one iteration = 2
Iterations with 0  normal iterations = 30
Iterations with 1  normal iteration  = 1
Iterations with 2+ normal iterations = 1
Restorations = 10
Average number of restorations per normal iteration = 3
**********************************************************
Done
Setup time: 0.003333
Execution time: 0.013332
