sifdecoder -A pc64.lnx.gfo  NET3

 Problem name: NET3

 Double precision version will be formed

 The objective function uses 17 nonlinear groups
 
 There are 195 linear equality constraints
 There are 110 linear inequality constraints
 There are 199 nonlinear equality constraints
 There are 17 nonlinear inequality constraints
 
 There are 220 free variables
 There is 1 variable bounded only from above 
 There are 206 variables bounded from below and above 
 There are 37 fixed variables
 
 
 File successfully decoded
/home/abel/documentos/dcicpp-newrun/output-dcicpp-dci-fail-2016-11-25--19:36
No tools
make: *** No rule to make target 'dcicpp'.  Stop.
NOPE preprocessing removed 91 variables
NOPE preprocessing removed 66 contraints
Starting
Solving
diagonal below threshold
Status = 2
File   = ../Core/cholmod_common.c
Line   = 719
diagonal below threshold
Status = 2
File   = ../Core/cholmod_common.c
Line   = 719
diagonal below threshold
Status = 2
File   = ../Core/cholmod_common.c
Line   = 719
Showing
**********************************************************
Problem name: NET3    

Number of Variables: 373
Number of Constraints: 455
             Equality: 340
           has_inequality: 115

EXIT: The maximum number of restorarions was reached
Cholesky failed
f(x) = 5.85922e+06
|c(x)| = 0.503919
|g(x) + J(x)'*y| = 0.0447218
|J(x)'c(x)| = 0.000116028
y offset = 0
Number of Iterations = 2
Elapsed Time = 6.29041 s

Function evaluations:
  Objective    (*fn, *ofg):    1061 (1055, 6)
  Gradient     (*ofg):            4
  Constraints  (cfn, ccfsg):  18720 (1055, 17665)
  Jacobian     (ccfsg):        4733
  Hessian prod (*hprod):          2

Normal iterations = 2
Average number of normal iterations = 1
Maximum number of normal iterations during one iteration = 1
Iterations with 0  normal iterations = 0
Iterations with 1  normal iteration  = 2
Iterations with 2+ normal iterations = 0
Restorations = 12932
Average number of restorations per normal iteration = 6466
**********************************************************
Done
Setup time: 0.006666
Execution time: 6.53667
