sifdecoder -A pc64.lnx.gfo  PFIT2

 Problem name: PFIT2

 Double precision version will be formed

 
 There are 3 nonlinear equality constraints
 
 There are 2 free variables
 There is 1 variable bounded only from below 
 
 
 File successfully decoded
/home/abel/documentos/dcicpp-newrun/output-dcicpp-dci-fail-2016-11-25--19:36
No tools
make: *** No rule to make target 'dcicpp'.  Stop.
Starting
diagonal below threshold
Status = 2
File   = ../Core/cholmod_common.c
Line   = 719
Solving
Showing
**********************************************************
Problem name: PFIT2   

Number of Variables: 3
Number of Constraints: 3
             Equality: 3
           has_inequality: 0

EXIT: The Algorithm has Converged
Cholesky failed
f(x) = 0
|c(x)| = 4.98554e-09
|g(x) + J(x)'*y| = 0
|J(x)'c(x)| = 0.173878
y offset = 0
Number of Iterations = 2
Elapsed Time = 0.00396276 s

Function evaluations:
  Objective    (*fn, *ofg):     170 (164, 6)
  Gradient     (*ofg):            4
  Constraints  (cfn, ccfsg):   1002 (164, 838)
  Jacobian     (ccfsg):         219
  Hessian prod (*hprod):        129

Normal iterations = 2
Average number of normal iterations = 1
Maximum number of normal iterations during one iteration = 2
Iterations with 0  normal iterations = 1
Iterations with 1  normal iteration  = 0
Iterations with 2+ normal iterations = 1
Restorations = 619
Average number of restorations per normal iteration = 309
**********************************************************
Done
Setup time: 0.003333
Execution time: 0.013333
