sifdecoder -A pc64.lnx.gfo  PRIMALC8

 Problem name: PRIMALC8

 Double precision version will be formed

 The objective function uses 1 nonlinear group
 
 There are 8 linear inequality constraints
 
 There are 17 free variables
 There are 503 variables bounded only from below 
 
 
 File successfully decoded
/home/abel/documentos/dcicpp-newrun/output-dcicpp-dci-fail-2016-11-25--19:36
No tools
make: *** No rule to make target 'dcicpp'.  Stop.
Starting
Solving
NormalFlag = 2
Showing
**********************************************************
Problem name: PRIMALC8

Number of Variables: 520
Number of Constraints: 8
             Equality: 0
           has_inequality: 8

EXIT: Stopped at a stationary for the infeasibility
f(x) = 147.873
|c(x)| = 9880.23
|g(x) + J(x)'*y| = 0.00543814
|J(x)'c(x)| = 0
y offset = 4.27004e-06
Number of Iterations = 2
Elapsed Time = 0.836275 s

Function evaluations:
  Objective    (*fn, *ofg):     184 (178, 6)
  Gradient     (*ofg):            4
  Constraints  (cfn, ccfsg):   4840 (178, 4662)
  Jacobian     (ccfsg):         821
  Hessian prod (*hprod):         83

Normal iterations = 1
Average number of normal iterations = 0.5
Maximum number of normal iterations during one iteration = 1
Iterations with 0  normal iterations = 1
Iterations with 1  normal iteration  = 1
Iterations with 2+ normal iterations = 0
Restorations = 3845
Average number of restorations per normal iteration = 3845
**********************************************************
Done
Setup time: 0.003333
Execution time: 1.00667
