sifdecoder -A pc64.lnx.gfo  PRIMALC2

 Problem name: PRIMALC2

 Double precision version will be formed

 The objective function uses 1 nonlinear group
 
 There are 7 linear inequality constraints
 
 There are 2 free variables
 There are 229 variables bounded only from below 
 
 
 File successfully decoded
/home/abel/documentos/dcicpp-newrun/output-dcicpp-dci-fail-2016-11-25--19:36
No tools
make: *** No rule to make target 'dcicpp'.  Stop.
Starting
Solving
Showing
**********************************************************
Problem name: PRIMALC2

Number of Variables: 231
Number of Constraints: 7
             Equality: 0
           has_inequality: 7

EXIT: The maximum number of restorarions was reached
f(x) = 103.297
|c(x)| = 21.7693
|g(x) + J(x)'*y| = 0.0103174
|J(x)'c(x)| = 382459
y offset = 0.000119144
Number of Iterations = 2
Elapsed Time = 0.768882 s

Function evaluations:
  Objective    (*fn, *ofg):     244 (238, 6)
  Gradient     (*ofg):            4
  Constraints  (cfn, ccfsg):  12163 (238, 11925)
  Jacobian     (ccfsg):        1924
  Hessian prod (*hprod):         35

Normal iterations = 1
Average number of normal iterations = 0.5
Maximum number of normal iterations during one iteration = 1
Iterations with 0  normal iterations = 1
Iterations with 1  normal iteration  = 1
Iterations with 2+ normal iterations = 0
Restorations = 10001
Average number of restorations per normal iteration = 10001
**********************************************************
Done
Setup time: 0.003333
Execution time: 0.943332
