sifdecoder -A pc64.lnx.gfo  TARGUS

 Problem name: TARGUS

 Double precision version will be formed

 The objective function uses 2 linear groups
 
 There are 63 linear equality constraints
 
 There are 47 variables bounded only from above 
 There are 115 variables bounded from below and above 
 
 
 File successfully decoded
/home/abel/documentos/dcicpp-newrun/output-dcicpp-dci-fail-2016-11-25--19:36
No tools
make: *** No rule to make target 'dcicpp'.  Stop.
Starting
Solving
diagonal below threshold
Status = 2
File   = ../Core/cholmod_common.c
Line   = 719
diagonal below threshold
Status = 2
File   = ../Core/cholmod_common.c
Line   = 719
diagonal below threshold
Status = 2
File   = ../Core/cholmod_common.c
Line   = 719
diagonal below threshold
Status = 2
File   = ../Core/cholmod_common.c
Line   = 719
diagonal below threshold
Status = 2
File   = ../Core/cholmod_common.c
Line   = 719
diagonal below threshold
Status = 2
File   = ../Core/cholmod_common.c
Line   = 719
diagonal below threshold
Status = 2
File   = ../Core/cholmod_common.c
Line   = 719
diagonal below threshold
Status = 2
File   = ../Core/cholmod_common.c
Line   = 719
diagonal below threshold
Status = 2
File   = ../Core/cholmod_common.c
Line   = 719
diagonal below threshold
Status = 2
File   = ../Core/cholmod_common.c
Line   = 719
diagonal below threshold
Status = 2
File   = ../Core/cholmod_common.c
Line   = 719
diagonal below threshold
Status = 2
File   = ../Core/cholmod_common.c
Line   = 719
diagonal below threshold
Status = 2
File   = ../Core/cholmod_common.c
Line   = 719
diagonal below threshold
Status = 2
File   = ../Core/cholmod_common.c
Line   = 719
diagonal below threshold
Status = 2
File   = ../Core/cholmod_common.c
Line   = 719
diagonal below threshold
Status = 2
File   = ../Core/cholmod_common.c
Line   = 719
diagonal below threshold
Status = 2
File   = ../Core/cholmod_common.c
Line   = 719
diagonal below threshold
Status = 2
File   = ../Core/cholmod_common.c
Line   = 719
Showing
**********************************************************
Problem name: TARGUS  

Number of Variables: 162
Number of Constraints: 63
             Equality: 63
           has_inequality: 0

EXIT: The maximum number of restorarions was reached
Cholesky failed
f(x) = 1023.79
|c(x)| = 4919.52
|g(x) + J(x)'*y| = 0.000727295
|J(x)'c(x)| = 1.04441e+07
y offset = 0
Number of Iterations = 1
Elapsed Time = 0.664064 s

Function evaluations:
  Objective    (*fn, *ofg):    2137 (2133, 4)
  Gradient     (*ofg):            3
  Constraints  (cfn, ccfsg):  18136 (2133, 16003)
  Jacobian     (ccfsg):        6002
  Hessian prod (*hprod):       1923

Normal iterations = 1
Average number of normal iterations = 1
Maximum number of normal iterations during one iteration = 1
Iterations with 0  normal iterations = 0
Iterations with 1  normal iteration  = 1
Iterations with 2+ normal iterations = 0
Restorations = 10001
Average number of restorations per normal iteration = 10001
**********************************************************
Done
Setup time: 0
Execution time: 0.916665
