sifdecoder -A pc64.lnx.gfo  TENBARS1

 Problem name: TENBARS1

 Double precision version will be formed

 The objective function uses 1 linear group
 
 There is 1 linear inequality constraint
 There are 8 nonlinear equality constraints
 
 There are 4 free variables
 There are 14 variables bounded only from below 
 
 
 File successfully decoded
/home/abel/documentos/dcicpp-newrun/output-dcicpp-dci-fail-2016-11-25--19:36
No tools
make: *** No rule to make target 'dcicpp'.  Stop.
Starting
Solving
Showing
**********************************************************
Problem name: TENBARS1

Number of Variables: 18
Number of Constraints: 9
             Equality: 8
           has_inequality: 1

EXIT: The maximum number of restorarions was reached
f(x) = 2208.24
|c(x)| = 102.309
|g(x) + J(x)'*y| = 0.446073
|J(x)'c(x)| = 71578.9
y offset = 0
Number of Iterations = 6
Elapsed Time = 0.160298 s

Function evaluations:
  Objective    (*fn, *ofg):    2202 (2187, 15)
  Gradient     (*ofg):            9
  Constraints  (cfn, ccfsg):  19013 (2187, 16826)
  Jacobian     (ccfsg):        6256
  Hessian prod (*hprod):        171

Normal iterations = 3
Average number of normal iterations = 0.5
Maximum number of normal iterations during one iteration = 1
Iterations with 0  normal iterations = 3
Iterations with 1  normal iteration  = 3
Iterations with 2+ normal iterations = 0
Restorations = 10570
Average number of restorations per normal iteration = 3523
**********************************************************
Done
Setup time: 0.003333
Execution time: 0.393332
