sifdecoder -A pc64.lnx.gfo  TRO21X5

 Problem name: TRO21X5

 Double precision version will be formed

 The objective function uses 1 linear group
 
 There is 1 linear inequality constraint
 There are 200 nonlinear equality constraints
 
 There are 200 free variables
 There are 340 variables bounded only from below 
 
 
 File successfully decoded
/home/abel/documentos/dcicpp-newrun/output-dcicpp-dci-fail-2016-11-25--19:36
No tools
make: *** No rule to make target 'dcicpp'.  Stop.
Starting
Solving
Showing
**********************************************************
Problem name: TRO21X5 

Number of Variables: 540
Number of Constraints: 201
             Equality: 200
           has_inequality: 1

EXIT: The maximum number of restorarions was reached
f(x) = 1788.51
|c(x)| = 2.02592e-07
|g(x) + J(x)'*y| = 0.000195591
|J(x)'c(x)| = 4.01616e-05
y offset = 0
Number of Iterations = 1027
Elapsed Time = 4.79222 s

Function evaluations:
  Objective    (*fn, *ofg):    8003 (5396, 2607)
  Gradient     (*ofg):         1580
  Constraints  (cfn, ccfsg):  19713 (5396, 14317)
  Jacobian     (ccfsg):        4316
  Hessian prod (*hprod):       4369

Normal iterations = 629
Average number of normal iterations = 0.612463
Maximum number of normal iterations during one iteration = 2
Iterations with 0  normal iterations = 426
Iterations with 1  normal iteration  = 573
Iterations with 2+ normal iterations = 28
Restorations = 10001
Average number of restorations per normal iteration = 15
**********************************************************
Done
Setup time: 0.023333
Execution time: 5.01333
