sifdecoder -A pc64.lnx.gfo  TRO4X4

 Problem name: TRO4X4

 Double precision version will be formed

 The objective function uses 1 linear group
 
 There is 1 linear inequality constraint
 There are 24 nonlinear equality constraints
 
 There are 24 free variables
 There are 39 variables bounded only from below 
 
 
 File successfully decoded
/home/abel/documentos/dcicpp-newrun/output-dcicpp-dci-fail-2016-11-25--19:36
No tools
make: *** No rule to make target 'dcicpp'.  Stop.
Starting
Solving
diagonal below threshold
Status = 2
File   = ../Core/cholmod_common.c
Line   = 719
Showing
**********************************************************
Problem name: TRO4X4  

Number of Variables: 63
Number of Constraints: 25
             Equality: 24
           has_inequality: 1

EXIT: The maximum number of restorarions was reached
Cholesky failed
f(x) = 9.0302
|c(x)| = 4.72798e-07
|g(x) + J(x)'*y| = 0.000103243
|J(x)'c(x)| = 5.31e-06
y offset = 0
Number of Iterations = 268
Elapsed Time = 0.44839 s

Function evaluations:
  Objective    (*fn, *ofg):    3324 (2639, 685)
  Gradient     (*ofg):          417
  Constraints  (cfn, ccfsg):  17389 (2639, 14750)
  Jacobian     (ccfsg):        4746
  Hessian prod (*hprod):       2653

Normal iterations = 200
Average number of normal iterations = 0.746269
Maximum number of normal iterations during one iteration = 2
Iterations with 0  normal iterations = 101
Iterations with 1  normal iteration  = 134
Iterations with 2+ normal iterations = 33
Restorations = 10004
Average number of restorations per normal iteration = 50
**********************************************************
Done
Setup time: 0.003333
Execution time: 0.703332
