sifdecoder -A pc64.lnx.gfo  BT13

 Problem name: BT13

 Double precision version will be formed

 The objective function uses 1 linear group
 
 There is 1 nonlinear equality constraint
 
 There are 4 free variables
 There is 1 variable bounded only from below 
 
 
 File successfully decoded
/home/abel/documentos/dcicpp-newrun/output-dcicpp-fast-2016-11-24--08:43
No tools
make: *** No rule to make target 'dcicpp'.  Stop.
Starting
Solving
Showing
**********************************************************
Problem name: BT13    

Number of Variables: 5
Number of Constraints: 1
             Equality: 1
           has_inequality: 0

EXIT: The Algorithm has Converged
f(x) = 1.09694e-08
|c(x)| = 9.61592e-07
|g(x) + J(x)'*y| = 4.81114e-11
y offset = 0
Number of Iterations = 9
Elapsed Time = 0.0013957 s
Normal iterations = 7
Average number of normal iterations = 0.777778
Maximum number of normal iterations during one iteration = 2
Iterations with 0  normal iterations = 3
Iterations with 1  normal iteration  = 5
Iterations with 2+ normal iterations = 1
Restorations = 105
Average number of restorations per normal iteration = 15
**********************************************************
Done
Setup time: 0.003333
Execution time: 0.003333
