sifdecoder -A pc64.lnx.gfo  CSFI1

 Problem name: CSFI1

 Double precision version will be formed

 The objective function uses 1 linear group
 
 There are 2 nonlinear equality constraints
 There are 2 nonlinear inequality constraints
 
 There are 4 variables bounded only from below 
 There is 1 variable bounded from below and above 
 
 
 File successfully decoded
/home/abel/documentos/dcicpp-newrun/output-dcicpp-fast-2016-11-24--08:43
No tools
make: *** No rule to make target 'dcicpp'.  Stop.
Starting
Solving
Showing
**********************************************************
Problem name: CSFI1   

Number of Variables: 5
Number of Constraints: 4
             Equality: 2
           has_inequality: 2

EXIT: The Algorithm has Converged
f(x) = -49.0752
|c(x)| = 2.13503e-10
|g(x) + J(x)'*y| = 5.04744e-07
y offset = 2.40476e-14
Number of Iterations = 11
Elapsed Time = 0.00351143 s
Normal iterations = 9
Average number of normal iterations = 0.818182
Maximum number of normal iterations during one iteration = 3
Iterations with 0  normal iterations = 5
Iterations with 1  normal iteration  = 4
Iterations with 2+ normal iterations = 2
Restorations = 394
Average number of restorations per normal iteration = 43
**********************************************************
Done
Setup time: 0
Execution time: 0.013333
