sifdecoder -A pc64.lnx.gfo  DIPIGRI

 Problem name: DIPIGRI

 Double precision version will be formed

 The objective function uses 1 nonlinear group
 
 There are 4 nonlinear inequality constraints
 
 There are 7 free variables
 
 
 File successfully decoded
/home/abel/documentos/dcicpp-newrun/output-dcicpp-fast-2016-11-24--08:43
No tools
make: *** No rule to make target 'dcicpp'.  Stop.
Starting
Solving
Showing
**********************************************************
Problem name: DIPIGRI 

Number of Variables: 7
Number of Constraints: 4
             Equality: 0
           has_inequality: 4

EXIT: The Algorithm has Converged
f(x) = 680.63
|c(x)| = 3.58626e-09
|g(x) + J(x)'*y| = 6.01274e-08
y offset = 1.35932e-11
Number of Iterations = 25
Elapsed Time = 0.00137472 s
Normal iterations = 17
Average number of normal iterations = 0.68
Maximum number of normal iterations during one iteration = 1
Iterations with 0  normal iterations = 8
Iterations with 1  normal iteration  = 17
Iterations with 2+ normal iterations = 0
Restorations = 17
Average number of restorations per normal iteration = 1
**********************************************************
Done
Setup time: 0.003333
Execution time: 0.003333
