sifdecoder -A pc64.lnx.gfo  GENHS28

 Problem name: GENHS28

 Double precision version will be formed

 The objective function uses 1 nonlinear group
 
 There are 8 linear equality constraints
 
 There are 10 free variables
 
 
 File successfully decoded
/home/abel/documentos/dcicpp-newrun/output-dcicpp-fast-2016-11-24--08:43
No tools
make: *** No rule to make target 'dcicpp'.  Stop.
Starting
Solving
Showing
**********************************************************
Problem name: GENHS28 

Number of Variables: 10
Number of Constraints: 8
             Equality: 8
           has_inequality: 0

EXIT: The Algorithm has Converged
f(x) = 0.927174
|c(x)| = 5.57853e-15
|g(x) + J(x)'*y| = 5.50758e-17
y offset = 0
Number of Iterations = 2
Elapsed Time = 0.000283241 s
Normal iterations = 1
Average number of normal iterations = 0.5
Maximum number of normal iterations during one iteration = 1
Iterations with 0  normal iterations = 1
Iterations with 1  normal iteration  = 1
Iterations with 2+ normal iterations = 0
Restorations = 1
Average number of restorations per normal iteration = 1
**********************************************************
Done
Setup time: 0.003333
Execution time: -5.66244e-13
