sifdecoder -A pc64.lnx.gfo  HS117

 Problem name: HS117

 Double precision version will be formed

 The objective function uses 1 nonlinear group
 
 There are 5 nonlinear inequality constraints
 
 There are 15 variables bounded only from below 
 
 
 File successfully decoded
/home/abel/documentos/dcicpp-newrun/output-dcicpp-fast-2016-11-24--08:43
No tools
make: *** No rule to make target 'dcicpp'.  Stop.
Starting
Solving
Showing
**********************************************************
Problem name: HS117   

Number of Variables: 15
Number of Constraints: 5
             Equality: 0
           has_inequality: 5

EXIT: The Algorithm has Converged
f(x) = 34.2496
|c(x)| = 5.24724e-17
|g(x) + J(x)'*y| = 2.61486e-07
y offset = 0
Number of Iterations = 157
Elapsed Time = 0.0252328 s
Normal iterations = 58
Average number of normal iterations = 0.369427
Maximum number of normal iterations during one iteration = 1
Iterations with 0  normal iterations = 99
Iterations with 1  normal iteration  = 58
Iterations with 2+ normal iterations = 0
Restorations = 987
Average number of restorations per normal iteration = 17
**********************************************************
Done
Setup time: 0.003333
Execution time: 0.096666
