sifdecoder -A pc64.lnx.gfo  HS118

 Problem name: HS118

 Double precision version will be formed

 The objective function uses 1 nonlinear group
 
 There are 17 linear inequality constraints
 
 There are 15 variables bounded from below and above 
 
 
 File successfully decoded
/home/abel/documentos/dcicpp-newrun/output-dcicpp-fast-2016-11-24--08:43
No tools
make: *** No rule to make target 'dcicpp'.  Stop.
Starting
Solving
Showing
**********************************************************
Problem name: HS118   

Number of Variables: 15
Number of Constraints: 17
             Equality: 0
           has_inequality: 17

EXIT: The Algorithm has Converged
f(x) = 680.535
|c(x)| = 1.49596e-11
|g(x) + J(x)'*y| = 4.05328e-08
y offset = 0.0107388
Number of Iterations = 16
Elapsed Time = 0.00089097 s
Normal iterations = 1
Average number of normal iterations = 0.0625
Maximum number of normal iterations during one iteration = 1
Iterations with 0  normal iterations = 15
Iterations with 1  normal iteration  = 1
Iterations with 2+ normal iterations = 0
Restorations = 1
Average number of restorations per normal iteration = 1
**********************************************************
Done
Setup time: 0.003333
Execution time: 0.003333
