sifdecoder -A pc64.lnx.gfo  HS63

 Problem name: HS63

 Double precision version will be formed

 The objective function uses 1 nonlinear group
 
 There is 1 linear equality constraint
 There is 1 nonlinear equality constraint
 
 There are 3 variables bounded only from below 
 
 
 File successfully decoded
/home/abel/documentos/dcicpp-newrun/output-dcicpp-fast-2016-11-24--08:43
No tools
make: *** No rule to make target 'dcicpp'.  Stop.
Starting
Solving
Showing
**********************************************************
Problem name: HS63    

Number of Variables: 3
Number of Constraints: 2
             Equality: 2
           has_inequality: 0

EXIT: The Algorithm has Converged
f(x) = 961.715
|c(x)| = 1.05288e-08
|g(x) + J(x)'*y| = 3.77209e-09
y offset = 0
Number of Iterations = 6
Elapsed Time = 0.000449896 s
Normal iterations = 5
Average number of normal iterations = 0.833333
Maximum number of normal iterations during one iteration = 1
Iterations with 0  normal iterations = 1
Iterations with 1  normal iteration  = 5
Iterations with 2+ normal iterations = 0
Restorations = 7
Average number of restorations per normal iteration = 1
**********************************************************
Done
Setup time: 0
Execution time: 0.003333
