sifdecoder -A pc64.lnx.gfo  HS65

 Problem name: HS65

 Double precision version will be formed

 The objective function uses 3 nonlinear groups
 
 There is 1 nonlinear inequality constraint
 
 There are 3 variables bounded from below and above 
 
 
 File successfully decoded
/home/abel/documentos/dcicpp-newrun/output-dcicpp-fast-2016-11-24--08:43
No tools
make: *** No rule to make target 'dcicpp'.  Stop.
Starting
Solving
Showing
**********************************************************
Problem name: HS65    

Number of Variables: 3
Number of Constraints: 1
             Equality: 0
           has_inequality: 1

EXIT: The Algorithm has Converged
f(x) = 0.953529
|c(x)| = 9.09697e-07
|g(x) + J(x)'*y| = 4.3043e-07
y offset = 0
Number of Iterations = 11
Elapsed Time = 0.00113654 s
Normal iterations = 9
Average number of normal iterations = 0.818182
Maximum number of normal iterations during one iteration = 1
Iterations with 0  normal iterations = 2
Iterations with 1  normal iteration  = 9
Iterations with 2+ normal iterations = 0
Restorations = 107
Average number of restorations per normal iteration = 11
**********************************************************
Done
Setup time: 0
Execution time: 0.003333
