sifdecoder -A pc64.lnx.gfo  HS68

 Problem name: HS68

 Double precision version will be formed

 The objective function uses 1 nonlinear group
 
 There are 2 nonlinear equality constraints
 
 There are 4 variables bounded from below and above 
 
 
 File successfully decoded
/home/abel/documentos/dcicpp-newrun/output-dcicpp-fast-2016-11-24--08:43
No tools
make: *** No rule to make target 'dcicpp'.  Stop.
Starting
Solving
Showing
**********************************************************
Problem name: HS68    

Number of Variables: 4
Number of Constraints: 2
             Equality: 2
           has_inequality: 0

EXIT: The Algorithm has Converged
f(x) = -0.920425
|c(x)| = 1.66336e-08
|g(x) + J(x)'*y| = 2.84686e-09
y offset = 0
Number of Iterations = 31
Elapsed Time = 0.00083065 s
Normal iterations = 7
Average number of normal iterations = 0.225806
Maximum number of normal iterations during one iteration = 1
Iterations with 0  normal iterations = 24
Iterations with 1  normal iteration  = 7
Iterations with 2+ normal iterations = 0
Restorations = 7
Average number of restorations per normal iteration = 1
**********************************************************
Done
Setup time: 0
Execution time: 0.003333
