sifdecoder -A pc64.lnx.gfo  LOADBAL

 Problem name: LOADBAL

 Double precision version will be formed

 The objective function uses 51 nonlinear groups
 
 There are 11 linear equality constraints
 There are 20 linear inequality constraints
 
 There are 20 variables bounded only from below 
 There are 11 variables bounded from below and above 
 
 
 File successfully decoded
/home/abel/documentos/dcicpp-newrun/output-dcicpp-fast-2016-11-24--08:43
No tools
make: *** No rule to make target 'dcicpp'.  Stop.
Starting
Solving
Showing
**********************************************************
Problem name: LOADBAL 

Number of Variables: 31
Number of Constraints: 31
             Equality: 11
           has_inequality: 20

EXIT: The Algorithm has Converged
f(x) = 0.452852
|c(x)| = 7.92382e-11
|g(x) + J(x)'*y| = 3.7836e-07
y offset = 4.93435e-10
Number of Iterations = 11
Elapsed Time = 0.00127769 s
Normal iterations = 0
Average number of normal iterations = 0
Maximum number of normal iterations during one iteration = 0
Iterations with 0  normal iterations = 11
Iterations with 1  normal iteration  = 0
Iterations with 2+ normal iterations = 0
Restorations = 0
Average number of restorations per normal iteration = NA
**********************************************************
Done
Setup time: 0
Execution time: 0.006666
