sifdecoder -A pc64.lnx.gfo  MANNE

 Problem name: MANNE

 Double precision version will be formed

 The objective function uses 1 nonlinear group
 
 There are 2000 linear inequality constraints
 There are 2000 nonlinear inequality constraints
 
 There are 4749 variables bounded only from below 
 There are 1250 variables bounded from below and above 
 There is 1 fixed variable
 
 
 File successfully decoded
/home/abel/documentos/dcicpp-newrun/output-dcicpp-fast-2016-11-24--08:43
No tools
make: *** No rule to make target 'dcicpp'.  Stop.
NOPE preprocessing removed 1 variables
Starting
Solving
Showing
**********************************************************
Problem name: MANNE   

Number of Variables: 5999
Number of Constraints: 4000
             Equality: 0
           has_inequality: 4000

EXIT: The problem is unlimited
f(x) = -0.776848
|c(x)| = 2.56173e-17
|g(x) + J(x)'*y| = 17.9215
y offset = 3675.21
Number of Iterations = 1
Elapsed Time = 0.0738606 s
Normal iterations = 1
Average number of normal iterations = 1
Maximum number of normal iterations during one iteration = 1
Iterations with 0  normal iterations = 0
Iterations with 1  normal iteration  = 1
Iterations with 2+ normal iterations = 0
Restorations = 12
Average number of restorations per normal iteration = 12
**********************************************************
Done
Setup time: 0.059999
Execution time: 0.173333
