sifdecoder -A pc64.lnx.gfo  POLAK5

 Problem name: POLAK5

 Double precision version will be formed

 The objective function uses 1 linear group
 
 There are 2 nonlinear inequality constraints
 
 There are 3 free variables
 
 
 File successfully decoded
/home/abel/documentos/dcicpp-newrun/output-dcicpp-fast-2016-11-24--08:43
No tools
make: *** No rule to make target 'dcicpp'.  Stop.
Starting
Solving
Showing
**********************************************************
Problem name: POLAK5  

Number of Variables: 3
Number of Constraints: 2
             Equality: 0
           has_inequality: 2

EXIT: The Algorithm has Converged
f(x) = 50
|c(x)| = 1.344e-07
|g(x) + J(x)'*y| = 3.50342e-07
y offset = 0
Number of Iterations = 33
Elapsed Time = 0.00194836 s
Normal iterations = 19
Average number of normal iterations = 0.575758
Maximum number of normal iterations during one iteration = 1
Iterations with 0  normal iterations = 14
Iterations with 1  normal iteration  = 19
Iterations with 2+ normal iterations = 0
Restorations = 165
Average number of restorations per normal iteration = 8
**********************************************************
Done
Setup time: 0
Execution time: 0.006666
