sifdecoder -A pc64.lnx.gfo  PORTFL2

 Problem name: PORTFL2

 Double precision version will be formed

 The objective function uses 62 nonlinear groups
 
 There is 1 linear equality constraint
 
 There are 12 variables bounded from below and above 
 
 
 File successfully decoded
/home/abel/documentos/dcicpp-newrun/output-dcicpp-fast-2016-11-24--08:43
No tools
make: *** No rule to make target 'dcicpp'.  Stop.
Starting
Solving
Showing
**********************************************************
Problem name: PORTFL2 

Number of Variables: 12
Number of Constraints: 1
             Equality: 1
           has_inequality: 0

EXIT: The Algorithm has Converged
f(x) = 0.0297135
|c(x)| = 4e-10
|g(x) + J(x)'*y| = 8.71238e-07
y offset = 0
Number of Iterations = 5
Elapsed Time = 0.000457525 s
Normal iterations = 0
Average number of normal iterations = 0
Maximum number of normal iterations during one iteration = 0
Iterations with 0  normal iterations = 5
Iterations with 1  normal iteration  = 0
Iterations with 2+ normal iterations = 0
Restorations = 0
Average number of restorations per normal iteration = NA
**********************************************************
Done
Setup time: 0.009999
Execution time: 4.63963e-10
