sifdecoder -A pc64.lnx.gfo  SNAKE

 Problem name: SNAKE

 Double precision version will be formed

 The objective function uses 1 linear group
 
 There are 2 nonlinear inequality constraints
 
 There are 2 free variables
 
 
 File successfully decoded
/home/abel/documentos/dcicpp-newrun/output-dcicpp-fast-2016-11-24--08:43
No tools
make: *** No rule to make target 'dcicpp'.  Stop.
Starting
Solving
Showing
**********************************************************
Problem name: SNAKE   

Number of Variables: 2
Number of Constraints: 2
             Equality: 0
           has_inequality: 2

EXIT: The Algorithm has Converged
f(x) = -0.0111238
|c(x)| = 8.33081e-07
|g(x) + J(x)'*y| = 3.13811e-09
y offset = 0
Number of Iterations = 806
Elapsed Time = 0.0553327 s
Normal iterations = 578
Average number of normal iterations = 0.717122
Maximum number of normal iterations during one iteration = 2
Iterations with 0  normal iterations = 231
Iterations with 1  normal iteration  = 572
Iterations with 2+ normal iterations = 3
Restorations = 2989
Average number of restorations per normal iteration = 5
**********************************************************
Done
Setup time: 0
Execution time: 0.173332
