sifdecoder -A pc64.lnx.gfo  SPANHYD

 Problem name: SPANHYD

 Double precision version will be formed

 The objective function uses 1 nonlinear group
 
 There are 33 linear equality constraints
 
 There are 81 variables bounded from below and above 
 There are 16 fixed variables
 
 
 File successfully decoded
/home/abel/documentos/dcicpp-newrun/output-dcicpp-fast-2016-11-24--08:43
No tools
make: *** No rule to make target 'dcicpp'.  Stop.
NOPE preprocessing removed 16 variables
Starting
Solving
diagonal below threshold
Status = 2
File   = ../Core/cholmod_common.c
Line   = 719
Showing
**********************************************************
Problem name: SPANHYD 

Number of Variables: 81
Number of Constraints: 33
             Equality: 33
           has_inequality: 0

EXIT: The Algorithm has Converged
Cholesky failed
f(x) = 239.738
|c(x)| = 9.99321e-07
|g(x) + J(x)'*y| = 3.92411e-08
y offset = 0
Number of Iterations = 17
Elapsed Time = 0.0127416 s
Normal iterations = 4
Average number of normal iterations = 0.235294
Maximum number of normal iterations during one iteration = 1
Iterations with 0  normal iterations = 13
Iterations with 1  normal iteration  = 4
Iterations with 2+ normal iterations = 0
Restorations = 192
Average number of restorations per normal iteration = 48
**********************************************************
Done
Setup time: 0.003333
Execution time: 0.049999
