sifdecoder -A pc64.lnx.gfo  YFITNE

 Problem name: YFITNE

 Double precision version will be formed

 
 There are 17 nonlinear equality constraints
 
 There are 3 free variables
 
 
 File successfully decoded
/home/abel/documentos/dcicpp-newrun/output-dcicpp-fast-2016-11-24--08:43
No tools
make: *** No rule to make target 'dcicpp'.  Stop.
Starting
diagonal below threshold
Status = 2
File   = ../Core/cholmod_common.c
Line   = 719
Solving
diagonal below threshold
Status = 2
File   = ../Core/cholmod_common.c
Line   = 719
Showing
**********************************************************
Problem name: YFITNE  

Number of Variables: 3
Number of Constraints: 17
             Equality: 17
           has_inequality: 0

EXIT: The Algorithm has Converged
Cholesky failed
f(x) = 0
|c(x)| = 9.56376e-07
|g(x) + J(x)'*y| = 0
y offset = 0
Number of Iterations = 1
Elapsed Time = 0.000638485 s
Normal iterations = 2
Average number of normal iterations = 2
Maximum number of normal iterations during one iteration = 2
Iterations with 0  normal iterations = 0
Iterations with 1  normal iteration  = 0
Iterations with 2+ normal iterations = 1
Restorations = 15
Average number of restorations per normal iteration = 7
**********************************************************
Done
Setup time: 0.003333
Execution time: -5.66244e-13
