sifdecoder -A pc64.lnx.gfo  ALLINITC

 Problem name: ALLINITC

 Double precision version will be formed

 The objective function uses 2 linear groups
 The objective function uses 10 nonlinear groups
 
 There is 1 nonlinear equality constraint
 
 There is 1 free variable 
 There is 1 variable bounded only from below 
 There is 1 variable bounded from below and above 
 There is 1 fixed variable
 
 
 File successfully decoded
/home/abel/documentos/dcicpp-newrun/output-dcicpp-fast-2016-11-24--13:29
No tools
make: *** No rule to make target 'dcicpp'.  Stop.
NOPE preprocessing removed 1 variables
Starting
Solving
ekpp/ek = 1.11788
ekpp/ekp = 1.08397
ekpp/ek = 1.10704
ekpp/ekp = 1.02128
ekpp/ek = 0.906057
ekpp/ekp = 0.887175
ekpp/ek = 0.873906
ekpp/ekp = 0.985043
ekpp/ek = 0.944794
ekpp/ekp = 0.959139
ekpp/ek = 0.938068
ekpp/ekp = 0.978031
ekpp/ek = 0.92079
ekpp/ekp = 0.941473
ekpp/ek = 0.901663
ekpp/ekp = 0.957715
ekpp/ek = 0.94453
ekpp/ekp = 0.986233
ekpp/ek = 0.978239
ekpp/ekp = 0.991894
ekpp/ek = 0.990596
ekpp/ekp = 0.998691
ekpp/ek = 0.998546
ekpp/ekp = 0.999855
Showing
**********************************************************
Problem name: ALLINITC

Number of Variables: 3
Number of Constraints: 1
             Equality: 1
           has_inequality: 0

EXIT: The Algorithm has Converged
f(x) = 30.4695
|c(x)| = 9.4203e-07
|g(x) + J(x)'*y| = 9.99148e-09
y offset = 0
Number of Iterations = 15
Elapsed Time = 0.00129819 s
Normal iterations = 9
Average number of normal iterations = 0.6
Maximum number of normal iterations during one iteration = 1
Iterations with 0  normal iterations = 6
Iterations with 1  normal iteration  = 9
Iterations with 2+ normal iterations = 0
Restorations = 123
Average number of restorations per normal iteration = 13
**********************************************************
Done
Setup time: 0.003333
Execution time: 0.003333
