sifdecoder -A pc64.lnx.gfo  ARWHEAD

 Problem name: ARWHEAD

 Double precision version will be formed

 The objective function uses 4999 linear groups
 The objective function uses 4999 nonlinear groups
 
 There are 5000 free variables
 
 
 File successfully decoded
/home/abel/documentos/dcicpp-newrun/output-dcicpp-fast-2016-11-24--13:29
No tools
make: *** No rule to make target 'dcicpp'.  Stop.
Starting
Solving
ekpp/ek = 2.12395
ekpp/ekp = 0.358488
ekpp/ek = 0.337539
ekpp/ekp = 0.941563
ekpp/ek = 0.941663
ekpp/ekp = 1.00011
Showing
**********************************************************
Problem name: ARWHEAD 

Number of Variables: 5000
Number of Constraints: 0
             Equality: 0
           has_inequality: 0

EXIT: The Algorithm has Converged
f(x) = 3.33e-12
|c(x)| = 0
|g(x) + J(x)'*y| = 7.90532e-09
y offset = 0
Number of Iterations = 6
Elapsed Time = 0.0172153 s
Normal iterations = 0
Average number of normal iterations = 0
Maximum number of normal iterations during one iteration = 0
Iterations with 0  normal iterations = 6
Iterations with 1  normal iteration  = 0
Iterations with 2+ normal iterations = 0
Restorations = 0
Average number of restorations per normal iteration = NA
**********************************************************
Done
Setup time: 0.33
Execution time: 0.016667
