sifdecoder -A pc64.lnx.gfo  BIGGSC4

 Problem name: BIGGSC4

 Double precision version will be formed

 The objective function uses 1 nonlinear group
 
 There are 7 linear inequality constraints
 
 There are 4 variables bounded from below and above 
 
 
 File successfully decoded
/home/abel/documentos/dcicpp-newrun/output-dcicpp-fast-2016-11-24--13:29
No tools
make: *** No rule to make target 'dcicpp'.  Stop.
Starting
Solving
ekpp/ek = 0.371567
ekpp/ekp = 0.669087
ekpp/ek = 0.803779
ekpp/ekp = 1.20131
ekpp/ek = 2.84785
ekpp/ekp = 2.37063
ekpp/ek = 4.932
ekpp/ekp = 2.08046
ekpp/ek = 2.17561
ekpp/ekp = 1.04574
ekpp/ek = 1.07007
ekpp/ekp = 1.02327
ekpp/ek = 1.02943
ekpp/ekp = 1.00602
Showing
**********************************************************
Problem name: BIGGSC4 

Number of Variables: 4
Number of Constraints: 7
             Equality: 0
           has_inequality: 7

EXIT: The Algorithm has Converged
f(x) = -15.5
|c(x)| = 5.57671e-13
|g(x) + J(x)'*y| = 2.67243e-07
y offset = 0.167796
Number of Iterations = 10
Elapsed Time = 0.00132227 s
Normal iterations = 3
Average number of normal iterations = 0.3
Maximum number of normal iterations during one iteration = 2
Iterations with 0  normal iterations = 8
Iterations with 1  normal iteration  = 1
Iterations with 2+ normal iterations = 1
Restorations = 58
Average number of restorations per normal iteration = 19
**********************************************************
Done
Setup time: 0.003333
Execution time: 0.003333
