sifdecoder -A pc64.lnx.gfo  BQPGABIM

 Problem name: BQPGABIM

 Double precision version will be formed

 The objective function uses 1 nonlinear group
 
 There are 46 variables bounded from below and above 
 There are 4 fixed variables
 
 
 File successfully decoded
/home/abel/documentos/dcicpp-newrun/output-dcicpp-fast-2016-11-24--13:29
No tools
make: *** No rule to make target 'dcicpp'.  Stop.
NOPE preprocessing removed 4 variables
Starting
Solving
ekpp/ek = 0.999999
ekpp/ekp = 0.999999
ekpp/ek = 0.999998
ekpp/ekp = 0.999999
ekpp/ek = 0.999997
ekpp/ekp = 0.999999
Showing
**********************************************************
Problem name: BQPGABIM

Number of Variables: 46
Number of Constraints: 0
             Equality: 0
           has_inequality: 0

EXIT: The Algorithm has Converged
f(x) = -2.77588e-06
|c(x)| = 0
|g(x) + J(x)'*y| = 9.3233e-07
y offset = 0
Number of Iterations = 6
Elapsed Time = 0.000792742 s
Normal iterations = 0
Average number of normal iterations = 0
Maximum number of normal iterations during one iteration = 0
Iterations with 0  normal iterations = 6
Iterations with 1  normal iteration  = 0
Iterations with 2+ normal iterations = 0
Restorations = 0
Average number of restorations per normal iteration = NA
**********************************************************
Done
Setup time: 0.003333
Execution time: 0.003333
