sifdecoder -A pc64.lnx.gfo  CONGIGMZ

 Problem name: CONGIGMZ

 Double precision version will be formed

 The objective function uses 1 linear group
 
 There are 3 linear inequality constraints
 There are 2 nonlinear inequality constraints
 
 There are 3 free variables
 
 
 File successfully decoded
/home/abel/documentos/dcicpp-newrun/output-dcicpp-fast-2016-11-24--13:29
No tools
make: *** No rule to make target 'dcicpp'.  Stop.
Starting
Solving
ekpp/ek = 16.4188
ekpp/ekp = 1.45327
Showing
**********************************************************
Problem name: CONGIGMZ

Number of Variables: 3
Number of Constraints: 5
             Equality: 0
           has_inequality: 5

EXIT: The Algorithm has Converged
f(x) = 28
|c(x)| = 6.04806e-08
|g(x) + J(x)'*y| = 1.60547e-11
y offset = 0
Number of Iterations = 4
Elapsed Time = 0.00264955 s
Normal iterations = 2
Average number of normal iterations = 0.5
Maximum number of normal iterations during one iteration = 1
Iterations with 0  normal iterations = 2
Iterations with 1  normal iteration  = 2
Iterations with 2+ normal iterations = 0
Restorations = 249
Average number of restorations per normal iteration = 124
**********************************************************
Done
Setup time: 0.003333
Execution time: 0.009999
