sifdecoder -A pc64.lnx.gfo  COOLHANS

 Problem name: COOLHANS

 Double precision version will be formed

 
 There are 9 nonlinear equality constraints
 
 There are 9 free variables
 
 
 File successfully decoded
/home/abel/documentos/dcicpp-newrun/output-dcicpp-fast-2016-11-24--13:29
No tools
make: *** No rule to make target 'dcicpp'.  Stop.
Starting
Solving
Showing
**********************************************************
Problem name: COOLHANS

Number of Variables: 9
Number of Constraints: 9
             Equality: 9
           has_inequality: 0

EXIT: The Algorithm has Converged
f(x) = 0
|c(x)| = 8.24414e-07
|g(x) + J(x)'*y| = 0
y offset = 0
Number of Iterations = 1
Elapsed Time = 0.000372171 s
Normal iterations = 2
Average number of normal iterations = 2
Maximum number of normal iterations during one iteration = 2
Iterations with 0  normal iterations = 0
Iterations with 1  normal iteration  = 0
Iterations with 2+ normal iterations = 1
Restorations = 8
Average number of restorations per normal iteration = 4
**********************************************************
Done
Setup time: 0.003333
Execution time: -5.66244e-13
