sifdecoder -A pc64.lnx.gfo  DECONVC

 Problem name: DECONVC

 Double precision version will be formed

 The objective function uses 40 nonlinear groups
 
 There is 1 nonlinear equality constraint
 
 There are 51 variables bounded only from below 
 There are 12 fixed variables
 
 
 File successfully decoded
/home/abel/documentos/dcicpp-newrun/output-dcicpp-fast-2016-11-24--13:29
No tools
make: *** No rule to make target 'dcicpp'.  Stop.
NOPE preprocessing removed 12 variables
Starting
Solving
ekpp/ek = 0.974903
ekpp/ekp = 0.993027
ekpp/ek = 0.982349
ekpp/ekp = 0.989247
ekpp/ek = 0.983789
ekpp/ekp = 0.994483
ekpp/ek = 1.03784
ekpp/ekp = 1.04359
ekpp/ek = 1.08062
ekpp/ekp = 1.03548
ekpp/ek = 1.00463
ekpp/ekp = 0.970211
ekpp/ek = 0.972997
ekpp/ekp = 1.00287
ekpp/ek = 1.00767
ekpp/ekp = 1.00478
ekpp/ek = 1.00638
ekpp/ekp = 1.00159
ekpp/ek = 1.00183
ekpp/ekp = 1.00024
ekpp/ek = 1.00068
ekpp/ekp = 1.00044
ekpp/ek = 1.00053
ekpp/ekp = 1.0001
ekpp/ek = 1.00006
ekpp/ekp = 0.999967
ekpp/ek = 0.999977
ekpp/ekp = 1.00001
ekpp/ek = 1
ekpp/ekp = 0.999992
Showing
**********************************************************
Problem name: DECONVC 

Number of Variables: 51
Number of Constraints: 1
             Equality: 1
           has_inequality: 0

EXIT: The Algorithm has Converged
f(x) = 0.00229873
|c(x)| = 8.32545e-09
|g(x) + J(x)'*y| = 7.21586e-08
y offset = 0
Number of Iterations = 18
Elapsed Time = 0.010927 s
Normal iterations = 8
Average number of normal iterations = 0.444444
Maximum number of normal iterations during one iteration = 1
Iterations with 0  normal iterations = 10
Iterations with 1  normal iteration  = 8
Iterations with 2+ normal iterations = 0
Restorations = 8
Average number of restorations per normal iteration = 1
**********************************************************
Done
Setup time: 0.003333
Execution time: 0.036666
