sifdecoder -A pc64.lnx.gfo  DIPIGRI

 Problem name: DIPIGRI

 Double precision version will be formed

 The objective function uses 1 nonlinear group
 
 There are 4 nonlinear inequality constraints
 
 There are 7 free variables
 
 
 File successfully decoded
/home/abel/documentos/dcicpp-newrun/output-dcicpp-fast-2016-11-24--13:29
No tools
make: *** No rule to make target 'dcicpp'.  Stop.
Starting
Solving
ekpp/ek = 1.00399
ekpp/ekp = 1.00219
ekpp/ek = 1.00438
ekpp/ekp = 1.00219
ekpp/ek = 1.00438
ekpp/ekp = 1.00219
ekpp/ek = 1.00439
ekpp/ekp = 1.00219
ekpp/ek = 1.0044
ekpp/ekp = 1.0022
ekpp/ek = 1.0044
ekpp/ekp = 1.0022
ekpp/ek = 1.00441
ekpp/ekp = 1.00221
ekpp/ek = 1.00442
ekpp/ekp = 1.00221
ekpp/ek = 1.00443
ekpp/ekp = 1.00222
ekpp/ek = 1.00444
ekpp/ekp = 1.00222
ekpp/ek = 1.00445
ekpp/ekp = 1.00223
ekpp/ek = 1.00447
ekpp/ekp = 1.00223
ekpp/ek = 1.00448
ekpp/ekp = 1.00224
ekpp/ek = 1.0045
ekpp/ekp = 1.00225
ekpp/ek = 1.00451
ekpp/ekp = 1.00226
ekpp/ek = 1.00453
ekpp/ekp = 1.00227
ekpp/ek = 1.00454
ekpp/ekp = 1.00227
ekpp/ek = 1.00456
ekpp/ekp = 1.00228
ekpp/ek = 1.00458
ekpp/ekp = 1.00229
ekpp/ek = 1.0046
ekpp/ekp = 1.0023
ekpp/ek = 1.00463
ekpp/ekp = 1.00232
ekpp/ek = 1.00465
ekpp/ekp = 1.00233
ekpp/ek = 1.00467
ekpp/ekp = 1.00234
ekpp/ek = 1.0047
ekpp/ekp = 1.00235
ekpp/ek = 1.00473
ekpp/ekp = 1.00237
ekpp/ek = 1.00475
ekpp/ekp = 1.00238
ekpp/ek = 1.00478
ekpp/ekp = 1.0024
ekpp/ek = 1.00482
ekpp/ekp = 1.00241
ekpp/ek = 1.00485
ekpp/ekp = 1.00243
ekpp/ek = 1.00488
ekpp/ekp = 1.00245
ekpp/ek = 1.00492
ekpp/ekp = 1.00247
ekpp/ek = 1.00496
ekpp/ekp = 1.00249
ekpp/ek = 1.005
ekpp/ekp = 1.00251
ekpp/ek = 1.00504
ekpp/ekp = 1.00253
ekpp/ek = 1.00508
ekpp/ekp = 1.00255
ekpp/ek = 1.00513
ekpp/ekp = 1.00257
ekpp/ek = 1.00517
ekpp/ekp = 1.00259
ekpp/ek = 1.00522
ekpp/ekp = 1.00262
ekpp/ek = 1.00527
ekpp/ekp = 1.00264
ekpp/ek = 1.00532
ekpp/ekp = 1.00267
ekpp/ek = 1.00537
ekpp/ekp = 1.0027
ekpp/ek = 1.00542
ekpp/ekp = 1.00272
ekpp/ek = 1.00547
ekpp/ekp = 1.00274
ekpp/ek = 1.00552
ekpp/ekp = 1.00277
ekpp/ek = 1.00556
ekpp/ekp = 1.00279
ekpp/ek = 1.00561
ekpp/ekp = 1.00281
ekpp/ek = 1.00565
ekpp/ekp = 1.00283
ekpp/ek = 1.00569
ekpp/ekp = 1.00285
ekpp/ek = 1.00573
ekpp/ekp = 1.00287
ekpp/ek = 1.00577
ekpp/ekp = 1.00289
ekpp/ek = 1.0058
ekpp/ekp = 1.0029
ekpp/ek = 1.00582
ekpp/ekp = 1.00291
ekpp/ek = 1.00583
ekpp/ekp = 1.00291
ekpp/ek = 1.00583
ekpp/ekp = 1.00291
ekpp/ek = 1.00582
ekpp/ekp = 1.0029
ekpp/ek = 1.0058
ekpp/ekp = 1.00289
ekpp/ek = 1.00576
ekpp/ekp = 1.00286
ekpp/ek = 1.0057
ekpp/ekp = 1.00283
ekpp/ek = 1.00562
ekpp/ekp = 1.00279
ekpp/ek = 1.00553
ekpp/ekp = 1.00273
ekpp/ek = 1.00541
ekpp/ekp = 1.00267
ekpp/ek = 1.00528
ekpp/ekp = 1.0026
ekpp/ek = 1.00513
ekpp/ekp = 1.00252
ekpp/ek = 1.00496
ekpp/ekp = 1.00244
ekpp/ek = 1.00479
ekpp/ekp = 1.00235
ekpp/ek = 1.00462
ekpp/ekp = 1.00226
ekpp/ek = 1.00445
ekpp/ekp = 1.00218
ekpp/ek = 1.0043
ekpp/ekp = 1.00211
ekpp/ek = 1.00417
ekpp/ekp = 1.00206
ekpp/ek = 1.00408
ekpp/ekp = 1.00202
ekpp/ek = 1.00404
ekpp/ekp = 1.00201
ekpp/ek = 1.00756
ekpp/ekp = 1.00554
ekpp/ek = 1.00897
ekpp/ekp = 1.00341
ekpp/ek = 1.00691
ekpp/ekp = 1.00348
ekpp/ek = 1.00687
ekpp/ekp = 1.00337
ekpp/ek = 1.00679
ekpp/ekp = 1.00341
ekpp/ek = 1.00597
ekpp/ekp = 1.00256
ekpp/ek = 1.00519
ekpp/ekp = 1.00263
ekpp/ek = 1.00497
ekpp/ekp = 1.00234
ekpp/ek = 1.00378
ekpp/ekp = 1.00143
ekpp/ek = 1.00802
ekpp/ekp = 1.00658
ekpp/ek = 1.00387
ekpp/ekp = 0.997308
ekpp/ek = 0.998454
ekpp/ekp = 1.00115
ekpp/ek = 1.00309
ekpp/ekp = 1.00194
ekpp/ek = 1.00067
ekpp/ekp = 0.99873
ekpp/ek = 1.00057
ekpp/ekp = 1.00184
ekpp/ek = 0.999839
ekpp/ekp = 0.998003
ekpp/ek = 1.00208
ekpp/ekp = 1.00409
ekpp/ek = 0.998911
ekpp/ekp = 0.994847
ekpp/ek = 1.00193
ekpp/ekp = 1.00712
ekpp/ek = 1.00112
ekpp/ekp = 0.994039
ekpp/ek = 0.999298
ekpp/ekp = 1.00529
ekpp/ek = 1.00545
ekpp/ekp = 1.00016
ekpp/ek = 1.00017
ekpp/ekp = 1.00002
Showing
**********************************************************
Problem name: DIPIGRI 

Number of Variables: 7
Number of Constraints: 4
             Equality: 0
           has_inequality: 4

EXIT: The Algorithm has Converged
f(x) = 680.63
|c(x)| = 2.70328e-11
|g(x) + J(x)'*y| = 9.87492e-10
y offset = 1.32272e-13
Number of Iterations = 97
Elapsed Time = 0.0036881 s
Normal iterations = 90
Average number of normal iterations = 0.927835
Maximum number of normal iterations during one iteration = 1
Iterations with 0  normal iterations = 7
Iterations with 1  normal iteration  = 90
Iterations with 2+ normal iterations = 0
Restorations = 90
Average number of restorations per normal iteration = 1
**********************************************************
Done
Setup time: 0.003333
Execution time: 0.013332
