sifdecoder -A pc64.lnx.gfo  DISC2

 Problem name: DISC2

 Double precision version will be formed

 The objective function uses 1 linear group
 
 There are 17 nonlinear equality constraints
 There are 6 nonlinear inequality constraints
 
 There are 22 free variables
 There are 7 variables bounded from below and above 
 
 
 File successfully decoded
/home/abel/documentos/dcicpp-newrun/output-dcicpp-fast-2016-11-24--13:29
No tools
make: *** No rule to make target 'dcicpp'.  Stop.
Starting
Solving
ekpp/ek = 1.2604
ekpp/ekp = 1.00005
ekpp/ek = 1.00017
ekpp/ekp = 1.00012
ekpp/ek = 1.00044
ekpp/ekp = 1.00032
ekpp/ek = 1.00118
ekpp/ekp = 1.00086
ekpp/ek = 1.00337
ekpp/ekp = 1.00251
ekpp/ek = 1.01097
ekpp/ekp = 1.00844
ekpp/ek = 1.0224
ekpp/ekp = 1.01384
ekpp/ek = 1.01428
ekpp/ekp = 1.00044
ekpp/ek = 0.99962
ekpp/ekp = 0.999183
ekpp/ek = 0.999018
ekpp/ekp = 0.999836
Showing
**********************************************************
Problem name: DISC2   

Number of Variables: 29
Number of Constraints: 23
             Equality: 17
           has_inequality: 6

EXIT: The Algorithm has Converged
f(x) = 1.5625
|c(x)| = 1.16222e-07
|g(x) + J(x)'*y| = 4.49794e-07
y offset = 3.1355e-08
Number of Iterations = 13
Elapsed Time = 0.0102201 s
Normal iterations = 4
Average number of normal iterations = 0.307692
Maximum number of normal iterations during one iteration = 1
Iterations with 0  normal iterations = 9
Iterations with 1  normal iteration  = 4
Iterations with 2+ normal iterations = 0
Restorations = 354
Average number of restorations per normal iteration = 88
**********************************************************
Done
Setup time: 0.003333
Execution time: 0.039999
