sifdecoder -A pc64.lnx.gfo  DIXMAANC

 Problem name: DIXMAANC

 Double precision version will be formed

 The objective function uses 4 nonlinear groups
 
 There are 3000 free variables
 
 
 File successfully decoded
/home/abel/documentos/dcicpp-newrun/output-dcicpp-fast-2016-11-24--13:29
No tools
make: *** No rule to make target 'dcicpp'.  Stop.
Starting
Solving
ekpp/ek = 0.401975
ekpp/ekp = 1.26431
ekpp/ek = 3.22442
ekpp/ekp = 2.55034
ekpp/ek = 4.09302
ekpp/ekp = 1.6049
ekpp/ek = 1.80663
ekpp/ekp = 1.1257
ekpp/ek = 1.12742
ekpp/ekp = 1.00153
Showing
**********************************************************
Problem name: DIXMAANC

Number of Variables: 3000
Number of Constraints: 0
             Equality: 0
           has_inequality: 0

EXIT: The Algorithm has Converged
f(x) = 1.00001
|c(x)| = 0
|g(x) + J(x)'*y| = 5.7961e-08
y offset = 0
Number of Iterations = 8
Elapsed Time = 0.0384338 s
Normal iterations = 0
Average number of normal iterations = 0
Maximum number of normal iterations during one iteration = 0
Iterations with 0  normal iterations = 8
Iterations with 1  normal iteration  = 0
Iterations with 2+ normal iterations = 0
Restorations = 0
Average number of restorations per normal iteration = NA
**********************************************************
Done
Setup time: 0.049999
Execution time: 0.156667
