sifdecoder -A pc64.lnx.gfo  FLETCHER

 Problem name: FLETCHER

 Double precision version will be formed

 The objective function uses 1 nonlinear group
 
 There are 3 linear inequality constraints
 There is 1 nonlinear equality constraint
 
 There are 3 free variables
 There is 1 variable bounded only from below 
 
 
 File successfully decoded
/home/abel/documentos/dcicpp-newrun/output-dcicpp-fast-2016-11-24--13:29
No tools
make: *** No rule to make target 'dcicpp'.  Stop.
Starting
Solving
ekpp/ek = 738.929
ekpp/ekp = 0.999968
ekpp/ek = 0.999889
ekpp/ekp = 0.999921
ekpp/ek = 0.999723
ekpp/ekp = 0.999802
ekpp/ek = 0.999308
ekpp/ekp = 0.999505
ekpp/ek = 0.998269
ekpp/ekp = 0.998763
ekpp/ek = 0.995674
ekpp/ekp = 0.996907
ekpp/ek = 0.989187
ekpp/ekp = 0.992257
ekpp/ek = 0.972991
ekpp/ekp = 0.980584
ekpp/ek = 0.932721
ekpp/ekp = 0.951189
ekpp/ek = 0.835787
ekpp/ekp = 0.878676
ekpp/ek = 0.88921
ekpp/ekp = 1.01199
ekpp/ek = 1.0673
ekpp/ekp = 1.05465
ekpp/ek = 1.05543
ekpp/ekp = 1.00074
ekpp/ek = 1.002
ekpp/ekp = 1.00127
ekpp/ek = 1.00127
ekpp/ekp = 1
Showing
**********************************************************
Problem name: FLETCHER

Number of Variables: 4
Number of Constraints: 4
             Equality: 1
           has_inequality: 3

EXIT: The Algorithm has Converged
f(x) = 19.5254
|c(x)| = 6.52989e-12
|g(x) + J(x)'*y| = 1.34229e-09
y offset = 0
Number of Iterations = 18
Elapsed Time = 0.00181198 s
Normal iterations = 4
Average number of normal iterations = 0.222222
Maximum number of normal iterations during one iteration = 1
Iterations with 0  normal iterations = 14
Iterations with 1  normal iteration  = 4
Iterations with 2+ normal iterations = 0
Restorations = 147
Average number of restorations per normal iteration = 36
**********************************************************
Done
Setup time: 0.003333
Execution time: 0.006666
