sifdecoder -A pc64.lnx.gfo  GIGOMEZ2

 Problem name: GIGOMEZ2

 Double precision version will be formed

 The objective function uses 1 linear group
 
 There are 3 nonlinear inequality constraints
 
 There are 3 free variables
 
 
 File successfully decoded
/home/abel/documentos/dcicpp-newrun/output-dcicpp-fast-2016-11-24--13:29
No tools
make: *** No rule to make target 'dcicpp'.  Stop.
Starting
Solving
ekpp/ek = 0.439812
ekpp/ekp = 1.54555
ekpp/ek = 1.7559
ekpp/ekp = 1.13609
ekpp/ek = 1.15281
ekpp/ekp = 1.01471
ekpp/ek = 0.537333
ekpp/ekp = 0.529541
ekpp/ek = 0.835303
ekpp/ekp = 1.57741
ekpp/ek = 1.88678
ekpp/ekp = 1.19612
ekpp/ek = 1.19752
ekpp/ekp = 1.00117
ekpp/ek = 1.0107
ekpp/ekp = 1.00952
ekpp/ek = 0.529984
ekpp/ekp = 0.524985
ekpp/ek = 0.521613
ekpp/ekp = 0.993577
ekpp/ek = 1.88946
ekpp/ekp = 1.90167
ekpp/ek = 1.00527
ekpp/ekp = 0.528622
ekpp/ek = 1.00618
ekpp/ekp = 1.9034
ekpp/ek = 1.90707
ekpp/ekp = 1.00193
ekpp/ek = 0.584422
ekpp/ekp = 0.583297
ekpp/ek = 0.998785
ekpp/ekp = 1.71231
ekpp/ek = 1.71478
ekpp/ekp = 1.00144
ekpp/ek = 1.00146
ekpp/ekp = 1.00002
Showing
**********************************************************
Problem name: GIGOMEZ2

Number of Variables: 3
Number of Constraints: 3
             Equality: 0
           has_inequality: 3

EXIT: The Algorithm has Converged
f(x) = 1.95222
|c(x)| = 9.04794e-07
|g(x) + J(x)'*y| = 1.53625e-11
y offset = 4.00427e-11
Number of Iterations = 21
Elapsed Time = 0.0102372 s
Normal iterations = 24
Average number of normal iterations = 1.14286
Maximum number of normal iterations during one iteration = 3
Iterations with 0  normal iterations = 3
Iterations with 1  normal iteration  = 14
Iterations with 2+ normal iterations = 4
Restorations = 703
Average number of restorations per normal iteration = 29
**********************************************************
Done
Setup time: 0.003333
Execution time: 0.036666
