sifdecoder -A pc64.lnx.gfo  GULF

 Problem name: GULF

 Double precision version will be formed

 The objective function uses 99 nonlinear groups
 
 There are 3 free variables
 
 
 File successfully decoded
/home/abel/documentos/dcicpp-newrun/output-dcicpp-fast-2016-11-24--13:29
No tools
make: *** No rule to make target 'dcicpp'.  Stop.
Starting
Solving
ekpp/ek = 1.17227
ekpp/ekp = 1.12404
ekpp/ek = 1.4596
ekpp/ekp = 1.29853
ekpp/ek = 2.1574
ekpp/ekp = 1.66141
ekpp/ek = 3.32681
ekpp/ekp = 2.0024
ekpp/ek = 2.1237
ekpp/ekp = 1.06058
ekpp/ek = 1.21158
ekpp/ekp = 1.14238
ekpp/ek = 1.2217
ekpp/ekp = 1.06944
ekpp/ek = 1.2421
ekpp/ekp = 1.16145
ekpp/ek = 1.17842
ekpp/ekp = 1.01461
ekpp/ek = 1.02188
ekpp/ekp = 1.00717
ekpp/ek = 1.12908
ekpp/ekp = 1.12104
ekpp/ek = 1.1403
ekpp/ekp = 1.01718
ekpp/ek = 1.13926
ekpp/ekp = 1.12001
ekpp/ek = 1.12067
ekpp/ekp = 1.00058
ekpp/ek = 1.1157
ekpp/ekp = 1.11504
ekpp/ek = 1.11541
ekpp/ekp = 1.00033
ekpp/ek = 1.02116
ekpp/ekp = 1.02083
ekpp/ek = 1.07357
ekpp/ekp = 1.05167
ekpp/ek = 1.05173
ekpp/ekp = 1.00005
ekpp/ek = 1.05495
ekpp/ekp = 1.05489
ekpp/ek = 1.05493
ekpp/ekp = 1.00004
Showing
**********************************************************
Problem name: GULF    

Number of Variables: 3
Number of Constraints: 0
             Equality: 0
           has_inequality: 0

EXIT: The Algorithm has Converged
f(x) = 4.9574e-08
|c(x)| = 0
|g(x) + J(x)'*y| = 3.8355e-07
y offset = 0
Number of Iterations = 24
Elapsed Time = 0.0125887 s
Normal iterations = 0
Average number of normal iterations = 0
Maximum number of normal iterations during one iteration = 0
Iterations with 0  normal iterations = 24
Iterations with 1  normal iteration  = 0
Iterations with 2+ normal iterations = 0
Restorations = 0
Average number of restorations per normal iteration = NA
**********************************************************
Done
Setup time: 0.003333
Execution time: 0.049999
