sifdecoder -A pc64.lnx.gfo  HIMMELP2

 Problem name: HIMMELP2

 Double precision version will be formed

 The objective function uses 1 nonlinear group
 
 There is 1 nonlinear inequality constraint
 
 There are 2 variables bounded from below and above 
 
 
 File successfully decoded
/home/abel/documentos/dcicpp-newrun/output-dcicpp-fast-2016-11-24--13:29
No tools
make: *** No rule to make target 'dcicpp'.  Stop.
Starting
Solving
ekpp/ek = 1.21265
ekpp/ekp = 0.996637
ekpp/ek = 0.935305
ekpp/ekp = 0.938461
ekpp/ek = 0.921528
ekpp/ekp = 0.981957
ekpp/ek = 0.980564
ekpp/ekp = 0.998581
ekpp/ek = 0.998581
ekpp/ekp = 1
ekpp/ek = 0.999992
ekpp/ekp = 0.999992
Showing
**********************************************************
Problem name: HIMMELP2

Number of Variables: 2
Number of Constraints: 1
             Equality: 0
           has_inequality: 1

EXIT: The Algorithm has Converged
f(x) = -59.6189
|c(x)| = 9.71912e-07
|g(x) + J(x)'*y| = 1.36576e-09
y offset = 0
Number of Iterations = 9
Elapsed Time = 0.00100589 s
Normal iterations = 6
Average number of normal iterations = 0.666667
Maximum number of normal iterations during one iteration = 1
Iterations with 0  normal iterations = 3
Iterations with 1  normal iteration  = 6
Iterations with 2+ normal iterations = 0
Restorations = 92
Average number of restorations per normal iteration = 15
**********************************************************
Done
Setup time: 0
Execution time: 0.003333
