sifdecoder -A pc64.lnx.gfo  HS109

 Problem name: HS109

 Double precision version will be formed

 The objective function uses 1 nonlinear group
 
 There are 2 linear inequality constraints
 There are 6 nonlinear equality constraints
 There are 2 nonlinear inequality constraints
 
 There are 2 variables bounded only from below 
 There are 7 variables bounded from below and above 
 
 
 File successfully decoded
/home/abel/documentos/dcicpp-newrun/output-dcicpp-fast-2016-11-24--13:29
No tools
make: *** No rule to make target 'dcicpp'.  Stop.
Starting
Solving
ekpp/ek = 0.998554
ekpp/ekp = 0.999027
ekpp/ek = 0.998033
ekpp/ekp = 0.999004
ekpp/ek = 1.00669
ekpp/ekp = 1.00769
ekpp/ek = 1.02382
ekpp/ekp = 1.016
ekpp/ek = 1.08068
ekpp/ekp = 1.06366
ekpp/ek = 1.07582
ekpp/ekp = 1.01143
ekpp/ek = 1.01199
ekpp/ekp = 1.00055
ekpp/ek = 1.0016
ekpp/ekp = 1.00105
ekpp/ek = 1.00104
ekpp/ekp = 0.999987
Showing
**********************************************************
Problem name: HS109   

Number of Variables: 9
Number of Constraints: 10
             Equality: 6
           has_inequality: 4

EXIT: The Algorithm has Converged
f(x) = 5362.07
|c(x)| = 2.55215e-08
|g(x) + J(x)'*y| = 6.80684e-07
y offset = 2.36121e-08
Number of Iterations = 12
Elapsed Time = 0.00613284 s
Normal iterations = 7
Average number of normal iterations = 0.583333
Maximum number of normal iterations during one iteration = 1
Iterations with 0  normal iterations = 5
Iterations with 1  normal iteration  = 7
Iterations with 2+ normal iterations = 0
Restorations = 289
Average number of restorations per normal iteration = 41
**********************************************************
Done
Setup time: 0.003333
Execution time: 0.023332
