sifdecoder -A pc64.lnx.gfo  HS108

 Problem name: HS108

 Double precision version will be formed

 The objective function uses 1 nonlinear group
 
 There are 13 nonlinear inequality constraints
 
 There are 8 free variables
 There is 1 variable bounded only from below 
 
 
 File successfully decoded
/home/abel/documentos/dcicpp-newrun/output-dcicpp-fast-2016-11-24--13:29
No tools
make: *** No rule to make target 'dcicpp'.  Stop.
Starting
Solving
ekpp/ek = 11.5412
ekpp/ekp = 1.71604
ekpp/ek = 1.8136
ekpp/ekp = 1.05685
ekpp/ek = 1.13637
ekpp/ekp = 1.07523
ekpp/ek = 1.17077
ekpp/ekp = 1.08885
ekpp/ek = 1.09373
ekpp/ekp = 1.00448
ekpp/ek = 1.0872
ekpp/ekp = 1.08236
ekpp/ek = 1.10056
ekpp/ekp = 1.01682
ekpp/ek = 1.05736
ekpp/ekp = 1.03988
ekpp/ek = 1.10252
ekpp/ekp = 1.06024
ekpp/ek = 1.12423
ekpp/ekp = 1.06035
ekpp/ek = 1.16951
ekpp/ekp = 1.10294
ekpp/ek = 1.18169
ekpp/ekp = 1.0714
ekpp/ek = 1.2135
ekpp/ekp = 1.13263
ekpp/ek = 1.14252
ekpp/ekp = 1.00873
ekpp/ek = 1.02016
ekpp/ekp = 1.01133
ekpp/ek = 1.01269
ekpp/ekp = 1.00135
ekpp/ek = 1.01092
ekpp/ekp = 1.00955
ekpp/ek = 1.01178
ekpp/ekp = 1.00221
ekpp/ek = 1.00253
ekpp/ekp = 1.00032
ekpp/ek = 1.00034
ekpp/ekp = 1.00002
Showing
**********************************************************
Problem name: HS108   

Number of Variables: 9
Number of Constraints: 13
             Equality: 0
           has_inequality: 13

EXIT: The Algorithm has Converged
f(x) = -0.866017
|c(x)| = 9.60351e-07
|g(x) + J(x)'*y| = 7.38712e-07
y offset = 3.34543e-06
Number of Iterations = 23
Elapsed Time = 0.0116241 s
Normal iterations = 26
Average number of normal iterations = 1.13043
Maximum number of normal iterations during one iteration = 2
Iterations with 0  normal iterations = 4
Iterations with 1  normal iteration  = 12
Iterations with 2+ normal iterations = 7
Restorations = 565
Average number of restorations per normal iteration = 21
**********************************************************
Done
Setup time: 0
Execution time: 0.046666
