sifdecoder -A pc64.lnx.gfo  HS10

 Problem name: HS10

 Double precision version will be formed

 The objective function uses 1 linear group
 
 There is 1 nonlinear inequality constraint
 
 There are 2 free variables
 
 
 File successfully decoded
/home/abel/documentos/dcicpp-newrun/output-dcicpp-fast-2016-11-24--13:29
No tools
make: *** No rule to make target 'dcicpp'.  Stop.
Starting
Solving
ekpp/ek = 0.447004
ekpp/ekp = 0.66325
ekpp/ek = 0.49105
ekpp/ekp = 0.740368
ekpp/ek = 0.651957
ekpp/ekp = 0.880584
ekpp/ek = 0.62929
ekpp/ekp = 0.714628
ekpp/ek = 0.628482
ekpp/ekp = 0.879454
ekpp/ek = 0.78716
ekpp/ekp = 0.895055
ekpp/ek = 0.873538
ekpp/ekp = 0.97596
ekpp/ek = 0.899912
ekpp/ekp = 0.922079
ekpp/ek = 0.912719
ekpp/ekp = 0.989849
ekpp/ek = 0.994946
ekpp/ekp = 1.00515
ekpp/ek = 1.00588
ekpp/ekp = 1.00073
ekpp/ek = 1.00131
ekpp/ekp = 1.00058
ekpp/ek = 1.00059
ekpp/ekp = 1.00001
Showing
**********************************************************
Problem name: HS10    

Number of Variables: 2
Number of Constraints: 1
             Equality: 0
           has_inequality: 1

EXIT: The Algorithm has Converged
f(x) = -1
|c(x)| = 9.28431e-07
|g(x) + J(x)'*y| = 9.0483e-08
y offset = 0
Number of Iterations = 16
Elapsed Time = 0.00177336 s
Normal iterations = 17
Average number of normal iterations = 1.0625
Maximum number of normal iterations during one iteration = 2
Iterations with 0  normal iterations = 0
Iterations with 1  normal iteration  = 15
Iterations with 2+ normal iterations = 1
Restorations = 222
Average number of restorations per normal iteration = 13
**********************************************************
Done
Setup time: 0.003333
Execution time: 0.006666
