sifdecoder -A pc64.lnx.gfo  HS11

 Problem name: HS11

 Double precision version will be formed

 The objective function uses 1 nonlinear group
 
 There is 1 nonlinear inequality constraint
 
 There are 2 free variables
 
 
 File successfully decoded
/home/abel/documentos/dcicpp-newrun/output-dcicpp-fast-2016-11-24--13:29
No tools
make: *** No rule to make target 'dcicpp'.  Stop.
Starting
Solving
ekpp/ek = 1.21377
ekpp/ekp = 1.23735
ekpp/ek = 1.2092
ekpp/ekp = 0.977249
ekpp/ek = 1.08213
ekpp/ekp = 1.10733
ekpp/ek = 1.11095
ekpp/ekp = 1.00327
ekpp/ek = 1.00369
ekpp/ekp = 1.00041
ekpp/ek = 1.00046
ekpp/ekp = 1.00004
Showing
**********************************************************
Problem name: HS11    

Number of Variables: 2
Number of Constraints: 1
             Equality: 0
           has_inequality: 1

EXIT: The Algorithm has Converged
f(x) = -8.49847
|c(x)| = 9.45903e-07
|g(x) + J(x)'*y| = 6.50121e-12
y offset = 0
Number of Iterations = 9
Elapsed Time = 0.00134945 s
Normal iterations = 8
Average number of normal iterations = 0.888889
Maximum number of normal iterations during one iteration = 2
Iterations with 0  normal iterations = 3
Iterations with 1  normal iteration  = 4
Iterations with 2+ normal iterations = 2
Restorations = 164
Average number of restorations per normal iteration = 20
**********************************************************
Done
Setup time: 0.003333
Execution time: 0.003333
