sifdecoder -A pc64.lnx.gfo  HS12

 Problem name: HS12

 Double precision version will be formed

 The objective function uses 1 nonlinear group
 
 There is 1 nonlinear inequality constraint
 
 There are 2 free variables
 
 
 File successfully decoded
/home/abel/documentos/dcicpp-newrun/output-dcicpp-fast-2016-11-24--13:29
No tools
make: *** No rule to make target 'dcicpp'.  Stop.
Starting
Solving
ekpp/ek = 1.30097
ekpp/ekp = 1.70947
ekpp/ek = 1.80773
ekpp/ekp = 1.05748
ekpp/ek = 1.01204
ekpp/ekp = 0.957034
ekpp/ek = 0.959184
ekpp/ekp = 1.00225
ekpp/ek = 1.00223
ekpp/ekp = 0.999982
Showing
**********************************************************
Problem name: HS12    

Number of Variables: 2
Number of Constraints: 1
             Equality: 0
           has_inequality: 1

EXIT: The Algorithm has Converged
f(x) = -30
|c(x)| = 9.12725e-07
|g(x) + J(x)'*y| = 1.38091e-11
y offset = 0
Number of Iterations = 8
Elapsed Time = 0.00129986 s
Normal iterations = 6
Average number of normal iterations = 0.75
Maximum number of normal iterations during one iteration = 1
Iterations with 0  normal iterations = 2
Iterations with 1  normal iteration  = 6
Iterations with 2+ normal iterations = 0
Restorations = 147
Average number of restorations per normal iteration = 24
**********************************************************
Done
Setup time: 0
Execution time: 0.003333
