sifdecoder -A pc64.lnx.gfo  HS13

 Problem name: HS13

 Double precision version will be formed

 The objective function uses 1 nonlinear group
 
 There is 1 nonlinear inequality constraint
 
 There are 2 variables bounded only from below 
 
 
 File successfully decoded
/home/abel/documentos/dcicpp-newrun/output-dcicpp-fast-2016-11-24--13:29
No tools
make: *** No rule to make target 'dcicpp'.  Stop.
Starting
Solving
ekpp/ek = 0.765846
ekpp/ekp = 0.898411
ekpp/ek = 0.86618
ekpp/ekp = 0.964124
ekpp/ek = 0.963286
ekpp/ekp = 0.99913
ekpp/ek = 0.982783
ekpp/ekp = 0.983639
ekpp/ek = 0.974824
ekpp/ekp = 0.991039
ekpp/ek = 0.989353
ekpp/ekp = 0.998299
ekpp/ek = 0.997193
ekpp/ekp = 0.998892
ekpp/ek = 0.998885
ekpp/ekp = 0.999993
ekpp/ek = 0.999422
ekpp/ekp = 0.99943
ekpp/ek = 0.999011
ekpp/ekp = 0.999581
ekpp/ek = 0.99922
ekpp/ekp = 0.999639
ekpp/ek = 0.999578
ekpp/ekp = 0.999939
ekpp/ek = 0.999888
ekpp/ekp = 0.999949
ekpp/ek = 0.999915
ekpp/ekp = 0.999967
Showing
**********************************************************
Problem name: HS13    

Number of Variables: 2
Number of Constraints: 1
             Equality: 0
           has_inequality: 1

EXIT: The Algorithm has Converged
f(x) = 1.01468
|c(x)| = 3.91497e-07
|g(x) + J(x)'*y| = 3.54916e-09
y offset = 0
Number of Iterations = 17
Elapsed Time = 0.000645638 s
Normal iterations = 9
Average number of normal iterations = 0.529412
Maximum number of normal iterations during one iteration = 1
Iterations with 0  normal iterations = 8
Iterations with 1  normal iteration  = 9
Iterations with 2+ normal iterations = 0
Restorations = 9
Average number of restorations per normal iteration = 1
**********************************************************
Done
Setup time: 0
Execution time: 0.003333
