sifdecoder -A pc64.lnx.gfo  HS18

 Problem name: HS18

 Double precision version will be formed

 The objective function uses 1 nonlinear group
 
 There are 2 nonlinear inequality constraints
 
 There are 2 variables bounded from below and above 
 
 
 File successfully decoded
/home/abel/documentos/dcicpp-newrun/output-dcicpp-fast-2016-11-24--13:29
No tools
make: *** No rule to make target 'dcicpp'.  Stop.
Starting
Solving
ekpp/ek = 2.6879
ekpp/ekp = 1.24583
ekpp/ek = 1.18379
ekpp/ekp = 0.950197
ekpp/ek = 0.950237
ekpp/ekp = 1.00004
ekpp/ek = 1.00015
ekpp/ekp = 1.00011
ekpp/ek = 1.00037
ekpp/ekp = 1.00027
ekpp/ek = 1.00093
ekpp/ekp = 1.00066
ekpp/ek = 1.00232
ekpp/ekp = 1.00166
ekpp/ek = 1.00582
ekpp/ekp = 1.00415
ekpp/ek = 1.01461
ekpp/ekp = 1.01041
ekpp/ek = 1.03687
ekpp/ekp = 1.02619
ekpp/ek = 1.09425
ekpp/ekp = 1.06633
ekpp/ek = 1.24709
ekpp/ekp = 1.16952
ekpp/ek = 1.44392
ekpp/ekp = 1.23463
ekpp/ek = 1.37081
ekpp/ekp = 1.1103
ekpp/ek = 1.14376
ekpp/ekp = 1.03014
ekpp/ek = 1.03254
ekpp/ekp = 1.00234
ekpp/ek = 1.00245
ekpp/ekp = 1.00012
ekpp/ek = 1.00013
ekpp/ekp = 1.00001
Showing
**********************************************************
Problem name: HS18    

Number of Variables: 2
Number of Constraints: 2
             Equality: 0
           has_inequality: 2

EXIT: The Algorithm has Converged
f(x) = 5
|c(x)| = 9.55868e-07
|g(x) + J(x)'*y| = 6.44234e-11
y offset = 3.88392e-151
Number of Iterations = 21
Elapsed Time = 0.00247264 s
Normal iterations = 9
Average number of normal iterations = 0.428571
Maximum number of normal iterations during one iteration = 1
Iterations with 0  normal iterations = 12
Iterations with 1  normal iteration  = 9
Iterations with 2+ normal iterations = 0
Restorations = 295
Average number of restorations per normal iteration = 32
**********************************************************
Done
Setup time: 0.003333
Execution time: 0.009999
