sifdecoder -A pc64.lnx.gfo  HS19

 Problem name: HS19

 Double precision version will be formed

 The objective function uses 1 nonlinear group
 
 There are 2 nonlinear inequality constraints
 
 There are 2 variables bounded from below and above 
 
 
 File successfully decoded
/home/abel/documentos/dcicpp-newrun/output-dcicpp-fast-2016-11-24--13:29
No tools
make: *** No rule to make target 'dcicpp'.  Stop.
Starting
Solving
ekpp/ek = 0.673422
ekpp/ekp = 0.908627
ekpp/ek = 0.909097
ekpp/ekp = 1.00052
ekpp/ek = 1.00007
ekpp/ekp = 0.999555
Showing
**********************************************************
Problem name: HS19    

Number of Variables: 2
Number of Constraints: 2
             Equality: 0
           has_inequality: 2

EXIT: The Algorithm has Converged
f(x) = -6961.81
|c(x)| = 5.347e-09
|g(x) + J(x)'*y| = 5.18051e-07
y offset = 0
Number of Iterations = 6
Elapsed Time = 0.00155282 s
Normal iterations = 5
Average number of normal iterations = 0.833333
Maximum number of normal iterations during one iteration = 2
Iterations with 0  normal iterations = 2
Iterations with 1  normal iteration  = 3
Iterations with 2+ normal iterations = 1
Restorations = 175
Average number of restorations per normal iteration = 35
**********************************************************
Done
Setup time: 0
Execution time: 0.006666
