sifdecoder -A pc64.lnx.gfo  HS44NEW

 Problem name: HS44NEW

 Double precision version will be formed

 The objective function uses 1 nonlinear group
 
 There are 6 linear inequality constraints
 
 There are 4 variables bounded only from below 
 
 
 File successfully decoded
/home/abel/documentos/dcicpp-newrun/output-dcicpp-fast-2016-11-24--13:29
No tools
make: *** No rule to make target 'dcicpp'.  Stop.
Starting
Solving
ekpp/ek = 4.10121
ekpp/ekp = 2.83572
ekpp/ek = 3.44068
ekpp/ekp = 1.21334
ekpp/ek = 1.23155
ekpp/ekp = 1.01501
ekpp/ek = 1.01871
ekpp/ekp = 1.00365
ekpp/ek = 1.00403
ekpp/ekp = 1.00038
Showing
**********************************************************
Problem name: HS44NEW 

Number of Variables: 4
Number of Constraints: 6
             Equality: 0
           has_inequality: 6

EXIT: The Algorithm has Converged
f(x) = -15
|c(x)| = 2.37965e-12
|g(x) + J(x)'*y| = 3.22553e-07
y offset = 0
Number of Iterations = 8
Elapsed Time = 0.000457764 s
Normal iterations = 0
Average number of normal iterations = 0
Maximum number of normal iterations during one iteration = 0
Iterations with 0  normal iterations = 8
Iterations with 1  normal iteration  = 0
Iterations with 2+ normal iterations = 0
Restorations = 0
Average number of restorations per normal iteration = NA
**********************************************************
Done
Setup time: 0
Execution time: 0.003333
