sifdecoder -A pc64.lnx.gfo  HS46

 Problem name: HS46

 Double precision version will be formed

 The objective function uses 1 nonlinear group
 
 There are 2 nonlinear equality constraints
 
 There are 5 free variables
 
 
 File successfully decoded
/home/abel/documentos/dcicpp-newrun/output-dcicpp-fast-2016-11-24--13:29
No tools
make: *** No rule to make target 'dcicpp'.  Stop.
Starting
Solving
ekpp/ek = 0.527836
ekpp/ekp = 0.710022
ekpp/ek = 0.548477
ekpp/ekp = 0.77248
ekpp/ek = 0.577948
ekpp/ekp = 0.748173
ekpp/ek = 0.710592
ekpp/ekp = 0.94977
ekpp/ek = 0.906086
ekpp/ekp = 0.954005
ekpp/ek = 0.708856
ekpp/ekp = 0.743031
ekpp/ek = 0.53244
ekpp/ekp = 0.716579
ekpp/ek = 0.500834
ekpp/ekp = 0.698924
ekpp/ek = 0.479802
ekpp/ekp = 0.686486
ekpp/ek = 0.465921
ekpp/ekp = 0.678705
ekpp/ek = 0.457412
ekpp/ekp = 0.673948
Showing
**********************************************************
Problem name: HS46    

Number of Variables: 5
Number of Constraints: 2
             Equality: 2
           has_inequality: 0

EXIT: The Algorithm has Converged
f(x) = 9.00915e-09
|c(x)| = 8.18398e-07
|g(x) + J(x)'*y| = 4.50639e-07
y offset = 0
Number of Iterations = 14
Elapsed Time = 0.000620604 s
Normal iterations = 5
Average number of normal iterations = 0.357143
Maximum number of normal iterations during one iteration = 1
Iterations with 0  normal iterations = 9
Iterations with 1  normal iteration  = 5
Iterations with 2+ normal iterations = 0
Restorations = 5
Average number of restorations per normal iteration = 1
**********************************************************
Done
Setup time: 0
Execution time: -5.66244e-13
