sifdecoder -A pc64.lnx.gfo  HS53

 Problem name: HS53

 Double precision version will be formed

 The objective function uses 1 nonlinear group
 
 There are 3 linear equality constraints
 
 There are 5 variables bounded from below and above 
 
 
 File successfully decoded
/home/abel/documentos/dcicpp-newrun/output-dcicpp-fast-2016-11-24--13:29
No tools
make: *** No rule to make target 'dcicpp'.  Stop.
Starting
Solving
ekpp/ek = 0.953438
ekpp/ekp = 0.857922
Showing
**********************************************************
Problem name: HS53    

Number of Variables: 5
Number of Constraints: 3
             Equality: 3
           has_inequality: 0

EXIT: The Algorithm has Converged
f(x) = 4.09302
|c(x)| = 3.16024e-15
|g(x) + J(x)'*y| = 1.62032e-15
y offset = 0
Number of Iterations = 4
Elapsed Time = 0.000327826 s
Normal iterations = 1
Average number of normal iterations = 0.25
Maximum number of normal iterations during one iteration = 1
Iterations with 0  normal iterations = 3
Iterations with 1  normal iteration  = 1
Iterations with 2+ normal iterations = 0
Restorations = 1
Average number of restorations per normal iteration = 1
**********************************************************
Done
Setup time: 0.003333
Execution time: -5.66244e-13
