sifdecoder -A pc64.lnx.gfo  HS60

 Problem name: HS60

 Double precision version will be formed

 The objective function uses 1 nonlinear group
 
 There is 1 nonlinear equality constraint
 
 There are 3 variables bounded from below and above 
 
 
 File successfully decoded
/home/abel/documentos/dcicpp-newrun/output-dcicpp-fast-2016-11-24--13:29
No tools
make: *** No rule to make target 'dcicpp'.  Stop.
Starting
Solving
ekpp/ek = 0.445967
ekpp/ekp = 0.509703
ekpp/ek = 0.471531
ekpp/ekp = 0.925109
ekpp/ek = 0.838209
ekpp/ekp = 0.906065
ekpp/ek = 0.908928
ekpp/ekp = 1.00316
ekpp/ek = 0.993304
ekpp/ekp = 0.990175
ekpp/ek = 0.990177
ekpp/ekp = 1
ekpp/ek = 0.999951
ekpp/ekp = 0.999949
Showing
**********************************************************
Problem name: HS60    

Number of Variables: 3
Number of Constraints: 1
             Equality: 1
           has_inequality: 0

EXIT: The Algorithm has Converged
f(x) = 0.0325682
|c(x)| = 1.08717e-08
|g(x) + J(x)'*y| = 7.89479e-10
y offset = 0
Number of Iterations = 10
Elapsed Time = 0.00047493 s
Normal iterations = 4
Average number of normal iterations = 0.4
Maximum number of normal iterations during one iteration = 1
Iterations with 0  normal iterations = 6
Iterations with 1  normal iteration  = 4
Iterations with 2+ normal iterations = 0
Restorations = 5
Average number of restorations per normal iteration = 1
**********************************************************
Done
Setup time: 0
Execution time: 0.003333
