sifdecoder -A pc64.lnx.gfo  HS64

 Problem name: HS64

 Double precision version will be formed

 The objective function uses 1 nonlinear group
 
 There is 1 nonlinear inequality constraint
 
 There are 3 variables bounded only from below 
 
 
 File successfully decoded
/home/abel/documentos/dcicpp-newrun/output-dcicpp-fast-2016-11-24--13:29
No tools
make: *** No rule to make target 'dcicpp'.  Stop.
Starting
Solving
ekpp/ek = 3.31701
ekpp/ekp = 2.21773
ekpp/ek = 5.60253
ekpp/ekp = 2.52625
ekpp/ek = 6.91588
ekpp/ekp = 2.73761
ekpp/ek = 9.39302
ekpp/ekp = 3.4311
ekpp/ek = 7.4199
ekpp/ekp = 2.16254
ekpp/ek = 2.47857
ekpp/ekp = 1.14614
ekpp/ek = 1.17328
ekpp/ekp = 1.02368
ekpp/ek = 1.03402
ekpp/ekp = 1.01011
ekpp/ek = 1.01013
ekpp/ekp = 1.00003
Showing
**********************************************************
Problem name: HS64    

Number of Variables: 3
Number of Constraints: 1
             Equality: 0
           has_inequality: 1

EXIT: The Algorithm has Converged
f(x) = 6299.84
|c(x)| = 9.69606e-07
|g(x) + J(x)'*y| = 5.71545e-10
y offset = 0
Number of Iterations = 12
Elapsed Time = 0.00158215 s
Normal iterations = 11
Average number of normal iterations = 0.916667
Maximum number of normal iterations during one iteration = 1
Iterations with 0  normal iterations = 1
Iterations with 1  normal iteration  = 11
Iterations with 2+ normal iterations = 0
Restorations = 189
Average number of restorations per normal iteration = 17
**********************************************************
Done
Setup time: 0
Execution time: 0.006666
