sifdecoder -A pc64.lnx.gfo  HS67

 Problem name: HS67

 Double precision version will be formed

 The objective function uses 1 nonlinear group
 
 There are 14 nonlinear inequality constraints
 
 There are 3 variables bounded from below and above 
 
 
 File successfully decoded
/home/abel/documentos/dcicpp-newrun/output-dcicpp-fast-2016-11-24--13:29
No tools
make: *** No rule to make target 'dcicpp'.  Stop.
Starting
Solving
ekpp/ek = 1.0001
ekpp/ekp = 1.00005
ekpp/ek = 1.0001
ekpp/ekp = 1.00005
ekpp/ek = 1.0001
ekpp/ekp = 1.00005
ekpp/ek = 1.0001
ekpp/ekp = 1.00005
ekpp/ek = 1.0001
ekpp/ekp = 1.00005
ekpp/ek = 1.0001
ekpp/ekp = 1.00005
ekpp/ek = 1.0001
ekpp/ekp = 1.00005
ekpp/ek = 1.0001
ekpp/ekp = 1.00005
ekpp/ek = 1.0001
ekpp/ekp = 1.00005
ekpp/ek = 1.0001
ekpp/ekp = 1.00005
ekpp/ek = 1.0001
ekpp/ekp = 1.00005
ekpp/ek = 1.0001
ekpp/ekp = 1.00005
ekpp/ek = 1.0001
ekpp/ekp = 1.00005
ekpp/ek = 1.0001
ekpp/ekp = 1.00005
ekpp/ek = 1.0001
ekpp/ekp = 1.00005
ekpp/ek = 1.0001
ekpp/ekp = 1.00005
ekpp/ek = 1.0001
ekpp/ekp = 1.00005
ekpp/ek = 1.0001
ekpp/ekp = 1.00005
ekpp/ek = 1.0001
ekpp/ekp = 1.00005
ekpp/ek = 1.0001
ekpp/ekp = 1.00005
ekpp/ek = 1.0001
ekpp/ekp = 1.00005
ekpp/ek = 1.0001
ekpp/ekp = 1.00005
ekpp/ek = 1.0001
ekpp/ekp = 1.00005
ekpp/ek = 1.0001
ekpp/ekp = 1.00005
ekpp/ek = 1.0001
ekpp/ekp = 1.00005
ekpp/ek = 1.0001
ekpp/ekp = 1.00005
ekpp/ek = 1.0001
ekpp/ekp = 1.00005
ekpp/ek = 1.0001
ekpp/ekp = 1.00005
ekpp/ek = 1.0001
ekpp/ekp = 1.00005
ekpp/ek = 1.0001
ekpp/ekp = 1.00005
ekpp/ek = 1.0001
ekpp/ekp = 1.00005
ekpp/ek = 1.0001
ekpp/ekp = 1.00005
ekpp/ek = 1.0001
ekpp/ekp = 1.00005
ekpp/ek = 1.0001
ekpp/ekp = 1.00005
ekpp/ek = 1.0001
ekpp/ekp = 1.00005
ekpp/ek = 1.0001
ekpp/ekp = 1.00005
ekpp/ek = 1.0001
ekpp/ekp = 1.00005
ekpp/ek = 1.0001
ekpp/ekp = 1.00005
ekpp/ek = 1.0001
ekpp/ekp = 1.00005
ekpp/ek = 1.0001
ekpp/ekp = 1.00005
ekpp/ek = 1.0001
ekpp/ekp = 1.00005
ekpp/ek = 1.0001
ekpp/ekp = 1.00005
ekpp/ek = 1.0001
ekpp/ekp = 1.00005
ekpp/ek = 1.0001
ekpp/ekp = 1.00005
ekpp/ek = 1.0001
ekpp/ekp = 1.00005
ekpp/ek = 1.0001
ekpp/ekp = 1.00005
ekpp/ek = 1.0001
ekpp/ekp = 1.00005
ekpp/ek = 1.0001
ekpp/ekp = 1.00005
ekpp/ek = 1.0001
ekpp/ekp = 1.00005
ekpp/ek = 1.0001
ekpp/ekp = 1.00005
ekpp/ek = 1.0001
ekpp/ekp = 1.00005
ekpp/ek = 1.0001
ekpp/ekp = 1.00005
ekpp/ek = 1.0001
ekpp/ekp = 1.00005
ekpp/ek = 1.0001
ekpp/ekp = 1.00005
ekpp/ek = 1.0001
ekpp/ekp = 1.00005
ekpp/ek = 1.0001
ekpp/ekp = 1.00005
ekpp/ek = 1.0001
ekpp/ekp = 1.00005
ekpp/ek = 1.0001
ekpp/ekp = 1.00005
ekpp/ek = 1.0001
ekpp/ekp = 1.00005
ekpp/ek = 1.0001
ekpp/ekp = 1.00005
ekpp/ek = 1.0001
ekpp/ekp = 1.00005
ekpp/ek = 1.0001
ekpp/ekp = 1.00005
ekpp/ek = 1.01442
ekpp/ekp = 1.01437
ekpp/ek = 1.0333
ekpp/ekp = 1.01866
ekpp/ek = 1.03788
ekpp/ekp = 1.01886
ekpp/ek = 1.0378
ekpp/ekp = 1.0186
ekpp/ek = 1.0368
ekpp/ekp = 1.01787
ekpp/ek = 1.0385
ekpp/ekp = 1.02026
ekpp/ek = 1.03464
ekpp/ekp = 1.01409
ekpp/ek = 1.03227
ekpp/ekp = 1.01793
ekpp/ek = 1.03049
ekpp/ekp = 1.01233
ekpp/ek = 1.02809
ekpp/ekp = 1.01557
ekpp/ek = 1.02988
ekpp/ekp = 1.01409
ekpp/ek = 1.02374
ekpp/ekp = 1.00951
ekpp/ek = 1.01846
ekpp/ekp = 1.00887
ekpp/ek = 1.00889
ekpp/ekp = 1.00002
ekpp/ek = 1.00004
ekpp/ekp = 1.00002
ekpp/ek = 1.00004
ekpp/ekp = 1.00002
ekpp/ek = 1.00004
ekpp/ekp = 1.00002
ekpp/ek = 1.00004
ekpp/ekp = 1.00002
ekpp/ek = 1.00004
ekpp/ekp = 1.00002
ekpp/ek = 1.00004
ekpp/ekp = 1.00002
ekpp/ek = 1.00004
ekpp/ekp = 1.00002
ekpp/ek = 1.00004
ekpp/ekp = 1.00002
ekpp/ek = 1.00004
ekpp/ekp = 1.00002
ekpp/ek = 1.00004
ekpp/ekp = 1.00002
ekpp/ek = 1.00004
ekpp/ekp = 1.00002
ekpp/ek = 1.00004
ekpp/ekp = 1.00002
ekpp/ek = 1.00004
ekpp/ekp = 1.00002
ekpp/ek = 1.00004
ekpp/ekp = 1.00002
ekpp/ek = 1.00004
ekpp/ekp = 1.00002
ekpp/ek = 1.00004
ekpp/ekp = 1.00002
ekpp/ek = 1.00004
ekpp/ekp = 1.00002
ekpp/ek = 1.00004
ekpp/ekp = 1.00002
ekpp/ek = 1.00004
ekpp/ekp = 1.00002
ekpp/ek = 1.00004
ekpp/ekp = 1.00002
ekpp/ek = 1.00004
ekpp/ekp = 1.00002
ekpp/ek = 1.00004
ekpp/ekp = 1.00002
ekpp/ek = 1.00004
ekpp/ekp = 1.00002
ekpp/ek = 1.00004
ekpp/ekp = 1.00002
ekpp/ek = 1.00004
ekpp/ekp = 1.00002
ekpp/ek = 1.00004
ekpp/ekp = 1.00002
ekpp/ek = 1.00004
ekpp/ekp = 1.00002
ekpp/ek = 1.00004
ekpp/ekp = 1.00002
ekpp/ek = 1.00004
ekpp/ekp = 1.00002
ekpp/ek = 1.00004
ekpp/ekp = 1.00002
ekpp/ek = 1.00004
ekpp/ekp = 1.00002
ekpp/ek = 1.00004
ekpp/ekp = 1.00002
ekpp/ek = 1.00004
ekpp/ekp = 1.00002
ekpp/ek = 1.00004
ekpp/ekp = 1.00002
ekpp/ek = 1.00004
ekpp/ekp = 1.00002
ekpp/ek = 1.00004
ekpp/ekp = 1.00002
ekpp/ek = 1.00004
ekpp/ekp = 1.00002
ekpp/ek = 1.00004
ekpp/ekp = 1.00002
ekpp/ek = 1.00004
ekpp/ekp = 1.00002
ekpp/ek = 1.00004
ekpp/ekp = 1.00002
ekpp/ek = 1.00004
ekpp/ekp = 1.00002
ekpp/ek = 1.00004
ekpp/ekp = 1.00002
ekpp/ek = 1.00004
ekpp/ekp = 1.00002
ekpp/ek = 1.00004
ekpp/ekp = 1.00002
ekpp/ek = 1.00004
ekpp/ekp = 1.00002
ekpp/ek = 1.00004
ekpp/ekp = 1.00002
ekpp/ek = 1.00004
ekpp/ekp = 1.00002
ekpp/ek = 1.00004
ekpp/ekp = 1.00002
ekpp/ek = 1.00004
ekpp/ekp = 1.00002
ekpp/ek = 1.00004
ekpp/ekp = 1.00002
ekpp/ek = 1.00004
ekpp/ekp = 1.00002
ekpp/ek = 1.00004
ekpp/ekp = 1.00002
ekpp/ek = 1.00004
ekpp/ekp = 1.00002
ekpp/ek = 1.00004
ekpp/ekp = 1.00002
ekpp/ek = 1.00004
ekpp/ekp = 1.00002
ekpp/ek = 1.00004
ekpp/ekp = 1.00002
ekpp/ek = 1.00004
ekpp/ekp = 1.00002
ekpp/ek = 1.00004
ekpp/ekp = 1.00002
ekpp/ek = 1.00004
ekpp/ekp = 1.00002
ekpp/ek = 1.00004
ekpp/ekp = 1.00002
ekpp/ek = 1.00004
ekpp/ekp = 1.00002
ekpp/ek = 1.00004
ekpp/ekp = 1.00002
ekpp/ek = 1.00004
ekpp/ekp = 1.00002
ekpp/ek = 1.00004
ekpp/ekp = 1.00002
ekpp/ek = 1.00004
ekpp/ekp = 1.00002
ekpp/ek = 1.00004
ekpp/ekp = 1.00002
ekpp/ek = 1.00004
ekpp/ekp = 1.00002
ekpp/ek = 1.00004
ekpp/ekp = 1.00002
ekpp/ek = 1.00004
ekpp/ekp = 1.00002
ekpp/ek = 1.00004
ekpp/ekp = 1.00002
ekpp/ek = 1.00004
ekpp/ekp = 1.00002
ekpp/ek = 1.00004
ekpp/ekp = 1.00002
ekpp/ek = 1.00004
ekpp/ekp = 1.00002
ekpp/ek = 1.00004
ekpp/ekp = 1.00002
ekpp/ek = 1.00004
ekpp/ekp = 1.00002
ekpp/ek = 1.00004
ekpp/ekp = 1.00002
ekpp/ek = 1.00004
ekpp/ekp = 1.00002
ekpp/ek = 1.00004
ekpp/ekp = 1.00002
ekpp/ek = 1.00004
ekpp/ekp = 1.00002
ekpp/ek = 1.00004
ekpp/ekp = 1.00002
ekpp/ek = 1.00004
ekpp/ekp = 1.00002
ekpp/ek = 1.00004
ekpp/ekp = 1.00002
ekpp/ek = 1.00004
ekpp/ekp = 1.00002
ekpp/ek = 1.00004
ekpp/ekp = 1.00002
ekpp/ek = 1.00004
ekpp/ekp = 1.00002
ekpp/ek = 1.00004
ekpp/ekp = 1.00002
ekpp/ek = 1.00004
ekpp/ekp = 1.00002
ekpp/ek = 1.00004
ekpp/ekp = 1.00002
ekpp/ek = 1.00004
ekpp/ekp = 1.00002
ekpp/ek = 1.00004
ekpp/ekp = 1.00002
ekpp/ek = 1.00004
ekpp/ekp = 1.00002
ekpp/ek = 1.00004
ekpp/ekp = 1.00002
ekpp/ek = 1.00004
ekpp/ekp = 1.00002
ekpp/ek = 1.00004
ekpp/ekp = 1.00002
ekpp/ek = 1.00004
ekpp/ekp = 1.00002
ekpp/ek = 1.00004
ekpp/ekp = 1.00002
ekpp/ek = 1.00004
ekpp/ekp = 1.00002
ekpp/ek = 1.00004
ekpp/ekp = 1.00002
ekpp/ek = 1.00004
ekpp/ekp = 1.00002
ekpp/ek = 1.00004
ekpp/ekp = 1.00002
ekpp/ek = 1.00004
ekpp/ekp = 1.00002
ekpp/ek = 1.00004
ekpp/ekp = 1.00002
ekpp/ek = 1.00004
ekpp/ekp = 1.00002
ekpp/ek = 1.00004
ekpp/ekp = 1.00002
ekpp/ek = 1.00004
ekpp/ekp = 1.00002
ekpp/ek = 1.00004
ekpp/ekp = 1.00002
ekpp/ek = 1.00004
ekpp/ekp = 1.00002
ekpp/ek = 1.00004
ekpp/ekp = 1.00002
ekpp/ek = 1.00004
ekpp/ekp = 1.00002
ekpp/ek = 1.00004
ekpp/ekp = 1.00002
ekpp/ek = 1.00004
ekpp/ekp = 1.00002
ekpp/ek = 1.00004
ekpp/ekp = 1.00002
ekpp/ek = 1.00004
ekpp/ekp = 1.00002
ekpp/ek = 1.00004
ekpp/ekp = 1.00002
ekpp/ek = 1.00004
ekpp/ekp = 1.00002
ekpp/ek = 1.00004
ekpp/ekp = 1.00002
ekpp/ek = 1.00004
ekpp/ekp = 1.00002
ekpp/ek = 1.00004
ekpp/ekp = 1.00002
ekpp/ek = 1.00004
ekpp/ekp = 1.00002
ekpp/ek = 1.00004
ekpp/ekp = 1.00002
ekpp/ek = 1.00004
ekpp/ekp = 1.00002
ekpp/ek = 1.00004
ekpp/ekp = 1.00002
ekpp/ek = 1.00004
ekpp/ekp = 1.00002
ekpp/ek = 1.00004
ekpp/ekp = 1.00002
ekpp/ek = 1.00004
ekpp/ekp = 1.00002
ekpp/ek = 1.00004
ekpp/ekp = 1.00002
ekpp/ek = 1.00004
ekpp/ekp = 1.00002
ekpp/ek = 1.00004
ekpp/ekp = 1.00002
ekpp/ek = 1.00004
ekpp/ekp = 1.00002
ekpp/ek = 1.00004
ekpp/ekp = 1.00002
ekpp/ek = 1.00004
ekpp/ekp = 1.00002
ekpp/ek = 1.00004
ekpp/ekp = 1.00002
ekpp/ek = 1.00004
ekpp/ekp = 1.00002
ekpp/ek = 1.00004
ekpp/ekp = 1.00002
ekpp/ek = 1.00004
ekpp/ekp = 1.00002
ekpp/ek = 1.00004
ekpp/ekp = 1.00002
ekpp/ek = 1.00004
ekpp/ekp = 1.00002
ekpp/ek = 1.00004
ekpp/ekp = 1.00002
ekpp/ek = 1.00004
ekpp/ekp = 1.00002
ekpp/ek = 1.00004
ekpp/ekp = 1.00002
ekpp/ek = 1.00004
ekpp/ekp = 1.00002
ekpp/ek = 1.00004
ekpp/ekp = 1.00002
ekpp/ek = 1.00004
ekpp/ekp = 1.00002
ekpp/ek = 1.00004
ekpp/ekp = 1.00002
ekpp/ek = 1.00004
ekpp/ekp = 1.00002
ekpp/ek = 1.00004
ekpp/ekp = 1.00002
ekpp/ek = 1.00004
ekpp/ekp = 1.00002
ekpp/ek = 1.00004
ekpp/ekp = 1.00002
ekpp/ek = 1.00004
ekpp/ekp = 1.00002
ekpp/ek = 1.00004
ekpp/ekp = 1.00002
ekpp/ek = 1.00004
ekpp/ekp = 1.00002
ekpp/ek = 1.00004
ekpp/ekp = 1.00002
ekpp/ek = 1.00004
ekpp/ekp = 1.00002
ekpp/ek = 1.00004
ekpp/ekp = 1.00002
ekpp/ek = 1.00004
ekpp/ekp = 1.00002
ekpp/ek = 1.00004
ekpp/ekp = 1.00002
ekpp/ek = 1.00004
ekpp/ekp = 1.00002
ekpp/ek = 1.00004
ekpp/ekp = 1.00002
ekpp/ek = 1.00004
ekpp/ekp = 1.00002
ekpp/ek = 1.00004
ekpp/ekp = 1.00002
ekpp/ek = 1.00004
ekpp/ekp = 1.00002
ekpp/ek = 1.00004
ekpp/ekp = 1.00002
ekpp/ek = 1.00004
ekpp/ekp = 1.00002
ekpp/ek = 1.00004
ekpp/ekp = 1.00002
ekpp/ek = 1.00004
ekpp/ekp = 1.00002
ekpp/ek = 1.00004
ekpp/ekp = 1.00002
ekpp/ek = 1.00004
ekpp/ekp = 1.00002
ekpp/ek = 1.00004
ekpp/ekp = 1.00002
ekpp/ek = 1.00004
ekpp/ekp = 1.00002
ekpp/ek = 1.00004
ekpp/ekp = 1.00002
ekpp/ek = 1.00004
ekpp/ekp = 1.00002
ekpp/ek = 1.00004
ekpp/ekp = 1.00002
ekpp/ek = 1.00004
ekpp/ekp = 1.00002
ekpp/ek = 1.00004
ekpp/ekp = 1.00002
ekpp/ek = 1.00004
ekpp/ekp = 1.00002
ekpp/ek = 1.00004
ekpp/ekp = 1.00002
ekpp/ek = 1.00004
ekpp/ekp = 1.00002
ekpp/ek = 1.00004
ekpp/ekp = 1.00002
ekpp/ek = 1.00004
ekpp/ekp = 1.00002
ekpp/ek = 1.00004
ekpp/ekp = 1.00002
ekpp/ek = 1.00004
ekpp/ekp = 1.00002
ekpp/ek = 1.00004
ekpp/ekp = 1.00002
ekpp/ek = 1.00004
ekpp/ekp = 1.00002
ekpp/ek = 1.00004
ekpp/ekp = 1.00002
ekpp/ek = 1.00004
ekpp/ekp = 1.00002
ekpp/ek = 1.00004
ekpp/ekp = 1.00002
ekpp/ek = 1.00004
ekpp/ekp = 1.00002
ekpp/ek = 1.00004
ekpp/ekp = 1.00002
ekpp/ek = 1.00004
ekpp/ekp = 1.00002
ekpp/ek = 1.00004
ekpp/ekp = 1.00002
ekpp/ek = 1.00004
ekpp/ekp = 1.00002
ekpp/ek = 1.00004
ekpp/ekp = 1.00002
ekpp/ek = 1.00004
ekpp/ekp = 1.00002
ekpp/ek = 1.00004
ekpp/ekp = 1.00002
ekpp/ek = 1.00004
ekpp/ekp = 1.00002
ekpp/ek = 1.00004
ekpp/ekp = 1.00002
ekpp/ek = 1.00004
ekpp/ekp = 1.00002
ekpp/ek = 1.00004
ekpp/ekp = 1.00002
ekpp/ek = 1.00004
ekpp/ekp = 1.00002
ekpp/ek = 1.00004
ekpp/ekp = 1.00002
ekpp/ek = 1.00004
ekpp/ekp = 1.00002
ekpp/ek = 1.00004
ekpp/ekp = 1.00002
ekpp/ek = 1.00004
ekpp/ekp = 1.00002
ekpp/ek = 1.00004
ekpp/ekp = 1.00002
ekpp/ek = 1.00004
ekpp/ekp = 1.00002
ekpp/ek = 1.00004
ekpp/ekp = 1.00002
ekpp/ek = 1.00004
ekpp/ekp = 1.00002
ekpp/ek = 1.00004
ekpp/ekp = 1.00002
ekpp/ek = 1.00004
ekpp/ekp = 1.00002
ekpp/ek = 1.00004
ekpp/ekp = 1.00002
ekpp/ek = 1.00004
ekpp/ekp = 1.00002
ekpp/ek = 1.00004
ekpp/ekp = 1.00002
ekpp/ek = 1.00004
ekpp/ekp = 1.00002
ekpp/ek = 1.00004
ekpp/ekp = 1.00002
ekpp/ek = 1.00004
ekpp/ekp = 1.00002
ekpp/ek = 1.00004
ekpp/ekp = 1.00002
ekpp/ek = 1.00004
ekpp/ekp = 1.00002
ekpp/ek = 1.00004
ekpp/ekp = 1.00002
ekpp/ek = 1.00004
ekpp/ekp = 1.00002
ekpp/ek = 1.00004
ekpp/ekp = 1.00002
ekpp/ek = 1.00004
ekpp/ekp = 1.00002
ekpp/ek = 1.00004
ekpp/ekp = 1.00002
ekpp/ek = 1.00004
ekpp/ekp = 1.00002
ekpp/ek = 1.00004
ekpp/ekp = 1.00002
ekpp/ek = 1.00004
ekpp/ekp = 1.00002
ekpp/ek = 1.00004
ekpp/ekp = 1.00002
ekpp/ek = 1.00004
ekpp/ekp = 1.00002
ekpp/ek = 1.00004
ekpp/ekp = 1.00002
ekpp/ek = 1.00004
ekpp/ekp = 1.00002
ekpp/ek = 1.00004
ekpp/ekp = 1.00002
ekpp/ek = 1.00004
ekpp/ekp = 1.00002
ekpp/ek = 1.00004
ekpp/ekp = 1.00002
ekpp/ek = 1.00004
ekpp/ekp = 1.00002
ekpp/ek = 1.00004
ekpp/ekp = 1.00002
ekpp/ek = 1.00004
ekpp/ekp = 1.00002
ekpp/ek = 1.00004
ekpp/ekp = 1.00002
ekpp/ek = 1.00004
ekpp/ekp = 1.00002
ekpp/ek = 1.00004
ekpp/ekp = 1.00002
ekpp/ek = 1.00004
ekpp/ekp = 1.00002
ekpp/ek = 1.00004
ekpp/ekp = 1.00002
ekpp/ek = 1.00004
ekpp/ekp = 1.00002
ekpp/ek = 1.00004
ekpp/ekp = 1.00002
ekpp/ek = 1.00004
ekpp/ekp = 1.00002
ekpp/ek = 1.00004
ekpp/ekp = 1.00002
ekpp/ek = 1.00004
ekpp/ekp = 1.00002
ekpp/ek = 1.00004
ekpp/ekp = 1.00002
ekpp/ek = 1.00004
ekpp/ekp = 1.00002
ekpp/ek = 1.00004
ekpp/ekp = 1.00002
ekpp/ek = 1.00004
ekpp/ekp = 1.00002
ekpp/ek = 1.00004
ekpp/ekp = 1.00002
ekpp/ek = 1.00004
ekpp/ekp = 1.00002
ekpp/ek = 1.00004
ekpp/ekp = 1.00002
ekpp/ek = 1.00004
ekpp/ekp = 1.00002
ekpp/ek = 1.00004
ekpp/ekp = 1.00002
ekpp/ek = 1.00004
ekpp/ekp = 1.00002
ekpp/ek = 1.00004
ekpp/ekp = 1.00002
ekpp/ek = 1.00004
ekpp/ekp = 1.00002
ekpp/ek = 1.00004
ekpp/ekp = 1.00002
ekpp/ek = 1.00004
ekpp/ekp = 1.00002
ekpp/ek = 1.00004
ekpp/ekp = 1.00002
ekpp/ek = 1.00004
ekpp/ekp = 1.00002
ekpp/ek = 1.00004
ekpp/ekp = 1.00002
ekpp/ek = 1.00004
ekpp/ekp = 1.00002
ekpp/ek = 1.00004
ekpp/ekp = 1.00002
ekpp/ek = 1.00004
ekpp/ekp = 1.00002
ekpp/ek = 1.00004
ekpp/ekp = 1.00002
ekpp/ek = 1.00004
ekpp/ekp = 1.00002
ekpp/ek = 1.00004
ekpp/ekp = 1.00002
ekpp/ek = 1.00004
ekpp/ekp = 1.00002
ekpp/ek = 1.00004
ekpp/ekp = 1.00002
ekpp/ek = 1.00004
ekpp/ekp = 1.00002
ekpp/ek = 1.00004
ekpp/ekp = 1.00002
ekpp/ek = 1.00004
ekpp/ekp = 1.00002
ekpp/ek = 1.00004
ekpp/ekp = 1.00002
ekpp/ek = 1.00004
ekpp/ekp = 1.00002
ekpp/ek = 1.00004
ekpp/ekp = 1.00002
ekpp/ek = 1.00004
ekpp/ekp = 1.00002
ekpp/ek = 1.00004
ekpp/ekp = 1.00002
ekpp/ek = 1.00004
ekpp/ekp = 1.00002
ekpp/ek = 1.00004
ekpp/ekp = 1.00002
ekpp/ek = 1.00004
ekpp/ekp = 1.00002
ekpp/ek = 1.00004
ekpp/ekp = 1.00002
ekpp/ek = 1.00004
ekpp/ekp = 1.00002
ekpp/ek = 1.00004
ekpp/ekp = 1.00002
ekpp/ek = 1.00004
ekpp/ekp = 1.00002
ekpp/ek = 1.00004
ekpp/ekp = 1.00002
ekpp/ek = 1.00004
ekpp/ekp = 1.00002
ekpp/ek = 1.00004
ekpp/ekp = 1.00002
ekpp/ek = 1.00004
ekpp/ekp = 1.00002
ekpp/ek = 1.00004
ekpp/ekp = 1.00002
ekpp/ek = 1.00004
ekpp/ekp = 1.00002
ekpp/ek = 1.00004
ekpp/ekp = 1.00002
ekpp/ek = 1.00004
ekpp/ekp = 1.00002
ekpp/ek = 1.00004
ekpp/ekp = 1.00002
ekpp/ek = 1.00004
ekpp/ekp = 1.00002
ekpp/ek = 1.00004
ekpp/ekp = 1.00002
ekpp/ek = 1.00004
ekpp/ekp = 1.00002
ekpp/ek = 1.00004
ekpp/ekp = 1.00002
ekpp/ek = 1.00004
ekpp/ekp = 1.00002
ekpp/ek = 1.00004
ekpp/ekp = 1.00002
ekpp/ek = 1.00004
ekpp/ekp = 1.00002
ekpp/ek = 1.00004
ekpp/ekp = 1.00002
ekpp/ek = 1.00004
ekpp/ekp = 1.00002
ekpp/ek = 1.00004
ekpp/ekp = 1.00002
ekpp/ek = 1.00004
ekpp/ekp = 1.00002
ekpp/ek = 1.00004
ekpp/ekp = 1.00002
ekpp/ek = 1.00004
ekpp/ekp = 1.00002
ekpp/ek = 1.00004
ekpp/ekp = 1.00002
ekpp/ek = 1.00004
ekpp/ekp = 1.00002
ekpp/ek = 1.00004
ekpp/ekp = 1.00002
ekpp/ek = 1.00004
ekpp/ekp = 1.00002
ekpp/ek = 1.00004
ekpp/ekp = 1.00002
ekpp/ek = 1.00004
ekpp/ekp = 1.00002
ekpp/ek = 1.00004
ekpp/ekp = 1.00002
ekpp/ek = 1.00004
ekpp/ekp = 1.00002
ekpp/ek = 1.00004
ekpp/ekp = 1.00002
ekpp/ek = 1.00004
ekpp/ekp = 1.00002
ekpp/ek = 1.00004
ekpp/ekp = 1.00002
ekpp/ek = 1.00004
ekpp/ekp = 1.00002
ekpp/ek = 1.00004
ekpp/ekp = 1.00002
ekpp/ek = 1.00004
ekpp/ekp = 1.00002
ekpp/ek = 1.00004
ekpp/ekp = 1.00002
ekpp/ek = 1.00004
ekpp/ekp = 1.00002
ekpp/ek = 1.00004
ekpp/ekp = 1.00002
ekpp/ek = 1.00004
ekpp/ekp = 1.00002
ekpp/ek = 1.00004
ekpp/ekp = 1.00002
ekpp/ek = 1.00004
ekpp/ekp = 1.00002
ekpp/ek = 1.00004
ekpp/ekp = 1.00002
ekpp/ek = 1.00004
ekpp/ekp = 1.00002
ekpp/ek = 1.00004
ekpp/ekp = 1.00002
ekpp/ek = 1.00004
ekpp/ekp = 1.00002
ekpp/ek = 1.00004
ekpp/ekp = 1.00002
ekpp/ek = 1.00004
ekpp/ekp = 1.00002
ekpp/ek = 1.00004
ekpp/ekp = 1.00002
ekpp/ek = 1.00004
ekpp/ekp = 1.00002
ekpp/ek = 1.00004
ekpp/ekp = 1.00002
ekpp/ek = 1.00004
ekpp/ekp = 1.00002
ekpp/ek = 1.00004
ekpp/ekp = 1.00002
ekpp/ek = 1.00004
ekpp/ekp = 1.00002
ekpp/ek = 1.00004
ekpp/ekp = 1.00002
ekpp/ek = 1.00004
ekpp/ekp = 1.00002
ekpp/ek = 1.00004
ekpp/ekp = 1.00002
ekpp/ek = 1.00004
ekpp/ekp = 1.00002
ekpp/ek = 1.00004
ekpp/ekp = 1.00002
ekpp/ek = 1.00004
ekpp/ekp = 1.00002
ekpp/ek = 1.00004
ekpp/ekp = 1.00002
ekpp/ek = 1.00004
ekpp/ekp = 1.00002
ekpp/ek = 1.00004
ekpp/ekp = 1.00002
ekpp/ek = 1.00004
ekpp/ekp = 1.00002
ekpp/ek = 1.00004
ekpp/ekp = 1.00002
ekpp/ek = 1.00004
ekpp/ekp = 1.00002
ekpp/ek = 1.00004
ekpp/ekp = 1.00002
ekpp/ek = 1.00004
ekpp/ekp = 1.00002
ekpp/ek = 1.00004
ekpp/ekp = 1.00002
ekpp/ek = 1.00004
ekpp/ekp = 1.00002
ekpp/ek = 1.00004
ekpp/ekp = 1.00002
ekpp/ek = 1.00004
ekpp/ekp = 1.00002
ekpp/ek = 1.00004
ekpp/ekp = 1.00002
ekpp/ek = 1.00004
ekpp/ekp = 1.00002
ekpp/ek = 1.00004
ekpp/ekp = 1.00002
ekpp/ek = 1.00004
ekpp/ekp = 1.00002
ekpp/ek = 1.00004
ekpp/ekp = 1.00002
ekpp/ek = 1.00004
ekpp/ekp = 1.00002
ekpp/ek = 1.00004
ekpp/ekp = 1.00002
ekpp/ek = 1.00004
ekpp/ekp = 1.00002
ekpp/ek = 1.00004
ekpp/ekp = 1.00002
ekpp/ek = 1.00004
ekpp/ekp = 1.00002
ekpp/ek = 1.00004
ekpp/ekp = 1.00002
ekpp/ek = 1.00004
ekpp/ekp = 1.00002
ekpp/ek = 1.00004
ekpp/ekp = 1.00002
ekpp/ek = 1.00004
ekpp/ekp = 1.00002
ekpp/ek = 1.00004
ekpp/ekp = 1.00002
ekpp/ek = 1.00004
ekpp/ekp = 1.00002
ekpp/ek = 1.00004
ekpp/ekp = 1.00002
ekpp/ek = 1.00004
ekpp/ekp = 1.00002
ekpp/ek = 1.00004
ekpp/ekp = 1.00002
ekpp/ek = 1.00004
ekpp/ekp = 1.00002
ekpp/ek = 1.00004
ekpp/ekp = 1.00002
ekpp/ek = 1.00004
ekpp/ekp = 1.00002
ekpp/ek = 1.00004
ekpp/ekp = 1.00002
ekpp/ek = 1.00004
ekpp/ekp = 1.00002
ekpp/ek = 1.00004
ekpp/ekp = 1.00002
ekpp/ek = 1.00004
ekpp/ekp = 1.00002
ekpp/ek = 1.00004
ekpp/ekp = 1.00002
ekpp/ek = 1.00004
ekpp/ekp = 1.00002
ekpp/ek = 1.00004
ekpp/ekp = 1.00002
ekpp/ek = 1.00004
ekpp/ekp = 1.00002
ekpp/ek = 1.00004
ekpp/ekp = 1.00002
ekpp/ek = 1.00004
ekpp/ekp = 1.00002
ekpp/ek = 1.00004
ekpp/ekp = 1.00002
ekpp/ek = 1.00004
ekpp/ekp = 1.00002
ekpp/ek = 1.00004
ekpp/ekp = 1.00002
ekpp/ek = 1.00004
ekpp/ekp = 1.00002
ekpp/ek = 1.00004
ekpp/ekp = 1.00002
ekpp/ek = 1.00004
ekpp/ekp = 1.00002
ekpp/ek = 1.00004
ekpp/ekp = 1.00002
ekpp/ek = 1.00004
ekpp/ekp = 1.00002
ekpp/ek = 1.00004
ekpp/ekp = 1.00002
ekpp/ek = 1.00004
ekpp/ekp = 1.00002
ekpp/ek = 1.00004
ekpp/ekp = 1.00002
ekpp/ek = 1.00004
ekpp/ekp = 1.00002
ekpp/ek = 1.00004
ekpp/ekp = 1.00002
ekpp/ek = 1.00004
ekpp/ekp = 1.00002
ekpp/ek = 1.00004
ekpp/ekp = 1.00002
ekpp/ek = 1.00004
ekpp/ekp = 1.00002
ekpp/ek = 1.00004
ekpp/ekp = 1.00002
ekpp/ek = 1.00004
ekpp/ekp = 1.00002
ekpp/ek = 1.00004
ekpp/ekp = 1.00002
ekpp/ek = 1.00004
ekpp/ekp = 1.00002
ekpp/ek = 1.00004
ekpp/ekp = 1.00002
ekpp/ek = 1.00004
ekpp/ekp = 1.00002
ekpp/ek = 1.00004
ekpp/ekp = 1.00002
ekpp/ek = 1.00004
ekpp/ekp = 1.00002
ekpp/ek = 1.00004
ekpp/ekp = 1.00002
ekpp/ek = 1.00004
ekpp/ekp = 1.00002
ekpp/ek = 1.00004
ekpp/ekp = 1.00002
ekpp/ek = 1.00004
ekpp/ekp = 1.00002
ekpp/ek = 1.00004
ekpp/ekp = 1.00002
ekpp/ek = 1.00004
ekpp/ekp = 1.00002
ekpp/ek = 1.00004
ekpp/ekp = 1.00002
ekpp/ek = 1.00004
ekpp/ekp = 1.00002
ekpp/ek = 1.00004
ekpp/ekp = 1.00002
ekpp/ek = 1.00004
ekpp/ekp = 1.00002
ekpp/ek = 1.00004
ekpp/ekp = 1.00002
ekpp/ek = 1.00004
ekpp/ekp = 1.00002
ekpp/ek = 1.00004
ekpp/ekp = 1.00002
ekpp/ek = 1.00004
ekpp/ekp = 1.00002
ekpp/ek = 1.00004
ekpp/ekp = 1.00002
ekpp/ek = 1.00004
ekpp/ekp = 1.00002
ekpp/ek = 1.00004
ekpp/ekp = 1.00002
ekpp/ek = 1.00004
ekpp/ekp = 1.00002
ekpp/ek = 1.00004
ekpp/ekp = 1.00002
ekpp/ek = 1.00004
ekpp/ekp = 1.00002
ekpp/ek = 1.00004
ekpp/ekp = 1.00002
ekpp/ek = 1.00004
ekpp/ekp = 1.00002
ekpp/ek = 1.00004
ekpp/ekp = 1.00002
ekpp/ek = 1.00004
ekpp/ekp = 1.00002
ekpp/ek = 1.00004
ekpp/ekp = 1.00002
ekpp/ek = 1.00004
ekpp/ekp = 1.00002
ekpp/ek = 1.00004
ekpp/ekp = 1.00002
ekpp/ek = 1.00004
ekpp/ekp = 1.00002
ekpp/ek = 1.00004
ekpp/ekp = 1.00002
ekpp/ek = 1.00004
ekpp/ekp = 1.00002
ekpp/ek = 1.00004
ekpp/ekp = 1.00002
ekpp/ek = 1.00004
ekpp/ekp = 1.00002
ekpp/ek = 1.00004
ekpp/ekp = 1.00002
ekpp/ek = 1.00004
ekpp/ekp = 1.00002
ekpp/ek = 1.00004
ekpp/ekp = 1.00002
ekpp/ek = 1.00004
ekpp/ekp = 1.00002
ekpp/ek = 1.00004
ekpp/ekp = 1.00002
ekpp/ek = 1.00004
ekpp/ekp = 1.00002
ekpp/ek = 1.00004
ekpp/ekp = 1.00002
ekpp/ek = 1.00004
ekpp/ekp = 1.00002
ekpp/ek = 1.00004
ekpp/ekp = 1.00002
ekpp/ek = 1.00004
ekpp/ekp = 1.00002
ekpp/ek = 1.00004
ekpp/ekp = 1.00002
ekpp/ek = 1.00004
ekpp/ekp = 1.00002
ekpp/ek = 1.00004
ekpp/ekp = 1.00002
ekpp/ek = 1.00004
ekpp/ekp = 1.00002
ekpp/ek = 1.00004
ekpp/ekp = 1.00002
ekpp/ek = 1.00004
ekpp/ekp = 1.00002
ekpp/ek = 1.00004
ekpp/ekp = 1.00002
ekpp/ek = 1.00004
ekpp/ekp = 1.00002
ekpp/ek = 1.00004
ekpp/ekp = 1.00002
ekpp/ek = 1.00004
ekpp/ekp = 1.00002
ekpp/ek = 1.00097
ekpp/ekp = 1.00095
ekpp/ek = 1.00095
ekpp/ekp = 1
ekpp/ek = 1.00234
ekpp/ekp = 1.00234
ekpp/ek = 1.00795
ekpp/ekp = 1.0056
ekpp/ek = 1.00561
ekpp/ekp = 1.00002
ekpp/ek = 1.00003
ekpp/ekp = 1.00002
ekpp/ek = 1.00003
ekpp/ekp = 1.00002
ekpp/ek = 1.00003
ekpp/ekp = 1.00002
ekpp/ek = 1.00003
ekpp/ekp = 1.00002
ekpp/ek = 1.00003
ekpp/ekp = 1.00002
ekpp/ek = 1.00003
ekpp/ekp = 1.00002
ekpp/ek = 1.00003
ekpp/ekp = 1.00002
ekpp/ek = 1.00003
ekpp/ekp = 1.00002
ekpp/ek = 1.00003
ekpp/ekp = 1.00002
ekpp/ek = 1.00003
ekpp/ekp = 1.00002
ekpp/ek = 1.00003
ekpp/ekp = 1.00002
ekpp/ek = 1.00003
ekpp/ekp = 1.00002
ekpp/ek = 1.00003
ekpp/ekp = 1.00002
ekpp/ek = 1.00003
ekpp/ekp = 1.00002
ekpp/ek = 1.00003
ekpp/ekp = 1.00002
ekpp/ek = 1.00003
ekpp/ekp = 1.00002
ekpp/ek = 1.00003
ekpp/ekp = 1.00002
ekpp/ek = 1.00003
ekpp/ekp = 1.00002
ekpp/ek = 1.00003
ekpp/ekp = 1.00002
ekpp/ek = 1.00003
ekpp/ekp = 1.00002
ekpp/ek = 1.00003
ekpp/ekp = 1.00002
ekpp/ek = 1.00003
ekpp/ekp = 1.00002
ekpp/ek = 1.00003
ekpp/ekp = 1.00002
ekpp/ek = 1.00003
ekpp/ekp = 1.00002
ekpp/ek = 1.00003
ekpp/ekp = 1.00002
ekpp/ek = 1.00003
ekpp/ekp = 1.00002
ekpp/ek = 1.00003
ekpp/ekp = 1.00002
ekpp/ek = 1.00003
ekpp/ekp = 1.00002
ekpp/ek = 1.00003
ekpp/ekp = 1.00002
ekpp/ek = 1.00003
ekpp/ekp = 1.00002
ekpp/ek = 1.00003
ekpp/ekp = 1.00002
ekpp/ek = 1.00003
ekpp/ekp = 1.00002
ekpp/ek = 1.00003
ekpp/ekp = 1.00002
ekpp/ek = 1.00003
ekpp/ekp = 1.00002
ekpp/ek = 1.00003
ekpp/ekp = 1.00002
ekpp/ek = 1.00003
ekpp/ekp = 1.00002
ekpp/ek = 1.00003
ekpp/ekp = 1.00002
ekpp/ek = 1.00003
ekpp/ekp = 1.00002
ekpp/ek = 1.00003
ekpp/ekp = 1.00002
ekpp/ek = 1.00003
ekpp/ekp = 1.00002
ekpp/ek = 1.00003
ekpp/ekp = 1.00002
ekpp/ek = 1.00003
ekpp/ekp = 1.00002
ekpp/ek = 1.00003
ekpp/ekp = 1.00002
ekpp/ek = 1.00003
ekpp/ekp = 1.00002
ekpp/ek = 1.00003
ekpp/ekp = 1.00002
ekpp/ek = 1.00003
ekpp/ekp = 1.00002
ekpp/ek = 1.00003
ekpp/ekp = 1.00002
ekpp/ek = 1.00003
ekpp/ekp = 1.00002
ekpp/ek = 1.00003
ekpp/ekp = 1.00002
ekpp/ek = 1.00003
ekpp/ekp = 1.00002
ekpp/ek = 1.00003
ekpp/ekp = 1.00002
ekpp/ek = 1.00003
ekpp/ekp = 1.00002
ekpp/ek = 1.00003
ekpp/ekp = 1.00002
ekpp/ek = 1.00003
ekpp/ekp = 1.00002
ekpp/ek = 1.00003
ekpp/ekp = 1.00002
ekpp/ek = 1.00003
ekpp/ekp = 1.00002
ekpp/ek = 1.00003
ekpp/ekp = 1.00002
ekpp/ek = 1.00003
ekpp/ekp = 1.00002
ekpp/ek = 1.00003
ekpp/ekp = 1.00002
ekpp/ek = 1.00003
ekpp/ekp = 1.00002
ekpp/ek = 1.00003
ekpp/ekp = 1.00002
ekpp/ek = 1.00003
ekpp/ekp = 1.00002
ekpp/ek = 1.00003
ekpp/ekp = 1.00002
ekpp/ek = 1.00003
ekpp/ekp = 1.00002
ekpp/ek = 1.00003
ekpp/ekp = 1.00002
ekpp/ek = 1.00003
ekpp/ekp = 1.00002
ekpp/ek = 1.00003
ekpp/ekp = 1.00002
ekpp/ek = 1.00003
ekpp/ekp = 1.00002
ekpp/ek = 1.00003
ekpp/ekp = 1.00002
ekpp/ek = 1.00003
ekpp/ekp = 1.00002
ekpp/ek = 1.00003
ekpp/ekp = 1.00002
ekpp/ek = 1.00003
ekpp/ekp = 1.00002
ekpp/ek = 1.00003
ekpp/ekp = 1.00002
ekpp/ek = 1.00003
ekpp/ekp = 1.00002
ekpp/ek = 1.00003
ekpp/ekp = 1.00002
ekpp/ek = 1.00003
ekpp/ekp = 1.00002
ekpp/ek = 1.00003
ekpp/ekp = 1.00002
ekpp/ek = 1.00003
ekpp/ekp = 1.00002
ekpp/ek = 1.00003
ekpp/ekp = 1.00002
ekpp/ek = 1.00003
ekpp/ekp = 1.00002
ekpp/ek = 1.00003
ekpp/ekp = 1.00002
ekpp/ek = 1.00003
ekpp/ekp = 1.00002
ekpp/ek = 1.00003
ekpp/ekp = 1.00002
ekpp/ek = 1.00003
ekpp/ekp = 1.00002
ekpp/ek = 1.00003
ekpp/ekp = 1.00002
ekpp/ek = 1.00003
ekpp/ekp = 1.00002
ekpp/ek = 1.00003
ekpp/ekp = 1.00002
ekpp/ek = 1.00003
ekpp/ekp = 1.00002
ekpp/ek = 1.00003
ekpp/ekp = 1.00002
ekpp/ek = 1.00003
ekpp/ekp = 1.00002
ekpp/ek = 1.00003
ekpp/ekp = 1.00002
ekpp/ek = 1.00003
ekpp/ekp = 1.00002
ekpp/ek = 1.00003
ekpp/ekp = 1.00002
ekpp/ek = 1.00003
ekpp/ekp = 1.00002
ekpp/ek = 1.00003
ekpp/ekp = 1.00002
ekpp/ek = 1.00003
ekpp/ekp = 1.00002
ekpp/ek = 1.00003
ekpp/ekp = 1.00002
ekpp/ek = 1.00003
ekpp/ekp = 1.00002
ekpp/ek = 1.00003
ekpp/ekp = 1.00002
ekpp/ek = 1.00003
ekpp/ekp = 1.00002
ekpp/ek = 1.00003
ekpp/ekp = 1.00002
ekpp/ek = 1.00003
ekpp/ekp = 1.00002
ekpp/ek = 1.00003
ekpp/ekp = 1.00002
ekpp/ek = 1.00003
ekpp/ekp = 1.00002
ekpp/ek = 1.00003
ekpp/ekp = 1.00002
ekpp/ek = 1.00003
ekpp/ekp = 1.00002
ekpp/ek = 1.00003
ekpp/ekp = 1.00002
ekpp/ek = 1.00003
ekpp/ekp = 1.00002
ekpp/ek = 1.00003
ekpp/ekp = 1.00002
ekpp/ek = 1.00003
ekpp/ekp = 1.00002
ekpp/ek = 1.00003
ekpp/ekp = 1.00002
ekpp/ek = 1.00003
ekpp/ekp = 1.00002
ekpp/ek = 1.00003
ekpp/ekp = 1.00002
ekpp/ek = 1.00003
ekpp/ekp = 1.00002
ekpp/ek = 1.00003
ekpp/ekp = 1.00002
ekpp/ek = 1.00003
ekpp/ekp = 1.00002
ekpp/ek = 1.00003
ekpp/ekp = 1.00002
ekpp/ek = 1.00003
ekpp/ekp = 1.00002
ekpp/ek = 1.00003
ekpp/ekp = 1.00002
ekpp/ek = 1.00003
ekpp/ekp = 1.00002
ekpp/ek = 1.00003
ekpp/ekp = 1.00002
ekpp/ek = 1.00003
ekpp/ekp = 1.00002
ekpp/ek = 1.00003
ekpp/ekp = 1.00002
ekpp/ek = 1.00003
ekpp/ekp = 1.00002
ekpp/ek = 1.00003
ekpp/ekp = 1.00002
ekpp/ek = 1.00003
ekpp/ekp = 1.00002
ekpp/ek = 1.00003
ekpp/ekp = 1.00002
ekpp/ek = 1.00003
ekpp/ekp = 1.00002
ekpp/ek = 1.00003
ekpp/ekp = 1.00002
ekpp/ek = 1.00003
ekpp/ekp = 1.00002
ekpp/ek = 1.00003
ekpp/ekp = 1.00002
ekpp/ek = 1.00003
ekpp/ekp = 1.00002
ekpp/ek = 1.00003
ekpp/ekp = 1.00002
ekpp/ek = 1.00003
ekpp/ekp = 1.00002
ekpp/ek = 1.00003
ekpp/ekp = 1.00002
ekpp/ek = 1.00003
ekpp/ekp = 1.00002
ekpp/ek = 1.00003
ekpp/ekp = 1.00002
ekpp/ek = 1.00003
ekpp/ekp = 1.00002
ekpp/ek = 1.00003
ekpp/ekp = 1.00002
ekpp/ek = 1.00003
ekpp/ekp = 1.00002
ekpp/ek = 1.00003
ekpp/ekp = 1.00002
ekpp/ek = 1.00003
ekpp/ekp = 1.00002
ekpp/ek = 1.00003
ekpp/ekp = 1.00002
ekpp/ek = 1.00003
ekpp/ekp = 1.00002
ekpp/ek = 1.00003
ekpp/ekp = 1.00002
ekpp/ek = 1.00003
ekpp/ekp = 1.00002
ekpp/ek = 1.00003
ekpp/ekp = 1.00002
ekpp/ek = 1.00003
ekpp/ekp = 1.00002
ekpp/ek = 1.00003
ekpp/ekp = 1.00002
ekpp/ek = 1.00003
ekpp/ekp = 1.00002
ekpp/ek = 1.00003
ekpp/ekp = 1.00002
ekpp/ek = 1.00003
ekpp/ekp = 1.00002
ekpp/ek = 1.00003
ekpp/ekp = 1.00002
ekpp/ek = 1.00003
ekpp/ekp = 1.00002
ekpp/ek = 1.00003
ekpp/ekp = 1.00002
ekpp/ek = 1.00003
ekpp/ekp = 1.00002
ekpp/ek = 1.00003
ekpp/ekp = 1.00002
ekpp/ek = 1.00003
ekpp/ekp = 1.00002
ekpp/ek = 1.00003
ekpp/ekp = 1.00002
ekpp/ek = 1.00003
ekpp/ekp = 1.00002
ekpp/ek = 1.00003
ekpp/ekp = 1.00002
ekpp/ek = 1.00003
ekpp/ekp = 1.00002
ekpp/ek = 1.00003
ekpp/ekp = 1.00002
ekpp/ek = 1.00003
ekpp/ekp = 1.00002
ekpp/ek = 1.00003
ekpp/ekp = 1.00002
ekpp/ek = 1.00003
ekpp/ekp = 1.00002
ekpp/ek = 1.00003
ekpp/ekp = 1.00002
ekpp/ek = 1.00003
ekpp/ekp = 1.00002
ekpp/ek = 1.00003
ekpp/ekp = 1.00002
ekpp/ek = 1.00003
ekpp/ekp = 1.00002
ekpp/ek = 1.00003
ekpp/ekp = 1.00002
ekpp/ek = 1.00003
ekpp/ekp = 1.00002
ekpp/ek = 1.00003
ekpp/ekp = 1.00002
ekpp/ek = 1.00003
ekpp/ekp = 1.00002
ekpp/ek = 1.00003
ekpp/ekp = 1.00002
ekpp/ek = 1.00003
ekpp/ekp = 1.00002
ekpp/ek = 1.00003
ekpp/ekp = 1.00002
ekpp/ek = 1.00003
ekpp/ekp = 1.00002
ekpp/ek = 1.00003
ekpp/ekp = 1.00002
ekpp/ek = 1.00003
ekpp/ekp = 1.00002
ekpp/ek = 1.00003
ekpp/ekp = 1.00002
ekpp/ek = 1.00003
ekpp/ekp = 1.00002
ekpp/ek = 1.00003
ekpp/ekp = 1.00002
ekpp/ek = 1.00003
ekpp/ekp = 1.00002
ekpp/ek = 1.00003
ekpp/ekp = 1.00002
ekpp/ek = 1.00003
ekpp/ekp = 1.00002
ekpp/ek = 1.00003
ekpp/ekp = 1.00002
ekpp/ek = 1.00003
ekpp/ekp = 1.00002
ekpp/ek = 1.00003
ekpp/ekp = 1.00002
ekpp/ek = 1.00003
ekpp/ekp = 1.00002
ekpp/ek = 1.00003
ekpp/ekp = 1.00002
ekpp/ek = 1.00003
ekpp/ekp = 1.00002
ekpp/ek = 1.00003
ekpp/ekp = 1.00002
ekpp/ek = 1.00003
ekpp/ekp = 1.00002
ekpp/ek = 1.00003
ekpp/ekp = 1.00002
ekpp/ek = 1.00003
ekpp/ekp = 1.00002
ekpp/ek = 1.00003
ekpp/ekp = 1.00002
ekpp/ek = 1.00003
ekpp/ekp = 1.00002
ekpp/ek = 1.00003
ekpp/ekp = 1.00002
ekpp/ek = 1.00003
ekpp/ekp = 1.00002
ekpp/ek = 1.00003
ekpp/ekp = 1.00002
ekpp/ek = 1.00003
ekpp/ekp = 1.00002
ekpp/ek = 1.00003
ekpp/ekp = 1.00002
ekpp/ek = 1.00003
ekpp/ekp = 1.00002
ekpp/ek = 1.00003
ekpp/ekp = 1.00002
ekpp/ek = 1.00003
ekpp/ekp = 1.00002
ekpp/ek = 1.00003
ekpp/ekp = 1.00002
ekpp/ek = 1.00003
ekpp/ekp = 1.00002
ekpp/ek = 1.00003
ekpp/ekp = 1.00002
ekpp/ek = 1.00003
ekpp/ekp = 1.00002
ekpp/ek = 1.00003
ekpp/ekp = 1.00002
ekpp/ek = 1.00003
ekpp/ekp = 1.00002
ekpp/ek = 1.00003
ekpp/ekp = 1.00002
ekpp/ek = 1.00003
ekpp/ekp = 1.00002
ekpp/ek = 1.00003
ekpp/ekp = 1.00002
ekpp/ek = 1.00003
ekpp/ekp = 1.00002
ekpp/ek = 1.00003
ekpp/ekp = 1.00002
ekpp/ek = 1.00003
ekpp/ekp = 1.00002
ekpp/ek = 1.00003
ekpp/ekp = 1.00002
ekpp/ek = 1.00003
ekpp/ekp = 1.00002
ekpp/ek = 1.00003
ekpp/ekp = 1.00002
ekpp/ek = 1.00003
ekpp/ekp = 1.00002
ekpp/ek = 1.00003
ekpp/ekp = 1.00002
ekpp/ek = 1.00003
ekpp/ekp = 1.00002
ekpp/ek = 1.00003
ekpp/ekp = 1.00002
ekpp/ek = 1.00003
ekpp/ekp = 1.00002
ekpp/ek = 1.00003
ekpp/ekp = 1.00002
ekpp/ek = 1.00003
ekpp/ekp = 1.00002
ekpp/ek = 1.00003
ekpp/ekp = 1.00002
ekpp/ek = 1.00003
ekpp/ekp = 1.00002
ekpp/ek = 1.00003
ekpp/ekp = 1.00002
ekpp/ek = 1.00003
ekpp/ekp = 1.00002
ekpp/ek = 1.00003
ekpp/ekp = 1.00002
ekpp/ek = 1.00003
ekpp/ekp = 1.00002
ekpp/ek = 1.00003
ekpp/ekp = 1.00002
ekpp/ek = 1.00003
ekpp/ekp = 1.00002
ekpp/ek = 1.00003
ekpp/ekp = 1.00002
ekpp/ek = 1.00003
ekpp/ekp = 1.00002
ekpp/ek = 1.00003
ekpp/ekp = 1.00002
ekpp/ek = 1.00003
ekpp/ekp = 1.00002
ekpp/ek = 1.00003
ekpp/ekp = 1.00002
ekpp/ek = 1.00003
ekpp/ekp = 1.00002
ekpp/ek = 1.00003
ekpp/ekp = 1.00002
ekpp/ek = 1.00003
ekpp/ekp = 1.00002
ekpp/ek = 1.00003
ekpp/ekp = 1.00002
ekpp/ek = 1.00003
ekpp/ekp = 1.00002
ekpp/ek = 1.00003
ekpp/ekp = 1.00002
ekpp/ek = 1.00003
ekpp/ekp = 1.00002
ekpp/ek = 1.00003
ekpp/ekp = 1.00002
ekpp/ek = 1.00003
ekpp/ekp = 1.00002
ekpp/ek = 1.00003
ekpp/ekp = 1.00002
ekpp/ek = 1.00003
ekpp/ekp = 1.00002
ekpp/ek = 1.00003
ekpp/ekp = 1.00002
ekpp/ek = 1.00003
ekpp/ekp = 1.00002
ekpp/ek = 1.00003
ekpp/ekp = 1.00002
ekpp/ek = 1.00003
ekpp/ekp = 1.00002
ekpp/ek = 1.00003
ekpp/ekp = 1.00002
ekpp/ek = 1.00003
ekpp/ekp = 1.00002
ekpp/ek = 1.00003
ekpp/ekp = 1.00002
ekpp/ek = 1.00003
ekpp/ekp = 1.00002
ekpp/ek = 1.00003
ekpp/ekp = 1.00002
ekpp/ek = 1.00003
ekpp/ekp = 1.00002
ekpp/ek = 1.00003
ekpp/ekp = 1.00002
ekpp/ek = 1.00003
ekpp/ekp = 1.00002
ekpp/ek = 1.00003
ekpp/ekp = 1.00002
ekpp/ek = 1.00003
ekpp/ekp = 1.00002
ekpp/ek = 1.00003
ekpp/ekp = 1.00002
ekpp/ek = 1.00003
ekpp/ekp = 1.00002
ekpp/ek = 1.00003
ekpp/ekp = 1.00002
ekpp/ek = 1.00003
ekpp/ekp = 1.00002
ekpp/ek = 1.00003
ekpp/ekp = 1.00002
ekpp/ek = 1.00003
ekpp/ekp = 1.00002
ekpp/ek = 1.00003
ekpp/ekp = 1.00002
ekpp/ek = 1.00003
ekpp/ekp = 1.00002
ekpp/ek = 1.00003
ekpp/ekp = 1.00002
ekpp/ek = 1.00003
ekpp/ekp = 1.00002
ekpp/ek = 1.00003
ekpp/ekp = 1.00002
ekpp/ek = 1.00003
ekpp/ekp = 1.00002
ekpp/ek = 1.00003
ekpp/ekp = 1.00002
ekpp/ek = 1.00003
ekpp/ekp = 1.00002
ekpp/ek = 1.00003
ekpp/ekp = 1.00002
ekpp/ek = 1.00003
ekpp/ekp = 1.00002
ekpp/ek = 1.00003
ekpp/ekp = 1.00002
ekpp/ek = 1.00003
ekpp/ekp = 1.00002
ekpp/ek = 1.00003
ekpp/ekp = 1.00002
ekpp/ek = 1.00003
ekpp/ekp = 1.00002
ekpp/ek = 1.00003
ekpp/ekp = 1.00002
ekpp/ek = 1.00003
ekpp/ekp = 1.00002
ekpp/ek = 1.00003
ekpp/ekp = 1.00002
ekpp/ek = 1.00003
ekpp/ekp = 1.00002
ekpp/ek = 1.00003
ekpp/ekp = 1.00002
ekpp/ek = 1.00003
ekpp/ekp = 1.00002
ekpp/ek = 1.00003
ekpp/ekp = 1.00002
ekpp/ek = 1.00003
ekpp/ekp = 1.00002
ekpp/ek = 1.00003
ekpp/ekp = 1.00002
ekpp/ek = 1.00003
ekpp/ekp = 1.00002
ekpp/ek = 1.00003
ekpp/ekp = 1.00002
ekpp/ek = 1.00003
ekpp/ekp = 1.00002
ekpp/ek = 1.00003
ekpp/ekp = 1.00002
ekpp/ek = 1.00003
ekpp/ekp = 1.00002
ekpp/ek = 1.00003
ekpp/ekp = 1.00002
ekpp/ek = 1.00003
ekpp/ekp = 1.00002
ekpp/ek = 1.00003
ekpp/ekp = 1.00002
ekpp/ek = 1.00003
ekpp/ekp = 1.00002
ekpp/ek = 1.00003
ekpp/ekp = 1.00002
ekpp/ek = 1.00003
ekpp/ekp = 1.00002
ekpp/ek = 1.00003
ekpp/ekp = 1.00002
ekpp/ek = 1.00003
ekpp/ekp = 1.00002
ekpp/ek = 1.00003
ekpp/ekp = 1.00002
ekpp/ek = 1.00003
ekpp/ekp = 1.00002
ekpp/ek = 1.00003
ekpp/ekp = 1.00002
ekpp/ek = 1.00003
ekpp/ekp = 1.00002
ekpp/ek = 1.00003
ekpp/ekp = 1.00002
ekpp/ek = 1.00003
ekpp/ekp = 1.00002
ekpp/ek = 1.00003
ekpp/ekp = 1.00002
ekpp/ek = 1.00003
ekpp/ekp = 1.00002
ekpp/ek = 1.00003
ekpp/ekp = 1.00002
ekpp/ek = 1.00003
ekpp/ekp = 1.00002
ekpp/ek = 1.00003
ekpp/ekp = 1.00002
ekpp/ek = 1.00003
ekpp/ekp = 1.00002
ekpp/ek = 1.00003
ekpp/ekp = 1.00002
ekpp/ek = 1.00003
ekpp/ekp = 1.00002
ekpp/ek = 1.00003
ekpp/ekp = 1.00002
ekpp/ek = 1.00003
ekpp/ekp = 1.00002
ekpp/ek = 1.00003
ekpp/ekp = 1.00002
ekpp/ek = 1.00003
ekpp/ekp = 1.00002
ekpp/ek = 1.00003
ekpp/ekp = 1.00002
ekpp/ek = 1.00003
ekpp/ekp = 1.00002
ekpp/ek = 1.00003
ekpp/ekp = 1.00002
ekpp/ek = 1.00003
ekpp/ekp = 1.00002
ekpp/ek = 1.00003
ekpp/ekp = 1.00002
ekpp/ek = 1.00003
ekpp/ekp = 1.00002
ekpp/ek = 1.00003
ekpp/ekp = 1.00002
ekpp/ek = 1.00003
ekpp/ekp = 1.00002
ekpp/ek = 1.00003
ekpp/ekp = 1.00002
ekpp/ek = 1.00003
ekpp/ekp = 1.00002
ekpp/ek = 1.00003
ekpp/ekp = 1.00002
ekpp/ek = 1.00003
ekpp/ekp = 1.00002
ekpp/ek = 1.00003
ekpp/ekp = 1.00002
ekpp/ek = 1.00003
ekpp/ekp = 1.00002
ekpp/ek = 1.00003
ekpp/ekp = 1.00002
ekpp/ek = 1.00003
ekpp/ekp = 1.00002
ekpp/ek = 1.00003
ekpp/ekp = 1.00002
ekpp/ek = 1.00003
ekpp/ekp = 1.00002
ekpp/ek = 1.00003
ekpp/ekp = 1.00002
ekpp/ek = 1.00003
ekpp/ekp = 1.00002
ekpp/ek = 1.00003
ekpp/ekp = 1.00002
ekpp/ek = 1.00003
ekpp/ekp = 1.00002
ekpp/ek = 1.00003
ekpp/ekp = 1.00002
ekpp/ek = 1.00003
ekpp/ekp = 1.00002
ekpp/ek = 1.00003
ekpp/ekp = 1.00002
ekpp/ek = 1.00003
ekpp/ekp = 1.00002
ekpp/ek = 1.00003
ekpp/ekp = 1.00002
ekpp/ek = 1.00003
ekpp/ekp = 1.00002
ekpp/ek = 1.00003
ekpp/ekp = 1.00002
ekpp/ek = 1.00003
ekpp/ekp = 1.00002
ekpp/ek = 1.00003
ekpp/ekp = 1.00002
ekpp/ek = 1.00003
ekpp/ekp = 1.00002
ekpp/ek = 1.00003
ekpp/ekp = 1.00002
ekpp/ek = 1.00003
ekpp/ekp = 1.00002
ekpp/ek = 1.00003
ekpp/ekp = 1.00002
ekpp/ek = 1.00003
ekpp/ekp = 1.00002
ekpp/ek = 1.00003
ekpp/ekp = 1.00002
ekpp/ek = 1.00003
ekpp/ekp = 1.00002
ekpp/ek = 1.00003
ekpp/ekp = 1.00002
ekpp/ek = 1.00003
ekpp/ekp = 1.00002
ekpp/ek = 1.00003
ekpp/ekp = 1.00002
ekpp/ek = 1.00003
ekpp/ekp = 1.00002
ekpp/ek = 1.00003
ekpp/ekp = 1.00002
ekpp/ek = 1.00003
ekpp/ekp = 1.00002
ekpp/ek = 1.00003
ekpp/ekp = 1.00002
ekpp/ek = 1.00003
ekpp/ekp = 1.00002
ekpp/ek = 1.00003
ekpp/ekp = 1.00002
ekpp/ek = 1.00003
ekpp/ekp = 1.00002
ekpp/ek = 1.00003
ekpp/ekp = 1.00002
ekpp/ek = 1.00003
ekpp/ekp = 1.00002
ekpp/ek = 1.00003
ekpp/ekp = 1.00002
ekpp/ek = 1.00003
ekpp/ekp = 1.00002
ekpp/ek = 1.00003
ekpp/ekp = 1.00002
ekpp/ek = 1.00003
ekpp/ekp = 1.00002
ekpp/ek = 1.00003
ekpp/ekp = 1.00002
ekpp/ek = 1.00003
ekpp/ekp = 1.00002
ekpp/ek = 1.00003
ekpp/ekp = 1.00002
ekpp/ek = 1.00003
ekpp/ekp = 1.00002
ekpp/ek = 1.00003
ekpp/ekp = 1.00002
ekpp/ek = 1.00003
ekpp/ekp = 1.00002
ekpp/ek = 1.00003
ekpp/ekp = 1.00002
ekpp/ek = 1.00003
ekpp/ekp = 1.00002
ekpp/ek = 1.00003
ekpp/ekp = 1.00002
ekpp/ek = 1.00003
ekpp/ekp = 1.00002
ekpp/ek = 1.00003
ekpp/ekp = 1.00002
ekpp/ek = 1.00003
ekpp/ekp = 1.00002
ekpp/ek = 1.00003
ekpp/ekp = 1.00002
ekpp/ek = 1.00003
ekpp/ekp = 1.00002
ekpp/ek = 1.00003
ekpp/ekp = 1.00002
ekpp/ek = 1.00003
ekpp/ekp = 1.00002
ekpp/ek = 1.00003
ekpp/ekp = 1.00002
ekpp/ek = 1.00003
ekpp/ekp = 1.00002
ekpp/ek = 1.00003
ekpp/ekp = 1.00002
ekpp/ek = 1.00003
ekpp/ekp = 1.00002
ekpp/ek = 1.00003
ekpp/ekp = 1.00002
ekpp/ek = 1.00003
ekpp/ekp = 1.00002
ekpp/ek = 1.00003
ekpp/ekp = 1.00002
ekpp/ek = 1.00003
ekpp/ekp = 1.00002
ekpp/ek = 1.00003
ekpp/ekp = 1.00002
ekpp/ek = 1.00003
ekpp/ekp = 1.00002
ekpp/ek = 1.00003
ekpp/ekp = 1.00002
ekpp/ek = 1.00003
ekpp/ekp = 1.00002
ekpp/ek = 1.00003
ekpp/ekp = 1.00002
ekpp/ek = 1.00003
ekpp/ekp = 1.00002
ekpp/ek = 1.00003
ekpp/ekp = 1.00002
ekpp/ek = 1.00003
ekpp/ekp = 1.00002
ekpp/ek = 1.00003
ekpp/ekp = 1.00002
ekpp/ek = 1.00003
ekpp/ekp = 1.00002
ekpp/ek = 1.00003
ekpp/ekp = 1.00002
ekpp/ek = 1.00003
ekpp/ekp = 1.00002
ekpp/ek = 1.00003
ekpp/ekp = 1.00002
ekpp/ek = 1.00003
ekpp/ekp = 1.00002
ekpp/ek = 1.00003
ekpp/ekp = 1.00002
ekpp/ek = 1.00003
ekpp/ekp = 1.00002
ekpp/ek = 1.00003
ekpp/ekp = 1.00002
ekpp/ek = 1.00003
ekpp/ekp = 1.00002
ekpp/ek = 1.00003
ekpp/ekp = 1.00002
ekpp/ek = 1.00003
ekpp/ekp = 1.00002
ekpp/ek = 1.00003
ekpp/ekp = 1.00002
ekpp/ek = 1.00003
ekpp/ekp = 1.00002
ekpp/ek = 1.00003
ekpp/ekp = 1.00002
ekpp/ek = 1.00003
ekpp/ekp = 1.00002
ekpp/ek = 1.00003
ekpp/ekp = 1.00002
ekpp/ek = 1.00003
ekpp/ekp = 1.00002
ekpp/ek = 1.00003
ekpp/ekp = 1.00002
ekpp/ek = 1.00003
ekpp/ekp = 1.00002
ekpp/ek = 1.00003
ekpp/ekp = 1.00002
ekpp/ek = 1.00003
ekpp/ekp = 1.00002
ekpp/ek = 1.00003
ekpp/ekp = 1.00002
ekpp/ek = 1.00003
ekpp/ekp = 1.00002
ekpp/ek = 1.00003
ekpp/ekp = 1.00002
ekpp/ek = 1.00003
ekpp/ekp = 1.00002
ekpp/ek = 1.00003
ekpp/ekp = 1.00002
ekpp/ek = 1.00003
ekpp/ekp = 1.00002
ekpp/ek = 1.00003
ekpp/ekp = 1.00002
ekpp/ek = 1.00003
ekpp/ekp = 1.00002
ekpp/ek = 1.00003
ekpp/ekp = 1.00002
ekpp/ek = 1.00003
ekpp/ekp = 1.00002
ekpp/ek = 1.00003
ekpp/ekp = 1.00002
ekpp/ek = 1.00003
ekpp/ekp = 1.00002
ekpp/ek = 1.00003
ekpp/ekp = 1.00002
ekpp/ek = 1.00003
ekpp/ekp = 1.00002
ekpp/ek = 1.00003
ekpp/ekp = 1.00002
ekpp/ek = 1.00003
ekpp/ekp = 1.00002
ekpp/ek = 1.00003
ekpp/ekp = 1.00002
ekpp/ek = 1.00003
ekpp/ekp = 1.00002
ekpp/ek = 1.00003
ekpp/ekp = 1.00002
ekpp/ek = 1.00003
ekpp/ekp = 1.00002
ekpp/ek = 1.00003
ekpp/ekp = 1.00002
ekpp/ek = 1.00003
ekpp/ekp = 1.00002
ekpp/ek = 1.00003
ekpp/ekp = 1.00002
ekpp/ek = 1.00003
ekpp/ekp = 1.00002
ekpp/ek = 1.00003
ekpp/ekp = 1.00002
ekpp/ek = 1.00003
ekpp/ekp = 1.00002
ekpp/ek = 1.00003
ekpp/ekp = 1.00002
ekpp/ek = 1.00003
ekpp/ekp = 1.00002
ekpp/ek = 1.00003
ekpp/ekp = 1.00002
ekpp/ek = 1.00003
ekpp/ekp = 1.00002
ekpp/ek = 1.00003
ekpp/ekp = 1.00002
ekpp/ek = 1.00003
ekpp/ekp = 1.00002
ekpp/ek = 1.00003
ekpp/ekp = 1.00002
ekpp/ek = 1.00003
ekpp/ekp = 1.00002
ekpp/ek = 1.00003
ekpp/ekp = 1.00002
ekpp/ek = 1.00003
ekpp/ekp = 1.00002
ekpp/ek = 1.00003
ekpp/ekp = 1.00002
ekpp/ek = 1.00003
ekpp/ekp = 1.00002
ekpp/ek = 1.00003
ekpp/ekp = 1.00002
ekpp/ek = 1.00003
ekpp/ekp = 1.00002
ekpp/ek = 1.00003
ekpp/ekp = 1.00002
ekpp/ek = 1.00003
ekpp/ekp = 1.00002
ekpp/ek = 1.00003
ekpp/ekp = 1.00002
ekpp/ek = 1.00003
ekpp/ekp = 1.00002
ekpp/ek = 1.00003
ekpp/ekp = 1.00002
ekpp/ek = 1.00003
ekpp/ekp = 1.00002
ekpp/ek = 1.00003
ekpp/ekp = 1.00002
ekpp/ek = 1.00003
ekpp/ekp = 1.00002
ekpp/ek = 1.00003
ekpp/ekp = 1.00002
ekpp/ek = 1.00003
ekpp/ekp = 1.00002
ekpp/ek = 1.00003
ekpp/ekp = 1.00002
ekpp/ek = 1.00003
ekpp/ekp = 1.00002
ekpp/ek = 1.00003
ekpp/ekp = 1.00002
ekpp/ek = 1.00003
ekpp/ekp = 1.00002
ekpp/ek = 1.00003
ekpp/ekp = 1.00002
ekpp/ek = 1.00003
ekpp/ekp = 1.00002
ekpp/ek = 1.00003
ekpp/ekp = 1.00002
ekpp/ek = 1.00003
ekpp/ekp = 1.00002
ekpp/ek = 1.00003
ekpp/ekp = 1.00002
ekpp/ek = 1.00003
ekpp/ekp = 1.00002
ekpp/ek = 1.00003
ekpp/ekp = 1.00002
ekpp/ek = 1.00003
ekpp/ekp = 1.00002
ekpp/ek = 1.00003
ekpp/ekp = 1.00002
ekpp/ek = 1.00003
ekpp/ekp = 1.00002
ekpp/ek = 1.00003
ekpp/ekp = 1.00002
ekpp/ek = 1.00003
ekpp/ekp = 1.00002
ekpp/ek = 1.00003
ekpp/ekp = 1.00002
ekpp/ek = 1.00003
ekpp/ekp = 1.00002
ekpp/ek = 1.00003
ekpp/ekp = 1.00002
ekpp/ek = 1.00003
ekpp/ekp = 1.00002
ekpp/ek = 1.00003
ekpp/ekp = 1.00002
ekpp/ek = 1.00003
ekpp/ekp = 1.00002
ekpp/ek = 1.00003
ekpp/ekp = 1.00002
ekpp/ek = 1.00003
ekpp/ekp = 1.00002
ekpp/ek = 1.00003
ekpp/ekp = 1.00002
ekpp/ek = 1.00003
ekpp/ekp = 1.00002
ekpp/ek = 1.00003
ekpp/ekp = 1.00002
ekpp/ek = 1.00003
ekpp/ekp = 1.00002
ekpp/ek = 1.00003
ekpp/ekp = 1.00002
ekpp/ek = 1.00003
ekpp/ekp = 1.00002
ekpp/ek = 1.00003
ekpp/ekp = 1.00002
ekpp/ek = 1.00003
ekpp/ekp = 1.00002
ekpp/ek = 1.00003
ekpp/ekp = 1.00002
ekpp/ek = 1.00003
ekpp/ekp = 1.00002
ekpp/ek = 1.00003
ekpp/ekp = 1.00002
ekpp/ek = 1.00003
ekpp/ekp = 1.00002
ekpp/ek = 1.00003
ekpp/ekp = 1.00002
ekpp/ek = 1.00003
ekpp/ekp = 1.00002
ekpp/ek = 1.00003
ekpp/ekp = 1.00002
ekpp/ek = 1.00003
ekpp/ekp = 1.00002
ekpp/ek = 1.00003
ekpp/ekp = 1.00002
ekpp/ek = 1.00003
ekpp/ekp = 1.00002
ekpp/ek = 1.00003
ekpp/ekp = 1.00002
ekpp/ek = 1.00003
ekpp/ekp = 1.00002
ekpp/ek = 1.00003
ekpp/ekp = 1.00002
ekpp/ek = 1.00544
ekpp/ekp = 1.00542
ekpp/ek = 1.00546
ekpp/ekp = 1.00004
ekpp/ek = 1.00008
ekpp/ekp = 1.00004
ekpp/ek = 1.00008
ekpp/ekp = 1.00004
ekpp/ek = 1.00008
ekpp/ekp = 1.00004
ekpp/ek = 1.00008
ekpp/ekp = 1.00004
ekpp/ek = 1.00008
ekpp/ekp = 1.00004
ekpp/ek = 1.00008
ekpp/ekp = 1.00004
ekpp/ek = 1.00008
ekpp/ekp = 1.00004
ekpp/ek = 1.00008
ekpp/ekp = 1.00004
ekpp/ek = 1.00008
ekpp/ekp = 1.00004
ekpp/ek = 1.00008
ekpp/ekp = 1.00004
ekpp/ek = 1.00008
ekpp/ekp = 1.00004
ekpp/ek = 1.00008
ekpp/ekp = 1.00004
ekpp/ek = 1.00008
ekpp/ekp = 1.00004
ekpp/ek = 1.00008
ekpp/ekp = 1.00004
ekpp/ek = 1.00008
ekpp/ekp = 1.00004
ekpp/ek = 1.00008
ekpp/ekp = 1.00004
ekpp/ek = 1.00008
ekpp/ekp = 1.00004
ekpp/ek = 1.00008
ekpp/ekp = 1.00004
ekpp/ek = 1.00008
ekpp/ekp = 1.00004
ekpp/ek = 1.00008
ekpp/ekp = 1.00004
ekpp/ek = 1.00008
ekpp/ekp = 1.00004
ekpp/ek = 1.00008
ekpp/ekp = 1.00004
ekpp/ek = 1.00008
ekpp/ekp = 1.00004
ekpp/ek = 1.00008
ekpp/ekp = 1.00004
ekpp/ek = 1.00008
ekpp/ekp = 1.00004
ekpp/ek = 1.00008
ekpp/ekp = 1.00004
ekpp/ek = 1.00008
ekpp/ekp = 1.00004
ekpp/ek = 1.00008
ekpp/ekp = 1.00004
ekpp/ek = 1.00008
ekpp/ekp = 1.00004
ekpp/ek = 1.00008
ekpp/ekp = 1.00004
ekpp/ek = 1.00008
ekpp/ekp = 1.00004
ekpp/ek = 1.00008
ekpp/ekp = 1.00004
ekpp/ek = 1.00008
ekpp/ekp = 1.00004
ekpp/ek = 1.00008
ekpp/ekp = 1.00004
ekpp/ek = 1.00008
ekpp/ekp = 1.00004
ekpp/ek = 1.00008
ekpp/ekp = 1.00004
ekpp/ek = 1.00008
ekpp/ekp = 1.00004
ekpp/ek = 1.00008
ekpp/ekp = 1.00004
ekpp/ek = 1.00008
ekpp/ekp = 1.00004
ekpp/ek = 1.00008
ekpp/ekp = 1.00004
ekpp/ek = 1.00008
ekpp/ekp = 1.00004
ekpp/ek = 1.00008
ekpp/ekp = 1.00004
ekpp/ek = 1.00008
ekpp/ekp = 1.00004
ekpp/ek = 1.00008
ekpp/ekp = 1.00004
ekpp/ek = 1.00008
ekpp/ekp = 1.00004
ekpp/ek = 1.00008
ekpp/ekp = 1.00004
ekpp/ek = 1.00008
ekpp/ekp = 1.00004
ekpp/ek = 1.00008
ekpp/ekp = 1.00004
ekpp/ek = 1.00008
ekpp/ekp = 1.00004
ekpp/ek = 1.00008
ekpp/ekp = 1.00004
ekpp/ek = 1.00008
ekpp/ekp = 1.00004
ekpp/ek = 1.00008
ekpp/ekp = 1.00004
ekpp/ek = 1.00008
ekpp/ekp = 1.00004
ekpp/ek = 1.00008
ekpp/ekp = 1.00004
ekpp/ek = 1.00008
ekpp/ekp = 1.00004
ekpp/ek = 1.00008
ekpp/ekp = 1.00004
ekpp/ek = 1.00008
ekpp/ekp = 1.00004
ekpp/ek = 1.00008
ekpp/ekp = 1.00004
ekpp/ek = 1.00008
ekpp/ekp = 1.00004
ekpp/ek = 1.00008
ekpp/ekp = 1.00004
ekpp/ek = 1.00008
ekpp/ekp = 1.00004
ekpp/ek = 1.00008
ekpp/ekp = 1.00004
ekpp/ek = 1.00008
ekpp/ekp = 1.00004
ekpp/ek = 1.00008
ekpp/ekp = 1.00004
ekpp/ek = 1.00008
ekpp/ekp = 1.00004
ekpp/ek = 1.00008
ekpp/ekp = 1.00004
ekpp/ek = 1.00008
ekpp/ekp = 1.00004
ekpp/ek = 1.00008
ekpp/ekp = 1.00004
ekpp/ek = 1.00008
ekpp/ekp = 1.00004
ekpp/ek = 1.00008
ekpp/ekp = 1.00004
ekpp/ek = 1.00008
ekpp/ekp = 1.00004
ekpp/ek = 1.00008
ekpp/ekp = 1.00004
ekpp/ek = 1.00008
ekpp/ekp = 1.00004
ekpp/ek = 1.00008
ekpp/ekp = 1.00004
ekpp/ek = 1.00008
ekpp/ekp = 1.00004
ekpp/ek = 1.00008
ekpp/ekp = 1.00004
ekpp/ek = 1.00008
ekpp/ekp = 1.00004
ekpp/ek = 1.00008
ekpp/ekp = 1.00004
ekpp/ek = 1.00008
ekpp/ekp = 1.00004
ekpp/ek = 1.00008
ekpp/ekp = 1.00004
ekpp/ek = 1.00008
ekpp/ekp = 1.00004
ekpp/ek = 1.00008
ekpp/ekp = 1.00004
ekpp/ek = 1.00008
ekpp/ekp = 1.00004
ekpp/ek = 1.00008
ekpp/ekp = 1.00004
ekpp/ek = 1.00008
ekpp/ekp = 1.00004
ekpp/ek = 1.00008
ekpp/ekp = 1.00004
ekpp/ek = 1.00008
ekpp/ekp = 1.00004
ekpp/ek = 1.00008
ekpp/ekp = 1.00004
ekpp/ek = 1.00008
ekpp/ekp = 1.00004
ekpp/ek = 1.00008
ekpp/ekp = 1.00004
ekpp/ek = 1.00008
ekpp/ekp = 1.00004
ekpp/ek = 1.00008
ekpp/ekp = 1.00004
ekpp/ek = 1.00008
ekpp/ekp = 1.00004
ekpp/ek = 1.00008
ekpp/ekp = 1.00004
ekpp/ek = 1.00008
ekpp/ekp = 1.00004
ekpp/ek = 1.00008
ekpp/ekp = 1.00004
ekpp/ek = 1.00008
ekpp/ekp = 1.00004
ekpp/ek = 1.00008
ekpp/ekp = 1.00004
ekpp/ek = 1.00008
ekpp/ekp = 1.00004
ekpp/ek = 1.00008
ekpp/ekp = 1.00004
ekpp/ek = 1.00008
ekpp/ekp = 1.00004
ekpp/ek = 1.00008
ekpp/ekp = 1.00004
ekpp/ek = 1.00008
ekpp/ekp = 1.00004
ekpp/ek = 1.00008
ekpp/ekp = 1.00004
ekpp/ek = 1.00008
ekpp/ekp = 1.00004
ekpp/ek = 1.00008
ekpp/ekp = 1.00004
ekpp/ek = 1.00008
ekpp/ekp = 1.00004
ekpp/ek = 1.00008
ekpp/ekp = 1.00004
ekpp/ek = 1.00008
ekpp/ekp = 1.00004
ekpp/ek = 1.00008
ekpp/ekp = 1.00004
ekpp/ek = 1.00008
ekpp/ekp = 1.00004
ekpp/ek = 1.00008
ekpp/ekp = 1.00004
ekpp/ek = 1.00008
ekpp/ekp = 1.00004
ekpp/ek = 1.00008
ekpp/ekp = 1.00004
ekpp/ek = 1.00008
ekpp/ekp = 1.00004
ekpp/ek = 1.00008
ekpp/ekp = 1.00004
ekpp/ek = 1.00008
ekpp/ekp = 1.00004
ekpp/ek = 1.00613
ekpp/ekp = 1.00609
ekpp/ek = 1.00619
ekpp/ekp = 1.0001
ekpp/ek = 1.0002
ekpp/ekp = 1.0001
ekpp/ek = 1.0002
ekpp/ekp = 1.0001
ekpp/ek = 1.0002
ekpp/ekp = 1.0001
ekpp/ek = 1.0002
ekpp/ekp = 1.0001
ekpp/ek = 1.0002
ekpp/ekp = 1.0001
ekpp/ek = 1.0002
ekpp/ekp = 1.0001
ekpp/ek = 1.0002
ekpp/ekp = 1.0001
ekpp/ek = 1.0002
ekpp/ekp = 1.0001
ekpp/ek = 1.0002
ekpp/ekp = 1.0001
ekpp/ek = 1.0002
ekpp/ekp = 1.0001
ekpp/ek = 1.0002
ekpp/ekp = 1.0001
ekpp/ek = 1.0002
ekpp/ekp = 1.0001
ekpp/ek = 1.0002
ekpp/ekp = 1.0001
ekpp/ek = 1.0002
ekpp/ekp = 1.0001
ekpp/ek = 1.0002
ekpp/ekp = 1.0001
ekpp/ek = 1.0002
ekpp/ekp = 1.0001
ekpp/ek = 1.0002
ekpp/ekp = 1.0001
ekpp/ek = 1.0002
ekpp/ekp = 1.0001
ekpp/ek = 1.0002
ekpp/ekp = 1.0001
ekpp/ek = 1.0002
ekpp/ekp = 1.0001
ekpp/ek = 1.0002
ekpp/ekp = 1.0001
ekpp/ek = 1.0002
ekpp/ekp = 1.0001
ekpp/ek = 1.0002
ekpp/ekp = 1.0001
ekpp/ek = 1.0002
ekpp/ekp = 1.0001
ekpp/ek = 1.0002
ekpp/ekp = 1.0001
ekpp/ek = 1.0002
ekpp/ekp = 1.0001
ekpp/ek = 1.0002
ekpp/ekp = 1.0001
ekpp/ek = 1.0002
ekpp/ekp = 1.0001
ekpp/ek = 1.0002
ekpp/ekp = 1.0001
ekpp/ek = 1.0002
ekpp/ekp = 1.0001
ekpp/ek = 1.0002
ekpp/ekp = 1.0001
ekpp/ek = 1.0002
ekpp/ekp = 1.0001
ekpp/ek = 1.0002
ekpp/ekp = 1.0001
ekpp/ek = 1.0002
ekpp/ekp = 1.0001
ekpp/ek = 1.0002
ekpp/ekp = 1.0001
ekpp/ek = 1.0002
ekpp/ekp = 1.0001
ekpp/ek = 1.0002
ekpp/ekp = 1.0001
ekpp/ek = 1.0002
ekpp/ekp = 1.0001
ekpp/ek = 1.0002
ekpp/ekp = 1.0001
ekpp/ek = 1.0002
ekpp/ekp = 1.0001
ekpp/ek = 1.0002
ekpp/ekp = 1.0001
ekpp/ek = 1.0002
ekpp/ekp = 1.0001
ekpp/ek = 1.0002
ekpp/ekp = 1.0001
ekpp/ek = 1.0002
ekpp/ekp = 1.0001
ekpp/ek = 1.0002
ekpp/ekp = 1.0001
ekpp/ek = 1.0002
ekpp/ekp = 1.0001
ekpp/ek = 1.0002
ekpp/ekp = 1.0001
ekpp/ek = 1.0002
ekpp/ekp = 1.0001
ekpp/ek = 1.0002
ekpp/ekp = 1.0001
ekpp/ek = 1.0002
ekpp/ekp = 1.0001
ekpp/ek = 1.0002
ekpp/ekp = 1.0001
ekpp/ek = 1.0002
ekpp/ekp = 1.0001
ekpp/ek = 1.0002
ekpp/ekp = 1.0001
ekpp/ek = 1.0002
ekpp/ekp = 1.0001
ekpp/ek = 1.0002
ekpp/ekp = 1.0001
ekpp/ek = 1.0002
ekpp/ekp = 1.0001
ekpp/ek = 1.0002
ekpp/ekp = 1.0001
ekpp/ek = 1.0002
ekpp/ekp = 1.0001
ekpp/ek = 1.0002
ekpp/ekp = 1.0001
ekpp/ek = 1.0002
ekpp/ekp = 1.0001
ekpp/ek = 1.0002
ekpp/ekp = 1.0001
ekpp/ek = 1.0002
ekpp/ekp = 1.0001
ekpp/ek = 1.0002
ekpp/ekp = 1.0001
ekpp/ek = 1.0002
ekpp/ekp = 1.0001
ekpp/ek = 1.0002
ekpp/ekp = 1.0001
ekpp/ek = 1.0002
ekpp/ekp = 1.0001
ekpp/ek = 1.0002
ekpp/ekp = 1.0001
ekpp/ek = 1.0002
ekpp/ekp = 1.0001
ekpp/ek = 1.0002
ekpp/ekp = 1.0001
ekpp/ek = 1.0002
ekpp/ekp = 1.0001
ekpp/ek = 1.0002
ekpp/ekp = 1.0001
ekpp/ek = 1.0002
ekpp/ekp = 1.0001
ekpp/ek = 1.0002
ekpp/ekp = 1.0001
ekpp/ek = 1.0002
ekpp/ekp = 1.0001
ekpp/ek = 1.0002
ekpp/ekp = 1.0001
ekpp/ek = 1.0002
ekpp/ekp = 1.0001
ekpp/ek = 1.0002
ekpp/ekp = 1.0001
ekpp/ek = 1.0002
ekpp/ekp = 1.0001
ekpp/ek = 1.0002
ekpp/ekp = 1.0001
ekpp/ek = 1.0002
ekpp/ekp = 1.0001
ekpp/ek = 1.0002
ekpp/ekp = 1.0001
ekpp/ek = 1.0002
ekpp/ekp = 1.0001
ekpp/ek = 1.0002
ekpp/ekp = 1.0001
ekpp/ek = 1.0002
ekpp/ekp = 1.0001
ekpp/ek = 1.0002
ekpp/ekp = 1.0001
ekpp/ek = 1.0002
ekpp/ekp = 1.0001
ekpp/ek = 1.0002
ekpp/ekp = 1.0001
ekpp/ek = 1.0002
ekpp/ekp = 1.0001
ekpp/ek = 1.0002
ekpp/ekp = 1.0001
ekpp/ek = 1.0002
ekpp/ekp = 1.0001
ekpp/ek = 1.0002
ekpp/ekp = 1.0001
ekpp/ek = 1.0002
ekpp/ekp = 1.0001
ekpp/ek = 1.0002
ekpp/ekp = 1.0001
ekpp/ek = 1.0002
ekpp/ekp = 1.0001
ekpp/ek = 1.0002
ekpp/ekp = 1.0001
ekpp/ek = 1.0002
ekpp/ekp = 1.0001
ekpp/ek = 1.0002
ekpp/ekp = 1.0001
ekpp/ek = 1.0002
ekpp/ekp = 1.0001
ekpp/ek = 1.0002
ekpp/ekp = 1.0001
ekpp/ek = 1.0002
ekpp/ekp = 1.0001
ekpp/ek = 1.0002
ekpp/ekp = 1.0001
ekpp/ek = 1.0002
ekpp/ekp = 1.0001
ekpp/ek = 1.0002
ekpp/ekp = 1.0001
ekpp/ek = 1.0002
ekpp/ekp = 1.0001
ekpp/ek = 1.0002
ekpp/ekp = 1.0001
ekpp/ek = 1.0002
ekpp/ekp = 1.0001
ekpp/ek = 1.0002
ekpp/ekp = 1.0001
ekpp/ek = 1.0002
ekpp/ekp = 1.0001
ekpp/ek = 1.0002
ekpp/ekp = 1.0001
ekpp/ek = 1.0002
ekpp/ekp = 1.0001
ekpp/ek = 1.0002
ekpp/ekp = 1.0001
ekpp/ek = 1.0002
ekpp/ekp = 1.0001
ekpp/ek = 1.0002
ekpp/ekp = 1.0001
ekpp/ek = 1.0002
ekpp/ekp = 1.0001
ekpp/ek = 1.0002
ekpp/ekp = 1.0001
ekpp/ek = 1.0002
ekpp/ekp = 1.0001
ekpp/ek = 1.0002
ekpp/ekp = 1.0001
ekpp/ek = 1.0002
ekpp/ekp = 1.0001
ekpp/ek = 1.0002
ekpp/ekp = 1.0001
ekpp/ek = 1.0002
ekpp/ekp = 1.0001
ekpp/ek = 1.0002
ekpp/ekp = 1.0001
ekpp/ek = 1.0002
ekpp/ekp = 1.0001
ekpp/ek = 1.0002
ekpp/ekp = 1.0001
ekpp/ek = 1.0002
ekpp/ekp = 1.0001
ekpp/ek = 1.0002
ekpp/ekp = 1.0001
ekpp/ek = 1.0002
ekpp/ekp = 1.0001
ekpp/ek = 1.0002
ekpp/ekp = 1.0001
ekpp/ek = 1.0002
ekpp/ekp = 1.0001
ekpp/ek = 1.0002
ekpp/ekp = 1.0001
ekpp/ek = 1.0002
ekpp/ekp = 1.0001
ekpp/ek = 1.0002
ekpp/ekp = 1.0001
ekpp/ek = 1.0002
ekpp/ekp = 1.0001
ekpp/ek = 1.0002
ekpp/ekp = 1.0001
ekpp/ek = 1.0002
ekpp/ekp = 1.0001
ekpp/ek = 1.00019
ekpp/ekp = 1.0001
ekpp/ek = 1.00019
ekpp/ekp = 1.0001
ekpp/ek = 1.00019
ekpp/ekp = 1.0001
ekpp/ek = 1.00019
ekpp/ekp = 1.0001
ekpp/ek = 1.00019
ekpp/ekp = 1.0001
ekpp/ek = 1.00019
ekpp/ekp = 1.0001
ekpp/ek = 1.00019
ekpp/ekp = 1.0001
ekpp/ek = 1.00019
ekpp/ekp = 1.0001
ekpp/ek = 1.00019
ekpp/ekp = 1.0001
ekpp/ek = 1.00019
ekpp/ekp = 1.0001
ekpp/ek = 1.00019
ekpp/ekp = 1.0001
ekpp/ek = 1.00019
ekpp/ekp = 1.0001
ekpp/ek = 1.00019
ekpp/ekp = 1.0001
ekpp/ek = 1.00019
ekpp/ekp = 1.0001
ekpp/ek = 1.00019
ekpp/ekp = 1.0001
ekpp/ek = 1.00019
ekpp/ekp = 1.0001
ekpp/ek = 1.00019
ekpp/ekp = 1.0001
ekpp/ek = 1.00019
ekpp/ekp = 1.0001
ekpp/ek = 1.00019
ekpp/ekp = 1.0001
ekpp/ek = 1.00019
ekpp/ekp = 1.0001
ekpp/ek = 1.00019
ekpp/ekp = 1.0001
ekpp/ek = 1.00019
ekpp/ekp = 1.0001
ekpp/ek = 1.00019
ekpp/ekp = 1.0001
ekpp/ek = 1.00019
ekpp/ekp = 1.0001
ekpp/ek = 1.00019
ekpp/ekp = 1.0001
ekpp/ek = 1.00019
ekpp/ekp = 1.0001
ekpp/ek = 1.00019
ekpp/ekp = 1.0001
ekpp/ek = 1.00019
ekpp/ekp = 1.0001
ekpp/ek = 1.00019
ekpp/ekp = 1.0001
ekpp/ek = 1.00019
ekpp/ekp = 1.0001
ekpp/ek = 1.00019
ekpp/ekp = 1.0001
ekpp/ek = 1.00019
ekpp/ekp = 1.0001
ekpp/ek = 1.00019
ekpp/ekp = 1.0001
ekpp/ek = 1.00019
ekpp/ekp = 1.0001
ekpp/ek = 1.00019
ekpp/ekp = 1.0001
ekpp/ek = 1.00019
ekpp/ekp = 1.0001
ekpp/ek = 1.00019
ekpp/ekp = 1.0001
ekpp/ek = 1.00019
ekpp/ekp = 1.0001
ekpp/ek = 1.00019
ekpp/ekp = 1.0001
ekpp/ek = 1.00019
ekpp/ekp = 1.0001
ekpp/ek = 1.00019
ekpp/ekp = 1.0001
ekpp/ek = 1.00019
ekpp/ekp = 1.0001
ekpp/ek = 1.00019
ekpp/ekp = 1.0001
ekpp/ek = 1.00019
ekpp/ekp = 1.0001
ekpp/ek = 1.00019
ekpp/ekp = 1.0001
ekpp/ek = 1.00019
ekpp/ekp = 1.0001
ekpp/ek = 1.00019
ekpp/ekp = 1.0001
ekpp/ek = 1.00019
ekpp/ekp = 1.0001
ekpp/ek = 1.00019
ekpp/ekp = 1.0001
ekpp/ek = 1.00019
ekpp/ekp = 1.0001
ekpp/ek = 1.00019
ekpp/ekp = 1.0001
ekpp/ek = 1.00019
ekpp/ekp = 1.0001
ekpp/ek = 1.00019
ekpp/ekp = 1.0001
ekpp/ek = 1.00019
ekpp/ekp = 1.0001
ekpp/ek = 1.00019
ekpp/ekp = 1.0001
ekpp/ek = 1.00019
ekpp/ekp = 1.0001
ekpp/ek = 1.00019
ekpp/ekp = 1.0001
ekpp/ek = 1.00019
ekpp/ekp = 1.0001
ekpp/ek = 1.00019
ekpp/ekp = 1.0001
ekpp/ek = 1.00019
ekpp/ekp = 1.0001
ekpp/ek = 1.00019
ekpp/ekp = 1.0001
ekpp/ek = 1.00019
ekpp/ekp = 1.0001
ekpp/ek = 1.00019
ekpp/ekp = 1.0001
ekpp/ek = 1.00019
ekpp/ekp = 1.0001
ekpp/ek = 1.00019
ekpp/ekp = 1.0001
ekpp/ek = 1.00019
ekpp/ekp = 1.0001
ekpp/ek = 1.00019
ekpp/ekp = 1.0001
ekpp/ek = 1.00019
ekpp/ekp = 1.0001
ekpp/ek = 1.00019
ekpp/ekp = 1.0001
ekpp/ek = 1.00019
ekpp/ekp = 1.0001
ekpp/ek = 1.00019
ekpp/ekp = 1.0001
ekpp/ek = 1.00019
ekpp/ekp = 1.0001
ekpp/ek = 1.00019
ekpp/ekp = 1.0001
ekpp/ek = 1.00019
ekpp/ekp = 1.0001
ekpp/ek = 1.00019
ekpp/ekp = 1.0001
ekpp/ek = 1.00019
ekpp/ekp = 1.0001
ekpp/ek = 1.00019
ekpp/ekp = 1.0001
ekpp/ek = 1.00019
ekpp/ekp = 1.0001
ekpp/ek = 1.00019
ekpp/ekp = 1.0001
ekpp/ek = 1.00019
ekpp/ekp = 1.0001
ekpp/ek = 1.00019
ekpp/ekp = 1.0001
ekpp/ek = 1.00019
ekpp/ekp = 1.0001
ekpp/ek = 1.00019
ekpp/ekp = 1.0001
ekpp/ek = 1.00019
ekpp/ekp = 1.0001
ekpp/ek = 1.00019
ekpp/ekp = 1.0001
ekpp/ek = 1.00019
ekpp/ekp = 1.0001
ekpp/ek = 1.00019
ekpp/ekp = 1.0001
ekpp/ek = 1.00279
ekpp/ekp = 1.00269
ekpp/ek = 1.00269
ekpp/ekp = 1.00001
ekpp/ek = 1.00001
ekpp/ekp = 1
Showing
**********************************************************
Problem name: HS67    

Number of Variables: 3
Number of Constraints: 14
             Equality: 0
           has_inequality: 14

EXIT: The Algorithm has Converged
f(x) = -1162.12
|c(x)| = 7.37193e-14
|g(x) + J(x)'*y| = 3.82127e-09
y offset = 9.76054e-10
Number of Iterations = 1423
Elapsed Time = 0.0910032 s
Normal iterations = 1079
Average number of normal iterations = 0.758257
Maximum number of normal iterations during one iteration = 1
Iterations with 0  normal iterations = 344
Iterations with 1  normal iteration  = 1079
Iterations with 2+ normal iterations = 0
Restorations = 1079
Average number of restorations per normal iteration = 1
**********************************************************
Done
Setup time: 0
Execution time: 0.343332
