sifdecoder -A pc64.lnx.gfo  HS68

 Problem name: HS68

 Double precision version will be formed

 The objective function uses 1 nonlinear group
 
 There are 2 nonlinear equality constraints
 
 There are 4 variables bounded from below and above 
 
 
 File successfully decoded
/home/abel/documentos/dcicpp-newrun/output-dcicpp-fast-2016-11-24--13:29
No tools
make: *** No rule to make target 'dcicpp'.  Stop.
Starting
Solving
ekpp/ek = 7.9978
ekpp/ekp = 2.75106
ekpp/ek = 3.88212
ekpp/ekp = 1.41114
ekpp/ek = 1.36319
ekpp/ekp = 0.966021
ekpp/ek = 1.0416
ekpp/ekp = 1.07823
ekpp/ek = 1.57675
ekpp/ekp = 1.46234
ekpp/ek = 1.4886
ekpp/ekp = 1.01796
ekpp/ek = 1.06223
ekpp/ekp = 1.04349
ekpp/ek = 1.13801
ekpp/ekp = 1.09058
ekpp/ek = 1.09185
ekpp/ekp = 1.00116
ekpp/ek = 1.03278
ekpp/ekp = 1.03158
ekpp/ek = 1.168
ekpp/ekp = 1.13225
ekpp/ek = 1.18475
ekpp/ekp = 1.04637
ekpp/ek = 1.04739
ekpp/ekp = 1.00097
ekpp/ek = 1.00332
ekpp/ekp = 1.00234
ekpp/ek = 1.00736
ekpp/ekp = 1.00501
ekpp/ek = 1.03475
ekpp/ekp = 1.0296
ekpp/ek = 1.1161
ekpp/ekp = 1.08402
ekpp/ek = 1.16546
ekpp/ekp = 1.07513
ekpp/ek = 1.07391
ekpp/ekp = 0.998867
ekpp/ek = 1.13519
ekpp/ekp = 1.13648
ekpp/ek = 1.25203
ekpp/ekp = 1.10167
ekpp/ek = 1.07434
ekpp/ekp = 0.975191
ekpp/ek = 0.956209
ekpp/ekp = 0.980535
ekpp/ek = 0.976114
ekpp/ekp = 0.995491
ekpp/ek = 0.995288
ekpp/ekp = 0.999796
Showing
**********************************************************
Problem name: HS68    

Number of Variables: 4
Number of Constraints: 2
             Equality: 2
           has_inequality: 0

EXIT: The Algorithm has Converged
f(x) = -0.920425
|c(x)| = 5.24795e-08
|g(x) + J(x)'*y| = 8.6947e-09
y offset = 0
Number of Iterations = 28
Elapsed Time = 0.000868082 s
Normal iterations = 7
Average number of normal iterations = 0.25
Maximum number of normal iterations during one iteration = 1
Iterations with 0  normal iterations = 21
Iterations with 1  normal iteration  = 7
Iterations with 2+ normal iterations = 0
Restorations = 7
Average number of restorations per normal iteration = 1
**********************************************************
Done
Setup time: 0
Execution time: 0.006666
