sifdecoder -A pc64.lnx.gfo  HS73

 Problem name: HS73

 Double precision version will be formed

 The objective function uses 1 linear group
 
 There is 1 linear equality constraint
 There is 1 linear inequality constraint
 There is 1 nonlinear inequality constraint
 
 There are 4 variables bounded only from below 
 
 
 File successfully decoded
/home/abel/documentos/dcicpp-newrun/output-dcicpp-fast-2016-11-24--13:29
No tools
make: *** No rule to make target 'dcicpp'.  Stop.
Starting
Solving
ekpp/ek = 1.03793
ekpp/ekp = 1.01635
ekpp/ek = 1.01662
ekpp/ekp = 1.00027
ekpp/ek = 1.00013
ekpp/ekp = 0.99986
ekpp/ek = 0.999102
ekpp/ekp = 0.999241
ekpp/ek = 0.991961
ekpp/ekp = 0.992714
ekpp/ek = 0.991183
ekpp/ekp = 0.998458
ekpp/ek = 0.993986
ekpp/ekp = 0.995521
ekpp/ek = 0.980515
ekpp/ekp = 0.984927
ekpp/ek = 0.95233
ekpp/ekp = 0.966905
ekpp/ek = 0.973493
ekpp/ekp = 1.00681
ekpp/ek = 1.04613
ekpp/ekp = 1.03905
Showing
**********************************************************
Problem name: HS73    

Number of Variables: 4
Number of Constraints: 3
             Equality: 1
           has_inequality: 2

EXIT: The Algorithm has Converged
f(x) = 29.8944
|c(x)| = 5.55112e-17
|g(x) + J(x)'*y| = 8.79472e-08
y offset = 0
Number of Iterations = 14
Elapsed Time = 0.00222516 s
Normal iterations = 7
Average number of normal iterations = 0.5
Maximum number of normal iterations during one iteration = 2
Iterations with 0  normal iterations = 8
Iterations with 1  normal iteration  = 5
Iterations with 2+ normal iterations = 1
Restorations = 187
Average number of restorations per normal iteration = 26
**********************************************************
Done
Setup time: 0.003333
Execution time: 0.006666
