sifdecoder -A pc64.lnx.gfo  HS74

 Problem name: HS74

 Double precision version will be formed

 The objective function uses 1 nonlinear group
 
 There are 2 linear inequality constraints
 There are 3 nonlinear equality constraints
 
 There are 4 variables bounded from below and above 
 
 
 File successfully decoded
/home/abel/documentos/dcicpp-newrun/output-dcicpp-fast-2016-11-24--13:29
No tools
make: *** No rule to make target 'dcicpp'.  Stop.
Starting
Solving
ekpp/ek = 1.00003
ekpp/ekp = 1.00002
ekpp/ek = 1.00015
ekpp/ekp = 1.00013
ekpp/ek = 1.00089
ekpp/ekp = 1.00076
ekpp/ek = 1.00487
ekpp/ekp = 1.0041
ekpp/ek = 1.01722
ekpp/ekp = 1.01307
ekpp/ek = 1.01746
ekpp/ekp = 1.00433
ekpp/ek = 1.0062
ekpp/ekp = 1.00186
ekpp/ek = 1.00187
ekpp/ekp = 1.00001
ekpp/ek = 1.00001
ekpp/ekp = 1
Showing
**********************************************************
Problem name: HS74    

Number of Variables: 4
Number of Constraints: 5
             Equality: 3
           has_inequality: 2

EXIT: The Algorithm has Converged
f(x) = 5126.5
|c(x)| = 3.11014e-10
|g(x) + J(x)'*y| = 2.78406e-13
y offset = 0
Number of Iterations = 12
Elapsed Time = 0.000623703 s
Normal iterations = 3
Average number of normal iterations = 0.25
Maximum number of normal iterations during one iteration = 1
Iterations with 0  normal iterations = 9
Iterations with 1  normal iteration  = 3
Iterations with 2+ normal iterations = 0
Restorations = 4
Average number of restorations per normal iteration = 1
**********************************************************
Done
Setup time: 0
Execution time: 0.003333
