sifdecoder -A pc64.lnx.gfo  HS83

 Problem name: HS83

 Double precision version will be formed

 The objective function uses 1 nonlinear group
 
 There are 3 nonlinear inequality constraints
 
 There are 5 variables bounded from below and above 
 
 
 File successfully decoded
/home/abel/documentos/dcicpp-newrun/output-dcicpp-fast-2016-11-24--13:29
No tools
make: *** No rule to make target 'dcicpp'.  Stop.
Starting
Solving
ekpp/ek = 1.02094
ekpp/ekp = 1.02129
ekpp/ek = 1.021
ekpp/ekp = 0.999713
ekpp/ek = 0.988094
ekpp/ekp = 0.988377
ekpp/ek = 1.00085
ekpp/ekp = 1.01262
ekpp/ek = 1.00316
ekpp/ekp = 0.990652
ekpp/ek = 1.00098
ekpp/ekp = 1.01043
ekpp/ek = 1.00849
ekpp/ekp = 0.998081
ekpp/ek = 0.998173
ekpp/ekp = 1.00009
ekpp/ek = 1.00011
ekpp/ekp = 1.00001
ekpp/ek = 0.994603
ekpp/ekp = 0.994589
ekpp/ek = 0.995963
ekpp/ekp = 1.00138
ekpp/ek = 1.00578
ekpp/ekp = 1.00439
ekpp/ek = 1.00488
ekpp/ekp = 1.00049
ekpp/ek = 0.999648
ekpp/ekp = 0.999159
ekpp/ek = 0.999166
ekpp/ekp = 1.00001
ekpp/ek = 1.00002
ekpp/ekp = 1.00001
Showing
**********************************************************
Problem name: HS83    

Number of Variables: 5
Number of Constraints: 3
             Equality: 0
           has_inequality: 3

EXIT: The Algorithm has Converged
f(x) = -30665.5
|c(x)| = 9.03459e-07
|g(x) + J(x)'*y| = 2.82004e-07
y offset = 0.0376457
Number of Iterations = 19
Elapsed Time = 0.00593472 s
Normal iterations = 28
Average number of normal iterations = 1.47368
Maximum number of normal iterations during one iteration = 2
Iterations with 0  normal iterations = 0
Iterations with 1  normal iteration  = 10
Iterations with 2+ normal iterations = 9
Restorations = 613
Average number of restorations per normal iteration = 21
**********************************************************
Done
Setup time: 0.003333
Execution time: 0.023332
