sifdecoder -A pc64.lnx.gfo  HS89

 Problem name: HS89

 Double precision version will be formed

 The objective function uses 1 nonlinear group
 
 There is 1 nonlinear inequality constraint
 
 There are 3 free variables
 
 
 File successfully decoded
/home/abel/documentos/dcicpp-newrun/output-dcicpp-fast-2016-11-24--13:29
No tools
make: *** No rule to make target 'dcicpp'.  Stop.
Starting
Solving
ekpp/ek = 1.09896
ekpp/ekp = 1.05264
ekpp/ek = 1.22015
ekpp/ekp = 1.15913
diagonal below threshold
Status = 2
File   = ../Core/cholmod_common.c
Line   = 719
ekpp/ek = 1.35787
ekpp/ekp = 1.17146
NormalFlag = 2
Showing
**********************************************************
Problem name: HS89    

Number of Variables: 3
Number of Constraints: 1
             Equality: 0
           has_inequality: 1

EXIT: Stopped at a stationary for the infeasibility
Cholesky failed
f(x) = 3.72775e+08
|c(x)| = 0.466566
|g(x) + J(x)'*y| = 12489.4
y offset = 0
Number of Iterations = 6
Elapsed Time = 0.0543833 s
Normal iterations = 2
Average number of normal iterations = 0.333333
Maximum number of normal iterations during one iteration = 1
Iterations with 0  normal iterations = 4
Iterations with 1  normal iteration  = 2
Iterations with 2+ normal iterations = 0
Restorations = 200
Average number of restorations per normal iteration = 100
**********************************************************
Done
Setup time: 0.003333
Execution time: 0.229999
