sifdecoder -A pc64.lnx.gfo  HS96

 Problem name: HS96

 Double precision version will be formed

 The objective function uses 1 linear group
 
 There are 4 nonlinear inequality constraints
 
 There are 6 variables bounded from below and above 
 
 
 File successfully decoded
/home/abel/documentos/dcicpp-newrun/output-dcicpp-fast-2016-11-24--13:29
No tools
make: *** No rule to make target 'dcicpp'.  Stop.
Starting
Solving
ekpp/ek = 1.00079
ekpp/ekp = 1.00054
ekpp/ek = 1.00056
ekpp/ekp = 1.00003
ekpp/ek = 1.00003
ekpp/ekp = 1
Showing
**********************************************************
Problem name: HS96    

Number of Variables: 6
Number of Constraints: 4
             Equality: 0
           has_inequality: 4

EXIT: The Algorithm has Converged
f(x) = 0.0156751
|c(x)| = 1.77951e-07
|g(x) + J(x)'*y| = 3.92879e-07
y offset = 0
Number of Iterations = 6
Elapsed Time = 0.00160217 s
Normal iterations = 4
Average number of normal iterations = 0.666667
Maximum number of normal iterations during one iteration = 1
Iterations with 0  normal iterations = 2
Iterations with 1  normal iteration  = 4
Iterations with 2+ normal iterations = 0
Restorations = 125
Average number of restorations per normal iteration = 31
**********************************************************
Done
Setup time: 0.003333
Execution time: 0.006666
