sifdecoder -A pc64.lnx.gfo  KOWOSB

 Problem name: KOWOSB

 Double precision version will be formed

 The objective function uses 11 nonlinear groups
 
 There are 4 free variables
 
 
 File successfully decoded
/home/abel/documentos/dcicpp-newrun/output-dcicpp-fast-2016-11-24--13:29
No tools
make: *** No rule to make target 'dcicpp'.  Stop.
Starting
Solving
ekpp/ek = 1.08579
ekpp/ekp = 1.07337
ekpp/ek = 1.2601
ekpp/ekp = 1.17397
ekpp/ek = 1.21449
ekpp/ekp = 1.03452
ekpp/ek = 1.02216
ekpp/ekp = 0.988059
ekpp/ek = 0.970782
ekpp/ekp = 0.982514
ekpp/ek = 0.97783
ekpp/ekp = 0.995232
ekpp/ek = 0.994945
ekpp/ekp = 0.999712
Showing
**********************************************************
Problem name: KOWOSB  

Number of Variables: 4
Number of Constraints: 0
             Equality: 0
           has_inequality: 0

EXIT: The Algorithm has Converged
f(x) = 0.000307801
|c(x)| = 0
|g(x) + J(x)'*y| = 1.83001e-08
y offset = 0
Number of Iterations = 10
Elapsed Time = 0.000369072 s
Normal iterations = 0
Average number of normal iterations = 0
Maximum number of normal iterations during one iteration = 0
Iterations with 0  normal iterations = 10
Iterations with 1  normal iteration  = 0
Iterations with 2+ normal iterations = 0
Restorations = 0
Average number of restorations per normal iteration = NA
**********************************************************
Done
Setup time: 0.003333
Execution time: -5.66244e-13
