sifdecoder -A pc64.lnx.gfo  LISWET7

 Problem name: LISWET7

 Double precision version will be formed

 The objective function uses 1 nonlinear group
 
 There are 2000 linear inequality constraints
 
 There are 2002 free variables
 
 
 File successfully decoded
/home/abel/documentos/dcicpp-newrun/output-dcicpp-fast-2016-11-24--13:29
No tools
make: *** No rule to make target 'dcicpp'.  Stop.
Starting
Solving
ekpp/ek = 0.763822
ekpp/ekp = 0.953727
ekpp/ek = 1.0494
ekpp/ekp = 1.10032
ekpp/ek = 0.998935
ekpp/ekp = 0.90786
ekpp/ek = 0.915093
ekpp/ekp = 1.00797
ekpp/ek = 1.00038
ekpp/ekp = 0.992473
ekpp/ek = 0.992997
ekpp/ekp = 1.00053
ekpp/ek = 1.00002
ekpp/ekp = 0.999491
Showing
**********************************************************
Problem name: LISWET7 

Number of Variables: 2002
Number of Constraints: 2000
             Equality: 0
           has_inequality: 2000

EXIT: The Algorithm has Converged
f(x) = 99.8974
|c(x)| = 2.35828e-07
|g(x) + J(x)'*y| = 2.03531e-07
y offset = 0
Number of Iterations = 10
Elapsed Time = 0.0713878 s
Normal iterations = 2
Average number of normal iterations = 0.2
Maximum number of normal iterations during one iteration = 1
Iterations with 0  normal iterations = 8
Iterations with 1  normal iteration  = 2
Iterations with 2+ normal iterations = 0
Restorations = 19
Average number of restorations per normal iteration = 9
**********************************************************
Done
Setup time: 0.043332
Execution time: 0.283334
