sifdecoder -A pc64.lnx.gfo  LOGROS

 Problem name: LOGROS

 Double precision version will be formed

 The objective function uses 1 nonlinear group
 
 There are 2 variables bounded only from below 
 
 
 File successfully decoded
/home/abel/documentos/dcicpp-newrun/output-dcicpp-fast-2016-11-24--13:29
No tools
make: *** No rule to make target 'dcicpp'.  Stop.
Starting
Solving
ekpp/ek = 1.02163
ekpp/ekp = 0.998027
ekpp/ek = 0.991286
ekpp/ekp = 0.993246
ekpp/ek = 0.987821
ekpp/ekp = 0.994538
ekpp/ek = 0.995785
ekpp/ekp = 1.00125
ekpp/ek = 1.00134
ekpp/ekp = 1.00009
Showing
**********************************************************
Problem name: LOGROS  

Number of Variables: 2
Number of Constraints: 0
             Equality: 0
           has_inequality: 0

EXIT: The Algorithm has Converged
f(x) = 0.665817
|c(x)| = 0
|g(x) + J(x)'*y| = 2.83481e-07
y offset = 0
Number of Iterations = 8
Elapsed Time = 0.000259399 s
Normal iterations = 0
Average number of normal iterations = 0
Maximum number of normal iterations during one iteration = 0
Iterations with 0  normal iterations = 8
Iterations with 1  normal iteration  = 0
Iterations with 2+ normal iterations = 0
Restorations = 0
Average number of restorations per normal iteration = NA
**********************************************************
Done
Setup time: 0
Execution time: 0.003333
