sifdecoder -A pc64.lnx.gfo  LOOTSMA

 Problem name: LOOTSMA

 Double precision version will be formed

 The objective function uses 1 nonlinear group
 
 There are 2 nonlinear inequality constraints
 
 There are 2 variables bounded only from below 
 There is 1 variable bounded from below and above 
 
 
 File successfully decoded
/home/abel/documentos/dcicpp-newrun/output-dcicpp-fast-2016-11-24--13:29
No tools
make: *** No rule to make target 'dcicpp'.  Stop.
Starting
Solving
ekpp/ek = 0.78615
ekpp/ekp = 1
Showing
**********************************************************
Problem name: LOOTSMA 

Number of Variables: 3
Number of Constraints: 2
             Equality: 0
           has_inequality: 2

EXIT: The Algorithm has Converged
f(x) = 1.41421
|c(x)| = 9.67453e-07
|g(x) + J(x)'*y| = 2.74539e-09
y offset = 0
Number of Iterations = 4
Elapsed Time = 0.00145435 s
Normal iterations = 3
Average number of normal iterations = 0.75
Maximum number of normal iterations during one iteration = 1
Iterations with 0  normal iterations = 1
Iterations with 1  normal iteration  = 3
Iterations with 2+ normal iterations = 0
Restorations = 163
Average number of restorations per normal iteration = 54
**********************************************************
Done
Setup time: 0.003333
Execution time: 0.003333
