sifdecoder -A pc64.lnx.gfo  LSNNODOC

 Problem name: LSNNODOC

 Double precision version will be formed

 The objective function uses 1 nonlinear group
 
 There are 4 linear equality constraints
 
 There are 2 free variables
 There are 3 variables bounded from below and above 
 
 
 File successfully decoded
/home/abel/documentos/dcicpp-newrun/output-dcicpp-fast-2016-11-24--13:29
No tools
make: *** No rule to make target 'dcicpp'.  Stop.
Starting
diagonal below threshold
Status = 2
File   = ../Core/cholmod_common.c
Line   = 719
Solving
ekpp/ek = 1.02251
ekpp/ekp = 1.00246
ekpp/ek = 1.00295
ekpp/ekp = 1.00049
ekpp/ek = 1.10496
ekpp/ekp = 1.10442
ekpp/ek = 1.20887
ekpp/ekp = 1.09457
Showing
**********************************************************
Problem name: LSNNODOC

Number of Variables: 5
Number of Constraints: 4
             Equality: 4
           has_inequality: 0

EXIT: The Algorithm has Converged
Cholesky failed
f(x) = 123.112
|c(x)| = 7.73383e-09
|g(x) + J(x)'*y| = 7.17826e-09
y offset = 0
Number of Iterations = 7
Elapsed Time = 0.000395536 s
Normal iterations = 1
Average number of normal iterations = 0.142857
Maximum number of normal iterations during one iteration = 1
Iterations with 0  normal iterations = 6
Iterations with 1  normal iteration  = 1
Iterations with 2+ normal iterations = 0
Restorations = 1
Average number of restorations per normal iteration = 1
**********************************************************
Done
Setup time: 0.003333
Execution time: -5.66244e-13
