sifdecoder -A pc64.lnx.gfo  MAKELA1

 Problem name: MAKELA1

 Double precision version will be formed

 The objective function uses 1 linear group
 
 There is 1 linear inequality constraint
 There is 1 nonlinear inequality constraint
 
 There are 3 free variables
 
 
 File successfully decoded
/home/abel/documentos/dcicpp-newrun/output-dcicpp-fast-2016-11-24--13:29
No tools
make: *** No rule to make target 'dcicpp'.  Stop.
Starting
Solving
ekpp/ek = 1.24705
ekpp/ekp = 1.00678
ekpp/ek = 0.948411
ekpp/ekp = 0.942026
ekpp/ek = 0.935037
ekpp/ekp = 0.992581
ekpp/ek = 0.992465
ekpp/ekp = 0.999883
Showing
**********************************************************
Problem name: MAKELA1 

Number of Variables: 3
Number of Constraints: 2
             Equality: 0
           has_inequality: 2

EXIT: The Algorithm has Converged
f(x) = -1.41421
|c(x)| = 9.0333e-07
|g(x) + J(x)'*y| = 2.24011e-08
y offset = 0
Number of Iterations = 7
Elapsed Time = 0.00116897 s
Normal iterations = 7
Average number of normal iterations = 1
Maximum number of normal iterations during one iteration = 2
Iterations with 0  normal iterations = 2
Iterations with 1  normal iteration  = 3
Iterations with 2+ normal iterations = 2
Restorations = 125
Average number of restorations per normal iteration = 17
**********************************************************
Done
Setup time: 0.003333
Execution time: 0.003333
