sifdecoder -A pc64.lnx.gfo  MAKELA2

 Problem name: MAKELA2

 Double precision version will be formed

 The objective function uses 1 linear group
 
 There are 3 nonlinear inequality constraints
 
 There are 3 free variables
 
 
 File successfully decoded
/home/abel/documentos/dcicpp-newrun/output-dcicpp-fast-2016-11-24--13:29
No tools
make: *** No rule to make target 'dcicpp'.  Stop.
Starting
Solving
ekpp/ek = 1.50976
ekpp/ekp = 1.52938
ekpp/ek = 1.51189
ekpp/ekp = 0.988566
ekpp/ek = 0.747099
ekpp/ekp = 0.75574
ekpp/ek = 0.875626
ekpp/ekp = 1.15863
ekpp/ek = 1.15934
ekpp/ekp = 1.00061
Showing
**********************************************************
Problem name: MAKELA2 

Number of Variables: 3
Number of Constraints: 3
             Equality: 0
           has_inequality: 3

EXIT: The Algorithm has Converged
f(x) = 7.2
|c(x)| = 2.39657e-08
|g(x) + J(x)'*y| = 4.36477e-09
y offset = 0
Number of Iterations = 8
Elapsed Time = 0.00107527 s
Normal iterations = 5
Average number of normal iterations = 0.625
Maximum number of normal iterations during one iteration = 1
Iterations with 0  normal iterations = 3
Iterations with 1  normal iteration  = 5
Iterations with 2+ normal iterations = 0
Restorations = 84
Average number of restorations per normal iteration = 16
**********************************************************
Done
Setup time: 0
Execution time: 0.003333
