sifdecoder -A pc64.lnx.gfo  MEXHAT

 Problem name: MEXHAT

 Double precision version will be formed

 The objective function uses 2 nonlinear groups
 
 There are 2 free variables
 
 
 File successfully decoded
/home/abel/documentos/dcicpp-newrun/output-dcicpp-fast-2016-11-24--13:29
No tools
make: *** No rule to make target 'dcicpp'.  Stop.
Starting
Solving
ekpp/ek = 0.98603
ekpp/ekp = 0.999784
ekpp/ek = 0.99965
ekpp/ekp = 0.999866
ekpp/ek = 0.99978
ekpp/ekp = 0.999914
ekpp/ek = 0.999859
ekpp/ekp = 0.999944
ekpp/ek = 0.999907
ekpp/ekp = 0.999963
ekpp/ek = 0.98606
ekpp/ekp = 0.986096
ekpp/ek = 0.96921
ekpp/ekp = 0.982876
ekpp/ek = 0.967795
ekpp/ekp = 0.984656
ekpp/ek = 0.984652
ekpp/ekp = 0.999996
ekpp/ek = 0.999995
ekpp/ekp = 0.999999
ekpp/ek = 1.00317
ekpp/ekp = 1.00317
ekpp/ek = 1.0111
ekpp/ekp = 1.00791
ekpp/ek = 1.01884
ekpp/ekp = 1.01085
ekpp/ek = 1.01085
ekpp/ekp = 0.999999
ekpp/ek = 1.00168
ekpp/ekp = 1.00168
ekpp/ek = 1.00589
ekpp/ekp = 1.0042
ekpp/ek = 1.00923
ekpp/ekp = 1.00501
ekpp/ek = 1.00441
ekpp/ekp = 0.999407
ekpp/ek = 1.0002
ekpp/ekp = 1.0008
ekpp/ek = 1.00146
ekpp/ekp = 1.00067
ekpp/ek = 1.00035
ekpp/ekp = 0.999683
Showing
**********************************************************
Problem name: MEXHAT  

Number of Variables: 2
Number of Constraints: 0
             Equality: 0
           has_inequality: 0

EXIT: The Algorithm has Converged
f(x) = -0.0400092
|c(x)| = 0
|g(x) + J(x)'*y| = 5.0837e-07
y offset = 0
Number of Iterations = 24
Elapsed Time = 0.000346661 s
Normal iterations = 0
Average number of normal iterations = 0
Maximum number of normal iterations during one iteration = 0
Iterations with 0  normal iterations = 24
Iterations with 1  normal iteration  = 0
Iterations with 2+ normal iterations = 0
Restorations = 0
Average number of restorations per normal iteration = NA
**********************************************************
Done
Setup time: 0.003333
Execution time: -5.66244e-13
