sifdecoder -A pc64.lnx.gfo  NET1

 Problem name: NET1

 Double precision version will be formed

 The objective function uses 3 nonlinear groups
 
 There are 21 linear equality constraints
 There are 16 linear inequality constraints
 There are 17 nonlinear equality constraints
 There are 3 nonlinear inequality constraints
 
 There are 20 free variables
 There are 23 variables bounded from below and above 
 There are 5 fixed variables
 
 
 File successfully decoded
/home/abel/documentos/dcicpp-newrun/output-dcicpp-fast-2016-11-24--13:29
No tools
make: *** No rule to make target 'dcicpp'.  Stop.
NOPE preprocessing removed 18 variables
NOPE preprocessing removed 17 contraints
Starting
Solving
diagonal below threshold
Status = 2
File   = ../Core/cholmod_common.c
Line   = 719
diagonal below threshold
Status = 2
File   = ../Core/cholmod_common.c
Line   = 719
diagonal below threshold
Status = 2
File   = ../Core/cholmod_common.c
Line   = 719
ekpp/ek = 1.00166
ekpp/ekp = 1
ekpp/ek = 1
ekpp/ekp = 1
ekpp/ek = 1.00238
ekpp/ekp = 1.00238
ekpp/ek = 1.00237
ekpp/ekp = 0.99999
ekpp/ek = 0.99999
ekpp/ekp = 1
Showing
**********************************************************
Problem name: NET1    

Number of Variables: 30
Number of Constraints: 40
             Equality: 25
           has_inequality: 15

EXIT: The Algorithm has Converged
Cholesky failed
f(x) = 941194
|c(x)| = 1.47835e-07
|g(x) + J(x)'*y| = 2.61787e-08
y offset = 4.7394e-06
Number of Iterations = 8
Elapsed Time = 0.0153172 s
Normal iterations = 3
Average number of normal iterations = 0.375
Maximum number of normal iterations during one iteration = 1
Iterations with 0  normal iterations = 5
Iterations with 1  normal iteration  = 3
Iterations with 2+ normal iterations = 0
Restorations = 247
Average number of restorations per normal iteration = 82
**********************************************************
Done
Setup time: 0
Execution time: 0.059999
