sifdecoder -A pc64.lnx.gfo  OPTCNTRL

 Problem name: OPTCNTRL

 Double precision version will be formed

 The objective function uses 1 nonlinear group
 
 There are 10 linear equality constraints
 There are 10 nonlinear equality constraints
 
 There are 9 free variables
 There are 10 variables bounded only from below 
 There are 10 variables bounded from below and above 
 There are 3 fixed variables
 
 
 File successfully decoded
/home/abel/documentos/dcicpp-newrun/output-dcicpp-fast-2016-11-24--13:29
No tools
make: *** No rule to make target 'dcicpp'.  Stop.
NOPE preprocessing removed 3 variables
Starting
Solving
Showing
**********************************************************
Problem name: OPTCNTRL

Number of Variables: 29
Number of Constraints: 20
             Equality: 20
           has_inequality: 0

EXIT: The Algorithm has Converged
f(x) = 550
|c(x)| = 2.92045e-07
|g(x) + J(x)'*y| = 1.2324e-07
y offset = 0
Number of Iterations = 2
Elapsed Time = 0.00789452 s
Normal iterations = 3
Average number of normal iterations = 1.5
Maximum number of normal iterations during one iteration = 2
Iterations with 0  normal iterations = 0
Iterations with 1  normal iteration  = 1
Iterations with 2+ normal iterations = 1
Restorations = 332
Average number of restorations per normal iteration = 110
**********************************************************
Done
Setup time: 0.003333
Execution time: 0.029999
