sifdecoder -A pc64.lnx.gfo  ORTHREGB

 Problem name: ORTHREGB

 Double precision version will be formed

 The objective function uses 18 nonlinear groups
 
 There are 6 nonlinear equality constraints
 
 There are 27 free variables
 
 
 File successfully decoded
/home/abel/documentos/dcicpp-newrun/output-dcicpp-fast-2016-11-24--13:29
No tools
make: *** No rule to make target 'dcicpp'.  Stop.
Starting
Solving
Showing
**********************************************************
Problem name: ORTHREGB

Number of Variables: 27
Number of Constraints: 6
             Equality: 6
           has_inequality: 0

EXIT: The Algorithm has Converged
f(x) = 7.33039e-15
|c(x)| = 1.69318e-12
|g(x) + J(x)'*y| = 1.71219e-07
y offset = 0
Number of Iterations = 3
Elapsed Time = 0.000412941 s
Normal iterations = 3
Average number of normal iterations = 1
Maximum number of normal iterations during one iteration = 1
Iterations with 0  normal iterations = 0
Iterations with 1  normal iteration  = 3
Iterations with 2+ normal iterations = 0
Restorations = 3
Average number of restorations per normal iteration = 1
**********************************************************
Done
Setup time: 0.003333
Execution time: -5.66244e-13
