sifdecoder -A pc64.lnx.gfo  PALMER4

 Problem name: PALMER4

 Double precision version will be formed

 The objective function uses 23 nonlinear groups
 
 There is 1 free variable 
 There are 3 variables bounded only from below 
 
 
 File successfully decoded
/home/abel/documentos/dcicpp-newrun/output-dcicpp-fast-2016-11-24--13:29
No tools
make: *** No rule to make target 'dcicpp'.  Stop.
Starting
Solving
ekpp/ek = 10.5712
ekpp/ekp = 2.98826
ekpp/ek = 2.80279
ekpp/ekp = 0.937935
ekpp/ek = 1.16232
ekpp/ekp = 1.23923
ekpp/ek = 1.82843
ekpp/ekp = 1.47545
ekpp/ek = 1.47363
ekpp/ekp = 0.99877
ekpp/ek = 0.995762
ekpp/ekp = 0.996989
ekpp/ek = 0.982042
ekpp/ekp = 0.985009
ekpp/ek = 0.985135
ekpp/ekp = 1.00013
ekpp/ek = 1.00093
ekpp/ekp = 1.00081
ekpp/ek = 1.00079
ekpp/ekp = 0.999983
Showing
**********************************************************
Problem name: PALMER4 

Number of Variables: 4
Number of Constraints: 0
             Equality: 0
           has_inequality: 0

EXIT: The Algorithm has Converged
f(x) = 2285.38
|c(x)| = 0
|g(x) + J(x)'*y| = 9.17427e-08
y offset = 0
Number of Iterations = 13
Elapsed Time = 0.000454426 s
Normal iterations = 0
Average number of normal iterations = 0
Maximum number of normal iterations during one iteration = 0
Iterations with 0  normal iterations = 13
Iterations with 1  normal iteration  = 0
Iterations with 2+ normal iterations = 0
Restorations = 0
Average number of restorations per normal iteration = NA
**********************************************************
Done
Setup time: 0
Execution time: -5.66244e-13
