sifdecoder -A pc64.lnx.gfo  PALMER1B

 Problem name: PALMER1B

 Double precision version will be formed

 The objective function uses 35 nonlinear groups
 
 There are 2 free variables
 There are 2 variables bounded only from below 
 
 
 File successfully decoded
/home/abel/documentos/dcicpp-newrun/output-dcicpp-fast-2016-11-24--13:29
No tools
make: *** No rule to make target 'dcicpp'.  Stop.
Starting
Solving
ekpp/ek = 3.92319
ekpp/ekp = 1.11768
ekpp/ek = 1.44523
ekpp/ekp = 1.29306
ekpp/ek = 1.33216
ekpp/ekp = 1.03023
ekpp/ek = 1.12926
ekpp/ekp = 1.09612
ekpp/ek = 1.54743
ekpp/ekp = 1.41174
ekpp/ek = 1.85675
ekpp/ekp = 1.31522
ekpp/ek = 1.88701
ekpp/ekp = 1.43475
ekpp/ek = 2.74122
ekpp/ekp = 1.91059
ekpp/ek = 3.2785
ekpp/ekp = 1.71596
ekpp/ek = 2.06348
ekpp/ekp = 1.20252
ekpp/ek = 1.40561
ekpp/ekp = 1.16888
ekpp/ek = 1.31914
ekpp/ekp = 1.12854
ekpp/ek = 1.22229
ekpp/ekp = 1.08307
ekpp/ek = 1.123
ekpp/ekp = 1.03686
ekpp/ek = 1.04433
ekpp/ekp = 1.0072
ekpp/ek = 1.00747
ekpp/ekp = 1.00027
Showing
**********************************************************
Problem name: PALMER1B

Number of Variables: 4
Number of Constraints: 0
             Equality: 0
           has_inequality: 0

EXIT: The Algorithm has Converged
f(x) = 3.44735
|c(x)| = 0
|g(x) + J(x)'*y| = 1.47608e-08
y offset = 0
Number of Iterations = 19
Elapsed Time = 0.000649929 s
Normal iterations = 0
Average number of normal iterations = 0
Maximum number of normal iterations during one iteration = 0
Iterations with 0  normal iterations = 19
Iterations with 1  normal iteration  = 0
Iterations with 2+ normal iterations = 0
Restorations = 0
Average number of restorations per normal iteration = NA
**********************************************************
Done
Setup time: 0.003333
Execution time: 0.003333
