sifdecoder -A pc64.lnx.gfo  PALMER4E

 Problem name: PALMER4E

 Double precision version will be formed

 The objective function uses 23 nonlinear groups
 
 There are 7 free variables
 There is 1 variable bounded only from below 
 
 
 File successfully decoded
/home/abel/documentos/dcicpp-newrun/output-dcicpp-fast-2016-11-24--13:29
No tools
make: *** No rule to make target 'dcicpp'.  Stop.
Starting
Solving
ekpp/ek = 7.83363
ekpp/ekp = 2.86548
ekpp/ek = 2.75427
ekpp/ekp = 0.96119
ekpp/ek = 0.885317
ekpp/ekp = 0.921064
ekpp/ek = 0.92513
ekpp/ekp = 1.00442
ekpp/ek = 1.1263
ekpp/ekp = 1.12135
ekpp/ek = 1.30657
ekpp/ekp = 1.16518
ekpp/ek = 1.20257
ekpp/ekp = 1.03209
ekpp/ek = 1.0415
ekpp/ekp = 1.00911
Showing
**********************************************************
Problem name: PALMER4E

Number of Variables: 8
Number of Constraints: 0
             Equality: 0
           has_inequality: 0

EXIT: The Algorithm has Converged
f(x) = 0.065269
|c(x)| = 0
|g(x) + J(x)'*y| = 1.8941e-07
y offset = 0
Number of Iterations = 11
Elapsed Time = 0.00105381 s
Normal iterations = 0
Average number of normal iterations = 0
Maximum number of normal iterations during one iteration = 0
Iterations with 0  normal iterations = 11
Iterations with 1  normal iteration  = 0
Iterations with 2+ normal iterations = 0
Restorations = 0
Average number of restorations per normal iteration = NA
**********************************************************
Done
Setup time: 0.003333
Execution time: 0.003333
