sifdecoder -A pc64.lnx.gfo  PENTAGON

 Problem name: PENTAGON

 Double precision version will be formed

 The objective function uses 1 nonlinear group
 
 There are 15 linear inequality constraints
 
 There are 6 free variables
 
 
 File successfully decoded
/home/abel/documentos/dcicpp-newrun/output-dcicpp-fast-2016-11-24--13:29
No tools
make: *** No rule to make target 'dcicpp'.  Stop.
NOPE preprocessing removed 3 contraints
Starting
Solving
ekpp/ek = 0.789175
ekpp/ekp = 1.03835
ekpp/ek = 1.08177
ekpp/ekp = 1.04181
ekpp/ek = 1.08459
ekpp/ekp = 1.04106
ekpp/ek = 1.08101
ekpp/ekp = 1.03838
ekpp/ek = 1.09153
ekpp/ekp = 1.05119
ekpp/ek = 1.10059
ekpp/ekp = 1.047
ekpp/ek = 1.09058
ekpp/ekp = 1.04162
ekpp/ek = 1.07325
ekpp/ekp = 1.03036
ekpp/ek = 1.03316
ekpp/ekp = 1.00272
Showing
**********************************************************
Problem name: PENTAGON

Number of Variables: 6
Number of Constraints: 12
             Equality: 0
           has_inequality: 12

EXIT: The Algorithm has Converged
f(x) = 0.00013798
|c(x)| = 9.59732e-07
|g(x) + J(x)'*y| = 8.61921e-07
y offset = 4.60844e-07
Number of Iterations = 12
Elapsed Time = 0.00235772 s
Normal iterations = 8
Average number of normal iterations = 0.666667
Maximum number of normal iterations during one iteration = 1
Iterations with 0  normal iterations = 4
Iterations with 1  normal iteration  = 8
Iterations with 2+ normal iterations = 0
Restorations = 120
Average number of restorations per normal iteration = 15
**********************************************************
Done
Setup time: 0
Execution time: 0.01
