sifdecoder -A pc64.lnx.gfo  PFIT3LS

 Problem name: PFIT3LS

 Double precision version will be formed

 The objective function uses 3 nonlinear groups
 
 There are 2 free variables
 There is 1 variable bounded only from below 
 
 
 File successfully decoded
/home/abel/documentos/dcicpp-newrun/output-dcicpp-fast-2016-11-24--13:29
No tools
make: *** No rule to make target 'dcicpp'.  Stop.
Starting
Solving
ekpp/ek = 1.00273
ekpp/ekp = 1.0024
ekpp/ek = 1.00243
ekpp/ekp = 1.00004
ekpp/ek = 0.999749
ekpp/ekp = 0.999712
ekpp/ek = 0.99969
ekpp/ekp = 0.999978
ekpp/ek = 0.999911
ekpp/ekp = 0.999933
ekpp/ek = 0.999797
ekpp/ekp = 0.999864
ekpp/ek = 0.99987
ekpp/ekp = 1.00001
ekpp/ek = 1
ekpp/ekp = 0.999998
ekpp/ek = 1.00003
ekpp/ekp = 1.00003
ekpp/ek = 1.00007
ekpp/ekp = 1.00004
ekpp/ek = 1.00011
ekpp/ekp = 1.00007
ekpp/ek = 1.00028
ekpp/ekp = 1.00022
ekpp/ek = 0.992319
ekpp/ekp = 0.992105
ekpp/ek = 0.983209
ekpp/ekp = 0.991033
ekpp/ek = 0.99134
ekpp/ekp = 1.00031
ekpp/ek = 1.00119
ekpp/ekp = 1.00088
ekpp/ek = 0.993041
ekpp/ekp = 0.992169
ekpp/ek = 0.970423
ekpp/ekp = 0.978082
ekpp/ek = 0.922013
ekpp/ekp = 0.942675
ekpp/ek = 0.893223
ekpp/ekp = 0.947541
ekpp/ek = 0.857046
ekpp/ekp = 0.904495
ekpp/ek = 0.905519
ekpp/ekp = 1.00113
ekpp/ek = 1.00221
ekpp/ekp = 1.00108
ekpp/ek = 1.0039
ekpp/ekp = 1.00282
ekpp/ek = 0.999396
ekpp/ekp = 0.996583
ekpp/ek = 0.983781
ekpp/ekp = 0.987154
ekpp/ek = 0.950032
ekpp/ekp = 0.962395
ekpp/ek = 0.931711
ekpp/ekp = 0.968116
ekpp/ek = 0.938218
ekpp/ekp = 0.969117
ekpp/ek = 0.971342
ekpp/ekp = 1.0023
ekpp/ek = 0.971533
ekpp/ekp = 0.969308
ekpp/ek = 0.970127
ekpp/ekp = 1.00085
ekpp/ek = 0.977586
ekpp/ekp = 0.97676
ekpp/ek = 0.976778
ekpp/ekp = 1.00002
ekpp/ek = 1.00011
ekpp/ekp = 1.0001
ekpp/ek = 1.0001
ekpp/ekp = 1
Showing
**********************************************************
Problem name: PFIT3LS 

Number of Variables: 3
Number of Constraints: 0
             Equality: 0
           has_inequality: 0

EXIT: The Algorithm has Converged
f(x) = 0.045865
|c(x)| = 0
|g(x) + J(x)'*y| = 9.41307e-08
y offset = 0
Number of Iterations = 39
Elapsed Time = 0.00078249 s
Normal iterations = 0
Average number of normal iterations = 0
Maximum number of normal iterations during one iteration = 0
Iterations with 0  normal iterations = 39
Iterations with 1  normal iteration  = 0
Iterations with 2+ normal iterations = 0
Restorations = 0
Average number of restorations per normal iteration = NA
**********************************************************
Done
Setup time: 0.003333
Execution time: 0.003333
