sifdecoder -A pc64.lnx.gfo  POLAK3

 Problem name: POLAK3

 Double precision version will be formed

 The objective function uses 1 linear group
 
 There are 10 nonlinear inequality constraints
 
 There are 12 free variables
 
 
 File successfully decoded
/home/abel/documentos/dcicpp-newrun/output-dcicpp-fast-2016-11-24--13:29
No tools
make: *** No rule to make target 'dcicpp'.  Stop.
Starting
Solving
ekpp/ek = 1.31372
ekpp/ekp = 0.987983
ekpp/ek = 0.87615
ekpp/ekp = 0.886806
ekpp/ek = 1.02872
ekpp/ekp = 1.16002
ekpp/ek = 1.14997
ekpp/ekp = 0.991338
ekpp/ek = 0.982821
ekpp/ekp = 0.991409
ekpp/ek = 0.97436
ekpp/ekp = 0.982802
ekpp/ek = 1.00429
ekpp/ekp = 1.02186
ekpp/ek = 1.01535
ekpp/ekp = 0.993628
ekpp/ek = 1.00211
ekpp/ekp = 1.00853
ekpp/ek = 1.01372
ekpp/ekp = 1.00514
ekpp/ek = 1.00154
ekpp/ekp = 0.996412
ekpp/ek = 1.00597
ekpp/ekp = 1.00959
ekpp/ek = 1.0098
ekpp/ekp = 1.00021
ekpp/ek = 0.994014
ekpp/ekp = 0.99381
ekpp/ek = 0.997504
ekpp/ekp = 1.00372
ekpp/ek = 1.00291
ekpp/ekp = 0.9992
ekpp/ek = 0.999726
ekpp/ekp = 1.00053
ekpp/ek = 1.00102
ekpp/ekp = 1.00049
ekpp/ek = 1.00057
ekpp/ekp = 1.00008
ekpp/ek = 1.00008
ekpp/ekp = 1
Showing
**********************************************************
Problem name: POLAK3  

Number of Variables: 12
Number of Constraints: 10
             Equality: 0
           has_inequality: 10

EXIT: The Algorithm has Converged
f(x) = 5.933
|c(x)| = 2.16333e-07
|g(x) + J(x)'*y| = 8.09696e-08
y offset = 3.04878e-08
Number of Iterations = 23
Elapsed Time = 0.0353549 s
Normal iterations = 19
Average number of normal iterations = 0.826087
Maximum number of normal iterations during one iteration = 3
Iterations with 0  normal iterations = 7
Iterations with 1  normal iteration  = 14
Iterations with 2+ normal iterations = 2
Restorations = 681
Average number of restorations per normal iteration = 35
**********************************************************
Done
Setup time: 0.003333
Execution time: 0.136666
