sifdecoder -A pc64.lnx.gfo  PRIMAL1

 Problem name: PRIMAL1

 Double precision version will be formed

 The objective function uses 1 nonlinear group
 
 There are 85 linear inequality constraints
 
 There are 324 free variables
 There is 1 variable bounded only from below 
 
 
 File successfully decoded
/home/abel/documentos/dcicpp-newrun/output-dcicpp-fast-2016-11-24--13:29
No tools
make: *** No rule to make target 'dcicpp'.  Stop.
Starting
Solving
ekpp/ek = 0.99974
ekpp/ekp = 0.999935
ekpp/ek = 1.00038
ekpp/ekp = 1.00044
ekpp/ek = 0.999943
ekpp/ekp = 0.999498
ekpp/ek = 0.999567
ekpp/ekp = 1.00007
ekpp/ek = 0.999988
ekpp/ekp = 0.99992
ekpp/ek = 0.999926
ekpp/ekp = 1.00001
ekpp/ek = 0.999997
ekpp/ekp = 0.99999
Showing
**********************************************************
Problem name: PRIMAL1 

Number of Variables: 325
Number of Constraints: 85
             Equality: 0
           has_inequality: 85

EXIT: The Algorithm has Converged
f(x) = -0.0344731
|c(x)| = 5.97803e-11
|g(x) + J(x)'*y| = 4.27178e-07
y offset = 6.27468e-05
Number of Iterations = 10
Elapsed Time = 0.0196445 s
Normal iterations = 1
Average number of normal iterations = 0.1
Maximum number of normal iterations during one iteration = 1
Iterations with 0  normal iterations = 9
Iterations with 1  normal iteration  = 1
Iterations with 2+ normal iterations = 0
Restorations = 1
Average number of restorations per normal iteration = 1
**********************************************************
Done
Setup time: 0.009999
Execution time: 0.08
