sifdecoder -A pc64.lnx.gfo  PRIMALC2

 Problem name: PRIMALC2

 Double precision version will be formed

 The objective function uses 1 nonlinear group
 
 There are 7 linear inequality constraints
 
 There are 2 free variables
 There are 229 variables bounded only from below 
 
 
 File successfully decoded
/home/abel/documentos/dcicpp-newrun/output-dcicpp-fast-2016-11-24--13:29
No tools
make: *** No rule to make target 'dcicpp'.  Stop.
Starting
Solving
ekpp/ek = 1.09888
ekpp/ekp = 0.963178
ekpp/ek = 0.898956
ekpp/ekp = 0.933323
ekpp/ek = 0.917237
ekpp/ekp = 0.982765
ekpp/ek = 0.981597
ekpp/ekp = 0.998811
ekpp/ek = 1.36927
ekpp/ekp = 1.3709
ekpp/ek = 95.1939
ekpp/ekp = 69.4389
ekpp/ek = 69.8327
ekpp/ekp = 1.00567
ekpp/ek = 1.00877
ekpp/ekp = 1.00308
ekpp/ek = 1.00632
ekpp/ekp = 1.00323
ekpp/ek = 3.06586
ekpp/ekp = 3.056
ekpp/ek = 3.0561
ekpp/ekp = 1.00003
ekpp/ek = 1.00004
ekpp/ekp = 1.00001
ekpp/ek = 1.00001
ekpp/ekp = 1
Showing
**********************************************************
Problem name: PRIMALC2

Number of Variables: 231
Number of Constraints: 7
             Equality: 0
           has_inequality: 7

EXIT: The Algorithm has Converged
f(x) = -3519.85
|c(x)| = 9.76966e-07
|g(x) + J(x)'*y| = 1.63188e-07
y offset = 0
Number of Iterations = 16
Elapsed Time = 0.0123794 s
Normal iterations = 2
Average number of normal iterations = 0.125
Maximum number of normal iterations during one iteration = 1
Iterations with 0  normal iterations = 14
Iterations with 1  normal iteration  = 2
Iterations with 2+ normal iterations = 0
Restorations = 27
Average number of restorations per normal iteration = 13
**********************************************************
Done
Setup time: 0.003333
Execution time: 0.049999
