sifdecoder -A pc64.lnx.gfo  PRIMAL2

 Problem name: PRIMAL2

 Double precision version will be formed

 The objective function uses 1 nonlinear group
 
 There are 96 linear inequality constraints
 
 There are 648 free variables
 There is 1 variable bounded only from below 
 
 
 File successfully decoded
/home/abel/documentos/dcicpp-newrun/output-dcicpp-fast-2016-11-24--13:29
No tools
make: *** No rule to make target 'dcicpp'.  Stop.
Starting
Solving
ekpp/ek = 0.999924
ekpp/ekp = 0.999969
ekpp/ek = 0.999947
ekpp/ekp = 0.999977
ekpp/ek = 0.99997
ekpp/ekp = 0.999993
ekpp/ek = 0.999993
ekpp/ekp = 1
Showing
**********************************************************
Problem name: PRIMAL2 

Number of Variables: 649
Number of Constraints: 96
             Equality: 0
           has_inequality: 96

EXIT: The Algorithm has Converged
f(x) = -0.0331917
|c(x)| = 1.99228e-11
|g(x) + J(x)'*y| = 2.57639e-07
y offset = 4.18441e-06
Number of Iterations = 7
Elapsed Time = 0.0229077 s
Normal iterations = 1
Average number of normal iterations = 0.142857
Maximum number of normal iterations during one iteration = 1
Iterations with 0  normal iterations = 6
Iterations with 1  normal iteration  = 1
Iterations with 2+ normal iterations = 0
Restorations = 1
Average number of restorations per normal iteration = 1
**********************************************************
Done
Setup time: 0.016666
Execution time: 0.09
