sifdecoder -A pc64.lnx.gfo  PRODPL0

 Problem name: PRODPL0

 Double precision version will be formed

 The objective function uses 1 linear group
 
 There are 20 linear equality constraints
 There are 5 linear inequality constraints
 There are 4 nonlinear inequality constraints
 
 There are 60 variables bounded only from below 
 
 
 File successfully decoded
/home/abel/documentos/dcicpp-newrun/output-dcicpp-fast-2016-11-24--13:29
No tools
make: *** No rule to make target 'dcicpp'.  Stop.
Starting
Solving
ekpp/ek = 1.54848
ekpp/ekp = 1.0751
ekpp/ek = 1.11676
ekpp/ekp = 1.03875
ekpp/ek = 1.04522
ekpp/ekp = 1.00623
ekpp/ek = 1.01548
ekpp/ekp = 1.0092
ekpp/ek = 1.01861
ekpp/ekp = 1.00932
ekpp/ek = 1.00814
ekpp/ekp = 0.998833
ekpp/ek = 0.991824
ekpp/ekp = 0.992982
ekpp/ek = 0.993013
ekpp/ekp = 1.00003
ekpp/ek = 1.00025
ekpp/ekp = 1.00022
ekpp/ek = 1.00141
ekpp/ekp = 1.0012
ekpp/ek = 1.00172
ekpp/ekp = 1.00052
ekpp/ek = 1.00062
ekpp/ekp = 1.0001
ekpp/ek = 1.00012
ekpp/ekp = 1.00002
ekpp/ek = 1.00002
ekpp/ekp = 1.00001
ekpp/ek = 1.00001
ekpp/ekp = 1
Showing
**********************************************************
Problem name: PRODPL0 

Number of Variables: 60
Number of Constraints: 29
             Equality: 20
           has_inequality: 9

EXIT: The Algorithm has Converged
f(x) = 58.7901
|c(x)| = 1.38284e-08
|g(x) + J(x)'*y| = 3.97044e-07
y offset = 0
Number of Iterations = 18
Elapsed Time = 0.0121958 s
Normal iterations = 8
Average number of normal iterations = 0.444444
Maximum number of normal iterations during one iteration = 1
Iterations with 0  normal iterations = 10
Iterations with 1  normal iteration  = 8
Iterations with 2+ normal iterations = 0
Restorations = 255
Average number of restorations per normal iteration = 31
**********************************************************
Done
Setup time: 0.003333
Execution time: 0.049999
