sifdecoder -A pc64.lnx.gfo  S368

 Problem name: S368

 Double precision version will be formed

 The objective function uses 128 nonlinear groups
 
 There are 8 variables bounded from below and above 
 
 
 File successfully decoded
/home/abel/documentos/dcicpp-newrun/output-dcicpp-fast-2016-11-24--13:29
No tools
make: *** No rule to make target 'dcicpp'.  Stop.
Starting
Solving
ekpp/ek = 1.00207
ekpp/ekp = 0.966351
ekpp/ek = 0.818598
ekpp/ekp = 0.847102
ekpp/ek = 0.802181
ekpp/ekp = 0.946971
ekpp/ek = 0.951783
ekpp/ekp = 1.00508
ekpp/ek = 1.00505
ekpp/ekp = 0.999971
Showing
**********************************************************
Problem name: S368    

Number of Variables: 8
Number of Constraints: 0
             Equality: 0
           has_inequality: 0

EXIT: The Algorithm has Converged
f(x) = -0.749999
|c(x)| = 0
|g(x) + J(x)'*y| = 8.97142e-08
y offset = 0
Number of Iterations = 8
Elapsed Time = 0.00064683 s
Normal iterations = 0
Average number of normal iterations = 0
Maximum number of normal iterations during one iteration = 0
Iterations with 0  normal iterations = 8
Iterations with 1  normal iteration  = 0
Iterations with 2+ normal iterations = 0
Restorations = 0
Average number of restorations per normal iteration = NA
**********************************************************
Done
Setup time: 0.003333
Execution time: -5.66244e-13
