sifdecoder -A pc64.lnx.gfo  SROSENBR

 Problem name: SROSENBR

 Double precision version will be formed

 The objective function uses 5000 nonlinear groups
 
 There are 5000 free variables
 
 
 File successfully decoded
/home/abel/documentos/dcicpp-newrun/output-dcicpp-fast-2016-11-24--13:29
No tools
make: *** No rule to make target 'dcicpp'.  Stop.
Starting
Solving
ekpp/ek = 0.457272
ekpp/ekp = 0.541023
ekpp/ek = 0.264276
ekpp/ekp = 0.488475
ekpp/ek = 0.151728
ekpp/ekp = 0.310615
ekpp/ek = 0.0543339
ekpp/ekp = 0.174924
ekpp/ek = 0.00524144
ekpp/ekp = 0.0299641
ekpp/ek = 0.0299474
ekpp/ekp = 0.999442
Showing
**********************************************************
Problem name: SROSENBR

Number of Variables: 5000
Number of Constraints: 0
             Equality: 0
           has_inequality: 0

EXIT: The Algorithm has Converged
f(x) = 1.50334e-05
|c(x)| = 0
|g(x) + J(x)'*y| = 7.14604e-08
y offset = 0
Number of Iterations = 9
Elapsed Time = 0.0236769 s
Normal iterations = 0
Average number of normal iterations = 0
Maximum number of normal iterations during one iteration = 0
Iterations with 0  normal iterations = 9
Iterations with 1  normal iteration  = 0
Iterations with 2+ normal iterations = 0
Restorations = 0
Average number of restorations per normal iteration = NA
**********************************************************
Done
Setup time: 0.069999
Execution time: 0.08
