sifdecoder -A pc64.lnx.gfo  STNQP1

 Problem name: STNQP1

 Double precision version will be formed

 The objective function uses 16383 nonlinear groups
 
 There are 4095 linear equality constraints
 
 There are 8193 variables bounded from below and above 
 
 
 File successfully decoded
/home/abel/documentos/dcicpp-newrun/output-dcicpp-fast-2016-11-24--13:29
No tools
make: *** No rule to make target 'dcicpp'.  Stop.
NOPE preprocessing removed 1771 variables
NOPE preprocessing removed 4095 contraints
Starting
Solving
ekpp/ek = 1.06551
ekpp/ekp = 1.07788
ekpp/ek = 1.37595
ekpp/ekp = 1.27653
ekpp/ek = 1.75989
ekpp/ekp = 1.37866
ekpp/ek = 1.77767
ekpp/ekp = 1.28942
ekpp/ek = 1.0848
ekpp/ekp = 0.841312
ekpp/ek = 0.857069
ekpp/ekp = 1.01873
ekpp/ek = 1.00425
ekpp/ekp = 0.985786
Showing
**********************************************************
Problem name: STNQP1  

Number of Variables: 6422
Number of Constraints: 0
             Equality: 0
           has_inequality: 0

EXIT: The Algorithm has Converged
f(x) = -311701
|c(x)| = 0
|g(x) + J(x)'*y| = 6.66138e-07
y offset = 0
Number of Iterations = 10
Elapsed Time = 0.0665343 s
Normal iterations = 0
Average number of normal iterations = 0
Maximum number of normal iterations during one iteration = 0
Iterations with 0  normal iterations = 10
Iterations with 1  normal iteration  = 0
Iterations with 2+ normal iterations = 0
Restorations = 0
Average number of restorations per normal iteration = NA
**********************************************************
Done
Setup time: 0.309999
Execution time: 0.396667
