sifdecoder -A pc64.lnx.gfo  TRIMLOSS

 Problem name: TRIMLOSS

 Double precision version will be formed

 The objective function uses 1 linear group
 
 There are 20 linear equality constraints
 There are 51 linear inequality constraints
 There are 4 nonlinear inequality constraints
 
 There are 20 variables bounded only from below 
 There are 122 variables bounded from below and above 
 
 
 File successfully decoded
/home/abel/documentos/dcicpp-newrun/output-dcicpp-fast-2016-11-24--13:29
No tools
make: *** No rule to make target 'dcicpp'.  Stop.
Starting
Solving
ekpp/ek = 1.06514
ekpp/ekp = 1.06242
ekpp/ek = 1.22964
ekpp/ekp = 1.15739
ekpp/ek = 1.26472
ekpp/ekp = 1.09274
ekpp/ek = 1.16536
ekpp/ekp = 1.06646
ekpp/ek = 1.10839
ekpp/ekp = 1.03931
ekpp/ek = 1.07035
ekpp/ekp = 1.02986
ekpp/ek = 1.11787
ekpp/ekp = 1.08545
ekpp/ek = 1.19834
ekpp/ekp = 1.104
ekpp/ek = 1.14347
ekpp/ekp = 1.03575
ekpp/ek = 1.06248
ekpp/ekp = 1.02581
ekpp/ek = 1.0546
ekpp/ekp = 1.02806
ekpp/ek = 1.05684
ekpp/ekp = 1.02799
ekpp/ek = 1.05662
ekpp/ekp = 1.02786
ekpp/ek = 1.09994
ekpp/ekp = 1.07013
ekpp/ek = 1.23996
ekpp/ekp = 1.1587
ekpp/ek = 1.24528
ekpp/ekp = 1.07472
ekpp/ek = 1.0988
ekpp/ekp = 1.0224
ekpp/ek = 1.05045
ekpp/ekp = 1.02743
ekpp/ek = 1.04169
ekpp/ekp = 1.01387
ekpp/ek = 1.02592
ekpp/ekp = 1.01188
ekpp/ek = 1.01496
ekpp/ekp = 1.00304
Showing
**********************************************************
Problem name: TRIMLOSS

Number of Variables: 142
Number of Constraints: 75
             Equality: 20
           has_inequality: 55

EXIT: The Algorithm has Converged
f(x) = 9.0601
|c(x)| = 7.4385e-07
|g(x) + J(x)'*y| = 2.15214e-07
y offset = 1.4205e-07
Number of Iterations = 24
Elapsed Time = 0.0386353 s
Normal iterations = 17
Average number of normal iterations = 0.708333
Maximum number of normal iterations during one iteration = 3
Iterations with 0  normal iterations = 9
Iterations with 1  normal iteration  = 14
Iterations with 2+ normal iterations = 1
Restorations = 175
Average number of restorations per normal iteration = 10
**********************************************************
Done
Setup time: 0
Execution time: 0.156666
