sifdecoder -A pc64.lnx.gfo  TRUSPYR1

 Problem name: TRUSPYR1

 Double precision version will be formed

 The objective function uses 1 linear group
 
 There is 1 linear inequality constraint
 There are 3 nonlinear equality constraints
 
 There are 3 free variables
 There are 8 variables bounded only from below 
 
 
 File successfully decoded
/home/abel/documentos/dcicpp-newrun/output-dcicpp-fast-2016-11-24--13:29
No tools
make: *** No rule to make target 'dcicpp'.  Stop.
Starting
Solving
ekpp/ek = 11.9006
ekpp/ekp = 5.39674
ekpp/ek = 5.02486
ekpp/ekp = 0.931093
ekpp/ek = 0.981183
ekpp/ekp = 1.0538
ekpp/ek = 1.07834
ekpp/ekp = 1.02329
ekpp/ek = 1.0127
ekpp/ekp = 0.989657
ekpp/ek = 0.989061
ekpp/ekp = 0.999398
Showing
**********************************************************
Problem name: TRUSPYR1

Number of Variables: 11
Number of Constraints: 4
             Equality: 3
           has_inequality: 1

EXIT: The Algorithm has Converged
f(x) = 11.2289
|c(x)| = 9.28924e-07
|g(x) + J(x)'*y| = 5.05448e-07
y offset = 0
Number of Iterations = 9
Elapsed Time = 0.0123458 s
Normal iterations = 10
Average number of normal iterations = 1.11111
Maximum number of normal iterations during one iteration = 3
Iterations with 0  normal iterations = 1
Iterations with 1  normal iteration  = 7
Iterations with 2+ normal iterations = 1
Restorations = 1022
Average number of restorations per normal iteration = 102
**********************************************************
Done
Setup time: 0.003333
Execution time: 0.049999
