sifdecoder -A pc64.lnx.gfo  WATER

 Problem name: WATER

 Double precision version will be formed

 The objective function uses 1 linear group
 The objective function uses 8 nonlinear groups
 
 There are 10 linear equality constraints
 
 There are 31 variables bounded from below and above 
 
 
 File successfully decoded
/home/abel/documentos/dcicpp-newrun/output-dcicpp-fast-2016-11-24--13:29
No tools
make: *** No rule to make target 'dcicpp'.  Stop.
Starting
diagonal below threshold
Status = 2
File   = ../Core/cholmod_common.c
Line   = 719
Solving
ekpp/ek = 1.04516
ekpp/ekp = 1.00738
ekpp/ek = 1.23234
ekpp/ekp = 1.22331
ekpp/ek = 1.14139
ekpp/ekp = 0.933033
ekpp/ek = 0.932149
ekpp/ekp = 0.999053
ekpp/ek = 0.999121
ekpp/ekp = 1.00007
ekpp/ek = 1.00001
ekpp/ekp = 0.999943
ekpp/ek = 0.999939
ekpp/ekp = 0.999995
ekpp/ek = 0.997736
ekpp/ekp = 0.997741
diagonal below threshold
Status = 2
File   = ../Core/cholmod_common.c
Line   = 719
ekpp/ek = 0.99287
ekpp/ekp = 0.995118
ekpp/ek = 0.958359
ekpp/ekp = 0.963061
ekpp/ek = 0.961045
ekpp/ekp = 0.997907
ekpp/ek = 0.9979
ekpp/ekp = 0.999993
Showing
**********************************************************
Problem name: WATER   

Number of Variables: 31
Number of Constraints: 10
             Equality: 10
           has_inequality: 0

EXIT: The Algorithm has Converged
Cholesky failed
f(x) = 10549.4
|c(x)| = 9.96519e-07
|g(x) + J(x)'*y| = 7.16508e-07
y offset = 0
Number of Iterations = 15
Elapsed Time = 0.00503945 s
Normal iterations = 4
Average number of normal iterations = 0.266667
Maximum number of normal iterations during one iteration = 1
Iterations with 0  normal iterations = 11
Iterations with 1  normal iteration  = 4
Iterations with 2+ normal iterations = 0
Restorations = 209
Average number of restorations per normal iteration = 52
**********************************************************
Done
Setup time: 0.003333
Execution time: 0.019999
