sifdecoder -A pc64.lnx.gfo  ZECEVIC4

 Problem name: ZECEVIC4

 Double precision version will be formed

 The objective function uses 1 nonlinear group
 
 There is 1 linear inequality constraint
 There is 1 nonlinear inequality constraint
 
 There are 2 variables bounded from below and above 
 
 
 File successfully decoded
/home/abel/documentos/dcicpp-newrun/output-dcicpp-fast-2016-11-24--13:29
No tools
make: *** No rule to make target 'dcicpp'.  Stop.
Starting
Solving
ekpp/ek = 1.55874
ekpp/ekp = 1.55909
ekpp/ek = 1.79509
ekpp/ekp = 1.15137
ekpp/ek = 1.14703
ekpp/ekp = 0.996224
ekpp/ek = 1.00296
ekpp/ekp = 1.00676
ekpp/ek = 0.990935
ekpp/ekp = 0.984277
ekpp/ek = 0.984299
ekpp/ekp = 1.00002
ekpp/ek = 1.00002
ekpp/ekp = 1
Showing
**********************************************************
Problem name: ZECEVIC4

Number of Variables: 2
Number of Constraints: 2
             Equality: 0
           has_inequality: 2

EXIT: The Algorithm has Converged
f(x) = 7.55751
|c(x)| = 9.30503e-07
|g(x) + J(x)'*y| = 6.03533e-12
y offset = 0
Number of Iterations = 10
Elapsed Time = 0.00153756 s
Normal iterations = 8
Average number of normal iterations = 0.8
Maximum number of normal iterations during one iteration = 1
Iterations with 0  normal iterations = 2
Iterations with 1  normal iteration  = 8
Iterations with 2+ normal iterations = 0
Restorations = 168
Average number of restorations per normal iteration = 21
**********************************************************
Done
Setup time: 0.003333
Execution time: 0.003333
