sifdecoder -A pc64.lnx.gfo  ACOPR57

 Problem name: ACOPR57

 Double precision version will be formed

 The objective function uses 2 linear groups
 
 There are 114 nonlinear equality constraints
 There are 217 nonlinear inequality constraints
 
 There are 114 free variables
 There are 14 variables bounded from below and above 
 
 
 File successfully decoded
/home/abel/documentos/dcicpp-newrun/output-fast-2016-11-14--22:05
No tools
make: *** No rule to make target 'dcicpp'.  Stop.
Starting
Solving
Showing
**********************************************************
Problem name: ACOPR57 

Number of Variables: 128
Number of Constraints: 331
             Equality: 114
           has_inequality: 217

EXIT: The Algorithm has Converged
f(x) = 41737.8
|c(x)| = 1.95801e-07
|g(x) + J(x)'*y| = 8.15694e-08
y offset = 0.0216724
Number of Iterations = 93
Elapsed Time = 0.329823 s
Normal iterations = 14
Average number of normal iterations = 0.150538
Maximum number of normal iterations during one iteration = 1
Iterations with 0  normal iterations = 79
Iterations with 1  normal iteration  = 14
Iterations with 2+ normal iterations = 0
Restorations = 130
Average number of restorations per normal iteration = 9
**********************************************************
Done
Setup time: 0.023332
Execution time: 0.566667
