sifdecoder -A pc64.lnx.gfo  AVGASB

 Problem name: AVGASB

 Double precision version will be formed

 The objective function uses 1 nonlinear group
 
 There are 10 linear inequality constraints
 
 There are 8 variables bounded from below and above 
 
 
 File successfully decoded
/home/abel/documentos/dcicpp-newrun/output-fast-2016-11-14--22:05
No tools
make: *** No rule to make target 'dcicpp'.  Stop.
Starting
Solving
Showing
**********************************************************
Problem name: AVGASB  

Number of Variables: 8
Number of Constraints: 10
             Equality: 0
           has_inequality: 10

EXIT: The Algorithm has Converged
f(x) = -4.71918
|c(x)| = 9.84943e-07
|g(x) + J(x)'*y| = 5.87873e-08
y offset = 1.54621e-07
Number of Iterations = 13
Elapsed Time = 0.00973392 s
Normal iterations = 15
Average number of normal iterations = 1.15385
Maximum number of normal iterations during one iteration = 2
Iterations with 0  normal iterations = 1
Iterations with 1  normal iteration  = 9
Iterations with 2+ normal iterations = 3
Restorations = 619
Average number of restorations per normal iteration = 41
**********************************************************
Done
Setup time: 0.003333
Execution time: 0.036666
