sifdecoder -A pc64.lnx.gfo  BOX2

 Problem name: BOX2

 Double precision version will be formed

 The objective function uses 10 nonlinear groups
 
 There are 2 free variables
 There is 1 fixed variable
 
 
 File successfully decoded
/home/abel/documentos/dcicpp-newrun/output-fast-2016-11-14--22:05
No tools
make: *** No rule to make target 'dcicpp'.  Stop.
NOPE preprocessing removed 1 variables
Starting
Solving
Showing
**********************************************************
Problem name: BOX2    

Number of Variables: 2
Number of Constraints: 0
             Equality: 0
           has_inequality: 0

EXIT: The Algorithm has Converged
f(x) = 4.23362e-12
|c(x)| = 0
|g(x) + J(x)'*y| = 7.11151e-07
y offset = 0
Number of Iterations = 6
Elapsed Time = 0.000404358 s
/home/abel/projetos/linux-cutest/cutest/bin/rundcicpp: line 240: 18239 Floating point exception(core dumped) ${EXEC}/run_${PACKAGE}
