sifdecoder -A pc64.lnx.gfo  BQPGASIM

 Problem name: BQPGASIM

 Double precision version will be formed

 The objective function uses 1 nonlinear group
 
 There are 50 variables bounded from below and above 
 
 
 File successfully decoded
/home/abel/documentos/dcicpp-newrun/output-fast-2016-11-14--22:05
No tools
make: *** No rule to make target 'dcicpp'.  Stop.
Starting
Solving
Showing
**********************************************************
Problem name: BQPGASIM

Number of Variables: 50
Number of Constraints: 0
             Equality: 0
           has_inequality: 0

EXIT: The Algorithm has Converged
f(x) = -2.35327e-05
|c(x)| = 0
|g(x) + J(x)'*y| = 5.2417e-08
y offset = 0
Number of Iterations = 5
Elapsed Time = 0.000881672 s
/home/abel/projetos/linux-cutest/cutest/bin/rundcicpp: line 240: 18491 Floating point exception(core dumped) ${EXEC}/run_${PACKAGE}
