sifdecoder -A pc64.lnx.gfo  BROWNDEN

 Problem name: BROWNDEN

 Double precision version will be formed

 The objective function uses 20 nonlinear groups
 
 There are 4 free variables
 
 
 File successfully decoded
/home/abel/documentos/dcicpp-newrun/output-fast-2016-11-14--22:05
No tools
make: *** No rule to make target 'dcicpp'.  Stop.
Starting
Solving
Showing
**********************************************************
Problem name: BROWNDEN

Number of Variables: 4
Number of Constraints: 0
             Equality: 0
           has_inequality: 0

EXIT: The Algorithm has Converged
f(x) = 85822.2
|c(x)| = 0
|g(x) + J(x)'*y| = 3.92735e-09
y offset = 0
Number of Iterations = 8
Elapsed Time = 0.000285387 s
/home/abel/projetos/linux-cutest/cutest/bin/rundcicpp: line 240: 18823 Floating point exception(core dumped) ${EXEC}/run_${PACKAGE}
