sifdecoder -A pc64.lnx.gfo  CAMSHAPE

 Problem name: CAMSHAPE

 Double precision version will be formed

 The objective function uses 1 linear group
 
 There are 802 linear inequality constraints
 There are 801 nonlinear inequality constraints
 
 There are 800 variables bounded from below and above 
 
 
 File successfully decoded
/home/abel/documentos/dcicpp-newrun/output-fast-2016-11-14--22:05
No tools
make: *** No rule to make target 'dcicpp'.  Stop.
NOPE preprocessing removed 2 variables
NOPE preprocessing removed 3 contraints
Starting
Solving
diagonal below threshold
Status = 2
File   = ../Core/cholmod_common.c
Line   = 719
NormalFlag = 2
Showing
**********************************************************
Problem name: CAMSHAPE

Number of Variables: 798
Number of Constraints: 1600
             Equality: 0
           has_inequality: 1600

EXIT: Stopped at a stationary for the infeasibility
Cholesky failed
f(x) = -3.13792
|c(x)| = 2.43356
|g(x) + J(x)'*y| = 1.29715
y offset = 4.12467e+06
Number of Iterations = 1
Elapsed Time = 0.29901 s
Normal iterations = 1
Average number of normal iterations = 1
Maximum number of normal iterations during one iteration = 1
Iterations with 0  normal iterations = 0
Iterations with 1  normal iteration  = 1
Iterations with 2+ normal iterations = 0
Restorations = 216
Average number of restorations per normal iteration = 216
**********************************************************
Done
Setup time: 0.029999
Execution time: 0.52
