sifdecoder -A pc64.lnx.gfo  CHACONN2

 Problem name: CHACONN2

 Double precision version will be formed

 The objective function uses 1 linear group
 
 There are 3 nonlinear inequality constraints
 
 There are 3 free variables
 
 
 File successfully decoded
/home/abel/documentos/dcicpp-newrun/output-fast-2016-11-14--22:05
No tools
make: *** No rule to make target 'dcicpp'.  Stop.
Starting
Solving
Showing
**********************************************************
Problem name: CHACONN2

Number of Variables: 3
Number of Constraints: 3
             Equality: 0
           has_inequality: 3

EXIT: The Algorithm has Converged
f(x) = 2
|c(x)| = 9.81661e-07
|g(x) + J(x)'*y| = 1.6018e-09
y offset = 0
Number of Iterations = 5
Elapsed Time = 0.00181699 s
Normal iterations = 5
Average number of normal iterations = 1
Maximum number of normal iterations during one iteration = 2
Iterations with 0  normal iterations = 1
Iterations with 1  normal iteration  = 3
Iterations with 2+ normal iterations = 1
Restorations = 206
Average number of restorations per normal iteration = 41
**********************************************************
Done
Setup time: 0
Execution time: 0.006666
