sifdecoder -A pc64.lnx.gfo  CORE1

 Problem name: CORE1

 Double precision version will be formed

 The objective function uses 1 linear group
 
 There are 20 linear equality constraints
 There are 15 linear inequality constraints
 There are 21 nonlinear equality constraints
 There are 3 nonlinear inequality constraints
 
 There are 9 variables bounded only from below 
 There are 56 variables bounded from below and above 
 
 
 File successfully decoded
/home/abel/documentos/dcicpp-newrun/output-fast-2016-11-14--22:05
No tools
make: *** No rule to make target 'dcicpp'.  Stop.
NOPE preprocessing removed 9 contraints
Starting
Solving
Showing
**********************************************************
Problem name: CORE1   

Number of Variables: 65
Number of Constraints: 50
             Equality: 41
           has_inequality: 9

EXIT: The maximum number of restorarions was reached
f(x) = 94.1554
|c(x)| = 401.519
|g(x) + J(x)'*y| = 0.00230478
y offset = 0
Number of Iterations = 2
Elapsed Time = 0.127768 s
Normal iterations = 3
Average number of normal iterations = 1.5
Maximum number of normal iterations during one iteration = 2
Iterations with 0  normal iterations = 0
Iterations with 1  normal iteration  = 1
Iterations with 2+ normal iterations = 1
Restorations = 2126
Average number of restorations per normal iteration = 708
**********************************************************
Done
Setup time: 0.003333
Execution time: 0.383332
