sifdecoder -A pc64.lnx.gfo  DALLASS

 Problem name: DALLASS

 Double precision version will be formed

 The objective function uses 1 nonlinear group
 
 There are 31 linear equality constraints
 
 There are 46 variables bounded from below and above 
 
 
 File successfully decoded
/home/abel/documentos/dcicpp-newrun/output-fast-2016-11-14--22:05
No tools
make: *** No rule to make target 'dcicpp'.  Stop.
NOPE preprocessing removed 2 variables
NOPE preprocessing removed 2 contraints
Starting
Solving
diagonal below threshold
Status = 2
File   = ../Core/cholmod_common.c
Line   = 707
Showing
**********************************************************
Problem name: DALLASS 

Number of Variables: 44
Number of Constraints: 29
             Equality: 29
           has_inequality: 0

EXIT: The Algorithm has Converged
Cholesky failed
f(x) = 399953
|c(x)| = 9.6898e-07
|g(x) + J(x)'*y| = 7.43811e-08
y offset = 0
Number of Iterations = 57
Elapsed Time = 0.0181119 s
Normal iterations = 10
Average number of normal iterations = 0.175439
Maximum number of normal iterations during one iteration = 1
Iterations with 0  normal iterations = 47
Iterations with 1  normal iteration  = 10
Iterations with 2+ normal iterations = 0
Restorations = 348
Average number of restorations per normal iteration = 34
**********************************************************
Done
Setup time: 0.003333
Execution time: 0.073332
