sifdecoder -A pc64.lnx.gfo  DEGTRID2

 Problem name: DEGTRID2

 Double precision version will be formed

 The objective function uses 2 linear groups
 
 There are 100001 variables bounded only from below 
 
 
 File successfully decoded
/home/abel/documentos/dcicpp-newrun/output-fast-2016-11-14--22:05
No tools
make: *** No rule to make target 'dcicpp'.  Stop.
Starting
Solving
Showing
**********************************************************
Problem name: DEGTRID2

Number of Variables: 100001
Number of Constraints: 0
             Equality: 0
           has_inequality: 0

EXIT: The Algorithm has Converged
f(x) = -99999.5
|c(x)| = 0
|g(x) + J(x)'*y| = 2.56042e-07
y offset = 0
Number of Iterations = 8
Elapsed Time = 0.550345 s
/home/abel/projetos/linux-cutest/cutest/bin/rundcicpp: line 240: 21545 Floating point exception(core dumped) ${EXEC}/run_${PACKAGE}
