sifdecoder -A pc64.lnx.gfo  DIXMAANO

 Problem name: DIXMAANO

 Double precision version will be formed

 The objective function uses 4 nonlinear groups
 
 There are 3000 free variables
 
 
 File successfully decoded
/home/abel/documentos/dcicpp-newrun/output-fast-2016-11-14--22:05
No tools
make: *** No rule to make target 'dcicpp'.  Stop.
Starting
Solving
Showing
**********************************************************
Problem name: DIXMAANO

Number of Variables: 3000
Number of Constraints: 0
             Equality: 0
           has_inequality: 0

EXIT: The Algorithm has Converged
f(x) = 1.01044
|c(x)| = 0
|g(x) + J(x)'*y| = 5.95262e-07
y offset = 0
Number of Iterations = 13
Elapsed Time = 0.129192 s
/home/abel/projetos/linux-cutest/cutest/bin/rundcicpp: line 240: 22920 Floating point exception(core dumped) ${EXEC}/run_${PACKAGE}
