sifdecoder -A pc64.lnx.gfo  DUAL2

 Problem name: DUAL2

 Double precision version will be formed

 The objective function uses 1 nonlinear group
 
 There is 1 linear equality constraint
 
 There are 96 variables bounded from below and above 
 
 
 File successfully decoded
/home/abel/documentos/dcicpp-newrun/output-fast-2016-11-14--22:05
No tools
make: *** No rule to make target 'dcicpp'.  Stop.
Starting
Solving
Showing
**********************************************************
Problem name: DUAL2   

Number of Variables: 96
Number of Constraints: 1
             Equality: 1
           has_inequality: 0

EXIT: The Algorithm has Converged
f(x) = 0.0338734
|c(x)| = 7.5287e-16
|g(x) + J(x)'*y| = 9.77948e-08
y offset = 0
Number of Iterations = 7
Elapsed Time = 0.0373478 s
Normal iterations = 1
Average number of normal iterations = 0.142857
Maximum number of normal iterations during one iteration = 1
Iterations with 0  normal iterations = 6
Iterations with 1  normal iteration  = 1
Iterations with 2+ normal iterations = 0
Restorations = 1
Average number of restorations per normal iteration = 1
**********************************************************
Done
Setup time: 0.029999
Execution time: 0.146667
