sifdecoder -A pc64.lnx.gfo  DUAL3

 Problem name: DUAL3

 Double precision version will be formed

 The objective function uses 1 nonlinear group
 
 There is 1 linear equality constraint
 
 There are 111 variables bounded from below and above 
 
 
 File successfully decoded
/home/abel/documentos/dcicpp-newrun/output-fast-2016-11-14--22:05
No tools
make: *** No rule to make target 'dcicpp'.  Stop.
Starting
Solving
Showing
**********************************************************
Problem name: DUAL3   

Number of Variables: 111
Number of Constraints: 1
             Equality: 1
           has_inequality: 0

EXIT: The Algorithm has Converged
f(x) = 0.136818
|c(x)| = 7.0343e-16
|g(x) + J(x)'*y| = 9.05868e-08
y offset = 0
Number of Iterations = 10
Elapsed Time = 0.127855 s
Normal iterations = 1
Average number of normal iterations = 0.1
Maximum number of normal iterations during one iteration = 1
Iterations with 0  normal iterations = 9
Iterations with 1  normal iteration  = 1
Iterations with 2+ normal iterations = 0
Restorations = 1
Average number of restorations per normal iteration = 1
**********************************************************
Done
Setup time: 0.036666
Execution time: 0.353333
