sifdecoder -A pc64.lnx.gfo  FLT

 Problem name: FLT

 Double precision version will be formed

 The objective function uses 1 nonlinear group
 
 There are 2 nonlinear equality constraints
 
 There are 2 free variables
 
 
 File successfully decoded
/home/abel/documentos/dcicpp-newrun/output-fast-2016-11-14--22:05
No tools
make: *** No rule to make target 'dcicpp'.  Stop.
Starting
diagonal below threshold
Status = 2
File   = ../Core/cholmod_common.c
Line   = 719
Solving
Showing
**********************************************************
Problem name: FLT     

Number of Variables: 2
Number of Constraints: 2
             Equality: 2
           has_inequality: 0

EXIT: The Algorithm has Converged
Cholesky failed
f(x) = 0
|c(x)| = 5.92902e-07
|g(x) + J(x)'*y| = 0
y offset = 0
Number of Iterations = 2
Elapsed Time = 0.000325203 s
Normal iterations = 2
Average number of normal iterations = 1
Maximum number of normal iterations during one iteration = 2
Iterations with 0  normal iterations = 1
Iterations with 1  normal iteration  = 0
Iterations with 2+ normal iterations = 1
Restorations = 11
Average number of restorations per normal iteration = 5
**********************************************************
Done
Setup time: 0.003333
Execution time: -5.66244e-13
