sifdecoder -A pc64.lnx.gfo  GIGOMEZ1

 Problem name: GIGOMEZ1

 Double precision version will be formed

 The objective function uses 1 linear group
 
 There are 2 linear inequality constraints
 There is 1 nonlinear inequality constraint
 
 There are 3 free variables
 
 
 File successfully decoded
/home/abel/documentos/dcicpp-newrun/output-fast-2016-11-14--22:05
No tools
make: *** No rule to make target 'dcicpp'.  Stop.
Starting
Solving
Showing
**********************************************************
Problem name: GIGOMEZ1

Number of Variables: 3
Number of Constraints: 3
             Equality: 0
           has_inequality: 3

EXIT: The Algorithm has Converged
f(x) = 0.999999
|c(x)| = 9.7011e-07
|g(x) + J(x)'*y| = 1.81351e-10
y offset = 0
Number of Iterations = 5
Elapsed Time = 0.00235868 s
Normal iterations = 2
Average number of normal iterations = 0.4
Maximum number of normal iterations during one iteration = 1
Iterations with 0  normal iterations = 3
Iterations with 1  normal iteration  = 2
Iterations with 2+ normal iterations = 0
Restorations = 284
Average number of restorations per normal iteration = 142
**********************************************************
Done
Setup time: 0.003333
Execution time: 0.01
