sifdecoder -A pc64.lnx.gfo  GULF

 Problem name: GULF

 Double precision version will be formed

 The objective function uses 99 nonlinear groups
 
 There are 3 free variables
 
 
 File successfully decoded
/home/abel/documentos/dcicpp-newrun/output-fast-2016-11-14--22:05
No tools
make: *** No rule to make target 'dcicpp'.  Stop.
Starting
Solving
Showing
**********************************************************
Problem name: GULF    

Number of Variables: 3
Number of Constraints: 0
             Equality: 0
           has_inequality: 0

EXIT: The Algorithm has Converged
f(x) = 4.9574e-08
|c(x)| = 0
|g(x) + J(x)'*y| = 3.8355e-07
y offset = 0
Number of Iterations = 24
Elapsed Time = 0.0125666 s
/home/abel/projetos/linux-cutest/cutest/bin/rundcicpp: line 240: 26603 Floating point exception(core dumped) ${EXEC}/run_${PACKAGE}
