sifdecoder -A pc64.lnx.gfo  HATFLDE

 Problem name: HATFLDE

 Double precision version will be formed

 The objective function uses 21 nonlinear groups
 
 There are 3 free variables
 
 
 File successfully decoded
/home/abel/documentos/dcicpp-newrun/output-fast-2016-11-14--22:05
No tools
make: *** No rule to make target 'dcicpp'.  Stop.
Starting
Solving
Showing
**********************************************************
Problem name: HATFLDE 

Number of Variables: 3
Number of Constraints: 0
             Equality: 0
           has_inequality: 0

EXIT: The Algorithm has Converged
f(x) = 5.12087e-07
|c(x)| = 0
|g(x) + J(x)'*y| = 7.33148e-07
y offset = 0
Number of Iterations = 17
Elapsed Time = 0.00120568 s
/home/abel/projetos/linux-cutest/cutest/bin/rundcicpp: line 240: 27185 Floating point exception(core dumped) ${EXEC}/run_${PACKAGE}
