sifdecoder -A pc64.lnx.gfo  HILBERTA

 Problem name: HILBERTA

 Double precision version will be formed

 The objective function uses 3 nonlinear groups
 
 There are 2 free variables
 
 
 File successfully decoded
/home/abel/documentos/dcicpp-newrun/output-fast-2016-11-14--22:05
No tools
make: *** No rule to make target 'dcicpp'.  Stop.
Starting
Solving
Showing
**********************************************************
Problem name: HILBERTA

Number of Variables: 2
Number of Constraints: 0
             Equality: 0
           has_inequality: 0

EXIT: The Algorithm has Converged
f(x) = 1.7092e-30
|c(x)| = 0
|g(x) + J(x)'*y| = 1.83275e-16
y offset = 0
Number of Iterations = 2
Elapsed Time = 0.000169992 s
/home/abel/projetos/linux-cutest/cutest/bin/rundcicpp: line 240: 27660 Floating point exception(core dumped) ${EXEC}/run_${PACKAGE}
