sifdecoder -A pc64.lnx.gfo  HIMMELBI

 Problem name: HIMMELBI

 Double precision version will be formed

 The objective function uses 20 nonlinear groups
 
 There are 12 linear inequality constraints
 
 There are 100 variables bounded from below and above 
 
 
 File successfully decoded
/home/abel/documentos/dcicpp-newrun/output-fast-2016-11-14--22:05
No tools
make: *** No rule to make target 'dcicpp'.  Stop.
Starting
Solving
Showing
**********************************************************
Problem name: HIMMELBI

Number of Variables: 100
Number of Constraints: 12
             Equality: 0
           has_inequality: 12

EXIT: The Algorithm has Converged
f(x) = -1754.48
|c(x)| = 9.97113e-07
|g(x) + J(x)'*y| = 5.86277e-08
y offset = 5.13291e-09
Number of Iterations = 47
Elapsed Time = 0.0421679 s
Normal iterations = 2
Average number of normal iterations = 0.0425532
Maximum number of normal iterations during one iteration = 1
Iterations with 0  normal iterations = 45
Iterations with 1  normal iteration  = 2
Iterations with 2+ normal iterations = 0
Restorations = 556
Average number of restorations per normal iteration = 278
**********************************************************
Done
Setup time: 0.003333
Execution time: 0.166666
