sifdecoder -A pc64.lnx.gfo  HS101

 Problem name: HS101

 Double precision version will be formed

 The objective function uses 1 nonlinear group
 
 There are 5 nonlinear inequality constraints
 
 There are 7 variables bounded from below and above 
 
 
 File successfully decoded
/home/abel/documentos/dcicpp-newrun/output-fast-2016-11-14--22:05
No tools
make: *** No rule to make target 'dcicpp'.  Stop.
Starting
Solving
Showing
**********************************************************
Problem name: HS101   

Number of Variables: 7
Number of Constraints: 5
             Equality: 0
           has_inequality: 5

EXIT: The maximum number of restorarions was reached
f(x) = 1923.62
|c(x)| = 3.16193e-08
|g(x) + J(x)'*y| = 0.000117916
y offset = 5.85196e-06
Number of Iterations = 310
Elapsed Time = 0.078887 s
Normal iterations = 90
Average number of normal iterations = 0.290323
Maximum number of normal iterations during one iteration = 2
Iterations with 0  normal iterations = 222
Iterations with 1  normal iteration  = 86
Iterations with 2+ normal iterations = 2
Restorations = 2009
Average number of restorations per normal iteration = 22
**********************************************************
Done
Setup time: 0.003333
Execution time: 0.313332
