sifdecoder -A pc64.lnx.gfo  HS100

 Problem name: HS100

 Double precision version will be formed

 The objective function uses 4 nonlinear groups
 
 There are 4 nonlinear inequality constraints
 
 There are 7 free variables
 
 
 File successfully decoded
/home/abel/documentos/dcicpp-newrun/output-fast-2016-11-14--22:05
No tools
make: *** No rule to make target 'dcicpp'.  Stop.
Starting
Solving
Showing
**********************************************************
Problem name: HS100   

Number of Variables: 7
Number of Constraints: 4
             Equality: 0
           has_inequality: 4

EXIT: The Algorithm has Converged
f(x) = 680.63
|c(x)| = 3.76366e-14
|g(x) + J(x)'*y| = 4.03879e-08
y offset = 3.56985e-12
Number of Iterations = 43
Elapsed Time = 0.00396466 s
Normal iterations = 28
Average number of normal iterations = 0.651163
Maximum number of normal iterations during one iteration = 2
Iterations with 0  normal iterations = 16
Iterations with 1  normal iteration  = 26
Iterations with 2+ normal iterations = 1
Restorations = 182
Average number of restorations per normal iteration = 6
**********************************************************
Done
Setup time: 0
Execution time: 0.016665
