sifdecoder -A pc64.lnx.gfo  HS114

 Problem name: HS114

 Double precision version will be formed

 The objective function uses 1 nonlinear group
 
 There is 1 linear equality constraint
 There are 4 linear inequality constraints
 There are 2 nonlinear equality constraints
 There are 4 nonlinear inequality constraints
 
 There are 10 variables bounded from below and above 
 
 
 File successfully decoded
/home/abel/documentos/dcicpp-newrun/output-fast-2016-11-14--22:05
No tools
make: *** No rule to make target 'dcicpp'.  Stop.
Starting
Solving
diagonal below threshold
Status = 2
File   = ../Core/cholmod_common.c
Line   = 719
Showing
**********************************************************
Problem name: HS114   

Number of Variables: 10
Number of Constraints: 11
             Equality: 3
           has_inequality: 8

EXIT: The maximum number of restorarions was reached
Cholesky failed
f(x) = -834.153
|c(x)| = 129.376
|g(x) + J(x)'*y| = 27991.5
y offset = 148.864
Number of Iterations = 1
Elapsed Time = 0.032258 s
Normal iterations = 1
Average number of normal iterations = 1
Maximum number of normal iterations during one iteration = 1
Iterations with 0  normal iterations = 0
Iterations with 1  normal iteration  = 1
Iterations with 2+ normal iterations = 0
Restorations = 2001
Average number of restorations per normal iteration = 2001
**********************************************************
Done
Setup time: 0
Execution time: 0.126666
