sifdecoder -A pc64.lnx.gfo  HS110

 Problem name: HS110

 Double precision version will be formed

 The objective function uses 20 linear groups
 The objective function uses 1 nonlinear group
 
 There are 10 variables bounded from below and above 
 
 
 File successfully decoded
/home/abel/documentos/dcicpp-newrun/output-fast-2016-11-14--22:05
No tools
make: *** No rule to make target 'dcicpp'.  Stop.
Starting
Solving
Showing
**********************************************************
Problem name: HS110   

Number of Variables: 10
Number of Constraints: 0
             Equality: 0
           has_inequality: 0

EXIT: The Algorithm has Converged
f(x) = -45.7785
|c(x)| = 0
|g(x) + J(x)'*y| = 5.11577e-09
y offset = 0
Number of Iterations = 6
Elapsed Time = 0.000343084 s
/home/abel/projetos/linux-cutest/cutest/bin/rundcicpp: line 240: 29276 Floating point exception(core dumped) ${EXEC}/run_${PACKAGE}
