sifdecoder -A pc64.lnx.gfo  HS268

 Problem name: HS268

 Double precision version will be formed

 The objective function uses 1 linear group
 The objective function uses 1 nonlinear group
 
 There are 5 linear inequality constraints
 
 There are 5 free variables
 
 
 File successfully decoded
/home/abel/documentos/dcicpp-newrun/output-fast-2016-11-14--22:05
No tools
make: *** No rule to make target 'dcicpp'.  Stop.
Starting
Solving
Showing
**********************************************************
Problem name: HS268   

Number of Variables: 5
Number of Constraints: 5
             Equality: 0
           has_inequality: 5

EXIT: The Algorithm has Converged
f(x) = 1.70496
|c(x)| = 9.81561e-07
|g(x) + J(x)'*y| = 5.09513e-08
y offset = 4.29477e-06
Number of Iterations = 17
Elapsed Time = 0.00376081 s
Normal iterations = 6
Average number of normal iterations = 0.352941
Maximum number of normal iterations during one iteration = 1
Iterations with 0  normal iterations = 11
Iterations with 1  normal iteration  = 6
Iterations with 2+ normal iterations = 0
Restorations = 316
Average number of restorations per normal iteration = 52
**********************************************************
Done
Setup time: 0
Execution time: 0.013332
