sifdecoder -A pc64.lnx.gfo  HS38

 Problem name: HS38

 Double precision version will be formed

 The objective function uses 7 nonlinear groups
 
 There are 4 variables bounded from below and above 
 
 
 File successfully decoded
/home/abel/documentos/dcicpp-newrun/output-fast-2016-11-14--22:05
No tools
make: *** No rule to make target 'dcicpp'.  Stop.
Starting
Solving
Showing
**********************************************************
Problem name: HS38    

Number of Variables: 4
Number of Constraints: 0
             Equality: 0
           has_inequality: 0

EXIT: The Algorithm has Converged
f(x) = 5.08468e-10
|c(x)| = 0
|g(x) + J(x)'*y| = 8.12202e-08
y offset = 0
Number of Iterations = 51
Elapsed Time = 0.000660896 s
/home/abel/projetos/linux-cutest/cutest/bin/rundcicpp: line 240: 31206 Floating point exception(core dumped) ${EXEC}/run_${PACKAGE}
