sifdecoder -A pc64.lnx.gfo  HS44

 Problem name: HS44

 Double precision version will be formed

 The objective function uses 1 nonlinear group
 
 There are 6 linear inequality constraints
 
 There are 4 variables bounded only from below 
 
 
 File successfully decoded
/home/abel/documentos/dcicpp-newrun/output-fast-2016-11-14--22:05
No tools
make: *** No rule to make target 'dcicpp'.  Stop.
Starting
Solving
Showing
**********************************************************
Problem name: HS44    

Number of Variables: 4
Number of Constraints: 6
             Equality: 0
           has_inequality: 6

EXIT: The Algorithm has Converged
f(x) = -54
|c(x)| = 2.21212e-09
|g(x) + J(x)'*y| = 7.18441e-07
y offset = 1.0178e-13
Number of Iterations = 7
Elapsed Time = 0.000356674 s
/home/abel/projetos/linux-cutest/cutest/bin/rundcicpp: line 240: 31579 Floating point exception(core dumped) ${EXEC}/run_${PACKAGE}
