sifdecoder -A pc64.lnx.gfo  HS74

 Problem name: HS74

 Double precision version will be formed

 The objective function uses 1 nonlinear group
 
 There are 2 linear inequality constraints
 There are 3 nonlinear equality constraints
 
 There are 4 variables bounded from below and above 
 
 
 File successfully decoded
/home/abel/documentos/dcicpp-newrun/output-fast-2016-11-14--22:05
No tools
make: *** No rule to make target 'dcicpp'.  Stop.
Starting
Solving
Showing
**********************************************************
Problem name: HS74    

Number of Variables: 4
Number of Constraints: 5
             Equality: 3
           has_inequality: 2

EXIT: The Algorithm has Converged
f(x) = 5126.5
|c(x)| = 1.33824e-12
|g(x) + J(x)'*y| = 8.03543e-07
y offset = 7.32147e-10
Number of Iterations = 19
Elapsed Time = 0.000645161 s
Normal iterations = 3
Average number of normal iterations = 0.157895
Maximum number of normal iterations during one iteration = 1
Iterations with 0  normal iterations = 16
Iterations with 1  normal iteration  = 3
Iterations with 2+ normal iterations = 0
Restorations = 5
Average number of restorations per normal iteration = 1
**********************************************************
Done
Setup time: 0
Execution time: 0.003333
