sifdecoder -A pc64.lnx.gfo  HS86

 Problem name: HS86

 Double precision version will be formed

 The objective function uses 1 nonlinear group
 
 There are 10 linear inequality constraints
 
 There are 5 variables bounded only from below 
 
 
 File successfully decoded
/home/abel/documentos/dcicpp-newrun/output-fast-2016-11-14--22:05
No tools
make: *** No rule to make target 'dcicpp'.  Stop.
Starting
Solving
Showing
**********************************************************
Problem name: HS86    

Number of Variables: 5
Number of Constraints: 10
             Equality: 0
           has_inequality: 10

EXIT: The Algorithm has Converged
f(x) = -48.6829
|c(x)| = 9.90559e-07
|g(x) + J(x)'*y| = 4.50653e-08
y offset = 1.95125e-10
Number of Iterations = 7
Elapsed Time = 0.0062108 s
Normal iterations = 2
Average number of normal iterations = 0.285714
Maximum number of normal iterations during one iteration = 1
Iterations with 0  normal iterations = 5
Iterations with 1  normal iteration  = 2
Iterations with 2+ normal iterations = 0
Restorations = 399
Average number of restorations per normal iteration = 199
**********************************************************
Done
Setup time: 0
Execution time: 0.023332
