sifdecoder -A pc64.lnx.gfo  HYDROELL

 Problem name: HYDROELL

 Double precision version will be formed

 The objective function uses 1 nonlinear group
 
 There are 1008 linear inequality constraints
 
 There are 1007 variables bounded from below and above 
 There are 2 fixed variables
 
 
 File successfully decoded
/home/abel/documentos/dcicpp-newrun/output-fast-2016-11-14--22:05
No tools
make: *** No rule to make target 'dcicpp'.  Stop.
NOPE preprocessing removed 2 variables
NOPE preprocessing removed 1 contraints
Starting
Solving
Showing
**********************************************************
Problem name: HYDROELL

Number of Variables: 1007
Number of Constraints: 1007
             Equality: 0
           has_inequality: 1007

EXIT: The Algorithm has Converged
f(x) = -3.42691e+06
|c(x)| = 0
|g(x) + J(x)'*y| = 2.90865e-09
y offset = 0.000183533
Number of Iterations = 1
Elapsed Time = 0.00181866 s
/home/abel/projetos/linux-cutest/cutest/bin/rundcicpp: line 240:  2112 Floating point exception(core dumped) ${EXEC}/run_${PACKAGE}
