sifdecoder -A pc64.lnx.gfo  LISWET10

 Problem name: LISWET10

 Double precision version will be formed

 The objective function uses 1 nonlinear group
 
 There are 2000 linear inequality constraints
 
 There are 2002 free variables
 
 
 File successfully decoded
/home/abel/documentos/dcicpp-newrun/output-fast-2016-11-14--22:05
No tools
make: *** No rule to make target 'dcicpp'.  Stop.
Starting
Solving
Showing
**********************************************************
Problem name: LISWET10

Number of Variables: 2002
Number of Constraints: 2000
             Equality: 0
           has_inequality: 2000

EXIT: The Algorithm has Converged
f(x) = 9.89656
|c(x)| = 9.75455e-07
|g(x) + J(x)'*y| = 4.88848e-07
y offset = 0.240998
Number of Iterations = 16
Elapsed Time = 0.11517 s
Normal iterations = 7
Average number of normal iterations = 0.4375
Maximum number of normal iterations during one iteration = 1
Iterations with 0  normal iterations = 9
Iterations with 1  normal iteration  = 7
Iterations with 2+ normal iterations = 0
Restorations = 28
Average number of restorations per normal iteration = 4
**********************************************************
Done
Setup time: 0.039999
Execution time: 0.340001
