sifdecoder -A pc64.lnx.gfo  LOGHAIRY

 Problem name: LOGHAIRY

 Double precision version will be formed

 The objective function uses 1 nonlinear group
 
 There are 2 free variables
 
 
 File successfully decoded
/home/abel/documentos/dcicpp-newrun/output-fast-2016-11-14--22:05
No tools
make: *** No rule to make target 'dcicpp'.  Stop.
Starting
Solving
Showing
**********************************************************
Problem name: LOGHAIRY

Number of Variables: 2
Number of Constraints: 0
             Equality: 0
           has_inequality: 0

EXIT: The maximum number of iterations was reached
f(x) = 4.95268
|c(x)| = 0
|g(x) + J(x)'*y| = 0.000689255
y offset = 0
Number of Iterations = 2001
Elapsed Time = 0.0148611 s
/home/abel/projetos/linux-cutest/cutest/bin/rundcicpp: line 240:  3597 Floating point exception(core dumped) ${EXEC}/run_${PACKAGE}
