sifdecoder -A pc64.lnx.gfo  LUKVLE3

 Problem name: LUKVLE3

 Double precision version will be formed

 The objective function uses 19996 nonlinear groups
 
 There are 2 nonlinear equality constraints
 
 There are 10000 free variables
 
 
 File successfully decoded
/home/abel/documentos/dcicpp-newrun/output-fast-2016-11-14--22:05
No tools
make: *** No rule to make target 'dcicpp'.  Stop.
Starting
Solving
Showing
**********************************************************
Problem name: LUKVLE3 

Number of Variables: 10000
Number of Constraints: 2
             Equality: 2
           has_inequality: 0

EXIT: The Algorithm has Converged
f(x) = 27.5885
|c(x)| = 2.61788e-10
|g(x) + J(x)'*y| = 2.09252e-07
y offset = 0
Number of Iterations = 9
Elapsed Time = 0.993189 s
Normal iterations = 8
Average number of normal iterations = 0.888889
Maximum number of normal iterations during one iteration = 1
Iterations with 0  normal iterations = 1
Iterations with 1  normal iteration  = 8
Iterations with 2+ normal iterations = 0
Restorations = 23
Average number of restorations per normal iteration = 2
**********************************************************
Done
Setup time: 0.253334
Execution time: 1.03333
