sifdecoder -A pc64.lnx.gfo  MANCINO

 Problem name: MANCINO

 Double precision version will be formed

 The objective function uses 100 nonlinear groups
 
 There are 100 free variables
 
 
 File successfully decoded
/home/abel/documentos/dcicpp-newrun/output-fast-2016-11-14--22:05
No tools
make: *** No rule to make target 'dcicpp'.  Stop.
Starting
Solving
Showing
**********************************************************
Problem name: MANCINO 

Number of Variables: 100
Number of Constraints: 0
             Equality: 0
           has_inequality: 0

EXIT: The Algorithm has Converged
f(x) = 5.66214e-10
|c(x)| = 0
|g(x) + J(x)'*y| = 6.52816e-08
y offset = 0
Number of Iterations = 7
Elapsed Time = 0.178665 s
/home/abel/projetos/linux-cutest/cutest/bin/rundcicpp: line 240:  4367 Floating point exception(core dumped) ${EXEC}/run_${PACKAGE}
