sifdecoder -A pc64.lnx.gfo  MIFFLIN1

 Problem name: MIFFLIN1

 Double precision version will be formed

 The objective function uses 1 linear group
 
 There is 1 linear inequality constraint
 There is 1 nonlinear inequality constraint
 
 There are 3 free variables
 
 
 File successfully decoded
/home/abel/documentos/dcicpp-newrun/output-fast-2016-11-14--22:05
No tools
make: *** No rule to make target 'dcicpp'.  Stop.
Starting
Solving
Showing
**********************************************************
Problem name: MIFFLIN1

Number of Variables: 3
Number of Constraints: 2
             Equality: 0
           has_inequality: 2

EXIT: The Algorithm has Converged
f(x) = -1.25
|c(x)| = 9.18857e-07
|g(x) + J(x)'*y| = 2.22049e-07
y offset = 1.44161e-31
Number of Iterations = 28
Elapsed Time = 0.00116587 s
Normal iterations = 8
Average number of normal iterations = 0.285714
Maximum number of normal iterations during one iteration = 2
Iterations with 0  normal iterations = 21
Iterations with 1  normal iteration  = 6
Iterations with 2+ normal iterations = 1
Restorations = 81
Average number of restorations per normal iteration = 10
**********************************************************
Done
Setup time: 0
Execution time: 0.006666
