sifdecoder -A pc64.lnx.gfo  MINMAXRB

 Problem name: MINMAXRB

 Double precision version will be formed

 The objective function uses 1 linear group
 
 There are 2 linear inequality constraints
 There are 2 nonlinear inequality constraints
 
 There are 3 free variables
 
 
 File successfully decoded
/home/abel/documentos/dcicpp-newrun/output-fast-2016-11-14--22:05
No tools
make: *** No rule to make target 'dcicpp'.  Stop.
Starting
Solving
Showing
**********************************************************
Problem name: MINMAXRB

Number of Variables: 3
Number of Constraints: 4
             Equality: 0
           has_inequality: 4

EXIT: The Algorithm has Converged
f(x) = 1.28746e-11
|c(x)| = 1.987e-09
|g(x) + J(x)'*y| = 1.45119e-10
y offset = 0
Number of Iterations = 25
Elapsed Time = 0.00289178 s
Normal iterations = 23
Average number of normal iterations = 0.92
Maximum number of normal iterations during one iteration = 2
Iterations with 0  normal iterations = 4
Iterations with 1  normal iteration  = 19
Iterations with 2+ normal iterations = 2
Restorations = 235
Average number of restorations per normal iteration = 10
**********************************************************
Done
Setup time: 0.003333
Execution time: 0.009999
