sifdecoder -A pc64.lnx.gfo  MPC1

 Problem name: MPC1

 Double precision version will be formed

 The objective function uses 2 linear groups
 
 There are 1785 linear equality constraints
 There are 2048 linear inequality constraints
 
 There are 1540 free variables
 There are 895 variables bounded from below and above 
 There are 115 fixed variables
 
 
 File successfully decoded
/home/abel/documentos/dcicpp-newrun/output-fast-2016-11-14--22:05
No tools
make: *** No rule to make target 'dcicpp'.  Stop.
NOPE preprocessing removed 164 variables
NOPE preprocessing removed 71 contraints
Starting
Solving
diagonal below threshold
Status = 2
File   = ../Core/cholmod_common.c
Line   = 719
diagonal below threshold
Status = 2
File   = ../Core/cholmod_common.c
Line   = 707
diagonal below threshold
Status = 2
File   = ../Core/cholmod_common.c
Line   = 707
diagonal below threshold
Status = 2
File   = ../Core/cholmod_common.c
Line   = 719
Showing
**********************************************************
Problem name: MPC1    

Number of Variables: 2386
Number of Constraints: 3762
             Equality: 1736
           has_inequality: 2026

EXIT: The problem reached the time limit
Cholesky failed
f(x) = 9.9783e+07
|c(x)| = 4351.13
|g(x) + J(x)'*y| = 17.2836
y offset = 0.0490683
Number of Iterations = 1
Elapsed Time = 30.0497 s
Normal iterations = 1
Average number of normal iterations = 1
Maximum number of normal iterations during one iteration = 1
Iterations with 0  normal iterations = 0
Iterations with 1  normal iteration  = 1
Iterations with 2+ normal iterations = 0
Restorations = 707
Average number of restorations per normal iteration = 707
**********************************************************
Done
Setup time: 0.09
Execution time: 30.2467
