sifdecoder -A pc64.lnx.gfo  OPTPRLOC

 Problem name: OPTPRLOC

 Double precision version will be formed

 The objective function uses 1 nonlinear group
 
 There are 5 linear inequality constraints
 There are 25 nonlinear inequality constraints
 
 There are 30 variables bounded from below and above 
 
 
 File successfully decoded
/home/abel/documentos/dcicpp-newrun/output-fast-2016-11-14--22:05
No tools
make: *** No rule to make target 'dcicpp'.  Stop.
Starting
Solving
Showing
**********************************************************
Problem name: OPTPRLOC

Number of Variables: 30
Number of Constraints: 30
             Equality: 0
           has_inequality: 30

EXIT: The maximum number of restorarions was reached
f(x) = 11.7063
|c(x)| = 3.93856
|g(x) + J(x)'*y| = 0.0140217
y offset = 19.4288
Number of Iterations = 1
Elapsed Time = 0.132885 s
Normal iterations = 2
Average number of normal iterations = 2
Maximum number of normal iterations during one iteration = 2
Iterations with 0  normal iterations = 0
Iterations with 1  normal iteration  = 0
Iterations with 2+ normal iterations = 1
Restorations = 2001
Average number of restorations per normal iteration = 1000
**********************************************************
Done
Setup time: 0.003333
Execution time: 0.389999
