sifdecoder -A pc64.lnx.gfo  PALMER6C

 Problem name: PALMER6C

 Double precision version will be formed

 The objective function uses 13 nonlinear groups
 
 There are 8 free variables
 
 
 File successfully decoded
/home/abel/documentos/dcicpp-newrun/output-fast-2016-11-14--22:05
No tools
make: *** No rule to make target 'dcicpp'.  Stop.
Starting
Solving
Showing
**********************************************************
Problem name: PALMER6C

Number of Variables: 8
Number of Constraints: 0
             Equality: 0
           has_inequality: 0

EXIT: The Algorithm has Converged
f(x) = 0.973536
|c(x)| = 0
|g(x) + J(x)'*y| = 2.52168e-08
y offset = 0
Number of Iterations = 3
Elapsed Time = 0.000196695 s
/home/abel/projetos/linux-cutest/cutest/bin/rundcicpp: line 240:  8018 Floating point exception(core dumped) ${EXEC}/run_${PACKAGE}
