sifdecoder -A pc64.lnx.gfo  PALMER3C

 Problem name: PALMER3C

 Double precision version will be formed

 The objective function uses 23 nonlinear groups
 
 There are 8 free variables
 
 
 File successfully decoded
/home/abel/documentos/dcicpp-newrun/output-fast-2016-11-14--22:05
No tools
make: *** No rule to make target 'dcicpp'.  Stop.
Starting
Solving
Showing
**********************************************************
Problem name: PALMER3C

Number of Variables: 8
Number of Constraints: 0
             Equality: 0
           has_inequality: 0

EXIT: The Algorithm has Converged
f(x) = 0.499984
|c(x)| = 0
|g(x) + J(x)'*y| = 4.30829e-08
y offset = 0
Number of Iterations = 5
Elapsed Time = 0.00034833 s
/home/abel/projetos/linux-cutest/cutest/bin/rundcicpp: line 240:  7316 Floating point exception(core dumped) ${EXEC}/run_${PACKAGE}
