sifdecoder -A pc64.lnx.gfo  PENALTY2

 Problem name: PENALTY2

 Double precision version will be formed

 The objective function uses 400 nonlinear groups
 
 There are 200 free variables
 
 
 File successfully decoded
/home/abel/documentos/dcicpp-newrun/output-fast-2016-11-14--22:05
No tools
make: *** No rule to make target 'dcicpp'.  Stop.
Starting
Solving
Showing
**********************************************************
Problem name: PENALTY2

Number of Variables: 200
Number of Constraints: 0
             Equality: 0
           has_inequality: 0

EXIT: The Algorithm has Converged
f(x) = 4.71163e+13
|c(x)| = 0
|g(x) + J(x)'*y| = 1.01484e-07
y offset = 0
Number of Iterations = 10
Elapsed Time = 0.0493228 s
/home/abel/projetos/linux-cutest/cutest/bin/rundcicpp: line 240:  8474 Floating point exception(core dumped) ${EXEC}/run_${PACKAGE}
