sifdecoder -A pc64.lnx.gfo  PRIMAL1

 Problem name: PRIMAL1

 Double precision version will be formed

 The objective function uses 1 nonlinear group
 
 There are 85 linear inequality constraints
 
 There are 324 free variables
 There is 1 variable bounded only from below 
 
 
 File successfully decoded
/home/abel/documentos/dcicpp-newrun/output-fast-2016-11-14--22:05
No tools
make: *** No rule to make target 'dcicpp'.  Stop.
Starting
Solving
Showing
**********************************************************
Problem name: PRIMAL1 

Number of Variables: 325
Number of Constraints: 85
             Equality: 0
           has_inequality: 85

EXIT: The Algorithm has Converged
f(x) = 3.98355e-06
|c(x)| = 1.14655e-12
|g(x) + J(x)'*y| = 8.19792e-08
y offset = 4.19782e-06
Number of Iterations = 6
Elapsed Time = 0.053669 s
Normal iterations = 2
Average number of normal iterations = 0.333333
Maximum number of normal iterations during one iteration = 1
Iterations with 0  normal iterations = 4
Iterations with 1  normal iteration  = 2
Iterations with 2+ normal iterations = 0
Restorations = 33
Average number of restorations per normal iteration = 16
**********************************************************
Done
Setup time: 0.009999
Execution time: 0.213333
