sifdecoder -A pc64.lnx.gfo  PRIMAL2

 Problem name: PRIMAL2

 Double precision version will be formed

 The objective function uses 1 nonlinear group
 
 There are 96 linear inequality constraints
 
 There are 648 free variables
 There is 1 variable bounded only from below 
 
 
 File successfully decoded
/home/abel/documentos/dcicpp-newrun/output-fast-2016-11-14--22:05
No tools
make: *** No rule to make target 'dcicpp'.  Stop.
Starting
Solving
Showing
**********************************************************
Problem name: PRIMAL2 

Number of Variables: 649
Number of Constraints: 96
             Equality: 0
           has_inequality: 96

EXIT: The Algorithm has Converged
f(x) = -0.0648839
|c(x)| = 3.24992e-11
|g(x) + J(x)'*y| = 9.37904e-08
y offset = 4.00355e-06
Number of Iterations = 9
Elapsed Time = 0.0249636 s
Normal iterations = 1
Average number of normal iterations = 0.111111
Maximum number of normal iterations during one iteration = 1
Iterations with 0  normal iterations = 8
Iterations with 1  normal iteration  = 1
Iterations with 2+ normal iterations = 0
Restorations = 1
Average number of restorations per normal iteration = 1
**********************************************************
Done
Setup time: 0.016666
Execution time: 0.1
