sifdecoder -A pc64.lnx.gfo  PROBPENL

 Problem name: PROBPENL

 Double precision version will be formed

 The objective function uses 500 nonlinear groups
 
 There are 500 variables bounded from below and above 
 
 
 File successfully decoded
/home/abel/documentos/dcicpp-newrun/output-fast-2016-11-14--22:05
No tools
make: *** No rule to make target 'dcicpp'.  Stop.
Starting
Solving
Showing
**********************************************************
Problem name: PROBPENL

Number of Variables: 500
Number of Constraints: 0
             Equality: 0
           has_inequality: 0

EXIT: The Algorithm has Converged
f(x) = 3.99198e-07
|c(x)| = 0
|g(x) + J(x)'*y| = 4.09097e-11
y offset = 0
Number of Iterations = 2
Elapsed Time = 0.00149179 s
/home/abel/projetos/linux-cutest/cutest/bin/rundcicpp: line 240:  9906 Floating point exception(core dumped) ${EXEC}/run_${PACKAGE}
