sifdecoder -A pc64.lnx.gfo  QPCBLEND

 Problem name: QPCBLEND

 Double precision version will be formed

 The objective function uses 1 nonlinear group
 
 There are 43 linear equality constraints
 There are 31 linear inequality constraints
 
 There are 83 variables bounded only from below 
 
 
 File successfully decoded
/home/abel/documentos/dcicpp-newrun/output-fast-2016-11-14--22:05
No tools
make: *** No rule to make target 'dcicpp'.  Stop.
NOPE preprocessing removed 2 contraints
Starting
Solving
Showing
**********************************************************
Problem name: QPCBLEND

Number of Variables: 83
Number of Constraints: 72
             Equality: 43
           has_inequality: 29

EXIT: The Algorithm has Converged
f(x) = -0.00773784
|c(x)| = 2.76093e-14
|g(x) + J(x)'*y| = 8.51319e-07
y offset = 0.000101123
Number of Iterations = 44
Elapsed Time = 0.0233891 s
Normal iterations = 9
Average number of normal iterations = 0.204545
Maximum number of normal iterations during one iteration = 1
Iterations with 0  normal iterations = 35
Iterations with 1  normal iteration  = 9
Iterations with 2+ normal iterations = 0
Restorations = 96
Average number of restorations per normal iteration = 10
**********************************************************
Done
Setup time: 0.003333
Execution time: 0.093332
