sifdecoder -A pc64.lnx.gfo  READING3

 Problem name: READING3

 Double precision version will be formed

 The objective function uses 2000 nonlinear groups
 
 There is 1 linear equality constraint
 There are 2000 nonlinear equality constraints
 
 There are 4002 variables bounded from below and above 
 
 
 File successfully decoded
/home/abel/documentos/dcicpp-newrun/output-fast-2016-11-14--22:05
No tools
make: *** No rule to make target 'dcicpp'.  Stop.
Starting
Solving
Showing
**********************************************************
Problem name: READING3

Number of Variables: 4002
Number of Constraints: 2001
             Equality: 2001
           has_inequality: 0

EXIT: The Algorithm has Converged
f(x) = -0.00158749
|c(x)| = 4.9794e-14
|g(x) + J(x)'*y| = 8.99483e-10
y offset = 0
Number of Iterations = 2
Elapsed Time = 0.236077 s
Normal iterations = 1
Average number of normal iterations = 0.5
Maximum number of normal iterations during one iteration = 1
Iterations with 0  normal iterations = 1
Iterations with 1  normal iteration  = 1
Iterations with 2+ normal iterations = 0
Restorations = 128
Average number of restorations per normal iteration = 128
**********************************************************
Done
Setup time: 0.086667
Execution time: 0.42
