sifdecoder -A pc64.lnx.gfo  S277-280

 Problem name: S277-280

 Double precision version will be formed

 The objective function uses 1 linear group
 
 There are 4 linear inequality constraints
 
 There are 4 variables bounded only from below 
 
 
 File successfully decoded
/home/abel/documentos/dcicpp-newrun/output-fast-2016-11-14--22:05
No tools
make: *** No rule to make target 'dcicpp'.  Stop.
Starting
Solving
Showing
**********************************************************
Problem name: S277-280

Number of Variables: 4
Number of Constraints: 4
             Equality: 0
           has_inequality: 4

EXIT: The Algorithm has Converged
f(x) = 10.1524
|c(x)| = 9.91399e-07
|g(x) + J(x)'*y| = 8.67975e-11
y offset = 0
Number of Iterations = 23
Elapsed Time = 0.00274849 s
Normal iterations = 7
Average number of normal iterations = 0.304348
Maximum number of normal iterations during one iteration = 2
Iterations with 0  normal iterations = 17
Iterations with 1  normal iteration  = 5
Iterations with 2+ normal iterations = 1
Restorations = 253
Average number of restorations per normal iteration = 36
**********************************************************
Done
Setup time: 0
Execution time: 0.013332
