sifdecoder -A pc64.lnx.gfo  SINROSNB

 Problem name: SINROSNB

 Double precision version will be formed

 The objective function uses 1000 nonlinear groups
 
 There are 999 nonlinear inequality constraints
 
 There are 999 free variables
 There is 1 variable bounded from below and above 
 
 
 File successfully decoded
/home/abel/documentos/dcicpp-newrun/output-fast-2016-11-14--22:05
No tools
make: *** No rule to make target 'dcicpp'.  Stop.
Starting
Solving
Showing
**********************************************************
Problem name: SINROSNB

Number of Variables: 1000
Number of Constraints: 999
             Equality: 0
           has_inequality: 999

EXIT: The Algorithm has Converged
f(x) = 199602
|c(x)| = 9.39769e-07
|g(x) + J(x)'*y| = 1.19961e-07
y offset = 9.83265e-07
Number of Iterations = 10
Elapsed Time = 0.168619 s
Normal iterations = 7
Average number of normal iterations = 0.7
Maximum number of normal iterations during one iteration = 2
Iterations with 0  normal iterations = 4
Iterations with 1  normal iteration  = 5
Iterations with 2+ normal iterations = 1
Restorations = 213
Average number of restorations per normal iteration = 30
**********************************************************
Done
Setup time: 0.026666
Execution time: 0.403334
