sifdecoder -A pc64.lnx.gfo  STANCMIN

 Problem name: STANCMIN

 Double precision version will be formed

 The objective function uses 1 nonlinear group
 
 There are 2 linear inequality constraints
 
 There are 3 variables bounded only from below 
 
 
 File successfully decoded
/home/abel/documentos/dcicpp-newrun/output-fast-2016-11-14--22:05
No tools
make: *** No rule to make target 'dcicpp'.  Stop.
Starting
Solving
Showing
**********************************************************
Problem name: STANCMIN

Number of Variables: 3
Number of Constraints: 2
             Equality: 0
           has_inequality: 2

EXIT: The Algorithm has Converged
f(x) = 2
|c(x)| = 9.31088e-07
|g(x) + J(x)'*y| = 8.15904e-08
y offset = 0
Number of Iterations = 7
Elapsed Time = 0.00271344 s
Normal iterations = 2
Average number of normal iterations = 0.285714
Maximum number of normal iterations during one iteration = 1
Iterations with 0  normal iterations = 5
Iterations with 1  normal iteration  = 2
Iterations with 2+ normal iterations = 0
Restorations = 335
Average number of restorations per normal iteration = 167
**********************************************************
Done
Setup time: 0
Execution time: 0.013332
