sifdecoder -A pc64.lnx.gfo  SYNTHES3

 Problem name: SYNTHES3

 Double precision version will be formed

 The objective function uses 1 nonlinear group
 
 There are 2 linear equality constraints
 There are 17 linear inequality constraints
 There are 4 nonlinear inequality constraints
 
 There are 17 variables bounded from below and above 
 
 
 File successfully decoded
/home/abel/documentos/dcicpp-newrun/output-fast-2016-11-14--22:05
No tools
make: *** No rule to make target 'dcicpp'.  Stop.
Starting
Solving
Showing
**********************************************************
Problem name: SYNTHES3

Number of Variables: 17
Number of Constraints: 23
             Equality: 2
           has_inequality: 21

EXIT: The Algorithm has Converged
f(x) = 15.0823
|c(x)| = 2.5326e-08
|g(x) + J(x)'*y| = 6.83583e-07
y offset = 2.85615e-06
Number of Iterations = 17
Elapsed Time = 0.0169194 s
Normal iterations = 12
Average number of normal iterations = 0.705882
Maximum number of normal iterations during one iteration = 1
Iterations with 0  normal iterations = 5
Iterations with 1  normal iteration  = 12
Iterations with 2+ normal iterations = 0
Restorations = 511
Average number of restorations per normal iteration = 42
**********************************************************
Done
Setup time: 0.003333
Execution time: 0.066665
