sifdecoder -A pc64.lnx.gfo  SYNTHES1

 Problem name: SYNTHES1

 Double precision version will be formed

 The objective function uses 1 nonlinear group
 
 There are 4 linear inequality constraints
 There are 2 nonlinear inequality constraints
 
 There are 6 variables bounded from below and above 
 
 
 File successfully decoded
/home/abel/documentos/dcicpp-newrun/output-fast-2016-11-14--22:05
No tools
make: *** No rule to make target 'dcicpp'.  Stop.
Starting
Solving
Showing
**********************************************************
Problem name: SYNTHES1

Number of Variables: 6
Number of Constraints: 6
             Equality: 0
           has_inequality: 6

EXIT: The Algorithm has Converged
f(x) = 0.759283
|c(x)| = 9.6602e-07
|g(x) + J(x)'*y| = 1.7695e-07
y offset = 0
Number of Iterations = 15
Elapsed Time = 0.00369453 s
Normal iterations = 11
Average number of normal iterations = 0.733333
Maximum number of normal iterations during one iteration = 1
Iterations with 0  normal iterations = 4
Iterations with 1  normal iteration  = 11
Iterations with 2+ normal iterations = 0
Restorations = 283
Average number of restorations per normal iteration = 25
**********************************************************
Done
Setup time: 0.003333
Execution time: 0.009999
