sifdecoder -A pc64.lnx.gfo  TENBARS4

 Problem name: TENBARS4

 Double precision version will be formed

 The objective function uses 1 linear group
 
 There is 1 linear inequality constraint
 There are 8 nonlinear equality constraints
 
 There are 8 free variables
 There are 10 variables bounded only from below 
 
 
 File successfully decoded
/home/abel/documentos/dcicpp-newrun/output-fast-2016-11-14--22:05
No tools
make: *** No rule to make target 'dcicpp'.  Stop.
NOPE preprocessing removed 1 contraints
Starting
Solving
Showing
**********************************************************
Problem name: TENBARS4

Number of Variables: 18
Number of Constraints: 8
             Equality: 8
           has_inequality: 0

EXIT: The maximum number of restorarions was reached
f(x) = 368.493
|c(x)| = 1.31724e-06
|g(x) + J(x)'*y| = 1.70397e-05
y offset = 0
Number of Iterations = 113
Elapsed Time = 0.0424638 s
Normal iterations = 69
Average number of normal iterations = 0.610619
Maximum number of normal iterations during one iteration = 2
Iterations with 0  normal iterations = 45
Iterations with 1  normal iteration  = 67
Iterations with 2+ normal iterations = 1
Restorations = 2006
Average number of restorations per normal iteration = 29
**********************************************************
Done
Setup time: 0.003333
Execution time: 0.166666
