sifdecoder -A pc64.lnx.gfo  TFI2

 Problem name: TFI2

 Double precision version will be formed

 The objective function uses 1 linear group
 
 There are 101 linear inequality constraints
 
 There are 3 free variables
 
 
 File successfully decoded
/home/abel/documentos/dcicpp-newrun/output-fast-2016-11-14--22:05
No tools
make: *** No rule to make target 'dcicpp'.  Stop.
NOPE preprocessing removed 1 contraints
Starting
Solving
Showing
**********************************************************
Problem name: TFI2    

Number of Variables: 3
Number of Constraints: 100
             Equality: 0
           has_inequality: 100

EXIT: The Algorithm has Converged
f(x) = 1.29811
|c(x)| = 2.362e-12
|g(x) + J(x)'*y| = 4.02577e-08
y offset = 0.000378912
Number of Iterations = 4
Elapsed Time = 0.00231647 s
Normal iterations = 1
Average number of normal iterations = 0.25
Maximum number of normal iterations during one iteration = 1
Iterations with 0  normal iterations = 3
Iterations with 1  normal iteration  = 1
Iterations with 2+ normal iterations = 0
Restorations = 1
Average number of restorations per normal iteration = 1
**********************************************************
Done
Setup time: 0
Execution time: 0.006666
