sifdecoder -A pc64.lnx.gfo  TOINTGOR

 Problem name: TOINTGOR

 Double precision version will be formed

 The objective function uses 83 nonlinear groups
 
 There are 50 free variables
 
 
 File successfully decoded
/home/abel/documentos/dcicpp-newrun/output-fast-2016-11-14--22:05
No tools
make: *** No rule to make target 'dcicpp'.  Stop.
Starting
Solving
Showing
**********************************************************
Problem name: TOINTGOR

Number of Variables: 50
Number of Constraints: 0
             Equality: 0
           has_inequality: 0

EXIT: The Algorithm has Converged
f(x) = 1373.91
|c(x)| = 0
|g(x) + J(x)'*y| = 6.48553e-07
y offset = 0
Number of Iterations = 6
Elapsed Time = 0.00269103 s
/home/abel/projetos/linux-cutest/cutest/bin/rundcicpp: line 240: 14032 Floating point exception(core dumped) ${EXEC}/run_${PACKAGE}
