sifdecoder -A pc64.lnx.gfo  TWIRISM1

 Problem name: TWIRISM1

 Double precision version will be formed

 The objective function uses 1 linear group
 
 There are 50 linear equality constraints
 There are 5 linear inequality constraints
 There are 174 nonlinear equality constraints
 There are 84 nonlinear inequality constraints
 
 There are 343 variables bounded from below and above 
 
 
 File successfully decoded
/home/abel/documentos/dcicpp-newrun/output-fast-2016-11-14--22:05
No tools
make: *** No rule to make target 'dcicpp'.  Stop.
Starting
diagonal below threshold
Status = 2
File   = ../Core/cholmod_common.c
Line   = 719
Solving
Showing
**********************************************************
Problem name: TWIRISM1

Number of Variables: 343
Number of Constraints: 313
             Equality: 224
           has_inequality: 89

EXIT: The Algorithm has Converged
Cholesky failed
f(x) = -0.993565
|c(x)| = 1.01821e-10
|g(x) + J(x)'*y| = 9.84571e-07
y offset = 0.000673275
Number of Iterations = 30
Elapsed Time = 0.482553 s
Normal iterations = 28
Average number of normal iterations = 0.933333
Maximum number of normal iterations during one iteration = 2
Iterations with 0  normal iterations = 3
Iterations with 1  normal iteration  = 26
Iterations with 2+ normal iterations = 1
Restorations = 136
Average number of restorations per normal iteration = 4
**********************************************************
Done
Setup time: 0.019999
Execution time: 0.723333
