sifdecoder -A pc64.lnx.gfo  VANDERM2

 Problem name: VANDERM2

 Double precision version will be formed

 
 There are 99 linear inequality constraints
 There are 100 nonlinear equality constraints
 
 There are 100 free variables
 
 
 File successfully decoded
/home/abel/documentos/dcicpp-newrun/output-fast-2016-11-14--22:05
No tools
make: *** No rule to make target 'dcicpp'.  Stop.
Starting
diagonal below threshold
Status = 2
File   = ../Core/cholmod_common.c
Line   = 707
Solving
diagonal below threshold
Status = 2
File   = ../Core/cholmod_common.c
Line   = 719
diagonal below threshold
Status = 2
File   = ../Core/cholmod_common.c
Line   = 707
Showing
**********************************************************
Problem name: VANDERM2

Number of Variables: 100
Number of Constraints: 199
             Equality: 100
           has_inequality: 99

EXIT: The Algorithm has Converged
Cholesky failed
f(x) = 0
|c(x)| = 8.41181e-07
|g(x) + J(x)'*y| = 3.34035e-12
y offset = 0
Number of Iterations = 2
Elapsed Time = 1.5778 s
Normal iterations = 4
Average number of normal iterations = 2
Maximum number of normal iterations during one iteration = 3
Iterations with 0  normal iterations = 0
Iterations with 1  normal iteration  = 1
Iterations with 2+ normal iterations = 1
Restorations = 241
Average number of restorations per normal iteration = 60
**********************************************************
Done
Setup time: 0.039999
Execution time: 1.71333
