sifdecoder -A pc64.lnx.gfo  WOODSNE

 Problem name: WOODSNE

 Double precision version will be formed

 The objective function uses 3000 linear groups
 
 There are 1001 linear equality constraints
 There are 2000 nonlinear equality constraints
 
 There are 4000 free variables
 
 
 File successfully decoded
/home/abel/documentos/dcicpp-newrun/output-fast-2016-11-14--22:05
No tools
make: *** No rule to make target 'dcicpp'.  Stop.
NOPE preprocessing removed 1000 variables
NOPE preprocessing removed 1001 contraints
Starting
Solving
Showing
**********************************************************
Problem name: WOODSNE 

Number of Variables: 3000
Number of Constraints: 2000
             Equality: 2000
           has_inequality: 0

EXIT: The Algorithm has Converged
f(x) = 71945.6
|c(x)| = 2.15351e-09
|g(x) + J(x)'*y| = 6.85269e-08
y offset = 0
Number of Iterations = 2
Elapsed Time = 0.202619 s
Normal iterations = 3
Average number of normal iterations = 1.5
Maximum number of normal iterations during one iteration = 2
Iterations with 0  normal iterations = 0
Iterations with 1  normal iteration  = 1
Iterations with 2+ normal iterations = 1
Restorations = 6
Average number of restorations per normal iteration = 2
**********************************************************
Done
Setup time: 0.113333
Execution time: 0.33
