sifdecoder -A pc64.lnx.gfo  YFIT

 Problem name: YFIT

 Double precision version will be formed

 The objective function uses 17 nonlinear groups
 
 There are 2 free variables
 There is 1 variable bounded only from below 
 
 
 File successfully decoded
/home/abel/documentos/dcicpp-newrun/output-fast-2016-11-14--22:05
No tools
make: *** No rule to make target 'dcicpp'.  Stop.
Starting
Solving
Showing
**********************************************************
Problem name: YFIT    

Number of Variables: 3
Number of Constraints: 0
             Equality: 0
           has_inequality: 0

EXIT: The Algorithm has Converged
f(x) = 2.51658e-06
|c(x)| = 0
|g(x) + J(x)'*y| = 5.5335e-07
y offset = 0
Number of Iterations = 39
Elapsed Time = 0.00211024 s
/home/abel/projetos/linux-cutest/cutest/bin/rundcicpp: line 240: 16017 Floating point exception(core dumped) ${EXEC}/run_${PACKAGE}
