sifdecoder -A pc64.lnx.gfo  ZAMB2-10

 Problem name: ZAMB2-10

 Double precision version will be formed

 The objective function uses 176 nonlinear groups
 
 There are 96 nonlinear equality constraints
 
 There are 264 variables bounded from below and above 
 There are 6 fixed variables
 
 
 File successfully decoded
/home/abel/documentos/dcicpp-newrun/output-fast-2016-11-14--22:05
No tools
make: *** No rule to make target 'dcicpp'.  Stop.
NOPE preprocessing removed 6 variables
Starting
Solving
Showing
**********************************************************
Problem name: ZAMB2-10

Number of Variables: 264
Number of Constraints: 96
             Equality: 96
           has_inequality: 0

EXIT: The maximum number of restorarions was reached
f(x) = -1.52587
|c(x)| = 9.43323e-07
|g(x) + J(x)'*y| = 0.000113575
y offset = 0
Number of Iterations = 67
Elapsed Time = 0.2699 s
Normal iterations = 35
Average number of normal iterations = 0.522388
Maximum number of normal iterations during one iteration = 2
Iterations with 0  normal iterations = 34
Iterations with 1  normal iteration  = 31
Iterations with 2+ normal iterations = 2
Restorations = 2057
Average number of restorations per normal iteration = 58
**********************************************************
Done
Setup time: 0.003333
Execution time: 0.519999
