sifdecoder -A pc64.lnx.gfo  ZECEVIC2

 Problem name: ZECEVIC2

 Double precision version will be formed

 The objective function uses 1 nonlinear group
 
 There are 2 linear inequality constraints
 
 There are 2 variables bounded from below and above 
 
 
 File successfully decoded
/home/abel/documentos/dcicpp-newrun/output-fast-2016-11-14--22:05
No tools
make: *** No rule to make target 'dcicpp'.  Stop.
Starting
Solving
Showing
**********************************************************
Problem name: ZECEVIC2

Number of Variables: 2
Number of Constraints: 2
             Equality: 0
           has_inequality: 2

EXIT: The Algorithm has Converged
f(x) = -8.125
|c(x)| = 2.07729e-10
|g(x) + J(x)'*y| = 2.12637e-12
y offset = 0
Number of Iterations = 6
Elapsed Time = 0.000306845 s
/home/abel/projetos/linux-cutest/cutest/bin/rundcicpp: line 240: 16482 Floating point exception(core dumped) ${EXEC}/run_${PACKAGE}
