sifdecoder -A pc64.lnx.gfo  ACOPR14

 Problem name: ACOPR14

 Double precision version will be formed

 The objective function uses 2 linear groups
 
 There are 28 nonlinear equality constraints
 There are 54 nonlinear inequality constraints
 
 There are 28 free variables
 There are 10 variables bounded from below and above 
 
 
 File successfully decoded
/home/abel/documentos/dcicpp-newrun/output-dcicpp-fast-2016-11-24--16:02
No tools
make: *** No rule to make target 'dcicpp'.  Stop.
Starting
Solving
Showing
**********************************************************
Problem name: ACOPR14 

Number of Variables: 38
Number of Constraints: 82
             Equality: 28
           has_inequality: 54

EXIT: The Algorithm has Converged
f(x) = 8081.53
|c(x)| = 8.67614e-08
|g(x) + J(x)'*y| = 7.79089e-07
|J(x)'c(x)| = 0.000303261
y offset = 0.0374359
Number of Iterations = 12
Elapsed Time = 0.0221636 s

Function evaluations:
  Objective    (*fn, *ofg):     117 (89, 28)
  Gradient     (*ofg):           16
  Constraints  (cfn, ccfsg):    170 (89, 81)
  Jacobian     (ccfsg):          30
  Hessian prod (*hprod):        300

Normal iterations = 5
Average number of normal iterations = 0.416667
Maximum number of normal iterations during one iteration = 1
Iterations with 0  normal iterations = 7
Iterations with 1  normal iteration  = 5
Iterations with 2+ normal iterations = 0
Restorations = 51
Average number of restorations per normal iteration = 10
**********************************************************
Done
Setup time: 0.003333
Execution time: 0.09
