sifdecoder -A pc64.lnx.gfo  AIRCRFTB

 Problem name: AIRCRFTB

 Double precision version will be formed

 The objective function uses 5 nonlinear groups
 
 There are 5 free variables
 There are 3 fixed variables
 
 
 File successfully decoded
/home/abel/documentos/dcicpp-newrun/output-dcicpp-fast-2016-11-24--16:02
No tools
make: *** No rule to make target 'dcicpp'.  Stop.
NOPE preprocessing removed 3 variables
Starting
Solving
Showing
**********************************************************
Problem name: AIRCRFTB

Number of Variables: 5
Number of Constraints: 0
             Equality: 0
           has_inequality: 0

EXIT: The Algorithm has Converged
f(x) = 7.14771e-12
|c(x)| = 0
|g(x) + J(x)'*y| = 2.07001e-08
|J(x)'c(x)| = 6.95284e-310
y offset = 0
Number of Iterations = 13
Elapsed Time = 0.000303745 s

Function evaluations:
  Objective    (*fn, *ofg):      50 (23, 27)
  Gradient     (*ofg):           14
  Constraints  (cfn, ccfsg):      0 (0, 0)
  Jacobian     (ccfsg):           0
  Hessian prod (*hprod):         54

Normal iterations = 0
Average number of normal iterations = 0
Maximum number of normal iterations during one iteration = 0
Iterations with 0  normal iterations = 13
Iterations with 1  normal iteration  = 0
Iterations with 2+ normal iterations = 0
Restorations = 0
Average number of restorations per normal iteration = NA
**********************************************************
Done
Setup time: 0.003333
Execution time: -5.66244e-13
