sifdecoder -A pc64.lnx.gfo  ALLINITU

 Problem name: ALLINITU

 Double precision version will be formed

 The objective function uses 2 linear groups
 The objective function uses 10 nonlinear groups
 
 There are 4 free variables
 
 
 File successfully decoded
/home/abel/documentos/dcicpp-newrun/output-dcicpp-fast-2016-11-24--16:02
No tools
make: *** No rule to make target 'dcicpp'.  Stop.
Starting
Solving
Showing
**********************************************************
Problem name: ALLINITU

Number of Variables: 4
Number of Constraints: 0
             Equality: 0
           has_inequality: 0

EXIT: The Algorithm has Converged
f(x) = 5.74438
|c(x)| = 0
|g(x) + J(x)'*y| = 2.08234e-10
|J(x)'c(x)| = 0
y offset = 0
Number of Iterations = 9
Elapsed Time = 0.000278711 s

Function evaluations:
  Objective    (*fn, *ofg):      37 (18, 19)
  Gradient     (*ofg):           10
  Constraints  (cfn, ccfsg):      0 (0, 0)
  Jacobian     (ccfsg):           0
  Hessian prod (*hprod):         28

Normal iterations = 0
Average number of normal iterations = 0
Maximum number of normal iterations during one iteration = 0
Iterations with 0  normal iterations = 9
Iterations with 1  normal iteration  = 0
Iterations with 2+ normal iterations = 0
Restorations = 0
Average number of restorations per normal iteration = NA
**********************************************************
Done
Setup time: 0.003333
Execution time: -5.66244e-13
