sifdecoder -A pc64.lnx.gfo  ALSOTAME

 Problem name: ALSOTAME

 Double precision version will be formed

 The objective function uses 1 nonlinear group
 
 There is 1 nonlinear equality constraint
 
 There are 2 variables bounded from below and above 
 
 
 File successfully decoded
/home/abel/documentos/dcicpp-newrun/output-dcicpp-fast-2016-11-24--16:02
No tools
make: *** No rule to make target 'dcicpp'.  Stop.
Starting
Solving
Showing
**********************************************************
Problem name: ALSOTAME

Number of Variables: 2
Number of Constraints: 1
             Equality: 1
           has_inequality: 0

EXIT: The Algorithm has Converged
f(x) = 0.082085
|c(x)| = 9.36673e-08
|g(x) + J(x)'*y| = 6.76076e-09
|J(x)'c(x)| = 0.011699
y offset = 0
Number of Iterations = 5
Elapsed Time = 0.000320196 s

Function evaluations:
  Objective    (*fn, *ofg):      21 (8, 13)
  Gradient     (*ofg):            8
  Constraints  (cfn, ccfsg):     27 (8, 19)
  Jacobian     (ccfsg):           7
  Hessian prod (*hprod):          4

Normal iterations = 4
Average number of normal iterations = 0.8
Maximum number of normal iterations during one iteration = 1
Iterations with 0  normal iterations = 1
Iterations with 1  normal iteration  = 4
Iterations with 2+ normal iterations = 0
Restorations = 12
Average number of restorations per normal iteration = 3
**********************************************************
Done
Setup time: 0
Execution time: 0.003333
