sifdecoder -A pc64.lnx.gfo  ARGTRIG

 Problem name: ARGTRIG

 Double precision version will be formed

 
 There are 200 nonlinear equality constraints
 
 There are 200 free variables
 
 
 File successfully decoded
/home/abel/documentos/dcicpp-newrun/output-dcicpp-fast-2016-11-24--16:02
No tools
make: *** No rule to make target 'dcicpp'.  Stop.
Starting
Solving
Showing
**********************************************************
Problem name: ARGTRIG 

Number of Variables: 200
Number of Constraints: 200
             Equality: 200
           has_inequality: 0

EXIT: The Algorithm has Converged
f(x) = 0
|c(x)| = 5.07964e-07
|g(x) + J(x)'*y| = 0
|J(x)'c(x)| = 0.00949966
y offset = 0
Number of Iterations = 1
Elapsed Time = 0.0579708 s

Function evaluations:
  Objective    (*fn, *ofg):       8 (3, 5)
  Gradient     (*ofg):            4
  Constraints  (cfn, ccfsg):      9 (3, 6)
  Jacobian     (ccfsg):           3
  Hessian prod (*hprod):          0

Normal iterations = 2
Average number of normal iterations = 2
Maximum number of normal iterations during one iteration = 2
Iterations with 0  normal iterations = 0
Iterations with 1  normal iteration  = 0
Iterations with 2+ normal iterations = 1
Restorations = 3
Average number of restorations per normal iteration = 1
**********************************************************
Done
Setup time: 0.139999
Execution time: 0.21
