sifdecoder -A pc64.lnx.gfo  AVGASB

 Problem name: AVGASB

 Double precision version will be formed

 The objective function uses 1 nonlinear group
 
 There are 10 linear inequality constraints
 
 There are 8 variables bounded from below and above 
 
 
 File successfully decoded
/home/abel/documentos/dcicpp-newrun/output-dcicpp-fast-2016-11-24--16:02
No tools
make: *** No rule to make target 'dcicpp'.  Stop.
Starting
Solving
Showing
**********************************************************
Problem name: AVGASB  

Number of Variables: 8
Number of Constraints: 10
             Equality: 0
           has_inequality: 10

EXIT: The Algorithm has Converged
f(x) = -4.48322
|c(x)| = 8.60134e-07
|g(x) + J(x)'*y| = 5.81658e-08
|J(x)'c(x)| = 8.80271e-07
y offset = 5.84547e-07
Number of Iterations = 8
Elapsed Time = 0.00188375 s

Function evaluations:
  Objective    (*fn, *ofg):      28 (10, 18)
  Gradient     (*ofg):           10
  Constraints  (cfn, ccfsg):    197 (10, 187)
  Jacobian     (ccfsg):          30
  Hessian prod (*hprod):         17

Normal iterations = 2
Average number of normal iterations = 0.25
Maximum number of normal iterations during one iteration = 1
Iterations with 0  normal iterations = 6
Iterations with 1  normal iteration  = 2
Iterations with 2+ normal iterations = 0
Restorations = 157
Average number of restorations per normal iteration = 78
**********************************************************
Done
Setup time: 0
Execution time: 0.006666
