sifdecoder -A pc64.lnx.gfo  AVGASA

 Problem name: AVGASA

 Double precision version will be formed

 The objective function uses 1 nonlinear group
 
 There are 10 linear inequality constraints
 
 There are 8 variables bounded from below and above 
 
 
 File successfully decoded
/home/abel/documentos/dcicpp-newrun/output-dcicpp-fast-2016-11-24--16:02
No tools
make: *** No rule to make target 'dcicpp'.  Stop.
Starting
Solving
Showing
**********************************************************
Problem name: AVGASA  

Number of Variables: 8
Number of Constraints: 10
             Equality: 0
           has_inequality: 10

EXIT: The Algorithm has Converged
f(x) = -4.63193
|c(x)| = 8.77484e-07
|g(x) + J(x)'*y| = 5.95514e-08
|J(x)'c(x)| = 1.94868e-06
y offset = 1.40125e-08
Number of Iterations = 12
Elapsed Time = 0.00297046 s

Function evaluations:
  Objective    (*fn, *ofg):      41 (15, 26)
  Gradient     (*ofg):           14
  Constraints  (cfn, ccfsg):    350 (15, 335)
  Jacobian     (ccfsg):          51
  Hessian prod (*hprod):         31

Normal iterations = 8
Average number of normal iterations = 0.666667
Maximum number of normal iterations during one iteration = 1
Iterations with 0  normal iterations = 4
Iterations with 1  normal iteration  = 8
Iterations with 2+ normal iterations = 0
Restorations = 284
Average number of restorations per normal iteration = 35
**********************************************************
Done
Setup time: 0.003333
Execution time: 0.009999
