sifdecoder -A pc64.lnx.gfo  BT1

 Problem name: BT1

 Double precision version will be formed

 The objective function uses 1 nonlinear group
 
 There is 1 nonlinear equality constraint
 
 There are 2 free variables
 
 
 File successfully decoded
/home/abel/documentos/dcicpp-newrun/output-dcicpp-fast-2016-11-24--16:02
No tools
make: *** No rule to make target 'dcicpp'.  Stop.
Starting
Solving
Showing
**********************************************************
Problem name: BT1     

Number of Variables: 2
Number of Constraints: 1
             Equality: 1
           has_inequality: 0

EXIT: The Algorithm has Converged
f(x) = -0.999988
|c(x)| = 1.17083e-07
|g(x) + J(x)'*y| = 9.79478e-10
|J(x)'c(x)| = 0.00136799
y offset = 0
Number of Iterations = 5
Elapsed Time = 0.000335455 s

Function evaluations:
  Objective    (*fn, *ofg):      33 (17, 16)
  Gradient     (*ofg):           11
  Constraints  (cfn, ccfsg):     41 (17, 24)
  Jacobian     (ccfsg):          12
  Hessian prod (*hprod):         10

Normal iterations = 5
Average number of normal iterations = 1
Maximum number of normal iterations during one iteration = 2
Iterations with 0  normal iterations = 1
Iterations with 1  normal iteration  = 3
Iterations with 2+ normal iterations = 1
Restorations = 12
Average number of restorations per normal iteration = 2
**********************************************************
Done
Setup time: 0
Execution time: 0.003333
