sifdecoder -A pc64.lnx.gfo  CHANDHEQ

 Problem name: CHANDHEQ

 Double precision version will be formed

 
 There are 100 nonlinear equality constraints
 
 There are 100 variables bounded only from below 
 
 
 File successfully decoded
/home/abel/documentos/dcicpp-newrun/output-dcicpp-fast-2016-11-24--16:02
No tools
make: *** No rule to make target 'dcicpp'.  Stop.
Starting
Solving
Showing
**********************************************************
Problem name: CHANDHEQ

Number of Variables: 100
Number of Constraints: 100
             Equality: 100
           has_inequality: 0

EXIT: The Algorithm has Converged
f(x) = 0
|c(x)| = 9.87253e-07
|g(x) + J(x)'*y| = 0
|J(x)'c(x)| = 5.72836e-07
y offset = 0
Number of Iterations = 1
Elapsed Time = 0.0348253 s

Function evaluations:
  Objective    (*fn, *ofg):       8 (3, 5)
  Gradient     (*ofg):            4
  Constraints  (cfn, ccfsg):     40 (3, 37)
  Jacobian     (ccfsg):           6
  Hessian prod (*hprod):          0

Normal iterations = 2
Average number of normal iterations = 2
Maximum number of normal iterations during one iteration = 2
Iterations with 0  normal iterations = 0
Iterations with 1  normal iteration  = 0
Iterations with 2+ normal iterations = 1
Restorations = 31
Average number of restorations per normal iteration = 15
**********************************************************
Done
Setup time: 0.13
Execution time: 0.103334
