sifdecoder -A pc64.lnx.gfo  CONGIGMZ

 Problem name: CONGIGMZ

 Double precision version will be formed

 The objective function uses 1 linear group
 
 There are 3 linear inequality constraints
 There are 2 nonlinear inequality constraints
 
 There are 3 free variables
 
 
 File successfully decoded
/home/abel/documentos/dcicpp-newrun/output-dcicpp-fast-2016-11-24--16:02
No tools
make: *** No rule to make target 'dcicpp'.  Stop.
Starting
Solving
Showing
**********************************************************
Problem name: CONGIGMZ

Number of Variables: 3
Number of Constraints: 5
             Equality: 0
           has_inequality: 5

EXIT: The Algorithm has Converged
f(x) = 28
|c(x)| = 9.97496e-11
|g(x) + J(x)'*y| = 2.02075e-08
|J(x)'c(x)| = 0
y offset = 0
Number of Iterations = 4
Elapsed Time = 0.00275612 s

Function evaluations:
  Objective    (*fn, *ofg):      27 (14, 13)
  Gradient     (*ofg):            9
  Constraints  (cfn, ccfsg):    512 (14, 498)
  Jacobian     (ccfsg):          85
  Hessian prod (*hprod):          3

Normal iterations = 4
Average number of normal iterations = 1
Maximum number of normal iterations during one iteration = 3
Iterations with 0  normal iterations = 2
Iterations with 1  normal iteration  = 1
Iterations with 2+ normal iterations = 1
Restorations = 414
Average number of restorations per normal iteration = 103
**********************************************************
Done
Setup time: 0
Execution time: 0.009999
