sifdecoder -A pc64.lnx.gfo  DEGENLPA

 Problem name: DEGENLPA

 Double precision version will be formed

 The objective function uses 1 linear group
 
 There are 15 linear equality constraints
 
 There are 20 variables bounded from below and above 
 
 
 File successfully decoded
/home/abel/documentos/dcicpp-newrun/output-dcicpp-fast-2016-11-24--16:02
No tools
make: *** No rule to make target 'dcicpp'.  Stop.
Starting
Solving
diagonal below threshold
Status = 2
File   = ../Core/cholmod_common.c
Line   = 707
Showing
**********************************************************
Problem name: DEGENLPA

Number of Variables: 20
Number of Constraints: 15
             Equality: 15
           has_inequality: 0

EXIT: The Algorithm has Converged
Cholesky failed
f(x) = 30.7313
|c(x)| = 6.2023e-08
|g(x) + J(x)'*y| = 2.09286e-07
|J(x)'c(x)| = 3.49439e-07
y offset = 0
Number of Iterations = 2
Elapsed Time = 0.0123532 s

Function evaluations:
  Objective    (*fn, *ofg):      98 (92, 6)
  Gradient     (*ofg):            4
  Constraints  (cfn, ccfsg):   1553 (92, 1461)
  Jacobian     (ccfsg):         499
  Hessian prod (*hprod):          1

Normal iterations = 2
Average number of normal iterations = 1
Maximum number of normal iterations during one iteration = 1
Iterations with 0  normal iterations = 0
Iterations with 1  normal iteration  = 2
Iterations with 2+ normal iterations = 0
Restorations = 962
Average number of restorations per normal iteration = 481
**********************************************************
Done
Setup time: 0.003333
Execution time: 0.036666
