sifdecoder -A pc64.lnx.gfo  DEMBO7

 Problem name: DEMBO7

 Double precision version will be formed

 The objective function uses 1 nonlinear group
 
 There are 20 nonlinear inequality constraints
 
 There are 16 variables bounded from below and above 
 
 
 File successfully decoded
/home/abel/documentos/dcicpp-newrun/output-dcicpp-fast-2016-11-24--16:02
No tools
make: *** No rule to make target 'dcicpp'.  Stop.
Starting
Solving
diagonal below threshold
Status = 2
File   = ../Core/cholmod_common.c
Line   = 719
Showing
**********************************************************
Problem name: DEMBO7  

Number of Variables: 16
Number of Constraints: 20
             Equality: 0
           has_inequality: 20

EXIT: The Algorithm has Converged
Cholesky failed
f(x) = 174.787
|c(x)| = 9.21235e-07
|g(x) + J(x)'*y| = 1.51026e-07
|J(x)'c(x)| = 7.41837e-07
y offset = 0.00505745
Number of Iterations = 40
Elapsed Time = 0.0440769 s

Function evaluations:
  Objective    (*fn, *ofg):     466 (383, 83)
  Gradient     (*ofg):           43
  Constraints  (cfn, ccfsg):   4012 (383, 3629)
  Jacobian     (ccfsg):        1234
  Hessian prod (*hprod):         45

Normal iterations = 12
Average number of normal iterations = 0.3
Maximum number of normal iterations during one iteration = 2
Iterations with 0  normal iterations = 29
Iterations with 1  normal iteration  = 10
Iterations with 2+ normal iterations = 1
Restorations = 2395
Average number of restorations per normal iteration = 199
**********************************************************
Done
Setup time: 0
Execution time: 0.169999
