sifdecoder -A pc64.lnx.gfo  DISC2

 Problem name: DISC2

 Double precision version will be formed

 The objective function uses 1 linear group
 
 There are 17 nonlinear equality constraints
 There are 6 nonlinear inequality constraints
 
 There are 22 free variables
 There are 7 variables bounded from below and above 
 
 
 File successfully decoded
/home/abel/documentos/dcicpp-newrun/output-dcicpp-fast-2016-11-24--16:02
No tools
make: *** No rule to make target 'dcicpp'.  Stop.
Starting
Solving
Showing
**********************************************************
Problem name: DISC2   

Number of Variables: 29
Number of Constraints: 23
             Equality: 17
           has_inequality: 6

EXIT: The Algorithm has Converged
f(x) = 1.5625
|c(x)| = 1.75916e-07
|g(x) + J(x)'*y| = 3.12224e-07
|J(x)'c(x)| = 8.17192e-07
y offset = 1.86573e-07
Number of Iterations = 13
Elapsed Time = 0.00404572 s

Function evaluations:
  Objective    (*fn, *ofg):      58 (28, 30)
  Gradient     (*ofg):           17
  Constraints  (cfn, ccfsg):    291 (28, 263)
  Jacobian     (ccfsg):          67
  Hessian prod (*hprod):         26

Normal iterations = 6
Average number of normal iterations = 0.461538
Maximum number of normal iterations during one iteration = 1
Iterations with 0  normal iterations = 7
Iterations with 1  normal iteration  = 6
Iterations with 2+ normal iterations = 0
Restorations = 196
Average number of restorations per normal iteration = 32
**********************************************************
Done
Setup time: 0.003333
Execution time: 0.009999
