sifdecoder -A pc64.lnx.gfo  DIXCHLNG

 Problem name: DIXCHLNG

 Double precision version will be formed

 The objective function uses 49 nonlinear groups
 
 There are 5 nonlinear equality constraints
 
 There are 10 free variables
 
 
 File successfully decoded
/home/abel/documentos/dcicpp-newrun/output-dcicpp-fast-2016-11-24--16:02
No tools
make: *** No rule to make target 'dcicpp'.  Stop.
Starting
Solving
Showing
**********************************************************
Problem name: DIXCHLNG

Number of Variables: 10
Number of Constraints: 5
             Equality: 5
           has_inequality: 0

EXIT: The Algorithm has Converged
f(x) = 2471.9
|c(x)| = 2.5342e-12
|g(x) + J(x)'*y| = 1.78661e-07
|J(x)'c(x)| = 1.31542e-05
y offset = 0
Number of Iterations = 8
Elapsed Time = 0.000658989 s

Function evaluations:
  Objective    (*fn, *ofg):      34 (14, 20)
  Gradient     (*ofg):           12
  Constraints  (cfn, ccfsg):     30 (14, 16)
  Jacobian     (ccfsg):          11
  Hessian prod (*hprod):         32

Normal iterations = 5
Average number of normal iterations = 0.625
Maximum number of normal iterations during one iteration = 2
Iterations with 0  normal iterations = 4
Iterations with 1  normal iteration  = 3
Iterations with 2+ normal iterations = 1
Restorations = 5
Average number of restorations per normal iteration = 1
**********************************************************
Done
Setup time: 0
Execution time: 0.003333
