sifdecoder -A pc64.lnx.gfo  DNIEPER

 Problem name: DNIEPER

 Double precision version will be formed

 The objective function uses 1 nonlinear group
 
 There are 24 nonlinear equality constraints
 
 There is 1 free variable 
 There are 56 variables bounded from below and above 
 There are 4 fixed variables
 
 
 File successfully decoded
/home/abel/documentos/dcicpp-newrun/output-dcicpp-fast-2016-11-24--16:02
No tools
make: *** No rule to make target 'dcicpp'.  Stop.
NOPE preprocessing removed 4 variables
Starting
Solving
ERROR
assert failed
Status = -1
File   = assert
Line   = -1
Exception: assert failed
