sifdecoder -A pc64.lnx.gfo  DQDRTIC

 Problem name: DQDRTIC

 Double precision version will be formed

 The objective function uses 14994 linear groups
 
 There are 5000 free variables
 
 
 File successfully decoded
/home/abel/documentos/dcicpp-newrun/output-dcicpp-fast-2016-11-24--16:02
No tools
make: *** No rule to make target 'dcicpp'.  Stop.
Starting
Solving
Showing
**********************************************************
Problem name: DQDRTIC 

Number of Variables: 5000
Number of Constraints: 0
             Equality: 0
           has_inequality: 0

EXIT: The Algorithm has Converged
f(x) = 8.13283e-06
|c(x)| = 0
|g(x) + J(x)'*y| = 7.98881e-08
|J(x)'c(x)| = 0
y offset = 0
Number of Iterations = 3
Elapsed Time = 0.0101752 s

Function evaluations:
  Objective    (*fn, *ofg):      12 (5, 7)
  Gradient     (*ofg):            4
  Constraints  (cfn, ccfsg):      0 (0, 0)
  Jacobian     (ccfsg):           0
  Hessian prod (*hprod):          6

Normal iterations = 0
Average number of normal iterations = 0
Maximum number of normal iterations during one iteration = 0
Iterations with 0  normal iterations = 3
Iterations with 1  normal iteration  = 0
Iterations with 2+ normal iterations = 0
Restorations = 0
Average number of restorations per normal iteration = NA
**********************************************************
Done
Setup time: 0.140001
Execution time: 0.043333
