sifdecoder -A pc64.lnx.gfo  DUALC2

 Problem name: DUALC2

 Double precision version will be formed

 The objective function uses 1 nonlinear group
 
 There is 1 linear equality constraint
 There are 228 linear inequality constraints
 
 There are 7 variables bounded from below and above 
 
 
 File successfully decoded
/home/abel/documentos/dcicpp-newrun/output-dcicpp-fast-2016-11-24--16:02
No tools
make: *** No rule to make target 'dcicpp'.  Stop.
Starting
Solving
Showing
**********************************************************
Problem name: DUALC2  

Number of Variables: 7
Number of Constraints: 229
             Equality: 1
           has_inequality: 228

EXIT: The maximum number of restorarions was reached
f(x) = 32903.8
|c(x)| = 0.00389541
|g(x) + J(x)'*y| = 0.027075
|J(x)'c(x)| = 0.000711603
y offset = 5.95339e-05
Number of Iterations = 2
Elapsed Time = 17.0489 s

Function evaluations:
  Objective    (*fn, *ofg):    1699 (1693, 6)
  Gradient     (*ofg):            4
  Constraints  (cfn, ccfsg):  17623 (1693, 15930)
  Jacobian     (ccfsg):        5874
  Hessian prod (*hprod):          2

Normal iterations = 2
Average number of normal iterations = 1
Maximum number of normal iterations during one iteration = 1
Iterations with 0  normal iterations = 0
Iterations with 1  normal iteration  = 2
Iterations with 2+ normal iterations = 0
Restorations = 10056
Average number of restorations per normal iteration = 5028
**********************************************************
Done
Setup time: 0.003333
Execution time: 17.2933
