sifdecoder -A pc64.lnx.gfo  EG2

 Problem name: EG2

 Double precision version will be formed

 The objective function uses 1000 nonlinear groups
 
 There are 1000 free variables
 
 
 File successfully decoded
/home/abel/documentos/dcicpp-newrun/output-dcicpp-fast-2016-11-24--16:02
No tools
make: *** No rule to make target 'dcicpp'.  Stop.
Starting
Solving
Showing
**********************************************************
Problem name: EG2     

Number of Variables: 1000
Number of Constraints: 0
             Equality: 0
           has_inequality: 0

EXIT: The Algorithm has Converged
f(x) = -998.947
|c(x)| = 0
|g(x) + J(x)'*y| = 7.08856e-12
|J(x)'c(x)| = 0
y offset = 0
Number of Iterations = 4
Elapsed Time = 0.00232434 s

Function evaluations:
  Objective    (*fn, *ofg):      15 (6, 9)
  Gradient     (*ofg):            5
  Constraints  (cfn, ccfsg):      0 (0, 0)
  Jacobian     (ccfsg):           0
  Hessian prod (*hprod):          3

Normal iterations = 0
Average number of normal iterations = 0
Maximum number of normal iterations during one iteration = 0
Iterations with 0  normal iterations = 4
Iterations with 1  normal iteration  = 0
Iterations with 2+ normal iterations = 0
Restorations = 0
Average number of restorations per normal iteration = NA
**********************************************************
Done
Setup time: 0.013332
Execution time: 0.006667
