sifdecoder -A pc64.lnx.gfo  EQC

 Problem name: EQC

 Double precision version will be formed

 The objective function uses 17 nonlinear groups
 
 There are 3 linear inequality constraints
 
 There are 7 variables bounded from below and above 
 There are 2 fixed variables
 
 
 File successfully decoded
/home/abel/documentos/dcicpp-newrun/output-dcicpp-fast-2016-11-24--16:02
No tools
make: *** No rule to make target 'dcicpp'.  Stop.
NOPE preprocessing removed 2 variables
Starting
Solving
Showing
**********************************************************
Problem name: EQC     

Number of Variables: 7
Number of Constraints: 3
             Equality: 0
           has_inequality: 3

EXIT: The Algorithm has Converged
f(x) = -829.546
|c(x)| = 2.6074e-16
|g(x) + J(x)'*y| = 1.53299e-07
|J(x)'c(x)| = 6.95293e-310
y offset = 0
Number of Iterations = 6
Elapsed Time = 0.000385046 s

Function evaluations:
  Objective    (*fn, *ofg):      21 (8, 13)
  Gradient     (*ofg):            7
  Constraints  (cfn, ccfsg):     14 (8, 6)
  Jacobian     (ccfsg):           6
  Hessian prod (*hprod):          5

Normal iterations = 0
Average number of normal iterations = 0
Maximum number of normal iterations during one iteration = 0
Iterations with 0  normal iterations = 6
Iterations with 1  normal iteration  = 0
Iterations with 2+ normal iterations = 0
Restorations = 0
Average number of restorations per normal iteration = NA
**********************************************************
Done
Setup time: 0
Execution time: 0.003333
