sifdecoder -A pc64.lnx.gfo  GIGOMEZ3

 Problem name: GIGOMEZ3

 Double precision version will be formed

 The objective function uses 1 linear group
 
 There are 3 nonlinear inequality constraints
 
 There are 3 free variables
 
 
 File successfully decoded
/home/abel/documentos/dcicpp-newrun/output-dcicpp-fast-2016-11-24--16:02
No tools
make: *** No rule to make target 'dcicpp'.  Stop.
Starting
Solving
Showing
**********************************************************
Problem name: GIGOMEZ3

Number of Variables: 3
Number of Constraints: 3
             Equality: 0
           has_inequality: 3

EXIT: The Algorithm has Converged
f(x) = 2
|c(x)| = 1.12323e-08
|g(x) + J(x)'*y| = 7.3213e-09
|J(x)'c(x)| = 5.57279e-06
y offset = 0
Number of Iterations = 23
Elapsed Time = 0.000636578 s

Function evaluations:
  Objective    (*fn, *ofg):      86 (35, 51)
  Gradient     (*ofg):           28
  Constraints  (cfn, ccfsg):     72 (35, 37)
  Jacobian     (ccfsg):          26
  Hessian prod (*hprod):         34

Normal iterations = 6
Average number of normal iterations = 0.26087
Maximum number of normal iterations during one iteration = 2
Iterations with 0  normal iterations = 18
Iterations with 1  normal iteration  = 4
Iterations with 2+ normal iterations = 1
Restorations = 11
Average number of restorations per normal iteration = 1
**********************************************************
Done
Setup time: 0
Execution time: 0.003333
