sifdecoder -A pc64.lnx.gfo  HEART8

 Problem name: HEART8

 Double precision version will be formed

 
 There are 2 linear equality constraints
 There are 6 nonlinear equality constraints
 
 There are 8 free variables
 
 
 File successfully decoded
/home/abel/documentos/dcicpp-newrun/output-dcicpp-fast-2016-11-24--16:02
No tools
make: *** No rule to make target 'dcicpp'.  Stop.
Starting
diagonal below threshold
Status = 2
File   = ../Core/cholmod_common.c
Line   = 719
Solving
Showing
**********************************************************
Problem name: HEART8  

Number of Variables: 8
Number of Constraints: 8
             Equality: 8
           has_inequality: 0

EXIT: The Algorithm has Converged
Cholesky failed
f(x) = 0
|c(x)| = 1.48804e-11
|g(x) + J(x)'*y| = 0
|J(x)'c(x)| = 0.000604283
y offset = 0
Number of Iterations = 1
Elapsed Time = 0.000613451 s

Function evaluations:
  Objective    (*fn, *ofg):       8 (3, 5)
  Gradient     (*ofg):            4
  Constraints  (cfn, ccfsg):     68 (3, 65)
  Jacobian     (ccfsg):          17
  Hessian prod (*hprod):          0

Normal iterations = 2
Average number of normal iterations = 2
Maximum number of normal iterations during one iteration = 2
Iterations with 0  normal iterations = 0
Iterations with 1  normal iteration  = 0
Iterations with 2+ normal iterations = 1
Restorations = 48
Average number of restorations per normal iteration = 24
**********************************************************
Done
Setup time: 0
Execution time: 6.8748e-10
