sifdecoder -A pc64.lnx.gfo  HILBERTB

 Problem name: HILBERTB

 Double precision version will be formed

 The objective function uses 55 nonlinear groups
 
 There are 10 free variables
 
 
 File successfully decoded
/home/abel/documentos/dcicpp-newrun/output-dcicpp-fast-2016-11-24--16:02
No tools
make: *** No rule to make target 'dcicpp'.  Stop.
Starting
Solving
Showing
**********************************************************
Problem name: HILBERTB

Number of Variables: 10
Number of Constraints: 0
             Equality: 0
           has_inequality: 0

EXIT: The Algorithm has Converged
f(x) = 1.11466e-10
|c(x)| = 0
|g(x) + J(x)'*y| = 9.86962e-08
|J(x)'c(x)| = 6.95299e-310
y offset = 0
Number of Iterations = 3
Elapsed Time = 0.000217438 s

Function evaluations:
  Objective    (*fn, *ofg):      12 (5, 7)
  Gradient     (*ofg):            4
  Constraints  (cfn, ccfsg):      0 (0, 0)
  Jacobian     (ccfsg):           0
  Hessian prod (*hprod):          4

Normal iterations = 0
Average number of normal iterations = 0
Maximum number of normal iterations during one iteration = 0
Iterations with 0  normal iterations = 3
Iterations with 1  normal iteration  = 0
Iterations with 2+ normal iterations = 0
Restorations = 0
Average number of restorations per normal iteration = NA
**********************************************************
Done
Setup time: 0
Execution time: -5.66244e-13
