sifdecoder -A pc64.lnx.gfo  HIMMELBJ

 Problem name: HIMMELBJ

 Double precision version will be formed

 The objective function uses 1 nonlinear group
 
 There are 14 linear equality constraints
 
 There are 43 variables bounded only from below 
 There are 2 fixed variables
 
 
 File successfully decoded
/home/abel/documentos/dcicpp-newrun/output-dcicpp-fast-2016-11-24--16:02
No tools
make: *** No rule to make target 'dcicpp'.  Stop.
NOPE preprocessing removed 2 variables
Starting
Solving
Showing
**********************************************************
Problem name: HIMMELBJ

Number of Variables: 43
Number of Constraints: 14
             Equality: 14
           has_inequality: 0

EXIT: The maximum number of restorarions was reached
f(x) = -1755.25
|c(x)| = 0.0042889
|g(x) + J(x)'*y| = 7.034
|J(x)'c(x)| = 0.00994008
y offset = 0
Number of Iterations = 2
Elapsed Time = 0.201719 s

Function evaluations:
  Objective    (*fn, *ofg):     417 (411, 6)
  Gradient     (*ofg):            4
  Constraints  (cfn, ccfsg):  13506 (411, 13095)
  Jacobian     (ccfsg):        3086
  Hessian prod (*hprod):         15

Normal iterations = 2
Average number of normal iterations = 1
Maximum number of normal iterations during one iteration = 1
Iterations with 0  normal iterations = 0
Iterations with 1  normal iteration  = 2
Iterations with 2+ normal iterations = 0
Restorations = 10009
Average number of restorations per normal iteration = 5004
**********************************************************
Done
Setup time: 0.003333
Execution time: 0.356665
