sifdecoder -A pc64.lnx.gfo  HONG

 Problem name: HONG

 Double precision version will be formed

 The objective function uses 1 nonlinear group
 
 There is 1 linear equality constraint
 
 There are 4 variables bounded from below and above 
 
 
 File successfully decoded
/home/abel/documentos/dcicpp-newrun/output-dcicpp-fast-2016-11-24--16:02
No tools
make: *** No rule to make target 'dcicpp'.  Stop.
Starting
Solving
Showing
**********************************************************
Problem name: HONG    

Number of Variables: 4
Number of Constraints: 1
             Equality: 1
           has_inequality: 0

EXIT: The Algorithm has Converged
f(x) = 22.5711
|c(x)| = 0
|g(x) + J(x)'*y| = 6.34986e-07
|J(x)'c(x)| = 0.000201995
y offset = 0
Number of Iterations = 5
Elapsed Time = 0.000349998 s

Function evaluations:
  Objective    (*fn, *ofg):      20 (7, 13)
  Gradient     (*ofg):            8
  Constraints  (cfn, ccfsg):     22 (7, 15)
  Jacobian     (ccfsg):           9
  Hessian prod (*hprod):         12

Normal iterations = 2
Average number of normal iterations = 0.4
Maximum number of normal iterations during one iteration = 1
Iterations with 0  normal iterations = 3
Iterations with 1  normal iteration  = 2
Iterations with 2+ normal iterations = 0
Restorations = 6
Average number of restorations per normal iteration = 3
**********************************************************
Done
Setup time: 0.003333
Execution time: -5.66244e-13
