sifdecoder -A pc64.lnx.gfo  HS106

 Problem name: HS106

 Double precision version will be formed

 The objective function uses 1 linear group
 
 There are 3 linear inequality constraints
 There are 3 nonlinear inequality constraints
 
 There are 8 variables bounded from below and above 
 
 
 File successfully decoded
/home/abel/documentos/dcicpp-newrun/output-dcicpp-fast-2016-11-24--16:02
No tools
make: *** No rule to make target 'dcicpp'.  Stop.
Starting
Solving
Showing
**********************************************************
Problem name: HS106   

Number of Variables: 8
Number of Constraints: 6
             Equality: 0
           has_inequality: 6

EXIT: The maximum number of restorarions was reached
f(x) = 7079.67
|c(x)| = 0.381373
|g(x) + J(x)'*y| = 0.00443621
|J(x)'c(x)| = 346.037
y offset = 0
Number of Iterations = 7
Elapsed Time = 0.0739954 s

Function evaluations:
  Objective    (*fn, *ofg):     346 (331, 15)
  Gradient     (*ofg):            8
  Constraints  (cfn, ccfsg):  12783 (331, 12452)
  Jacobian     (ccfsg):        2107
  Hessian prod (*hprod):        129

Normal iterations = 6
Average number of normal iterations = 0.857143
Maximum number of normal iterations during one iteration = 1
Iterations with 0  normal iterations = 1
Iterations with 1  normal iteration  = 6
Iterations with 2+ normal iterations = 0
Restorations = 10345
Average number of restorations per normal iteration = 1724
**********************************************************
Done
Setup time: 0.003333
Execution time: 0.253332
