sifdecoder -A pc64.lnx.gfo  HS10

 Problem name: HS10

 Double precision version will be formed

 The objective function uses 1 linear group
 
 There is 1 nonlinear inequality constraint
 
 There are 2 free variables
 
 
 File successfully decoded
/home/abel/documentos/dcicpp-newrun/output-dcicpp-fast-2016-11-24--16:02
No tools
make: *** No rule to make target 'dcicpp'.  Stop.
Starting
Solving
Showing
**********************************************************
Problem name: HS10    

Number of Variables: 2
Number of Constraints: 1
             Equality: 0
           has_inequality: 1

EXIT: The Algorithm has Converged
f(x) = -1
|c(x)| = 6.80095e-13
|g(x) + J(x)'*y| = 2.23426e-08
|J(x)'c(x)| = 3.80858e-06
y offset = 0
Number of Iterations = 7
Elapsed Time = 0.000474691 s

Function evaluations:
  Objective    (*fn, *ofg):      30 (11, 19)
  Gradient     (*ofg):           12
  Constraints  (cfn, ccfsg):     51 (11, 40)
  Jacobian     (ccfsg):          15
  Hessian prod (*hprod):          7

Normal iterations = 5
Average number of normal iterations = 0.714286
Maximum number of normal iterations during one iteration = 2
Iterations with 0  normal iterations = 3
Iterations with 1  normal iteration  = 3
Iterations with 2+ normal iterations = 1
Restorations = 25
Average number of restorations per normal iteration = 5
**********************************************************
Done
Setup time: 0
Execution time: 0.003333
