sifdecoder -A pc64.lnx.gfo  HS119

 Problem name: HS119

 Double precision version will be formed

 The objective function uses 16 nonlinear groups
 
 There are 8 linear equality constraints
 
 There are 16 variables bounded from below and above 
 
 
 File successfully decoded
/home/abel/documentos/dcicpp-newrun/output-dcicpp-fast-2016-11-24--16:02
No tools
make: *** No rule to make target 'dcicpp'.  Stop.
Starting
Solving
Showing
**********************************************************
Problem name: HS119   

Number of Variables: 16
Number of Constraints: 8
             Equality: 8
           has_inequality: 0

EXIT: The Algorithm has Converged
f(x) = 1292.35
|c(x)| = 6.74031e-07
|g(x) + J(x)'*y| = 8.63598e-07
|J(x)'c(x)| = 3.40526e-06
y offset = 0
Number of Iterations = 5
Elapsed Time = 0.00356174 s

Function evaluations:
  Objective    (*fn, *ofg):      19 (7, 12)
  Gradient     (*ofg):            7
  Constraints  (cfn, ccfsg):    417 (7, 410)
  Jacobian     (ccfsg):          56
  Hessian prod (*hprod):         22

Normal iterations = 2
Average number of normal iterations = 0.4
Maximum number of normal iterations during one iteration = 1
Iterations with 0  normal iterations = 3
Iterations with 1  normal iteration  = 2
Iterations with 2+ normal iterations = 0
Restorations = 354
Average number of restorations per normal iteration = 177
**********************************************************
Done
Setup time: 0.003333
Execution time: 0.013333
