sifdecoder -A pc64.lnx.gfo  HS12

 Problem name: HS12

 Double precision version will be formed

 The objective function uses 1 nonlinear group
 
 There is 1 nonlinear inequality constraint
 
 There are 2 free variables
 
 
 File successfully decoded
/home/abel/documentos/dcicpp-newrun/output-dcicpp-fast-2016-11-24--16:02
No tools
make: *** No rule to make target 'dcicpp'.  Stop.
Starting
Solving
Showing
**********************************************************
Problem name: HS12    

Number of Variables: 2
Number of Constraints: 1
             Equality: 0
           has_inequality: 1

EXIT: The Algorithm has Converged
f(x) = -30
|c(x)| = 8.15979e-07
|g(x) + J(x)'*y| = 1.30271e-08
|J(x)'c(x)| = 0.0324374
y offset = 0
Number of Iterations = 7
Elapsed Time = 0.000396252 s

Function evaluations:
  Objective    (*fn, *ofg):      35 (17, 18)
  Gradient     (*ofg):           11
  Constraints  (cfn, ccfsg):     39 (17, 22)
  Jacobian     (ccfsg):          11
  Hessian prod (*hprod):         16

Normal iterations = 5
Average number of normal iterations = 0.714286
Maximum number of normal iterations during one iteration = 2
Iterations with 0  normal iterations = 3
Iterations with 1  normal iteration  = 3
Iterations with 2+ normal iterations = 1
Restorations = 11
Average number of restorations per normal iteration = 2
**********************************************************
Done
Setup time: 0.003333
Execution time: -5.66244e-13
