sifdecoder -A pc64.lnx.gfo  HS17

 Problem name: HS17

 Double precision version will be formed

 The objective function uses 1 nonlinear group
 
 There are 2 nonlinear inequality constraints
 
 There is 1 variable bounded only from above 
 There is 1 variable bounded from below and above 
 
 
 File successfully decoded
/home/abel/documentos/dcicpp-newrun/output-dcicpp-fast-2016-11-24--16:02
No tools
make: *** No rule to make target 'dcicpp'.  Stop.
Starting
Solving
Showing
**********************************************************
Problem name: HS17    

Number of Variables: 2
Number of Constraints: 2
             Equality: 0
           has_inequality: 2

EXIT: The Algorithm has Converged
f(x) = 1
|c(x)| = 7.83211e-07
|g(x) + J(x)'*y| = 3.44348e-08
|J(x)'c(x)| = 0.00250355
y offset = 0
Number of Iterations = 9
Elapsed Time = 0.000623941 s

Function evaluations:
  Objective    (*fn, *ofg):      84 (61, 23)
  Gradient     (*ofg):           14
  Constraints  (cfn, ccfsg):    121 (61, 60)
  Jacobian     (ccfsg):          19
  Hessian prod (*hprod):         50

Normal iterations = 9
Average number of normal iterations = 1
Maximum number of normal iterations during one iteration = 2
Iterations with 0  normal iterations = 1
Iterations with 1  normal iteration  = 7
Iterations with 2+ normal iterations = 1
Restorations = 41
Average number of restorations per normal iteration = 4
**********************************************************
Done
Setup time: 0
Execution time: 0.003333
