sifdecoder -A pc64.lnx.gfo  HS19

 Problem name: HS19

 Double precision version will be formed

 The objective function uses 1 nonlinear group
 
 There are 2 nonlinear inequality constraints
 
 There are 2 variables bounded from below and above 
 
 
 File successfully decoded
/home/abel/documentos/dcicpp-newrun/output-dcicpp-fast-2016-11-24--16:02
No tools
make: *** No rule to make target 'dcicpp'.  Stop.
Starting
Solving
Showing
**********************************************************
Problem name: HS19    

Number of Variables: 2
Number of Constraints: 2
             Equality: 0
           has_inequality: 2

EXIT: The Algorithm has Converged
f(x) = -6961.81
|c(x)| = 4.42326e-08
|g(x) + J(x)'*y| = 3.42717e-07
|J(x)'c(x)| = 0.00253918
y offset = 0
Number of Iterations = 6
Elapsed Time = 0.000580311 s

Function evaluations:
  Objective    (*fn, *ofg):      32 (16, 16)
  Gradient     (*ofg):           10
  Constraints  (cfn, ccfsg):     81 (16, 65)
  Jacobian     (ccfsg):          20
  Hessian prod (*hprod):         10

Normal iterations = 3
Average number of normal iterations = 0.5
Maximum number of normal iterations during one iteration = 1
Iterations with 0  normal iterations = 3
Iterations with 1  normal iteration  = 3
Iterations with 2+ normal iterations = 0
Restorations = 45
Average number of restorations per normal iteration = 15
**********************************************************
Done
Setup time: 0
Execution time: 0.003333
