sifdecoder -A pc64.lnx.gfo  HS29

 Problem name: HS29

 Double precision version will be formed

 The objective function uses 1 nonlinear group
 
 There is 1 nonlinear inequality constraint
 
 There are 3 free variables
 
 
 File successfully decoded
/home/abel/documentos/dcicpp-newrun/output-dcicpp-fast-2016-11-24--16:02
No tools
make: *** No rule to make target 'dcicpp'.  Stop.
Starting
Solving
Showing
**********************************************************
Problem name: HS29    

Number of Variables: 3
Number of Constraints: 1
             Equality: 0
           has_inequality: 1

EXIT: The Algorithm has Converged
f(x) = -22.6274
|c(x)| = 4.53037e-07
|g(x) + J(x)'*y| = 1.36604e-08
|J(x)'c(x)| = 0.00904585
y offset = 0
Number of Iterations = 29
Elapsed Time = 0.000843048 s

Function evaluations:
  Objective    (*fn, *ofg):     183 (108, 75)
  Gradient     (*ofg):           46
  Constraints  (cfn, ccfsg):    173 (108, 65)
  Jacobian     (ccfsg):          39
  Hessian prod (*hprod):        107

Normal iterations = 19
Average number of normal iterations = 0.655172
Maximum number of normal iterations during one iteration = 1
Iterations with 0  normal iterations = 10
Iterations with 1  normal iteration  = 19
Iterations with 2+ normal iterations = 0
Restorations = 26
Average number of restorations per normal iteration = 1
**********************************************************
Done
Setup time: 0
Execution time: 0.006666
