sifdecoder -A pc64.lnx.gfo  HS32

 Problem name: HS32

 Double precision version will be formed

 The objective function uses 1 nonlinear group
 
 There is 1 linear equality constraint
 There is 1 nonlinear inequality constraint
 
 There are 3 variables bounded only from below 
 
 
 File successfully decoded
/home/abel/documentos/dcicpp-newrun/output-dcicpp-fast-2016-11-24--16:02
No tools
make: *** No rule to make target 'dcicpp'.  Stop.
Starting
Solving
Showing
**********************************************************
Problem name: HS32    

Number of Variables: 3
Number of Constraints: 2
             Equality: 1
           has_inequality: 1

EXIT: The Algorithm has Converged
f(x) = 1
|c(x)| = 2.4242e-11
|g(x) + J(x)'*y| = 1.69763e-12
|J(x)'c(x)| = 1.92296e-16
y offset = 0
Number of Iterations = 9
Elapsed Time = 0.000450373 s

Function evaluations:
  Objective    (*fn, *ofg):      38 (19, 19)
  Gradient     (*ofg):           10
  Constraints  (cfn, ccfsg):     53 (19, 34)
  Jacobian     (ccfsg):          15
  Hessian prod (*hprod):          9

Normal iterations = 2
Average number of normal iterations = 0.222222
Maximum number of normal iterations during one iteration = 1
Iterations with 0  normal iterations = 7
Iterations with 1  normal iteration  = 2
Iterations with 2+ normal iterations = 0
Restorations = 19
Average number of restorations per normal iteration = 9
**********************************************************
Done
Setup time: 0.003333
Execution time: -5.66244e-13
