sifdecoder -A pc64.lnx.gfo  HS33

 Problem name: HS33

 Double precision version will be formed

 The objective function uses 1 nonlinear group
 
 There are 2 nonlinear inequality constraints
 
 There are 2 variables bounded only from below 
 There is 1 variable bounded from below and above 
 
 
 File successfully decoded
/home/abel/documentos/dcicpp-newrun/output-dcicpp-fast-2016-11-24--16:02
No tools
make: *** No rule to make target 'dcicpp'.  Stop.
Starting
Solving
Showing
**********************************************************
Problem name: HS33    

Number of Variables: 3
Number of Constraints: 2
             Equality: 0
           has_inequality: 2

EXIT: The Algorithm has Converged
f(x) = -4.58579
|c(x)| = 9.67871e-07
|g(x) + J(x)'*y| = 5.52752e-09
|J(x)'c(x)| = 4.43198e-06
y offset = 0
Number of Iterations = 28
Elapsed Time = 0.000935078 s

Function evaluations:
  Objective    (*fn, *ofg):     163 (101, 62)
  Gradient     (*ofg):           34
  Constraints  (cfn, ccfsg):    167 (101, 66)
  Jacobian     (ccfsg):          35
  Hessian prod (*hprod):         83

Normal iterations = 11
Average number of normal iterations = 0.392857
Maximum number of normal iterations during one iteration = 2
Iterations with 0  normal iterations = 18
Iterations with 1  normal iteration  = 9
Iterations with 2+ normal iterations = 1
Restorations = 31
Average number of restorations per normal iteration = 2
**********************************************************
Done
Setup time: 0
Execution time: 0.003333
