sifdecoder -A pc64.lnx.gfo  HS60

 Problem name: HS60

 Double precision version will be formed

 The objective function uses 1 nonlinear group
 
 There is 1 nonlinear equality constraint
 
 There are 3 variables bounded from below and above 
 
 
 File successfully decoded
/home/abel/documentos/dcicpp-newrun/output-dcicpp-fast-2016-11-24--16:02
No tools
make: *** No rule to make target 'dcicpp'.  Stop.
Starting
Solving
Showing
**********************************************************
Problem name: HS60    

Number of Variables: 3
Number of Constraints: 1
             Equality: 1
           has_inequality: 0

EXIT: The Algorithm has Converged
f(x) = 0.0325682
|c(x)| = 3.93413e-10
|g(x) + J(x)'*y| = 2.77912e-11
|J(x)'c(x)| = 0.00118852
y offset = 0
Number of Iterations = 10
Elapsed Time = 0.000495434 s

Function evaluations:
  Objective    (*fn, *ofg):      43 (19, 24)
  Gradient     (*ofg):           14
  Constraints  (cfn, ccfsg):     65 (19, 46)
  Jacobian     (ccfsg):          17
  Hessian prod (*hprod):         28

Normal iterations = 5
Average number of normal iterations = 0.5
Maximum number of normal iterations during one iteration = 1
Iterations with 0  normal iterations = 5
Iterations with 1  normal iteration  = 5
Iterations with 2+ normal iterations = 0
Restorations = 29
Average number of restorations per normal iteration = 5
**********************************************************
Done
Setup time: 0
Execution time: 0.003333
