sifdecoder -A pc64.lnx.gfo  HS63

 Problem name: HS63

 Double precision version will be formed

 The objective function uses 1 nonlinear group
 
 There is 1 linear equality constraint
 There is 1 nonlinear equality constraint
 
 There are 3 variables bounded only from below 
 
 
 File successfully decoded
/home/abel/documentos/dcicpp-newrun/output-dcicpp-fast-2016-11-24--16:02
No tools
make: *** No rule to make target 'dcicpp'.  Stop.
Starting
Solving
Showing
**********************************************************
Problem name: HS63    

Number of Variables: 3
Number of Constraints: 2
             Equality: 2
           has_inequality: 0

EXIT: The Algorithm has Converged
f(x) = 961.715
|c(x)| = 8.83362e-07
|g(x) + J(x)'*y| = 4.12655e-09
|J(x)'c(x)| = 0.00704865
y offset = 0
Number of Iterations = 5
Elapsed Time = 0.000401974 s

Function evaluations:
  Objective    (*fn, *ofg):      22 (8, 14)
  Gradient     (*ofg):            9
  Constraints  (cfn, ccfsg):     47 (8, 39)
  Jacobian     (ccfsg):          14
  Hessian prod (*hprod):          4

Normal iterations = 6
Average number of normal iterations = 1.2
Maximum number of normal iterations during one iteration = 2
Iterations with 0  normal iterations = 1
Iterations with 1  normal iteration  = 2
Iterations with 2+ normal iterations = 2
Restorations = 25
Average number of restorations per normal iteration = 4
**********************************************************
Done
Setup time: 0.003333
Execution time: -5.66244e-13
