sifdecoder -A pc64.lnx.gfo  HS65

 Problem name: HS65

 Double precision version will be formed

 The objective function uses 3 nonlinear groups
 
 There is 1 nonlinear inequality constraint
 
 There are 3 variables bounded from below and above 
 
 
 File successfully decoded
/home/abel/documentos/dcicpp-newrun/output-dcicpp-fast-2016-11-24--16:02
No tools
make: *** No rule to make target 'dcicpp'.  Stop.
Starting
Solving
Showing
**********************************************************
Problem name: HS65    

Number of Variables: 3
Number of Constraints: 1
             Equality: 0
           has_inequality: 1

EXIT: The Algorithm has Converged
f(x) = 0.953529
|c(x)| = 4.02882e-07
|g(x) + J(x)'*y| = 1.33428e-09
|J(x)'c(x)| = 1.00674e-05
y offset = 0
Number of Iterations = 15
Elapsed Time = 0.000709057 s

Function evaluations:
  Objective    (*fn, *ofg):      86 (52, 34)
  Gradient     (*ofg):           19
  Constraints  (cfn, ccfsg):    123 (52, 71)
  Jacobian     (ccfsg):          20
  Hessian prod (*hprod):         52

Normal iterations = 15
Average number of normal iterations = 1
Maximum number of normal iterations during one iteration = 2
Iterations with 0  normal iterations = 2
Iterations with 1  normal iteration  = 11
Iterations with 2+ normal iterations = 2
Restorations = 51
Average number of restorations per normal iteration = 3
**********************************************************
Done
Setup time: 0
Execution time: 0.003333
