sifdecoder -A pc64.lnx.gfo  HS68

 Problem name: HS68

 Double precision version will be formed

 The objective function uses 1 nonlinear group
 
 There are 2 nonlinear equality constraints
 
 There are 4 variables bounded from below and above 
 
 
 File successfully decoded
/home/abel/documentos/dcicpp-newrun/output-dcicpp-fast-2016-11-24--16:02
No tools
make: *** No rule to make target 'dcicpp'.  Stop.
Starting
Solving
Showing
**********************************************************
Problem name: HS68    

Number of Variables: 4
Number of Constraints: 2
             Equality: 2
           has_inequality: 0

EXIT: The Algorithm has Converged
f(x) = -0.920425
|c(x)| = 4.33043e-15
|g(x) + J(x)'*y| = 6.0413e-08
|J(x)'c(x)| = 1.12443e-06
y offset = 0
Number of Iterations = 31
Elapsed Time = 0.000906706 s

Function evaluations:
  Objective    (*fn, *ofg):     119 (48, 71)
  Gradient     (*ofg):           40
  Constraints  (cfn, ccfsg):    112 (48, 64)
  Jacobian     (ccfsg):          41
  Hessian prod (*hprod):         55

Normal iterations = 11
Average number of normal iterations = 0.354839
Maximum number of normal iterations during one iteration = 1
Iterations with 0  normal iterations = 20
Iterations with 1  normal iteration  = 11
Iterations with 2+ normal iterations = 0
Restorations = 23
Average number of restorations per normal iteration = 2
**********************************************************
Done
Setup time: 0
Execution time: 0.003333
