sifdecoder -A pc64.lnx.gfo  HS70

 Problem name: HS70

 Double precision version will be formed

 The objective function uses 19 nonlinear groups
 
 There is 1 nonlinear inequality constraint
 
 There are 4 variables bounded from below and above 
 
 
 File successfully decoded
/home/abel/documentos/dcicpp-newrun/output-dcicpp-fast-2016-11-24--16:02
No tools
make: *** No rule to make target 'dcicpp'.  Stop.
Starting
Solving
Showing
**********************************************************
Problem name: HS70    

Number of Variables: 4
Number of Constraints: 1
             Equality: 0
           has_inequality: 1

EXIT: The Algorithm has Converged
f(x) = 0.269017
|c(x)| = 2.96652e-12
|g(x) + J(x)'*y| = 1.18106e-08
|J(x)'c(x)| = 2.55575e-06
y offset = 0
Number of Iterations = 20
Elapsed Time = 0.00359297 s

Function evaluations:
  Objective    (*fn, *ofg):      73 (32, 41)
  Gradient     (*ofg):           21
  Constraints  (cfn, ccfsg):     64 (32, 32)
  Jacobian     (ccfsg):          21
  Hessian prod (*hprod):         63

Normal iterations = 1
Average number of normal iterations = 0.05
Maximum number of normal iterations during one iteration = 1
Iterations with 0  normal iterations = 19
Iterations with 1  normal iteration  = 1
Iterations with 2+ normal iterations = 0
Restorations = 11
Average number of restorations per normal iteration = 11
**********************************************************
Done
Setup time: 0
Execution time: 0.013333
