sifdecoder -A pc64.lnx.gfo  HS72

 Problem name: HS72

 Double precision version will be formed

 The objective function uses 1 linear group
 
 There are 2 nonlinear inequality constraints
 
 There are 4 variables bounded from below and above 
 
 
 File successfully decoded
/home/abel/documentos/dcicpp-newrun/output-dcicpp-fast-2016-11-24--16:02
No tools
make: *** No rule to make target 'dcicpp'.  Stop.
Starting
Solving
Showing
**********************************************************
Problem name: HS72    

Number of Variables: 4
Number of Constraints: 2
             Equality: 0
           has_inequality: 2

EXIT: The Algorithm has Converged
f(x) = 727.642
|c(x)| = 9.91917e-07
|g(x) + J(x)'*y| = 2.03816e-08
|J(x)'c(x)| = 2.08098e-09
y offset = 0
Number of Iterations = 53
Elapsed Time = 0.00493383 s

Function evaluations:
  Objective    (*fn, *ofg):     256 (145, 111)
  Gradient     (*ofg):           58
  Constraints  (cfn, ccfsg):   1136 (145, 991)
  Jacobian     (ccfsg):         236
  Hessian prod (*hprod):        155

Normal iterations = 23
Average number of normal iterations = 0.433962
Maximum number of normal iterations during one iteration = 1
Iterations with 0  normal iterations = 30
Iterations with 1  normal iteration  = 23
Iterations with 2+ normal iterations = 0
Restorations = 755
Average number of restorations per normal iteration = 32
**********************************************************
Done
Setup time: 0.003333
Execution time: 0.019999
