sifdecoder -A pc64.lnx.gfo  HS75

 Problem name: HS75

 Double precision version will be formed

 The objective function uses 1 nonlinear group
 
 There are 2 linear inequality constraints
 There are 3 nonlinear equality constraints
 
 There are 4 variables bounded from below and above 
 
 
 File successfully decoded
/home/abel/documentos/dcicpp-newrun/output-dcicpp-fast-2016-11-24--16:02
No tools
make: *** No rule to make target 'dcicpp'.  Stop.
Starting
Solving
Showing
**********************************************************
Problem name: HS75    

Number of Variables: 4
Number of Constraints: 5
             Equality: 3
           has_inequality: 2

EXIT: The Algorithm has Converged
f(x) = 5174.41
|c(x)| = 9.43702e-10
|g(x) + J(x)'*y| = 2.80971e-11
|J(x)'c(x)| = 7.97025e-07
y offset = 0
Number of Iterations = 6
Elapsed Time = 0.000703335 s

Function evaluations:
  Objective    (*fn, *ofg):      41 (24, 17)
  Gradient     (*ofg):           11
  Constraints  (cfn, ccfsg):     98 (24, 74)
  Jacobian     (ccfsg):          25
  Hessian prod (*hprod):         18

Normal iterations = 3
Average number of normal iterations = 0.5
Maximum number of normal iterations during one iteration = 2
Iterations with 0  normal iterations = 4
Iterations with 1  normal iteration  = 1
Iterations with 2+ normal iterations = 1
Restorations = 49
Average number of restorations per normal iteration = 16
**********************************************************
Done
Setup time: 0
Execution time: 0.003333
