sifdecoder -A pc64.lnx.gfo  HS8

 Problem name: HS8

 Double precision version will be formed

 The objective function uses 1 linear group
 
 There are 2 nonlinear equality constraints
 
 There are 2 free variables
 
 
 File successfully decoded
/home/abel/documentos/dcicpp-newrun/output-dcicpp-fast-2016-11-24--16:02
No tools
make: *** No rule to make target 'dcicpp'.  Stop.
Starting
Solving
Showing
**********************************************************
Problem name: HS8     

Number of Variables: 2
Number of Constraints: 2
             Equality: 2
           has_inequality: 0

EXIT: The Algorithm has Converged
f(x) = -1
|c(x)| = 9.869e-08
|g(x) + J(x)'*y| = 0
|J(x)'c(x)| = 7.73238e-05
y offset = 0
Number of Iterations = 1
Elapsed Time = 0.000326157 s

Function evaluations:
  Objective    (*fn, *ofg):       8 (3, 5)
  Gradient     (*ofg):            4
  Constraints  (cfn, ccfsg):     18 (3, 15)
  Jacobian     (ccfsg):           5
  Hessian prod (*hprod):          0

Normal iterations = 2
Average number of normal iterations = 2
Maximum number of normal iterations during one iteration = 2
Iterations with 0  normal iterations = 0
Iterations with 1  normal iteration  = 0
Iterations with 2+ normal iterations = 1
Restorations = 10
Average number of restorations per normal iteration = 5
**********************************************************
Done
Setup time: 0
Execution time: 0.003333
