sifdecoder -A pc64.lnx.gfo  HS9

 Problem name: HS9

 Double precision version will be formed

 The objective function uses 1 nonlinear group
 
 There is 1 linear equality constraint
 
 There are 2 free variables
 
 
 File successfully decoded
/home/abel/documentos/dcicpp-newrun/output-dcicpp-fast-2016-11-24--16:02
No tools
make: *** No rule to make target 'dcicpp'.  Stop.
Starting
Solving
Showing
**********************************************************
Problem name: HS9     

Number of Variables: 2
Number of Constraints: 1
             Equality: 1
           has_inequality: 0

EXIT: The Algorithm has Converged
f(x) = -0.5
|c(x)| = 9.09495e-13
|g(x) + J(x)'*y| = 2.59333e-11
|J(x)'c(x)| = 0
y offset = 0
Number of Iterations = 4
Elapsed Time = 0.000301361 s

Function evaluations:
  Objective    (*fn, *ofg):      28 (19, 9)
  Gradient     (*ofg):            5
  Constraints  (cfn, ccfsg):     23 (19, 4)
  Jacobian     (ccfsg):           4
  Hessian prod (*hprod):         16

Normal iterations = 0
Average number of normal iterations = 0
Maximum number of normal iterations during one iteration = 0
Iterations with 0  normal iterations = 4
Iterations with 1  normal iteration  = 0
Iterations with 2+ normal iterations = 0
Restorations = 0
Average number of restorations per normal iteration = NA
**********************************************************
Done
Setup time: 0
Execution time: 0.003333
