sifdecoder -A pc64.lnx.gfo  HS90

 Problem name: HS90

 Double precision version will be formed

 The objective function uses 1 nonlinear group
 
 There is 1 nonlinear inequality constraint
 
 There are 4 free variables
 
 
 File successfully decoded
/home/abel/documentos/dcicpp-newrun/output-dcicpp-fast-2016-11-24--16:02
No tools
make: *** No rule to make target 'dcicpp'.  Stop.
Starting
Solving
Showing
**********************************************************
Problem name: HS90    

Number of Variables: 4
Number of Constraints: 1
             Equality: 0
           has_inequality: 1

EXIT: The Algorithm has Converged
f(x) = 1.36172
|c(x)| = 8.88083e-07
|g(x) + J(x)'*y| = 5.42998e-10
|J(x)'c(x)| = 6.51684e-09
y offset = 0
Number of Iterations = 43
Elapsed Time = 0.0545712 s

Function evaluations:
  Objective    (*fn, *ofg):     150 (58, 92)
  Gradient     (*ofg):           49
  Constraints  (cfn, ccfsg):    337 (58, 279)
  Jacobian     (ccfsg):          83
  Hessian prod (*hprod):         70

Normal iterations = 24
Average number of normal iterations = 0.55814
Maximum number of normal iterations during one iteration = 2
Iterations with 0  normal iterations = 20
Iterations with 1  normal iteration  = 22
Iterations with 2+ normal iterations = 1
Restorations = 196
Average number of restorations per normal iteration = 8
**********************************************************
Done
Setup time: 0
Execution time: 0.213332
