sifdecoder -A pc64.lnx.gfo  KIWCRESC

 Problem name: KIWCRESC

 Double precision version will be formed

 The objective function uses 1 linear group
 
 There are 2 nonlinear inequality constraints
 
 There are 3 free variables
 
 
 File successfully decoded
/home/abel/documentos/dcicpp-newrun/output-dcicpp-fast-2016-11-24--16:02
No tools
make: *** No rule to make target 'dcicpp'.  Stop.
Starting
Solving
Showing
**********************************************************
Problem name: KIWCRESC

Number of Variables: 3
Number of Constraints: 2
             Equality: 0
           has_inequality: 2

EXIT: The Algorithm has Converged
f(x) = -1.45475e-09
|c(x)| = 4.3658e-09
|g(x) + J(x)'*y| = 1.31459e-11
|J(x)'c(x)| = 7.47216e-05
y offset = 0
Number of Iterations = 25
Elapsed Time = 0.00080514 s

Function evaluations:
  Objective    (*fn, *ofg):     132 (77, 55)
  Gradient     (*ofg):           30
  Constraints  (cfn, ccfsg):    118 (77, 41)
  Jacobian     (ccfsg):          29
  Hessian prod (*hprod):        131

Normal iterations = 7
Average number of normal iterations = 0.28
Maximum number of normal iterations during one iteration = 3
Iterations with 0  normal iterations = 20
Iterations with 1  normal iteration  = 4
Iterations with 2+ normal iterations = 1
Restorations = 12
Average number of restorations per normal iteration = 1
**********************************************************
Done
Setup time: 0
Execution time: 0.003333
