sifdecoder -A pc64.lnx.gfo  MIFFLIN2

 Problem name: MIFFLIN2

 Double precision version will be formed

 The objective function uses 1 linear group
 
 There are 2 nonlinear inequality constraints
 
 There are 3 free variables
 
 
 File successfully decoded
/home/abel/documentos/dcicpp-newrun/output-dcicpp-fast-2016-11-24--16:02
No tools
make: *** No rule to make target 'dcicpp'.  Stop.
Starting
Solving
Showing
**********************************************************
Problem name: MIFFLIN2

Number of Variables: 3
Number of Constraints: 2
             Equality: 0
           has_inequality: 2

EXIT: The Algorithm has Converged
f(x) = -0.999993
|c(x)| = 1.20693e-08
|g(x) + J(x)'*y| = 7.69939e-07
|J(x)'c(x)| = 0.00131678
y offset = 0
Number of Iterations = 5
Elapsed Time = 0.000638485 s

Function evaluations:
  Objective    (*fn, *ofg):      65 (51, 14)
  Gradient     (*ofg):            9
  Constraints  (cfn, ccfsg):    114 (51, 63)
  Jacobian     (ccfsg):          13
  Hessian prod (*hprod):         50

Normal iterations = 5
Average number of normal iterations = 1
Maximum number of normal iterations during one iteration = 2
Iterations with 0  normal iterations = 1
Iterations with 1  normal iteration  = 3
Iterations with 2+ normal iterations = 1
Restorations = 50
Average number of restorations per normal iteration = 10
**********************************************************
Done
Setup time: 0
Execution time: 0.003333
