sifdecoder -A pc64.lnx.gfo  MRIBASIS

 Problem name: MRIBASIS

 Double precision version will be formed

 The objective function uses 1 linear group
 
 There is 1 linear equality constraint
 There are 43 linear inequality constraints
 There are 8 nonlinear equality constraints
 There are 3 nonlinear inequality constraints
 
 There are 24 variables bounded from below and above 
 There are 12 fixed variables
 
 
 File successfully decoded
/home/abel/documentos/dcicpp-newrun/output-dcicpp-fast-2016-11-24--16:02
No tools
make: *** No rule to make target 'dcicpp'.  Stop.
NOPE preprocessing removed 12 variables
Starting
Solving
Showing
**********************************************************
Problem name: MRIBASIS

Number of Variables: 24
Number of Constraints: 55
             Equality: 9
           has_inequality: 46

EXIT: The Algorithm has Converged
f(x) = 18.2179
|c(x)| = 9.07155e-07
|g(x) + J(x)'*y| = 4.60874e-10
|J(x)'c(x)| = 0.000130675
y offset = 0
Number of Iterations = 5
Elapsed Time = 0.00641441 s

Function evaluations:
  Objective    (*fn, *ofg):      27 (13, 14)
  Gradient     (*ofg):            9
  Constraints  (cfn, ccfsg):    174 (13, 161)
  Jacobian     (ccfsg):          41
  Hessian prod (*hprod):          4

Normal iterations = 7
Average number of normal iterations = 1.4
Maximum number of normal iterations during one iteration = 3
Iterations with 0  normal iterations = 0
Iterations with 1  normal iteration  = 4
Iterations with 2+ normal iterations = 1
Restorations = 120
Average number of restorations per normal iteration = 17
**********************************************************
Done
Setup time: 0.003333
Execution time: 0.026665
