sifdecoder -A pc64.lnx.gfo  MWRIGHT

 Problem name: MWRIGHT

 Double precision version will be formed

 The objective function uses 5 nonlinear groups
 
 There are 3 nonlinear equality constraints
 
 There are 5 free variables
 
 
 File successfully decoded
/home/abel/documentos/dcicpp-newrun/output-dcicpp-fast-2016-11-24--16:02
No tools
make: *** No rule to make target 'dcicpp'.  Stop.
Starting
Solving
Showing
**********************************************************
Problem name: MWRIGHT 

Number of Variables: 5
Number of Constraints: 3
             Equality: 3
           has_inequality: 0

EXIT: The Algorithm has Converged
f(x) = 24.9788
|c(x)| = 7.88945e-07
|g(x) + J(x)'*y| = 8.26099e-08
|J(x)'c(x)| = 0.0111968
y offset = 0
Number of Iterations = 7
Elapsed Time = 0.000351191 s

Function evaluations:
  Objective    (*fn, *ofg):      27 (9, 18)
  Gradient     (*ofg):           11
  Constraints  (cfn, ccfsg):     23 (9, 14)
  Jacobian     (ccfsg):          10
  Hessian prod (*hprod):         12

Normal iterations = 4
Average number of normal iterations = 0.571429
Maximum number of normal iterations during one iteration = 1
Iterations with 0  normal iterations = 3
Iterations with 1  normal iteration  = 4
Iterations with 2+ normal iterations = 0
Restorations = 4
Average number of restorations per normal iteration = 1
**********************************************************
Done
Setup time: 0
Execution time: -5.66244e-13
