sifdecoder -A pc64.lnx.gfo  NET1

 Problem name: NET1

 Double precision version will be formed

 The objective function uses 3 nonlinear groups
 
 There are 21 linear equality constraints
 There are 16 linear inequality constraints
 There are 17 nonlinear equality constraints
 There are 3 nonlinear inequality constraints
 
 There are 20 free variables
 There are 23 variables bounded from below and above 
 There are 5 fixed variables
 
 
 File successfully decoded
/home/abel/documentos/dcicpp-newrun/output-dcicpp-fast-2016-11-24--16:02
No tools
make: *** No rule to make target 'dcicpp'.  Stop.
NOPE preprocessing removed 18 variables
NOPE preprocessing removed 17 contraints
Starting
Solving
ERROR
assert failed
Status = -1
File   = assert
Line   = -1
Exception: assert failed
