sifdecoder -A pc64.lnx.gfo  OSCIPANE

 Problem name: OSCIPANE

 Double precision version will be formed

 
 There is 1 linear equality constraint
 There are 9 nonlinear equality constraints
 
 There are 10 free variables
 
 
 File successfully decoded
/home/abel/documentos/dcicpp-newrun/output-dcicpp-fast-2016-11-24--16:02
No tools
make: *** No rule to make target 'dcicpp'.  Stop.
NOPE preprocessing removed 1 variables
NOPE preprocessing removed 1 contraints
Starting
Solving
Showing
**********************************************************
Problem name: OSCIPANE

Number of Variables: 9
Number of Constraints: 9
             Equality: 9
           has_inequality: 0

EXIT: The Algorithm has Converged
f(x) = 0
|c(x)| = 0
|g(x) + J(x)'*y| = 0
|J(x)'c(x)| = 0
y offset = 0
Number of Iterations = 1
Elapsed Time = 0.000222206 s

Function evaluations:
  Objective    (*fn, *ofg):       6 (3, 3)
  Gradient     (*ofg):            2
  Constraints  (cfn, ccfsg):      4 (3, 1)
  Jacobian     (ccfsg):           1
  Hessian prod (*hprod):          0

Normal iterations = 0
Average number of normal iterations = 0
Maximum number of normal iterations during one iteration = 0
Iterations with 0  normal iterations = 1
Iterations with 1  normal iteration  = 0
Iterations with 2+ normal iterations = 0
Restorations = 0
Average number of restorations per normal iteration = NA
**********************************************************
Done
Setup time: 0
Execution time: -5.66244e-13
