sifdecoder -A pc64.lnx.gfo  PALMER6E

 Problem name: PALMER6E

 Double precision version will be formed

 The objective function uses 13 nonlinear groups
 
 There are 7 free variables
 There is 1 variable bounded only from below 
 
 
 File successfully decoded
/home/abel/documentos/dcicpp-newrun/output-dcicpp-fast-2016-11-24--16:02
No tools
make: *** No rule to make target 'dcicpp'.  Stop.
Starting
Solving
Showing
**********************************************************
Problem name: PALMER6E

Number of Variables: 8
Number of Constraints: 0
             Equality: 0
           has_inequality: 0

EXIT: The Algorithm has Converged
f(x) = 0.0564663
|c(x)| = 0
|g(x) + J(x)'*y| = 9.31066e-07
|J(x)'c(x)| = 0
y offset = 0
Number of Iterations = 18
Elapsed Time = 0.00102711 s

Function evaluations:
  Objective    (*fn, *ofg):      68 (31, 37)
  Gradient     (*ofg):           19
  Constraints  (cfn, ccfsg):      0 (0, 0)
  Jacobian     (ccfsg):           0
  Hessian prod (*hprod):        126

Normal iterations = 0
Average number of normal iterations = 0
Maximum number of normal iterations during one iteration = 0
Iterations with 0  normal iterations = 18
Iterations with 1  normal iteration  = 0
Iterations with 2+ normal iterations = 0
Restorations = 0
Average number of restorations per normal iteration = NA
**********************************************************
Done
Setup time: 0.003333
Execution time: 0.003333
