sifdecoder -A pc64.lnx.gfo  PALMER3E

 Problem name: PALMER3E

 Double precision version will be formed

 The objective function uses 23 nonlinear groups
 
 There are 7 free variables
 There is 1 variable bounded only from below 
 
 
 File successfully decoded
/home/abel/documentos/dcicpp-newrun/output-dcicpp-fast-2016-11-24--16:02
No tools
make: *** No rule to make target 'dcicpp'.  Stop.
Starting
Solving
Showing
**********************************************************
Problem name: PALMER3E

Number of Variables: 8
Number of Constraints: 0
             Equality: 0
           has_inequality: 0

EXIT: The Algorithm has Converged
f(x) = 0.0333407
|c(x)| = 0
|g(x) + J(x)'*y| = 5.03409e-08
|J(x)'c(x)| = 6.95259e-310
y offset = 0
Number of Iterations = 11
Elapsed Time = 0.00126219 s

Function evaluations:
  Objective    (*fn, *ofg):      43 (20, 23)
  Gradient     (*ofg):           12
  Constraints  (cfn, ccfsg):      0 (0, 0)
  Jacobian     (ccfsg):           0
  Hessian prod (*hprod):         69

Normal iterations = 0
Average number of normal iterations = 0
Maximum number of normal iterations during one iteration = 0
Iterations with 0  normal iterations = 11
Iterations with 1  normal iteration  = 0
Iterations with 2+ normal iterations = 0
Restorations = 0
Average number of restorations per normal iteration = NA
**********************************************************
Done
Setup time: 0.003333
Execution time: 0.003333
