sifdecoder -A pc64.lnx.gfo  POLAK4

 Problem name: POLAK4

 Double precision version will be formed

 The objective function uses 1 linear group
 
 There are 3 nonlinear inequality constraints
 
 There are 3 free variables
 
 
 File successfully decoded
/home/abel/documentos/dcicpp-newrun/output-dcicpp-fast-2016-11-24--16:02
No tools
make: *** No rule to make target 'dcicpp'.  Stop.
Starting
Solving
Showing
**********************************************************
Problem name: POLAK4  

Number of Variables: 3
Number of Constraints: 3
             Equality: 0
           has_inequality: 3

EXIT: The Algorithm has Converged
f(x) = 5.75597e-06
|c(x)| = 9.09203e-13
|g(x) + J(x)'*y| = 5.09047e-07
|J(x)'c(x)| = 0.855003
y offset = 0
Number of Iterations = 18
Elapsed Time = 0.00246 s

Function evaluations:
  Objective    (*fn, *ofg):     112 (71, 41)
  Gradient     (*ofg):           23
  Constraints  (cfn, ccfsg):    588 (71, 517)
  Jacobian     (ccfsg):         177
  Hessian prod (*hprod):         27

Normal iterations = 7
Average number of normal iterations = 0.388889
Maximum number of normal iterations during one iteration = 1
Iterations with 0  normal iterations = 11
Iterations with 1  normal iteration  = 7
Iterations with 2+ normal iterations = 0
Restorations = 340
Average number of restorations per normal iteration = 48
**********************************************************
Done
Setup time: 0
Execution time: 0.013332
