sifdecoder -A pc64.lnx.gfo  PORTFL4

 Problem name: PORTFL4

 Double precision version will be formed

 The objective function uses 62 nonlinear groups
 
 There is 1 linear equality constraint
 
 There are 12 variables bounded from below and above 
 
 
 File successfully decoded
/home/abel/documentos/dcicpp-newrun/output-dcicpp-fast-2016-11-24--16:02
No tools
make: *** No rule to make target 'dcicpp'.  Stop.
Starting
Solving
Showing
**********************************************************
Problem name: PORTFL4 

Number of Variables: 12
Number of Constraints: 1
             Equality: 1
           has_inequality: 0

EXIT: The Algorithm has Converged
f(x) = 0.0263077
|c(x)| = 3.99861e-10
|g(x) + J(x)'*y| = 1.69608e-07
|J(x)'c(x)| = 0
y offset = 0
Number of Iterations = 6
Elapsed Time = 0.000540495 s

Function evaluations:
  Objective    (*fn, *ofg):      22 (8, 14)
  Gradient     (*ofg):            8
  Constraints  (cfn, ccfsg):     14 (8, 6)
  Jacobian     (ccfsg):           6
  Hessian prod (*hprod):         17

Normal iterations = 0
Average number of normal iterations = 0
Maximum number of normal iterations during one iteration = 0
Iterations with 0  normal iterations = 6
Iterations with 1  normal iteration  = 0
Iterations with 2+ normal iterations = 0
Restorations = 0
Average number of restorations per normal iteration = NA
**********************************************************
Done
Setup time: 0.003333
Execution time: 0.003333
