sifdecoder -A pc64.lnx.gfo  PRIMAL1

 Problem name: PRIMAL1

 Double precision version will be formed

 The objective function uses 1 nonlinear group
 
 There are 85 linear inequality constraints
 
 There are 324 free variables
 There is 1 variable bounded only from below 
 
 
 File successfully decoded
/home/abel/documentos/dcicpp-newrun/output-dcicpp-fast-2016-11-24--16:02
No tools
make: *** No rule to make target 'dcicpp'.  Stop.
Starting
Solving
Showing
**********************************************************
Problem name: PRIMAL1 

Number of Variables: 325
Number of Constraints: 85
             Equality: 0
           has_inequality: 85

EXIT: The Algorithm has Converged
f(x) = -0.0336477
|c(x)| = 1.97964e-11
|g(x) + J(x)'*y| = 9.37387e-07
|J(x)'c(x)| = 0.0652193
y offset = 7.97978e-05
Number of Iterations = 8
Elapsed Time = 0.0170469 s

Function evaluations:
  Objective    (*fn, *ofg):      35 (16, 19)
  Gradient     (*ofg):           11
  Constraints  (cfn, ccfsg):     30 (16, 14)
  Jacobian     (ccfsg):          10
  Hessian prod (*hprod):         29

Normal iterations = 2
Average number of normal iterations = 0.25
Maximum number of normal iterations during one iteration = 1
Iterations with 0  normal iterations = 6
Iterations with 1  normal iteration  = 2
Iterations with 2+ normal iterations = 0
Restorations = 4
Average number of restorations per normal iteration = 2
**********************************************************
Done
Setup time: 0.009999
Execution time: 0.07
