sifdecoder -A pc64.lnx.gfo  QC

 Problem name: QC

 Double precision version will be formed

 The objective function uses 17 nonlinear groups
 
 There are 4 linear inequality constraints
 
 There are 7 variables bounded from below and above 
 There are 2 fixed variables
 
 
 File successfully decoded
/home/abel/documentos/dcicpp-newrun/output-dcicpp-fast-2016-11-24--16:02
No tools
make: *** No rule to make target 'dcicpp'.  Stop.
NOPE preprocessing removed 2 variables
Starting
Solving
Showing
**********************************************************
Problem name: QC      

Number of Variables: 7
Number of Constraints: 4
             Equality: 0
           has_inequality: 4

EXIT: The Algorithm has Converged
f(x) = -956.538
|c(x)| = 1.57019e-16
|g(x) + J(x)'*y| = 2.76175e-08
|J(x)'c(x)| = 0.00881889
y offset = 0
Number of Iterations = 8
Elapsed Time = 0.000488997 s

Function evaluations:
  Objective    (*fn, *ofg):      34 (16, 18)
  Gradient     (*ofg):           10
  Constraints  (cfn, ccfsg):     29 (16, 13)
  Jacobian     (ccfsg):          10
  Hessian prod (*hprod):         13

Normal iterations = 1
Average number of normal iterations = 0.125
Maximum number of normal iterations during one iteration = 1
Iterations with 0  normal iterations = 7
Iterations with 1  normal iteration  = 1
Iterations with 2+ normal iterations = 0
Restorations = 3
Average number of restorations per normal iteration = 3
**********************************************************
Done
Setup time: 0.003333
Execution time: -5.66244e-13
