sifdecoder -A pc64.lnx.gfo  S277-280

 Problem name: S277-280

 Double precision version will be formed

 The objective function uses 1 linear group
 
 There are 4 linear inequality constraints
 
 There are 4 variables bounded only from below 
 
 
 File successfully decoded
/home/abel/documentos/dcicpp-newrun/output-dcicpp-fast-2016-11-24--16:02
No tools
make: *** No rule to make target 'dcicpp'.  Stop.
Starting
Solving
Showing
**********************************************************
Problem name: S277-280

Number of Variables: 4
Number of Constraints: 4
             Equality: 0
           has_inequality: 4

EXIT: The Algorithm has Converged
f(x) = 5.07619
|c(x)| = 9.66838e-07
|g(x) + J(x)'*y| = 6.8594e-11
|J(x)'c(x)| = 4.56639e-07
y offset = 0
Number of Iterations = 8
Elapsed Time = 0.00136065 s

Function evaluations:
  Objective    (*fn, *ofg):      30 (10, 20)
  Gradient     (*ofg):           12
  Constraints  (cfn, ccfsg):    233 (10, 223)
  Jacobian     (ccfsg):          36
  Hessian prod (*hprod):          7

Normal iterations = 5
Average number of normal iterations = 0.625
Maximum number of normal iterations during one iteration = 2
Iterations with 0  normal iterations = 4
Iterations with 1  normal iteration  = 3
Iterations with 2+ normal iterations = 1
Restorations = 187
Average number of restorations per normal iteration = 37
**********************************************************
Done
Setup time: 0.003333
Execution time: 0.003333
