sifdecoder -A pc64.lnx.gfo  SNAKE

 Problem name: SNAKE

 Double precision version will be formed

 The objective function uses 1 linear group
 
 There are 2 nonlinear inequality constraints
 
 There are 2 free variables
 
 
 File successfully decoded
/home/abel/documentos/dcicpp-newrun/output-dcicpp-fast-2016-11-24--16:02
No tools
make: *** No rule to make target 'dcicpp'.  Stop.
Starting
Solving
Showing
**********************************************************
Problem name: SNAKE   

Number of Variables: 2
Number of Constraints: 2
             Equality: 0
           has_inequality: 2

EXIT: The Algorithm has Converged
f(x) = -0.014125
|c(x)| = 9.98787e-07
|g(x) + J(x)'*y| = 1.46747e-09
|J(x)'c(x)| = 5.82739e-05
y offset = 0
Number of Iterations = 9
Elapsed Time = 0.00963259 s

Function evaluations:
  Objective    (*fn, *ofg):     200 (176, 24)
  Gradient     (*ofg):           15
  Constraints  (cfn, ccfsg):   2550 (176, 2374)
  Jacobian     (ccfsg):         543
  Hessian prod (*hprod):         55

Normal iterations = 8
Average number of normal iterations = 0.888889
Maximum number of normal iterations during one iteration = 3
Iterations with 0  normal iterations = 3
Iterations with 1  normal iteration  = 5
Iterations with 2+ normal iterations = 1
Restorations = 1831
Average number of restorations per normal iteration = 228
**********************************************************
Done
Setup time: 0
Execution time: 0.026666
