sifdecoder -A pc64.lnx.gfo  SOSQP1

 Problem name: SOSQP1

 Double precision version will be formed

 The objective function uses 1 nonlinear group
 
 There are 2501 linear equality constraints
 
 There are 5000 variables bounded from below and above 
 
 
 File successfully decoded
/home/abel/documentos/dcicpp-newrun/output-dcicpp-fast-2016-11-24--16:02
No tools
make: *** No rule to make target 'dcicpp'.  Stop.
Starting
Solving
diagonal below threshold
Status = 2
File   = ../Core/cholmod_common.c
Line   = 707
Showing
**********************************************************
Problem name: SOSQP1  

Number of Variables: 5000
Number of Constraints: 2501
             Equality: 2501
           has_inequality: 0

EXIT: The Algorithm has Converged
Cholesky failed
f(x) = 6.4985e-07
|c(x)| = 2.60138e-08
|g(x) + J(x)'*y| = 1.27201e-08
|J(x)'c(x)| = 0.000388126
y offset = 0
Number of Iterations = 1
Elapsed Time = 0.013252 s

Function evaluations:
  Objective    (*fn, *ofg):       9 (3, 6)
  Gradient     (*ofg):            5
  Constraints  (cfn, ccfsg):     11 (3, 8)
  Jacobian     (ccfsg):           4
  Hessian prod (*hprod):          0

Normal iterations = 2
Average number of normal iterations = 2
Maximum number of normal iterations during one iteration = 2
Iterations with 0  normal iterations = 0
Iterations with 1  normal iteration  = 0
Iterations with 2+ normal iterations = 1
Restorations = 4
Average number of restorations per normal iteration = 2
**********************************************************
Done
Setup time: 0.066666
Execution time: 0.056666
