sifdecoder -A pc64.lnx.gfo  SREADIN3

 Problem name: SREADIN3

 Double precision version will be formed

 The objective function uses 2000 nonlinear groups
 
 There is 1 linear equality constraint
 There are 2000 nonlinear equality constraints
 
 There are 4002 variables bounded from below and above 
 
 
 File successfully decoded
/home/abel/documentos/dcicpp-newrun/output-dcicpp-fast-2016-11-24--16:02
No tools
make: *** No rule to make target 'dcicpp'.  Stop.
Starting
Solving
Showing
**********************************************************
Problem name: SREADIN3

Number of Variables: 4002
Number of Constraints: 2001
             Equality: 2001
           has_inequality: 0

EXIT: The Algorithm has Converged
f(x) = -0.0384479
|c(x)| = 7.67535e-09
|g(x) + J(x)'*y| = 1.40763e-07
|J(x)'c(x)| = 0.152869
y offset = 0
Number of Iterations = 2
Elapsed Time = 0.0523415 s

Function evaluations:
  Objective    (*fn, *ofg):      23 (16, 7)
  Gradient     (*ofg):            5
  Constraints  (cfn, ccfsg):     37 (16, 21)
  Jacobian     (ccfsg):           8
  Hessian prod (*hprod):         12

Normal iterations = 2
Average number of normal iterations = 1
Maximum number of normal iterations during one iteration = 2
Iterations with 0  normal iterations = 1
Iterations with 1  normal iteration  = 0
Iterations with 2+ normal iterations = 1
Restorations = 13
Average number of restorations per normal iteration = 6
**********************************************************
Done
Setup time: 0.089999
Execution time: 0.206667
