sifdecoder -A pc64.lnx.gfo  STEENBRA

 Problem name: STEENBRA

 Double precision version will be formed

 The objective function uses 1 nonlinear group
 
 There are 108 linear equality constraints
 
 There are 432 variables bounded only from below 
 
 
 File successfully decoded
/home/abel/documentos/dcicpp-newrun/output-dcicpp-fast-2016-11-24--16:02
No tools
make: *** No rule to make target 'dcicpp'.  Stop.
Starting
diagonal below threshold
Status = 2
File   = ../Core/cholmod_common.c
Line   = 719
Solving
diagonal below threshold
Status = 2
File   = ../Core/cholmod_common.c
Line   = 719
diagonal below threshold
Status = 2
File   = ../Core/cholmod_common.c
Line   = 719
Showing
**********************************************************
Problem name: STEENBRA

Number of Variables: 432
Number of Constraints: 108
             Equality: 108
           has_inequality: 0

EXIT: The Algorithm has Converged
Cholesky failed
f(x) = 16957.8
|c(x)| = 6.2073e-07
|g(x) + J(x)'*y| = 8.94941e-07
|J(x)'c(x)| = 2.33709e-06
y offset = 0
Number of Iterations = 21
Elapsed Time = 0.107384 s

Function evaluations:
  Objective    (*fn, *ofg):     137 (91, 46)
  Gradient     (*ofg):           25
  Constraints  (cfn, ccfsg):    889 (91, 798)
  Jacobian     (ccfsg):         250
  Hessian prod (*hprod):        193

Normal iterations = 4
Average number of normal iterations = 0.190476
Maximum number of normal iterations during one iteration = 2
Iterations with 0  normal iterations = 18
Iterations with 1  normal iteration  = 2
Iterations with 2+ normal iterations = 1
Restorations = 548
Average number of restorations per normal iteration = 137
**********************************************************
Done
Setup time: 0.003333
Execution time: 0.316666
