sifdecoder -A pc64.lnx.gfo  TENBARS4

 Problem name: TENBARS4

 Double precision version will be formed

 The objective function uses 1 linear group
 
 There is 1 linear inequality constraint
 There are 8 nonlinear equality constraints
 
 There are 8 free variables
 There are 10 variables bounded only from below 
 
 
 File successfully decoded
/home/abel/documentos/dcicpp-newrun/output-dcicpp-fast-2016-11-24--16:02
No tools
make: *** No rule to make target 'dcicpp'.  Stop.
NOPE preprocessing removed 1 contraints
Starting
Solving
ERROR
assert failed
Status = -1
File   = assert
Line   = -1
Exception: assert failed
