sifdecoder -A pc64.lnx.gfo  TRUSPYR2

 Problem name: TRUSPYR2

 Double precision version will be formed

 The objective function uses 1 linear group
 
 There are 8 linear inequality constraints
 There are 3 nonlinear equality constraints
 
 There are 3 free variables
 There are 8 variables bounded only from below 
 
 
 File successfully decoded
/home/abel/documentos/dcicpp-newrun/output-dcicpp-fast-2016-11-24--16:02
No tools
make: *** No rule to make target 'dcicpp'.  Stop.
Starting
Solving
diagonal below threshold
Status = 2
File   = ../Core/cholmod_common.c
Line   = 719
Showing
**********************************************************
Problem name: TRUSPYR2

Number of Variables: 11
Number of Constraints: 11
             Equality: 3
           has_inequality: 8

EXIT: The Algorithm has Converged
Cholesky failed
f(x) = 11.2287
|c(x)| = 9.86286e-07
|g(x) + J(x)'*y| = 6.15072e-07
|J(x)'c(x)| = 0.00024221
y offset = 0
Number of Iterations = 6
Elapsed Time = 0.00300026 s

Function evaluations:
  Objective    (*fn, *ofg):      33 (16, 17)
  Gradient     (*ofg):           11
  Constraints  (cfn, ccfsg):    303 (16, 287)
  Jacobian     (ccfsg):          61
  Hessian prod (*hprod):          5

Normal iterations = 7
Average number of normal iterations = 1.16667
Maximum number of normal iterations during one iteration = 2
Iterations with 0  normal iterations = 0
Iterations with 1  normal iteration  = 5
Iterations with 2+ normal iterations = 1
Restorations = 226
Average number of restorations per normal iteration = 32
**********************************************************
Done
Setup time: 0.003333
Execution time: 0.009999
