sifdecoder -A pc64.lnx.gfo  TRUSPYR1

 Problem name: TRUSPYR1

 Double precision version will be formed

 The objective function uses 1 linear group
 
 There is 1 linear inequality constraint
 There are 3 nonlinear equality constraints
 
 There are 3 free variables
 There are 8 variables bounded only from below 
 
 
 File successfully decoded
/home/abel/documentos/dcicpp-newrun/output-dcicpp-fast-2016-11-24--16:02
No tools
make: *** No rule to make target 'dcicpp'.  Stop.
Starting
Solving
Showing
**********************************************************
Problem name: TRUSPYR1

Number of Variables: 11
Number of Constraints: 4
             Equality: 3
           has_inequality: 1

EXIT: The Algorithm has Converged
f(x) = 11.2288
|c(x)| = 1.77944e-08
|g(x) + J(x)'*y| = 2.40369e-07
|J(x)'c(x)| = 4.7968e-06
y offset = 0
Number of Iterations = 14
Elapsed Time = 0.0330691 s

Function evaluations:
  Objective    (*fn, *ofg):     497 (461, 36)
  Gradient     (*ofg):           22
  Constraints  (cfn, ccfsg):   4523 (461, 4062)
  Jacobian     (ccfsg):        1285
  Hessian prod (*hprod):         98

Normal iterations = 17
Average number of normal iterations = 1.21429
Maximum number of normal iterations during one iteration = 3
Iterations with 0  normal iterations = 1
Iterations with 1  normal iteration  = 10
Iterations with 2+ normal iterations = 3
Restorations = 2777
Average number of restorations per normal iteration = 163
**********************************************************
Done
Setup time: 0.003333
Execution time: 0.119999
