sifdecoder -A pc64.lnx.gfo  ZECEVIC3

 Problem name: ZECEVIC3

 Double precision version will be formed

 The objective function uses 1 nonlinear group
 
 There are 2 nonlinear inequality constraints
 
 There are 2 variables bounded from below and above 
 
 
 File successfully decoded
/home/abel/documentos/dcicpp-newrun/output-dcicpp-fast-2016-11-24--16:02
No tools
make: *** No rule to make target 'dcicpp'.  Stop.
Starting
Solving
Showing
**********************************************************
Problem name: ZECEVIC3

Number of Variables: 2
Number of Constraints: 2
             Equality: 0
           has_inequality: 2

EXIT: The Algorithm has Converged
f(x) = 97.3094
|c(x)| = 5.71115e-07
|g(x) + J(x)'*y| = 1.52799e-08
|J(x)'c(x)| = 3.63611e-06
y offset = 0
Number of Iterations = 20
Elapsed Time = 0.000895262 s

Function evaluations:
  Objective    (*fn, *ofg):      93 (47, 46)
  Gradient     (*ofg):           26
  Constraints  (cfn, ccfsg):    171 (47, 124)
  Jacobian     (ccfsg):          37
  Hessian prod (*hprod):         37

Normal iterations = 13
Average number of normal iterations = 0.65
Maximum number of normal iterations during one iteration = 2
Iterations with 0  normal iterations = 10
Iterations with 1  normal iteration  = 7
Iterations with 2+ normal iterations = 3
Restorations = 87
Average number of restorations per normal iteration = 6
**********************************************************
Done
Setup time: 0
Execution time: 0.006666
