sifdecoder -A pc64.lnx.gfo -st   BROWNALE

 Problem name: BROWNALE

 Double precision version will be formed

 
 There are 199 linear equality constraints
 There is 1 nonlinear equality constraint
 
 There are 200 free variables
 
 
 File successfully decoded
/home/abel/documentos/dcicpp-newrun/output-dci-equ-free-2016-11-17--11:22
/home/abel/projetos/linux-cutest/cutest/makefiles/pc64.lnx.gfo:74: /home/abel/projetos/linux-cutest/cutest/src/dci/makemaster: No such file or directory
make: *** No rule to make target '/home/abel/projetos/linux-cutest/cutest/src/dci/makemaster'.  Stop.
Done
Note: The following floating-point exceptions are signalling: IEEE_DIVIDE_BY_ZERO IEEE_UNDERFLOW_FLAG IEEE_DENORMAL
 |gp(xk)|/|gp(xck)| =                   Infinity

 DCI Summary.

 The restoration has failed.

 Iterations     :            1
 Steihaug's iter:            0
 Restorations   :           14
 Rejected steps :            0
 Function evals.:            1
 Constr.  evals.:          577
 Gradient evals.:            3
 Jacobian evals.:            9
 2nd order Corr.:            0
 BFGS iterations:            2
 f(x)           :    0.0000000000000000     
 ||h(x)||       :    1.0258460747536446E-013
 ||gp(x)||      :    0.0000000000000000     
 ||At*h||       :    3.6414628163398922E-011
 Elapsed time   :   0.121093750    

 ||xnew - xc||  :    0.0000000000000000     
 rho            :    0.0000000000000000     
 rhomax         :    7230.4093215200501     
 vdelta         :    9.9999999999999998E-017
 hdelta         :    1000000.0000000000     
 L(x)           :    0.0000000000000000     
 L(x) - L(xc)   :    1.0000000000000000E+100
 L(xc)-L(x(k-1)):    0.0000000000000000     

 -------- xxxxxxxxxxxxxxxxxxxxxxx --------       
 Unable to open output file
