sifdecoder -A pc64.lnx.gfo -st   HS51

 Problem name: HS51

 Double precision version will be formed

 The objective function uses 1 nonlinear group
 
 There are 3 linear equality constraints
 
 There are 5 free variables
 
 
 File successfully decoded
/home/abel/documentos/dcicpp-newrun/output-dci-equ-free-2016-11-17--11:22
/home/abel/projetos/linux-cutest/cutest/makefiles/pc64.lnx.gfo:74: /home/abel/projetos/linux-cutest/cutest/src/dci/makemaster: No such file or directory
make: *** No rule to make target '/home/abel/projetos/linux-cutest/cutest/src/dci/makemaster'.  Stop.
Done
 |gp(xk)|/|gp(xck)| =   0.27626385504655759     
 |gp(xk)|/|gp(xck)| =    3.0023239805225811E-016
 |gp(xk)|/|gp(xck)| =    3.2249030993194197     

 DCI Summary.

 The algorithm has converged.

 Iterations     :            3
 Steihaug's iter:            5
 Restorations   :            0
 Rejected steps :            0
 Function evals.:            3
 Constr.  evals.:            4
 Gradient evals.:            3
 Jacobian evals.:            3
 2nd order Corr.:            1
 BFGS iterations:            0
 f(x)           :    1.6023737137301802E-031
 ||h(x)||       :    8.8817841970012523E-016
 ||gp(x)||      :    1.2810265668751810E-016
 ||At*h||       :    3.2633758932252441E-015
 Elapsed time   :    0.00000000    

 ||xnew - xc||  :   0.58049328027553737     
 rho            :    9.9999999999999995E-007
 rhomax         :    43.384001756783327     
 vdelta         :    1000000.0000000000     
 hdelta         :    1000000.0000000000     
 L(x)           :    4.9989480245413656E-016
 L(x) - L(xc)   :  -0.51173907648266570     
 L(xc)-L(x(k-1)):    3.3306690738754696E-016

 -------- xxxxxxxxxxxxxxxxxxxxxxx --------       
 Unable to open output file
