sifdecoder -A pc64.lnx.gfo -st   HS7

 Problem name: HS7

 Double precision version will be formed

 The objective function uses 1 nonlinear group
 
 There is 1 nonlinear equality constraint
 
 There are 2 free variables
 
 
 File successfully decoded
/home/abel/documentos/dcicpp-newrun/output-dci-equ-free-2016-11-17--11:22
/home/abel/projetos/linux-cutest/cutest/makefiles/pc64.lnx.gfo:74: /home/abel/projetos/linux-cutest/cutest/src/dci/makemaster: No such file or directory
make: *** No rule to make target '/home/abel/projetos/linux-cutest/cutest/src/dci/makemaster'.  Stop.
Done
 |gp(xk)|/|gp(xck)| =    7.1483759024036324     
 |gp(xk)|/|gp(xck)| =    2.5231204096698150     
 |gp(xk)|/|gp(xck)| =   0.90660951545757118     
 |gp(xk)|/|gp(xck)| =    1.0000000000000002     

 DCI Summary.

 The algorithm has converged.

 Iterations     :            4
 Steihaug's iter:           11
 Restorations   :            5
 Rejected steps :            8
 Function evals.:           12
 Constr.  evals.:           18
 Gradient evals.:            8
 Jacobian evals.:            8
 2nd order Corr.:            1
 BFGS iterations:            0
 f(x)           :   -1.7320510647350931     
 ||h(x)||       :    8.9084997689781176E-007
 ||gp(x)||      :    1.1767783698375626E-007
 ||At*h||       :    3.0859953020101812E-006
 Elapsed time   :    3.90625000E-03

 ||xnew - xc||  :    2.8589156440012829E-003
 rho            :    3.7509810538572286E-006
 rhomax         :    63.749999999999993     
 vdelta         :    1000000.0000000000     
 hdelta         :    9.5367431640625000     
 L(x)           :   -1.7320897623326252     
 L(x) - L(xc)   :   -1.2860528244118541E-005
 L(xc)-L(x(k-1)):    1.3773784643018390     

 -------- xxxxxxxxxxxxxxxxxxxxxxx --------       
 Unable to open output file
