sifdecoder -A pc64.lnx.gfo -st   LUKVLE8

 Problem name: LUKVLE8

 Double precision version will be formed

 The objective function uses 8000 nonlinear groups
 
 There are 9998 nonlinear equality constraints
 
 There are 10000 free variables
 
 
 File successfully decoded
/home/abel/documentos/dcicpp-newrun/output-dci-equ-free-2016-11-17--11:22
/home/abel/projetos/linux-cutest/cutest/makefiles/pc64.lnx.gfo:74: /home/abel/projetos/linux-cutest/cutest/src/dci/makemaster: No such file or directory
make: *** No rule to make target '/home/abel/projetos/linux-cutest/cutest/src/dci/makemaster'.  Stop.
Done
 |gp(xk)|/|gp(xck)| =   0.37825317382697565     
 |gp(xk)|/|gp(xck)| =   0.51643170543078987     
 |gp(xk)|/|gp(xck)| =    1.8380386201843990     
 |gp(xk)|/|gp(xck)| =   0.55256651193122253     
 |gp(xk)|/|gp(xck)| =   0.46177257992156812     
 |gp(xk)|/|gp(xck)| =   0.63469484365771489     
 |gp(xk)|/|gp(xck)| =   0.77102157395285398     
 |gp(xk)|/|gp(xck)| =   0.99067122584846778     
 |gp(xk)|/|gp(xck)| =   0.79562719142278782     
 |gp(xk)|/|gp(xck)| =   0.89239384495369822     
 |gp(xk)|/|gp(xck)| =    2.0062534255677456     
 |gp(xk)|/|gp(xck)| =   0.40389771178846262     
 |gp(xk)|/|gp(xck)| =    1.4073696940471192     
 |gp(xk)|/|gp(xck)| =   0.60764156440100270     
 |gp(xk)|/|gp(xck)| =    11.186011479490098     
 |gp(xk)|/|gp(xck)| =    1.6923846743896609     
 |gp(xk)|/|gp(xck)| =    1.2785077944697349     
 |gp(xk)|/|gp(xck)| =    1.5751740434240875     
 |gp(xk)|/|gp(xck)| =   0.98295956936747475     
 |gp(xk)|/|gp(xck)| =    1.1343701330014484     
 |gp(xk)|/|gp(xck)| =   0.84205471233688378     
 |gp(xk)|/|gp(xck)| =    1.0191077729554914     
 |gp(xk)|/|gp(xck)| =    1.5834122597422959     
 |gp(xk)|/|gp(xck)| =   0.77064419406670825     
 |gp(xk)|/|gp(xck)| =    1.1507955099493221     
 |gp(xk)|/|gp(xck)| =   0.67512247712338458     
 |gp(xk)|/|gp(xck)| =   0.87966438416117221     
 |gp(xk)|/|gp(xck)| =   0.87633975446657286     
 |gp(xk)|/|gp(xck)| =    1.0169854348164891     
 |gp(xk)|/|gp(xck)| =   0.94269052809763387     
 |gp(xk)|/|gp(xck)| =   0.99693014220523823     
 |gp(xk)|/|gp(xck)| =   0.98074972364505542     
 |gp(xk)|/|gp(xck)| =   0.80965973782579725     
 |gp(xk)|/|gp(xck)| =    1.0683924224813313     
 |gp(xk)|/|gp(xck)| =   0.88115387344488916     
 |gp(xk)|/|gp(xck)| =   0.93008075384171529     
 |gp(xk)|/|gp(xck)| =    1.0759602391701020     
 |gp(xk)|/|gp(xck)| =   0.88641148214177767     
 |gp(xk)|/|gp(xck)| =   0.93187170402213482     
 |gp(xk)|/|gp(xck)| =   0.95860266438175823     
 |gp(xk)|/|gp(xck)| =   0.97275658578826618     
 |gp(xk)|/|gp(xck)| =   0.98955785622736381     
 |gp(xk)|/|gp(xck)| =   0.98860695697909828     
 |gp(xk)|/|gp(xck)| =   0.99743909764012373     
 |gp(xk)|/|gp(xck)| =   0.99879153653389441     
 |gp(xk)|/|gp(xck)| =    1.0017287574700400     
 |gp(xk)|/|gp(xck)| =    1.0039770161095021     
 |gp(xk)|/|gp(xck)| =    1.0029740010052717     
 |gp(xk)|/|gp(xck)| =    1.0007232947000726     
 |gp(xk)|/|gp(xck)| =   0.99895225242736796     
 |gp(xk)|/|gp(xck)| =   0.99946583435115455     
 |gp(xk)|/|gp(xck)| =   0.99967708042400094     
 |gp(xk)|/|gp(xck)| =   0.99976552110854233     
 |gp(xk)|/|gp(xck)| =   0.99986265281052944     
 |gp(xk)|/|gp(xck)| =   0.99989489451815838     
 |gp(xk)|/|gp(xck)| =   0.99994133883431779     
 |gp(xk)|/|gp(xck)| =   0.99998276581825007     
 |gp(xk)|/|gp(xck)| =   0.99998590327511416     
 |gp(xk)|/|gp(xck)| =   0.99999330428316013     
 |gp(xk)|/|gp(xck)| =   0.99999448294315285     
 |gp(xk)|/|gp(xck)| =   0.99999477617141286     
 |gp(xk)|/|gp(xck)| =   0.99999484872386202     
 |gp(xk)|/|gp(xck)| =   0.99999554049352268     

 DCI Summary.

 rhomax became too short.

 Iterations     :           63
 Steihaug's iter:          125
 Restorations   :           30
 Rejected steps :           51
 Function evals.:          115
 Constr.  evals.:          185
 Gradient evals.:           63
 Jacobian evals.:           63
 2nd order Corr.:           40
 BFGS iterations:            0
 f(x)           :    826175.08111819520     
 ||h(x)||       :    4.3208061406655312E-016
 ||gp(x)||      :    3188.9376483184788     
 ||At*h||       :    2.0004939103771084E-007
 Elapsed time   :   0.628906250    

 ||xnew - xc||  :    3.9062500000000003E-008
 rho            :    1.3357322313793864E-007
 rhomax         :    8.9048815425292433E-008
 vdelta         :    1000000.0000000000     
 hdelta         :    9.7656250000000005E-008
 L(x)           :    826175.08020607778     
 L(x) - L(xc)   :   -9.1211742255836725E-004
 L(xc)-L(x(k-1)):    3.6476267268881202E-003

 -------- xxxxxxxxxxxxxxxxxxxxxxx --------       
 Unable to open output file
