sifdecoder -A pc64.lnx.gfo -st   LUKVLE15

 Problem name: LUKVLE15

 Double precision version will be formed

 The objective function uses 9996 nonlinear groups
 
 There are 7497 nonlinear equality constraints
 
 There are 9997 free variables
 
 
 File successfully decoded
/home/abel/documentos/dcicpp-newrun/output-dci-equ-free-2016-11-17--11:22
/home/abel/projetos/linux-cutest/cutest/makefiles/pc64.lnx.gfo:74: /home/abel/projetos/linux-cutest/cutest/src/dci/makemaster: No such file or directory
make: *** No rule to make target '/home/abel/projetos/linux-cutest/cutest/src/dci/makemaster'.  Stop.
Done
 |gp(xk)|/|gp(xck)| =   0.14897988245950819     
 |gp(xk)|/|gp(xck)| =   0.29759460765302365     
 |gp(xk)|/|gp(xck)| =   0.29155543944395723     
 |gp(xk)|/|gp(xck)| =   0.28368519996602309     
 |gp(xk)|/|gp(xck)| =   0.29670953502765740     
 |gp(xk)|/|gp(xck)| =   0.29727486838888134     
 |gp(xk)|/|gp(xck)| =   0.29866796141706536     
 |gp(xk)|/|gp(xck)| =   0.30509343811719286     
 |gp(xk)|/|gp(xck)| =   0.34383915121033720     
 |gp(xk)|/|gp(xck)| =   0.25171911370059319     
 |gp(xk)|/|gp(xck)| =   0.76228829319079705     
 |gp(xk)|/|gp(xck)| =    5.1795875079490923     
 |gp(xk)|/|gp(xck)| =   0.98123216199182917     
 |gp(xk)|/|gp(xck)| =   0.92193156825840306     
 |gp(xk)|/|gp(xck)| =   0.45400143988267400     
 |gp(xk)|/|gp(xck)| =   0.24957058051712086     
 |gp(xk)|/|gp(xck)| =   0.29727403419848031     
 |gp(xk)|/|gp(xck)| =   0.38031224603004193     
 |gp(xk)|/|gp(xck)| =   0.99992472623879525     
 |gp(xk)|/|gp(xck)| =    6.6903542847984027E-002
 |gp(xk)|/|gp(xck)| =   0.99999965502613142     
 |gp(xk)|/|gp(xck)| =   0.99999855859501963     
 |gp(xk)|/|gp(xck)| =   0.99999791579522090     
 |gp(xk)|/|gp(xck)| =   0.99999478949175769     
 |gp(xk)|/|gp(xck)| =   0.99998697375255030     
 |gp(xk)|/|gp(xck)| =   0.99996743452610592     
 |gp(xk)|/|gp(xck)| =   0.99991858721983651     
 |gp(xk)|/|gp(xck)| =   0.99979647370331093     
 |gp(xk)|/|gp(xck)| =   0.99949121959619946     
 |gp(xk)|/|gp(xck)| =   0.99872826988652641     
 |gp(xk)|/|gp(xck)| =   0.99682205584742190     
 |gp(xk)|/|gp(xck)| =   0.99206377996083239     
 |gp(xk)|/|gp(xck)| =   0.98021358040015560     
 |gp(xk)|/|gp(xck)| =   0.95087423594537335     
 |gp(xk)|/|gp(xck)| =   0.87934162888623157     
 |gp(xk)|/|gp(xck)| =   0.71221673283780651     
 |gp(xk)|/|gp(xck)| =   0.36885278561286772     
 |gp(xk)|/|gp(xck)| =   0.26470675924466319     
 |gp(xk)|/|gp(xck)| =   0.29785083554488428     
 |gp(xk)|/|gp(xck)| =   0.29886380523208161     
 |gp(xk)|/|gp(xck)| =   0.53242088995442172     
 |gp(xk)|/|gp(xck)| =   0.26159617979750677     
 |gp(xk)|/|gp(xck)| =   0.39584256087376346     
 |gp(xk)|/|gp(xck)| =    2.5021666897923875     
 |gp(xk)|/|gp(xck)| =   0.59431661106305278     
 |gp(xk)|/|gp(xck)| =   0.81991940517606421     
 |gp(xk)|/|gp(xck)| =   0.49004323028983182     
 |gp(xk)|/|gp(xck)| =    1.7992462450006792     
 |gp(xk)|/|gp(xck)| =    1.2129947843622635     
 |gp(xk)|/|gp(xck)| =   0.90520404137335175     
 |gp(xk)|/|gp(xck)| =   0.42680227963340828     
 |gp(xk)|/|gp(xck)| =   0.32604478564234035     
 |gp(xk)|/|gp(xck)| =    2.7935407098118783     
 |gp(xk)|/|gp(xck)| =   0.53259013704572866     
 |gp(xk)|/|gp(xck)| =    2.6862223235529985     
 |gp(xk)|/|gp(xck)| =   0.48924301500461642     
 |gp(xk)|/|gp(xck)| =   0.44522623995229138     
 |gp(xk)|/|gp(xck)| =    1.5915841814719172     
 |gp(xk)|/|gp(xck)| =   0.48415782405999852     
 |gp(xk)|/|gp(xck)| =    2.8681351125617076     
 |gp(xk)|/|gp(xck)| =    1.8670214198498500     
 |gp(xk)|/|gp(xck)| =   0.30831563193127587     
 |gp(xk)|/|gp(xck)| =   0.27157786934255757     
 |gp(xk)|/|gp(xck)| =   0.79456904153796570     
 |gp(xk)|/|gp(xck)| =    1.0414054173812728     
 |gp(xk)|/|gp(xck)| =    3.6116541432500537     
 |gp(xk)|/|gp(xck)| =   0.88226694814880147     
 |gp(xk)|/|gp(xck)| =   0.50390219047743479     
 |gp(xk)|/|gp(xck)| =    1.8672884431613543     
 |gp(xk)|/|gp(xck)| =   0.46243899439597985     
 |gp(xk)|/|gp(xck)| =   0.42082365113332298     
 |gp(xk)|/|gp(xck)| =    1.4270881286551791     
 |gp(xk)|/|gp(xck)| =    3.3605281817894506     
 |gp(xk)|/|gp(xck)| =   0.48319121703204770     
 |gp(xk)|/|gp(xck)| =   0.91853283616197268     
 |gp(xk)|/|gp(xck)| =   0.83039041017270687     
 |gp(xk)|/|gp(xck)| =    1.9338343809771956     
 |gp(xk)|/|gp(xck)| =   0.45431314280439689     
 |gp(xk)|/|gp(xck)| =    1.5404118936888667     
 |gp(xk)|/|gp(xck)| =    1.2245322159692957     
 |gp(xk)|/|gp(xck)| =   0.64124774416048935     
 |gp(xk)|/|gp(xck)| =   0.26904250089927984     
 |gp(xk)|/|gp(xck)| =    3.3213245345719811     
 |gp(xk)|/|gp(xck)| =   0.55449412089989347     
 |gp(xk)|/|gp(xck)| =    1.0400971341770775     
 |gp(xk)|/|gp(xck)| =    1.0168509702794704     
 |gp(xk)|/|gp(xck)| =   0.44348196925736366     
 |gp(xk)|/|gp(xck)| =   0.78598286355947211     
 |gp(xk)|/|gp(xck)| =    2.3550942951365790     
 |gp(xk)|/|gp(xck)| =    1.7370969178344366     
 |gp(xk)|/|gp(xck)| =    1.9514767702136757     
 |gp(xk)|/|gp(xck)| =   0.28914873123988621     
 |gp(xk)|/|gp(xck)| =   0.42980427196667848     
 |gp(xk)|/|gp(xck)| =    1.0686331621192033     
 |gp(xk)|/|gp(xck)| =   0.70769446187060381     
 |gp(xk)|/|gp(xck)| =    1.9737908771917980     
 |gp(xk)|/|gp(xck)| =    1.3741673864064059     
 |gp(xk)|/|gp(xck)| =   0.59298317240326059     
 |gp(xk)|/|gp(xck)| =    1.1487980646189437     
 |gp(xk)|/|gp(xck)| =   0.86219472232654404     
 |gp(xk)|/|gp(xck)| =    1.3560160207026528     
 |gp(xk)|/|gp(xck)| =   0.73947011597339363     
 |gp(xk)|/|gp(xck)| =    1.6594016114126888     
 |gp(xk)|/|gp(xck)| =   0.32463597380099823     
 |gp(xk)|/|gp(xck)| =    1.1167675962826107     
 |gp(xk)|/|gp(xck)| =   0.99583563821104981     
 |gp(xk)|/|gp(xck)| =    2.1034432764628983     
 |gp(xk)|/|gp(xck)| =   0.89396372082571085     
 |gp(xk)|/|gp(xck)| =   0.60992286130081885     
 |gp(xk)|/|gp(xck)| =   0.87395992831139935     
 |gp(xk)|/|gp(xck)| =   0.59804906979739925     
 |gp(xk)|/|gp(xck)| =    4.2706033684562952     
 |gp(xk)|/|gp(xck)| =   0.82250392872651679     
 |gp(xk)|/|gp(xck)| =   0.45972364279743771     
 |gp(xk)|/|gp(xck)| =    1.8608593714176034     
 |gp(xk)|/|gp(xck)| =   0.60539610090128526     
 |gp(xk)|/|gp(xck)| =   0.42895827516194923     
 |gp(xk)|/|gp(xck)| =    1.2264492655065342     
 |gp(xk)|/|gp(xck)| =    1.2723412301915451     
 |gp(xk)|/|gp(xck)| =   0.81814187605508915     
 |gp(xk)|/|gp(xck)| =   0.50161733485969229     
 |gp(xk)|/|gp(xck)| =    2.4714380364386623     
 |gp(xk)|/|gp(xck)| =    2.3647958969716876     
 |gp(xk)|/|gp(xck)| =   0.54824568991887035     
 |gp(xk)|/|gp(xck)| =   0.83671641202507940     
 |gp(xk)|/|gp(xck)| =   0.49640954518729841     
 |gp(xk)|/|gp(xck)| =    1.1029209497593719     
 |gp(xk)|/|gp(xck)| =    1.6455700169597949     
 |gp(xk)|/|gp(xck)| =    1.8110079936032362     
 |gp(xk)|/|gp(xck)| =    1.7961070170122018     
 |gp(xk)|/|gp(xck)| =   0.28442412333917722     
 |gp(xk)|/|gp(xck)| =   0.35599263991562391     
 |gp(xk)|/|gp(xck)| =    1.3622725922492032     
 |gp(xk)|/|gp(xck)| =    1.1080544890557757     
 |gp(xk)|/|gp(xck)| =    1.8637808893760082     
 |gp(xk)|/|gp(xck)| =   0.37625899769633919     
 |gp(xk)|/|gp(xck)| =    2.1911241653067890     
 |gp(xk)|/|gp(xck)| =    1.4998357054322740     
 |gp(xk)|/|gp(xck)| =   0.87053015695487213     
 |gp(xk)|/|gp(xck)| =   0.78678590965466411     
 |gp(xk)|/|gp(xck)| =   0.46593016465362586     
 |gp(xk)|/|gp(xck)| =    1.6791297034564943     
 |gp(xk)|/|gp(xck)| =   0.39911636713275023     
 |gp(xk)|/|gp(xck)| =   0.98252191023695479     
 |gp(xk)|/|gp(xck)| =    1.9402421515596058     
 |gp(xk)|/|gp(xck)| =   0.55347769168570149     
 |gp(xk)|/|gp(xck)| =    1.8913392307995256     
 |gp(xk)|/|gp(xck)| =    3.7336914718925143     
 |gp(xk)|/|gp(xck)| =   0.26256451269484771     
 |gp(xk)|/|gp(xck)| =   0.97592580488593728     
 |gp(xk)|/|gp(xck)| =    1.0555176728646312     
 |gp(xk)|/|gp(xck)| =   0.43157856027188563     
 |gp(xk)|/|gp(xck)| =    1.2089548736099238     
 |gp(xk)|/|gp(xck)| =    3.3908861053899919     
 |gp(xk)|/|gp(xck)| =   0.46516961995607287     
 |gp(xk)|/|gp(xck)| =   0.85925125034425265     
 |gp(xk)|/|gp(xck)| =    1.0844366169773132     
 |gp(xk)|/|gp(xck)| =    1.3105898266162999     
 |gp(xk)|/|gp(xck)| =   0.51056084387471912     
 |gp(xk)|/|gp(xck)| =   0.67518581398739352     
 |gp(xk)|/|gp(xck)| =    2.3503058238639558     
 |gp(xk)|/|gp(xck)| =    3.6025704392753926     
 |gp(xk)|/|gp(xck)| =   0.29285310042579232     
 |gp(xk)|/|gp(xck)| =   0.82721721756122657     
 |gp(xk)|/|gp(xck)| =   0.92977199149167078     
 |gp(xk)|/|gp(xck)| =    1.3508505199194865     
 |gp(xk)|/|gp(xck)| =    1.3853685396801412     
 |gp(xk)|/|gp(xck)| =    1.1816398906160437     
 |gp(xk)|/|gp(xck)| =    1.1626668135825533     
 |gp(xk)|/|gp(xck)| =   0.35377271128110416     
 |gp(xk)|/|gp(xck)| =    1.8056081389220151     
 |gp(xk)|/|gp(xck)| =    1.0697892665271933     
 |gp(xk)|/|gp(xck)| =   0.57399424516572661     
 |gp(xk)|/|gp(xck)| =    1.6785290387816441     
 |gp(xk)|/|gp(xck)| =   0.37823147126300327     
 |gp(xk)|/|gp(xck)| =    1.1903506726133199     
 |gp(xk)|/|gp(xck)| =    2.4970720695553621     
 |gp(xk)|/|gp(xck)| =    1.6708299932648403     
 |gp(xk)|/|gp(xck)| =   0.19291878929603470     
 |gp(xk)|/|gp(xck)| =    3.5079965578901637     
 |gp(xk)|/|gp(xck)| =   0.40887545965115812     
 |gp(xk)|/|gp(xck)| =   0.84994293065544990     
 |gp(xk)|/|gp(xck)| =    1.5139247483075609     
 |gp(xk)|/|gp(xck)| =    1.7907620751194673     
 |gp(xk)|/|gp(xck)| =    1.6341034871251920     
 |gp(xk)|/|gp(xck)| =   0.36616865476971033     
 |gp(xk)|/|gp(xck)| =   0.84795910551812104     
 |gp(xk)|/|gp(xck)| =   0.65584576880681456     
 |gp(xk)|/|gp(xck)| =    2.9432096732059350     
 |gp(xk)|/|gp(xck)| =    2.0679671208289028     
 |gp(xk)|/|gp(xck)| =   0.31770678243092304     
 |gp(xk)|/|gp(xck)| =   0.91929647703958572     
 |gp(xk)|/|gp(xck)| =   0.57020137241596069     
 |gp(xk)|/|gp(xck)| =   0.86431249027995771     
 |gp(xk)|/|gp(xck)| =    1.0909027707039969     
 |gp(xk)|/|gp(xck)| =    3.9819623238870099     
 |gp(xk)|/|gp(xck)| =   0.75131866814505155     
 |gp(xk)|/|gp(xck)| =   0.59398980131163626     
 |gp(xk)|/|gp(xck)| =   0.47612358045679543     
 |gp(xk)|/|gp(xck)| =    2.1934865554221012     
 |gp(xk)|/|gp(xck)| =    1.6307170010989482     
 |gp(xk)|/|gp(xck)| =   0.74235829507525775     
 |gp(xk)|/|gp(xck)| =   0.56038191274450377     
 |gp(xk)|/|gp(xck)| =    1.1181121972414014     
 |gp(xk)|/|gp(xck)| =   0.84645024246167888     
 |gp(xk)|/|gp(xck)| =    2.2379010737853968     
 |gp(xk)|/|gp(xck)| =   0.36475152172998110     
 |gp(xk)|/|gp(xck)| =    1.4038416978769712     
 |gp(xk)|/|gp(xck)| =    1.3816453156762964     
 |gp(xk)|/|gp(xck)| =    1.7400038995907594     
 |gp(xk)|/|gp(xck)| =   0.28064990296305792     
 |gp(xk)|/|gp(xck)| =    2.0074645279238075     
 |gp(xk)|/|gp(xck)| =   0.40633971856978784     
 |gp(xk)|/|gp(xck)| =    3.4181112226787302     
 |gp(xk)|/|gp(xck)| =   0.28712975295849064     
 |gp(xk)|/|gp(xck)| =    4.5337558450787911     
 |gp(xk)|/|gp(xck)| =   0.98948614256436829     
 |gp(xk)|/|gp(xck)| =   0.40016075381862903     
 |gp(xk)|/|gp(xck)| =    2.2061642354296223     
 |gp(xk)|/|gp(xck)| =   0.37108999360089895     
 |gp(xk)|/|gp(xck)| =    1.8057465466199722     
 |gp(xk)|/|gp(xck)| =    1.6607716622056292     
 |gp(xk)|/|gp(xck)| =   0.33802137894151468     
 |gp(xk)|/|gp(xck)| =    1.2313386218724165     
 |gp(xk)|/|gp(xck)| =    1.1876319395020889     
 |gp(xk)|/|gp(xck)| =   0.77441780811778549     
 |gp(xk)|/|gp(xck)| =   0.51536629441444282     
 |gp(xk)|/|gp(xck)| =    3.6522057159390511     
 |gp(xk)|/|gp(xck)| =   0.43287550857145141     
 |gp(xk)|/|gp(xck)| =    1.2463472412007135     
 |gp(xk)|/|gp(xck)| =    2.6068515130578676     
 |gp(xk)|/|gp(xck)| =   0.43180583413122781     
 |gp(xk)|/|gp(xck)| =    1.4319083630552063     
 |gp(xk)|/|gp(xck)| =   0.60281054998555295     
 |gp(xk)|/|gp(xck)| =    1.4913870414896280     
 |gp(xk)|/|gp(xck)| =    2.1500105808972263     
 |gp(xk)|/|gp(xck)| =   0.96635034603738734     
 |gp(xk)|/|gp(xck)| =   0.89131375427436743     
 |gp(xk)|/|gp(xck)| =   0.46727108454765237     
 |gp(xk)|/|gp(xck)| =   0.48863052744313795     
 |gp(xk)|/|gp(xck)| =    1.3125061696251474     
 |gp(xk)|/|gp(xck)| =   0.39966209735972252     
 |gp(xk)|/|gp(xck)| =    2.1886766882300508     
 |gp(xk)|/|gp(xck)| =    1.4471382113562745     
 |gp(xk)|/|gp(xck)| =    1.7654498610517535     
 |gp(xk)|/|gp(xck)| =    1.0131987725509235     
 |gp(xk)|/|gp(xck)| =   0.53124506100705926     
 |gp(xk)|/|gp(xck)| =    1.0338966901875872     
 |gp(xk)|/|gp(xck)| =    2.4652205433265282     
 |gp(xk)|/|gp(xck)| =   0.51697022917113788     
 |gp(xk)|/|gp(xck)| =    2.0607404686778930     
 |gp(xk)|/|gp(xck)| =   0.73487107472743562     
 |gp(xk)|/|gp(xck)| =   0.94379267956296620     
 |gp(xk)|/|gp(xck)| =   0.37904977405059603     
 |gp(xk)|/|gp(xck)| =    1.5797255568181707     
 |gp(xk)|/|gp(xck)| =   0.53215931180220122     
 |gp(xk)|/|gp(xck)| =    2.1997529349430316     
 |gp(xk)|/|gp(xck)| =   0.55329610699239762     
 |gp(xk)|/|gp(xck)| =   0.51487520451353241     
 |gp(xk)|/|gp(xck)| =    6.4175878356176224     
 |gp(xk)|/|gp(xck)| =   0.33201752361261749     
 |gp(xk)|/|gp(xck)| =    1.1872938518700480     
 |gp(xk)|/|gp(xck)| =   0.63517938319638090     
 |gp(xk)|/|gp(xck)| =    2.6730510850453815     
 |gp(xk)|/|gp(xck)| =   0.81386397602121674     
 |gp(xk)|/|gp(xck)| =   0.61967276002212468     
 |gp(xk)|/|gp(xck)| =    3.3603238369513329     
 |gp(xk)|/|gp(xck)| =    1.0354422046513281     
 |gp(xk)|/|gp(xck)| =    1.0333296553351907     
 |gp(xk)|/|gp(xck)| =    2.5977392862101709     
 |gp(xk)|/|gp(xck)| =   0.31342031337303816     
 |gp(xk)|/|gp(xck)| =    2.3103986183443119     
 |gp(xk)|/|gp(xck)| =   0.51719538769618656     
 |gp(xk)|/|gp(xck)| =    5.5699667586589898     
 |gp(xk)|/|gp(xck)| =   0.73167884574893416     
 |gp(xk)|/|gp(xck)| =   0.82421361215253552     
 |gp(xk)|/|gp(xck)| =   0.73094983371828659     
 |gp(xk)|/|gp(xck)| =   0.56022217322169776     
 |gp(xk)|/|gp(xck)| =    2.7051367576452638     
 |gp(xk)|/|gp(xck)| =    1.8094007125933178     
 |gp(xk)|/|gp(xck)| =   0.93212511766918471     
 |gp(xk)|/|gp(xck)| =    1.3462545627919225     
 |gp(xk)|/|gp(xck)| =   0.38871860150681847     
 |gp(xk)|/|gp(xck)| =    1.3283734497903013     
 |gp(xk)|/|gp(xck)| =    1.7388081528454344     
 |gp(xk)|/|gp(xck)| =    1.0183074169688129     
 |gp(xk)|/|gp(xck)| =   0.79338963440813293     
 |gp(xk)|/|gp(xck)| =   0.60377366204062899     
 |gp(xk)|/|gp(xck)| =    1.2425945344436014     
 |gp(xk)|/|gp(xck)| =    1.7946019028948137     
 |gp(xk)|/|gp(xck)| =   0.82877298091108753     
 |gp(xk)|/|gp(xck)| =   0.95902387309826564     
 |gp(xk)|/|gp(xck)| =   0.68839135746556057     
 |gp(xk)|/|gp(xck)| =    1.8837965593854902     
 |gp(xk)|/|gp(xck)| =   0.86146908379374387     
 |gp(xk)|/|gp(xck)| =    1.8833528440936562     
 |gp(xk)|/|gp(xck)| =   0.87381214697401133     
 |gp(xk)|/|gp(xck)| =    1.0394927295689853     
 |gp(xk)|/|gp(xck)| =   0.49687075943978132     
 |gp(xk)|/|gp(xck)| =    1.1761634701511341     
 |gp(xk)|/|gp(xck)| =    2.1206627034901566     
 |gp(xk)|/|gp(xck)| =    1.1475887475524513     
 |gp(xk)|/|gp(xck)| =    2.4746850469740544     
 |gp(xk)|/|gp(xck)| =   0.17384104159291980     
 |gp(xk)|/|gp(xck)| =    2.0967279502998224     
 |gp(xk)|/|gp(xck)| =    1.0748423775933322     
 |gp(xk)|/|gp(xck)| =   0.69345708172880238     
 |gp(xk)|/|gp(xck)| =    1.0906952105353205     
 |gp(xk)|/|gp(xck)| =   0.56353915326360349     
 |gp(xk)|/|gp(xck)| =    4.9955857625505331     
 |gp(xk)|/|gp(xck)| =   0.23085785328124614     
 |gp(xk)|/|gp(xck)| =    11.763399884764683     
 |gp(xk)|/|gp(xck)| =   0.59964932249606739     
 |gp(xk)|/|gp(xck)| =   0.83343086953880441     
 |gp(xk)|/|gp(xck)| =    2.3249079983035839     
 |gp(xk)|/|gp(xck)| =   0.21671451049610516     
 |gp(xk)|/|gp(xck)| =    1.5762262866080805     
 |gp(xk)|/|gp(xck)| =   0.57687883109062132     
 |gp(xk)|/|gp(xck)| =    1.1024858943474733     
 |gp(xk)|/|gp(xck)| =   0.39679150271080982     
 |gp(xk)|/|gp(xck)| =    1.9582920042318093     
 |gp(xk)|/|gp(xck)| =    1.7826062314030020     
 |gp(xk)|/|gp(xck)| =    1.2274636876899305     
 |gp(xk)|/|gp(xck)| =   0.71120562944779020     
 |gp(xk)|/|gp(xck)| =   0.50051214831017121     
 |gp(xk)|/|gp(xck)| =    1.1280387194063846     
 |gp(xk)|/|gp(xck)| =    4.5261784477197846     
 |gp(xk)|/|gp(xck)| =   0.74974558621643084     
 |gp(xk)|/|gp(xck)| =   0.85646238978885381     
 |gp(xk)|/|gp(xck)| =    1.3122853711298295     
 |gp(xk)|/|gp(xck)| =    2.2430601318746675     
 |gp(xk)|/|gp(xck)| =   0.36530936527054286     
 |gp(xk)|/|gp(xck)| =    1.1681239170428930     
 |gp(xk)|/|gp(xck)| =    6.2105712518100846     
 |gp(xk)|/|gp(xck)| =   0.15838500501770819     
 |gp(xk)|/|gp(xck)| =    1.7691092392950143     
 |gp(xk)|/|gp(xck)| =    1.8597392636376957     
 |gp(xk)|/|gp(xck)| =    2.9272960019825462     
 |gp(xk)|/|gp(xck)| =   0.27095936547242261     
 |gp(xk)|/|gp(xck)| =   0.37825811052420572     
 |gp(xk)|/|gp(xck)| =    2.7770701534150510     
 |gp(xk)|/|gp(xck)| =    1.9090371831150117     
 |gp(xk)|/|gp(xck)| =   0.45081977310748722     
 |gp(xk)|/|gp(xck)| =    1.0960305199325402     
 |gp(xk)|/|gp(xck)| =    1.2319319411510059     
 |gp(xk)|/|gp(xck)| =   0.38743713704593213     
 |gp(xk)|/|gp(xck)| =    1.4271720823221536     
 |gp(xk)|/|gp(xck)| =   0.45707708069861031     
 |gp(xk)|/|gp(xck)| =    2.1968594473736336     
 |gp(xk)|/|gp(xck)| =    1.4225904369348672     
 |gp(xk)|/|gp(xck)| =    4.8585857477824099     
 |gp(xk)|/|gp(xck)| =   0.34704569363854942     
 |gp(xk)|/|gp(xck)| =    1.2279000106328757     
 |gp(xk)|/|gp(xck)| =   0.92078205223058673     
 |gp(xk)|/|gp(xck)| =    2.2260602246378811     
 |gp(xk)|/|gp(xck)| =   0.43125549594179274     
 |gp(xk)|/|gp(xck)| =    3.8508371343211709     
 |gp(xk)|/|gp(xck)| =   0.83555974574607750     
 |gp(xk)|/|gp(xck)| =   0.90038484685755715     
 |gp(xk)|/|gp(xck)| =    2.3795004343293455     
 |gp(xk)|/|gp(xck)| =   0.22591325686840769     
 |gp(xk)|/|gp(xck)| =   0.54732634927990109     
 |gp(xk)|/|gp(xck)| =    1.2404418690028438     
 |gp(xk)|/|gp(xck)| =    1.0580832370461206     
 |gp(xk)|/|gp(xck)| =   0.84992068483294370     
 |gp(xk)|/|gp(xck)| =    1.1467798312662263     
 |gp(xk)|/|gp(xck)| =   0.86429337643145843     
 |gp(xk)|/|gp(xck)| =   0.51733688234661668     
 |gp(xk)|/|gp(xck)| =    4.6949217000260957     
 |gp(xk)|/|gp(xck)| =   0.54390596609001263     
 |gp(xk)|/|gp(xck)| =    1.3336826072091121     
 |gp(xk)|/|gp(xck)| =    1.1840368065433176     
 |gp(xk)|/|gp(xck)| =   0.57692753206882030     
 |gp(xk)|/|gp(xck)| =    3.2640615060996452     
 |gp(xk)|/|gp(xck)| =    1.5341324685522904     
 |gp(xk)|/|gp(xck)| =   0.34369294881780460     
 |gp(xk)|/|gp(xck)| =   0.85985566908677036     
 |gp(xk)|/|gp(xck)| =   0.64870502352790760     
 |gp(xk)|/|gp(xck)| =   0.98711314728983968     
 |gp(xk)|/|gp(xck)| =    2.7192815778226533     
 |gp(xk)|/|gp(xck)| =   0.40150280025826063     
 |gp(xk)|/|gp(xck)| =    1.5631270203239580     
 |gp(xk)|/|gp(xck)| =   0.54098714019271954     
 |gp(xk)|/|gp(xck)| =    2.0589540575994150     
 |gp(xk)|/|gp(xck)| =   0.51172061971537741     
 |gp(xk)|/|gp(xck)| =    1.5848127936761216     
 |gp(xk)|/|gp(xck)| =    2.4712591374830724     
 |gp(xk)|/|gp(xck)| =   0.59230974493495192     
 |gp(xk)|/|gp(xck)| =    1.0749832559020074     
 |gp(xk)|/|gp(xck)| =   0.40631937564193399     
 |gp(xk)|/|gp(xck)| =    3.6558194206185073     
 |gp(xk)|/|gp(xck)| =    2.4624169956316999     
 |gp(xk)|/|gp(xck)| =   0.63973248789440496     
 |gp(xk)|/|gp(xck)| =    2.2424841404342732     
 |gp(xk)|/|gp(xck)| =   0.83856483904470980     
 |gp(xk)|/|gp(xck)| =   0.49655626664662333     
 |gp(xk)|/|gp(xck)| =    2.1896038970879790     
 |gp(xk)|/|gp(xck)| =    1.0502989433739383     
 |gp(xk)|/|gp(xck)| =   0.41414335290150650     
 |gp(xk)|/|gp(xck)| =    2.2207788798823334     
 |gp(xk)|/|gp(xck)| =   0.63415512283589270     
 |gp(xk)|/|gp(xck)| =    1.8020476505465057     
 |gp(xk)|/|gp(xck)| =   0.42580352452655140     
 |gp(xk)|/|gp(xck)| =   0.93360379469282972     
 |gp(xk)|/|gp(xck)| =    1.3829734671432234     
 |gp(xk)|/|gp(xck)| =    2.7234260073368244     
 |gp(xk)|/|gp(xck)| =    8.4439905751274094E-002
 |gp(xk)|/|gp(xck)| =    9.2092810115407495     
 |gp(xk)|/|gp(xck)| =   0.29576087980178306     
 |gp(xk)|/|gp(xck)| =    4.4382383884375320     
 |gp(xk)|/|gp(xck)| =   0.15843050614096346     
 |gp(xk)|/|gp(xck)| =    3.2799098254860728     
 |gp(xk)|/|gp(xck)| =    3.6095558349335892     
 |gp(xk)|/|gp(xck)| =   0.23932609271484001     
 |gp(xk)|/|gp(xck)| =    5.5707091690123836     
 |gp(xk)|/|gp(xck)| =   0.11557992091455849     
 |gp(xk)|/|gp(xck)| =    1.7209747808577369     
 |gp(xk)|/|gp(xck)| =   0.69797380452068492     
 |gp(xk)|/|gp(xck)| =    3.7544320247550140     
 |gp(xk)|/|gp(xck)| =   0.11586349206288751     
 |gp(xk)|/|gp(xck)| =    9.6448277873704349     
 |gp(xk)|/|gp(xck)| =   0.46624573528933666     
 |gp(xk)|/|gp(xck)| =    1.3410445191028293     
 |gp(xk)|/|gp(xck)| =   0.44260848014483622     
 |gp(xk)|/|gp(xck)| =   0.53194740998213108     
 |gp(xk)|/|gp(xck)| =    2.3862168377256077     
 |gp(xk)|/|gp(xck)| =   0.63533740464733446     
 |gp(xk)|/|gp(xck)| =    6.2254818156931648     
 |gp(xk)|/|gp(xck)| =    8.3860751307857015E-002
 |gp(xk)|/|gp(xck)| =    7.2192512078704612     
 |gp(xk)|/|gp(xck)| =   0.33487210409182255     
 |gp(xk)|/|gp(xck)| =    2.1976662192090468     
 |gp(xk)|/|gp(xck)| =   0.22340000827904744     
 |gp(xk)|/|gp(xck)| =    3.9492480797790108     
 |gp(xk)|/|gp(xck)| =    2.5527338792580196     
 |gp(xk)|/|gp(xck)| =    9.4031494763749585E-002
 |gp(xk)|/|gp(xck)| =   0.80491629562995570     
 |gp(xk)|/|gp(xck)| =    5.0472229223794756     
 |gp(xk)|/|gp(xck)| =   0.59768739778379454     
 |gp(xk)|/|gp(xck)| =   0.95084507490534287     
 |gp(xk)|/|gp(xck)| =    3.3385980581268355     
 |gp(xk)|/|gp(xck)| =   0.22345876861526587     
 |gp(xk)|/|gp(xck)| =    5.3172003550532354     
 |gp(xk)|/|gp(xck)| =    1.0932180261648494     
 |gp(xk)|/|gp(xck)| =    1.6273608677031188     
 |gp(xk)|/|gp(xck)| =   0.77181123795098172     
 |gp(xk)|/|gp(xck)| =   0.27347142082746384     
 |gp(xk)|/|gp(xck)| =    4.9459870861056450     
 |gp(xk)|/|gp(xck)| =   0.33949039773432060     
 |gp(xk)|/|gp(xck)| =   0.48603418202475862     
 |gp(xk)|/|gp(xck)| =    5.5572307124099574     
 |gp(xk)|/|gp(xck)| =    9.0097796179882741E-002
 |gp(xk)|/|gp(xck)| =    3.2394074103731798     
 |gp(xk)|/|gp(xck)| =   0.68772695800155570     
 |gp(xk)|/|gp(xck)| =    4.1370912244703355     
 |gp(xk)|/|gp(xck)| =    1.8367948789098179     
 |gp(xk)|/|gp(xck)| =   0.19463102302328159     
 |gp(xk)|/|gp(xck)| =    2.0442797295202486     
 |gp(xk)|/|gp(xck)| =    2.0755014106463068     
 |gp(xk)|/|gp(xck)| =   0.18200921686866270     
 |gp(xk)|/|gp(xck)| =    6.8665026139566052     
 |gp(xk)|/|gp(xck)| =   0.17980643625915060     
 |gp(xk)|/|gp(xck)| =    1.4967998300182916     
 |gp(xk)|/|gp(xck)| =    3.5138337964540298     
 |gp(xk)|/|gp(xck)| =   0.67676397587206161     
 |gp(xk)|/|gp(xck)| =   0.59500798927625387     
 |gp(xk)|/|gp(xck)| =   0.77994167247367474     
 |gp(xk)|/|gp(xck)| =   0.66080837046883434     
 |gp(xk)|/|gp(xck)| =    3.3640746464165119     
 |gp(xk)|/|gp(xck)| =   0.12643122685257749     
 |gp(xk)|/|gp(xck)| =    9.5171251454722032     
 |gp(xk)|/|gp(xck)| =   0.45668264848394491     
 |gp(xk)|/|gp(xck)| =    2.0209552244731781     
 |gp(xk)|/|gp(xck)| =   0.86804020452381658     
 |gp(xk)|/|gp(xck)| =   0.40568070041318527     
 |gp(xk)|/|gp(xck)| =    2.2399704192850067     
 |gp(xk)|/|gp(xck)| =    5.2572404196998503     
 |gp(xk)|/|gp(xck)| =   0.11066760749158155     
 |gp(xk)|/|gp(xck)| =    3.2232759474942934     
 |gp(xk)|/|gp(xck)| =   0.67962513411748293     
 |gp(xk)|/|gp(xck)| =    1.4342574375350687     
 |gp(xk)|/|gp(xck)| =   0.29458478063201465     
 |gp(xk)|/|gp(xck)| =    1.3317749876678051     
 |gp(xk)|/|gp(xck)| =   0.40289819860206444     
 |gp(xk)|/|gp(xck)| =    3.7526466699246472     
 |gp(xk)|/|gp(xck)| =    1.9207893866926564     
 |gp(xk)|/|gp(xck)| =   0.97957463526033894     
 |gp(xk)|/|gp(xck)| =   0.26761957084205995     
 |gp(xk)|/|gp(xck)| =    3.6141499853260446     
 |gp(xk)|/|gp(xck)| =    9.8405069099126191E-002
 |gp(xk)|/|gp(xck)| =    3.2373754746022256     
 |gp(xk)|/|gp(xck)| =   0.78642471446128892     
 |gp(xk)|/|gp(xck)| =    1.7288239583605129     
 |gp(xk)|/|gp(xck)| =    1.5144640057553551     
 |gp(xk)|/|gp(xck)| =    1.8309123942032453     
 |gp(xk)|/|gp(xck)| =   0.97005995685112145     
 |gp(xk)|/|gp(xck)| =    1.4182992988208807     
 |gp(xk)|/|gp(xck)| =    1.6407511821794900     
 |gp(xk)|/|gp(xck)| =   0.82757350388814899     
 |gp(xk)|/|gp(xck)| =    1.1371553309051861     
 |gp(xk)|/|gp(xck)| =   0.73572853611967970     
 |gp(xk)|/|gp(xck)| =   0.94399733265162011     
 |gp(xk)|/|gp(xck)| =    1.0423784886604976     
 |gp(xk)|/|gp(xck)| =    4.5926386475478509     
 |gp(xk)|/|gp(xck)| =    9.6428607894367732E-002
 |gp(xk)|/|gp(xck)| =    5.6526304549271629     
 |gp(xk)|/|gp(xck)| =   0.11501387663381143     
 |gp(xk)|/|gp(xck)| =    5.1937737125435905     
 |gp(xk)|/|gp(xck)| =   0.84851541154544774     
 |gp(xk)|/|gp(xck)| =    1.1400909612713066     
 |gp(xk)|/|gp(xck)| =    1.2186000290646810     
 |gp(xk)|/|gp(xck)| =   0.22042751857416681     
 |gp(xk)|/|gp(xck)| =    2.1342876121985288     
 |gp(xk)|/|gp(xck)| =    1.3350478591706960     
 |gp(xk)|/|gp(xck)| =    1.2966182046249046     
 |gp(xk)|/|gp(xck)| =   0.25769531057256978     
 |gp(xk)|/|gp(xck)| =    1.9943776677436422     
 |gp(xk)|/|gp(xck)| =   0.69940533232549718     
 |gp(xk)|/|gp(xck)| =    1.4094207551153264     
 |gp(xk)|/|gp(xck)| =    2.8303991069678456     
 |gp(xk)|/|gp(xck)| =   0.31232923697747406     
 |gp(xk)|/|gp(xck)| =   0.98110651986193820     
 |gp(xk)|/|gp(xck)| =   0.61910171819404791     
 |gp(xk)|/|gp(xck)| =    2.4057779515313156     
 |gp(xk)|/|gp(xck)| =    3.0379659682045870     
 |gp(xk)|/|gp(xck)| =   0.39244289556328005     
 |gp(xk)|/|gp(xck)| =    11.442906635473562     
 |gp(xk)|/|gp(xck)| =   0.10095418439902834     
 |gp(xk)|/|gp(xck)| =    10.979554863709218     
 |gp(xk)|/|gp(xck)| =   0.46818144503805498     
 |gp(xk)|/|gp(xck)| =   0.77751892175919957     
 |gp(xk)|/|gp(xck)| =    2.9679929234147573     
 |gp(xk)|/|gp(xck)| =    1.4057049178078640     
 |gp(xk)|/|gp(xck)| =   0.12815665454390782     
 |gp(xk)|/|gp(xck)| =    11.402812866395680     
 |gp(xk)|/|gp(xck)| =   0.25439927640139914     
 |gp(xk)|/|gp(xck)| =   0.70150492390300734     
 |gp(xk)|/|gp(xck)| =   0.99081665455807477     
 |gp(xk)|/|gp(xck)| =    1.9049685694525120     
 |gp(xk)|/|gp(xck)| =   0.39550661589738673     
 |gp(xk)|/|gp(xck)| =    15.534918055445686     
 |gp(xk)|/|gp(xck)| =   0.15019670456129763     
 |gp(xk)|/|gp(xck)| =    1.0812870538804540     
 |gp(xk)|/|gp(xck)| =    7.7298398601514124     
 |gp(xk)|/|gp(xck)| =   0.11284962331219112     
 |gp(xk)|/|gp(xck)| =    4.6811554814843923     
 |gp(xk)|/|gp(xck)| =   0.79522615040168110     
 |gp(xk)|/|gp(xck)| =    1.0398658330877708     
 |gp(xk)|/|gp(xck)| =    2.0658117786102790     
 |gp(xk)|/|gp(xck)| =   0.39449812701188591     
 |gp(xk)|/|gp(xck)| =   0.94070664902857881     
 |gp(xk)|/|gp(xck)| =    3.5643306416571963     
 |gp(xk)|/|gp(xck)| =    1.0670419789818286     
 |gp(xk)|/|gp(xck)| =   0.32951791217574994     
 |gp(xk)|/|gp(xck)| =    10.401279859063932     
 |gp(xk)|/|gp(xck)| =   0.29829786934738106     
 |gp(xk)|/|gp(xck)| =    2.4002722234450014     
 |gp(xk)|/|gp(xck)| =   0.99257526289815767     
 |gp(xk)|/|gp(xck)| =   0.73761535969548142     
 |gp(xk)|/|gp(xck)| =   0.80616818651748323     
 |gp(xk)|/|gp(xck)| =    1.3358037296960314     
 |gp(xk)|/|gp(xck)| =    2.2111235283761030     
 |gp(xk)|/|gp(xck)| =   0.39033155478142173     
 |gp(xk)|/|gp(xck)| =    3.3022909464557872     
 |gp(xk)|/|gp(xck)| =    9.4367487398925323E-002
 |gp(xk)|/|gp(xck)| =    10.017238576824576     
 |gp(xk)|/|gp(xck)| =   0.33025139760086875     
 |gp(xk)|/|gp(xck)| =    5.8908815085770065     
 |gp(xk)|/|gp(xck)| =    1.6138212538837264     
 |gp(xk)|/|gp(xck)| =   0.30734618685777992     
 |gp(xk)|/|gp(xck)| =   0.72376770584756023     
 |gp(xk)|/|gp(xck)| =   0.63951739906317417     
 |gp(xk)|/|gp(xck)| =    1.9771476065860007     
 |gp(xk)|/|gp(xck)| =    1.3390250427749621     
 |gp(xk)|/|gp(xck)| =    1.5242137992619880     
 |gp(xk)|/|gp(xck)| =   0.65654308555892882     
 |gp(xk)|/|gp(xck)| =    1.7810813497118583     
 |gp(xk)|/|gp(xck)| =   0.14013384904350934     
 |gp(xk)|/|gp(xck)| =    3.5724176836052113     
 |gp(xk)|/|gp(xck)| =    1.9924919262633680     
 |gp(xk)|/|gp(xck)| =   0.10199342454606812     
 |gp(xk)|/|gp(xck)| =    7.0103470510008190     
 |gp(xk)|/|gp(xck)| =    1.7227947096551111     
 |gp(xk)|/|gp(xck)| =   0.70569813173498763     
 |gp(xk)|/|gp(xck)| =    1.0955122086087838     
 |gp(xk)|/|gp(xck)| =    1.4273148270085172     
 |gp(xk)|/|gp(xck)| =   0.54401546179728411     
 |gp(xk)|/|gp(xck)| =    1.0486536325990097     
 |gp(xk)|/|gp(xck)| =    3.3157981406300681     
 |gp(xk)|/|gp(xck)| =   0.72709629401000564     
 |gp(xk)|/|gp(xck)| =    3.4317817414529093     
 |gp(xk)|/|gp(xck)| =   0.97825090506214174     
 |gp(xk)|/|gp(xck)| =    1.4929287481574260     
 |gp(xk)|/|gp(xck)| =   0.26707512993968197     
 |gp(xk)|/|gp(xck)| =    1.4279941348063723     
 |gp(xk)|/|gp(xck)| =    1.2042165276963519     
 |gp(xk)|/|gp(xck)| =   0.67385614754940515     
 |gp(xk)|/|gp(xck)| =    6.3258940497938951     
 |gp(xk)|/|gp(xck)| =    6.9884281771471699E-002
 |gp(xk)|/|gp(xck)| =    1.9577263795328310     
 |gp(xk)|/|gp(xck)| =    2.7788626124013054     
 |gp(xk)|/|gp(xck)| =   0.19925145059098148     
 |gp(xk)|/|gp(xck)| =    5.1649603831199018     
 |gp(xk)|/|gp(xck)| =    1.9997725098654404     
 |gp(xk)|/|gp(xck)| =   0.18136484617508297     
 |gp(xk)|/|gp(xck)| =    1.6255232803296988     
 |gp(xk)|/|gp(xck)| =    2.2742493641316481     
 |gp(xk)|/|gp(xck)| =   0.15209482856447187     
 |gp(xk)|/|gp(xck)| =    9.0261276147578435     
 |gp(xk)|/|gp(xck)| =   0.17797023807145854     
 |gp(xk)|/|gp(xck)| =    17.258981218615755     
 |gp(xk)|/|gp(xck)| =    9.2926219039300526E-002
 |gp(xk)|/|gp(xck)| =    3.4487048433685166     
 |gp(xk)|/|gp(xck)| =   0.83347687234681822     
 |gp(xk)|/|gp(xck)| =    2.1776127145272350     
 |gp(xk)|/|gp(xck)| =    1.2169097661270083     
 |gp(xk)|/|gp(xck)| =   0.11919604107199577     
 |gp(xk)|/|gp(xck)| =    11.488080002540347     
 |gp(xk)|/|gp(xck)| =   0.37364139039544925     
 |gp(xk)|/|gp(xck)| =    26.481734235587638     
 |gp(xk)|/|gp(xck)| =    8.5528787933698669E-002
 |gp(xk)|/|gp(xck)| =    3.7200240568062175     
 |gp(xk)|/|gp(xck)| =    1.3927772905334777     
 |gp(xk)|/|gp(xck)| =   0.84027096876211183     
 |gp(xk)|/|gp(xck)| =   0.96002969973930985     
 |gp(xk)|/|gp(xck)| =   0.55478567233309029     
 |gp(xk)|/|gp(xck)| =    1.3606722021460378     
 |gp(xk)|/|gp(xck)| =    2.8012782052537064     
 |gp(xk)|/|gp(xck)| =    8.4751611369239380E-002
 |gp(xk)|/|gp(xck)| =    6.3804161645112636     
 |gp(xk)|/|gp(xck)| =   0.72687588922836488     
 |gp(xk)|/|gp(xck)| =    1.5263909206670472     
 |gp(xk)|/|gp(xck)| =    1.7247278382290643     
 |gp(xk)|/|gp(xck)| =   0.22416714578102712     
 |gp(xk)|/|gp(xck)| =    4.1846542553642934     
 |gp(xk)|/|gp(xck)| =    4.7734398933197495     
 |gp(xk)|/|gp(xck)| =   0.37834862544692566     
 |gp(xk)|/|gp(xck)| =    4.2223921545990279     
 |gp(xk)|/|gp(xck)| =    1.3882196324360152     
 |gp(xk)|/|gp(xck)| =    1.7856583800671406     
 |gp(xk)|/|gp(xck)| =    1.0028844731927615     
 |gp(xk)|/|gp(xck)| =    2.1506886088471515     
 |gp(xk)|/|gp(xck)| =   0.10056825597647238     
 |gp(xk)|/|gp(xck)| =    4.2125372555415836     
 |gp(xk)|/|gp(xck)| =    3.4427355302670000     
 |gp(xk)|/|gp(xck)| =   0.21329744357014591     
 |gp(xk)|/|gp(xck)| =    1.4546518162359023     
 |gp(xk)|/|gp(xck)| =   0.98307802275323475     
 |gp(xk)|/|gp(xck)| =    1.1739634851213747     
 |gp(xk)|/|gp(xck)| =    2.2271117728150540     
 |gp(xk)|/|gp(xck)| =   0.19527721330489464     
 |gp(xk)|/|gp(xck)| =    5.3499494127136131     
 |gp(xk)|/|gp(xck)| =   0.20558848459745321     
 |gp(xk)|/|gp(xck)| =   0.62851231223892534     
 |gp(xk)|/|gp(xck)| =    4.5967621422710341     
 |gp(xk)|/|gp(xck)| =    9.9459147073108753E-002
 |gp(xk)|/|gp(xck)| =    15.043141147385851     
 |gp(xk)|/|gp(xck)| =    8.4437371190033986E-002
 |gp(xk)|/|gp(xck)| =    4.8257073885964559     
 |gp(xk)|/|gp(xck)| =   0.55860455347981397     
 |gp(xk)|/|gp(xck)| =    1.5217447381265399     
 |gp(xk)|/|gp(xck)| =   0.91294208447769132     
 |gp(xk)|/|gp(xck)| =    1.4431270961879521     
 |gp(xk)|/|gp(xck)| =   0.86816285571404328     
 |gp(xk)|/|gp(xck)| =    2.7340582830443450     
 |gp(xk)|/|gp(xck)| =    9.5631777148380781E-002
 |gp(xk)|/|gp(xck)| =    11.362469417418692     
 |gp(xk)|/|gp(xck)| =    9.3541249701194512E-002
 |gp(xk)|/|gp(xck)| =    12.616847982502609     
 |gp(xk)|/|gp(xck)| =   0.10079253724050619     
 |gp(xk)|/|gp(xck)| =    4.6825651533476815     
 |gp(xk)|/|gp(xck)| =   0.25165065391221120     
 |gp(xk)|/|gp(xck)| =    2.8468177603707314     
 |gp(xk)|/|gp(xck)| =    1.4310154553195844     
 |gp(xk)|/|gp(xck)| =   0.24125642381757381     
 |gp(xk)|/|gp(xck)| =    21.814817951966113     
 |gp(xk)|/|gp(xck)| =   0.42977134819111529     
 |gp(xk)|/|gp(xck)| =    9.1009560717275129     
 |gp(xk)|/|gp(xck)| =   0.12352356709287440     
 |gp(xk)|/|gp(xck)| =    4.5168605838921270     
 |gp(xk)|/|gp(xck)| =   0.38523536377643364     
 |gp(xk)|/|gp(xck)| =    2.7627348034583417     
 |gp(xk)|/|gp(xck)| =    8.5656864011582637E-002
 |gp(xk)|/|gp(xck)| =    5.7691052905935152     
 |gp(xk)|/|gp(xck)| =    1.6481394990380782     
 |gp(xk)|/|gp(xck)| =    2.0347590988652065     
 |gp(xk)|/|gp(xck)| =   0.16349718180076336     
 |gp(xk)|/|gp(xck)| =   0.73962736257542938     
 |gp(xk)|/|gp(xck)| =    1.6167638830020741     
 |gp(xk)|/|gp(xck)| =    3.9533252651254314     
 |gp(xk)|/|gp(xck)| =   0.53983451689577966     
 |gp(xk)|/|gp(xck)| =    1.2687471365940322     
 |gp(xk)|/|gp(xck)| =   0.90715553324120224     
 |gp(xk)|/|gp(xck)| =    1.1035701101329531     
 |gp(xk)|/|gp(xck)| =   0.62624797720820113     
 |gp(xk)|/|gp(xck)| =    3.2445045737018110     
 |gp(xk)|/|gp(xck)| =   0.12962642619616152     
 |gp(xk)|/|gp(xck)| =    10.519857904912117     
 |gp(xk)|/|gp(xck)| =    8.3592651028297271E-002
 |gp(xk)|/|gp(xck)| =    16.889997473584430     
 |gp(xk)|/|gp(xck)| =   0.13087394003147995     
 |gp(xk)|/|gp(xck)| =    2.8148932745129382     
 |gp(xk)|/|gp(xck)| =   0.41545609783844395     
 |gp(xk)|/|gp(xck)| =    6.2035909067402057     
 |gp(xk)|/|gp(xck)| =   0.11143193565414465     
 |gp(xk)|/|gp(xck)| =    7.1191477129666279     
 |gp(xk)|/|gp(xck)| =   0.27992052958520403     
 |gp(xk)|/|gp(xck)| =    1.0661172965948402     
 |gp(xk)|/|gp(xck)| =   0.99509906456963648     
 |gp(xk)|/|gp(xck)| =    2.5372267528414119     
 |gp(xk)|/|gp(xck)| =   0.60397755376374451     
 |gp(xk)|/|gp(xck)| =   0.98675491505401658     
 |gp(xk)|/|gp(xck)| =   0.40461596854285059     
 |gp(xk)|/|gp(xck)| =    7.7419568411106230     
 |gp(xk)|/|gp(xck)| =    8.5810168582278426E-002
 |gp(xk)|/|gp(xck)| =    7.2779768548896477     
 |gp(xk)|/|gp(xck)| =   0.38187162353536064     
 |gp(xk)|/|gp(xck)| =    1.6208246830550432     
 |gp(xk)|/|gp(xck)| =    1.7364232741342771     
 |gp(xk)|/|gp(xck)| =   0.30284754507424122     
 |gp(xk)|/|gp(xck)| =    1.8118522189883510     
 |gp(xk)|/|gp(xck)| =    2.3259419778849915     
 |gp(xk)|/|gp(xck)| =   0.36924613766102504     
 |gp(xk)|/|gp(xck)| =    12.671298030851467     
 |gp(xk)|/|gp(xck)| =   0.40789646187240569     
 |gp(xk)|/|gp(xck)| =    2.5989673203082382     
 |gp(xk)|/|gp(xck)| =   0.68489930552611833     
 |gp(xk)|/|gp(xck)| =   0.94353275575277218     
 |gp(xk)|/|gp(xck)| =    1.4021430943047091     
 |gp(xk)|/|gp(xck)| =    1.4331796584761201     
 |gp(xk)|/|gp(xck)| =    6.5589603125342961     
 |gp(xk)|/|gp(xck)| =    8.8320978935719177E-002
 |gp(xk)|/|gp(xck)| =    2.2093674654051840     
 |gp(xk)|/|gp(xck)| =    1.5893764165228228     
 |gp(xk)|/|gp(xck)| =    1.0736599196547048     
 |gp(xk)|/|gp(xck)| =   0.91795270961581954     
 |gp(xk)|/|gp(xck)| =   0.34360769556636261     
 |gp(xk)|/|gp(xck)| =    21.823343403753707     
 |gp(xk)|/|gp(xck)| =   0.37401699164533320     
 |gp(xk)|/|gp(xck)| =    1.4631362839206208     
 |gp(xk)|/|gp(xck)| =    4.9213850177588352     
 |gp(xk)|/|gp(xck)| =   0.63495885437328603     
 |gp(xk)|/|gp(xck)| =    6.1009272345169334     
 |gp(xk)|/|gp(xck)| =   0.10945655010576591     
 |gp(xk)|/|gp(xck)| =    7.6090818012878838     
 |gp(xk)|/|gp(xck)| =    1.3570666931346083     
 |gp(xk)|/|gp(xck)| =    1.2578618604533371     
 |gp(xk)|/|gp(xck)| =    6.6941520720323736E-002
 |gp(xk)|/|gp(xck)| =    21.389152712545901     
 |gp(xk)|/|gp(xck)| =    9.2696988231011315E-002
 |gp(xk)|/|gp(xck)| =    2.7260743290803422     
 |gp(xk)|/|gp(xck)| =    3.9812132173891341     
 |gp(xk)|/|gp(xck)| =   0.47969024410213812     
 |gp(xk)|/|gp(xck)| =   0.30322897525428039     
 |gp(xk)|/|gp(xck)| =    1.7908312379185896     
 |gp(xk)|/|gp(xck)| =    2.2492705776558886     
 |gp(xk)|/|gp(xck)| =   0.23364641748619155     
 |gp(xk)|/|gp(xck)| =    4.7525861332796335     
 |gp(xk)|/|gp(xck)| =    1.6959405485544723     
 |gp(xk)|/|gp(xck)| =    1.0502873117065008     
 |gp(xk)|/|gp(xck)| =    2.9547836573301329     
 |gp(xk)|/|gp(xck)| =   0.10433592427241239     
 |gp(xk)|/|gp(xck)| =   0.56422384286174887     
 |gp(xk)|/|gp(xck)| =    10.413643984971394     
 |gp(xk)|/|gp(xck)| =   0.11107106097931867     
 |gp(xk)|/|gp(xck)| =    15.452457620975501     
 |gp(xk)|/|gp(xck)| =   0.21729180084110844     
 |gp(xk)|/|gp(xck)| =    5.0368025963978180     
 |gp(xk)|/|gp(xck)| =    1.4258845776195337     
 |gp(xk)|/|gp(xck)| =   0.28403148811285878     
 |gp(xk)|/|gp(xck)| =   0.50655256037755780     
 |gp(xk)|/|gp(xck)| =    1.5512714000155683     
 |gp(xk)|/|gp(xck)| =   0.86938667107030942     
 |gp(xk)|/|gp(xck)| =   0.93886869526019701     
 |gp(xk)|/|gp(xck)| =   0.87810571532717030     
 |gp(xk)|/|gp(xck)| =    6.8437377380749220     
 |gp(xk)|/|gp(xck)| =    8.9508948334195121E-002
 |gp(xk)|/|gp(xck)| =    7.3636873076406779     
 |gp(xk)|/|gp(xck)| =   0.19000589701332987     
 |gp(xk)|/|gp(xck)| =    3.5162397884255747     
 |gp(xk)|/|gp(xck)| =   0.45478635942251106     
 |gp(xk)|/|gp(xck)| =    5.6036767514279786     
 |gp(xk)|/|gp(xck)| =   0.36900991408499384     
 |gp(xk)|/|gp(xck)| =    11.875588132301582     
 |gp(xk)|/|gp(xck)| =   0.32864508363061207     
 |gp(xk)|/|gp(xck)| =    7.1818978907460771     
 |gp(xk)|/|gp(xck)| =    3.4241701020477948     
 |gp(xk)|/|gp(xck)| =   0.41031882342969694     
 |gp(xk)|/|gp(xck)| =    2.3337159151578915     
 |gp(xk)|/|gp(xck)| =   0.66665215992304494     
 |gp(xk)|/|gp(xck)| =   0.43734737279797159     
 |gp(xk)|/|gp(xck)| =    3.2935029174639623     
 |gp(xk)|/|gp(xck)| =    8.5167884693985424E-002
 |gp(xk)|/|gp(xck)| =    25.043058029525231     
 |gp(xk)|/|gp(xck)| =    8.4405432182531256E-002
 |gp(xk)|/|gp(xck)| =   0.60228458645179850     
 |gp(xk)|/|gp(xck)| =    8.9800452216736417     
 |gp(xk)|/|gp(xck)| =    1.6149293784037413     
 |gp(xk)|/|gp(xck)| =    7.8340632464802051E-002
 |gp(xk)|/|gp(xck)| =    6.1909806529521312     
 |gp(xk)|/|gp(xck)| =    1.1628811936665784     
 |gp(xk)|/|gp(xck)| =   0.18681680875821621     
 |gp(xk)|/|gp(xck)| =    30.924638965529375     
 |gp(xk)|/|gp(xck)| =    8.2612258774458450E-002
 |gp(xk)|/|gp(xck)| =    19.008456988028936     
 |gp(xk)|/|gp(xck)| =   0.12068885075919472     
 |gp(xk)|/|gp(xck)| =    1.6467976756393969     
 |gp(xk)|/|gp(xck)| =   0.76982061094907983     
 |gp(xk)|/|gp(xck)| =    7.0315956663964148     
 |gp(xk)|/|gp(xck)| =   0.85869935161415811     
 |gp(xk)|/|gp(xck)| =    2.0692212629510722     
 |gp(xk)|/|gp(xck)| =    2.0527014491610531     
 |gp(xk)|/|gp(xck)| =    2.4918130942258219     
 |gp(xk)|/|gp(xck)| =   0.24804861612990128     
 |gp(xk)|/|gp(xck)| =   0.64269562818883330     
 |gp(xk)|/|gp(xck)| =    6.1333353670177191     
 |gp(xk)|/|gp(xck)| =    7.9566241144484059E-002
 |gp(xk)|/|gp(xck)| =    13.617109957131012     
 |gp(xk)|/|gp(xck)| =   0.85319575686939586     
 |gp(xk)|/|gp(xck)| =   0.70193073124671157     
 |gp(xk)|/|gp(xck)| =    1.1743628917241009     
 |gp(xk)|/|gp(xck)| =    2.2340084910904121     
 |gp(xk)|/|gp(xck)| =    9.3217097274887695E-002
 |gp(xk)|/|gp(xck)| =    12.532934702265468     
 |gp(xk)|/|gp(xck)| =   0.24683846901149278     
 |gp(xk)|/|gp(xck)| =    19.311338684175432     
 |gp(xk)|/|gp(xck)| =   0.69817649759878642     
 |gp(xk)|/|gp(xck)| =    1.8875910422589384     
 |gp(xk)|/|gp(xck)| =    3.7742108658673050     
 |gp(xk)|/|gp(xck)| =    8.6999532392922865E-002
 |gp(xk)|/|gp(xck)| =    12.554631222698102     
 |gp(xk)|/|gp(xck)| =    9.3041530616006146E-002
 |gp(xk)|/|gp(xck)| =    17.697843603096622     
 |gp(xk)|/|gp(xck)| =    9.5560751806744615E-002
 |gp(xk)|/|gp(xck)| =    2.0204840610537387     
 |gp(xk)|/|gp(xck)| =   0.37285271130943548     
 |gp(xk)|/|gp(xck)| =    3.6433882671624551     
 |gp(xk)|/|gp(xck)| =    4.4013512242690576     
 |gp(xk)|/|gp(xck)| =   0.36899123984079796     
 |gp(xk)|/|gp(xck)| =   0.88906497433636511     
 |gp(xk)|/|gp(xck)| =   0.88150828130330272     
 |gp(xk)|/|gp(xck)| =   0.80476235098490267     
 |gp(xk)|/|gp(xck)| =    1.3541494608476603     
 |gp(xk)|/|gp(xck)| =    1.4178455442857278     
 |gp(xk)|/|gp(xck)| =   0.57790782314763567     
 |gp(xk)|/|gp(xck)| =    2.1130272408423494     
 |gp(xk)|/|gp(xck)| =    3.1435333735334785     
 |gp(xk)|/|gp(xck)| =    2.2530196648988277     
 |gp(xk)|/|gp(xck)| =   0.67823618757043613     
 |gp(xk)|/|gp(xck)| =    2.1117488767308492     
 |gp(xk)|/|gp(xck)| =   0.23045309169955125     
 |gp(xk)|/|gp(xck)| =    1.0388260062623815     
 |gp(xk)|/|gp(xck)| =   0.72880033465558369     
 |gp(xk)|/|gp(xck)| =    1.5917189388183675     
 |gp(xk)|/|gp(xck)| =    1.4917882356853529     
 |gp(xk)|/|gp(xck)| =    1.2083457896208187     
 |gp(xk)|/|gp(xck)| =    2.3630000722308355     
 |gp(xk)|/|gp(xck)| =   0.22536907763970296     
 |gp(xk)|/|gp(xck)| =    5.7546694410612371     
 |gp(xk)|/|gp(xck)| =   0.38646488146338737     
 |gp(xk)|/|gp(xck)| =    2.2634488743943399     
 |gp(xk)|/|gp(xck)| =    1.7833147387069759     
 |gp(xk)|/|gp(xck)| =    9.9571263132420762E-002
 |gp(xk)|/|gp(xck)| =    3.5383348045237324     
 |gp(xk)|/|gp(xck)| =    1.3606612106261395     
 |gp(xk)|/|gp(xck)| =   0.76288544762005206     
 |gp(xk)|/|gp(xck)| =    1.1233006202925724     
 |gp(xk)|/|gp(xck)| =    2.8589829676215444     
 |gp(xk)|/|gp(xck)| =   0.15945145627381668     
 |gp(xk)|/|gp(xck)| =    3.2238907578327427     
 |gp(xk)|/|gp(xck)| =    2.5547792238368086     
 |gp(xk)|/|gp(xck)| =   0.28763307334650523     
 |gp(xk)|/|gp(xck)| =   0.83142480464984481     
 |gp(xk)|/|gp(xck)| =   0.65442927091801395     
 |gp(xk)|/|gp(xck)| =    4.1731940920743709     
 |gp(xk)|/|gp(xck)| =   0.16669028058500199     
 |gp(xk)|/|gp(xck)| =    2.7519276538356916     
 |gp(xk)|/|gp(xck)| =    1.1467925190197563     
 |gp(xk)|/|gp(xck)| =    1.1804731442177816     
 |gp(xk)|/|gp(xck)| =    1.9880636707901673     
 |gp(xk)|/|gp(xck)| =   0.39693038651885787     
 |gp(xk)|/|gp(xck)| =    3.3079447660903356     
 |gp(xk)|/|gp(xck)| =   0.46042359318938825     
 |gp(xk)|/|gp(xck)| =    9.8964402056300891     
 |gp(xk)|/|gp(xck)| =   0.21243450627880181     
 |gp(xk)|/|gp(xck)| =    15.080543186075301     
 |gp(xk)|/|gp(xck)| =    8.0923270916518644E-002
 |gp(xk)|/|gp(xck)| =    7.5114786313476944     
 |gp(xk)|/|gp(xck)| =   0.12173963460238359     
 |gp(xk)|/|gp(xck)| =    6.9874196902546251     
 |gp(xk)|/|gp(xck)| =   0.63480651112428210     
 |gp(xk)|/|gp(xck)| =    1.5218633038922806     
 |gp(xk)|/|gp(xck)| =   0.63979735262743809     
 |gp(xk)|/|gp(xck)| =   0.94583144240561634     
 |gp(xk)|/|gp(xck)| =    1.5180261838072766     
 |gp(xk)|/|gp(xck)| =    8.0451960310781348E-002
 |gp(xk)|/|gp(xck)| =    37.805076580822941     
 |gp(xk)|/|gp(xck)| =    9.3396289470628488E-002
 |gp(xk)|/|gp(xck)| =    5.1393949563109231     
 |gp(xk)|/|gp(xck)| =   0.29174679117084490     
 |gp(xk)|/|gp(xck)| =    2.8834991221866177     
 |gp(xk)|/|gp(xck)| =    1.5569116638368430     
 |gp(xk)|/|gp(xck)| =    2.5085259853621205     
 |gp(xk)|/|gp(xck)| =   0.58617659469310734     
 |gp(xk)|/|gp(xck)| =    2.4060364861268071     
 |gp(xk)|/|gp(xck)| =   0.32560976820097276     
 |gp(xk)|/|gp(xck)| =    1.6370071183136690     
 |gp(xk)|/|gp(xck)| =    1.0468545259920072     
 |gp(xk)|/|gp(xck)| =    1.5006064036773741     
 |gp(xk)|/|gp(xck)| =    2.3077694582642487     
 |gp(xk)|/|gp(xck)| =   0.80345052545876949     
 |gp(xk)|/|gp(xck)| =    2.6456413368019107     
 |gp(xk)|/|gp(xck)| =    4.6259902794303223     
 |gp(xk)|/|gp(xck)| =    1.0462273374236772     
 |gp(xk)|/|gp(xck)| =    1.9558296840421201     
 |gp(xk)|/|gp(xck)| =   0.17314059948425367     
 |gp(xk)|/|gp(xck)| =    1.7934625386887895     
 |gp(xk)|/|gp(xck)| =    2.6129525613143851     
 |gp(xk)|/|gp(xck)| =   0.31425148601997088     
 |gp(xk)|/|gp(xck)| =    2.6735095530666202     
 |gp(xk)|/|gp(xck)| =    1.6485411395476572     
 |gp(xk)|/|gp(xck)| =   0.70688391520243410     
 |gp(xk)|/|gp(xck)| =    2.0794644860347273     
 |gp(xk)|/|gp(xck)| =   0.17592689318096524     
 |gp(xk)|/|gp(xck)| =    9.8211206980098442     
 |gp(xk)|/|gp(xck)| =   0.42832561762755106     
 |gp(xk)|/|gp(xck)| =    4.6448606562766024     
 |gp(xk)|/|gp(xck)| =   0.20906063384602808     
 |gp(xk)|/|gp(xck)| =    2.6126264622878077     
 |gp(xk)|/|gp(xck)| =    2.8475969834640034     
 |gp(xk)|/|gp(xck)| =   0.11509049304348817     
 |gp(xk)|/|gp(xck)| =    4.6436025234438407     
 |gp(xk)|/|gp(xck)| =   0.49860009998970012     
 |gp(xk)|/|gp(xck)| =    7.6615039975510717     
 |gp(xk)|/|gp(xck)| =    8.6326791046966417E-002
 |gp(xk)|/|gp(xck)| =    2.4719241536122638     
 |gp(xk)|/|gp(xck)| =   0.36731619262425885     
 |gp(xk)|/|gp(xck)| =    1.5496414873955635     
 |gp(xk)|/|gp(xck)| =    2.1276753570614351     
 |gp(xk)|/|gp(xck)| =    1.8799673132727486     
 |gp(xk)|/|gp(xck)| =   0.11784867243233590     
 |gp(xk)|/|gp(xck)| =    12.462559541524286     
 |gp(xk)|/|gp(xck)| =    9.8058899220431109E-002
 |gp(xk)|/|gp(xck)| =    2.2401173485066330     
 |gp(xk)|/|gp(xck)| =    2.2455508913378655     
 |gp(xk)|/|gp(xck)| =   0.53672417756156998     
 |gp(xk)|/|gp(xck)| =    3.3331411401561493     
 |gp(xk)|/|gp(xck)| =   0.46283221118955109     
 |gp(xk)|/|gp(xck)| =    2.4645774235139988     
 |gp(xk)|/|gp(xck)| =    4.7623076130598339     
 |gp(xk)|/|gp(xck)| =   0.18429089367155171     
 |gp(xk)|/|gp(xck)| =    2.9441407093020406     
 |gp(xk)|/|gp(xck)| =    8.4561859130372577E-002
 |gp(xk)|/|gp(xck)| =    17.625891159447310     
 |gp(xk)|/|gp(xck)| =   0.18939822416634450     
 |gp(xk)|/|gp(xck)| =    10.119292705784829     
 |gp(xk)|/|gp(xck)| =   0.13626305305451245     
 |gp(xk)|/|gp(xck)| =    8.6149570808983711     
 |gp(xk)|/|gp(xck)| =   0.30512034008838618     
 |gp(xk)|/|gp(xck)| =    1.0618658729776806     
 |gp(xk)|/|gp(xck)| =    2.8528124822617165     
 |gp(xk)|/|gp(xck)| =    9.5097713805594494E-002
 |gp(xk)|/|gp(xck)| =    7.3310279871676398     
 |gp(xk)|/|gp(xck)| =   0.55129942940596632     
 |gp(xk)|/|gp(xck)| =    1.6239420401926068     
 |gp(xk)|/|gp(xck)| =   0.50033832205379269     
 |gp(xk)|/|gp(xck)| =    1.6568469877665037     
 |gp(xk)|/|gp(xck)| =    2.0882115992449779     
 |gp(xk)|/|gp(xck)| =   0.43469511720737364     
 |gp(xk)|/|gp(xck)| =    2.4802722653832237     
 |gp(xk)|/|gp(xck)| =   0.10299758832934174     
 |gp(xk)|/|gp(xck)| =    12.344778003954817     
 |gp(xk)|/|gp(xck)| =    5.1008070175478046     
 |gp(xk)|/|gp(xck)| =   0.10183456185244062     
 |gp(xk)|/|gp(xck)| =    3.3285943994652558     
 |gp(xk)|/|gp(xck)| =   0.54081753263448895     
 |gp(xk)|/|gp(xck)| =   0.97145596167075188     
 |gp(xk)|/|gp(xck)| =   0.88064748073427512     
 |gp(xk)|/|gp(xck)| =    3.0115581535128140     
 |gp(xk)|/|gp(xck)| =   0.66753984793531329     
 |gp(xk)|/|gp(xck)| =    4.9702271279805297     
 |gp(xk)|/|gp(xck)| =   0.93629429240846951     
 |gp(xk)|/|gp(xck)| =   0.85567877203527742     
 |gp(xk)|/|gp(xck)| =    1.0918218538823399     
 |gp(xk)|/|gp(xck)| =    2.8245541763810875     
 |gp(xk)|/|gp(xck)| =    9.9604463472159857E-002
 |gp(xk)|/|gp(xck)| =    12.301633711108520     
 |gp(xk)|/|gp(xck)| =   0.34639833555923544     
 |gp(xk)|/|gp(xck)| =    13.444749652714890     
 |gp(xk)|/|gp(xck)| =   0.13606366086889823     
 |gp(xk)|/|gp(xck)| =    1.5357528272075154     
 |gp(xk)|/|gp(xck)| =    1.9777049753601437     
 |gp(xk)|/|gp(xck)| =   0.96123277144064068     
 |gp(xk)|/|gp(xck)| =    4.7492936144781064     
 |gp(xk)|/|gp(xck)| =   0.39723456601146473     
 |gp(xk)|/|gp(xck)| =    3.8260361413898094     
 |gp(xk)|/|gp(xck)| =    8.6682702883244006E-002
 |gp(xk)|/|gp(xck)| =    3.5539888744165995     
 |gp(xk)|/|gp(xck)| =    3.3579228474823228     
 |gp(xk)|/|gp(xck)| =    8.8927872042319042E-002
 |gp(xk)|/|gp(xck)| =    10.010852515527601     
 |gp(xk)|/|gp(xck)| =   0.10030640803813928     
 |gp(xk)|/|gp(xck)| =    17.542419182264364     
 |gp(xk)|/|gp(xck)| =    9.3719136777570641E-002
 |gp(xk)|/|gp(xck)| =    4.7218780574380519     
 |gp(xk)|/|gp(xck)| =    2.5809176649519361     
 |gp(xk)|/|gp(xck)| =   0.42322658874767571     
 |gp(xk)|/|gp(xck)| =    2.2486637903800402     
 |gp(xk)|/|gp(xck)| =    2.3797288760705371     
 |gp(xk)|/|gp(xck)| =   0.34864821031393634     
 |gp(xk)|/|gp(xck)| =    3.1138442285756742     
 |gp(xk)|/|gp(xck)| =    1.8531609095068136     
 |gp(xk)|/|gp(xck)| =   0.63598252572074765     
 |gp(xk)|/|gp(xck)| =    1.0464425895149039     
 |gp(xk)|/|gp(xck)| =    2.3324122308421180     
 |gp(xk)|/|gp(xck)| =   0.16771266053846862     
 |gp(xk)|/|gp(xck)| =    6.9768889528488103     
 |gp(xk)|/|gp(xck)| =    9.9357406382068816E-002
 |gp(xk)|/|gp(xck)| =    1.7799889000963465     
 |gp(xk)|/|gp(xck)| =    3.0995851620275978     
 |gp(xk)|/|gp(xck)| =    1.0970448151152095     
 |gp(xk)|/|gp(xck)| =    1.2488691230514595     
 |gp(xk)|/|gp(xck)| =   0.28214255078305922     
 |gp(xk)|/|gp(xck)| =    4.2720554804475475     
 |gp(xk)|/|gp(xck)| =   0.10585417397378072     
 |gp(xk)|/|gp(xck)| =    15.737518354721079     
 |gp(xk)|/|gp(xck)| =   0.10291872516615422     
 |gp(xk)|/|gp(xck)| =   0.70785759175753660     
 |gp(xk)|/|gp(xck)| =   0.65442915965865311     
 |gp(xk)|/|gp(xck)| =    2.3964134127221484     
 |gp(xk)|/|gp(xck)| =    1.2859050121269966     
 |gp(xk)|/|gp(xck)| =    2.2101041839036810     
 |gp(xk)|/|gp(xck)| =    1.2411267379110527     
 |gp(xk)|/|gp(xck)| =   0.41442518143332707     
 |gp(xk)|/|gp(xck)| =    1.7512459067536534     
 |gp(xk)|/|gp(xck)| =    3.5531148098455305     
 |gp(xk)|/|gp(xck)| =    6.4656126618039864E-002
 |gp(xk)|/|gp(xck)| =    2.4567465431389479     
 |gp(xk)|/|gp(xck)| =    1.8626079232594952     
 |gp(xk)|/|gp(xck)| =   0.53262128492800820     
 |gp(xk)|/|gp(xck)| =    2.6935089200707121     
 |gp(xk)|/|gp(xck)| =   0.68011034292479744     
 |gp(xk)|/|gp(xck)| =   0.71293280789927971     
 |gp(xk)|/|gp(xck)| =    7.1898398326667978     
 |gp(xk)|/|gp(xck)| =    9.0950456165971971E-002
 |gp(xk)|/|gp(xck)| =    2.5748830854409381     
 |gp(xk)|/|gp(xck)| =    2.2620530692457397     
 |gp(xk)|/|gp(xck)| =   0.15111194262226418     
 |gp(xk)|/|gp(xck)| =    4.0484447484417085     
 |gp(xk)|/|gp(xck)| =    1.3977008570263036     
 |gp(xk)|/|gp(xck)| =   0.77494917054559975     
 |gp(xk)|/|gp(xck)| =   0.92331588431501510     
 |gp(xk)|/|gp(xck)| =    1.1244011491686907     
 |gp(xk)|/|gp(xck)| =    3.9453144059650329     
 |gp(xk)|/|gp(xck)| =   0.67029624223386430     
 |gp(xk)|/|gp(xck)| =    12.879864093609921     
 |gp(xk)|/|gp(xck)| =   0.15023921746996435     
 |gp(xk)|/|gp(xck)| =    2.0338267900671574     
 |gp(xk)|/|gp(xck)| =    3.8479501166288053     
 |gp(xk)|/|gp(xck)| =    5.7284112093729314E-002
 |gp(xk)|/|gp(xck)| =    5.2750816245976759     
 |gp(xk)|/|gp(xck)| =   0.49461027054454904     
 |gp(xk)|/|gp(xck)| =    3.8402684071932729     
 |gp(xk)|/|gp(xck)| =    8.2191251249132249E-002
 |gp(xk)|/|gp(xck)| =    7.8151610323953271     
 |gp(xk)|/|gp(xck)| =   0.69275691831211827     
 |gp(xk)|/|gp(xck)| =    1.5537788001264259     
 |gp(xk)|/|gp(xck)| =    4.2241049633864369     
 |gp(xk)|/|gp(xck)| =    7.6824024303589117E-002
 |gp(xk)|/|gp(xck)| =    1.5791287537654526     
 |gp(xk)|/|gp(xck)| =    1.0325351536780984     
 |gp(xk)|/|gp(xck)| =    3.4453526205083658     
 |gp(xk)|/|gp(xck)| =    8.0237697359265794E-002
 |gp(xk)|/|gp(xck)| =    17.180537553138894     
 |gp(xk)|/|gp(xck)| =   0.38554586802429008     
 |gp(xk)|/|gp(xck)| =    11.786364615839140     
 |gp(xk)|/|gp(xck)| =   0.35208213446474468     
 |gp(xk)|/|gp(xck)| =    30.587436903159386     
 |gp(xk)|/|gp(xck)| =    8.9516789742347100E-002
 |gp(xk)|/|gp(xck)| =   0.55799481038657783     
 |gp(xk)|/|gp(xck)| =    3.1850437827344815     
 |gp(xk)|/|gp(xck)| =   0.69160652641951759     
 |gp(xk)|/|gp(xck)| =   0.46014736285914121     
 |gp(xk)|/|gp(xck)| =   0.91159637913108882     
 |gp(xk)|/|gp(xck)| =    1.6958556978857486     
 |gp(xk)|/|gp(xck)| =    2.5165417954529419     
 |gp(xk)|/|gp(xck)| =    3.5325855853660331     
 |gp(xk)|/|gp(xck)| =   0.48475539641864818     
 |gp(xk)|/|gp(xck)| =    6.7193062922853741     
 |gp(xk)|/|gp(xck)| =   0.18754555088952235     
 |gp(xk)|/|gp(xck)| =    30.936675952545805     
 |gp(xk)|/|gp(xck)| =   0.84248357927165862     
 |gp(xk)|/|gp(xck)| =    14.695896593165120     
 |gp(xk)|/|gp(xck)| =   0.21916913934417284     
 |gp(xk)|/|gp(xck)| =    6.2348385406268827     
 |gp(xk)|/|gp(xck)| =    9.1982845764346260E-002
 |gp(xk)|/|gp(xck)| =    19.066648381693351     
 |gp(xk)|/|gp(xck)| =    7.9893478375490851E-002
 |gp(xk)|/|gp(xck)| =   0.95404387863137108     
 |gp(xk)|/|gp(xck)| =    1.7898820585833612     
 |gp(xk)|/|gp(xck)| =    3.2376308756473846     
 |gp(xk)|/|gp(xck)| =   0.35340743168018529     
 |gp(xk)|/|gp(xck)| =    2.2565366981026442     
 |gp(xk)|/|gp(xck)| =   0.27850322048305387     
 |gp(xk)|/|gp(xck)| =    21.118360468175684     
 |gp(xk)|/|gp(xck)| =   0.10327019445676908     
 |gp(xk)|/|gp(xck)| =    11.112845834535619     
 |gp(xk)|/|gp(xck)| =   0.11043423335519681     
 |gp(xk)|/|gp(xck)| =    8.7583279972260240     
 |gp(xk)|/|gp(xck)| =   0.62550493373593996     
 |gp(xk)|/|gp(xck)| =    2.2554093405881428     
 |gp(xk)|/|gp(xck)| =   0.22495311065543688     
 |gp(xk)|/|gp(xck)| =    1.1533022862852662     
 |gp(xk)|/|gp(xck)| =    3.8188031416580674     
 |gp(xk)|/|gp(xck)| =    1.0234646892971548     
 |gp(xk)|/|gp(xck)| =   0.84235767380780446     
 |gp(xk)|/|gp(xck)| =    1.1220572567576927     
 |gp(xk)|/|gp(xck)| =    2.0700112584712809     
 |gp(xk)|/|gp(xck)| =    8.1406485659228159E-002
 |gp(xk)|/|gp(xck)| =    4.5896317629588932     
 |gp(xk)|/|gp(xck)| =   0.73720864921309226     
 |gp(xk)|/|gp(xck)| =   0.61279904613288927     
 |gp(xk)|/|gp(xck)| =    12.492679531945921     
 |gp(xk)|/|gp(xck)| =   0.27277779497425014     
 |gp(xk)|/|gp(xck)| =    3.9555930528218330     
 |gp(xk)|/|gp(xck)| =    1.1480844309063278     
 |gp(xk)|/|gp(xck)| =    1.3273701563585729     
 |gp(xk)|/|gp(xck)| =   0.91330914335166524     
 |gp(xk)|/|gp(xck)| =   0.94873946887239091     
 |gp(xk)|/|gp(xck)| =    1.1076585612014740     
 |gp(xk)|/|gp(xck)| =    2.6303247059577624     
 |gp(xk)|/|gp(xck)| =    8.9114677043736990E-002
 |gp(xk)|/|gp(xck)| =    9.2484432527511018     
 |gp(xk)|/|gp(xck)| =   0.41010523277882122     
 |gp(xk)|/|gp(xck)| =    3.1678352477195153     
 |gp(xk)|/|gp(xck)| =    1.1336203212070139     
 |gp(xk)|/|gp(xck)| =    3.7923561082743267     
 |gp(xk)|/|gp(xck)| =   0.10947171269171087     
 |gp(xk)|/|gp(xck)| =    4.4144021199066463     
 |gp(xk)|/|gp(xck)| =   0.71835615447410106     
 |gp(xk)|/|gp(xck)| =    1.7446513896412221     
 |gp(xk)|/|gp(xck)| =    9.0673750917683371E-002
 |gp(xk)|/|gp(xck)| =    3.4944849341174162     
 |gp(xk)|/|gp(xck)| =    2.1748324822955842     
 |gp(xk)|/|gp(xck)| =   0.57687913374941724     
 |gp(xk)|/|gp(xck)| =    1.3232186483402599     
 |gp(xk)|/|gp(xck)| =   0.93170505468519760     
 |gp(xk)|/|gp(xck)| =    1.3158415498980607     
 |gp(xk)|/|gp(xck)| =    3.5082642463975522     
 |gp(xk)|/|gp(xck)| =   0.13143461603419923     
 |gp(xk)|/|gp(xck)| =    3.0928252703025096     
 |gp(xk)|/|gp(xck)| =   0.19116944898334362     
 |gp(xk)|/|gp(xck)| =    20.689088904774049     
 |gp(xk)|/|gp(xck)| =    6.2441910371726660E-002
 |gp(xk)|/|gp(xck)| =    7.8820878146498483     
 |gp(xk)|/|gp(xck)| =   0.36170600443273743     
 |gp(xk)|/|gp(xck)| =    3.6254441757058609     
 |gp(xk)|/|gp(xck)| =   0.31468903214537769     
 |gp(xk)|/|gp(xck)| =    2.4508781237298431     
 |gp(xk)|/|gp(xck)| =    1.8747766743087473     
 |gp(xk)|/|gp(xck)| =    9.8739090148573683E-002
 |gp(xk)|/|gp(xck)| =    3.9372391939668239     
 |gp(xk)|/|gp(xck)| =   0.65917842857432618     
 |gp(xk)|/|gp(xck)| =    1.2238108981759306     
 |gp(xk)|/|gp(xck)| =    1.1604459685133270     
 |gp(xk)|/|gp(xck)| =    1.1042144623315386     
 |gp(xk)|/|gp(xck)| =    3.9853023540444434     
 |gp(xk)|/|gp(xck)| =    7.5276669864678444E-002
 |gp(xk)|/|gp(xck)| =    13.817402248177183     
 |gp(xk)|/|gp(xck)| =   0.10807383826093335     
 |gp(xk)|/|gp(xck)| =    16.616804172678862     
 |gp(xk)|/|gp(xck)| =   0.17481414683174010     
 |gp(xk)|/|gp(xck)| =    3.3949125051665621     
 |gp(xk)|/|gp(xck)| =   0.18476321634909260     
 |gp(xk)|/|gp(xck)| =    2.9567230162213289     
 |gp(xk)|/|gp(xck)| =    5.7589499785424243     
 |gp(xk)|/|gp(xck)| =   0.28962203951763882     
 |gp(xk)|/|gp(xck)| =    6.2617939090716996     
 |gp(xk)|/|gp(xck)| =    1.2566644234306139     
 |gp(xk)|/|gp(xck)| =   0.10346083001837508     
 |gp(xk)|/|gp(xck)| =    5.1919369138824836     
 |gp(xk)|/|gp(xck)| =    1.4811105877697119     
 |gp(xk)|/|gp(xck)| =   0.39988866360663122     
 |gp(xk)|/|gp(xck)| =    1.7074877589984054     
 |gp(xk)|/|gp(xck)| =    3.5312777236320572     
 |gp(xk)|/|gp(xck)| =   0.12280911669468414     
 |gp(xk)|/|gp(xck)| =    14.836641016974925     
 |gp(xk)|/|gp(xck)| =    9.3067631548826246E-002
 |gp(xk)|/|gp(xck)| =    39.746803161969943     
 |gp(xk)|/|gp(xck)| =   0.45476985328359004     
 |gp(xk)|/|gp(xck)| =    6.6645146665422548     
 |gp(xk)|/|gp(xck)| =   0.35227131819962682     
 |gp(xk)|/|gp(xck)| =    5.0074523927124357     
 |gp(xk)|/|gp(xck)| =   0.32218998698453372     
 |gp(xk)|/|gp(xck)| =    3.1948283615974780     
 |gp(xk)|/|gp(xck)| =   0.44105611187310190     
 |gp(xk)|/|gp(xck)| =   0.60544561525497542     
 |gp(xk)|/|gp(xck)| =    4.3737641414851378     
 |gp(xk)|/|gp(xck)| =    1.1680103086890326     
 |gp(xk)|/|gp(xck)| =    9.8453881243813268E-002
 |gp(xk)|/|gp(xck)| =    3.1309003886261260     
 |gp(xk)|/|gp(xck)| =   0.89586397582081356     
 |gp(xk)|/|gp(xck)| =   0.72165263749259723     
 |gp(xk)|/|gp(xck)| =    26.979894465389666     
 |gp(xk)|/|gp(xck)| =   0.91775487109494647     
 |gp(xk)|/|gp(xck)| =    15.042808632136467     
 |gp(xk)|/|gp(xck)| =   0.12541484212337059     
 |gp(xk)|/|gp(xck)| =    3.3787749948700490     
 |gp(xk)|/|gp(xck)| =   0.46045185585334747     
 |gp(xk)|/|gp(xck)| =    1.8295436699070253     
 |gp(xk)|/|gp(xck)| =   0.37804299261536217     
 |gp(xk)|/|gp(xck)| =    2.9510659207083902     
 |gp(xk)|/|gp(xck)| =    1.1835102147780667     
 |gp(xk)|/|gp(xck)| =   0.66931868420339824     
 |gp(xk)|/|gp(xck)| =   0.73396218622930354     
 |gp(xk)|/|gp(xck)| =    2.4600922997924619     
 |gp(xk)|/|gp(xck)| =    2.3588498952992318     
 |gp(xk)|/|gp(xck)| =   0.48771119691280018     
 |gp(xk)|/|gp(xck)| =   0.69930106861290087     
 |gp(xk)|/|gp(xck)| =    5.9725198146797656     
 |gp(xk)|/|gp(xck)| =   0.17193100653285628     
 |gp(xk)|/|gp(xck)| =    8.4533549823419136     
 |gp(xk)|/|gp(xck)| =   0.21414368855390079     
 |gp(xk)|/|gp(xck)| =    7.2801787160179678     
 |gp(xk)|/|gp(xck)| =    2.4360272390173936     
 |gp(xk)|/|gp(xck)| =   0.10071976421753791     
 |gp(xk)|/|gp(xck)| =    1.2410717132991591     
 |gp(xk)|/|gp(xck)| =    3.8613192663488975     
 |gp(xk)|/|gp(xck)| =   0.54449054043836753     
 |gp(xk)|/|gp(xck)| =    1.1556864777344744     
 |gp(xk)|/|gp(xck)| =    1.9830280155560323     
 |gp(xk)|/|gp(xck)| =    1.1594590684515964     
 |gp(xk)|/|gp(xck)| =   0.78578495709918694     
 |gp(xk)|/|gp(xck)| =    3.7443818326757725     
 |gp(xk)|/|gp(xck)| =    9.0076325578645422E-002
 |gp(xk)|/|gp(xck)| =    26.729329779325283     
 |gp(xk)|/|gp(xck)| =   0.10739128190306439     
 |gp(xk)|/|gp(xck)| =   0.68567573461633746     
 |gp(xk)|/|gp(xck)| =    4.0591008198870382     
 |gp(xk)|/|gp(xck)| =   0.95116847059134579     
 |gp(xk)|/|gp(xck)| =   0.43121423151815491     
 |gp(xk)|/|gp(xck)| =    1.9092074945893827     
 |gp(xk)|/|gp(xck)| =    2.6480212282678224     
 |gp(xk)|/|gp(xck)| =   0.11213138579453090     
 |gp(xk)|/|gp(xck)| =    4.7309997480752308     
 |gp(xk)|/|gp(xck)| =    2.2759056561135220     
 |gp(xk)|/|gp(xck)| =    8.4948935517965410E-002
 |gp(xk)|/|gp(xck)| =    14.910868404291142     
 |gp(xk)|/|gp(xck)| =   0.40764959539178325     
 |gp(xk)|/|gp(xck)| =    5.3047128786543762     
 |gp(xk)|/|gp(xck)| =    1.4464504774149192     
 |gp(xk)|/|gp(xck)| =   0.44445029109093470     
 |gp(xk)|/|gp(xck)| =    2.7722132488720646     
 |gp(xk)|/|gp(xck)| =   0.12070664911406499     
 |gp(xk)|/|gp(xck)| =    6.0567067025530381     
 |gp(xk)|/|gp(xck)| =    1.2648300504411014     
 |gp(xk)|/|gp(xck)| =   0.29923249830740312     
 |gp(xk)|/|gp(xck)| =    6.2046560292109421     
 |gp(xk)|/|gp(xck)| =   0.10717116360647183     
 |gp(xk)|/|gp(xck)| =    11.606045809121182     
 |gp(xk)|/|gp(xck)| =   0.21288650459555067     
 |gp(xk)|/|gp(xck)| =    3.7670574130385446     
 |gp(xk)|/|gp(xck)| =   0.51417260936288756     
 |gp(xk)|/|gp(xck)| =    1.8720557572339853     
 |gp(xk)|/|gp(xck)| =    2.6697316578985917     
 |gp(xk)|/|gp(xck)| =    8.6250436732364960E-002
 |gp(xk)|/|gp(xck)| =    9.7845681925949286     
 |gp(xk)|/|gp(xck)| =   0.11450944488990812     
 |gp(xk)|/|gp(xck)| =    10.437808050419857     
 |gp(xk)|/|gp(xck)| =   0.19629633860608681     
 |gp(xk)|/|gp(xck)| =    24.828932952857894     
 |gp(xk)|/|gp(xck)| =    9.5862384238437612E-002
 |gp(xk)|/|gp(xck)| =    1.3256662884445494     
 |gp(xk)|/|gp(xck)| =   0.53947459135271669     
 |gp(xk)|/|gp(xck)| =    1.1201024618162547     
 |gp(xk)|/|gp(xck)| =    15.957714625519637     
 |gp(xk)|/|gp(xck)| =    5.9544068160175365E-002
 |gp(xk)|/|gp(xck)| =    11.053652596736406     
 |gp(xk)|/|gp(xck)| =    9.2741252911142047E-002
 |gp(xk)|/|gp(xck)| =    2.9320729423862009     
 |gp(xk)|/|gp(xck)| =   0.79500294852058850     
 |gp(xk)|/|gp(xck)| =    2.8172081354159317     
 |gp(xk)|/|gp(xck)| =    2.1902463385960145     
 |gp(xk)|/|gp(xck)| =   0.13217854810515631     
 |gp(xk)|/|gp(xck)| =   0.85302309339950977     
 |gp(xk)|/|gp(xck)| =    1.2018667846882576     
 |gp(xk)|/|gp(xck)| =   0.98456129308877371     
 |gp(xk)|/|gp(xck)| =    5.3789354920465247     
 |gp(xk)|/|gp(xck)| =   0.13152423549987735     
 |gp(xk)|/|gp(xck)| =    16.276474771287742     
 |gp(xk)|/|gp(xck)| =   0.60516700563383119     
 |gp(xk)|/|gp(xck)| =    7.2612000247322976     
 |gp(xk)|/|gp(xck)| =    1.4501271053627063     
 |gp(xk)|/|gp(xck)| =    7.2663479203066289E-002
 |gp(xk)|/|gp(xck)| =    8.7452758777509505     
 |gp(xk)|/|gp(xck)| =    3.6964856835332922     
 |gp(xk)|/|gp(xck)| =    5.2720284512014715E-002
 |gp(xk)|/|gp(xck)| =    24.616088245327823     
 |gp(xk)|/|gp(xck)| =   0.44310685306461184     
 |gp(xk)|/|gp(xck)| =    1.8551470302581234     
 |gp(xk)|/|gp(xck)| =    5.3787733573549090     
 |gp(xk)|/|gp(xck)| =   0.17826706454544081     
 |gp(xk)|/|gp(xck)| =    17.392327365744745     
 |gp(xk)|/|gp(xck)| =    8.2163418599422625E-002
 |gp(xk)|/|gp(xck)| =    21.461450966467947     
 |gp(xk)|/|gp(xck)| =    9.9368219679896008E-002
 |gp(xk)|/|gp(xck)| =   0.92002099744841037     
 |gp(xk)|/|gp(xck)| =   0.73345912589215867     
 |gp(xk)|/|gp(xck)| =    1.4349332512164117     
 |gp(xk)|/|gp(xck)| =    4.8433688614267592     
 |gp(xk)|/|gp(xck)| =   0.10691000514806502     
 |gp(xk)|/|gp(xck)| =    15.247130331420705     
 |gp(xk)|/|gp(xck)| =   0.11642376526434423     
 |gp(xk)|/|gp(xck)| =   0.83758509916864798     
 |gp(xk)|/|gp(xck)| =    1.3010229035951852     
 |gp(xk)|/|gp(xck)| =    4.2116193452038209     
 |gp(xk)|/|gp(xck)| =   0.25879641607977721     
 |gp(xk)|/|gp(xck)| =    5.9017228297428481     
 |gp(xk)|/|gp(xck)| =   0.52904863921130296     
 |gp(xk)|/|gp(xck)| =    3.2649894937048667     
 |gp(xk)|/|gp(xck)| =   0.10522321357260499     
 |gp(xk)|/|gp(xck)| =    9.0394545143748761     
 |gp(xk)|/|gp(xck)| =    8.4209051791840100E-002
 |gp(xk)|/|gp(xck)| =    22.068275651353524     
 |gp(xk)|/|gp(xck)| =   0.36893639441241000     
 |gp(xk)|/|gp(xck)| =    26.489226498054407     
 |gp(xk)|/|gp(xck)| =   0.82893345515392591     
 |gp(xk)|/|gp(xck)| =    2.3945361597287826     
 |gp(xk)|/|gp(xck)| =    2.1529426777773009     
 |gp(xk)|/|gp(xck)| =   0.10088990892161211     
 |gp(xk)|/|gp(xck)| =    9.1499244524279266     
 |gp(xk)|/|gp(xck)| =    1.0481940345933649     
 |gp(xk)|/|gp(xck)| =   0.72925082269013719     
 |gp(xk)|/|gp(xck)| =    2.1480410181879837     
 |gp(xk)|/|gp(xck)| =   0.36983985956927445     
 |gp(xk)|/|gp(xck)| =    3.1192160149194250     
 |gp(xk)|/|gp(xck)| =    9.7081194368121959E-002
 |gp(xk)|/|gp(xck)| =    36.997708840743655     
 |gp(xk)|/|gp(xck)| =   0.89296224976313698     
 |gp(xk)|/|gp(xck)| =    3.6880152018638248     
 |gp(xk)|/|gp(xck)| =    3.6389737865033771     
 |gp(xk)|/|gp(xck)| =   0.43687898896396432     
 |gp(xk)|/|gp(xck)| =    7.7352988867651860     
 |gp(xk)|/|gp(xck)| =    9.3776122903596423E-002
 |gp(xk)|/|gp(xck)| =    6.7025619070467970     
 |gp(xk)|/|gp(xck)| =   0.37604740229413197     
 |gp(xk)|/|gp(xck)| =    1.0444014455190889     
 |gp(xk)|/|gp(xck)| =    4.4060004611080323     
 |gp(xk)|/|gp(xck)| =   0.21994469047149859     
 |gp(xk)|/|gp(xck)| =    2.8848612437964332     
 |gp(xk)|/|gp(xck)| =   0.11967360561625190     
 |gp(xk)|/|gp(xck)| =    4.3851137032174785     
 |gp(xk)|/|gp(xck)| =    1.6677911420559954     
 |gp(xk)|/|gp(xck)| =   0.42734862339147572     
 |gp(xk)|/|gp(xck)| =    2.5501148378564498     
 |gp(xk)|/|gp(xck)| =   0.95647441847186587     
 |gp(xk)|/|gp(xck)| =    3.3343668157226163     
 |gp(xk)|/|gp(xck)| =    9.0233842671484085E-002
 |gp(xk)|/|gp(xck)| =    2.1186812297866577     
 |gp(xk)|/|gp(xck)| =    1.4983152710482883     
 |gp(xk)|/|gp(xck)| =    2.9078569890082138     
 |gp(xk)|/|gp(xck)| =    9.5257763976363680E-002
 |gp(xk)|/|gp(xck)| =    12.394586222519372     
 |gp(xk)|/|gp(xck)| =   0.16419410618883587     
 |gp(xk)|/|gp(xck)| =    5.6156413554721230     
 |gp(xk)|/|gp(xck)| =   0.44129201585783029     
 |gp(xk)|/|gp(xck)| =    1.3905475545869914     
 |gp(xk)|/|gp(xck)| =   0.32889168725720513     
 |gp(xk)|/|gp(xck)| =    1.2499677082518688     
 |gp(xk)|/|gp(xck)| =    1.6249323154773887     
 |gp(xk)|/|gp(xck)| =    2.2950706975990118     
 |gp(xk)|/|gp(xck)| =    9.2154929569670099E-002
 |gp(xk)|/|gp(xck)| =    14.833911427424335     
 |gp(xk)|/|gp(xck)| =    1.2018735246629408     
 |gp(xk)|/|gp(xck)| =    9.7965595414494816E-002
 |gp(xk)|/|gp(xck)| =    11.236656647165132     
 |gp(xk)|/|gp(xck)| =    4.0326176876449411     
 |gp(xk)|/|gp(xck)| =   0.89120110891523163     
 |gp(xk)|/|gp(xck)| =    3.0221589076028672     
 |gp(xk)|/|gp(xck)| =    3.2871397451521580     
 |gp(xk)|/|gp(xck)| =   0.36602750031285469     
 |gp(xk)|/|gp(xck)| =    13.571346224064119     
 |gp(xk)|/|gp(xck)| =    9.5476734842311534E-002
 |gp(xk)|/|gp(xck)| =    5.1425505444684605     
 |gp(xk)|/|gp(xck)| =    3.0205973076422121     
 |gp(xk)|/|gp(xck)| =   0.14121783090363982     
 |gp(xk)|/|gp(xck)| =    10.341124451209874     
 |gp(xk)|/|gp(xck)| =   0.49801126893739528     
 |gp(xk)|/|gp(xck)| =    5.5788294145418966     
 |gp(xk)|/|gp(xck)| =   0.36467222658286741     
 |gp(xk)|/|gp(xck)| =    2.2721646138942391     
 |gp(xk)|/|gp(xck)| =   0.39998093526374501     
 |gp(xk)|/|gp(xck)| =    2.4739129650690908     
 |gp(xk)|/|gp(xck)| =   0.13249628238643374     
 |gp(xk)|/|gp(xck)| =    5.5874462641411462     
 |gp(xk)|/|gp(xck)| =    1.4486033273421255     
 |gp(xk)|/|gp(xck)| =    1.2534504437302547     
 |gp(xk)|/|gp(xck)| =    1.3870935436313137     
 |gp(xk)|/|gp(xck)| =    2.2000731106795244     
 |gp(xk)|/|gp(xck)| =   0.34812374920184036     
 |gp(xk)|/|gp(xck)| =    3.4960472130250606     
 |gp(xk)|/|gp(xck)| =    3.0541694902694645     
 |gp(xk)|/|gp(xck)| =   0.23596487455523046     
 |gp(xk)|/|gp(xck)| =    4.8508867794626918     
 |gp(xk)|/|gp(xck)| =    8.2284746783938600E-002
 |gp(xk)|/|gp(xck)| =    2.9992930722157043     
 |gp(xk)|/|gp(xck)| =   0.99179281705987854     
 |gp(xk)|/|gp(xck)| =    1.3724849877660916     
 |gp(xk)|/|gp(xck)| =    2.2691830344903270     
 |gp(xk)|/|gp(xck)| =   0.56108329345671926     
 |gp(xk)|/|gp(xck)| =    2.4359795005367246     
 |gp(xk)|/|gp(xck)| =   0.20249367673045343     
 |gp(xk)|/|gp(xck)| =    4.7385471067289000     
 |gp(xk)|/|gp(xck)| =   0.95770089824589910     
 |gp(xk)|/|gp(xck)| =    3.5367432422684120     
 |gp(xk)|/|gp(xck)| =    9.4588309913696517E-002
 |gp(xk)|/|gp(xck)| =    4.9350822193573718     
 |gp(xk)|/|gp(xck)| =    1.5402481786208393     
 |gp(xk)|/|gp(xck)| =   0.17368613544510764     
 |gp(xk)|/|gp(xck)| =    3.7076925176370272     
 |gp(xk)|/|gp(xck)| =   0.45392137104742186     
 |gp(xk)|/|gp(xck)| =    10.502411231163920     
 |gp(xk)|/|gp(xck)| =   0.24462241005289506     
 |gp(xk)|/|gp(xck)| =    6.5019313157623166     
 |gp(xk)|/|gp(xck)| =    1.1011600119351945     
 |gp(xk)|/|gp(xck)| =   0.25808858115031530     
 |gp(xk)|/|gp(xck)| =    10.863209270259480     
 |gp(xk)|/|gp(xck)| =   0.84287090283289445     
Note: The following floating-point exceptions are signalling: IEEE_UNDERFLOW_FLAG IEEE_DENORMAL
 |gp(xk)|/|gp(xck)| =    7.8117983529829509     
 |gp(xk)|/|gp(xck)| =   0.24812899754188389     
 |gp(xk)|/|gp(xck)| =   0.99999999999985412     

 DCI Summary.

 The algorithm has converged.

 Iterations     :         1431
 Steihaug's iter:        58882
 Restorations   :           34
 Rejected steps :          864
 Function evals.:         2295
 Constr.  evals.:         2987
 Gradient evals.:         1441
 Jacobian evals.:         1848
 2nd order Corr.:            3
 BFGS iterations:          218
 f(x)           :    1.1554792416297101E-004
 ||h(x)||       :    1.0741429168348304E-007
 ||gp(x)||      :    8.7523713586945330E-007
 ||At*h||       :    8.3486785231991683E-007
 Elapsed time   :    36.1132812    

 ||xnew - xc||  :    1.6140063047878886E-003
 rho            :    9.9999999999999995E-007
 rhomax         :    137.13941417419039     
 vdelta         :    3.3040002652595097     
 hdelta         :    2.2595584140023946E-002
 L(x)           :    1.1554792410691498E-004
 L(x) - L(xc)   :   -8.2979957334534732E-009
 L(xc)-L(x(k-1)):   -5.5938814778194734E-014

 -------- xxxxxxxxxxxxxxxxxxxxxxx --------       
 Unable to open output file
