sifdecoder -A pc64.lnx.gfo -st   MSQRTA

 Problem name: MSQRTA

 Double precision version will be formed

 
 There are 1024 nonlinear equality constraints
 
 There are 1024 free variables
 
 
 File successfully decoded
/home/abel/documentos/dcicpp-newrun/output-dci-equ-free-2016-11-17--11:22
/home/abel/projetos/linux-cutest/cutest/makefiles/pc64.lnx.gfo:74: /home/abel/projetos/linux-cutest/cutest/src/dci/makemaster: No such file or directory
make: *** No rule to make target '/home/abel/projetos/linux-cutest/cutest/src/dci/makemaster'.  Stop.
Done
Note: The following floating-point exceptions are signalling: IEEE_DIVIDE_BY_ZERO
 |gp(xk)|/|gp(xck)| =                   Infinity

 DCI Summary.

 The restoration has failed.

 Iterations     :            1
 Steihaug's iter:            0
 Restorations   :           28
 Rejected steps :            0
 Function evals.:            1
 Constr.  evals.:           39
 Gradient evals.:            3
 Jacobian evals.:            7
 2nd order Corr.:            0
 BFGS iterations:            0
 f(x)           :    0.0000000000000000     
 ||h(x)||       :    2.7755575615628914E-015
 ||gp(x)||      :    0.0000000000000000     
 ||At*h||       :    1.4976561011696088E-013
 Elapsed time   :   0.687500000    

 ||xnew - xc||  :    0.0000000000000000     
 rho            :    0.0000000000000000     
 rhomax         :    454.39291338170409     
 vdelta         :    3.6306985554654595E-014
 hdelta         :    1000000.0000000000     
 L(x)           :    0.0000000000000000     
 L(x) - L(xc)   :    1.0000000000000000E+100
 L(xc)-L(x(k-1)):    0.0000000000000000     

 -------- xxxxxxxxxxxxxxxxxxxxxxx --------       
 Unable to open output file
