sifdecoder -A pc64.lnx.gfo -st   POWELLSQ

 Problem name: POWELLSQ

 Double precision version will be formed

 
 There are 2 nonlinear equality constraints
 
 There are 2 free variables
 
 
 File successfully decoded
/home/abel/documentos/dcicpp-newrun/output-dci-equ-free-2016-11-17--11:22
/home/abel/projetos/linux-cutest/cutest/makefiles/pc64.lnx.gfo:74: /home/abel/projetos/linux-cutest/cutest/src/dci/makemaster: No such file or directory
make: *** No rule to make target '/home/abel/projetos/linux-cutest/cutest/src/dci/makemaster'.  Stop.
Done
Note: The following floating-point exceptions are signalling: IEEE_DIVIDE_BY_ZERO
 |gp(xk)|/|gp(xck)| =                   Infinity

 DCI Summary.

 The restoration has failed.

 Iterations     :            1
 Steihaug's iter:            0
 Restorations   :           17
 Rejected steps :            0
 Function evals.:            1
 Constr.  evals.:          253
 Gradient evals.:            3
 Jacobian evals.:          211
 2nd order Corr.:            0
 BFGS iterations:           22
 f(x)           :    0.0000000000000000     
 ||h(x)||       :    2.6750545174555993E-004
 ||gp(x)||      :    0.0000000000000000     
 ||At*h||       :    2.2020617547793423E-003
 Elapsed time   :    0.00000000    

 ||xnew - xc||  :    0.0000000000000000     
 rho            :    0.0000000000000000     
 rhomax         :    75.190350517270033     
 vdelta         :    6.3427920384632533E-003
 hdelta         :    1000000.0000000000     
 L(x)           :    0.0000000000000000     
 L(x) - L(xc)   :    1.0000000000000000E+100
 L(xc)-L(x(k-1)):    0.0000000000000000     

 -------- xxxxxxxxxxxxxxxxxxxxxxx --------       
 Unable to open output file
