sifdecoder -A pc64.lnx.gfo -st   RECIPE

 Problem name: RECIPE

 Double precision version will be formed

 
 There is 1 linear equality constraint
 There are 2 nonlinear equality constraints
 
 There are 3 free variables
 
 
 File successfully decoded
/home/abel/documentos/dcicpp-newrun/output-dci-equ-free-2016-11-17--11:22
/home/abel/projetos/linux-cutest/cutest/makefiles/pc64.lnx.gfo:74: /home/abel/projetos/linux-cutest/cutest/src/dci/makemaster: No such file or directory
make: *** No rule to make target '/home/abel/projetos/linux-cutest/cutest/src/dci/makemaster'.  Stop.
Done
Note: The following floating-point exceptions are signalling: IEEE_INVALID_FLAG
 |gp(xk)|/|gp(xck)| =                        NaN

 DCI Summary.

 The restoration has failed.

 Iterations     :            1
 Steihaug's iter:            0
 Restorations   :           68
 Rejected steps :            0
 Function evals.:            1
 Constr.  evals.:           68
 Gradient evals.:            3
 Jacobian evals.:           14
 2nd order Corr.:            0
 BFGS iterations:            0
 f(x)           :    0.0000000000000000     
 ||h(x)||       :    1.2617947899642101E-014
 ||gp(x)||      :    0.0000000000000000     
 ||At*h||       :    2.8347395981099242E-021
 Elapsed time   :    3.90625000E-03

 ||xnew - xc||  :    0.0000000000000000     
 rho            :    0.0000000000000000     
 rhomax         :    128.42597089374095     
 vdelta         :    10.062323795540591     
 hdelta         :    1000000.0000000000     
 L(x)           :    0.0000000000000000     
 L(x) - L(xc)   :    1.0000000000000000E+100
 L(xc)-L(x(k-1)):    0.0000000000000000     

 -------- xxxxxxxxxxxxxxxxxxxxxxx --------       
 Unable to open output file
