sifdecoder -A pc64.lnx.gfo -st   SPIN2

 Problem name: SPIN2

 Double precision version will be formed

 
 There are 100 nonlinear equality constraints
 
 There are 102 free variables
 
 
 File successfully decoded
/home/abel/documentos/dcicpp-newrun/output-dci-equ-free-2016-11-17--11:22
/home/abel/projetos/linux-cutest/cutest/makefiles/pc64.lnx.gfo:74: /home/abel/projetos/linux-cutest/cutest/src/dci/makemaster: No such file or directory
make: *** No rule to make target '/home/abel/projetos/linux-cutest/cutest/src/dci/makemaster'.  Stop.
Done
Note: The following floating-point exceptions are signalling: IEEE_DIVIDE_BY_ZERO
 |gp(xk)|/|gp(xck)| =                   Infinity

 DCI Summary.

 The restoration has failed.

 Iterations     :            1
 Steihaug's iter:            0
 Restorations   :           13
 Rejected steps :            0
 Function evals.:            1
 Constr.  evals.:           19
 Gradient evals.:            3
 Jacobian evals.:            6
 2nd order Corr.:            0
 BFGS iterations:            0
 f(x)           :    0.0000000000000000     
 ||h(x)||       :    6.9111383282915995E-015
 ||gp(x)||      :    0.0000000000000000     
 ||At*h||       :    7.7658391534755921E-013
 Elapsed time   :    3.51562500E-02

 ||xnew - xc||  :    0.0000000000000000     
 rho            :    0.0000000000000000     
 rhomax         :    920.29920412966487     
 vdelta         :    2.8885711582040908E-016
 hdelta         :    1000000.0000000000     
 L(x)           :    0.0000000000000000     
 L(x) - L(xc)   :    1.0000000000000000E+100
 L(xc)-L(x(k-1)):    0.0000000000000000     

 -------- xxxxxxxxxxxxxxxxxxxxxxx --------       
 Unable to open output file
