sifdecoder -A pc64.lnx.gfo  3PK

 Problem name: 3PK

 Double precision version will be formed

 The objective function uses 42 linear groups
 
 There are 30 variables bounded only from below 
 
 
 File successfully decoded
/home/abel/documentos/dcicpp-newrun/output-dcicpp-fast-2016-11-24--08:36
No tools
make: *** No rule to make target 'dcicpp'.  Stop.
Starting
Solving
Showing
**********************************************************
Problem name: 3PK     

Number of Variables: 30
Number of Constraints: 0
             Equality: 0
           has_inequality: 0

EXIT: The Algorithm has Converged
f(x) = 1.72012
|c(x)| = 0
|g(x) + J(x)'*y| = 7.82646e-08
y offset = 0
Number of Iterations = 4
Elapsed Time = 0.000418425 s
Normal iterations = 0
Average number of normal iterations = 0
Maximum number of normal iterations during one iteration = 0
Iterations with 0  normal iterations = 4
Iterations with 1  normal iteration  = 0
Iterations with 2+ normal iterations = 0
Restorations = 0
Average number of restorations per normal iteration = NA
**********************************************************
Done
Setup time: 0.003333
Execution time: -5.66244e-13
