sifdecoder -A pc64.lnx.gfo  BT2

 Problem name: BT2

 Double precision version will be formed

 The objective function uses 1 nonlinear group
 
 There is 1 nonlinear equality constraint
 
 There are 3 free variables
 
 
 File successfully decoded
/home/abel/documentos/dcicpp-newrun/output-dcicpp-fast-2016-11-24--08:36
No tools
make: *** No rule to make target 'dcicpp'.  Stop.
Starting
Solving
Showing
**********************************************************
Problem name: BT2     

Number of Variables: 3
Number of Constraints: 1
             Equality: 1
           has_inequality: 0

EXIT: The Algorithm has Converged
f(x) = 0.0325736
|c(x)| = 7.52181e-11
|g(x) + J(x)'*y| = 7.19237e-08
y offset = 0
Number of Iterations = 9
Elapsed Time = 0.000613928 s
Normal iterations = 7
Average number of normal iterations = 0.777778
Maximum number of normal iterations during one iteration = 1
Iterations with 0  normal iterations = 2
Iterations with 1  normal iteration  = 7
Iterations with 2+ normal iterations = 0
Restorations = 17
Average number of restorations per normal iteration = 2
**********************************************************
Done
Setup time: 0.003333
Execution time: -5.66244e-13
