sifdecoder -A pc64.lnx.gfo  BT4

 Problem name: BT4

 Double precision version will be formed

 The objective function uses 1 nonlinear group
 
 There is 1 linear equality constraint
 There is 1 nonlinear equality constraint
 
 There are 3 free variables
 
 
 File successfully decoded
/home/abel/documentos/dcicpp-newrun/output-dcicpp-fast-2016-11-24--08:36
No tools
make: *** No rule to make target 'dcicpp'.  Stop.
Starting
Solving
Showing
**********************************************************
Problem name: BT4     

Number of Variables: 3
Number of Constraints: 2
             Equality: 2
           has_inequality: 0

EXIT: The Algorithm has Converged
f(x) = -45.5106
|c(x)| = 3.0731e-13
|g(x) + J(x)'*y| = 7.26911e-09
y offset = 0
Number of Iterations = 5
Elapsed Time = 0.00039196 s
Normal iterations = 4
Average number of normal iterations = 0.8
Maximum number of normal iterations during one iteration = 1
Iterations with 0  normal iterations = 1
Iterations with 1  normal iteration  = 4
Iterations with 2+ normal iterations = 0
Restorations = 4
Average number of restorations per normal iteration = 1
**********************************************************
Done
Setup time: 0.003333
Execution time: -5.66244e-13
