sifdecoder -A pc64.lnx.gfo  DENSCHNA

 Problem name: DENSCHNA

 Double precision version will be formed

 The objective function uses 1 linear group
 The objective function uses 2 nonlinear groups
 
 There are 2 free variables
 
 
 File successfully decoded
/home/abel/documentos/dcicpp-newrun/output-dcicpp-fast-2016-11-24--08:36
No tools
make: *** No rule to make target 'dcicpp'.  Stop.
Starting
Solving
Showing
**********************************************************
Problem name: DENSCHNA

Number of Variables: 2
Number of Constraints: 0
             Equality: 0
           has_inequality: 0

EXIT: The Algorithm has Converged
f(x) = 2.21391e-12
|c(x)| = 0
|g(x) + J(x)'*y| = 1.90769e-07
y offset = 0
Number of Iterations = 6
Elapsed Time = 0.000205517 s
Normal iterations = 0
Average number of normal iterations = 0
Maximum number of normal iterations during one iteration = 0
Iterations with 0  normal iterations = 6
Iterations with 1  normal iteration  = 0
Iterations with 2+ normal iterations = 0
Restorations = 0
Average number of restorations per normal iteration = NA
**********************************************************
Done
Setup time: 0
Execution time: -5.66244e-13
