sifdecoder -A pc64.lnx.gfo  DUALC5

 Problem name: DUALC5

 Double precision version will be formed

 The objective function uses 1 nonlinear group
 
 There is 1 linear equality constraint
 There are 277 linear inequality constraints
 
 There are 8 variables bounded from below and above 
 
 
 File successfully decoded
/home/abel/documentos/dcicpp-newrun/output-dcicpp-fast-2016-11-24--08:36
No tools
make: *** No rule to make target 'dcicpp'.  Stop.
Starting
Solving
Showing
**********************************************************
Problem name: DUALC5  

Number of Variables: 8
Number of Constraints: 278
             Equality: 1
           has_inequality: 277

EXIT: The Algorithm has Converged
f(x) = 545.732
|c(x)| = 7.27608e-08
|g(x) + J(x)'*y| = 2.46926e-07
y offset = 5.1281e-10
Number of Iterations = 4
Elapsed Time = 0.0761883 s
Normal iterations = 1
Average number of normal iterations = 0.25
Maximum number of normal iterations during one iteration = 1
Iterations with 0  normal iterations = 3
Iterations with 1  normal iteration  = 1
Iterations with 2+ normal iterations = 0
Restorations = 6
Average number of restorations per normal iteration = 6
**********************************************************
Done
Setup time: 0.003333
Execution time: 0.273333
