sifdecoder -A pc64.lnx.gfo  EXPFITB

 Problem name: EXPFITB

 Double precision version will be formed

 The objective function uses 1 nonlinear group
 
 There are 102 linear inequality constraints
 
 There are 5 free variables
 
 
 File successfully decoded
/home/abel/documentos/dcicpp-newrun/output-dcicpp-fast-2016-11-24--08:36
No tools
make: *** No rule to make target 'dcicpp'.  Stop.
NOPE preprocessing removed 1 contraints
Starting
Solving
Showing
**********************************************************
Problem name: EXPFITB 

Number of Variables: 5
Number of Constraints: 101
             Equality: 0
           has_inequality: 101

EXIT: The Algorithm has Converged
f(x) = 0.11025
|c(x)| = 4.94052e-14
|g(x) + J(x)'*y| = 2.68555e-09
y offset = 0.000352342
Number of Iterations = 22
Elapsed Time = 0.0116982 s
Normal iterations = 2
Average number of normal iterations = 0.0909091
Maximum number of normal iterations during one iteration = 1
Iterations with 0  normal iterations = 20
Iterations with 1  normal iteration  = 2
Iterations with 2+ normal iterations = 0
Restorations = 2
Average number of restorations per normal iteration = 1
**********************************************************
Done
Setup time: 0
Execution time: 0.046665
