sifdecoder -A pc64.lnx.gfo  HATFLDG

 Problem name: HATFLDG

 Double precision version will be formed

 
 There are 25 nonlinear equality constraints
 
 There are 25 free variables
 
 
 File successfully decoded
/home/abel/documentos/dcicpp-newrun/output-dcicpp-fast-2016-11-24--08:36
No tools
make: *** No rule to make target 'dcicpp'.  Stop.
Starting
Solving
Showing
**********************************************************
Problem name: HATFLDG 

Number of Variables: 25
Number of Constraints: 25
             Equality: 25
           has_inequality: 0

EXIT: The Algorithm has Converged
f(x) = 0
|c(x)| = 5.57428e-08
|g(x) + J(x)'*y| = 0
y offset = 0
Number of Iterations = 1
Elapsed Time = 0.000818729 s
Normal iterations = 2
Average number of normal iterations = 2
Maximum number of normal iterations during one iteration = 2
Iterations with 0  normal iterations = 0
Iterations with 1  normal iteration  = 0
Iterations with 2+ normal iterations = 1
Restorations = 16
Average number of restorations per normal iteration = 8
**********************************************************
Done
Setup time: 0.003333
Execution time: 0.003333
