sifdecoder -A pc64.lnx.gfo  HS33

 Problem name: HS33

 Double precision version will be formed

 The objective function uses 1 nonlinear group
 
 There are 2 nonlinear inequality constraints
 
 There are 2 variables bounded only from below 
 There is 1 variable bounded from below and above 
 
 
 File successfully decoded
/home/abel/documentos/dcicpp-newrun/output-dcicpp-fast-2016-11-24--08:36
No tools
make: *** No rule to make target 'dcicpp'.  Stop.
Starting
Solving
Showing
**********************************************************
Problem name: HS33    

Number of Variables: 3
Number of Constraints: 2
             Equality: 0
           has_inequality: 2

EXIT: The Algorithm has Converged
f(x) = -4.58579
|c(x)| = 8.93734e-10
|g(x) + J(x)'*y| = 1.1904e-07
y offset = 0
Number of Iterations = 29
Elapsed Time = 0.000786066 s
Normal iterations = 6
Average number of normal iterations = 0.206897
Maximum number of normal iterations during one iteration = 1
Iterations with 0  normal iterations = 23
Iterations with 1  normal iteration  = 6
Iterations with 2+ normal iterations = 0
Restorations = 6
Average number of restorations per normal iteration = 1
**********************************************************
Done
Setup time: 0
Execution time: 0.003333
