sifdecoder -A pc64.lnx.gfo  HS89

 Problem name: HS89

 Double precision version will be formed

 The objective function uses 1 nonlinear group
 
 There is 1 nonlinear inequality constraint
 
 There are 3 free variables
 
 
 File successfully decoded
/home/abel/documentos/dcicpp-newrun/output-dcicpp-fast-2016-11-24--08:36
No tools
make: *** No rule to make target 'dcicpp'.  Stop.
Starting
Solving
diagonal below threshold
Status = 2
File   = ../Core/cholmod_common.c
Line   = 719
NormalFlag = 2
Showing
**********************************************************
Problem name: HS89    

Number of Variables: 3
Number of Constraints: 1
             Equality: 0
           has_inequality: 1

EXIT: Stopped at a stationary for the infeasibility
Cholesky failed
f(x) = 1.79718e+08
|c(x)| = 0.466566
|g(x) + J(x)'*y| = 8671.88
y offset = 0
Number of Iterations = 4
Elapsed Time = 0.0203948 s
Normal iterations = 1
Average number of normal iterations = 0.25
Maximum number of normal iterations during one iteration = 1
Iterations with 0  normal iterations = 3
Iterations with 1  normal iteration  = 1
Iterations with 2+ normal iterations = 0
Restorations = 65
Average number of restorations per normal iteration = 65
**********************************************************
Done
Setup time: 0
Execution time: 0.083332
