sifdecoder -A pc64.lnx.gfo  STNQP2

 Problem name: STNQP2

 Double precision version will be formed

 The objective function uses 16383 nonlinear groups
 
 There are 4095 linear equality constraints
 
 There are 8193 variables bounded from below and above 
 
 
 File successfully decoded
/home/abel/documentos/dcicpp-newrun/output-dcicpp-fast-2016-11-24--08:36
No tools
make: *** No rule to make target 'dcicpp'.  Stop.
NOPE preprocessing removed 4095 variables
NOPE preprocessing removed 4095 contraints
Starting
Solving
Showing
**********************************************************
Problem name: STNQP2  

Number of Variables: 4098
Number of Constraints: 0
             Equality: 0
           has_inequality: 0

EXIT: The Algorithm has Converged
f(x) = -574968
|c(x)| = 0
|g(x) + J(x)'*y| = 9.647e-07
y offset = 0
Number of Iterations = 11
Elapsed Time = 0.0591223 s
Normal iterations = 0
Average number of normal iterations = 0
Maximum number of normal iterations during one iteration = 0
Iterations with 0  normal iterations = 11
Iterations with 1  normal iteration  = 0
Iterations with 2+ normal iterations = 0
Restorations = 0
Average number of restorations per normal iteration = NA
**********************************************************
Done
Setup time: 0.153334
Execution time: 0.653333
