sifdecoder -A pc64.lnx.gfo  TENBARS4

 Problem name: TENBARS4

 Double precision version will be formed

 The objective function uses 1 linear group
 
 There is 1 linear inequality constraint
 There are 8 nonlinear equality constraints
 
 There are 8 free variables
 There are 10 variables bounded only from below 
 
 
 File successfully decoded
/home/abel/documentos/dcicpp-newrun/output-dcicpp-fast-2016-11-24--08:36
No tools
make: *** No rule to make target 'dcicpp'.  Stop.
NOPE preprocessing removed 1 contraints
Starting
Solving
Showing
**********************************************************
Problem name: TENBARS4

Number of Variables: 18
Number of Constraints: 8
             Equality: 8
           has_inequality: 0

EXIT: The Algorithm has Converged
f(x) = 368.495
|c(x)| = 2.99607e-07
|g(x) + J(x)'*y| = 9.92462e-07
y offset = 0
Number of Iterations = 219
Elapsed Time = 0.0658817 s
Normal iterations = 128
Average number of normal iterations = 0.584475
Maximum number of normal iterations during one iteration = 2
Iterations with 0  normal iterations = 92
Iterations with 1  normal iteration  = 126
Iterations with 2+ normal iterations = 1
Restorations = 2415
Average number of restorations per normal iteration = 18
**********************************************************
Done
Setup time: 0.003333
Execution time: 0.236665
