sifdecoder -A pc64.lnx.gfo  TOINTPSP

 Problem name: TOINTPSP

 Double precision version will be formed

 The objective function uses 83 nonlinear groups
 
 There are 50 free variables
 
 
 File successfully decoded
/home/abel/documentos/dcicpp-newrun/output-dcicpp-fast-2016-11-24--08:36
No tools
make: *** No rule to make target 'dcicpp'.  Stop.
Starting
Solving
Showing
**********************************************************
Problem name: TOINTPSP

Number of Variables: 50
Number of Constraints: 0
             Equality: 0
           has_inequality: 0

EXIT: The Algorithm has Converged
f(x) = 225.56
|c(x)| = 0
|g(x) + J(x)'*y| = 3.5249e-08
y offset = 0
Number of Iterations = 37
Elapsed Time = 0.00178409 s
Normal iterations = 0
Average number of normal iterations = 0
Maximum number of normal iterations during one iteration = 0
Iterations with 0  normal iterations = 37
Iterations with 1  normal iteration  = 0
Iterations with 2+ normal iterations = 0
Restorations = 0
Average number of restorations per normal iteration = NA
**********************************************************
Done
Setup time: 0.003333
Execution time: 0.006666
