sifdecoder -A pc64.lnx.gfo  TORSIONF

 Problem name: TORSIONF

 Double precision version will be formed

 The objective function uses 1 linear group
 The objective function uses 10658 nonlinear groups
 
 There are 5184 variables bounded from below and above 
 There are 292 fixed variables
 
 
 File successfully decoded
/home/abel/documentos/dcicpp-newrun/output-dcicpp-fast-2016-11-24--08:36
No tools
make: *** No rule to make target 'dcicpp'.  Stop.
NOPE preprocessing removed 292 variables
Starting
Solving
Showing
**********************************************************
Problem name: TORSIONF

Number of Variables: 5184
Number of Constraints: 0
             Equality: 0
           has_inequality: 0

EXIT: The Algorithm has Converged
f(x) = 3.82845
|c(x)| = 0
|g(x) + J(x)'*y| = 1.51874e-08
y offset = 0
Number of Iterations = 2
Elapsed Time = 0.0139744 s
Normal iterations = 0
Average number of normal iterations = 0
Maximum number of normal iterations during one iteration = 0
Iterations with 0  normal iterations = 2
Iterations with 1  normal iteration  = 0
Iterations with 2+ normal iterations = 0
Restorations = 0
Average number of restorations per normal iteration = NA
**********************************************************
Done
Setup time: 0.196667
Execution time: 0.056667
