sifdecoder -A pc64.lnx.gfo  BIGGSC4

 Problem name: BIGGSC4

 Double precision version will be formed

 The objective function uses 1 nonlinear group
 
 There are 7 linear inequality constraints
 
 There are 4 variables bounded from below and above 
 
 
 File successfully decoded
/home/abel/documentos/dcicpp-newrun/output-dcicpp-fast-2016-11-22--17:51
No tools
make: *** No rule to make target 'dcicpp'.  Stop.
Starting
Solving
Showing
**********************************************************
Problem name: BIGGSC4 

Number of Variables: 4
Number of Constraints: 7
             Equality: 0
           has_inequality: 7

EXIT: The Algorithm has Converged
f(x) = -24.5
|c(x)| = 9.93982e-07
|g(x) + J(x)'*y| = 2.42645e-07
y offset = 0.138185
Number of Iterations = 28
Elapsed Time = 0.00766087 s
Normal iterations = 21
Average number of normal iterations = 0.75
Maximum number of normal iterations during one iteration = 2
Iterations with 0  normal iterations = 10
Iterations with 1  normal iteration  = 15
Iterations with 2+ normal iterations = 3
Restorations = 607
Average number of restorations per normal iteration = 28
**********************************************************
Done
Setup time: 0.003333
Execution time: 0.029999
