sifdecoder -A pc64.lnx.gfo  BROWNBS

 Problem name: BROWNBS

 Double precision version will be formed

 The objective function uses 2 linear groups
 The objective function uses 1 nonlinear group
 
 There are 2 free variables
 
 
 File successfully decoded
/home/abel/documentos/dcicpp-newrun/output-dcicpp-fast-2016-11-22--17:51
No tools
make: *** No rule to make target 'dcicpp'.  Stop.
Starting
Solving
Showing
**********************************************************
Problem name: BROWNBS 

Number of Variables: 2
Number of Constraints: 0
             Equality: 0
           has_inequality: 0

EXIT: The Algorithm has Converged
f(x) = 0
|c(x)| = 0
|g(x) + J(x)'*y| = 0
y offset = 0
Number of Iterations = 5
Elapsed Time = 0.000167847 s
Normal iterations = 0
Average number of normal iterations = 0
Maximum number of normal iterations during one iteration = 0
Iterations with 0  normal iterations = 5
Iterations with 1  normal iteration  = 0
Iterations with 2+ normal iterations = 0
Restorations = 0
Average number of restorations per normal iteration = NA
**********************************************************
Done
Setup time: 0
Execution time: 0.003333
