sifdecoder -A pc64.lnx.gfo  DALLASS

 Problem name: DALLASS

 Double precision version will be formed

 The objective function uses 1 nonlinear group
 
 There are 31 linear equality constraints
 
 There are 46 variables bounded from below and above 
 
 
 File successfully decoded
/home/abel/documentos/dcicpp-newrun/output-dcicpp-fast-2016-11-22--17:51
No tools
make: *** No rule to make target 'dcicpp'.  Stop.
NOPE preprocessing removed 2 variables
NOPE preprocessing removed 2 contraints
Starting
Solving
diagonal below threshold
Status = 2
File   = ../Core/cholmod_common.c
Line   = 707
Showing
**********************************************************
Problem name: DALLASS 

Number of Variables: 44
Number of Constraints: 29
             Equality: 29
           has_inequality: 0

EXIT: The Algorithm has Converged
Cholesky failed
f(x) = -32165
|c(x)| = 7.18239e-07
|g(x) + J(x)'*y| = 5.85977e-07
y offset = 0
Number of Iterations = 353
Elapsed Time = 0.0672407 s
Normal iterations = 67
Average number of normal iterations = 0.189802
Maximum number of normal iterations during one iteration = 1
Iterations with 0  normal iterations = 286
Iterations with 1  normal iteration  = 67
Iterations with 2+ normal iterations = 0
Restorations = 436
Average number of restorations per normal iteration = 6
**********************************************************
Done
Setup time: 0.003333
Execution time: 0.199999
