sifdecoder -A pc64.lnx.gfo  DEMBO7

 Problem name: DEMBO7

 Double precision version will be formed

 The objective function uses 1 nonlinear group
 
 There are 20 nonlinear inequality constraints
 
 There are 16 variables bounded from below and above 
 
 
 File successfully decoded
/home/abel/documentos/dcicpp-newrun/output-dcicpp-fast-2016-11-22--17:51
No tools
make: *** No rule to make target 'dcicpp'.  Stop.
Starting
Solving
diagonal below threshold
Status = 2
File   = ../Core/cholmod_common.c
Line   = 719
Showing
**********************************************************
Problem name: DEMBO7  

Number of Variables: 16
Number of Constraints: 20
             Equality: 0
           has_inequality: 20

EXIT: The Algorithm has Converged
Cholesky failed
f(x) = 174.794
|c(x)| = 3.34379e-07
|g(x) + J(x)'*y| = 8.23397e-07
y offset = 0.00100804
Number of Iterations = 96
Elapsed Time = 0.0314434 s
Normal iterations = 43
Average number of normal iterations = 0.447917
Maximum number of normal iterations during one iteration = 2
Iterations with 0  normal iterations = 54
Iterations with 1  normal iteration  = 41
Iterations with 2+ normal iterations = 1
Restorations = 1037
Average number of restorations per normal iteration = 24
**********************************************************
Done
Setup time: 0.003333
Execution time: 0.123332
