sifdecoder -A pc64.lnx.gfo  DEMYMALO

 Problem name: DEMYMALO

 Double precision version will be formed

 The objective function uses 1 linear group
 
 There are 2 linear inequality constraints
 There is 1 nonlinear inequality constraint
 
 There are 3 free variables
 
 
 File successfully decoded
/home/abel/documentos/dcicpp-newrun/output-dcicpp-fast-2016-11-22--17:51
No tools
make: *** No rule to make target 'dcicpp'.  Stop.
Starting
Solving
Showing
**********************************************************
Problem name: DEMYMALO

Number of Variables: 3
Number of Constraints: 3
             Equality: 0
           has_inequality: 3

EXIT: The Algorithm has Converged
f(x) = -3
|c(x)| = 9.8924e-07
|g(x) + J(x)'*y| = 1.53796e-08
y offset = 0
Number of Iterations = 7
Elapsed Time = 0.00166011 s
Normal iterations = 7
Average number of normal iterations = 1
Maximum number of normal iterations during one iteration = 2
Iterations with 0  normal iterations = 1
Iterations with 1  normal iteration  = 5
Iterations with 2+ normal iterations = 1
Restorations = 179
Average number of restorations per normal iteration = 25
**********************************************************
Done
Setup time: 0.003333
Execution time: 0.006666
