sifdecoder -A pc64.lnx.gfo  EXPFITA

 Problem name: EXPFITA

 Double precision version will be formed

 The objective function uses 1 nonlinear group
 
 There are 22 linear inequality constraints
 
 There are 5 free variables
 
 
 File successfully decoded
/home/abel/documentos/dcicpp-newrun/output-dcicpp-fast-2016-11-22--17:51
No tools
make: *** No rule to make target 'dcicpp'.  Stop.
NOPE preprocessing removed 1 contraints
Starting
Solving
Showing
**********************************************************
Problem name: EXPFITA 

Number of Variables: 5
Number of Constraints: 21
             Equality: 0
           has_inequality: 21

EXIT: The Algorithm has Converged
f(x) = 0.00791997
|c(x)| = 5.5348e-07
|g(x) + J(x)'*y| = 1.60687e-10
y offset = 2.18426e-05
Number of Iterations = 22
Elapsed Time = 0.00141644 s
Normal iterations = 1
Average number of normal iterations = 0.0454545
Maximum number of normal iterations during one iteration = 1
Iterations with 0  normal iterations = 21
Iterations with 1  normal iteration  = 1
Iterations with 2+ normal iterations = 0
Restorations = 1
Average number of restorations per normal iteration = 1
**********************************************************
Done
Setup time: 0.003333
Execution time: 0.003333
