sifdecoder -A pc64.lnx.gfo  FLETCHER

 Problem name: FLETCHER

 Double precision version will be formed

 The objective function uses 1 nonlinear group
 
 There are 3 linear inequality constraints
 There is 1 nonlinear equality constraint
 
 There are 3 free variables
 There is 1 variable bounded only from below 
 
 
 File successfully decoded
/home/abel/documentos/dcicpp-newrun/output-dcicpp-fast-2016-11-22--17:51
No tools
make: *** No rule to make target 'dcicpp'.  Stop.
Starting
Solving
Showing
**********************************************************
Problem name: FLETCHER

Number of Variables: 4
Number of Constraints: 4
             Equality: 1
           has_inequality: 3

EXIT: The Algorithm has Converged
f(x) = 19.5254
|c(x)| = 2.91714e-07
|g(x) + J(x)'*y| = 1.10606e-07
y offset = 6.51558e-09
Number of Iterations = 17
Elapsed Time = 0.00168061 s
Normal iterations = 4
Average number of normal iterations = 0.235294
Maximum number of normal iterations during one iteration = 1
Iterations with 0  normal iterations = 13
Iterations with 1  normal iteration  = 4
Iterations with 2+ normal iterations = 0
Restorations = 144
Average number of restorations per normal iteration = 36
**********************************************************
Done
Setup time: 0.003333
Execution time: 0.006666
