sifdecoder -A pc64.lnx.gfo  HIMMELBK

 Problem name: HIMMELBK

 Double precision version will be formed

 The objective function uses 1 linear group
 
 There are 2 linear equality constraints
 There are 12 nonlinear equality constraints
 
 There are 24 variables bounded only from below 
 
 
 File successfully decoded
/home/abel/documentos/dcicpp-newrun/output-dcicpp-fast-2016-11-22--17:51
No tools
make: *** No rule to make target 'dcicpp'.  Stop.
Starting
Solving
Showing
**********************************************************
Problem name: HIMMELBK

Number of Variables: 24
Number of Constraints: 14
             Equality: 14
           has_inequality: 0

EXIT: The Algorithm has Converged
f(x) = 0.0518745
|c(x)| = 2.96039e-07
|g(x) + J(x)'*y| = 6.19377e-07
y offset = 0
Number of Iterations = 15
Elapsed Time = 0.00993013 s
Normal iterations = 10
Average number of normal iterations = 0.666667
Maximum number of normal iterations during one iteration = 2
Iterations with 0  normal iterations = 6
Iterations with 1  normal iteration  = 8
Iterations with 2+ normal iterations = 1
Restorations = 187
Average number of restorations per normal iteration = 18
**********************************************************
Done
Setup time: 0.003333
Execution time: 0.039999
