sifdecoder -A pc64.lnx.gfo  HS108

 Problem name: HS108

 Double precision version will be formed

 The objective function uses 1 nonlinear group
 
 There are 13 nonlinear inequality constraints
 
 There are 8 free variables
 There is 1 variable bounded only from below 
 
 
 File successfully decoded
/home/abel/documentos/dcicpp-newrun/output-dcicpp-fast-2016-11-22--17:51
No tools
make: *** No rule to make target 'dcicpp'.  Stop.
Starting
Solving
Showing
**********************************************************
Problem name: HS108   

Number of Variables: 9
Number of Constraints: 13
             Equality: 0
           has_inequality: 13

EXIT: The Algorithm has Converged
f(x) = -0.866014
|c(x)| = 9.58023e-07
|g(x) + J(x)'*y| = 9.06525e-07
y offset = 9.55385e-06
Number of Iterations = 50
Elapsed Time = 0.0169826 s
Normal iterations = 34
Average number of normal iterations = 0.68
Maximum number of normal iterations during one iteration = 2
Iterations with 0  normal iterations = 19
Iterations with 1  normal iteration  = 28
Iterations with 2+ normal iterations = 3
Restorations = 757
Average number of restorations per normal iteration = 22
**********************************************************
Done
Setup time: 0
Execution time: 0.066665
