sifdecoder -A pc64.lnx.gfo  HS31

 Problem name: HS31

 Double precision version will be formed

 The objective function uses 1 nonlinear group
 
 There is 1 nonlinear inequality constraint
 
 There are 3 variables bounded from below and above 
 
 
 File successfully decoded
/home/abel/documentos/dcicpp-newrun/output-dcicpp-fast-2016-11-22--17:51
No tools
make: *** No rule to make target 'dcicpp'.  Stop.
Starting
Solving
Showing
**********************************************************
Problem name: HS31    

Number of Variables: 3
Number of Constraints: 1
             Equality: 0
           has_inequality: 1

EXIT: The Algorithm has Converged
f(x) = 5.99999
|c(x)| = 9.47188e-07
|g(x) + J(x)'*y| = 8.82646e-12
y offset = 0
Number of Iterations = 16
Elapsed Time = 0.00272703 s
Normal iterations = 17
Average number of normal iterations = 1.0625
Maximum number of normal iterations during one iteration = 2
Iterations with 0  normal iterations = 2
Iterations with 1  normal iteration  = 11
Iterations with 2+ normal iterations = 3
Restorations = 339
Average number of restorations per normal iteration = 19
**********************************************************
Done
Setup time: 0
Execution time: 0.013332
