sifdecoder -A pc64.lnx.gfo  HS65

 Problem name: HS65

 Double precision version will be formed

 The objective function uses 3 nonlinear groups
 
 There is 1 nonlinear inequality constraint
 
 There are 3 variables bounded from below and above 
 
 
 File successfully decoded
/home/abel/documentos/dcicpp-newrun/output-dcicpp-fast-2016-11-22--17:51
No tools
make: *** No rule to make target 'dcicpp'.  Stop.
Starting
Solving
Showing
**********************************************************
Problem name: HS65    

Number of Variables: 3
Number of Constraints: 1
             Equality: 0
           has_inequality: 1

EXIT: The Algorithm has Converged
f(x) = 0.953529
|c(x)| = 9.28459e-07
|g(x) + J(x)'*y| = 4.45491e-11
y offset = 0
Number of Iterations = 12
Elapsed Time = 0.0012455 s
Normal iterations = 11
Average number of normal iterations = 0.916667
Maximum number of normal iterations during one iteration = 1
Iterations with 0  normal iterations = 1
Iterations with 1  normal iteration  = 11
Iterations with 2+ normal iterations = 0
Restorations = 139
Average number of restorations per normal iteration = 12
**********************************************************
Done
Setup time: 0.003333
Execution time: 0.003333
