sifdecoder -A pc64.lnx.gfo  HS67

 Problem name: HS67

 Double precision version will be formed

 The objective function uses 1 nonlinear group
 
 There are 14 nonlinear inequality constraints
 
 There are 3 variables bounded from below and above 
 
 
 File successfully decoded
/home/abel/documentos/dcicpp-newrun/output-dcicpp-fast-2016-11-22--17:51
No tools
make: *** No rule to make target 'dcicpp'.  Stop.
Starting
Solving
Showing
**********************************************************
Problem name: HS67    

Number of Variables: 3
Number of Constraints: 14
             Equality: 0
           has_inequality: 14

EXIT: The Algorithm has Converged
f(x) = -1162.12
|c(x)| = 3.76718e-07
|g(x) + J(x)'*y| = 8.44834e-07
y offset = 1.63317e-07
Number of Iterations = 79
Elapsed Time = 0.00590277 s
Normal iterations = 41
Average number of normal iterations = 0.518987
Maximum number of normal iterations during one iteration = 1
Iterations with 0  normal iterations = 38
Iterations with 1  normal iteration  = 41
Iterations with 2+ normal iterations = 0
Restorations = 41
Average number of restorations per normal iteration = 1
**********************************************************
Done
Setup time: 0.003333
Execution time: 0.023332
