sifdecoder -A pc64.lnx.gfo  HS70

 Problem name: HS70

 Double precision version will be formed

 The objective function uses 19 nonlinear groups
 
 There is 1 nonlinear inequality constraint
 
 There are 4 variables bounded from below and above 
 
 
 File successfully decoded
/home/abel/documentos/dcicpp-newrun/output-dcicpp-fast-2016-11-22--17:51
No tools
make: *** No rule to make target 'dcicpp'.  Stop.
Starting
Solving
Showing
**********************************************************
Problem name: HS70    

Number of Variables: 4
Number of Constraints: 1
             Equality: 0
           has_inequality: 1

EXIT: The Algorithm has Converged
f(x) = 0.269017
|c(x)| = 9.23316e-07
|g(x) + J(x)'*y| = 9.13703e-09
y offset = 0
Number of Iterations = 17
Elapsed Time = 0.00367665 s
Normal iterations = 1
Average number of normal iterations = 0.0588235
Maximum number of normal iterations during one iteration = 1
Iterations with 0  normal iterations = 16
Iterations with 1  normal iteration  = 1
Iterations with 2+ normal iterations = 0
Restorations = 89
Average number of restorations per normal iteration = 89
**********************************************************
Done
Setup time: 0.003333
Execution time: 0.013333
