sifdecoder -A pc64.lnx.gfo  HS75

 Problem name: HS75

 Double precision version will be formed

 The objective function uses 1 nonlinear group
 
 There are 2 linear inequality constraints
 There are 3 nonlinear equality constraints
 
 There are 4 variables bounded from below and above 
 
 
 File successfully decoded
/home/abel/documentos/dcicpp-newrun/output-dcicpp-fast-2016-11-22--17:51
No tools
make: *** No rule to make target 'dcicpp'.  Stop.
Starting
Solving
Showing
**********************************************************
Problem name: HS75    

Number of Variables: 4
Number of Constraints: 5
             Equality: 3
           has_inequality: 2

EXIT: The Algorithm has Converged
f(x) = 5174.41
|c(x)| = 1.02476e-13
|g(x) + J(x)'*y| = 3.55929e-07
y offset = 0
Number of Iterations = 648
Elapsed Time = 0.0202446 s
Normal iterations = 18
Average number of normal iterations = 0.0277778
Maximum number of normal iterations during one iteration = 1
Iterations with 0  normal iterations = 630
Iterations with 1  normal iteration  = 18
Iterations with 2+ normal iterations = 0
Restorations = 145
Average number of restorations per normal iteration = 8
**********************************************************
Done
Setup time: 0
Execution time: 0.083332
