sifdecoder -A pc64.lnx.gfo  HS83

 Problem name: HS83

 Double precision version will be formed

 The objective function uses 1 nonlinear group
 
 There are 3 nonlinear inequality constraints
 
 There are 5 variables bounded from below and above 
 
 
 File successfully decoded
/home/abel/documentos/dcicpp-newrun/output-dcicpp-fast-2016-11-22--17:51
No tools
make: *** No rule to make target 'dcicpp'.  Stop.
Starting
Solving
Showing
**********************************************************
Problem name: HS83    

Number of Variables: 5
Number of Constraints: 3
             Equality: 0
           has_inequality: 3

EXIT: The Algorithm has Converged
f(x) = -30665.5
|c(x)| = 9.8317e-07
|g(x) + J(x)'*y| = 1.71614e-07
y offset = 0.0376458
Number of Iterations = 23
Elapsed Time = 0.00649023 s
Normal iterations = 32
Average number of normal iterations = 1.3913
Maximum number of normal iterations during one iteration = 2
Iterations with 0  normal iterations = 0
Iterations with 1  normal iteration  = 14
Iterations with 2+ normal iterations = 9
Restorations = 664
Average number of restorations per normal iteration = 20
**********************************************************
Done
Setup time: 0
Execution time: 0.023333
