sifdecoder -A pc64.lnx.gfo  MESH

 Problem name: MESH

 Double precision version will be formed

 The objective function uses 3 nonlinear groups
 
 There are 4 linear equality constraints
 There are 24 linear inequality constraints
 There are 20 nonlinear equality constraints
 
 There are 2 free variables
 There are 14 variables bounded only from below 
 There are 17 variables bounded from below and above 
 There are 8 fixed variables
 
 
 File successfully decoded
/home/abel/documentos/dcicpp-newrun/output-dcicpp-fast-2016-11-22--17:51
No tools
make: *** No rule to make target 'dcicpp'.  Stop.
NOPE preprocessing removed 8 variables
Starting
Solving
Showing
**********************************************************
Problem name: MESH    

Number of Variables: 33
Number of Constraints: 48
             Equality: 24
           has_inequality: 24

EXIT: The problem is unlimited
f(x) = -3.47735e+17
|c(x)| = 3.30818e-05
|g(x) + J(x)'*y| = 7.56714e+14
y offset = 0.016
Number of Iterations = 62
Elapsed Time = 0.0127852 s
Normal iterations = 34
Average number of normal iterations = 0.548387
Maximum number of normal iterations during one iteration = 2
Iterations with 0  normal iterations = 29
Iterations with 1  normal iteration  = 32
Iterations with 2+ normal iterations = 1
Restorations = 34
Average number of restorations per normal iteration = 1
**********************************************************
Done
Setup time: 0.003333
Execution time: 0.049999
