sifdecoder -A pc64.lnx.gfo  OPTPRLOC

 Problem name: OPTPRLOC

 Double precision version will be formed

 The objective function uses 1 nonlinear group
 
 There are 5 linear inequality constraints
 There are 25 nonlinear inequality constraints
 
 There are 30 variables bounded from below and above 
 
 
 File successfully decoded
/home/abel/documentos/dcicpp-newrun/output-dcicpp-fast-2016-11-22--17:51
No tools
make: *** No rule to make target 'dcicpp'.  Stop.
Starting
Solving
Showing
**********************************************************
Problem name: OPTPRLOC

Number of Variables: 30
Number of Constraints: 30
             Equality: 0
           has_inequality: 30

EXIT: The Algorithm has Converged
f(x) = -16.4197
|c(x)| = 5.78891e-07
|g(x) + J(x)'*y| = 9.53275e-07
y offset = 2.62194e-08
Number of Iterations = 506
Elapsed Time = 0.112735 s
Normal iterations = 53
Average number of normal iterations = 0.104743
Maximum number of normal iterations during one iteration = 1
Iterations with 0  normal iterations = 453
Iterations with 1  normal iteration  = 53
Iterations with 2+ normal iterations = 0
Restorations = 858
Average number of restorations per normal iteration = 16
**********************************************************
Done
Setup time: 0.003333
Execution time: 0.356666
