sifdecoder -A pc64.lnx.gfo  READING6

 Problem name: READING6

 Double precision version will be formed

 The objective function uses 50 nonlinear groups
 
 There are 50 nonlinear equality constraints
 
 There are 50 free variables
 There are 51 variables bounded from below and above 
 There is 1 fixed variable
 
 
 File successfully decoded
/home/abel/documentos/dcicpp-newrun/output-dcicpp-fast-2016-11-22--17:51
No tools
make: *** No rule to make target 'dcicpp'.  Stop.
NOPE preprocessing removed 1 variables
Starting
Solving
Showing
**********************************************************
Problem name: READING6

Number of Variables: 101
Number of Constraints: 50
             Equality: 50
           has_inequality: 0

EXIT: The Algorithm has Converged
f(x) = -144.659
|c(x)| = 3.77638e-14
|g(x) + J(x)'*y| = 7.88686e-07
y offset = 0
Number of Iterations = 212
Elapsed Time = 0.588267 s
Normal iterations = 132
Average number of normal iterations = 0.622642
Maximum number of normal iterations during one iteration = 2
Iterations with 0  normal iterations = 86
Iterations with 1  normal iteration  = 120
Iterations with 2+ normal iterations = 6
Restorations = 2048
Average number of restorations per normal iteration = 15
**********************************************************
Done
Setup time: 0.003333
Execution time: 0.839999
