sifdecoder -A pc64.lnx.gfo  YATP1NE

 Problem name: YATP1NE

 Double precision version will be formed

 
 There are 2600 nonlinear equality constraints
 
 There are 2600 free variables
 
 
 File successfully decoded
/home/abel/documentos/dcicpp-newrun/output-dcicpp-fast-2016-11-22--17:51
No tools
make: *** No rule to make target 'dcicpp'.  Stop.
Starting
diagonal below threshold
Status = 2
File   = ../Core/cholmod_common.c
Line   = 707
Solving
Showing
**********************************************************
Problem name: YATP1NE 

Number of Variables: 2600
Number of Constraints: 2600
             Equality: 2600
           has_inequality: 0

EXIT: The Algorithm has Converged
Cholesky failed
f(x) = 0
|c(x)| = 1.81891e-12
|g(x) + J(x)'*y| = 0
y offset = 0
Number of Iterations = 1
Elapsed Time = 0.0738521 s
Normal iterations = 2
Average number of normal iterations = 2
Maximum number of normal iterations during one iteration = 2
Iterations with 0  normal iterations = 0
Iterations with 1  normal iteration  = 0
Iterations with 2+ normal iterations = 1
Restorations = 4
Average number of restorations per normal iteration = 2
**********************************************************
Done
Setup time: 0.07
Execution time: 0.203334
