sifdecoder -A pc64.lnx.gfo  ACOPR30

 Problem name: ACOPR30

 Double precision version will be formed

 The objective function uses 2 linear groups
 
 There are 60 nonlinear equality constraints
 There are 112 nonlinear inequality constraints
 
 There are 60 free variables
 There are 12 variables bounded from below and above 
 
 
 File successfully decoded
/home/abel/documentos/dcicpp-newrun/output-dcicpp-fast-2016-11-22--17:24
No tools
make: *** No rule to make target 'dcicpp'.  Stop.
Starting
Solving
Showing
**********************************************************
Problem name: ACOPR30 

Number of Variables: 72
Number of Constraints: 172
             Equality: 60
           has_inequality: 112

EXIT: The Algorithm has Converged
f(x) = 576.892
|c(x)| = 3.05141e-09
|g(x) + J(x)'*y| = 1.66404e-07
y offset = 0.0153436
Number of Iterations = 21
Elapsed Time = 0.0778944 s
Normal iterations = 11
Average number of normal iterations = 0.52381
Maximum number of normal iterations during one iteration = 2
Iterations with 0  normal iterations = 11
Iterations with 1  normal iteration  = 9
Iterations with 2+ normal iterations = 1
Restorations = 128
Average number of restorations per normal iteration = 11
**********************************************************
Done
Setup time: 0.009999
Execution time: 0.313334
