sifdecoder -A pc64.lnx.gfo  AVGASA

 Problem name: AVGASA

 Double precision version will be formed

 The objective function uses 1 nonlinear group
 
 There are 10 linear inequality constraints
 
 There are 8 variables bounded from below and above 
 
 
 File successfully decoded
/home/abel/documentos/dcicpp-newrun/output-dcicpp-fast-2016-11-22--17:24
No tools
make: *** No rule to make target 'dcicpp'.  Stop.
Starting
Solving
Showing
**********************************************************
Problem name: AVGASA  

Number of Variables: 8
Number of Constraints: 10
             Equality: 0
           has_inequality: 10

EXIT: The Algorithm has Converged
f(x) = -4.63193
|c(x)| = 9.25399e-07
|g(x) + J(x)'*y| = 4.93809e-07
y offset = 4.98725e-08
Number of Iterations = 7
Elapsed Time = 0.00626636 s
Normal iterations = 2
Average number of normal iterations = 0.285714
Maximum number of normal iterations during one iteration = 1
Iterations with 0  normal iterations = 5
Iterations with 1  normal iteration  = 2
Iterations with 2+ normal iterations = 0
Restorations = 390
Average number of restorations per normal iteration = 195
**********************************************************
Done
Setup time: 0.003333
Execution time: 0.023333
