sifdecoder -A pc64.lnx.gfo  DIXMAANG

 Problem name: DIXMAANG

 Double precision version will be formed

 The objective function uses 4 nonlinear groups
 
 There are 3000 free variables
 
 
 File successfully decoded
/home/abel/documentos/dcicpp-newrun/output-dcicpp-fast-2016-11-22--17:24
No tools
make: *** No rule to make target 'dcicpp'.  Stop.
Starting
Solving
Showing
**********************************************************
Problem name: DIXMAANG

Number of Variables: 3000
Number of Constraints: 0
             Equality: 0
           has_inequality: 0

EXIT: The Algorithm has Converged
f(x) = 1.03595
|c(x)| = 0
|g(x) + J(x)'*y| = 9.90637e-07
y offset = 0
Number of Iterations = 16
Elapsed Time = 0.0756688 s
Normal iterations = 0
Average number of normal iterations = 0
Maximum number of normal iterations during one iteration = 0
Iterations with 0  normal iterations = 16
Iterations with 1  normal iteration  = 0
Iterations with 2+ normal iterations = 0
Restorations = 0
Average number of restorations per normal iteration = NA
**********************************************************
Done
Setup time: 0.049999
Execution time: 0.290001
