sifdecoder -A pc64.lnx.gfo  HS114

 Problem name: HS114

 Double precision version will be formed

 The objective function uses 1 nonlinear group
 
 There is 1 linear equality constraint
 There are 4 linear inequality constraints
 There are 2 nonlinear equality constraints
 There are 4 nonlinear inequality constraints
 
 There are 10 variables bounded from below and above 
 
 
 File successfully decoded
/home/abel/documentos/dcicpp-newrun/output-dcicpp-fast-2016-11-22--17:24
No tools
make: *** No rule to make target 'dcicpp'.  Stop.
Starting
Solving
Showing
**********************************************************
Problem name: HS114   

Number of Variables: 10
Number of Constraints: 11
             Equality: 3
           has_inequality: 8

EXIT: The Algorithm has Converged
f(x) = -1767.93
|c(x)| = 1.19691e-09
|g(x) + J(x)'*y| = 9.01341e-06
y offset = 9.39546e-10
Number of Iterations = 1312
Elapsed Time = 0.0841658 s
Normal iterations = 301
Average number of normal iterations = 0.229421
Maximum number of normal iterations during one iteration = 2
Iterations with 0  normal iterations = 1012
Iterations with 1  normal iteration  = 299
Iterations with 2+ normal iterations = 1
Restorations = 301
Average number of restorations per normal iteration = 1
**********************************************************
Done
Setup time: 0
Execution time: 0.296666
