sifdecoder -A pc64.lnx.gfo  HS13

 Problem name: HS13

 Double precision version will be formed

 The objective function uses 1 nonlinear group
 
 There is 1 nonlinear inequality constraint
 
 There are 2 variables bounded only from below 
 
 
 File successfully decoded
/home/abel/documentos/dcicpp-newrun/output-dcicpp-fast-2016-11-22--17:24
No tools
make: *** No rule to make target 'dcicpp'.  Stop.
Starting
Solving
Showing
**********************************************************
Problem name: HS13    

Number of Variables: 2
Number of Constraints: 1
             Equality: 0
           has_inequality: 1

EXIT: The Algorithm has Converged
f(x) = 0.980569
|c(x)| = 9.3068e-07
|g(x) + J(x)'*y| = 1.49403e-10
y offset = 0
Number of Iterations = 12
Elapsed Time = 0.0016036 s
Normal iterations = 6
Average number of normal iterations = 0.5
Maximum number of normal iterations during one iteration = 1
Iterations with 0  normal iterations = 6
Iterations with 1  normal iteration  = 6
Iterations with 2+ normal iterations = 0
Restorations = 172
Average number of restorations per normal iteration = 28
**********************************************************
Done
Setup time: 0
Execution time: 0.006666
