sifdecoder -A pc64.lnx.gfo  HS27

 Problem name: HS27

 Double precision version will be formed

 The objective function uses 1 nonlinear group
 
 There is 1 nonlinear equality constraint
 
 There are 3 free variables
 
 
 File successfully decoded
/home/abel/documentos/dcicpp-newrun/output-dcicpp-fast-2016-11-22--17:24
No tools
make: *** No rule to make target 'dcicpp'.  Stop.
Starting
Solving
Showing
**********************************************************
Problem name: HS27    

Number of Variables: 3
Number of Constraints: 1
             Equality: 1
           has_inequality: 0

EXIT: The Algorithm has Converged
f(x) = 0.04
|c(x)| = 1.82e-15
|g(x) + J(x)'*y| = 1.91612e-08
y offset = 0
Number of Iterations = 21
Elapsed Time = 0.000552177 s
Normal iterations = 9
Average number of normal iterations = 0.428571
Maximum number of normal iterations during one iteration = 1
Iterations with 0  normal iterations = 12
Iterations with 1  normal iteration  = 9
Iterations with 2+ normal iterations = 0
Restorations = 11
Average number of restorations per normal iteration = 1
**********************************************************
Done
Setup time: 0
Execution time: -5.66244e-13
