sifdecoder -A pc64.lnx.gfo  HS39

 Problem name: HS39

 Double precision version will be formed

 The objective function uses 1 linear group
 
 There are 2 nonlinear equality constraints
 
 There are 4 free variables
 
 
 File successfully decoded
/home/abel/documentos/dcicpp-newrun/output-dcicpp-fast-2016-11-22--17:24
No tools
make: *** No rule to make target 'dcicpp'.  Stop.
Starting
Solving
Showing
**********************************************************
Problem name: HS39    

Number of Variables: 4
Number of Constraints: 2
             Equality: 2
           has_inequality: 0

EXIT: The Algorithm has Converged
f(x) = -1
|c(x)| = 1.68292e-10
|g(x) + J(x)'*y| = 7.73835e-08
y offset = 0
Number of Iterations = 7
Elapsed Time = 0.000565529 s
Normal iterations = 9
Average number of normal iterations = 1.28571
Maximum number of normal iterations during one iteration = 2
Iterations with 0  normal iterations = 0
Iterations with 1  normal iteration  = 5
Iterations with 2+ normal iterations = 2
Restorations = 17
Average number of restorations per normal iteration = 1
**********************************************************
Done
Setup time: 0
Execution time: -5.66244e-13
