sifdecoder -A pc64.lnx.gfo  OSLBQP

 Problem name: OSLBQP

 Double precision version will be formed

 The objective function uses 1 nonlinear group
 
 There are 5 variables bounded only from below 
 There are 3 variables bounded from below and above 
 
 
 File successfully decoded
/home/abel/documentos/dcicpp-newrun/output-dcicpp-fast-2016-11-22--17:24
No tools
make: *** No rule to make target 'dcicpp'.  Stop.
Starting
Solving
Showing
**********************************************************
Problem name: OSLBQP  

Number of Variables: 8
Number of Constraints: 0
             Equality: 0
           has_inequality: 0

EXIT: The Algorithm has Converged
f(x) = 6.25
|c(x)| = 0
|g(x) + J(x)'*y| = 3.93357e-09
y offset = 0
Number of Iterations = 6
Elapsed Time = 0.000262499 s
Normal iterations = 0
Average number of normal iterations = 0
Maximum number of normal iterations during one iteration = 0
Iterations with 0  normal iterations = 6
Iterations with 1  normal iteration  = 0
Iterations with 2+ normal iterations = 0
Restorations = 0
Average number of restorations per normal iteration = NA
**********************************************************
Done
Setup time: 0
Execution time: 0.003333
