sifdecoder -A pc64.lnx.gfo  PALMER1C

 Problem name: PALMER1C

 Double precision version will be formed

 The objective function uses 35 nonlinear groups
 
 There are 8 free variables
 
 
 File successfully decoded
/home/abel/documentos/dcicpp-newrun/output-dcicpp-fast-2016-11-22--17:24
No tools
make: *** No rule to make target 'dcicpp'.  Stop.
Starting
Solving
Showing
**********************************************************
Problem name: PALMER1C

Number of Variables: 8
Number of Constraints: 0
             Equality: 0
           has_inequality: 0

EXIT: The Algorithm has Converged
f(x) = 5.1998
|c(x)| = 0
|g(x) + J(x)'*y| = 5.58963e-08
y offset = 0
Number of Iterations = 4
Elapsed Time = 0.000255823 s
Normal iterations = 0
Average number of normal iterations = 0
Maximum number of normal iterations during one iteration = 0
Iterations with 0  normal iterations = 4
Iterations with 1  normal iteration  = 0
Iterations with 2+ normal iterations = 0
Restorations = 0
Average number of restorations per normal iteration = NA
**********************************************************
Done
Setup time: 0
Execution time: -5.66244e-13
