sifdecoder -A pc64.lnx.gfo  QPNBLEND

 Problem name: QPNBLEND

 Double precision version will be formed

 The objective function uses 1 nonlinear group
 
 There are 43 linear equality constraints
 There are 31 linear inequality constraints
 
 There are 83 variables bounded only from below 
 
 
 File successfully decoded
/home/abel/documentos/dcicpp-newrun/output-dcicpp-fast-2016-11-22--17:24
No tools
make: *** No rule to make target 'dcicpp'.  Stop.
NOPE preprocessing removed 2 contraints
Starting
Solving
diagonal below threshold
Status = 2
File   = ../Core/cholmod_common.c
Line   = 719
Showing
**********************************************************
Problem name: QPNBLEND

Number of Variables: 83
Number of Constraints: 72
             Equality: 43
           has_inequality: 29

EXIT: The Algorithm has Converged
Cholesky failed
f(x) = -0.00910023
|c(x)| = 5.3029e-14
|g(x) + J(x)'*y| = 2.69933e-07
y offset = 0.000809625
Number of Iterations = 74
Elapsed Time = 0.0319657 s
Normal iterations = 9
Average number of normal iterations = 0.121622
Maximum number of normal iterations during one iteration = 2
Iterations with 0  normal iterations = 66
Iterations with 1  normal iteration  = 7
Iterations with 2+ normal iterations = 1
Restorations = 93
Average number of restorations per normal iteration = 10
**********************************************************
Done
Setup time: 0
Execution time: 0.129999
