sifdecoder -A pc64.lnx.gfo  STEENBRA

 Problem name: STEENBRA

 Double precision version will be formed

 The objective function uses 1 nonlinear group
 
 There are 108 linear equality constraints
 
 There are 432 variables bounded only from below 
 
 
 File successfully decoded
/home/abel/documentos/dcicpp-newrun/output-dcicpp-fast-2016-11-22--17:24
No tools
make: *** No rule to make target 'dcicpp'.  Stop.
Starting
diagonal below threshold
Status = 2
File   = ../Core/cholmod_common.c
Line   = 719
Solving
diagonal below threshold
Status = 2
File   = ../Core/cholmod_common.c
Line   = 707
diagonal below threshold
Status = 2
File   = ../Core/cholmod_common.c
Line   = 719
Showing
**********************************************************
Problem name: STEENBRA

Number of Variables: 432
Number of Constraints: 108
             Equality: 108
           has_inequality: 0

EXIT: The Algorithm has Converged
Cholesky failed
f(x) = 16959.6
|c(x)| = 2.33593e-07
|g(x) + J(x)'*y| = 6.77379e-08
y offset = 0
Number of Iterations = 19
Elapsed Time = 0.0158398 s
Normal iterations = 1
Average number of normal iterations = 0.0526316
Maximum number of normal iterations during one iteration = 1
Iterations with 0  normal iterations = 18
Iterations with 1  normal iteration  = 1
Iterations with 2+ normal iterations = 0
Restorations = 17
Average number of restorations per normal iteration = 17
**********************************************************
Done
Setup time: 0.003333
Execution time: 0.063332
