sifdecoder -A pc64.lnx.gfo  TOINTGSS

 Problem name: TOINTGSS

 Double precision version will be formed

 The objective function uses 4998 nonlinear groups
 
 There are 5000 free variables
 
 
 File successfully decoded
/home/abel/documentos/dcicpp-newrun/output-dcicpp-fast-2016-11-22--17:24
No tools
make: *** No rule to make target 'dcicpp'.  Stop.
Starting
Solving
Showing
**********************************************************
Problem name: TOINTGSS

Number of Variables: 5000
Number of Constraints: 0
             Equality: 0
           has_inequality: 0

EXIT: The Algorithm has Converged
f(x) = 10
|c(x)| = 0
|g(x) + J(x)'*y| = 5.85612e-08
y offset = 0
Number of Iterations = 3
Elapsed Time = 0.0317509 s
Normal iterations = 0
Average number of normal iterations = 0
Maximum number of normal iterations during one iteration = 0
Iterations with 0  normal iterations = 3
Iterations with 1  normal iteration  = 0
Iterations with 2+ normal iterations = 0
Restorations = 0
Average number of restorations per normal iteration = NA
**********************************************************
Done
Setup time: 0.109999
Execution time: 0.12
