sifdecoder -A pc64.lnx.gfo  ACOPR30

 Problem name: ACOPR30

 Double precision version will be formed

 The objective function uses 2 linear groups
 
 There are 60 nonlinear equality constraints
 There are 112 nonlinear inequality constraints
 
 There are 60 free variables
 There are 12 variables bounded from below and above 
 
 
 File successfully decoded
/home/abel/documentos/dcicpp-newrun/output-dcicpp-fast-2016-11-24--16:31
No tools
make: *** No rule to make target 'dcicpp'.  Stop.
Starting
Solving
Showing
**********************************************************
Problem name: ACOPR30 

Number of Variables: 72
Number of Constraints: 172
             Equality: 60
           has_inequality: 112

EXIT: The Algorithm has Converged
f(x) = 657.649
|c(x)| = 2.82249e-12
|g(x) + J(x)'*y| = 6.66822e-07
|J(x)'c(x)| = 9.42897e-11
y offset = 0.0241272
Number of Iterations = 29
Elapsed Time = 0.228628 s

Function evaluations:
  Objective    (*fn, *ofg):     357 (287, 70)
  Gradient     (*ofg):           41
  Constraints  (cfn, ccfsg):   1966 (287, 1679)
  Jacobian     (ccfsg):         564
  Hessian prod (*hprod):        251

Normal iterations = 18
Average number of normal iterations = 0.62069
Maximum number of normal iterations during one iteration = 2
Iterations with 0  normal iterations = 13
Iterations with 1  normal iteration  = 14
Iterations with 2+ normal iterations = 2
Restorations = 1115
Average number of restorations per normal iteration = 61
**********************************************************
Done
Setup time: 0.013332
Execution time: 0.47
