sifdecoder -A pc64.lnx.gfo  BIGGSC4

 Problem name: BIGGSC4

 Double precision version will be formed

 The objective function uses 1 nonlinear group
 
 There are 7 linear inequality constraints
 
 There are 4 variables bounded from below and above 
 
 
 File successfully decoded
/home/abel/documentos/dcicpp-newrun/output-dcicpp-fast-2016-11-24--16:31
No tools
make: *** No rule to make target 'dcicpp'.  Stop.
Starting
Solving
Showing
**********************************************************
Problem name: BIGGSC4 

Number of Variables: 4
Number of Constraints: 7
             Equality: 0
           has_inequality: 7

EXIT: The Algorithm has Converged
f(x) = -3.24996
|c(x)| = 8.3339e-07
|g(x) + J(x)'*y| = 7.10461e-07
|J(x)'c(x)| = 1.92717e-06
y offset = 0.0110479
Number of Iterations = 7
Elapsed Time = 0.00090766 s

Function evaluations:
  Objective    (*fn, *ofg):      28 (9, 19)
  Gradient     (*ofg):           12
  Constraints  (cfn, ccfsg):    105 (9, 96)
  Jacobian     (ccfsg):          21
  Hessian prod (*hprod):         12

Normal iterations = 7
Average number of normal iterations = 1
Maximum number of normal iterations during one iteration = 2
Iterations with 0  normal iterations = 1
Iterations with 1  normal iteration  = 5
Iterations with 2+ normal iterations = 1
Restorations = 75
Average number of restorations per normal iteration = 10
**********************************************************
Done
Setup time: 0
Execution time: 0.003333
