sifdecoder -A pc64.lnx.gfo  BT13

 Problem name: BT13

 Double precision version will be formed

 The objective function uses 1 linear group
 
 There is 1 nonlinear equality constraint
 
 There are 4 free variables
 There is 1 variable bounded only from below 
 
 
 File successfully decoded
/home/abel/documentos/dcicpp-newrun/output-dcicpp-fast-2016-11-24--16:31
No tools
make: *** No rule to make target 'dcicpp'.  Stop.
Starting
Solving
Showing
**********************************************************
Problem name: BT13    

Number of Variables: 5
Number of Constraints: 1
             Equality: 1
           has_inequality: 0

EXIT: The Algorithm has Converged
f(x) = 1.44395e-05
|c(x)| = 7.8189e-07
|g(x) + J(x)'*y| = 6.33309e-08
|J(x)'c(x)| = 2.4347e-09
y offset = 0
Number of Iterations = 3
Elapsed Time = 0.00110364 s

Function evaluations:
  Objective    (*fn, *ofg):      16 (8, 8)
  Gradient     (*ofg):            5
  Constraints  (cfn, ccfsg):    238 (8, 230)
  Jacobian     (ccfsg):          53
  Hessian prod (*hprod):          2

Normal iterations = 3
Average number of normal iterations = 1
Maximum number of normal iterations during one iteration = 1
Iterations with 0  normal iterations = 0
Iterations with 1  normal iteration  = 3
Iterations with 2+ normal iterations = 0
Restorations = 177
Average number of restorations per normal iteration = 59
**********************************************************
Done
Setup time: 0
Execution time: 0.006666
