sifdecoder -A pc64.lnx.gfo  BT7

 Problem name: BT7

 Double precision version will be formed

 The objective function uses 2 nonlinear groups
 
 There are 3 nonlinear equality constraints
 
 There are 5 free variables
 
 
 File successfully decoded
/home/abel/documentos/dcicpp-newrun/output-dcicpp-fast-2016-11-24--16:31
No tools
make: *** No rule to make target 'dcicpp'.  Stop.
Starting
Solving
Showing
**********************************************************
Problem name: BT7     

Number of Variables: 5
Number of Constraints: 3
             Equality: 3
           has_inequality: 0

EXIT: The Algorithm has Converged
f(x) = 306.5
|c(x)| = 2.67695e-08
|g(x) + J(x)'*y| = 4.84079e-07
|J(x)'c(x)| = 0.00434542
y offset = 0
Number of Iterations = 10
Elapsed Time = 0.000527382 s

Function evaluations:
  Objective    (*fn, *ofg):      53 (28, 25)
  Gradient     (*ofg):           15
  Constraints  (cfn, ccfsg):     70 (28, 42)
  Jacobian     (ccfsg):          18
  Hessian prod (*hprod):         38

Normal iterations = 8
Average number of normal iterations = 0.8
Maximum number of normal iterations during one iteration = 2
Iterations with 0  normal iterations = 4
Iterations with 1  normal iteration  = 4
Iterations with 2+ normal iterations = 2
Restorations = 24
Average number of restorations per normal iteration = 3
**********************************************************
Done
Setup time: 0
Execution time: 0.003333
