sifdecoder -A pc64.lnx.gfo  BT8

 Problem name: BT8

 Double precision version will be formed

 The objective function uses 1 nonlinear group
 
 There are 2 nonlinear equality constraints
 
 There are 5 free variables
 
 
 File successfully decoded
/home/abel/documentos/dcicpp-newrun/output-dcicpp-fast-2016-11-24--16:31
No tools
make: *** No rule to make target 'dcicpp'.  Stop.
Starting
Solving
Showing
**********************************************************
Problem name: BT8     

Number of Variables: 5
Number of Constraints: 2
             Equality: 2
           has_inequality: 0

EXIT: The Algorithm has Converged
f(x) = 1
|c(x)| = 6.21679e-07
|g(x) + J(x)'*y| = 1.68967e-13
|J(x)'c(x)| = 2.34451e-06
y offset = 0
Number of Iterations = 2
Elapsed Time = 0.000370026 s

Function evaluations:
  Objective    (*fn, *ofg):      11 (4, 7)
  Gradient     (*ofg):            5
  Constraints  (cfn, ccfsg):     37 (4, 33)
  Jacobian     (ccfsg):           7
  Hessian prod (*hprod):          1

Normal iterations = 2
Average number of normal iterations = 1
Maximum number of normal iterations during one iteration = 2
Iterations with 0  normal iterations = 1
Iterations with 1  normal iteration  = 0
Iterations with 2+ normal iterations = 1
Restorations = 26
Average number of restorations per normal iteration = 13
**********************************************************
Done
Setup time: 0
Execution time: 0.003333
