sifdecoder -A pc64.lnx.gfo  CHACONN2

 Problem name: CHACONN2

 Double precision version will be formed

 The objective function uses 1 linear group
 
 There are 3 nonlinear inequality constraints
 
 There are 3 free variables
 
 
 File successfully decoded
/home/abel/documentos/dcicpp-newrun/output-dcicpp-fast-2016-11-24--16:31
No tools
make: *** No rule to make target 'dcicpp'.  Stop.
Starting
Solving
Showing
**********************************************************
Problem name: CHACONN2

Number of Variables: 3
Number of Constraints: 3
             Equality: 0
           has_inequality: 3

EXIT: The Algorithm has Converged
f(x) = 2
|c(x)| = 2.3216e-09
|g(x) + J(x)'*y| = 8.03085e-15
|J(x)'c(x)| = 0.000463622
y offset = 0
Number of Iterations = 7
Elapsed Time = 0.000740528 s

Function evaluations:
  Objective    (*fn, *ofg):      29 (11, 18)
  Gradient     (*ofg):           11
  Constraints  (cfn, ccfsg):     85 (11, 74)
  Jacobian     (ccfsg):          16
  Hessian prod (*hprod):          6

Normal iterations = 8
Average number of normal iterations = 1.14286
Maximum number of normal iterations during one iteration = 2
Iterations with 0  normal iterations = 1
Iterations with 1  normal iteration  = 4
Iterations with 2+ normal iterations = 2
Restorations = 58
Average number of restorations per normal iteration = 7
**********************************************************
Done
Setup time: 0
Execution time: 0.003333
