sifdecoder -A pc64.lnx.gfo  DALLASS

 Problem name: DALLASS

 Double precision version will be formed

 The objective function uses 1 nonlinear group
 
 There are 31 linear equality constraints
 
 There are 46 variables bounded from below and above 
 
 
 File successfully decoded
/home/abel/documentos/dcicpp-newrun/output-dcicpp-fast-2016-11-24--16:31
No tools
make: *** No rule to make target 'dcicpp'.  Stop.
NOPE preprocessing removed 2 variables
NOPE preprocessing removed 2 contraints
Starting
Solving
diagonal below threshold
Status = 2
File   = ../Core/cholmod_common.c
Line   = 707
diagonal below threshold
Status = 2
File   = ../Core/cholmod_common.c
Line   = 719
Showing
**********************************************************
Problem name: DALLASS 

Number of Variables: 44
Number of Constraints: 29
             Equality: 29
           has_inequality: 0

EXIT: The Algorithm has Converged
Cholesky failed
f(x) = -30697.6
|c(x)| = 9.91208e-07
|g(x) + J(x)'*y| = 2.02526e-07
|J(x)'c(x)| = 9.633e-07
y offset = 0
Number of Iterations = 40
Elapsed Time = 0.019371 s

Function evaluations:
  Objective    (*fn, *ofg):     199 (116, 83)
  Gradient     (*ofg):           43
  Constraints  (cfn, ccfsg):    574 (116, 458)
  Jacobian     (ccfsg):          96
  Hessian prod (*hprod):        386

Normal iterations = 9
Average number of normal iterations = 0.225
Maximum number of normal iterations during one iteration = 1
Iterations with 0  normal iterations = 31
Iterations with 1  normal iteration  = 9
Iterations with 2+ normal iterations = 0
Restorations = 362
Average number of restorations per normal iteration = 40
**********************************************************
Done
Setup time: 0.003333
Execution time: 0.076666
