sifdecoder -A pc64.lnx.gfo  DECONVNE

 Problem name: DECONVNE

 Double precision version will be formed

 
 There are 40 nonlinear equality constraints
 
 There are 51 free variables
 There are 12 fixed variables
 
 
 File successfully decoded
/home/abel/documentos/dcicpp-newrun/output-dcicpp-fast-2016-11-24--16:31
No tools
make: *** No rule to make target 'dcicpp'.  Stop.
NOPE preprocessing removed 12 variables
Starting
Solving
Showing
**********************************************************
Problem name: DECONVNE

Number of Variables: 51
Number of Constraints: 40
             Equality: 40
           has_inequality: 0

EXIT: The Algorithm has Converged
f(x) = 0
|c(x)| = 4.39703e-10
|g(x) + J(x)'*y| = 0
|J(x)'c(x)| = 53.1389
y offset = 0
Number of Iterations = 1
Elapsed Time = 0.000601292 s

Function evaluations:
  Objective    (*fn, *ofg):       7 (3, 4)
  Gradient     (*ofg):            3
  Constraints  (cfn, ccfsg):      6 (3, 3)
  Jacobian     (ccfsg):           2
  Hessian prod (*hprod):          0

Normal iterations = 1
Average number of normal iterations = 1
Maximum number of normal iterations during one iteration = 1
Iterations with 0  normal iterations = 0
Iterations with 1  normal iteration  = 1
Iterations with 2+ normal iterations = 0
Restorations = 1
Average number of restorations per normal iteration = 1
**********************************************************
Done
Setup time: 0.003333
Execution time: -1.13249e-12
