sifdecoder -A pc64.lnx.gfo  DECONVC

 Problem name: DECONVC

 Double precision version will be formed

 The objective function uses 40 nonlinear groups
 
 There is 1 nonlinear equality constraint
 
 There are 51 variables bounded only from below 
 There are 12 fixed variables
 
 
 File successfully decoded
/home/abel/documentos/dcicpp-newrun/output-dcicpp-fast-2016-11-24--16:31
No tools
make: *** No rule to make target 'dcicpp'.  Stop.
NOPE preprocessing removed 12 variables
Starting
Solving
Showing
**********************************************************
Problem name: DECONVC 

Number of Variables: 51
Number of Constraints: 1
             Equality: 1
           has_inequality: 0

EXIT: The Algorithm has Converged
f(x) = 0.00229076
|c(x)| = 9.7555e-07
|g(x) + J(x)'*y| = 9.18991e-08
|J(x)'c(x)| = 0.000761107
y offset = 0
Number of Iterations = 16
Elapsed Time = 0.010438 s

Function evaluations:
  Objective    (*fn, *ofg):     114 (80, 34)
  Gradient     (*ofg):           18
  Constraints  (cfn, ccfsg):    135 (80, 55)
  Jacobian     (ccfsg):          20
  Hessian prod (*hprod):        297

Normal iterations = 8
Average number of normal iterations = 0.5
Maximum number of normal iterations during one iteration = 1
Iterations with 0  normal iterations = 8
Iterations with 1  normal iteration  = 8
Iterations with 2+ normal iterations = 0
Restorations = 35
Average number of restorations per normal iteration = 4
**********************************************************
Done
Setup time: 0.003333
Execution time: 0.039999
