sifdecoder -A pc64.lnx.gfo  DEGENLPB

 Problem name: DEGENLPB

 Double precision version will be formed

 The objective function uses 1 linear group
 
 There are 15 linear equality constraints
 
 There are 20 variables bounded from below and above 
 
 
 File successfully decoded
/home/abel/documentos/dcicpp-newrun/output-dcicpp-fast-2016-11-24--16:31
No tools
make: *** No rule to make target 'dcicpp'.  Stop.
Starting
Solving
diagonal below threshold
Status = 2
File   = ../Core/cholmod_common.c
Line   = 719
Showing
**********************************************************
Problem name: DEGENLPB

Number of Variables: 20
Number of Constraints: 15
             Equality: 15
           has_inequality: 0

EXIT: rhomax became too short
Cholesky failed
f(x) = -30.7305
|c(x)| = 1.06259e-07
|g(x) + J(x)'*y| = 1.05146e-06
|J(x)'c(x)| = 1.14682e-07
y offset = 0
Number of Iterations = 113
Elapsed Time = 0.0463471 s

Function evaluations:
  Objective    (*fn, *ofg):    5545 (5317, 228)
  Gradient     (*ofg):          115
  Constraints  (cfn, ccfsg):   5770 (5317, 453)
  Jacobian     (ccfsg):         223
  Hessian prod (*hprod):       5289

Normal iterations = 3
Average number of normal iterations = 0.0265487
Maximum number of normal iterations during one iteration = 1
Iterations with 0  normal iterations = 110
Iterations with 1  normal iteration  = 3
Iterations with 2+ normal iterations = 0
Restorations = 230
Average number of restorations per normal iteration = 76
**********************************************************
Done
Setup time: 0.003333
Execution time: 0.183332
