sifdecoder -A pc64.lnx.gfo  DIXMAANA

 Problem name: DIXMAANA

 Double precision version will be formed

 The objective function uses 4 nonlinear groups
 
 There are 3000 free variables
 
 
 File successfully decoded
/home/abel/documentos/dcicpp-newrun/output-dcicpp-fast-2016-11-24--16:31
No tools
make: *** No rule to make target 'dcicpp'.  Stop.
Starting
Solving
Showing
**********************************************************
Problem name: DIXMAANA

Number of Variables: 3000
Number of Constraints: 0
             Equality: 0
           has_inequality: 0

EXIT: The Algorithm has Converged
f(x) = 1
|c(x)| = 0
|g(x) + J(x)'*y| = 4.5657e-08
|J(x)'c(x)| = 6.95259e-310
y offset = 0
Number of Iterations = 7
Elapsed Time = 0.0216141 s

Function evaluations:
  Objective    (*fn, *ofg):      30 (15, 15)
  Gradient     (*ofg):            8
  Constraints  (cfn, ccfsg):      0 (0, 0)
  Jacobian     (ccfsg):           0
  Hessian prod (*hprod):         29

Normal iterations = 0
Average number of normal iterations = 0
Maximum number of normal iterations during one iteration = 0
Iterations with 0  normal iterations = 7
Iterations with 1  normal iteration  = 0
Iterations with 2+ normal iterations = 0
Restorations = 0
Average number of restorations per normal iteration = NA
**********************************************************
Done
Setup time: 0.049999
Execution time: 0.090001
