sifdecoder -A pc64.lnx.gfo  DIXMAANC

 Problem name: DIXMAANC

 Double precision version will be formed

 The objective function uses 4 nonlinear groups
 
 There are 3000 free variables
 
 
 File successfully decoded
/home/abel/documentos/dcicpp-newrun/output-dcicpp-fast-2016-11-24--16:31
No tools
make: *** No rule to make target 'dcicpp'.  Stop.
Starting
Solving
Showing
**********************************************************
Problem name: DIXMAANC

Number of Variables: 3000
Number of Constraints: 0
             Equality: 0
           has_inequality: 0

EXIT: The Algorithm has Converged
f(x) = 1.00001
|c(x)| = 0
|g(x) + J(x)'*y| = 5.7961e-08
|J(x)'c(x)| = 6.95328e-310
y offset = 0
Number of Iterations = 8
Elapsed Time = 0.038343 s

Function evaluations:
  Objective    (*fn, *ofg):      32 (15, 17)
  Gradient     (*ofg):            9
  Constraints  (cfn, ccfsg):      0 (0, 0)
  Jacobian     (ccfsg):           0
  Hessian prod (*hprod):         62

Normal iterations = 0
Average number of normal iterations = 0
Maximum number of normal iterations during one iteration = 0
Iterations with 0  normal iterations = 8
Iterations with 1  normal iteration  = 0
Iterations with 2+ normal iterations = 0
Restorations = 0
Average number of restorations per normal iteration = NA
**********************************************************
Done
Setup time: 0.053333
Execution time: 0.15
