sifdecoder -A pc64.lnx.gfo  EIGMINC

 Problem name: EIGMINC

 Double precision version will be formed

 The objective function uses 1 linear group
 
 There are 202 nonlinear equality constraints
 
 There are 202 variables bounded from below and above 
 
 
 File successfully decoded
/home/abel/documentos/dcicpp-newrun/output-dcicpp-fast-2016-11-24--16:31
No tools
make: *** No rule to make target 'dcicpp'.  Stop.
Starting
Solving
Showing
**********************************************************
Problem name: EIGMINC 

Number of Variables: 202
Number of Constraints: 202
             Equality: 202
           has_inequality: 0

EXIT: The Algorithm has Converged
f(x) = 1
|c(x)| = 2.02801e-07
|g(x) + J(x)'*y| = 5.66054e-10
|J(x)'c(x)| = 0.00182732
y offset = 0
Number of Iterations = 1
Elapsed Time = 0.0127914 s

Function evaluations:
  Objective    (*fn, *ofg):       9 (3, 6)
  Gradient     (*ofg):            5
  Constraints  (cfn, ccfsg):     31 (3, 28)
  Jacobian     (ccfsg):           6
  Hessian prod (*hprod):          0

Normal iterations = 2
Average number of normal iterations = 2
Maximum number of normal iterations during one iteration = 2
Iterations with 0  normal iterations = 0
Iterations with 1  normal iteration  = 0
Iterations with 2+ normal iterations = 1
Restorations = 22
Average number of restorations per normal iteration = 11
**********************************************************
Done
Setup time: 0.003333
Execution time: 0.053332
