sifdecoder -A pc64.lnx.gfo  GIGOMEZ2

 Problem name: GIGOMEZ2

 Double precision version will be formed

 The objective function uses 1 linear group
 
 There are 3 nonlinear inequality constraints
 
 There are 3 free variables
 
 
 File successfully decoded
/home/abel/documentos/dcicpp-newrun/output-dcicpp-fast-2016-11-24--16:31
No tools
make: *** No rule to make target 'dcicpp'.  Stop.
Starting
Solving
Showing
**********************************************************
Problem name: GIGOMEZ2

Number of Variables: 3
Number of Constraints: 3
             Equality: 0
           has_inequality: 3

EXIT: The Algorithm has Converged
f(x) = 1.95222
|c(x)| = 3.07631e-07
|g(x) + J(x)'*y| = 1.45148e-08
|J(x)'c(x)| = 3.5573e-06
y offset = 3.78342e-08
Number of Iterations = 8
Elapsed Time = 0.000562668 s

Function evaluations:
  Objective    (*fn, *ofg):      31 (10, 21)
  Gradient     (*ofg):           13
  Constraints  (cfn, ccfsg):     67 (10, 57)
  Jacobian     (ccfsg):          15
  Hessian prod (*hprod):         11

Normal iterations = 7
Average number of normal iterations = 0.875
Maximum number of normal iterations during one iteration = 3
Iterations with 0  normal iterations = 3
Iterations with 1  normal iteration  = 4
Iterations with 2+ normal iterations = 1
Restorations = 42
Average number of restorations per normal iteration = 6
**********************************************************
Done
Setup time: 0.003333
Execution time: -5.66244e-13
