sifdecoder -A pc64.lnx.gfo  HALDMADS

 Problem name: HALDMADS

 Double precision version will be formed

 The objective function uses 1 linear group
 
 There are 42 nonlinear inequality constraints
 
 There are 6 free variables
 
 
 File successfully decoded
/home/abel/documentos/dcicpp-newrun/output-dcicpp-fast-2016-11-24--16:31
No tools
make: *** No rule to make target 'dcicpp'.  Stop.
Starting
Solving
Showing
**********************************************************
Problem name: HALDMADS

Number of Variables: 6
Number of Constraints: 42
             Equality: 0
           has_inequality: 42

EXIT: The Algorithm has Converged
f(x) = 0.0347985
|c(x)| = 5.56089e-12
|g(x) + J(x)'*y| = 6.4885e-07
|J(x)'c(x)| = 5.59199e-12
y offset = 1.74047e-07
Number of Iterations = 45
Elapsed Time = 0.0346427 s

Function evaluations:
  Objective    (*fn, *ofg):     322 (224, 98)
  Gradient     (*ofg):           53
  Constraints  (cfn, ccfsg):   1334 (224, 1110)
  Jacobian     (ccfsg):         230
  Hessian prod (*hprod):        176

Normal iterations = 39
Average number of normal iterations = 0.866667
Maximum number of normal iterations during one iteration = 1
Iterations with 0  normal iterations = 6
Iterations with 1  normal iteration  = 39
Iterations with 2+ normal iterations = 0
Restorations = 881
Average number of restorations per normal iteration = 22
**********************************************************
Done
Setup time: 0
Execution time: 0.136666
