sifdecoder -A pc64.lnx.gfo  HELSBY

 Problem name: HELSBY

 Double precision version will be formed

 The objective function uses 1 linear group
 
 There are 658 linear equality constraints
 There are 741 nonlinear equality constraints
 
 There are 741 free variables
 There are 649 variables bounded only from below 
 There are 18 variables bounded from below and above 
 
 
 File successfully decoded
/home/abel/documentos/dcicpp-newrun/output-dcicpp-fast-2016-11-24--16:31
No tools
make: *** No rule to make target 'dcicpp'.  Stop.
NOPE preprocessing removed 278 variables
NOPE preprocessing removed 278 contraints
Starting
Solving
Showing
**********************************************************
Problem name: HELSBY  

Number of Variables: 1130
Number of Constraints: 1121
             Equality: 1121
           has_inequality: 0

EXIT: The Algorithm has Converged
f(x) = 57.6519
|c(x)| = 1.10795e-12
|g(x) + J(x)'*y| = 5.21742e-07
|J(x)'c(x)| = 0.00225111
y offset = 0
Number of Iterations = 1
Elapsed Time = 0.114967 s

Function evaluations:
  Objective    (*fn, *ofg):       9 (5, 4)
  Gradient     (*ofg):            3
  Constraints  (cfn, ccfsg):     66 (5, 61)
  Jacobian     (ccfsg):          17
  Hessian prod (*hprod):          0

Normal iterations = 1
Average number of normal iterations = 1
Maximum number of normal iterations during one iteration = 1
Iterations with 0  normal iterations = 0
Iterations with 1  normal iteration  = 1
Iterations with 2+ normal iterations = 0
Restorations = 44
Average number of restorations per normal iteration = 44
**********************************************************
Done
Setup time: 0.026666
Execution time: 0.32
