sifdecoder -A pc64.lnx.gfo  HS107

 Problem name: HS107

 Double precision version will be formed

 The objective function uses 1 nonlinear group
 
 There are 6 nonlinear equality constraints
 
 There are 4 free variables
 There are 2 variables bounded only from below 
 There are 3 variables bounded from below and above 
 
 
 File successfully decoded
/home/abel/documentos/dcicpp-newrun/output-dcicpp-fast-2016-11-24--16:31
No tools
make: *** No rule to make target 'dcicpp'.  Stop.
Starting
Solving
Showing
**********************************************************
Problem name: HS107   

Number of Variables: 9
Number of Constraints: 6
             Equality: 6
           has_inequality: 0

EXIT: The Algorithm has Converged
f(x) = 5055.01
|c(x)| = 8.3786e-07
|g(x) + J(x)'*y| = 7.98126e-07
|J(x)'c(x)| = 2.28131e-06
y offset = 0
Number of Iterations = 18
Elapsed Time = 0.00352931 s

Function evaluations:
  Objective    (*fn, *ofg):      75 (26, 49)
  Gradient     (*ofg):           31
  Constraints  (cfn, ccfsg):    516 (26, 490)
  Jacobian     (ccfsg):          91
  Hessian prod (*hprod):         41

Normal iterations = 18
Average number of normal iterations = 1
Maximum number of normal iterations during one iteration = 2
Iterations with 0  normal iterations = 5
Iterations with 1  normal iteration  = 8
Iterations with 2+ normal iterations = 5
Restorations = 399
Average number of restorations per normal iteration = 22
**********************************************************
Done
Setup time: 0.003333
Execution time: 0.013332
