sifdecoder -A pc64.lnx.gfo  HS117

 Problem name: HS117

 Double precision version will be formed

 The objective function uses 1 nonlinear group
 
 There are 5 nonlinear inequality constraints
 
 There are 15 variables bounded only from below 
 
 
 File successfully decoded
/home/abel/documentos/dcicpp-newrun/output-dcicpp-fast-2016-11-24--16:31
No tools
make: *** No rule to make target 'dcicpp'.  Stop.
Starting
Solving
Showing
**********************************************************
Problem name: HS117   

Number of Variables: 15
Number of Constraints: 5
             Equality: 0
           has_inequality: 5

EXIT: The Algorithm has Converged
f(x) = 35.3398
|c(x)| = 3.56473e-07
|g(x) + J(x)'*y| = 2.72488e-07
|J(x)'c(x)| = 0
y offset = 0
Number of Iterations = 106
Elapsed Time = 0.0115528 s

Function evaluations:
  Objective    (*fn, *ofg):     708 (480, 228)
  Gradient     (*ofg):          122
  Constraints  (cfn, ccfsg):   1435 (480, 955)
  Jacobian     (ccfsg):         252
  Hessian prod (*hprod):        395

Normal iterations = 68
Average number of normal iterations = 0.641509
Maximum number of normal iterations during one iteration = 2
Iterations with 0  normal iterations = 39
Iterations with 1  normal iteration  = 66
Iterations with 2+ normal iterations = 1
Restorations = 706
Average number of restorations per normal iteration = 10
**********************************************************
Done
Setup time: 0
Execution time: 0.046665
