sifdecoder -A pc64.lnx.gfo  HS21MOD

 Problem name: HS21MOD

 Double precision version will be formed

 The objective function uses 1 nonlinear group
 
 There is 1 linear inequality constraint
 
 There is 1 free variable 
 There are 2 variables bounded only from above 
 There are 2 variables bounded only from below 
 There are 2 variables bounded from below and above 
 
 
 File successfully decoded
/home/abel/documentos/dcicpp-newrun/output-dcicpp-fast-2016-11-24--16:31
No tools
make: *** No rule to make target 'dcicpp'.  Stop.
Starting
Solving
Showing
**********************************************************
Problem name: HS21MOD 

Number of Variables: 7
Number of Constraints: 1
             Equality: 0
           has_inequality: 1

EXIT: The Algorithm has Converged
f(x) = -95.96
|c(x)| = 1.98064e-12
|g(x) + J(x)'*y| = 3.24794e-08
|J(x)'c(x)| = 6.95313e-310
y offset = 0
Number of Iterations = 5
Elapsed Time = 0.000304461 s

Function evaluations:
  Objective    (*fn, *ofg):      18 (7, 11)
  Gradient     (*ofg):            6
  Constraints  (cfn, ccfsg):     12 (7, 5)
  Jacobian     (ccfsg):           5
  Hessian prod (*hprod):         11

Normal iterations = 0
Average number of normal iterations = 0
Maximum number of normal iterations during one iteration = 0
Iterations with 0  normal iterations = 5
Iterations with 1  normal iteration  = 0
Iterations with 2+ normal iterations = 0
Restorations = 0
Average number of restorations per normal iteration = NA
**********************************************************
Done
Setup time: 0.003333
Execution time: -5.66244e-13
