sifdecoder -A pc64.lnx.gfo  HS22

 Problem name: HS22

 Double precision version will be formed

 The objective function uses 1 nonlinear group
 
 There is 1 linear inequality constraint
 There is 1 nonlinear inequality constraint
 
 There are 2 free variables
 
 
 File successfully decoded
/home/abel/documentos/dcicpp-newrun/output-dcicpp-fast-2016-11-24--16:31
No tools
make: *** No rule to make target 'dcicpp'.  Stop.
Starting
Solving
Showing
**********************************************************
Problem name: HS22    

Number of Variables: 2
Number of Constraints: 2
             Equality: 0
           has_inequality: 2

EXIT: The Algorithm has Converged
f(x) = 1
|c(x)| = 5.72897e-11
|g(x) + J(x)'*y| = 6.43864e-11
|J(x)'c(x)| = 3.0485e-05
y offset = 0
Number of Iterations = 10
Elapsed Time = 0.000398636 s

Function evaluations:
  Objective    (*fn, *ofg):      39 (16, 23)
  Gradient     (*ofg):           13
  Constraints  (cfn, ccfsg):     38 (16, 22)
  Jacobian     (ccfsg):          11
  Hessian prod (*hprod):         14

Normal iterations = 4
Average number of normal iterations = 0.4
Maximum number of normal iterations during one iteration = 1
Iterations with 0  normal iterations = 6
Iterations with 1  normal iteration  = 4
Iterations with 2+ normal iterations = 0
Restorations = 11
Average number of restorations per normal iteration = 2
**********************************************************
Done
Setup time: 0
Execution time: -5.66244e-13
