sifdecoder -A pc64.lnx.gfo  HS26

 Problem name: HS26

 Double precision version will be formed

 The objective function uses 1 nonlinear group
 
 There is 1 nonlinear equality constraint
 
 There are 3 free variables
 
 
 File successfully decoded
/home/abel/documentos/dcicpp-newrun/output-dcicpp-fast-2016-11-24--16:31
No tools
make: *** No rule to make target 'dcicpp'.  Stop.
Starting
Solving
Showing
**********************************************************
Problem name: HS26    

Number of Variables: 3
Number of Constraints: 1
             Equality: 1
           has_inequality: 0

EXIT: The Algorithm has Converged
f(x) = 5.11716e-08
|c(x)| = 7.28336e-07
|g(x) + J(x)'*y| = 8.60644e-07
|J(x)'c(x)| = 1.24401e-05
y offset = 0
Number of Iterations = 13
Elapsed Time = 0.000588417 s

Function evaluations:
  Objective    (*fn, *ofg):      86 (57, 29)
  Gradient     (*ofg):           16
  Constraints  (cfn, ccfsg):     86 (57, 29)
  Jacobian     (ccfsg):          16
  Hessian prod (*hprod):         96

Normal iterations = 8
Average number of normal iterations = 0.615385
Maximum number of normal iterations during one iteration = 1
Iterations with 0  normal iterations = 5
Iterations with 1  normal iteration  = 8
Iterations with 2+ normal iterations = 0
Restorations = 13
Average number of restorations per normal iteration = 1
**********************************************************
Done
Setup time: 0
Execution time: 0.003333
