sifdecoder -A pc64.lnx.gfo  HS39

 Problem name: HS39

 Double precision version will be formed

 The objective function uses 1 linear group
 
 There are 2 nonlinear equality constraints
 
 There are 4 free variables
 
 
 File successfully decoded
/home/abel/documentos/dcicpp-newrun/output-dcicpp-fast-2016-11-24--16:31
No tools
make: *** No rule to make target 'dcicpp'.  Stop.
Starting
Solving
Showing
**********************************************************
Problem name: HS39    

Number of Variables: 4
Number of Constraints: 2
             Equality: 2
           has_inequality: 0

EXIT: The Algorithm has Converged
f(x) = -1
|c(x)| = 3.20237e-08
|g(x) + J(x)'*y| = 9.8386e-08
|J(x)'c(x)| = 0.000587383
y offset = 0
Number of Iterations = 9
Elapsed Time = 0.000542402 s

Function evaluations:
  Objective    (*fn, *ofg):      71 (48, 23)
  Gradient     (*ofg):           14
  Constraints  (cfn, ccfsg):     79 (48, 31)
  Jacobian     (ccfsg):          15
  Hessian prod (*hprod):         85

Normal iterations = 9
Average number of normal iterations = 1
Maximum number of normal iterations during one iteration = 1
Iterations with 0  normal iterations = 0
Iterations with 1  normal iteration  = 9
Iterations with 2+ normal iterations = 0
Restorations = 16
Average number of restorations per normal iteration = 1
**********************************************************
Done
Setup time: 0
Execution time: 0.003333
