sifdecoder -A pc64.lnx.gfo  HS53

 Problem name: HS53

 Double precision version will be formed

 The objective function uses 1 nonlinear group
 
 There are 3 linear equality constraints
 
 There are 5 variables bounded from below and above 
 
 
 File successfully decoded
/home/abel/documentos/dcicpp-newrun/output-dcicpp-fast-2016-11-24--16:31
No tools
make: *** No rule to make target 'dcicpp'.  Stop.
Starting
Solving
Showing
**********************************************************
Problem name: HS53    

Number of Variables: 5
Number of Constraints: 3
             Equality: 3
           has_inequality: 0

EXIT: The Algorithm has Converged
f(x) = 4.09302
|c(x)| = 3.37661e-16
|g(x) + J(x)'*y| = 1.69922e-15
|J(x)'c(x)| = 0.331541
y offset = 0
Number of Iterations = 6
Elapsed Time = 0.000426769 s

Function evaluations:
  Objective    (*fn, *ofg):      24 (8, 16)
  Gradient     (*ofg):           10
  Constraints  (cfn, ccfsg):     37 (8, 29)
  Jacobian     (ccfsg):          10
  Hessian prod (*hprod):         10

Normal iterations = 3
Average number of normal iterations = 0.5
Maximum number of normal iterations during one iteration = 1
Iterations with 0  normal iterations = 3
Iterations with 1  normal iteration  = 3
Iterations with 2+ normal iterations = 0
Restorations = 19
Average number of restorations per normal iteration = 6
**********************************************************
Done
Setup time: 0.003333
Execution time: -5.66244e-13
