sifdecoder -A pc64.lnx.gfo  HS59

 Problem name: HS59

 Double precision version will be formed

 The objective function uses 1 nonlinear group
 
 There are 3 nonlinear inequality constraints
 
 There are 2 variables bounded from below and above 
 
 
 File successfully decoded
/home/abel/documentos/dcicpp-newrun/output-dcicpp-fast-2016-11-24--16:31
No tools
make: *** No rule to make target 'dcicpp'.  Stop.
Starting
Solving
Showing
**********************************************************
Problem name: HS59    

Number of Variables: 2
Number of Constraints: 3
             Equality: 0
           has_inequality: 3

EXIT: The Algorithm has Converged
f(x) = 30.1292
|c(x)| = 6.55286e-10
|g(x) + J(x)'*y| = 6.42389e-08
|J(x)'c(x)| = 8.03777e-10
y offset = 0.001
Number of Iterations = 2
Elapsed Time = 0.000790358 s

Function evaluations:
  Objective    (*fn, *ofg):      19 (13, 6)
  Gradient     (*ofg):            4
  Constraints  (cfn, ccfsg):    138 (13, 125)
  Jacobian     (ccfsg):          40
  Hessian prod (*hprod):          1

Normal iterations = 2
Average number of normal iterations = 1
Maximum number of normal iterations during one iteration = 1
Iterations with 0  normal iterations = 0
Iterations with 1  normal iteration  = 2
Iterations with 2+ normal iterations = 0
Restorations = 85
Average number of restorations per normal iteration = 42
**********************************************************
Done
Setup time: 0
Execution time: 0.006666
