sifdecoder -A pc64.lnx.gfo  HS66

 Problem name: HS66

 Double precision version will be formed

 The objective function uses 1 linear group
 
 There are 2 nonlinear inequality constraints
 
 There are 3 variables bounded from below and above 
 
 
 File successfully decoded
/home/abel/documentos/dcicpp-newrun/output-dcicpp-fast-2016-11-24--16:31
No tools
make: *** No rule to make target 'dcicpp'.  Stop.
Starting
Solving
Showing
**********************************************************
Problem name: HS66    

Number of Variables: 3
Number of Constraints: 2
             Equality: 0
           has_inequality: 2

EXIT: The Algorithm has Converged
f(x) = 0.518163
|c(x)| = 8.97993e-07
|g(x) + J(x)'*y| = 3.23076e-08
|J(x)'c(x)| = 8.86796e-06
y offset = 0
Number of Iterations = 11
Elapsed Time = 0.000667095 s

Function evaluations:
  Objective    (*fn, *ofg):      43 (17, 26)
  Gradient     (*ofg):           15
  Constraints  (cfn, ccfsg):    102 (17, 85)
  Jacobian     (ccfsg):          20
  Hessian prod (*hprod):         11

Normal iterations = 6
Average number of normal iterations = 0.545455
Maximum number of normal iterations during one iteration = 2
Iterations with 0  normal iterations = 6
Iterations with 1  normal iteration  = 4
Iterations with 2+ normal iterations = 1
Restorations = 65
Average number of restorations per normal iteration = 10
**********************************************************
Done
Setup time: 0
Execution time: 0.003333
