sifdecoder -A pc64.lnx.gfo  HS71

 Problem name: HS71

 Double precision version will be formed

 The objective function uses 1 nonlinear group
 
 There is 1 nonlinear equality constraint
 There is 1 nonlinear inequality constraint
 
 There are 4 variables bounded from below and above 
 
 
 File successfully decoded
/home/abel/documentos/dcicpp-newrun/output-dcicpp-fast-2016-11-24--16:31
No tools
make: *** No rule to make target 'dcicpp'.  Stop.
Starting
Solving
Showing
**********************************************************
Problem name: HS71    

Number of Variables: 4
Number of Constraints: 2
             Equality: 1
           has_inequality: 1

EXIT: The Algorithm has Converged
f(x) = 17.014
|c(x)| = 9.7952e-07
|g(x) + J(x)'*y| = 5.8897e-07
|J(x)'c(x)| = 9.70831e-06
y offset = 0
Number of Iterations = 15
Elapsed Time = 0.00115871 s

Function evaluations:
  Objective    (*fn, *ofg):      59 (26, 33)
  Gradient     (*ofg):           18
  Constraints  (cfn, ccfsg):    223 (26, 197)
  Jacobian     (ccfsg):          47
  Hessian prod (*hprod):         17

Normal iterations = 8
Average number of normal iterations = 0.533333
Maximum number of normal iterations during one iteration = 1
Iterations with 0  normal iterations = 7
Iterations with 1  normal iteration  = 8
Iterations with 2+ normal iterations = 0
Restorations = 150
Average number of restorations per normal iteration = 18
**********************************************************
Done
Setup time: 0
Execution time: 0.003333
