sifdecoder -A pc64.lnx.gfo  HS76

 Problem name: HS76

 Double precision version will be formed

 The objective function uses 1 nonlinear group
 
 There are 3 linear inequality constraints
 
 There are 4 variables bounded only from below 
 
 
 File successfully decoded
/home/abel/documentos/dcicpp-newrun/output-dcicpp-fast-2016-11-24--16:31
No tools
make: *** No rule to make target 'dcicpp'.  Stop.
Starting
Solving
Showing
**********************************************************
Problem name: HS76    

Number of Variables: 4
Number of Constraints: 3
             Equality: 0
           has_inequality: 3

EXIT: The Algorithm has Converged
f(x) = -4.68182
|c(x)| = 1.34499e-14
|g(x) + J(x)'*y| = 2.29656e-07
|J(x)'c(x)| = 6.95265e-310
y offset = 0
Number of Iterations = 5
Elapsed Time = 0.000315905 s

Function evaluations:
  Objective    (*fn, *ofg):      18 (7, 11)
  Gradient     (*ofg):            6
  Constraints  (cfn, ccfsg):     12 (7, 5)
  Jacobian     (ccfsg):           5
  Hessian prod (*hprod):          8

Normal iterations = 0
Average number of normal iterations = 0
Maximum number of normal iterations during one iteration = 0
Iterations with 0  normal iterations = 5
Iterations with 1  normal iteration  = 0
Iterations with 2+ normal iterations = 0
Restorations = 0
Average number of restorations per normal iteration = NA
**********************************************************
Done
Setup time: 0
Execution time: -5.66244e-13
