sifdecoder -A pc64.lnx.gfo  HS77

 Problem name: HS77

 Double precision version will be formed

 The objective function uses 5 nonlinear groups
 
 There are 2 nonlinear equality constraints
 
 There are 5 free variables
 
 
 File successfully decoded
/home/abel/documentos/dcicpp-newrun/output-dcicpp-fast-2016-11-24--16:31
No tools
make: *** No rule to make target 'dcicpp'.  Stop.
Starting
Solving
Showing
**********************************************************
Problem name: HS77    

Number of Variables: 5
Number of Constraints: 2
             Equality: 2
           has_inequality: 0

EXIT: The Algorithm has Converged
f(x) = 0.241505
|c(x)| = 6.9456e-13
|g(x) + J(x)'*y| = 1.16839e-08
|J(x)'c(x)| = 9.91143e-05
y offset = 0
Number of Iterations = 12
Elapsed Time = 0.000511408 s

Function evaluations:
  Objective    (*fn, *ofg):      47 (16, 31)
  Gradient     (*ofg):           19
  Constraints  (cfn, ccfsg):     40 (16, 24)
  Jacobian     (ccfsg):          18
  Hessian prod (*hprod):         32

Normal iterations = 6
Average number of normal iterations = 0.5
Maximum number of normal iterations during one iteration = 1
Iterations with 0  normal iterations = 6
Iterations with 1  normal iteration  = 6
Iterations with 2+ normal iterations = 0
Restorations = 6
Average number of restorations per normal iteration = 1
**********************************************************
Done
Setup time: 0
Execution time: -5.66244e-13
