sifdecoder -A pc64.lnx.gfo  HS79

 Problem name: HS79

 Double precision version will be formed

 The objective function uses 1 nonlinear group
 
 There are 3 nonlinear equality constraints
 
 There are 5 free variables
 
 
 File successfully decoded
/home/abel/documentos/dcicpp-newrun/output-dcicpp-fast-2016-11-24--16:31
No tools
make: *** No rule to make target 'dcicpp'.  Stop.
Starting
Solving
Showing
**********************************************************
Problem name: HS79    

Number of Variables: 5
Number of Constraints: 3
             Equality: 3
           has_inequality: 0

EXIT: The Algorithm has Converged
f(x) = 0.0787768
|c(x)| = 1.02519e-08
|g(x) + J(x)'*y| = 1.86795e-10
|J(x)'c(x)| = 0.00295378
y offset = 0
Number of Iterations = 8
Elapsed Time = 0.000379324 s

Function evaluations:
  Objective    (*fn, *ofg):      31 (10, 21)
  Gradient     (*ofg):           13
  Constraints  (cfn, ccfsg):     26 (10, 16)
  Jacobian     (ccfsg):          12
  Hessian prod (*hprod):         14

Normal iterations = 4
Average number of normal iterations = 0.5
Maximum number of normal iterations during one iteration = 1
Iterations with 0  normal iterations = 4
Iterations with 1  normal iteration  = 4
Iterations with 2+ normal iterations = 0
Restorations = 4
Average number of restorations per normal iteration = 1
**********************************************************
Done
Setup time: 0.003333
Execution time: -5.66244e-13
