sifdecoder -A pc64.lnx.gfo  HS83

 Problem name: HS83

 Double precision version will be formed

 The objective function uses 1 nonlinear group
 
 There are 3 nonlinear inequality constraints
 
 There are 5 variables bounded from below and above 
 
 
 File successfully decoded
/home/abel/documentos/dcicpp-newrun/output-dcicpp-fast-2016-11-24--16:31
No tools
make: *** No rule to make target 'dcicpp'.  Stop.
Starting
Solving
Showing
**********************************************************
Problem name: HS83    

Number of Variables: 5
Number of Constraints: 3
             Equality: 0
           has_inequality: 3

EXIT: The Algorithm has Converged
f(x) = -30665.5
|c(x)| = 9.9923e-07
|g(x) + J(x)'*y| = 2.07014e-07
|J(x)'c(x)| = 2.13529e-07
y offset = 0.0376458
Number of Iterations = 8
Elapsed Time = 0.00139713 s

Function evaluations:
  Objective    (*fn, *ofg):      30 (12, 18)
  Gradient     (*ofg):           10
  Constraints  (cfn, ccfsg):    244 (12, 232)
  Jacobian     (ccfsg):          40
  Hessian prod (*hprod):          7

Normal iterations = 7
Average number of normal iterations = 0.875
Maximum number of normal iterations during one iteration = 1
Iterations with 0  normal iterations = 1
Iterations with 1  normal iteration  = 7
Iterations with 2+ normal iterations = 0
Restorations = 192
Average number of restorations per normal iteration = 27
**********************************************************
Done
Setup time: 0.003333
Execution time: 0.003333
