sifdecoder -A pc64.lnx.gfo  HS88

 Problem name: HS88

 Double precision version will be formed

 The objective function uses 1 nonlinear group
 
 There is 1 nonlinear inequality constraint
 
 There are 2 free variables
 
 
 File successfully decoded
/home/abel/documentos/dcicpp-newrun/output-dcicpp-fast-2016-11-24--16:31
No tools
make: *** No rule to make target 'dcicpp'.  Stop.
Starting
Solving
Showing
**********************************************************
Problem name: HS88    

Number of Variables: 2
Number of Constraints: 1
             Equality: 0
           has_inequality: 1

EXIT: The Algorithm has Converged
f(x) = 1.3625
|c(x)| = 1.52129e-07
|g(x) + J(x)'*y| = 3.72123e-07
|J(x)'c(x)| = 2.87387e-09
y offset = 0
Number of Iterations = 43
Elapsed Time = 0.0381019 s

Function evaluations:
  Objective    (*fn, *ofg):     158 (58, 100)
  Gradient     (*ofg):           57
  Constraints  (cfn, ccfsg):    432 (58, 374)
  Jacobian     (ccfsg):         112
  Hessian prod (*hprod):         56

Normal iterations = 25
Average number of normal iterations = 0.581395
Maximum number of normal iterations during one iteration = 2
Iterations with 0  normal iterations = 20
Iterations with 1  normal iteration  = 21
Iterations with 2+ normal iterations = 2
Restorations = 262
Average number of restorations per normal iteration = 10
**********************************************************
Done
Setup time: 0
Execution time: 0.146665
