sifdecoder -A pc64.lnx.gfo  HS95

 Problem name: HS95

 Double precision version will be formed

 The objective function uses 1 linear group
 
 There are 4 nonlinear inequality constraints
 
 There are 6 variables bounded from below and above 
 
 
 File successfully decoded
/home/abel/documentos/dcicpp-newrun/output-dcicpp-fast-2016-11-24--16:31
No tools
make: *** No rule to make target 'dcicpp'.  Stop.
Starting
Solving
Showing
**********************************************************
Problem name: HS95    

Number of Variables: 6
Number of Constraints: 4
             Equality: 0
           has_inequality: 4

EXIT: The Algorithm has Converged
f(x) = 0.0156817
|c(x)| = 5.96554e-12
|g(x) + J(x)'*y| = 4.20881e-07
|J(x)'c(x)| = 0
y offset = 6.42769e-14
Number of Iterations = 6
Elapsed Time = 0.000895739 s

Function evaluations:
  Objective    (*fn, *ofg):      28 (14, 14)
  Gradient     (*ofg):            8
  Constraints  (cfn, ccfsg):    127 (14, 113)
  Jacobian     (ccfsg):          33
  Hessian prod (*hprod):          5

Normal iterations = 5
Average number of normal iterations = 0.833333
Maximum number of normal iterations during one iteration = 1
Iterations with 0  normal iterations = 1
Iterations with 1  normal iteration  = 5
Iterations with 2+ normal iterations = 0
Restorations = 83
Average number of restorations per normal iteration = 16
**********************************************************
Done
Setup time: 0
Execution time: 0.003333
