sifdecoder -A pc64.lnx.gfo  HS99

 Problem name: HS99

 Double precision version will be formed

 The objective function uses 1 nonlinear group
 
 There are 2 nonlinear equality constraints
 
 There are 7 variables bounded from below and above 
 
 
 File successfully decoded
/home/abel/documentos/dcicpp-newrun/output-dcicpp-fast-2016-11-24--16:31
No tools
make: *** No rule to make target 'dcicpp'.  Stop.
Starting
Solving
Showing
**********************************************************
Problem name: HS99    

Number of Variables: 7
Number of Constraints: 2
             Equality: 2
           has_inequality: 0

EXIT: The Algorithm has Converged
f(x) = -8.3108e+08
|c(x)| = 2.11559e-07
|g(x) + J(x)'*y| = 8.62351e-13
|J(x)'c(x)| = 2.94782
y offset = 0
Number of Iterations = 4
Elapsed Time = 0.000442028 s

Function evaluations:
  Objective    (*fn, *ofg):      18 (6, 12)
  Gradient     (*ofg):            8
  Constraints  (cfn, ccfsg):     27 (6, 21)
  Jacobian     (ccfsg):          10
  Hessian prod (*hprod):         14

Normal iterations = 3
Average number of normal iterations = 0.75
Maximum number of normal iterations during one iteration = 1
Iterations with 0  normal iterations = 1
Iterations with 1  normal iteration  = 3
Iterations with 2+ normal iterations = 0
Restorations = 11
Average number of restorations per normal iteration = 3
**********************************************************
Done
Setup time: 0.003333
Execution time: -5.66244e-13
