sifdecoder -A pc64.lnx.gfo  LINSPANH

 Problem name: LINSPANH

 Double precision version will be formed

 The objective function uses 1 linear group
 
 There are 33 linear equality constraints
 
 There are 81 variables bounded from below and above 
 There are 16 fixed variables
 
 
 File successfully decoded
/home/abel/documentos/dcicpp-newrun/output-dcicpp-fast-2016-11-24--16:31
No tools
make: *** No rule to make target 'dcicpp'.  Stop.
NOPE preprocessing removed 16 variables
Starting
Solving
diagonal below threshold
Status = 2
File   = ../Core/cholmod_common.c
Line   = 719
Showing
**********************************************************
Problem name: LINSPANH

Number of Variables: 81
Number of Constraints: 33
             Equality: 33
           has_inequality: 0

EXIT: The Algorithm has Converged
Cholesky failed
f(x) = -77
|c(x)| = 9.531e-07
|g(x) + J(x)'*y| = 6.55641e-10
|J(x)'c(x)| = 9.40902e-07
y offset = 0
Number of Iterations = 1
Elapsed Time = 0.114841 s

Function evaluations:
  Objective    (*fn, *ofg):      48 (43, 5)
  Gradient     (*ofg):            4
  Constraints  (cfn, ccfsg):   4710 (43, 4667)
  Jacobian     (ccfsg):        1167
  Hessian prod (*hprod):          0

Normal iterations = 2
Average number of normal iterations = 2
Maximum number of normal iterations during one iteration = 2
Iterations with 0  normal iterations = 0
Iterations with 1  normal iteration  = 0
Iterations with 2+ normal iterations = 1
Restorations = 3500
Average number of restorations per normal iteration = 1750
**********************************************************
Done
Setup time: 0.003333
Execution time: 0.366666
