sifdecoder -A pc64.lnx.gfo  LISWET1

 Problem name: LISWET1

 Double precision version will be formed

 The objective function uses 1 nonlinear group
 
 There are 2000 linear inequality constraints
 
 There are 2002 free variables
 
 
 File successfully decoded
/home/abel/documentos/dcicpp-newrun/output-dcicpp-fast-2016-11-24--16:31
No tools
make: *** No rule to make target 'dcicpp'.  Stop.
Starting
Solving
Showing
**********************************************************
Problem name: LISWET1 

Number of Variables: 2002
Number of Constraints: 2000
             Equality: 0
           has_inequality: 2000

EXIT: The Algorithm has Converged
f(x) = 7.23875
|c(x)| = 4.71381e-07
|g(x) + J(x)'*y| = 1.23044e-07
|J(x)'c(x)| = 1.11462e-06
y offset = 0
Number of Iterations = 10
Elapsed Time = 0.0999372 s

Function evaluations:
  Objective    (*fn, *ofg):      38 (15, 23)
  Gradient     (*ofg):           13
  Constraints  (cfn, ccfsg):    104 (15, 89)
  Jacobian     (ccfsg):          26
  Hessian prod (*hprod):         16

Normal iterations = 4
Average number of normal iterations = 0.4
Maximum number of normal iterations during one iteration = 1
Iterations with 0  normal iterations = 6
Iterations with 1  normal iteration  = 4
Iterations with 2+ normal iterations = 0
Restorations = 63
Average number of restorations per normal iteration = 15
**********************************************************
Done
Setup time: 0.059999
Execution time: 0.306667
