sifdecoder -A pc64.lnx.gfo  MADSEN

 Problem name: MADSEN

 Double precision version will be formed

 The objective function uses 1 linear group
 
 There are 6 nonlinear inequality constraints
 
 There are 3 free variables
 
 
 File successfully decoded
/home/abel/documentos/dcicpp-newrun/output-dcicpp-fast-2016-11-24--16:31
No tools
make: *** No rule to make target 'dcicpp'.  Stop.
Starting
Solving
Showing
**********************************************************
Problem name: MADSEN  

Number of Variables: 3
Number of Constraints: 6
             Equality: 0
           has_inequality: 6

EXIT: The Algorithm has Converged
f(x) = 0.616432
|c(x)| = 9.499e-07
|g(x) + J(x)'*y| = 3.33409e-09
|J(x)'c(x)| = 5.8951e-06
y offset = 6.9737e-09
Number of Iterations = 15
Elapsed Time = 0.001019 s

Function evaluations:
  Objective    (*fn, *ofg):      84 (43, 41)
  Gradient     (*ofg):           26
  Constraints  (cfn, ccfsg):    131 (43, 88)
  Jacobian     (ccfsg):          28
  Hessian prod (*hprod):         46

Normal iterations = 15
Average number of normal iterations = 1
Maximum number of normal iterations during one iteration = 2
Iterations with 0  normal iterations = 4
Iterations with 1  normal iteration  = 7
Iterations with 2+ normal iterations = 4
Restorations = 60
Average number of restorations per normal iteration = 4
**********************************************************
Done
Setup time: 0
Execution time: 0.006666
