sifdecoder -A pc64.lnx.gfo  MAKELA2

 Problem name: MAKELA2

 Double precision version will be formed

 The objective function uses 1 linear group
 
 There are 3 nonlinear inequality constraints
 
 There are 3 free variables
 
 
 File successfully decoded
/home/abel/documentos/dcicpp-newrun/output-dcicpp-fast-2016-11-24--16:31
No tools
make: *** No rule to make target 'dcicpp'.  Stop.
Starting
Solving
Showing
**********************************************************
Problem name: MAKELA2 

Number of Variables: 3
Number of Constraints: 3
             Equality: 0
           has_inequality: 3

EXIT: The Algorithm has Converged
f(x) = 7.2
|c(x)| = 1.24894e-07
|g(x) + J(x)'*y| = 2.67115e-08
|J(x)'c(x)| = 0.00238219
y offset = 0
Number of Iterations = 22
Elapsed Time = 0.000692129 s

Function evaluations:
  Objective    (*fn, *ofg):      89 (43, 46)
  Gradient     (*ofg):           24
  Constraints  (cfn, ccfsg):     96 (43, 53)
  Jacobian     (ccfsg):          26
  Hessian prod (*hprod):         48

Normal iterations = 7
Average number of normal iterations = 0.318182
Maximum number of normal iterations during one iteration = 1
Iterations with 0  normal iterations = 15
Iterations with 1  normal iteration  = 7
Iterations with 2+ normal iterations = 0
Restorations = 27
Average number of restorations per normal iteration = 3
**********************************************************
Done
Setup time: 0
Execution time: 0.003333
