sifdecoder -A pc64.lnx.gfo  METHANL8

 Problem name: METHANL8

 Double precision version will be formed

 
 There are 31 nonlinear equality constraints
 
 There are 31 free variables
 
 
 File successfully decoded
/home/abel/documentos/dcicpp-newrun/output-dcicpp-fast-2016-11-24--16:31
No tools
make: *** No rule to make target 'dcicpp'.  Stop.
Starting
Solving
Showing
**********************************************************
Problem name: METHANL8

Number of Variables: 31
Number of Constraints: 31
             Equality: 31
           has_inequality: 0

EXIT: The Algorithm has Converged
f(x) = 0
|c(x)| = 4.2478e-08
|g(x) + J(x)'*y| = 0
|J(x)'c(x)| = 0.00125102
y offset = 0
Number of Iterations = 1
Elapsed Time = 0.000487804 s

Function evaluations:
  Objective    (*fn, *ofg):       8 (3, 5)
  Gradient     (*ofg):            4
  Constraints  (cfn, ccfsg):     12 (3, 9)
  Jacobian     (ccfsg):           3
  Hessian prod (*hprod):          0

Normal iterations = 2
Average number of normal iterations = 2
Maximum number of normal iterations during one iteration = 2
Iterations with 0  normal iterations = 0
Iterations with 1  normal iteration  = 0
Iterations with 2+ normal iterations = 1
Restorations = 6
Average number of restorations per normal iteration = 3
**********************************************************
Done
Setup time: 0.003333
Execution time: 0.003333
