sifdecoder -A pc64.lnx.gfo  MIFFLIN1

 Problem name: MIFFLIN1

 Double precision version will be formed

 The objective function uses 1 linear group
 
 There is 1 linear inequality constraint
 There is 1 nonlinear inequality constraint
 
 There are 3 free variables
 
 
 File successfully decoded
/home/abel/documentos/dcicpp-newrun/output-dcicpp-fast-2016-11-24--16:31
No tools
make: *** No rule to make target 'dcicpp'.  Stop.
Starting
Solving
Showing
**********************************************************
Problem name: MIFFLIN1

Number of Variables: 3
Number of Constraints: 2
             Equality: 0
           has_inequality: 2

EXIT: The Algorithm has Converged
f(x) = -1
|c(x)| = 3.37671e-12
|g(x) + J(x)'*y| = 2.77762e-09
|J(x)'c(x)| = 2.03309e-06
y offset = 0
Number of Iterations = 20
Elapsed Time = 0.000591516 s

Function evaluations:
  Objective    (*fn, *ofg):      74 (28, 46)
  Gradient     (*ofg):           26
  Constraints  (cfn, ccfsg):     57 (28, 29)
  Jacobian     (ccfsg):          24
  Hessian prod (*hprod):         44

Normal iterations = 5
Average number of normal iterations = 0.25
Maximum number of normal iterations during one iteration = 1
Iterations with 0  normal iterations = 15
Iterations with 1  normal iteration  = 5
Iterations with 2+ normal iterations = 0
Restorations = 5
Average number of restorations per normal iteration = 1
**********************************************************
Done
Setup time: 0
Execution time: -5.66244e-13
