sifdecoder -A pc64.lnx.gfo  OSLBQP

 Problem name: OSLBQP

 Double precision version will be formed

 The objective function uses 1 nonlinear group
 
 There are 5 variables bounded only from below 
 There are 3 variables bounded from below and above 
 
 
 File successfully decoded
/home/abel/documentos/dcicpp-newrun/output-dcicpp-fast-2016-11-24--16:31
No tools
make: *** No rule to make target 'dcicpp'.  Stop.
Starting
Solving
Showing
**********************************************************
Problem name: OSLBQP  

Number of Variables: 8
Number of Constraints: 0
             Equality: 0
           has_inequality: 0

EXIT: The Algorithm has Converged
f(x) = 6.25
|c(x)| = 0
|g(x) + J(x)'*y| = 3.6243e-08
|J(x)'c(x)| = 0
y offset = 0
Number of Iterations = 5
Elapsed Time = 0.000261068 s

Function evaluations:
  Objective    (*fn, *ofg):      26 (15, 11)
  Gradient     (*ofg):            6
  Constraints  (cfn, ccfsg):      0 (0, 0)
  Jacobian     (ccfsg):           0
  Hessian prod (*hprod):         24

Normal iterations = 0
Average number of normal iterations = 0
Maximum number of normal iterations during one iteration = 0
Iterations with 0  normal iterations = 5
Iterations with 1  normal iteration  = 0
Iterations with 2+ normal iterations = 0
Restorations = 0
Average number of restorations per normal iteration = NA
**********************************************************
Done
Setup time: 0.003333
Execution time: -5.66244e-13
