sifdecoder -A pc64.lnx.gfo  PALMER1E

 Problem name: PALMER1E

 Double precision version will be formed

 The objective function uses 35 nonlinear groups
 
 There are 7 free variables
 There is 1 variable bounded only from below 
 
 
 File successfully decoded
/home/abel/documentos/dcicpp-newrun/output-dcicpp-fast-2016-11-24--16:31
No tools
make: *** No rule to make target 'dcicpp'.  Stop.
Starting
Solving
Showing
**********************************************************
Problem name: PALMER1E

Number of Variables: 8
Number of Constraints: 0
             Equality: 0
           has_inequality: 0

EXIT: The Algorithm has Converged
f(x) = 3.11034
|c(x)| = 0
|g(x) + J(x)'*y| = 1.05438e-10
|J(x)'c(x)| = 0
y offset = 0
Number of Iterations = 5
Elapsed Time = 0.000499487 s

Function evaluations:
  Objective    (*fn, *ofg):      18 (7, 11)
  Gradient     (*ofg):            6
  Constraints  (cfn, ccfsg):      0 (0, 0)
  Jacobian     (ccfsg):           0
  Hessian prod (*hprod):         17

Normal iterations = 0
Average number of normal iterations = 0
Maximum number of normal iterations during one iteration = 0
Iterations with 0  normal iterations = 5
Iterations with 1  normal iteration  = 0
Iterations with 2+ normal iterations = 0
Restorations = 0
Average number of restorations per normal iteration = NA
**********************************************************
Done
Setup time: 0.003333
Execution time: 0.003333
