sifdecoder -A pc64.lnx.gfo  PALMER1B

 Problem name: PALMER1B

 Double precision version will be formed

 The objective function uses 35 nonlinear groups
 
 There are 2 free variables
 There are 2 variables bounded only from below 
 
 
 File successfully decoded
/home/abel/documentos/dcicpp-newrun/output-dcicpp-fast-2016-11-24--16:31
No tools
make: *** No rule to make target 'dcicpp'.  Stop.
Starting
Solving
Showing
**********************************************************
Problem name: PALMER1B

Number of Variables: 4
Number of Constraints: 0
             Equality: 0
           has_inequality: 0

EXIT: The Algorithm has Converged
f(x) = 3.44735
|c(x)| = 0
|g(x) + J(x)'*y| = 1.47608e-08
|J(x)'c(x)| = 6.95266e-310
y offset = 0
Number of Iterations = 19
Elapsed Time = 0.000610352 s

Function evaluations:
  Objective    (*fn, *ofg):      67 (28, 39)
  Gradient     (*ofg):           20
  Constraints  (cfn, ccfsg):      0 (0, 0)
  Jacobian     (ccfsg):           0
  Hessian prod (*hprod):         64

Normal iterations = 0
Average number of normal iterations = 0
Maximum number of normal iterations during one iteration = 0
Iterations with 0  normal iterations = 19
Iterations with 1  normal iteration  = 0
Iterations with 2+ normal iterations = 0
Restorations = 0
Average number of restorations per normal iteration = NA
**********************************************************
Done
Setup time: 0
Execution time: 0.003333
