sifdecoder -A pc64.lnx.gfo  PALMER5A

 Problem name: PALMER5A

 Double precision version will be formed

 The objective function uses 12 nonlinear groups
 
 There are 6 free variables
 There are 2 variables bounded only from below 
 
 
 File successfully decoded
/home/abel/documentos/dcicpp-newrun/output-dcicpp-fast-2016-11-24--16:31
No tools
make: *** No rule to make target 'dcicpp'.  Stop.
Starting
Solving
Showing
**********************************************************
Problem name: PALMER5A

Number of Variables: 8
Number of Constraints: 0
             Equality: 0
           has_inequality: 0

EXIT: The Algorithm has Converged
f(x) = 2.12807
|c(x)| = 0
|g(x) + J(x)'*y| = 2.98079e-07
|J(x)'c(x)| = 6.95272e-310
y offset = 0
Number of Iterations = 10
Elapsed Time = 0.000348091 s

Function evaluations:
  Objective    (*fn, *ofg):      39 (18, 21)
  Gradient     (*ofg):           11
  Constraints  (cfn, ccfsg):      0 (0, 0)
  Jacobian     (ccfsg):           0
  Hessian prod (*hprod):         35

Normal iterations = 0
Average number of normal iterations = 0
Maximum number of normal iterations during one iteration = 0
Iterations with 0  normal iterations = 10
Iterations with 1  normal iteration  = 0
Iterations with 2+ normal iterations = 0
Restorations = 0
Average number of restorations per normal iteration = NA
**********************************************************
Done
Setup time: 0
Execution time: -5.66244e-13
