sifdecoder -A pc64.lnx.gfo  PALMER1A

 Problem name: PALMER1A

 Double precision version will be formed

 The objective function uses 35 nonlinear groups
 
 There are 4 free variables
 There are 2 variables bounded only from below 
 
 
 File successfully decoded
/home/abel/documentos/dcicpp-newrun/output-dcicpp-fast-2016-11-24--16:31
No tools
make: *** No rule to make target 'dcicpp'.  Stop.
Starting
Solving
Showing
**********************************************************
Problem name: PALMER1A

Number of Variables: 6
Number of Constraints: 0
             Equality: 0
           has_inequality: 0

EXIT: The Algorithm has Converged
f(x) = 0.164985
|c(x)| = 0
|g(x) + J(x)'*y| = 8.10118e-07
|J(x)'c(x)| = 6.95269e-310
y offset = 0
Number of Iterations = 17
Elapsed Time = 0.000845909 s

Function evaluations:
  Objective    (*fn, *ofg):      63 (28, 35)
  Gradient     (*ofg):           18
  Constraints  (cfn, ccfsg):      0 (0, 0)
  Jacobian     (ccfsg):           0
  Hessian prod (*hprod):        104

Normal iterations = 0
Average number of normal iterations = 0
Maximum number of normal iterations during one iteration = 0
Iterations with 0  normal iterations = 17
Iterations with 1  normal iteration  = 0
Iterations with 2+ normal iterations = 0
Restorations = 0
Average number of restorations per normal iteration = NA
**********************************************************
Done
Setup time: 0
Execution time: 0.003333
