sifdecoder -A pc64.lnx.gfo  PENTAGON

 Problem name: PENTAGON

 Double precision version will be formed

 The objective function uses 1 nonlinear group
 
 There are 15 linear inequality constraints
 
 There are 6 free variables
 
 
 File successfully decoded
/home/abel/documentos/dcicpp-newrun/output-dcicpp-fast-2016-11-24--16:31
No tools
make: *** No rule to make target 'dcicpp'.  Stop.
NOPE preprocessing removed 3 contraints
Starting
Solving
Showing
**********************************************************
Problem name: PENTAGON

Number of Variables: 6
Number of Constraints: 12
             Equality: 0
           has_inequality: 12

EXIT: The Algorithm has Converged
f(x) = 0.000136626
|c(x)| = 3.46656e-14
|g(x) + J(x)'*y| = 7.01443e-07
|J(x)'c(x)| = 2.00332e-06
y offset = 6.76036e-07
Number of Iterations = 15
Elapsed Time = 0.00103736 s

Function evaluations:
  Objective    (*fn, *ofg):      58 (25, 33)
  Gradient     (*ofg):           18
  Constraints  (cfn, ccfsg):     66 (25, 41)
  Jacobian     (ccfsg):          17
  Hessian prod (*hprod):         59

Normal iterations = 5
Average number of normal iterations = 0.333333
Maximum number of normal iterations during one iteration = 1
Iterations with 0  normal iterations = 10
Iterations with 1  normal iteration  = 5
Iterations with 2+ normal iterations = 0
Restorations = 24
Average number of restorations per normal iteration = 4
**********************************************************
Done
Setup time: 0.003333
Execution time: 0.003333
