sifdecoder -A pc64.lnx.gfo  POWELLSQ

 Problem name: POWELLSQ

 Double precision version will be formed

 
 There are 2 nonlinear equality constraints
 
 There are 2 free variables
 
 
 File successfully decoded
/home/abel/documentos/dcicpp-newrun/output-dcicpp-fast-2016-11-24--16:31
No tools
make: *** No rule to make target 'dcicpp'.  Stop.
Starting
Solving
diagonal below threshold
Status = 2
File   = ../Core/cholmod_common.c
Line   = 719
Showing
**********************************************************
Problem name: POWELLSQ

Number of Variables: 2
Number of Constraints: 2
             Equality: 2
           has_inequality: 0

EXIT: The Algorithm has Converged
Cholesky failed
f(x) = 0
|c(x)| = 2.881e-10
|g(x) + J(x)'*y| = 0
|J(x)'c(x)| = 0.00535997
y offset = 0
Number of Iterations = 1
Elapsed Time = 0.00696087 s

Function evaluations:
  Objective    (*fn, *ofg):     215 (210, 5)
  Gradient     (*ofg):            4
  Constraints  (cfn, ccfsg):   2322 (210, 2112)
  Jacobian     (ccfsg):         677
  Hessian prod (*hprod):          0

Normal iterations = 2
Average number of normal iterations = 2
Maximum number of normal iterations during one iteration = 2
Iterations with 0  normal iterations = 0
Iterations with 1  normal iteration  = 0
Iterations with 2+ normal iterations = 1
Restorations = 1435
Average number of restorations per normal iteration = 717
**********************************************************
Done
Setup time: 0
Execution time: 0.029998
