sifdecoder -A pc64.lnx.gfo  RECIPE

 Problem name: RECIPE

 Double precision version will be formed

 
 There is 1 linear equality constraint
 There are 2 nonlinear equality constraints
 
 There are 3 free variables
 
 
 File successfully decoded
/home/abel/documentos/dcicpp-newrun/output-dcicpp-fast-2016-11-24--16:31
No tools
make: *** No rule to make target 'dcicpp'.  Stop.
NOPE preprocessing removed 1 variables
NOPE preprocessing removed 1 contraints
Starting
Solving
Showing
**********************************************************
Problem name: RECIPE  

Number of Variables: 2
Number of Constraints: 2
             Equality: 2
           has_inequality: 0

EXIT: The Algorithm has Converged
f(x) = 0
|c(x)| = 9.55687e-07
|g(x) + J(x)'*y| = 0
|J(x)'c(x)| = 8.85828e-09
y offset = 0
Number of Iterations = 1
Elapsed Time = 0.000344038 s

Function evaluations:
  Objective    (*fn, *ofg):       8 (3, 5)
  Gradient     (*ofg):            4
  Constraints  (cfn, ccfsg):     41 (3, 38)
  Jacobian     (ccfsg):           7
  Hessian prod (*hprod):          0

Normal iterations = 2
Average number of normal iterations = 2
Maximum number of normal iterations during one iteration = 2
Iterations with 0  normal iterations = 0
Iterations with 1  normal iteration  = 0
Iterations with 2+ normal iterations = 1
Restorations = 31
Average number of restorations per normal iteration = 15
**********************************************************
Done
Setup time: 0
Execution time: 0.003333
