sifdecoder -A pc64.lnx.gfo  ROBOT

 Problem name: ROBOT

 Double precision version will be formed

 The objective function uses 1 nonlinear group
 
 There are 2 nonlinear equality constraints
 
 There are 7 variables bounded from below and above 
 There are 7 fixed variables
 
 
 File successfully decoded
/home/abel/documentos/dcicpp-newrun/output-dcicpp-fast-2016-11-24--16:31
No tools
make: *** No rule to make target 'dcicpp'.  Stop.
NOPE preprocessing removed 7 variables
Starting
diagonal below threshold
Status = 2
File   = ../Core/cholmod_common.c
Line   = 719
Solving
Showing
**********************************************************
Problem name: ROBOT   

Number of Variables: 7
Number of Constraints: 2
             Equality: 2
           has_inequality: 0

EXIT: The Algorithm has Converged
Cholesky failed
f(x) = 6.5933
|c(x)| = 5.08566e-07
|g(x) + J(x)'*y| = 2.30183e-11
|J(x)'c(x)| = 6.09944e-06
y offset = 0
Number of Iterations = 1
Elapsed Time = 0.000357628 s

Function evaluations:
  Objective    (*fn, *ofg):       9 (3, 6)
  Gradient     (*ofg):            5
  Constraints  (cfn, ccfsg):     21 (3, 18)
  Jacobian     (ccfsg):           5
  Hessian prod (*hprod):          0

Normal iterations = 2
Average number of normal iterations = 2
Maximum number of normal iterations during one iteration = 2
Iterations with 0  normal iterations = 0
Iterations with 1  normal iteration  = 0
Iterations with 2+ normal iterations = 1
Restorations = 13
Average number of restorations per normal iteration = 6
**********************************************************
Done
Setup time: 0
Execution time: 0.003333
