sifdecoder -A pc64.lnx.gfo  SPANHYD

 Problem name: SPANHYD

 Double precision version will be formed

 The objective function uses 1 nonlinear group
 
 There are 33 linear equality constraints
 
 There are 81 variables bounded from below and above 
 There are 16 fixed variables
 
 
 File successfully decoded
/home/abel/documentos/dcicpp-newrun/output-dcicpp-fast-2016-11-24--16:31
No tools
make: *** No rule to make target 'dcicpp'.  Stop.
NOPE preprocessing removed 16 variables
Starting
Solving
diagonal below threshold
Status = 2
File   = ../Core/cholmod_common.c
Line   = 719
Showing
**********************************************************
Problem name: SPANHYD 

Number of Variables: 81
Number of Constraints: 33
             Equality: 33
           has_inequality: 0

EXIT: The Algorithm has Converged
Cholesky failed
f(x) = 239.738
|c(x)| = 6.05058e-07
|g(x) + J(x)'*y| = 7.9056e-13
|J(x)'c(x)| = 0.000105979
y offset = 0
Number of Iterations = 11
Elapsed Time = 0.0110724 s

Function evaluations:
  Objective    (*fn, *ofg):      44 (20, 24)
  Gradient     (*ofg):           13
  Constraints  (cfn, ccfsg):    436 (20, 416)
  Jacobian     (ccfsg):         123
  Hessian prod (*hprod):         25

Normal iterations = 3
Average number of normal iterations = 0.272727
Maximum number of normal iterations during one iteration = 1
Iterations with 0  normal iterations = 8
Iterations with 1  normal iteration  = 3
Iterations with 2+ normal iterations = 0
Restorations = 293
Average number of restorations per normal iteration = 97
**********************************************************
Done
Setup time: 0.003333
Execution time: 0.043332
