sifdecoder -A pc64.lnx.gfo  SWOPF

 Problem name: SWOPF

 Double precision version will be formed

 The objective function uses 1 linear group
 
 There are 43 linear equality constraints
 There are 35 nonlinear equality constraints
 There are 14 nonlinear inequality constraints
 
 There are 73 free variables
 There are 10 variables bounded from below and above 
 
 
 File successfully decoded
/home/abel/documentos/dcicpp-newrun/output-dcicpp-fast-2016-11-24--16:31
No tools
make: *** No rule to make target 'dcicpp'.  Stop.
NOPE preprocessing removed 1 variables
NOPE preprocessing removed 1 contraints
Starting
Solving
Showing
**********************************************************
Problem name: SWOPF   

Number of Variables: 82
Number of Constraints: 91
             Equality: 77
           has_inequality: 14

EXIT: The maximum number of restorarions was reached
f(x) = 0.14224
|c(x)| = 0.0867824
|g(x) + J(x)'*y| = 0.00362155
|J(x)'c(x)| = 0.00253793
y offset = 0.0059062
Number of Iterations = 31
Elapsed Time = 0.607356 s

Function evaluations:
  Objective    (*fn, *ofg):    1443 (1369, 74)
  Gradient     (*ofg):           43
  Constraints  (cfn, ccfsg):  16584 (1369, 15215)
  Jacobian     (ccfsg):        5054
  Hessian prod (*hprod):        220

Normal iterations = 19
Average number of normal iterations = 0.612903
Maximum number of normal iterations during one iteration = 2
Iterations with 0  normal iterations = 13
Iterations with 1  normal iteration  = 17
Iterations with 2+ normal iterations = 1
Restorations = 10161
Average number of restorations per normal iteration = 534
**********************************************************
Done
Setup time: 0
Execution time: 0.856666
