sifdecoder -A pc64.lnx.gfo  SYNTHES1

 Problem name: SYNTHES1

 Double precision version will be formed

 The objective function uses 1 nonlinear group
 
 There are 4 linear inequality constraints
 There are 2 nonlinear inequality constraints
 
 There are 6 variables bounded from below and above 
 
 
 File successfully decoded
/home/abel/documentos/dcicpp-newrun/output-dcicpp-fast-2016-11-24--16:31
No tools
make: *** No rule to make target 'dcicpp'.  Stop.
Starting
Solving
Showing
**********************************************************
Problem name: SYNTHES1

Number of Variables: 6
Number of Constraints: 6
             Equality: 0
           has_inequality: 6

EXIT: The Algorithm has Converged
f(x) = 0.759282
|c(x)| = 9.19208e-07
|g(x) + J(x)'*y| = 3.37914e-08
|J(x)'c(x)| = 1.02435e-06
y offset = 0
Number of Iterations = 16
Elapsed Time = 0.00178671 s

Function evaluations:
  Objective    (*fn, *ofg):      53 (20, 33)
  Gradient     (*ofg):           17
  Constraints  (cfn, ccfsg):    226 (20, 206)
  Jacobian     (ccfsg):          40
  Hessian prod (*hprod):         24

Normal iterations = 12
Average number of normal iterations = 0.75
Maximum number of normal iterations during one iteration = 1
Iterations with 0  normal iterations = 4
Iterations with 1  normal iteration  = 12
Iterations with 2+ normal iterations = 0
Restorations = 166
Average number of restorations per normal iteration = 13
**********************************************************
Done
Setup time: 0
Execution time: 0.006666
