sifdecoder -A pc64.lnx.gfo  SYNTHES2

 Problem name: SYNTHES2

 Double precision version will be formed

 The objective function uses 1 nonlinear group
 
 There is 1 linear equality constraint
 There are 10 linear inequality constraints
 There are 3 nonlinear inequality constraints
 
 There are 2 variables bounded only from below 
 There are 9 variables bounded from below and above 
 
 
 File successfully decoded
/home/abel/documentos/dcicpp-newrun/output-dcicpp-fast-2016-11-24--16:31
No tools
make: *** No rule to make target 'dcicpp'.  Stop.
Starting
Solving
diagonal below threshold
Status = 2
File   = ../Core/cholmod_common.c
Line   = 719
Showing
**********************************************************
Problem name: SYNTHES2

Number of Variables: 11
Number of Constraints: 14
             Equality: 1
           has_inequality: 13

EXIT: The Algorithm has Converged
Cholesky failed
f(x) = -0.554241
|c(x)| = 7.43854e-07
|g(x) + J(x)'*y| = 6.42161e-07
|J(x)'c(x)| = 7.85046e-17
y offset = 1.82998e-05
Number of Iterations = 19
Elapsed Time = 0.00466609 s

Function evaluations:
  Objective    (*fn, *ofg):     149 (105, 44)
  Gradient     (*ofg):           25
  Constraints  (cfn, ccfsg):    497 (105, 392)
  Jacobian     (ccfsg):          87
  Hessian prod (*hprod):         95

Normal iterations = 16
Average number of normal iterations = 0.842105
Maximum number of normal iterations during one iteration = 2
Iterations with 0  normal iterations = 6
Iterations with 1  normal iteration  = 10
Iterations with 2+ normal iterations = 3
Restorations = 306
Average number of restorations per normal iteration = 19
**********************************************************
Done
Setup time: 0.003333
Execution time: 0.016665
