sifdecoder -A pc64.lnx.gfo  TFI1

 Problem name: TFI1

 Double precision version will be formed

 The objective function uses 1 nonlinear group
 
 There are 101 nonlinear inequality constraints
 
 There are 3 free variables
 
 
 File successfully decoded
/home/abel/documentos/dcicpp-newrun/output-dcicpp-fast-2016-11-24--16:31
No tools
make: *** No rule to make target 'dcicpp'.  Stop.
Starting
Solving
Showing
**********************************************************
Problem name: TFI1    

Number of Variables: 3
Number of Constraints: 101
             Equality: 0
           has_inequality: 101

EXIT: The Algorithm has Converged
f(x) = 5.33469
|c(x)| = 4.33887e-09
|g(x) + J(x)'*y| = 3.37254e-09
|J(x)'c(x)| = 1.68457e-08
y offset = 6.97881e-09
Number of Iterations = 23
Elapsed Time = 0.0382459 s

Function evaluations:
  Objective    (*fn, *ofg):      98 (46, 52)
  Gradient     (*ofg):           29
  Constraints  (cfn, ccfsg):    378 (46, 332)
  Jacobian     (ccfsg):          80
  Hessian prod (*hprod):         52

Normal iterations = 12
Average number of normal iterations = 0.521739
Maximum number of normal iterations during one iteration = 1
Iterations with 0  normal iterations = 11
Iterations with 1  normal iteration  = 12
Iterations with 2+ normal iterations = 0
Restorations = 253
Average number of restorations per normal iteration = 21
**********************************************************
Done
Setup time: 0.003333
Execution time: 0.113332
