sifdecoder -A pc64.lnx.gfo  WATER

 Problem name: WATER

 Double precision version will be formed

 The objective function uses 1 linear group
 The objective function uses 8 nonlinear groups
 
 There are 10 linear equality constraints
 
 There are 31 variables bounded from below and above 
 
 
 File successfully decoded
/home/abel/documentos/dcicpp-newrun/output-dcicpp-fast-2016-11-24--16:31
No tools
make: *** No rule to make target 'dcicpp'.  Stop.
Starting
diagonal below threshold
Status = 2
File   = ../Core/cholmod_common.c
Line   = 719
Solving
diagonal below threshold
Status = 2
File   = ../Core/cholmod_common.c
Line   = 719
diagonal below threshold
Status = 2
File   = ../Core/cholmod_common.c
Line   = 719
Showing
**********************************************************
Problem name: WATER   

Number of Variables: 31
Number of Constraints: 10
             Equality: 10
           has_inequality: 0

EXIT: The Algorithm has Converged
Cholesky failed
f(x) = 10549.4
|c(x)| = 4.47412e-07
|g(x) + J(x)'*y| = 9.73859e-07
|J(x)'c(x)| = 3.43615e-06
y offset = 0
Number of Iterations = 21
Elapsed Time = 0.00764656 s

Function evaluations:
  Objective    (*fn, *ofg):     178 (134, 44)
  Gradient     (*ofg):           23
  Constraints  (cfn, ccfsg):    308 (134, 174)
  Jacobian     (ccfsg):          49
  Hessian prod (*hprod):        688

Normal iterations = 7
Average number of normal iterations = 0.333333
Maximum number of normal iterations during one iteration = 1
Iterations with 0  normal iterations = 14
Iterations with 1  normal iteration  = 7
Iterations with 2+ normal iterations = 0
Restorations = 125
Average number of restorations per normal iteration = 17
**********************************************************
Done
Setup time: 0
Execution time: 0.029999
