sifdecoder -A pc64.lnx.gfo  ARGLINA

 Problem name: ARGLINA

 Double precision version will be formed

 The objective function uses 400 linear groups
 
 There are 200 free variables
 
 
 File successfully decoded
/home/abel/documentos/dcicpp-newrun/output-fast-2016-11-14--20:04
No tools
make: *** No rule to make target 'dcicpp'.  Stop.
Starting
Solving
Showing
**********************************************************
Problem name: ARGLINA 

Number of Variables: 200
Number of Constraints: 0
             Equality: 0
           has_inequality: 0

EXIT: The Algorithm has Converged
f(x) = 200
|c(x)| = 0
|g(x) + J(x)'*y| = 5.06185e-16
y offset = 0
Number of Iterations = 2
Elapsed Time = 0.00279284 s
/home/abel/projetos/linux-cutest/cutest/bin/rundcicpp: line 240:  9710 Floating point exception(core dumped) ${EXEC}/run_${PACKAGE}
