sifdecoder -A pc64.lnx.gfo  AUG2D

 Problem name: AUG2D

 Double precision version will be formed

 The objective function uses 19800 nonlinear groups
 
 There are 10000 linear equality constraints
 
 There are 20200 free variables
 
 
 File successfully decoded
/home/abel/documentos/dcicpp-newrun/output-fast-2016-11-14--20:04
No tools
make: *** No rule to make target 'dcicpp'.  Stop.
Starting
Solving
Showing
**********************************************************
Problem name: AUG2D   

Number of Variables: 20200
Number of Constraints: 10000
             Equality: 10000
           has_inequality: 0

EXIT: The Algorithm has Converged
f(x) = 1.68741e+06
|c(x)| = 1.22434e-10
|g(x) + J(x)'*y| = 9.47406e-08
y offset = 0
Number of Iterations = 3
Elapsed Time = 0.124883 s
Normal iterations = 1
Average number of normal iterations = 0.333333
Maximum number of normal iterations during one iteration = 1
Iterations with 0  normal iterations = 2
Iterations with 1  normal iteration  = 1
Iterations with 2+ normal iterations = 0
Restorations = 1
Average number of restorations per normal iteration = 1
**********************************************************
Done
Setup time: 0.24
Execution time: 0.126667
