sifdecoder -A pc64.lnx.gfo  BIGGSC4

 Problem name: BIGGSC4

 Double precision version will be formed

 The objective function uses 1 nonlinear group
 
 There are 7 linear inequality constraints
 
 There are 4 variables bounded from below and above 
 
 
 File successfully decoded
/home/abel/documentos/dcicpp-newrun/output-fast-2016-11-14--20:04
No tools
make: *** No rule to make target 'dcicpp'.  Stop.
Starting
Solving
Showing
**********************************************************
Problem name: BIGGSC4 

Number of Variables: 4
Number of Constraints: 7
             Equality: 0
           has_inequality: 7

EXIT: The Algorithm has Converged
f(x) = -13
|c(x)| = 9.16331e-07
|g(x) + J(x)'*y| = 2.31468e-07
y offset = 0.0207992
Number of Iterations = 7
Elapsed Time = 0.00209665 s
Normal iterations = 7
Average number of normal iterations = 1
Maximum number of normal iterations during one iteration = 2
Iterations with 0  normal iterations = 1
Iterations with 1  normal iteration  = 5
Iterations with 2+ normal iterations = 1
Restorations = 170
Average number of restorations per normal iteration = 24
**********************************************************
Done
Setup time: 0
Execution time: 0.006666
