sifdecoder -A pc64.lnx.gfo  BIGGS5

 Problem name: BIGGS5

 Double precision version will be formed

 The objective function uses 13 nonlinear groups
 
 There are 5 free variables
 There is 1 fixed variable
 
 
 File successfully decoded
/home/abel/documentos/dcicpp-newrun/output-fast-2016-11-14--20:04
No tools
make: *** No rule to make target 'dcicpp'.  Stop.
NOPE preprocessing removed 1 variables
Starting
Solving
Showing
**********************************************************
Problem name: BIGGS5  

Number of Variables: 5
Number of Constraints: 0
             Equality: 0
           has_inequality: 0

EXIT: The Algorithm has Converged
f(x) = 5.5606e-12
|c(x)| = 0
|g(x) + J(x)'*y| = 4.62252e-08
y offset = 0
Number of Iterations = 19
Elapsed Time = 0.00338244 s
/home/abel/projetos/linux-cutest/cutest/bin/rundcicpp: line 240: 10616 Floating point exception(core dumped) ${EXEC}/run_${PACKAGE}
