sifdecoder -A pc64.lnx.gfo  BLOWEYC

 Problem name: BLOWEYC

 Double precision version will be formed

 The objective function uses 1 nonlinear group
 
 There are 2002 linear equality constraints
 
 There are 2001 free variables
 There are 2001 variables bounded from below and above 
 
 
 File successfully decoded
/home/abel/documentos/dcicpp-newrun/output-fast-2016-11-14--20:04
No tools
make: *** No rule to make target 'dcicpp'.  Stop.
Starting
Solving
Showing
**********************************************************
Problem name: BLOWEYC 

Number of Variables: 4002
Number of Constraints: 2002
             Equality: 2002
           has_inequality: 0

EXIT: The Algorithm has Converged
f(x) = -9.53803e-05
|c(x)| = 5.50364e-09
|g(x) + J(x)'*y| = 4.58592e-09
y offset = 0
Number of Iterations = 2
Elapsed Time = 0.0160599 s
Normal iterations = 1
Average number of normal iterations = 0.5
Maximum number of normal iterations during one iteration = 1
Iterations with 0  normal iterations = 1
Iterations with 1  normal iteration  = 1
Iterations with 2+ normal iterations = 0
Restorations = 1
Average number of restorations per normal iteration = 1
**********************************************************
Done
Setup time: 0.083332
Execution time: 0.043334
