sifdecoder -A pc64.lnx.gfo  BT1

 Problem name: BT1

 Double precision version will be formed

 The objective function uses 1 nonlinear group
 
 There is 1 nonlinear equality constraint
 
 There are 2 free variables
 
 
 File successfully decoded
/home/abel/documentos/dcicpp-newrun/output-fast-2016-11-14--20:04
No tools
make: *** No rule to make target 'dcicpp'.  Stop.
Starting
Solving
Showing
**********************************************************
Problem name: BT1     

Number of Variables: 2
Number of Constraints: 1
             Equality: 1
           has_inequality: 0

EXIT: The Algorithm has Converged
f(x) = -0.999993
|c(x)| = 7.01578e-08
|g(x) + J(x)'*y| = 2.77991e-08
y offset = 0
Number of Iterations = 5
Elapsed Time = 0.000356913 s
Normal iterations = 3
Average number of normal iterations = 0.6
Maximum number of normal iterations during one iteration = 1
Iterations with 0  normal iterations = 2
Iterations with 1  normal iteration  = 3
Iterations with 2+ normal iterations = 0
Restorations = 11
Average number of restorations per normal iteration = 3
**********************************************************
Done
Setup time: 0
Execution time: 0.003333
