sifdecoder -A pc64.lnx.gfo  CHNRSBNE

 Problem name: CHNRSBNE

 Double precision version will be formed

 
 There are 49 linear equality constraints
 There are 49 nonlinear equality constraints
 
 There are 50 free variables
 
 
 File successfully decoded
/home/abel/documentos/dcicpp-newrun/output-fast-2016-11-14--20:04
No tools
make: *** No rule to make target 'dcicpp'.  Stop.
NOPE preprocessing removed 49 variables
NOPE preprocessing removed 49 contraints
Starting
diagonal below threshold
Status = 2
File   = ../Core/cholmod_common.c
Line   = 719
Solving
NormalFlag = 2
Showing
**********************************************************
Problem name: CHNRSBNE

Number of Variables: 1
Number of Constraints: 49
             Equality: 49
           has_inequality: 0

EXIT: Stopped at a stationary for the infeasibility
Cholesky failed
f(x) = 0
|c(x)| = 85.5243
|g(x) + J(x)'*y| = 0
y offset = 0
Number of Iterations = 1
Elapsed Time = 0.000448942 s
Normal iterations = 1
Average number of normal iterations = 1
Maximum number of normal iterations during one iteration = 1
Iterations with 0  normal iterations = 0
Iterations with 1  normal iteration  = 1
Iterations with 2+ normal iterations = 0
Restorations = 6
Average number of restorations per normal iteration = 6
**********************************************************
Done
Setup time: 0.003333
Execution time: -5.66244e-13
