sifdecoder -A pc64.lnx.gfo  CLPLATEB

 Problem name: CLPLATEB

 Double precision version will be formed

 The objective function uses 1 linear group
 The objective function uses 19600 nonlinear groups
 
 There are 4970 free variables
 There are 71 fixed variables
 
 
 File successfully decoded
/home/abel/documentos/dcicpp-newrun/output-fast-2016-11-14--20:04
No tools
make: *** No rule to make target 'dcicpp'.  Stop.
NOPE preprocessing removed 71 variables
Starting
Solving
Showing
**********************************************************
Problem name: CLPLATEB

Number of Variables: 4970
Number of Constraints: 0
             Equality: 0
           has_inequality: 0

EXIT: The Algorithm has Converged
f(x) = -0.00509479
|c(x)| = 0
|g(x) + J(x)'*y| = 5.57083e-07
y offset = 0
Number of Iterations = 3
Elapsed Time = 0.393515 s
/home/abel/projetos/linux-cutest/cutest/bin/rundcicpp: line 240: 13367 Floating point exception(core dumped) ${EXEC}/run_${PACKAGE}
