sifdecoder -A pc64.lnx.gfo  CORE2

 Problem name: CORE2

 Double precision version will be formed

 The objective function uses 1 linear group
 
 There are 48 linear equality constraints
 There are 26 linear inequality constraints
 There are 60 nonlinear equality constraints
 
 There are 41 variables bounded only from below 
 There are 116 variables bounded from below and above 
 
 
 File successfully decoded
/home/abel/documentos/dcicpp-newrun/output-fast-2016-11-14--20:04
No tools
make: *** No rule to make target 'dcicpp'.  Stop.
NOPE preprocessing removed 12 contraints
Starting
Solving
diagonal below threshold
Status = 2
File   = ../Core/cholmod_common.c
Line   = 719
Showing
**********************************************************
Problem name: CORE2   

Number of Variables: 157
Number of Constraints: 122
             Equality: 108
           has_inequality: 14

EXIT: The maximum number of restorarions was reached
Cholesky failed
f(x) = 91.0726
|c(x)| = 23.9826
|g(x) + J(x)'*y| = 0.0591576
y offset = 0
Number of Iterations = 3
Elapsed Time = 1.9348 s
Normal iterations = 4
Average number of normal iterations = 1.33333
Maximum number of normal iterations during one iteration = 2
Iterations with 0  normal iterations = 0
Iterations with 1  normal iteration  = 2
Iterations with 2+ normal iterations = 1
Restorations = 13266
Average number of restorations per normal iteration = 3316
**********************************************************
Done
Setup time: 0.003333
Execution time: 2.08
