sifdecoder -A pc64.lnx.gfo  DECONVC

 Problem name: DECONVC

 Double precision version will be formed

 The objective function uses 40 nonlinear groups
 
 There is 1 nonlinear equality constraint
 
 There are 51 variables bounded only from below 
 There are 12 fixed variables
 
 
 File successfully decoded
/home/abel/documentos/dcicpp-newrun/output-fast-2016-11-14--20:04
No tools
make: *** No rule to make target 'dcicpp'.  Stop.
NOPE preprocessing removed 12 variables
Starting
Solving
Showing
**********************************************************
Problem name: DECONVC 

Number of Variables: 51
Number of Constraints: 1
             Equality: 1
           has_inequality: 0

EXIT: The Algorithm has Converged
f(x) = 0.00582076
|c(x)| = 7.22126e-09
|g(x) + J(x)'*y| = 7.22407e-08
y offset = 0
Number of Iterations = 21
Elapsed Time = 0.0420189 s
Normal iterations = 11
Average number of normal iterations = 0.52381
Maximum number of normal iterations during one iteration = 1
Iterations with 0  normal iterations = 10
Iterations with 1  normal iteration  = 11
Iterations with 2+ normal iterations = 0
Restorations = 11
Average number of restorations per normal iteration = 1
**********************************************************
Done
Setup time: 0.003333
Execution time: 0.126666
