sifdecoder -A pc64.lnx.gfo  DIXCHLNG

 Problem name: DIXCHLNG

 Double precision version will be formed

 The objective function uses 49 nonlinear groups
 
 There are 5 nonlinear equality constraints
 
 There are 10 free variables
 
 
 File successfully decoded
/home/abel/documentos/dcicpp-newrun/output-fast-2016-11-14--20:04
No tools
make: *** No rule to make target 'dcicpp'.  Stop.
Starting
Solving
Showing
**********************************************************
Problem name: DIXCHLNG

Number of Variables: 10
Number of Constraints: 5
             Equality: 5
           has_inequality: 0

EXIT: The Algorithm has Converged
f(x) = 2471.9
|c(x)| = 1.70737e-07
|g(x) + J(x)'*y| = 8.39134e-08
y offset = 0
Number of Iterations = 10
Elapsed Time = 0.000849962 s
Normal iterations = 5
Average number of normal iterations = 0.5
Maximum number of normal iterations during one iteration = 1
Iterations with 0  normal iterations = 5
Iterations with 1  normal iteration  = 5
Iterations with 2+ normal iterations = 0
Restorations = 10
Average number of restorations per normal iteration = 2
**********************************************************
Done
Setup time: 0.003333
Execution time: -5.66244e-13
