sifdecoder -A pc64.lnx.gfo  DIXMAAND

 Problem name: DIXMAAND

 Double precision version will be formed

 The objective function uses 4 nonlinear groups
 
 There are 3000 free variables
 
 
 File successfully decoded
/home/abel/documentos/dcicpp-newrun/output-fast-2016-11-14--20:04
No tools
make: *** No rule to make target 'dcicpp'.  Stop.
Starting
Solving
Showing
**********************************************************
Problem name: DIXMAAND

Number of Variables: 3000
Number of Constraints: 0
             Equality: 0
           has_inequality: 0

EXIT: The Algorithm has Converged
f(x) = 1.00001
|c(x)| = 0
|g(x) + J(x)'*y| = 4.69325e-08
y offset = 0
Number of Iterations = 10
Elapsed Time = 0.0440161 s
/home/abel/projetos/linux-cutest/cutest/bin/rundcicpp: line 240: 15225 Floating point exception(core dumped) ${EXEC}/run_${PACKAGE}
