sifdecoder -A pc64.lnx.gfo  EG1

 Problem name: EG1

 Double precision version will be formed

 The objective function uses 3 nonlinear groups
 
 There is 1 free variable 
 There are 2 variables bounded from below and above 
 
 
 File successfully decoded
/home/abel/documentos/dcicpp-newrun/output-fast-2016-11-14--20:04
No tools
make: *** No rule to make target 'dcicpp'.  Stop.
Starting
Solving
Showing
**********************************************************
Problem name: EG1     

Number of Variables: 3
Number of Constraints: 0
             Equality: 0
           has_inequality: 0

EXIT: The Algorithm has Converged
f(x) = -1.1328
|c(x)| = 0
|g(x) + J(x)'*y| = 6.13632e-10
y offset = 0
Number of Iterations = 9
Elapsed Time = 0.000249147 s
/home/abel/projetos/linux-cutest/cutest/bin/rundcicpp: line 240: 16943 Floating point exception(core dumped) ${EXEC}/run_${PACKAGE}
