sifdecoder -A pc64.lnx.gfo  ERRINBAR

 Problem name: ERRINBAR

 Double precision version will be formed

 The objective function uses 1 linear group
 
 There is 1 linear inequality constraint
 There are 8 nonlinear equality constraints
 
 There are 4 free variables
 There are 14 variables bounded only from below 
 
 
 File successfully decoded
/home/abel/documentos/dcicpp-newrun/output-fast-2016-11-14--20:04
No tools
make: *** No rule to make target 'dcicpp'.  Stop.
Starting
Solving
Showing
**********************************************************
Problem name: ERRINBAR

Number of Variables: 18
Number of Constraints: 9
             Equality: 8
           has_inequality: 1

EXIT: The Algorithm has Converged
f(x) = 28.0827
|c(x)| = 4.58576e-08
|g(x) + J(x)'*y| = 3.0272e-07
y offset = 0
Number of Iterations = 103
Elapsed Time = 0.0833757 s
Normal iterations = 66
Average number of normal iterations = 0.640777
Maximum number of normal iterations during one iteration = 1
Iterations with 0  normal iterations = 37
Iterations with 1  normal iteration  = 66
Iterations with 2+ normal iterations = 0
Restorations = 3835
Average number of restorations per normal iteration = 58
**********************************************************
Done
Setup time: 0.013333
Execution time: 0.226666
