sifdecoder -A pc64.lnx.gfo  EXPFITA

 Problem name: EXPFITA

 Double precision version will be formed

 The objective function uses 1 nonlinear group
 
 There are 22 linear inequality constraints
 
 There are 5 free variables
 
 
 File successfully decoded
/home/abel/documentos/dcicpp-newrun/output-fast-2016-11-14--20:04
No tools
make: *** No rule to make target 'dcicpp'.  Stop.
NOPE preprocessing removed 1 contraints
Starting
Solving
Showing
**********************************************************
Problem name: EXPFITA 

Number of Variables: 5
Number of Constraints: 21
             Equality: 0
           has_inequality: 21

EXIT: The Algorithm has Converged
f(x) = 1.65457
|c(x)| = 8.88178e-16
|g(x) + J(x)'*y| = 7.72489e-07
y offset = 2.96918e-05
Number of Iterations = 4
Elapsed Time = 0.00653315 s
Normal iterations = 2
Average number of normal iterations = 0.5
Maximum number of normal iterations during one iteration = 1
Iterations with 0  normal iterations = 2
Iterations with 1  normal iteration  = 2
Iterations with 2+ normal iterations = 0
Restorations = 111
Average number of restorations per normal iteration = 55
**********************************************************
Done
Setup time: 0
Execution time: 0.013333
