sifdecoder -A pc64.lnx.gfo  EXPFITC

 Problem name: EXPFITC

 Double precision version will be formed

 The objective function uses 1 nonlinear group
 
 There are 502 linear inequality constraints
 
 There are 5 free variables
 
 
 File successfully decoded
/home/abel/documentos/dcicpp-newrun/output-fast-2016-11-14--20:04
No tools
make: *** No rule to make target 'dcicpp'.  Stop.
NOPE preprocessing removed 1 contraints
Starting
Solving
Showing
**********************************************************
Problem name: EXPFITC 

Number of Variables: 5
Number of Constraints: 501
             Equality: 0
           has_inequality: 501

EXIT: The Algorithm has Converged
f(x) = 27.7642
|c(x)| = 1.68374e-07
|g(x) + J(x)'*y| = 1.31953e-07
y offset = 0.00249711
Number of Iterations = 2
Elapsed Time = 1.53904 s
Normal iterations = 2
Average number of normal iterations = 1
Maximum number of normal iterations during one iteration = 1
Iterations with 0  normal iterations = 0
Iterations with 1  normal iteration  = 2
Iterations with 2+ normal iterations = 0
Restorations = 49
Average number of restorations per normal iteration = 24
**********************************************************
Done
Setup time: 0.006666
Execution time: 1.7
