sifdecoder -A pc64.lnx.gfo  GMNCASE2

 Problem name: GMNCASE2

 Double precision version will be formed

 The objective function uses 1 nonlinear group
 
 There are 1050 linear inequality constraints
 
 There are 175 free variables
 
 
 File successfully decoded
/home/abel/documentos/dcicpp-newrun/output-fast-2016-11-14--20:04
No tools
make: *** No rule to make target 'dcicpp'.  Stop.
NOPE preprocessing removed 366 contraints
Starting
Solving
Showing
**********************************************************
Problem name: GMNCASE2

Number of Variables: 175
Number of Constraints: 684
             Equality: 0
           has_inequality: 684

EXIT: The Algorithm has Converged
f(x) = -0.928145
|c(x)| = 5.27e-11
|g(x) + J(x)'*y| = 9.74895e-08
y offset = 4.83063e-06
Number of Iterations = 18
Elapsed Time = 8.50729 s
Normal iterations = 4
Average number of normal iterations = 0.222222
Maximum number of normal iterations during one iteration = 1
Iterations with 0  normal iterations = 14
Iterations with 1  normal iteration  = 4
Iterations with 2+ normal iterations = 0
Restorations = 88
Average number of restorations per normal iteration = 22
**********************************************************
Done
Setup time: 0.226667
Execution time: 8.54333
