sifdecoder -A pc64.lnx.gfo  GOFFIN

 Problem name: GOFFIN

 Double precision version will be formed

 The objective function uses 1 linear group
 
 There are 50 linear inequality constraints
 
 There are 51 free variables
 
 
 File successfully decoded
/home/abel/documentos/dcicpp-newrun/output-fast-2016-11-14--20:04
No tools
make: *** No rule to make target 'dcicpp'.  Stop.
Starting
Solving
Showing
**********************************************************
Problem name: GOFFIN  

Number of Variables: 51
Number of Constraints: 50
             Equality: 0
           has_inequality: 50

EXIT: The Algorithm has Converged
f(x) = 0.000154315
|c(x)| = 9.00777e-14
|g(x) + J(x)'*y| = 9.3565e-07
y offset = 0
Number of Iterations = 21
Elapsed Time = 0.204395 s
Normal iterations = 13
Average number of normal iterations = 0.619048
Maximum number of normal iterations during one iteration = 3
Iterations with 0  normal iterations = 10
Iterations with 1  normal iteration  = 10
Iterations with 2+ normal iterations = 1
Restorations = 390
Average number of restorations per normal iteration = 30
**********************************************************
Done
Setup time: 0.003333
Execution time: 0.353333
