sifdecoder -A pc64.lnx.gfo  HATFLDB

 Problem name: HATFLDB

 Double precision version will be formed

 The objective function uses 1 linear group
 The objective function uses 3 nonlinear groups
 
 There are 3 variables bounded only from below 
 There is 1 variable bounded from below and above 
 
 
 File successfully decoded
/home/abel/documentos/dcicpp-newrun/output-fast-2016-11-14--20:04
No tools
make: *** No rule to make target 'dcicpp'.  Stop.
Starting
Solving
Showing
**********************************************************
Problem name: HATFLDB 

Number of Variables: 4
Number of Constraints: 0
             Equality: 0
           has_inequality: 0

EXIT: The Algorithm has Converged
f(x) = 0.00557285
|c(x)| = 0
|g(x) + J(x)'*y| = 1.217e-08
y offset = 0
Number of Iterations = 8
Elapsed Time = 0.000226736 s
/home/abel/projetos/linux-cutest/cutest/bin/rundcicpp: line 240: 19947 Floating point exception(core dumped) ${EXEC}/run_${PACKAGE}
