sifdecoder -A pc64.lnx.gfo  HATFLDD

 Problem name: HATFLDD

 Double precision version will be formed

 The objective function uses 10 nonlinear groups
 
 There are 3 free variables
 
 
 File successfully decoded
/home/abel/documentos/dcicpp-newrun/output-fast-2016-11-14--20:04
No tools
make: *** No rule to make target 'dcicpp'.  Stop.
Starting
Solving
Showing
**********************************************************
Problem name: HATFLDD 

Number of Variables: 3
Number of Constraints: 0
             Equality: 0
           has_inequality: 0

EXIT: The Algorithm has Converged
f(x) = 6.61827e-08
|c(x)| = 0
|g(x) + J(x)'*y| = 9.27485e-07
y offset = 0
Number of Iterations = 18
Elapsed Time = 0.00090766 s
/home/abel/projetos/linux-cutest/cutest/bin/rundcicpp: line 240: 20047 Floating point exception(core dumped) ${EXEC}/run_${PACKAGE}
