sifdecoder -A pc64.lnx.gfo  HATFLDH

 Problem name: HATFLDH

 Double precision version will be formed

 The objective function uses 1 nonlinear group
 
 There are 7 linear inequality constraints
 
 There are 4 variables bounded from below and above 
 
 
 File successfully decoded
/home/abel/documentos/dcicpp-newrun/output-fast-2016-11-14--20:04
No tools
make: *** No rule to make target 'dcicpp'.  Stop.
Starting
Solving
diagonal below threshold
Status = 2
File   = ../Core/cholmod_common.c
Line   = 719
Showing
**********************************************************
Problem name: HATFLDH 

Number of Variables: 4
Number of Constraints: 7
             Equality: 0
           has_inequality: 7

EXIT: The Algorithm has Converged
Cholesky failed
f(x) = -37
|c(x)| = 5.14616e-10
|g(x) + J(x)'*y| = 5.31662e-07
y offset = 0.701821
Number of Iterations = 26
Elapsed Time = 0.00483131 s
Normal iterations = 18
Average number of normal iterations = 0.692308
Maximum number of normal iterations during one iteration = 2
Iterations with 0  normal iterations = 9
Iterations with 1  normal iteration  = 16
Iterations with 2+ normal iterations = 1
Restorations = 129
Average number of restorations per normal iteration = 7
**********************************************************
Done
Setup time: 0
Execution time: 0.013333
