sifdecoder -A pc64.lnx.gfo  HATFLDFL

 Problem name: HATFLDFL

 Double precision version will be formed

 The objective function uses 3 nonlinear groups
 
 There are 3 free variables
 
 
 File successfully decoded
/home/abel/documentos/dcicpp-newrun/output-fast-2016-11-14--20:04
No tools
make: *** No rule to make target 'dcicpp'.  Stop.
Starting
Solving
Showing
**********************************************************
Problem name: HATFLDFL

Number of Variables: 3
Number of Constraints: 0
             Equality: 0
           has_inequality: 0

EXIT: The Algorithm has Converged
f(x) = 6.27158e-05
|c(x)| = 0
|g(x) + J(x)'*y| = 6.50479e-07
y offset = 0
Number of Iterations = 54
Elapsed Time = 0.000519753 s
/home/abel/projetos/linux-cutest/cutest/bin/rundcicpp: line 240: 20196 Floating point exception(core dumped) ${EXEC}/run_${PACKAGE}
