sifdecoder -A pc64.lnx.gfo  HIMMELP6

 Problem name: HIMMELP6

 Double precision version will be formed

 The objective function uses 1 nonlinear group
 
 There are 2 linear inequality constraints
 There are 3 nonlinear inequality constraints
 
 There are 2 variables bounded from below and above 
 
 
 File successfully decoded
/home/abel/documentos/dcicpp-newrun/output-fast-2016-11-14--20:04
No tools
make: *** No rule to make target 'dcicpp'.  Stop.
Starting
Solving
Showing
**********************************************************
Problem name: HIMMELP6

Number of Variables: 2
Number of Constraints: 5
             Equality: 0
           has_inequality: 5

EXIT: The Algorithm has Converged
f(x) = -55.5166
|c(x)| = 5.89024e-10
|g(x) + J(x)'*y| = 6.11656e-07
y offset = 0.000356643
Number of Iterations = 172
Elapsed Time = 0.00564861 s
Normal iterations = 67
Average number of normal iterations = 0.389535
Maximum number of normal iterations during one iteration = 2
Iterations with 0  normal iterations = 106
Iterations with 1  normal iteration  = 65
Iterations with 2+ normal iterations = 1
Restorations = 89
Average number of restorations per normal iteration = 1
**********************************************************
Done
Setup time: 0
Execution time: 0.019998
