sifdecoder -A pc64.lnx.gfo  HIMMELP3

 Problem name: HIMMELP3

 Double precision version will be formed

 The objective function uses 1 nonlinear group
 
 There are 2 nonlinear inequality constraints
 
 There are 2 variables bounded from below and above 
 
 
 File successfully decoded
/home/abel/documentos/dcicpp-newrun/output-fast-2016-11-14--20:04
No tools
make: *** No rule to make target 'dcicpp'.  Stop.
Starting
Solving
Showing
**********************************************************
Problem name: HIMMELP3

Number of Variables: 2
Number of Constraints: 2
             Equality: 0
           has_inequality: 2

EXIT: The Algorithm has Converged
f(x) = -59.0131
|c(x)| = 1.81904e-12
|g(x) + J(x)'*y| = 3.96266e-07
y offset = 0
Number of Iterations = 93
Elapsed Time = 0.00237584 s
Normal iterations = 57
Average number of normal iterations = 0.612903
Maximum number of normal iterations during one iteration = 1
Iterations with 0  normal iterations = 36
Iterations with 1  normal iteration  = 57
Iterations with 2+ normal iterations = 0
Restorations = 57
Average number of restorations per normal iteration = 1
**********************************************************
Done
Setup time: 0.003333
Execution time: 0.006666
