sifdecoder -A pc64.lnx.gfo  HS102

 Problem name: HS102

 Double precision version will be formed

 The objective function uses 1 nonlinear group
 
 There are 5 nonlinear inequality constraints
 
 There are 7 variables bounded from below and above 
 
 
 File successfully decoded
/home/abel/documentos/dcicpp-newrun/output-fast-2016-11-14--20:04
No tools
make: *** No rule to make target 'dcicpp'.  Stop.
Starting
Solving
Showing
**********************************************************
Problem name: HS102   

Number of Variables: 7
Number of Constraints: 5
             Equality: 0
           has_inequality: 5

EXIT: The Algorithm has Converged
f(x) = 911.921
|c(x)| = 2.01524e-07
|g(x) + J(x)'*y| = 9.35737e-07
y offset = 5.42305e-09
Number of Iterations = 2786
Elapsed Time = 0.290061 s
Normal iterations = 567
Average number of normal iterations = 0.203518
Maximum number of normal iterations during one iteration = 2
Iterations with 0  normal iterations = 2227
Iterations with 1  normal iteration  = 551
Iterations with 2+ normal iterations = 8
Restorations = 5700
Average number of restorations per normal iteration = 10
**********************************************************
Done
Setup time: 0
Execution time: 0.463332
