sifdecoder -A pc64.lnx.gfo  HS109

 Problem name: HS109

 Double precision version will be formed

 The objective function uses 1 nonlinear group
 
 There are 2 linear inequality constraints
 There are 6 nonlinear equality constraints
 There are 2 nonlinear inequality constraints
 
 There are 2 variables bounded only from below 
 There are 7 variables bounded from below and above 
 
 
 File successfully decoded
/home/abel/documentos/dcicpp-newrun/output-fast-2016-11-14--20:04
No tools
make: *** No rule to make target 'dcicpp'.  Stop.
Starting
Solving
diagonal below threshold
Status = 2
File   = ../Core/cholmod_common.c
Line   = 707
diagonal below threshold
Status = 2
File   = ../Core/cholmod_common.c
Line   = 707
Showing
**********************************************************
Problem name: HS109   

Number of Variables: 9
Number of Constraints: 10
             Equality: 6
           has_inequality: 4

EXIT: rhomax became too short
Cholesky failed
f(x) = 6858.16
|c(x)| = 2.94517e-07
|g(x) + J(x)'*y| = 0.00103776
y offset = 3.60584e-08
Number of Iterations = 45
Elapsed Time = 0.0105133 s
Normal iterations = 3
Average number of normal iterations = 0.0666667
Maximum number of normal iterations during one iteration = 1
Iterations with 0  normal iterations = 42
Iterations with 1  normal iteration  = 3
Iterations with 2+ normal iterations = 0
Restorations = 576
Average number of restorations per normal iteration = 192
**********************************************************
Done
Setup time: 0.003333
Execution time: 0.029999
