sifdecoder -A pc64.lnx.gfo  HS103

 Problem name: HS103

 Double precision version will be formed

 The objective function uses 1 nonlinear group
 
 There are 5 nonlinear inequality constraints
 
 There are 7 variables bounded from below and above 
 
 
 File successfully decoded
/home/abel/documentos/dcicpp-newrun/output-fast-2016-11-14--20:04
No tools
make: *** No rule to make target 'dcicpp'.  Stop.
Starting
Solving
Showing
**********************************************************
Problem name: HS103   

Number of Variables: 7
Number of Constraints: 5
             Equality: 0
           has_inequality: 5

EXIT: rhomax became too short
f(x) = 557.065
|c(x)| = 9.72094e-07
|g(x) + J(x)'*y| = 1.65297e-05
y offset = 2.89322e-12
Number of Iterations = 2320
Elapsed Time = 0.302208 s
Normal iterations = 603
Average number of normal iterations = 0.259914
Maximum number of normal iterations during one iteration = 2
Iterations with 0  normal iterations = 1722
Iterations with 1  normal iteration  = 593
Iterations with 2+ normal iterations = 5
Restorations = 4849
Average number of restorations per normal iteration = 8
**********************************************************
Done
Setup time: 0
Execution time: 0.473332
