sifdecoder -A pc64.lnx.gfo  HS25

 Problem name: HS25

 Double precision version will be formed

 The objective function uses 99 nonlinear groups
 
 There are 3 variables bounded from below and above 
 
 
 File successfully decoded
/home/abel/documentos/dcicpp-newrun/output-fast-2016-11-14--20:04
No tools
make: *** No rule to make target 'dcicpp'.  Stop.
Starting
Solving
Showing
**********************************************************
Problem name: HS25    

Number of Variables: 3
Number of Constraints: 0
             Equality: 0
           has_inequality: 0

EXIT: The Algorithm has Converged
f(x) = 0.0022492
|c(x)| = 0
|g(x) + J(x)'*y| = 1.35211e-08
y offset = 0
Number of Iterations = 18
Elapsed Time = 0.00528955 s
/home/abel/projetos/linux-cutest/cutest/bin/rundcicpp: line 240: 23320 Floating point exception(core dumped) ${EXEC}/run_${PACKAGE}
