sifdecoder -A pc64.lnx.gfo  HS268

 Problem name: HS268

 Double precision version will be formed

 The objective function uses 1 linear group
 The objective function uses 1 nonlinear group
 
 There are 5 linear inequality constraints
 
 There are 5 free variables
 
 
 File successfully decoded
/home/abel/documentos/dcicpp-newrun/output-fast-2016-11-14--20:04
No tools
make: *** No rule to make target 'dcicpp'.  Stop.
Starting
Solving
Showing
**********************************************************
Problem name: HS268   

Number of Variables: 5
Number of Constraints: 5
             Equality: 0
           has_inequality: 5

EXIT: The Algorithm has Converged
f(x) = 1.70509
|c(x)| = 9.91532e-07
|g(x) + J(x)'*y| = 5.45074e-08
y offset = 4.29501e-06
Number of Iterations = 33
Elapsed Time = 0.00711846 s
Normal iterations = 6
Average number of normal iterations = 0.181818
Maximum number of normal iterations during one iteration = 1
Iterations with 0  normal iterations = 27
Iterations with 1  normal iteration  = 6
Iterations with 2+ normal iterations = 0
Restorations = 313
Average number of restorations per normal iteration = 52
**********************************************************
Done
Setup time: 0
Execution time: 0.020001
