sifdecoder -A pc64.lnx.gfo  HS73

 Problem name: HS73

 Double precision version will be formed

 The objective function uses 1 linear group
 
 There is 1 linear equality constraint
 There is 1 linear inequality constraint
 There is 1 nonlinear inequality constraint
 
 There are 4 variables bounded only from below 
 
 
 File successfully decoded
/home/abel/documentos/dcicpp-newrun/output-fast-2016-11-14--20:04
No tools
make: *** No rule to make target 'dcicpp'.  Stop.
Starting
Solving
Showing
**********************************************************
Problem name: HS73    

Number of Variables: 4
Number of Constraints: 3
             Equality: 1
           has_inequality: 2

EXIT: The Algorithm has Converged
f(x) = 36.55
|c(x)| = 2.07602e-08
|g(x) + J(x)'*y| = 1.91171e-07
y offset = 0
Number of Iterations = 3
Elapsed Time = 0.000402927 s
Normal iterations = 2
Average number of normal iterations = 0.666667
Maximum number of normal iterations during one iteration = 2
Iterations with 0  normal iterations = 2
Iterations with 1  normal iteration  = 0
Iterations with 2+ normal iterations = 1
Restorations = 13
Average number of restorations per normal iteration = 6
**********************************************************
Done
Setup time: 0
Execution time: 0.003333
