sifdecoder -A pc64.lnx.gfo  HS76

 Problem name: HS76

 Double precision version will be formed

 The objective function uses 1 nonlinear group
 
 There are 3 linear inequality constraints
 
 There are 4 variables bounded only from below 
 
 
 File successfully decoded
/home/abel/documentos/dcicpp-newrun/output-fast-2016-11-14--20:04
No tools
make: *** No rule to make target 'dcicpp'.  Stop.
Starting
Solving
Showing
**********************************************************
Problem name: HS76    

Number of Variables: 4
Number of Constraints: 3
             Equality: 0
           has_inequality: 3

EXIT: The Algorithm has Converged
f(x) = -5.25
|c(x)| = 7.69906e-15
|g(x) + J(x)'*y| = 1.72933e-08
y offset = 0
Number of Iterations = 6
Elapsed Time = 0.000362635 s
Normal iterations = 1
Average number of normal iterations = 0.166667
Maximum number of normal iterations during one iteration = 1
Iterations with 0  normal iterations = 5
Iterations with 1  normal iteration  = 1
Iterations with 2+ normal iterations = 0
Restorations = 1
Average number of restorations per normal iteration = 1
**********************************************************
Done
Setup time: 0
Execution time: 0.003333
