sifdecoder -A pc64.lnx.gfo  HS98

 Problem name: HS98

 Double precision version will be formed

 The objective function uses 1 linear group
 
 There are 4 nonlinear inequality constraints
 
 There are 6 variables bounded from below and above 
 
 
 File successfully decoded
/home/abel/documentos/dcicpp-newrun/output-fast-2016-11-14--20:04
No tools
make: *** No rule to make target 'dcicpp'.  Stop.
Starting
Solving
Showing
**********************************************************
Problem name: HS98    

Number of Variables: 6
Number of Constraints: 4
             Equality: 0
           has_inequality: 4

EXIT: The Algorithm has Converged
f(x) = 4.3644
|c(x)| = 1.54239e-07
|g(x) + J(x)'*y| = 1.46469e-07
y offset = 0
Number of Iterations = 5
Elapsed Time = 0.00176883 s
Normal iterations = 3
Average number of normal iterations = 0.6
Maximum number of normal iterations during one iteration = 2
Iterations with 0  normal iterations = 3
Iterations with 1  normal iteration  = 1
Iterations with 2+ normal iterations = 1
Restorations = 147
Average number of restorations per normal iteration = 49
**********************************************************
Done
Setup time: 0
Execution time: 0.006666
