sifdecoder -A pc64.lnx.gfo  HUBFIT

 Problem name: HUBFIT

 Double precision version will be formed

 The objective function uses 5 nonlinear groups
 
 There is 1 linear inequality constraint
 
 There is 1 free variable 
 There is 1 variable bounded only from below 
 
 
 File successfully decoded
/home/abel/documentos/dcicpp-newrun/output-fast-2016-11-14--20:04
No tools
make: *** No rule to make target 'dcicpp'.  Stop.
Starting
Solving
Showing
**********************************************************
Problem name: HUBFIT  

Number of Variables: 2
Number of Constraints: 1
             Equality: 0
           has_inequality: 1

EXIT: The Algorithm has Converged
f(x) = 0.00471768
|c(x)| = 1.74083e-12
|g(x) + J(x)'*y| = 1.50237e-10
y offset = 0
Number of Iterations = 3
Elapsed Time = 0.000259876 s
/home/abel/projetos/linux-cutest/cutest/bin/rundcicpp: line 240: 27215 Floating point exception(core dumped) ${EXEC}/run_${PACKAGE}
