sifdecoder -A pc64.lnx.gfo  KIWCRESC

 Problem name: KIWCRESC

 Double precision version will be formed

 The objective function uses 1 linear group
 
 There are 2 nonlinear inequality constraints
 
 There are 3 free variables
 
 
 File successfully decoded
/home/abel/documentos/dcicpp-newrun/output-fast-2016-11-14--20:04
No tools
make: *** No rule to make target 'dcicpp'.  Stop.
Starting
Solving
Showing
**********************************************************
Problem name: KIWCRESC

Number of Variables: 3
Number of Constraints: 2
             Equality: 0
           has_inequality: 2

EXIT: The Algorithm has Converged
f(x) = -7.56461e-07
|c(x)| = 9.60865e-07
|g(x) + J(x)'*y| = 2.37874e-10
y offset = 0
Number of Iterations = 7
Elapsed Time = 0.00163698 s
Normal iterations = 3
Average number of normal iterations = 0.428571
Maximum number of normal iterations during one iteration = 1
Iterations with 0  normal iterations = 4
Iterations with 1  normal iteration  = 3
Iterations with 2+ normal iterations = 0
Restorations = 181
Average number of restorations per normal iteration = 60
**********************************************************
Done
Setup time: 0
Execution time: 0.006666
