sifdecoder -A pc64.lnx.gfo  LAUNCH

 Problem name: LAUNCH

 Double precision version will be formed

 The objective function uses 1 linear group
 The objective function uses 4 nonlinear groups
 
 There are 6 linear equality constraints
 There are 12 linear inequality constraints
 There are 3 nonlinear equality constraints
 There are 7 nonlinear inequality constraints
 
 There are 25 variables bounded from below and above 
 
 
 File successfully decoded
/home/abel/documentos/dcicpp-newrun/output-fast-2016-11-14--20:04
No tools
make: *** No rule to make target 'dcicpp'.  Stop.
Starting
Solving
Showing
**********************************************************
Problem name: LAUNCH  

Number of Variables: 25
Number of Constraints: 28
             Equality: 9
           has_inequality: 19

EXIT: The maximum number of iterations was reached
f(x) = 10.0082
|c(x)| = 9.44438e-07
|g(x) + J(x)'*y| = 1.16506e-05
y offset = 2.12021e-05
Number of Iterations = 10001
Elapsed Time = 1.37091 s
Normal iterations = 500
Average number of normal iterations = 0.049995
Maximum number of normal iterations during one iteration = 2
Iterations with 0  normal iterations = 9502
Iterations with 1  normal iteration  = 498
Iterations with 2+ normal iterations = 1
Restorations = 2786
Average number of restorations per normal iteration = 5
**********************************************************
Done
Setup time: 0.013332
Execution time: 1.53
