sifdecoder -A pc64.lnx.gfo  LINVERSE

 Problem name: LINVERSE

 Double precision version will be formed

 The objective function uses 2997 nonlinear groups
 
 There are 999 free variables
 There are 1000 variables bounded only from below 
 
 
 File successfully decoded
/home/abel/documentos/dcicpp-newrun/output-fast-2016-11-14--20:04
No tools
make: *** No rule to make target 'dcicpp'.  Stop.
Starting
Solving
Showing
**********************************************************
Problem name: LINVERSE

Number of Variables: 1999
Number of Constraints: 0
             Equality: 0
           has_inequality: 0

EXIT: The Algorithm has Converged
f(x) = 681
|c(x)| = 0
|g(x) + J(x)'*y| = 9.65069e-08
y offset = 0
Number of Iterations = 24
Elapsed Time = 0.116554 s
/home/abel/projetos/linux-cutest/cutest/bin/rundcicpp: line 240: 28214 Floating point exception(core dumped) ${EXEC}/run_${PACKAGE}
