sifdecoder -A pc64.lnx.gfo  MAKELA4

 Problem name: MAKELA4

 Double precision version will be formed

 The objective function uses 1 linear group
 
 There are 40 linear inequality constraints
 
 There are 21 free variables
 
 
 File successfully decoded
/home/abel/documentos/dcicpp-newrun/output-fast-2016-11-14--20:04
No tools
make: *** No rule to make target 'dcicpp'.  Stop.
Starting
Solving
Showing
**********************************************************
Problem name: MAKELA4 

Number of Variables: 21
Number of Constraints: 40
             Equality: 0
           has_inequality: 40

EXIT: The Algorithm has Converged
f(x) = 9.99067e-05
|c(x)| = 3.04036e-11
|g(x) + J(x)'*y| = 3.91628e-07
y offset = 0
Number of Iterations = 42
Elapsed Time = 0.046056 s
Normal iterations = 12
Average number of normal iterations = 0.285714
Maximum number of normal iterations during one iteration = 2
Iterations with 0  normal iterations = 31
Iterations with 1  normal iteration  = 10
Iterations with 2+ normal iterations = 1
Restorations = 327
Average number of restorations per normal iteration = 27
**********************************************************
Done
Setup time: 0.003333
Execution time: 0.136666
