sifdecoder -A pc64.lnx.gfo  MAXLIKA

 Problem name: MAXLIKA

 Double precision version will be formed

 The objective function uses 235 nonlinear groups
 
 There are 8 variables bounded from below and above 
 
 
 File successfully decoded
/home/abel/documentos/dcicpp-newrun/output-fast-2016-11-14--20:04
No tools
make: *** No rule to make target 'dcicpp'.  Stop.
Starting
Solving
Showing
**********************************************************
Problem name: MAXLIKA 

Number of Variables: 8
Number of Constraints: 0
             Equality: 0
           has_inequality: 0

EXIT: The Algorithm has Converged
f(x) = 1142.08
|c(x)| = 0
|g(x) + J(x)'*y| = 4.94188e-08
y offset = 0
Number of Iterations = 26
Elapsed Time = 0.087193 s
/home/abel/projetos/linux-cutest/cutest/bin/rundcicpp: line 240: 29894 Floating point exception(core dumped) ${EXEC}/run_${PACKAGE}
