sifdecoder -A pc64.lnx.gfo  MESH

 Problem name: MESH

 Double precision version will be formed

 The objective function uses 3 nonlinear groups
 
 There are 4 linear equality constraints
 There are 24 linear inequality constraints
 There are 20 nonlinear equality constraints
 
 There are 2 free variables
 There are 14 variables bounded only from below 
 There are 17 variables bounded from below and above 
 There are 8 fixed variables
 
 
 File successfully decoded
/home/abel/documentos/dcicpp-newrun/output-fast-2016-11-14--20:04
No tools
make: *** No rule to make target 'dcicpp'.  Stop.
NOPE preprocessing removed 8 variables
Starting
Solving
Showing
**********************************************************
Problem name: MESH    

Number of Variables: 33
Number of Constraints: 48
             Equality: 24
           has_inequality: 24

EXIT: The Algorithm has Converged
f(x) = -0.0010096
|c(x)| = 5.07303e-08
|g(x) + J(x)'*y| = 9.89579e-07
y offset = 5.7426e-05
Number of Iterations = 183
Elapsed Time = 0.0797384 s
Normal iterations = 55
Average number of normal iterations = 0.300546
Maximum number of normal iterations during one iteration = 1
Iterations with 0  normal iterations = 128
Iterations with 1  normal iteration  = 55
Iterations with 2+ normal iterations = 0
Restorations = 55
Average number of restorations per normal iteration = 1
**********************************************************
Done
Setup time: 0
Execution time: 0.236666
