sifdecoder -A pc64.lnx.gfo  MEYER3

 Problem name: MEYER3

 Double precision version will be formed

 The objective function uses 16 nonlinear groups
 
 There are 3 free variables
 
 
 File successfully decoded
/home/abel/documentos/dcicpp-newrun/output-fast-2016-11-14--20:04
No tools
make: *** No rule to make target 'dcicpp'.  Stop.
Starting
Solving
Showing
**********************************************************
Problem name: MEYER3  

Number of Variables: 3
Number of Constraints: 0
             Equality: 0
           has_inequality: 0

EXIT: The Algorithm has Converged
f(x) = 104.97
|c(x)| = 0
|g(x) + J(x)'*y| = 9.31071e-07
y offset = 0
Number of Iterations = 649
Elapsed Time = 0.0254557 s
/home/abel/projetos/linux-cutest/cutest/bin/rundcicpp: line 240: 30275 Floating point exception(core dumped) ${EXEC}/run_${PACKAGE}
