sifdecoder -A pc64.lnx.gfo  MWRIGHT

 Problem name: MWRIGHT

 Double precision version will be formed

 The objective function uses 5 nonlinear groups
 
 There are 3 nonlinear equality constraints
 
 There are 5 free variables
 
 
 File successfully decoded
/home/abel/documentos/dcicpp-newrun/output-fast-2016-11-14--20:04
No tools
make: *** No rule to make target 'dcicpp'.  Stop.
Starting
Solving
Showing
**********************************************************
Problem name: MWRIGHT 

Number of Variables: 5
Number of Constraints: 3
             Equality: 3
           has_inequality: 0

EXIT: The Algorithm has Converged
f(x) = 24.9788
|c(x)| = 3.41433e-11
|g(x) + J(x)'*y| = 7.60938e-08
y offset = 0
Number of Iterations = 5
Elapsed Time = 0.000360966 s
Normal iterations = 5
Average number of normal iterations = 1
Maximum number of normal iterations during one iteration = 1
Iterations with 0  normal iterations = 0
Iterations with 1  normal iteration  = 5
Iterations with 2+ normal iterations = 0
Restorations = 5
Average number of restorations per normal iteration = 1
**********************************************************
Done
Setup time: 0
Execution time: 0.003333
