sifdecoder -A pc64.lnx.gfo  OPTCDEG2

 Problem name: OPTCDEG2

 Double precision version will be formed

 The objective function uses 1 nonlinear group
 
 There are 1500 linear equality constraints
 There are 1500 nonlinear equality constraints
 
 There are 1500 free variables
 There are 1499 variables bounded only from below 
 There are 1500 variables bounded from below and above 
 There are 3 fixed variables
 
 
 File successfully decoded
/home/abel/documentos/dcicpp-newrun/output-fast-2016-11-14--20:04
No tools
make: *** No rule to make target 'dcicpp'.  Stop.
NOPE preprocessing removed 3 variables
Starting
Solving
Showing
**********************************************************
Problem name: OPTCDEG2

Number of Variables: 4499
Number of Constraints: 3000
             Equality: 3000
           has_inequality: 0

EXIT: The Algorithm has Converged
f(x) = 227.934
|c(x)| = 1.05391e-07
|g(x) + J(x)'*y| = 7.63077e-07
y offset = 0
Number of Iterations = 29
Elapsed Time = 0.721469 s
Normal iterations = 7
Average number of normal iterations = 0.241379
Maximum number of normal iterations during one iteration = 1
Iterations with 0  normal iterations = 22
Iterations with 1  normal iteration  = 7
Iterations with 2+ normal iterations = 0
Restorations = 240
Average number of restorations per normal iteration = 34
**********************************************************
Done
Setup time: 0.106666
Execution time: 0.806666
