sifdecoder -A pc64.lnx.gfo  PALMER5A

 Problem name: PALMER5A

 Double precision version will be formed

 The objective function uses 12 nonlinear groups
 
 There are 6 free variables
 There are 2 variables bounded only from below 
 
 
 File successfully decoded
/home/abel/documentos/dcicpp-newrun/output-fast-2016-11-14--20:04
No tools
make: *** No rule to make target 'dcicpp'.  Stop.
Starting
Solving
Showing
**********************************************************
Problem name: PALMER5A

Number of Variables: 8
Number of Constraints: 0
             Equality: 0
           has_inequality: 0

EXIT: The Algorithm has Converged
f(x) = 2.12806
|c(x)| = 0
|g(x) + J(x)'*y| = 3.17557e-07
y offset = 0
Number of Iterations = 13
Elapsed Time = 0.000370264 s
/home/abel/projetos/linux-cutest/cutest/bin/rundcicpp: line 240:   596 Floating point exception(core dumped) ${EXEC}/run_${PACKAGE}
