sifdecoder -A pc64.lnx.gfo  PFIT2LS

 Problem name: PFIT2LS

 Double precision version will be formed

 The objective function uses 3 nonlinear groups
 
 There are 2 free variables
 There is 1 variable bounded only from below 
 
 
 File successfully decoded
/home/abel/documentos/dcicpp-newrun/output-fast-2016-11-14--20:04
No tools
make: *** No rule to make target 'dcicpp'.  Stop.
Starting
Solving
Showing
**********************************************************
Problem name: PFIT2LS 

Number of Variables: 3
Number of Constraints: 0
             Equality: 0
           has_inequality: 0

EXIT: The Algorithm has Converged
f(x) = 0.00894029
|c(x)| = 0
|g(x) + J(x)'*y| = 4.88445e-07
y offset = 0
Number of Iterations = 37
Elapsed Time = 0.000621557 s
/home/abel/projetos/linux-cutest/cutest/bin/rundcicpp: line 240:  1583 Floating point exception(core dumped) ${EXEC}/run_${PACKAGE}
