sifdecoder -A pc64.lnx.gfo  POLAK3

 Problem name: POLAK3

 Double precision version will be formed

 The objective function uses 1 linear group
 
 There are 10 nonlinear inequality constraints
 
 There are 12 free variables
 
 
 File successfully decoded
/home/abel/documentos/dcicpp-newrun/output-fast-2016-11-14--20:04
No tools
make: *** No rule to make target 'dcicpp'.  Stop.
Starting
Solving
Showing
**********************************************************
Problem name: POLAK3  

Number of Variables: 12
Number of Constraints: 10
             Equality: 0
           has_inequality: 10

EXIT: The Algorithm has Converged
f(x) = 5.933
|c(x)| = 7.28812e-07
|g(x) + J(x)'*y| = 7.07469e-08
y offset = 1.90585e-08
Number of Iterations = 23
Elapsed Time = 0.0275731 s
Normal iterations = 17
Average number of normal iterations = 0.73913
Maximum number of normal iterations during one iteration = 2
Iterations with 0  normal iterations = 7
Iterations with 1  normal iteration  = 15
Iterations with 2+ normal iterations = 1
Restorations = 484
Average number of restorations per normal iteration = 28
**********************************************************
Done
Setup time: 0
Execution time: 0.056665
