sifdecoder -A pc64.lnx.gfo  PORTFL3

 Problem name: PORTFL3

 Double precision version will be formed

 The objective function uses 62 nonlinear groups
 
 There is 1 linear equality constraint
 
 There are 12 variables bounded from below and above 
 
 
 File successfully decoded
/home/abel/documentos/dcicpp-newrun/output-fast-2016-11-14--20:04
No tools
make: *** No rule to make target 'dcicpp'.  Stop.
Starting
Solving
Showing
**********************************************************
Problem name: PORTFL3 

Number of Variables: 12
Number of Constraints: 1
             Equality: 1
           has_inequality: 0

EXIT: The Algorithm has Converged
f(x) = 0.0327506
|c(x)| = 3.99952e-10
|g(x) + J(x)'*y| = 3.02227e-07
y offset = 0
Number of Iterations = 6
Elapsed Time = 0.000521421 s
/home/abel/projetos/linux-cutest/cutest/bin/rundcicpp: line 240:  2100 Floating point exception(core dumped) ${EXEC}/run_${PACKAGE}
