sifdecoder -A pc64.lnx.gfo  POWELLSG

 Problem name: POWELLSG

 Double precision version will be formed

 The objective function uses 5000 nonlinear groups
 
 There are 5000 free variables
 
 
 File successfully decoded
/home/abel/documentos/dcicpp-newrun/output-fast-2016-11-14--20:04
No tools
make: *** No rule to make target 'dcicpp'.  Stop.
Starting
Solving
Showing
**********************************************************
Problem name: POWELLSG

Number of Variables: 5000
Number of Constraints: 0
             Equality: 0
           has_inequality: 0

EXIT: The Algorithm has Converged
f(x) = 0.0207813
|c(x)| = 0
|g(x) + J(x)'*y| = 3.22704e-07
y offset = 0
Number of Iterations = 11
Elapsed Time = 0.0350504 s
/home/abel/projetos/linux-cutest/cutest/bin/rundcicpp: line 240:  2341 Floating point exception(core dumped) ${EXEC}/run_${PACKAGE}
