sifdecoder -A pc64.lnx.gfo  PRIMAL4

 Problem name: PRIMAL4

 Double precision version will be formed

 The objective function uses 1 nonlinear group
 
 There are 75 linear inequality constraints
 
 There are 1488 free variables
 There is 1 variable bounded only from below 
 
 
 File successfully decoded
/home/abel/documentos/dcicpp-newrun/output-fast-2016-11-14--20:04
No tools
make: *** No rule to make target 'dcicpp'.  Stop.
Starting
Solving
Showing
**********************************************************
Problem name: PRIMAL4 

Number of Variables: 1489
Number of Constraints: 75
             Equality: 0
           has_inequality: 75

EXIT: The Algorithm has Converged
f(x) = -1.39106
|c(x)| = 2.72928e-11
|g(x) + J(x)'*y| = 4.29583e-08
y offset = 2.46618e-07
Number of Iterations = 42
Elapsed Time = 0.1958 s
Normal iterations = 1
Average number of normal iterations = 0.0238095
Maximum number of normal iterations during one iteration = 1
Iterations with 0  normal iterations = 41
Iterations with 1  normal iteration  = 1
Iterations with 2+ normal iterations = 0
Restorations = 1
Average number of restorations per normal iteration = 1
**********************************************************
Done
Setup time: 0.023332
Execution time: 0.293334
