sifdecoder -A pc64.lnx.gfo  PRIMALC2

 Problem name: PRIMALC2

 Double precision version will be formed

 The objective function uses 1 nonlinear group
 
 There are 7 linear inequality constraints
 
 There are 2 free variables
 There are 229 variables bounded only from below 
 
 
 File successfully decoded
/home/abel/documentos/dcicpp-newrun/output-fast-2016-11-14--20:04
No tools
make: *** No rule to make target 'dcicpp'.  Stop.
Starting
Solving
Showing
**********************************************************
Problem name: PRIMALC2

Number of Variables: 231
Number of Constraints: 7
             Equality: 0
           has_inequality: 7

EXIT: The Algorithm has Converged
f(x) = -5135
|c(x)| = 3.40541e-07
|g(x) + J(x)'*y| = 6.65261e-07
y offset = 1.4053e-09
Number of Iterations = 33
Elapsed Time = 0.0150409 s
Normal iterations = 2
Average number of normal iterations = 0.0606061
Maximum number of normal iterations during one iteration = 1
Iterations with 0  normal iterations = 31
Iterations with 1  normal iteration  = 2
Iterations with 2+ normal iterations = 0
Restorations = 29
Average number of restorations per normal iteration = 14
**********************************************************
Done
Setup time: 0.003333
Execution time: 0.046665
