sifdecoder -A pc64.lnx.gfo  PRIMALC1

 Problem name: PRIMALC1

 Double precision version will be formed

 The objective function uses 1 nonlinear group
 
 There are 9 linear inequality constraints
 
 There are 15 free variables
 There are 215 variables bounded only from below 
 
 
 File successfully decoded
/home/abel/documentos/dcicpp-newrun/output-fast-2016-11-14--20:04
No tools
make: *** No rule to make target 'dcicpp'.  Stop.
Starting
Solving
Showing
**********************************************************
Problem name: PRIMALC1

Number of Variables: 230
Number of Constraints: 9
             Equality: 0
           has_inequality: 9

EXIT: The maximum number of iterations was reached
f(x) = 154.267
|c(x)| = 1.8942e-07
|g(x) + J(x)'*y| = 0.0068464
y offset = 4.06973e-08
Number of Iterations = 10001
Elapsed Time = 3.42784 s
Normal iterations = 1
Average number of normal iterations = 9.999e-05
Maximum number of normal iterations during one iteration = 1
Iterations with 0  normal iterations = 10000
Iterations with 1  normal iteration  = 1
Iterations with 2+ normal iterations = 0
Restorations = 6
Average number of restorations per normal iteration = 6
**********************************************************
Done
Setup time: 0.003333
Execution time: 3.59333
