sifdecoder -A pc64.lnx.gfo  SINVALNE

 Problem name: SINVALNE

 Double precision version will be formed

 
 There is 1 linear equality constraint
 There is 1 nonlinear equality constraint
 
 There are 2 free variables
 
 
 File successfully decoded
/home/abel/documentos/dcicpp-newrun/output-fast-2016-11-14--20:04
No tools
make: *** No rule to make target 'dcicpp'.  Stop.
NOPE preprocessing removed 1 variables
NOPE preprocessing removed 1 contraints
Starting
Solving
Showing
**********************************************************
Problem name: SINVALNE

Number of Variables: 1
Number of Constraints: 1
             Equality: 1
           has_inequality: 0

EXIT: The Algorithm has Converged
f(x) = 0
|c(x)| = 2.22045e-15
|g(x) + J(x)'*y| = 0
y offset = 0
Number of Iterations = 1
Elapsed Time = 0.000220537 s
Normal iterations = 1
Average number of normal iterations = 1
Maximum number of normal iterations during one iteration = 1
Iterations with 0  normal iterations = 0
Iterations with 1  normal iteration  = 1
Iterations with 2+ normal iterations = 0
Restorations = 1
Average number of restorations per normal iteration = 1
**********************************************************
Done
Setup time: 0
Execution time: 0.003333
