sifdecoder -A pc64.lnx.gfo  SIPOW2

 Problem name: SIPOW2

 Double precision version will be formed

 The objective function uses 1 linear group
 
 There are 2000 linear inequality constraints
 
 There are 2 free variables
 
 
 File successfully decoded
/home/abel/documentos/dcicpp-newrun/output-fast-2016-11-14--20:04
No tools
make: *** No rule to make target 'dcicpp'.  Stop.
NOPE preprocessing removed 1000 contraints
Starting
Solving
Showing
**********************************************************
Problem name: SIPOW2  

Number of Variables: 2
Number of Constraints: 1000
             Equality: 0
           has_inequality: 1000

EXIT: The Algorithm has Converged
f(x) = -1.93254
|c(x)| = 1.07481e-09
|g(x) + J(x)'*y| = 2.80346e-07
y offset = 0.0332015
Number of Iterations = 29
Elapsed Time = 5.34057 s
/home/abel/projetos/linux-cutest/cutest/bin/rundcicpp: line 240:  4907 Floating point exception(core dumped) ${EXEC}/run_${PACKAGE}
