sifdecoder -A pc64.lnx.gfo  AVGASB

 Problem name: AVGASB

 Double precision version will be formed

 The objective function uses 1 nonlinear group
 
 There are 10 linear inequality constraints
 
 There are 8 variables bounded from below and above 
 
 
 File successfully decoded
/home/abel/documentos/dcicpp-newrun/output-dcicpp-fast-2016-11-24--08:39
No tools
make: *** No rule to make target 'dcicpp'.  Stop.
Starting
Solving
Showing
**********************************************************
Problem name: AVGASB  

Number of Variables: 8
Number of Constraints: 10
             Equality: 0
           has_inequality: 10

EXIT: The Algorithm has Converged
f(x) = -4.48322
|c(x)| = 9.9453e-07
|g(x) + J(x)'*y| = 3.50257e-09
y offset = 2.54496e-09
Number of Iterations = 7
Elapsed Time = 0.00557256 s
Normal iterations = 2
Average number of normal iterations = 0.285714
Maximum number of normal iterations during one iteration = 1
Iterations with 0  normal iterations = 5
Iterations with 1  normal iteration  = 2
Iterations with 2+ normal iterations = 0
Restorations = 380
Average number of restorations per normal iteration = 190
**********************************************************
Done
Setup time: 0.013333
Execution time: 0.016666
