sifdecoder -A pc64.lnx.gfo  BURKEHAN

 Problem name: BURKEHAN

 Double precision version will be formed

 The objective function uses 1 linear group
 
 There is 1 nonlinear inequality constraint
 
 There is 1 variable bounded only from above 
 
 
 File successfully decoded
/home/abel/documentos/dcicpp-newrun/output-dcicpp-fast-2016-11-24--08:39
No tools
make: *** No rule to make target 'dcicpp'.  Stop.
Starting
Solving
diagonal below threshold
Status = 2
File   = ../Core/cholmod_common.c
Line   = 719
Showing
**********************************************************
Problem name: BURKEHAN

Number of Variables: 1
Number of Constraints: 1
             Equality: 0
           has_inequality: 1

EXIT: The maximum number of restorarions was reached
Cholesky failed
f(x) = -9.97265e-09
|c(x)| = 1
|g(x) + J(x)'*y| = 0.0119295
y offset = 0
Number of Iterations = 2
Elapsed Time = 0.112313 s
Normal iterations = 1
Average number of normal iterations = 0.5
Maximum number of normal iterations during one iteration = 1
Iterations with 0  normal iterations = 1
Iterations with 1  normal iteration  = 1
Iterations with 2+ normal iterations = 0
Restorations = 10001
Average number of restorations per normal iteration = 10001
**********************************************************
Done
Setup time: 0
Execution time: 0.346665
