sifdecoder -A pc64.lnx.gfo  CLUSTER

 Problem name: CLUSTER

 Double precision version will be formed

 
 There are 2 nonlinear equality constraints
 
 There are 2 free variables
 
 
 File successfully decoded
/home/abel/documentos/dcicpp-newrun/output-dcicpp-fast-2016-11-24--08:39
No tools
make: *** No rule to make target 'dcicpp'.  Stop.
Starting
diagonal below threshold
Status = 2
File   = ../Core/cholmod_common.c
Line   = 719
Solving
Showing
**********************************************************
Problem name: CLUSTER 

Number of Variables: 2
Number of Constraints: 2
             Equality: 2
           has_inequality: 0

EXIT: The Algorithm has Converged
Cholesky failed
f(x) = 0
|c(x)| = 7.74787e-08
|g(x) + J(x)'*y| = 0
y offset = 0
Number of Iterations = 1
Elapsed Time = 0.000302553 s
Normal iterations = 2
Average number of normal iterations = 2
Maximum number of normal iterations during one iteration = 2
Iterations with 0  normal iterations = 0
Iterations with 1  normal iteration  = 0
Iterations with 2+ normal iterations = 1
Restorations = 8
Average number of restorations per normal iteration = 4
**********************************************************
Done
Setup time: 0
Execution time: 0.006666
