sifdecoder -A pc64.lnx.gfo  DEMYMALO

 Problem name: DEMYMALO

 Double precision version will be formed

 The objective function uses 1 linear group
 
 There are 2 linear inequality constraints
 There is 1 nonlinear inequality constraint
 
 There are 3 free variables
 
 
 File successfully decoded
/home/abel/documentos/dcicpp-newrun/output-dcicpp-fast-2016-11-24--08:39
No tools
make: *** No rule to make target 'dcicpp'.  Stop.
Starting
Solving
Showing
**********************************************************
Problem name: DEMYMALO

Number of Variables: 3
Number of Constraints: 3
             Equality: 0
           has_inequality: 3

EXIT: The Algorithm has Converged
f(x) = -3
|c(x)| = 9.9321e-07
|g(x) + J(x)'*y| = 1.37681e-08
y offset = 0
Number of Iterations = 10
Elapsed Time = 0.00198126 s
Normal iterations = 10
Average number of normal iterations = 1
Maximum number of normal iterations during one iteration = 2
Iterations with 0  normal iterations = 2
Iterations with 1  normal iteration  = 6
Iterations with 2+ normal iterations = 2
Restorations = 212
Average number of restorations per normal iteration = 21
**********************************************************
Done
Setup time: 0
Execution time: 0.009999
