sifdecoder -A pc64.lnx.gfo  DISC2

 Problem name: DISC2

 Double precision version will be formed

 The objective function uses 1 linear group
 
 There are 17 nonlinear equality constraints
 There are 6 nonlinear inequality constraints
 
 There are 22 free variables
 There are 7 variables bounded from below and above 
 
 
 File successfully decoded
/home/abel/documentos/dcicpp-newrun/output-dcicpp-fast-2016-11-24--08:39
No tools
make: *** No rule to make target 'dcicpp'.  Stop.
Starting
Solving
Showing
**********************************************************
Problem name: DISC2   

Number of Variables: 29
Number of Constraints: 23
             Equality: 17
           has_inequality: 6

EXIT: The Algorithm has Converged
f(x) = 1.5625
|c(x)| = 5.54692e-09
|g(x) + J(x)'*y| = 3.57139e-07
y offset = 1.4191e-07
Number of Iterations = 24
Elapsed Time = 0.0146921 s
Normal iterations = 10
Average number of normal iterations = 0.416667
Maximum number of normal iterations during one iteration = 1
Iterations with 0  normal iterations = 14
Iterations with 1  normal iteration  = 10
Iterations with 2+ normal iterations = 0
Restorations = 401
Average number of restorations per normal iteration = 40
**********************************************************
Done
Setup time: 0.003333
Execution time: 0.049999
