sifdecoder -A pc64.lnx.gfo  EXPFITA

 Problem name: EXPFITA

 Double precision version will be formed

 The objective function uses 1 nonlinear group
 
 There are 22 linear inequality constraints
 
 There are 5 free variables
 
 
 File successfully decoded
/home/abel/documentos/dcicpp-newrun/output-dcicpp-fast-2016-11-24--08:39
No tools
make: *** No rule to make target 'dcicpp'.  Stop.
NOPE preprocessing removed 1 contraints
Starting
Solving
Showing
**********************************************************
Problem name: EXPFITA 

Number of Variables: 5
Number of Constraints: 21
             Equality: 0
           has_inequality: 21

EXIT: The Algorithm has Converged
f(x) = 0.00743069
|c(x)| = 3.81925e-07
|g(x) + J(x)'*y| = 5.14315e-07
y offset = 5.73876e-06
Number of Iterations = 19
Elapsed Time = 0.00132918 s
Normal iterations = 1
Average number of normal iterations = 0.0526316
Maximum number of normal iterations during one iteration = 1
Iterations with 0  normal iterations = 18
Iterations with 1  normal iteration  = 1
Iterations with 2+ normal iterations = 0
Restorations = 1
Average number of restorations per normal iteration = 1
**********************************************************
Done
Setup time: 0.003333
Execution time: 0.003333
