sifdecoder -A pc64.lnx.gfo  HALDMADS

 Problem name: HALDMADS

 Double precision version will be formed

 The objective function uses 1 linear group
 
 There are 42 nonlinear inequality constraints
 
 There are 6 free variables
 
 
 File successfully decoded
/home/abel/documentos/dcicpp-newrun/output-dcicpp-fast-2016-11-24--08:39
No tools
make: *** No rule to make target 'dcicpp'.  Stop.
Starting
Solving
Showing
**********************************************************
Problem name: HALDMADS

Number of Variables: 6
Number of Constraints: 42
             Equality: 0
           has_inequality: 42

EXIT: The Algorithm has Converged
f(x) = 2.50672
|c(x)| = 1.69542e-10
|g(x) + J(x)'*y| = 4.96471e-07
y offset = 3.17835e-05
Number of Iterations = 69
Elapsed Time = 0.078943 s
Normal iterations = 38
Average number of normal iterations = 0.550725
Maximum number of normal iterations during one iteration = 2
Iterations with 0  normal iterations = 32
Iterations with 1  normal iteration  = 36
Iterations with 2+ normal iterations = 1
Restorations = 580
Average number of restorations per normal iteration = 15
**********************************************************
Done
Setup time: 0
Execution time: 0.289999
