sifdecoder -A pc64.lnx.gfo  HATFLDH

 Problem name: HATFLDH

 Double precision version will be formed

 The objective function uses 1 nonlinear group
 
 There are 7 linear inequality constraints
 
 There are 4 variables bounded from below and above 
 
 
 File successfully decoded
/home/abel/documentos/dcicpp-newrun/output-dcicpp-fast-2016-11-24--08:39
No tools
make: *** No rule to make target 'dcicpp'.  Stop.
Starting
Solving
Showing
**********************************************************
Problem name: HATFLDH 

Number of Variables: 4
Number of Constraints: 7
             Equality: 0
           has_inequality: 7

EXIT: The Algorithm has Converged
f(x) = -24.5
|c(x)| = 9.64728e-07
|g(x) + J(x)'*y| = 1.02015e-07
y offset = 0.701403
Number of Iterations = 9
Elapsed Time = 0.00236273 s
Normal iterations = 4
Average number of normal iterations = 0.444444
Maximum number of normal iterations during one iteration = 1
Iterations with 0  normal iterations = 5
Iterations with 1  normal iteration  = 4
Iterations with 2+ normal iterations = 0
Restorations = 197
Average number of restorations per normal iteration = 49
**********************************************************
Done
Setup time: 0.003333
Execution time: 0.009999
