sifdecoder -A pc64.lnx.gfo  HIMMELP5

 Problem name: HIMMELP5

 Double precision version will be formed

 The objective function uses 1 nonlinear group
 
 There are 3 nonlinear inequality constraints
 
 There are 2 variables bounded from below and above 
 
 
 File successfully decoded
/home/abel/documentos/dcicpp-newrun/output-dcicpp-fast-2016-11-24--08:39
No tools
make: *** No rule to make target 'dcicpp'.  Stop.
Starting
Solving
Showing
**********************************************************
Problem name: HIMMELP5

Number of Variables: 2
Number of Constraints: 3
             Equality: 0
           has_inequality: 3

EXIT: The Algorithm has Converged
f(x) = -59.0132
|c(x)| = 1.84741e-13
|g(x) + J(x)'*y| = 1.33612e-10
y offset = 0
Number of Iterations = 131
Elapsed Time = 0.00357246 s
Normal iterations = 83
Average number of normal iterations = 0.633588
Maximum number of normal iterations during one iteration = 2
Iterations with 0  normal iterations = 49
Iterations with 1  normal iteration  = 81
Iterations with 2+ normal iterations = 1
Restorations = 99
Average number of restorations per normal iteration = 1
**********************************************************
Done
Setup time: 0.003333
Execution time: 0.013333
