sifdecoder -A pc64.lnx.gfo  HIMMELP3

 Problem name: HIMMELP3

 Double precision version will be formed

 The objective function uses 1 nonlinear group
 
 There are 2 nonlinear inequality constraints
 
 There are 2 variables bounded from below and above 
 
 
 File successfully decoded
/home/abel/documentos/dcicpp-newrun/output-dcicpp-fast-2016-11-24--08:39
No tools
make: *** No rule to make target 'dcicpp'.  Stop.
Starting
Solving
Showing
**********************************************************
Problem name: HIMMELP3

Number of Variables: 2
Number of Constraints: 2
             Equality: 0
           has_inequality: 2

EXIT: The Algorithm has Converged
f(x) = -59.0132
|c(x)| = 9.75243e-07
|g(x) + J(x)'*y| = 2.20584e-10
y offset = 0
Number of Iterations = 7564
Elapsed Time = 0.120429 s
Normal iterations = 7527
Average number of normal iterations = 0.995108
Maximum number of normal iterations during one iteration = 1
Iterations with 0  normal iterations = 37
Iterations with 1  normal iteration  = 7527
Iterations with 2+ normal iterations = 0
Restorations = 7606
Average number of restorations per normal iteration = 1
**********************************************************
Done
Setup time: 0.003333
Execution time: 0.369999
