sifdecoder -A pc64.lnx.gfo  HONG

 Problem name: HONG

 Double precision version will be formed

 The objective function uses 1 nonlinear group
 
 There is 1 linear equality constraint
 
 There are 4 variables bounded from below and above 
 
 
 File successfully decoded
/home/abel/documentos/dcicpp-newrun/output-dcicpp-fast-2016-11-24--08:39
No tools
make: *** No rule to make target 'dcicpp'.  Stop.
Starting
Solving
Showing
**********************************************************
Problem name: HONG    

Number of Variables: 4
Number of Constraints: 1
             Equality: 1
           has_inequality: 0

EXIT: The Algorithm has Converged
f(x) = 22.5711
|c(x)| = 2.77556e-16
|g(x) + J(x)'*y| = 7.92868e-08
y offset = 0
Number of Iterations = 6
Elapsed Time = 0.000349045 s
Normal iterations = 1
Average number of normal iterations = 0.166667
Maximum number of normal iterations during one iteration = 1
Iterations with 0  normal iterations = 5
Iterations with 1  normal iteration  = 1
Iterations with 2+ normal iterations = 0
Restorations = 1
Average number of restorations per normal iteration = 1
**********************************************************
Done
Setup time: 0
Execution time: 0.003333
