sifdecoder -A pc64.lnx.gfo  HS106

 Problem name: HS106

 Double precision version will be formed

 The objective function uses 1 linear group
 
 There are 3 linear inequality constraints
 There are 3 nonlinear inequality constraints
 
 There are 8 variables bounded from below and above 
 
 
 File successfully decoded
/home/abel/documentos/dcicpp-newrun/output-dcicpp-fast-2016-11-24--08:39
No tools
make: *** No rule to make target 'dcicpp'.  Stop.
Starting
Solving
Showing
**********************************************************
Problem name: HS106   

Number of Variables: 8
Number of Constraints: 6
             Equality: 0
           has_inequality: 6

EXIT: The Algorithm has Converged
f(x) = 10547.4
|c(x)| = 9.94167e-07
|g(x) + J(x)'*y| = 9.48368e-07
y offset = 0
Number of Iterations = 291
Elapsed Time = 0.0903656 s
Normal iterations = 171
Average number of normal iterations = 0.587629
Maximum number of normal iterations during one iteration = 1
Iterations with 0  normal iterations = 120
Iterations with 1  normal iteration  = 171
Iterations with 2+ normal iterations = 0
Restorations = 7814
Average number of restorations per normal iteration = 45
**********************************************************
Done
Setup time: 0
Execution time: 0.346666
