sifdecoder -A pc64.lnx.gfo  HS112

 Problem name: HS112

 Double precision version will be formed

 The objective function uses 1 nonlinear group
 
 There are 3 linear equality constraints
 
 There are 10 variables bounded only from below 
 
 
 File successfully decoded
/home/abel/documentos/dcicpp-newrun/output-dcicpp-fast-2016-11-24--08:39
No tools
make: *** No rule to make target 'dcicpp'.  Stop.
Starting
Solving
Showing
**********************************************************
Problem name: HS112   

Number of Variables: 10
Number of Constraints: 3
             Equality: 3
           has_inequality: 0

EXIT: The Algorithm has Converged
f(x) = -47.759
|c(x)| = 1.69092e-12
|g(x) + J(x)'*y| = 9.52024e-07
y offset = 0
Number of Iterations = 7
Elapsed Time = 0.000534296 s
Normal iterations = 1
Average number of normal iterations = 0.142857
Maximum number of normal iterations during one iteration = 1
Iterations with 0  normal iterations = 6
Iterations with 1  normal iteration  = 1
Iterations with 2+ normal iterations = 0
Restorations = 1
Average number of restorations per normal iteration = 1
**********************************************************
Done
Setup time: 0.003333
Execution time: -5.66244e-13
