sifdecoder -A pc64.lnx.gfo  HS29

 Problem name: HS29

 Double precision version will be formed

 The objective function uses 1 nonlinear group
 
 There is 1 nonlinear inequality constraint
 
 There are 3 free variables
 
 
 File successfully decoded
/home/abel/documentos/dcicpp-newrun/output-dcicpp-fast-2016-11-24--08:39
No tools
make: *** No rule to make target 'dcicpp'.  Stop.
Starting
Solving
Showing
**********************************************************
Problem name: HS29    

Number of Variables: 3
Number of Constraints: 1
             Equality: 0
           has_inequality: 1

EXIT: The Algorithm has Converged
f(x) = -22.6274
|c(x)| = 1.89942e-07
|g(x) + J(x)'*y| = 7.65672e-07
y offset = 0
Number of Iterations = 24
Elapsed Time = 0.000732183 s
Normal iterations = 15
Average number of normal iterations = 0.625
Maximum number of normal iterations during one iteration = 1
Iterations with 0  normal iterations = 9
Iterations with 1  normal iteration  = 15
Iterations with 2+ normal iterations = 0
Restorations = 15
Average number of restorations per normal iteration = 1
**********************************************************
Done
Setup time: 0
Execution time: 0.003333
