sifdecoder -A pc64.lnx.gfo  HS30

 Problem name: HS30

 Double precision version will be formed

 The objective function uses 1 nonlinear group
 
 There is 1 nonlinear inequality constraint
 
 There are 3 variables bounded from below and above 
 
 
 File successfully decoded
/home/abel/documentos/dcicpp-newrun/output-dcicpp-fast-2016-11-24--08:39
No tools
make: *** No rule to make target 'dcicpp'.  Stop.
Starting
Solving
Showing
**********************************************************
Problem name: HS30    

Number of Variables: 3
Number of Constraints: 1
             Equality: 0
           has_inequality: 1

EXIT: The Algorithm has Converged
f(x) = 1.00001
|c(x)| = 9.49663e-07
|g(x) + J(x)'*y| = 7.94781e-07
y offset = 0
Number of Iterations = 20
Elapsed Time = 0.000862122 s
Normal iterations = 10
Average number of normal iterations = 0.5
Maximum number of normal iterations during one iteration = 1
Iterations with 0  normal iterations = 10
Iterations with 1  normal iteration  = 10
Iterations with 2+ normal iterations = 0
Restorations = 59
Average number of restorations per normal iteration = 5
**********************************************************
Done
Setup time: 0
Execution time: 0.006666
