sifdecoder -A pc64.lnx.gfo  HS56

 Problem name: HS56

 Double precision version will be formed

 The objective function uses 1 nonlinear group
 
 There are 4 nonlinear equality constraints
 
 There are 7 free variables
 
 
 File successfully decoded
/home/abel/documentos/dcicpp-newrun/output-dcicpp-fast-2016-11-24--08:39
No tools
make: *** No rule to make target 'dcicpp'.  Stop.
Starting
Solving
Showing
**********************************************************
Problem name: HS56    

Number of Variables: 7
Number of Constraints: 4
             Equality: 4
           has_inequality: 0

EXIT: The Algorithm has Converged
f(x) = -3.456
|c(x)| = 5.83549e-10
|g(x) + J(x)'*y| = 3.29425e-11
y offset = 0
Number of Iterations = 9
Elapsed Time = 0.000639677 s
Normal iterations = 6
Average number of normal iterations = 0.666667
Maximum number of normal iterations during one iteration = 2
Iterations with 0  normal iterations = 4
Iterations with 1  normal iteration  = 4
Iterations with 2+ normal iterations = 1
Restorations = 8
Average number of restorations per normal iteration = 1
**********************************************************
Done
Setup time: 0
Execution time: 0.003333
