sifdecoder -A pc64.lnx.gfo  HS84

 Problem name: HS84

 Double precision version will be formed

 The objective function uses 1 nonlinear group
 
 There are 3 nonlinear inequality constraints
 
 There are 5 variables bounded from below and above 
 
 
 File successfully decoded
/home/abel/documentos/dcicpp-newrun/output-dcicpp-fast-2016-11-24--08:39
No tools
make: *** No rule to make target 'dcicpp'.  Stop.
Starting
Solving
Showing
**********************************************************
Problem name: HS84    

Number of Variables: 5
Number of Constraints: 3
             Equality: 0
           has_inequality: 3

EXIT: The Algorithm has Converged
f(x) = -5.26368e+06
|c(x)| = 1.45418e-08
|g(x) + J(x)'*y| = 9.98631e-07
y offset = 1.91292e-05
Number of Iterations = 4675
Elapsed Time = 0.171542 s
Normal iterations = 4547
Average number of normal iterations = 0.97262
Maximum number of normal iterations during one iteration = 1
Iterations with 0  normal iterations = 128
Iterations with 1  normal iteration  = 4547
Iterations with 2+ normal iterations = 0
Restorations = 4547
Average number of restorations per normal iteration = 1
**********************************************************
Done
Setup time: 0
Execution time: 0.413332
