sifdecoder -A pc64.lnx.gfo  LOTSCHD

 Problem name: LOTSCHD

 Double precision version will be formed

 The objective function uses 6 nonlinear groups
 
 There are 7 linear equality constraints
 
 There are 12 variables bounded only from below 
 
 
 File successfully decoded
/home/abel/documentos/dcicpp-newrun/output-dcicpp-fast-2016-11-24--08:39
No tools
make: *** No rule to make target 'dcicpp'.  Stop.
Starting
Solving
Showing
**********************************************************
Problem name: LOTSCHD 

Number of Variables: 12
Number of Constraints: 7
             Equality: 7
           has_inequality: 0

EXIT: The Algorithm has Converged
f(x) = 2398.42
|c(x)| = 6.7882e-10
|g(x) + J(x)'*y| = 3.38499e-08
y offset = 0
Number of Iterations = 17
Elapsed Time = 0.00301433 s
Normal iterations = 3
Average number of normal iterations = 0.176471
Maximum number of normal iterations during one iteration = 1
Iterations with 0  normal iterations = 14
Iterations with 1  normal iteration  = 3
Iterations with 2+ normal iterations = 0
Restorations = 146
Average number of restorations per normal iteration = 48
**********************************************************
Done
Setup time: 0.003333
Execution time: 0.009999
