sifdecoder -A pc64.lnx.gfo  ODFITS

 Problem name: ODFITS

 Double precision version will be formed

 The objective function uses 10 nonlinear groups
 
 There are 6 linear equality constraints
 
 There are 10 variables bounded only from below 
 
 
 File successfully decoded
/home/abel/documentos/dcicpp-newrun/output-dcicpp-fast-2016-11-24--08:39
No tools
make: *** No rule to make target 'dcicpp'.  Stop.
Starting
Solving
Showing
**********************************************************
Problem name: ODFITS  

Number of Variables: 10
Number of Constraints: 6
             Equality: 6
           has_inequality: 0

EXIT: The Algorithm has Converged
f(x) = -2380.03
|c(x)| = 3.41995e-09
|g(x) + J(x)'*y| = 5.62335e-07
y offset = 0
Number of Iterations = 8
Elapsed Time = 0.000453949 s
Normal iterations = 1
Average number of normal iterations = 0.125
Maximum number of normal iterations during one iteration = 1
Iterations with 0  normal iterations = 7
Iterations with 1  normal iteration  = 1
Iterations with 2+ normal iterations = 0
Restorations = 1
Average number of restorations per normal iteration = 1
**********************************************************
Done
Setup time: 0.003333
Execution time: -5.66244e-13
