sifdecoder -A pc64.lnx.gfo  POLAK4

 Problem name: POLAK4

 Double precision version will be formed

 The objective function uses 1 linear group
 
 There are 3 nonlinear inequality constraints
 
 There are 3 free variables
 
 
 File successfully decoded
/home/abel/documentos/dcicpp-newrun/output-dcicpp-fast-2016-11-24--08:39
No tools
make: *** No rule to make target 'dcicpp'.  Stop.
Starting
Solving
Showing
**********************************************************
Problem name: POLAK4  

Number of Variables: 3
Number of Constraints: 3
             Equality: 0
           has_inequality: 3

EXIT: The Algorithm has Converged
f(x) = 6.24458e-09
|c(x)| = 9.85695e-07
|g(x) + J(x)'*y| = 1.2284e-10
y offset = 0.000475982
Number of Iterations = 22
Elapsed Time = 0.00500727 s
Normal iterations = 7
Average number of normal iterations = 0.318182
Maximum number of normal iterations during one iteration = 1
Iterations with 0  normal iterations = 15
Iterations with 1  normal iteration  = 7
Iterations with 2+ normal iterations = 0
Restorations = 518
Average number of restorations per normal iteration = 74
**********************************************************
Done
Setup time: 0.003333
Execution time: 0.019999
