sifdecoder -A pc64.lnx.gfo  QPCBLEND

 Problem name: QPCBLEND

 Double precision version will be formed

 The objective function uses 1 nonlinear group
 
 There are 43 linear equality constraints
 There are 31 linear inequality constraints
 
 There are 83 variables bounded only from below 
 
 
 File successfully decoded
/home/abel/documentos/dcicpp-newrun/output-dcicpp-fast-2016-11-24--08:39
No tools
make: *** No rule to make target 'dcicpp'.  Stop.
NOPE preprocessing removed 2 contraints
Starting
Solving
diagonal below threshold
Status = 2
File   = ../Core/cholmod_common.c
Line   = 719
Showing
**********************************************************
Problem name: QPCBLEND

Number of Variables: 83
Number of Constraints: 72
             Equality: 43
           has_inequality: 29

EXIT: The Algorithm has Converged
Cholesky failed
f(x) = -0.00773571
|c(x)| = 2.01951e-14
|g(x) + J(x)'*y| = 9.88185e-07
y offset = 6.32055e-05
Number of Iterations = 74
Elapsed Time = 0.0305083 s
Normal iterations = 8
Average number of normal iterations = 0.108108
Maximum number of normal iterations during one iteration = 1
Iterations with 0  normal iterations = 66
Iterations with 1  normal iteration  = 8
Iterations with 2+ normal iterations = 0
Restorations = 96
Average number of restorations per normal iteration = 12
**********************************************************
Done
Setup time: 0.003333
Execution time: 0.093332
