sifdecoder -A pc64.lnx.gfo  SWOPF

 Problem name: SWOPF

 Double precision version will be formed

 The objective function uses 1 linear group
 
 There are 43 linear equality constraints
 There are 35 nonlinear equality constraints
 There are 14 nonlinear inequality constraints
 
 There are 73 free variables
 There are 10 variables bounded from below and above 
 
 
 File successfully decoded
/home/abel/documentos/dcicpp-newrun/output-dcicpp-fast-2016-11-24--08:39
No tools
make: *** No rule to make target 'dcicpp'.  Stop.
NOPE preprocessing removed 1 variables
NOPE preprocessing removed 1 contraints
Starting
Solving
Showing
**********************************************************
Problem name: SWOPF   

Number of Variables: 82
Number of Constraints: 91
             Equality: 77
           has_inequality: 14

EXIT: The Algorithm has Converged
f(x) = 0.159805
|c(x)| = 4.98108e-08
|g(x) + J(x)'*y| = 5.76177e-07
y offset = 0.00573038
Number of Iterations = 3
Elapsed Time = 0.00996161 s
Normal iterations = 3
Average number of normal iterations = 1
Maximum number of normal iterations during one iteration = 2
Iterations with 0  normal iterations = 1
Iterations with 1  normal iteration  = 1
Iterations with 2+ normal iterations = 1
Restorations = 78
Average number of restorations per normal iteration = 26
**********************************************************
Done
Setup time: 0
Execution time: 0.039999
