sifdecoder -A pc64.lnx.gfo  ZECEVIC3

 Problem name: ZECEVIC3

 Double precision version will be formed

 The objective function uses 1 nonlinear group
 
 There are 2 nonlinear inequality constraints
 
 There are 2 variables bounded from below and above 
 
 
 File successfully decoded
/home/abel/documentos/dcicpp-newrun/output-dcicpp-fast-2016-11-24--08:39
No tools
make: *** No rule to make target 'dcicpp'.  Stop.
Starting
Solving
Showing
**********************************************************
Problem name: ZECEVIC3

Number of Variables: 2
Number of Constraints: 2
             Equality: 0
           has_inequality: 2

EXIT: The Algorithm has Converged
f(x) = 97.3094
|c(x)| = 9.50627e-07
|g(x) + J(x)'*y| = 9.27064e-08
y offset = 0
Number of Iterations = 20
Elapsed Time = 0.00238252 s
Normal iterations = 15
Average number of normal iterations = 0.75
Maximum number of normal iterations during one iteration = 2
Iterations with 0  normal iterations = 8
Iterations with 1  normal iteration  = 9
Iterations with 2+ normal iterations = 3
Restorations = 284
Average number of restorations per normal iteration = 18
**********************************************************
Done
Setup time: 0
Execution time: 0.009999
