sifdecoder -A pc64.lnx.gfo -st   ROSENBR

 Problem name: ROSENBR

 Double precision version will be formed

 The objective function uses 1 linear group
 The objective function uses 1 nonlinear group
 
 There are 2 free variables
 
 
 File successfully decoded
/home/abel/documentos/dcicpp-newrun/output-dci-small-2016-11-17--11:16
/home/abel/projetos/linux-cutest/cutest/makefiles/pc64.lnx.gfo:74: /home/abel/projetos/linux-cutest/cutest/src/dci/makemaster: No such file or directory
make: *** No rule to make target '/home/abel/projetos/linux-cutest/cutest/src/dci/makemaster'.  Stop.
Done

 ** SUBROUTINE CUTEST_csetup: Warning. The problem has no general constraints. 
 ** Other tools may be preferable ** 
 |gp(xk)|/|gp(xck)| =   0.13288654204163325     
 |gp(xk)|/|gp(xck)| =    6.2979516843312114E-002
 |gp(xk)|/|gp(xck)| =    1.0348637197565331     
 |gp(xk)|/|gp(xck)| =    8.7946736552145897     
 |gp(xk)|/|gp(xck)| =   0.11236049928924896     
 |gp(xk)|/|gp(xck)| =    3.6336620858085067     
 |gp(xk)|/|gp(xck)| =    1.4596765099008848     
 |gp(xk)|/|gp(xck)| =   0.89587506855121690     
 |gp(xk)|/|gp(xck)| =   0.55718501332650594     
 |gp(xk)|/|gp(xck)| =    1.5562414701357574     
 |gp(xk)|/|gp(xck)| =   0.24562048664009742     
 |gp(xk)|/|gp(xck)| =   0.67159445068345325     
 |gp(xk)|/|gp(xck)| =    7.8632133391600236     
 |gp(xk)|/|gp(xck)| =    7.0068688148672009E-002
 |gp(xk)|/|gp(xck)| =    15.895981904377354     
 |gp(xk)|/|gp(xck)| =    3.7881648764147471E-002
 |gp(xk)|/|gp(xck)| =    22.644255311253222     
 |gp(xk)|/|gp(xck)| =    2.1884397761805698E-002
 |gp(xk)|/|gp(xck)| =    1.4249961924049956     
 |gp(xk)|/|gp(xck)| =    8.9909908569564738     
 |gp(xk)|/|gp(xck)| =    1.7448341785844455E-002
 |gp(xk)|/|gp(xck)| =    22.457807206676385     
 |gp(xk)|/|gp(xck)| =    2.9601074794068801E-003
 |gp(xk)|/|gp(xck)| =    1.5249611052578584     
 |gp(xk)|/|gp(xck)| =    2.7697826067643221E-003
 |gp(xk)|/|gp(xck)| =    7.7893671649752472E-003
 |gp(xk)|/|gp(xck)| =    1.0000000000000000     

 DCI Summary.

 The algorithm has converged.

 Iterations     :           27
 Steihaug's iter:           60
 Restorations   :            0
 Rejected steps :            8
 Function evals.:           35
 Constr.  evals.:           34
 Gradient evals.:           27
 Jacobian evals.:            0
 2nd order Corr.:            0
 BFGS iterations:            0
 f(x)           :    6.0049411063082433E-018
 ||h(x)||       :    0.0000000000000000     
 ||gp(x)||      :    9.7316918060476965E-008
 ||At*h||       :    0.0000000000000000     
 Elapsed time   :    3.90625000E-03

 ||xnew - xc||  :    3.5003269946712963E-005
 rho            :    9.9999999999999995E-007
 rhomax         :    49.786203898109491     
 vdelta         :    100000.00000000000     
 hdelta         :   0.41430504720791822     
 L(x)           :    6.0049411063082433E-018
 L(x) - L(xc)   :   -2.4466639162719893E-010
 L(xc)-L(x(k-1)):    0.0000000000000000     

 -------- xxxxxxxxxxxxxxxxxxxxxxx --------       
 Unable to open output file
