sifdecoder -A pc64.lnx.gfo  BIGGS3

 Problem name: BIGGS3

 Double precision version will be formed

 The objective function uses 13 nonlinear groups
 
 There are 3 free variables
 There are 3 fixed variables
 
 
 File successfully decoded
/home/abel/documentos/dcicpp-newrun/output-dcicpp-fast-2016-11-24--13:32
No tools
make: *** No rule to make target 'dcicpp'.  Stop.
NOPE preprocessing removed 3 variables
Starting
Solving
ekpp/ek = 1.93544
ekpp/ekp = 1.64384
ekpp/ek = 3.07328
ekpp/ekp = 1.86958
ekpp/ek = 3.15209
ekpp/ekp = 1.68599
ekpp/ek = 2.17113
ekpp/ekp = 1.28774
ekpp/ek = 1.45846
ekpp/ekp = 1.13257
ekpp/ek = 1.17901
ekpp/ekp = 1.041
ekpp/ek = 1.04598
ekpp/ekp = 1.00478
ekpp/ek = 1.00485
ekpp/ekp = 1.00007
Showing
**********************************************************
Problem name: BIGGS3  

Number of Variables: 3
Number of Constraints: 0
             Equality: 0
           has_inequality: 0

EXIT: The Algorithm has Converged
f(x) = 1.70273e-16
|c(x)| = 0
|g(x) + J(x)'*y| = 3.21208e-09
y offset = 0
Number of Iterations = 11
Elapsed Time = 0.000734568 s
Normal iterations = 0
Average number of normal iterations = 0
Maximum number of normal iterations during one iteration = 0
Iterations with 0  normal iterations = 11
Iterations with 1  normal iteration  = 0
Iterations with 2+ normal iterations = 0
Restorations = 0
Average number of restorations per normal iteration = NA
**********************************************************
Done
Setup time: 0
Execution time: 0.003333
