sifdecoder -A pc64.lnx.gfo  BOX

 Problem name: BOX

 Double precision version will be formed

 The objective function uses 1 linear group
 The objective function uses 40000 nonlinear groups
 
 There are 10000 free variables
 
 
 File successfully decoded
/home/abel/documentos/dcicpp-newrun/output-dcicpp-fast-2016-11-24--13:32
No tools
make: *** No rule to make target 'dcicpp'.  Stop.
Starting
Solving
ekpp/ek = 0.579213
ekpp/ekp = 1.39953
ekpp/ek = 1.51342
ekpp/ekp = 1.08138
ekpp/ek = 1.08778
ekpp/ekp = 1.00592
ekpp/ek = 1.00595
ekpp/ekp = 1.00003
Showing
**********************************************************
Problem name: BOX     

Number of Variables: 10000
Number of Constraints: 0
             Equality: 0
           has_inequality: 0

EXIT: The Algorithm has Converged
f(x) = -1864.54
|c(x)| = 0
|g(x) + J(x)'*y| = 3.70035e-09
y offset = 0
Number of Iterations = 7
Elapsed Time = 0.0726264 s
Normal iterations = 0
Average number of normal iterations = 0
Maximum number of normal iterations during one iteration = 0
Iterations with 0  normal iterations = 7
Iterations with 1  normal iteration  = 0
Iterations with 2+ normal iterations = 0
Restorations = 0
Average number of restorations per normal iteration = NA
**********************************************************
Done
Setup time: 0.243333
Execution time: 0.073334
