sifdecoder -A pc64.lnx.gfo  CB2

 Problem name: CB2

 Double precision version will be formed

 The objective function uses 1 linear group
 
 There are 3 nonlinear inequality constraints
 
 There are 3 free variables
 
 
 File successfully decoded
/home/abel/documentos/dcicpp-newrun/output-dcicpp-fast-2016-11-24--13:32
No tools
make: *** No rule to make target 'dcicpp'.  Stop.
Starting
Solving
ekpp/ek = 0.680862
ekpp/ekp = 0.707658
ekpp/ek = 0.708891
ekpp/ekp = 1.00174
ekpp/ek = 1.00227
ekpp/ekp = 1.00053
ekpp/ek = 1.00063
ekpp/ekp = 1.0001
Showing
**********************************************************
Problem name: CB2     

Number of Variables: 3
Number of Constraints: 3
             Equality: 0
           has_inequality: 3

EXIT: The Algorithm has Converged
f(x) = 1.95222
|c(x)| = 9.82051e-07
|g(x) + J(x)'*y| = 1.18586e-08
y offset = 0
Number of Iterations = 7
Elapsed Time = 0.00211501 s
Normal iterations = 5
Average number of normal iterations = 0.714286
Maximum number of normal iterations during one iteration = 2
Iterations with 0  normal iterations = 3
Iterations with 1  normal iteration  = 3
Iterations with 2+ normal iterations = 1
Restorations = 235
Average number of restorations per normal iteration = 47
**********************************************************
Done
Setup time: 0
Execution time: 0.006666
