sifdecoder -A pc64.lnx.gfo  CHACONN1

 Problem name: CHACONN1

 Double precision version will be formed

 The objective function uses 1 linear group
 
 There are 3 nonlinear inequality constraints
 
 There are 3 free variables
 
 
 File successfully decoded
/home/abel/documentos/dcicpp-newrun/output-dcicpp-fast-2016-11-24--13:32
No tools
make: *** No rule to make target 'dcicpp'.  Stop.
Starting
Solving
ekpp/ek = 0.370928
ekpp/ekp = 1.13721
ekpp/ek = 1.28322
ekpp/ekp = 1.1284
ekpp/ek = 1.15519
ekpp/ekp = 1.02375
ekpp/ek = 1.03042
ekpp/ekp = 1.00652
ekpp/ek = 1.00683
ekpp/ekp = 1.00031
Showing
**********************************************************
Problem name: CHACONN1

Number of Variables: 3
Number of Constraints: 3
             Equality: 0
           has_inequality: 3

EXIT: The Algorithm has Converged
f(x) = 1.95222
|c(x)| = 9.64038e-07
|g(x) + J(x)'*y| = 2.05407e-09
y offset = 5.35411e-09
Number of Iterations = 8
Elapsed Time = 0.00243926 s
Normal iterations = 7
Average number of normal iterations = 0.875
Maximum number of normal iterations during one iteration = 1
Iterations with 0  normal iterations = 1
Iterations with 1  normal iteration  = 7
Iterations with 2+ normal iterations = 0
Restorations = 278
Average number of restorations per normal iteration = 39
**********************************************************
Done
Setup time: 0
Execution time: 0.006666
