sifdecoder -A pc64.lnx.gfo  CSFI1

 Problem name: CSFI1

 Double precision version will be formed

 The objective function uses 1 linear group
 
 There are 2 nonlinear equality constraints
 There are 2 nonlinear inequality constraints
 
 There are 4 variables bounded only from below 
 There is 1 variable bounded from below and above 
 
 
 File successfully decoded
/home/abel/documentos/dcicpp-newrun/output-dcicpp-fast-2016-11-24--13:32
No tools
make: *** No rule to make target 'dcicpp'.  Stop.
Starting
Solving
ekpp/ek = 3.13697
ekpp/ekp = 1.12728
ekpp/ek = 1.5517
ekpp/ekp = 1.37649
ekpp/ek = 4.40337
ekpp/ekp = 3.19898
ekpp/ek = 3.19898
ekpp/ekp = 1
Showing
**********************************************************
Problem name: CSFI1   

Number of Variables: 5
Number of Constraints: 4
             Equality: 2
           has_inequality: 2

EXIT: The Algorithm has Converged
f(x) = -49.0752
|c(x)| = 8.84037e-07
|g(x) + J(x)'*y| = 1.34287e-11
y offset = 5.23736e-10
Number of Iterations = 7
Elapsed Time = 0.00227523 s
Normal iterations = 5
Average number of normal iterations = 0.714286
Maximum number of normal iterations during one iteration = 2
Iterations with 0  normal iterations = 3
Iterations with 1  normal iteration  = 3
Iterations with 2+ normal iterations = 1
Restorations = 214
Average number of restorations per normal iteration = 42
**********************************************************
Done
Setup time: 0.003333
Execution time: 0.006666
