sifdecoder -A pc64.lnx.gfo  DECONVU

 Problem name: DECONVU

 Double precision version will be formed

 The objective function uses 40 nonlinear groups
 
 There are 51 free variables
 There are 12 fixed variables
 
 
 File successfully decoded
/home/abel/documentos/dcicpp-newrun/output-dcicpp-fast-2016-11-24--13:32
No tools
make: *** No rule to make target 'dcicpp'.  Stop.
NOPE preprocessing removed 12 variables
Starting
Solving
ekpp/ek = 1.10912
ekpp/ekp = 1.03726
ekpp/ek = 1.05628
ekpp/ekp = 1.01834
ekpp/ek = 1.02844
ekpp/ekp = 1.00993
ekpp/ek = 1.03454
ekpp/ekp = 1.02437
ekpp/ek = 1.02722
ekpp/ekp = 1.00278
ekpp/ek = 1.00317
ekpp/ekp = 1.00039
ekpp/ek = 1.00125
ekpp/ekp = 1.00086
ekpp/ek = 1.001
ekpp/ekp = 1.00014
ekpp/ek = 0.999704
ekpp/ekp = 0.999561
ekpp/ek = 0.99943
ekpp/ekp = 0.999869
ekpp/ek = 0.99986
ekpp/ekp = 0.99999
ekpp/ek = 0.999892
ekpp/ekp = 0.999901
ekpp/ek = 0.999886
ekpp/ekp = 0.999984
ekpp/ek = 0.999789
ekpp/ekp = 0.999805
ekpp/ek = 0.999812
ekpp/ekp = 1.00001
ekpp/ek = 0.99993
ekpp/ekp = 0.999923
ekpp/ek = 0.999895
ekpp/ekp = 0.999972
ekpp/ek = 0.99958
ekpp/ekp = 0.999607
ekpp/ek = 0.999381
ekpp/ekp = 0.999773
ekpp/ek = 0.999711
ekpp/ekp = 0.999937
ekpp/ek = 0.99982
ekpp/ekp = 0.999882
ekpp/ek = 0.999594
ekpp/ekp = 0.999712
ekpp/ek = 0.999627
ekpp/ekp = 0.999915
ekpp/ek = 0.999867
ekpp/ekp = 0.999952
ekpp/ek = 0.99991
ekpp/ekp = 0.999957
ekpp/ek = 0.999824
ekpp/ekp = 0.999867
ekpp/ek = 0.999843
ekpp/ekp = 0.999976
ekpp/ek = 0.999976
ekpp/ekp = 1
Showing
**********************************************************
Problem name: DECONVU 

Number of Variables: 51
Number of Constraints: 0
             Equality: 0
           has_inequality: 0

EXIT: The Algorithm has Converged
f(x) = 6.29559e-07
|c(x)| = 0
|g(x) + J(x)'*y| = 9.77475e-08
y offset = 0
Number of Iterations = 31
Elapsed Time = 0.0354476 s
Normal iterations = 0
Average number of normal iterations = 0
Maximum number of normal iterations during one iteration = 0
Iterations with 0  normal iterations = 31
Iterations with 1  normal iteration  = 0
Iterations with 2+ normal iterations = 0
Restorations = 0
Average number of restorations per normal iteration = NA
**********************************************************
Done
Setup time: 0
Execution time: 0.106666
