sifdecoder -A pc64.lnx.gfo  DECONVC

 Problem name: DECONVC

 Double precision version will be formed

 The objective function uses 40 nonlinear groups
 
 There is 1 nonlinear equality constraint
 
 There are 51 variables bounded only from below 
 There are 12 fixed variables
 
 
 File successfully decoded
/home/abel/documentos/dcicpp-newrun/output-dcicpp-fast-2016-11-24--13:32
No tools
make: *** No rule to make target 'dcicpp'.  Stop.
NOPE preprocessing removed 12 variables
Starting
Solving
ekpp/ek = 0.965447
ekpp/ekp = 0.981235
ekpp/ek = 0.975179
ekpp/ekp = 0.993828
ekpp/ek = 0.996002
ekpp/ekp = 1.00219
ekpp/ek = 1.04264
ekpp/ekp = 1.04037
ekpp/ek = 1.08182
ekpp/ekp = 1.03985
ekpp/ek = 1.00479
ekpp/ekp = 0.966285
ekpp/ek = 0.96995
ekpp/ekp = 1.00379
ekpp/ek = 1.00839
ekpp/ekp = 1.00458
ekpp/ek = 1.00616
ekpp/ekp = 1.00157
ekpp/ek = 1.00195
ekpp/ekp = 1.00038
ekpp/ek = 1.00061
ekpp/ekp = 1.00023
ekpp/ek = 1.00026
ekpp/ekp = 1.00003
ekpp/ek = 1.00006
ekpp/ekp = 1.00004
ekpp/ek = 1.00002
ekpp/ekp = 0.999986
ekpp/ek = 0.999992
ekpp/ekp = 1.00001
Showing
**********************************************************
Problem name: DECONVC 

Number of Variables: 51
Number of Constraints: 1
             Equality: 1
           has_inequality: 0

EXIT: The Algorithm has Converged
f(x) = 0.00230005
|c(x)| = 9.34995e-14
|g(x) + J(x)'*y| = 1.68714e-07
y offset = 0
Number of Iterations = 18
Elapsed Time = 0.0109489 s
Normal iterations = 8
Average number of normal iterations = 0.444444
Maximum number of normal iterations during one iteration = 1
Iterations with 0  normal iterations = 10
Iterations with 1  normal iteration  = 8
Iterations with 2+ normal iterations = 0
Restorations = 8
Average number of restorations per normal iteration = 1
**********************************************************
Done
Setup time: 0.003333
Execution time: 0.033332
