sifdecoder -A pc64.lnx.gfo  DENSCHNE

 Problem name: DENSCHNE

 Double precision version will be formed

 The objective function uses 1 linear group
 The objective function uses 2 nonlinear groups
 
 There are 3 free variables
 
 
 File successfully decoded
/home/abel/documentos/dcicpp-newrun/output-dcicpp-fast-2016-11-24--13:32
No tools
make: *** No rule to make target 'dcicpp'.  Stop.
Starting
Solving
ekpp/ek = 0.996616
ekpp/ekp = 1.00094
ekpp/ek = 1.00305
ekpp/ekp = 1.00211
ekpp/ek = 1.00386
ekpp/ekp = 1.00174
ekpp/ek = 0.899077
ekpp/ekp = 0.897513
ekpp/ek = 0.641541
ekpp/ekp = 0.714798
ekpp/ek = 0.670203
ekpp/ekp = 0.937611
ekpp/ek = 0.786049
ekpp/ekp = 0.838353
ekpp/ek = 0.444843
ekpp/ekp = 0.530616
ekpp/ek = 0.482278
ekpp/ekp = 0.908903
ekpp/ek = 0.621021
ekpp/ekp = 0.683264
ekpp/ek = 0.765889
ekpp/ekp = 1.12093
ekpp/ek = 1.14327
ekpp/ekp = 1.01993
ekpp/ek = 1.02194
ekpp/ekp = 1.00197
Showing
**********************************************************
Problem name: DENSCHNE

Number of Variables: 3
Number of Constraints: 0
             Equality: 0
           has_inequality: 0

EXIT: The Algorithm has Converged
f(x) = 2.78336e-09
|c(x)| = 0
|g(x) + J(x)'*y| = 6.27921e-07
y offset = 0
Number of Iterations = 16
Elapsed Time = 0.000349998 s
Normal iterations = 0
Average number of normal iterations = 0
Maximum number of normal iterations during one iteration = 0
Iterations with 0  normal iterations = 16
Iterations with 1  normal iteration  = 0
Iterations with 2+ normal iterations = 0
Restorations = 0
Average number of restorations per normal iteration = NA
**********************************************************
Done
Setup time: 0
Execution time: 0.003333
