sifdecoder -A pc64.lnx.gfo  DISC2

 Problem name: DISC2

 Double precision version will be formed

 The objective function uses 1 linear group
 
 There are 17 nonlinear equality constraints
 There are 6 nonlinear inequality constraints
 
 There are 22 free variables
 There are 7 variables bounded from below and above 
 
 
 File successfully decoded
/home/abel/documentos/dcicpp-newrun/output-dcicpp-fast-2016-11-24--13:32
No tools
make: *** No rule to make target 'dcicpp'.  Stop.
Starting
Solving
ekpp/ek = 1.2512
ekpp/ekp = 1
ekpp/ek = 1
ekpp/ekp = 1
ekpp/ek = 1.00001
ekpp/ekp = 1.00001
ekpp/ek = 1.00002
ekpp/ekp = 1.00001
ekpp/ek = 1.00005
ekpp/ekp = 1.00004
ekpp/ek = 1.00012
ekpp/ekp = 1.00009
ekpp/ek = 1.00031
ekpp/ekp = 1.00022
ekpp/ek = 1.00079
ekpp/ekp = 1.00056
ekpp/ek = 1.00203
ekpp/ekp = 1.00147
ekpp/ek = 1.00562
ekpp/ekp = 1.00415
ekpp/ek = 1.0151
ekpp/ekp = 1.01091
ekpp/ek = 1.02584
ekpp/ekp = 1.01477
ekpp/ek = 1.01744
ekpp/ekp = 1.00263
ekpp/ek = 1.00176
ekpp/ekp = 0.999126
ekpp/ek = 0.99988
ekpp/ekp = 1.00075
ekpp/ek = 0.997281
ekpp/ekp = 0.996529
ekpp/ek = 0.998871
ekpp/ekp = 1.00235
ekpp/ek = 1.00042
ekpp/ekp = 0.99807
ekpp/ek = 0.997125
ekpp/ekp = 0.999053
ekpp/ek = 0.999753
ekpp/ekp = 1.0007
ekpp/ek = 1.00089
ekpp/ekp = 1.00019
ekpp/ek = 1.00018
ekpp/ekp = 0.99999
ekpp/ek = 1.00005
ekpp/ekp = 1.00006
ekpp/ek = 1.00003
ekpp/ekp = 0.999972
Showing
**********************************************************
Problem name: DISC2   

Number of Variables: 29
Number of Constraints: 23
             Equality: 17
           has_inequality: 6

EXIT: The Algorithm has Converged
f(x) = 1.5625
|c(x)| = 7.91783e-08
|g(x) + J(x)'*y| = 2.47713e-08
y offset = 4.09151e-10
Number of Iterations = 27
Elapsed Time = 0.00762582 s
Normal iterations = 10
Average number of normal iterations = 0.37037
Maximum number of normal iterations during one iteration = 1
Iterations with 0  normal iterations = 17
Iterations with 1  normal iteration  = 10
Iterations with 2+ normal iterations = 0
Restorations = 193
Average number of restorations per normal iteration = 19
**********************************************************
Done
Setup time: 0.003333
Execution time: 0.019999
