sifdecoder -A pc64.lnx.gfo  DNIEPER

 Problem name: DNIEPER

 Double precision version will be formed

 The objective function uses 1 nonlinear group
 
 There are 24 nonlinear equality constraints
 
 There is 1 free variable 
 There are 56 variables bounded from below and above 
 There are 4 fixed variables
 
 
 File successfully decoded
/home/abel/documentos/dcicpp-newrun/output-dcicpp-fast-2016-11-24--13:32
No tools
make: *** No rule to make target 'dcicpp'.  Stop.
NOPE preprocessing removed 4 variables
Starting
Solving
ekpp/ek = 0.999141
ekpp/ekp = 0.999486
ekpp/ek = 0.999731
ekpp/ekp = 1.00024
ekpp/ek = 1.0004
ekpp/ekp = 1.00015
ekpp/ek = 1.00011
ekpp/ekp = 0.999957
ekpp/ek = 0.999828
ekpp/ekp = 0.999871
ekpp/ek = 0.999878
ekpp/ekp = 1.00001
ekpp/ek = 0.999761
ekpp/ekp = 0.999754
ekpp/ek = 0.999838
ekpp/ekp = 1.00008
ekpp/ek = 1.00013
ekpp/ekp = 1.00004
ekpp/ek = 1.00009
ekpp/ekp = 1.00005
ekpp/ek = 1.00016
ekpp/ekp = 1.00011
ekpp/ek = 1.00011
ekpp/ekp = 0.999995
ekpp/ek = 0.999993
ekpp/ekp = 0.999998
ekpp/ek = 0.999998
ekpp/ekp = 1
ekpp/ek = 0.999965
ekpp/ekp = 0.999965
ekpp/ek = 0.999888
ekpp/ekp = 0.999923
ekpp/ek = 0.999968
ekpp/ekp = 1.00005
Showing
**********************************************************
Problem name: DNIEPER 

Number of Variables: 57
Number of Constraints: 24
             Equality: 24
           has_inequality: 0

EXIT: The Algorithm has Converged
f(x) = 18744
|c(x)| = 2.6807e-07
|g(x) + J(x)'*y| = 7.5562e-07
y offset = 0
Number of Iterations = 20
Elapsed Time = 0.0690773 s
Normal iterations = 11
Average number of normal iterations = 0.55
Maximum number of normal iterations during one iteration = 1
Iterations with 0  normal iterations = 9
Iterations with 1  normal iteration  = 11
Iterations with 2+ normal iterations = 0
Restorations = 1701
Average number of restorations per normal iteration = 154
**********************************************************
Done
Setup time: 0
Execution time: 0.236666
