sifdecoder -A pc64.lnx.gfo  DUALC2

 Problem name: DUALC2

 Double precision version will be formed

 The objective function uses 1 nonlinear group
 
 There is 1 linear equality constraint
 There are 228 linear inequality constraints
 
 There are 7 variables bounded from below and above 
 
 
 File successfully decoded
/home/abel/documentos/dcicpp-newrun/output-dcicpp-fast-2016-11-24--13:32
No tools
make: *** No rule to make target 'dcicpp'.  Stop.
Starting
Solving
ekpp/ek = 1.00665
ekpp/ekp = 1.00196
ekpp/ek = 1.01614
ekpp/ekp = 1.01415
ekpp/ek = 1.01788
ekpp/ekp = 1.00368
Showing
**********************************************************
Problem name: DUALC2  

Number of Variables: 7
Number of Constraints: 229
             Equality: 1
           has_inequality: 228

EXIT: The Algorithm has Converged
f(x) = 4713.61
|c(x)| = 4.48008e-10
|g(x) + J(x)'*y| = 1.31543e-08
y offset = 2.22053e-11
Number of Iterations = 6
Elapsed Time = 0.0531416 s
Normal iterations = 1
Average number of normal iterations = 0.166667
Maximum number of normal iterations during one iteration = 1
Iterations with 0  normal iterations = 5
Iterations with 1  normal iteration  = 1
Iterations with 2+ normal iterations = 0
Restorations = 6
Average number of restorations per normal iteration = 6
**********************************************************
Done
Setup time: 0.003333
Execution time: 0.213333
