sifdecoder -A pc64.lnx.gfo  ENGVAL1

 Problem name: ENGVAL1

 Double precision version will be formed

 The objective function uses 4999 linear groups
 The objective function uses 4999 nonlinear groups
 
 There are 5000 free variables
 
 
 File successfully decoded
/home/abel/documentos/dcicpp-newrun/output-dcicpp-fast-2016-11-24--13:32
No tools
make: *** No rule to make target 'dcicpp'.  Stop.
Starting
Solving
ekpp/ek = 0.777037
ekpp/ekp = 5.31078
ekpp/ek = 6.91366
ekpp/ekp = 1.30182
ekpp/ek = 1.34447
ekpp/ekp = 1.03276
ekpp/ek = 1.03343
ekpp/ekp = 1.00064
Showing
**********************************************************
Problem name: ENGVAL1 

Number of Variables: 5000
Number of Constraints: 0
             Equality: 0
           has_inequality: 0

EXIT: The Algorithm has Converged
f(x) = 5548.67
|c(x)| = 0
|g(x) + J(x)'*y| = 9.25934e-08
y offset = 0
Number of Iterations = 7
Elapsed Time = 0.0290346 s
Normal iterations = 0
Average number of normal iterations = 0
Maximum number of normal iterations during one iteration = 0
Iterations with 0  normal iterations = 7
Iterations with 1  normal iteration  = 0
Iterations with 2+ normal iterations = 0
Restorations = 0
Average number of restorations per normal iteration = NA
**********************************************************
Done
Setup time: 0.09
Execution time: 0.086666
