sifdecoder -A pc64.lnx.gfo  FREUROTH

 Problem name: FREUROTH

 Double precision version will be formed

 The objective function uses 9998 nonlinear groups
 
 There are 5000 free variables
 
 
 File successfully decoded
/home/abel/documentos/dcicpp-newrun/output-dcicpp-fast-2016-11-24--13:32
No tools
make: *** No rule to make target 'dcicpp'.  Stop.
Starting
Solving
ekpp/ek = 1.57084
ekpp/ekp = 1.35574
ekpp/ek = 1.42174
ekpp/ekp = 1.04868
ekpp/ek = 1.04499
ekpp/ekp = 0.996473
ekpp/ek = 0.997597
ekpp/ekp = 1.00113
ekpp/ek = 1.00146
ekpp/ekp = 1.00033
ekpp/ek = 1.00033
ekpp/ekp = 1
Showing
**********************************************************
Problem name: FREUROTH

Number of Variables: 5000
Number of Constraints: 0
             Equality: 0
           has_inequality: 0

EXIT: The Algorithm has Converged
f(x) = 608159
|c(x)| = 0
|g(x) + J(x)'*y| = 5.29614e-08
y offset = 0
Number of Iterations = 9
Elapsed Time = 0.0507147 s
Normal iterations = 0
Average number of normal iterations = 0
Maximum number of normal iterations during one iteration = 0
Iterations with 0  normal iterations = 9
Iterations with 1  normal iteration  = 0
Iterations with 2+ normal iterations = 0
Restorations = 0
Average number of restorations per normal iteration = NA
**********************************************************
Done
Setup time: 0.17
Execution time: 0.156666
