sifdecoder -A pc64.lnx.gfo  GIGOMEZ2

 Problem name: GIGOMEZ2

 Double precision version will be formed

 The objective function uses 1 linear group
 
 There are 3 nonlinear inequality constraints
 
 There are 3 free variables
 
 
 File successfully decoded
/home/abel/documentos/dcicpp-newrun/output-dcicpp-fast-2016-11-24--13:32
No tools
make: *** No rule to make target 'dcicpp'.  Stop.
Starting
Solving
ekpp/ek = 0.225535
ekpp/ekp = 0.898014
ekpp/ek = 0.808575
ekpp/ekp = 0.900404
ekpp/ek = 1.70219
ekpp/ekp = 1.89047
ekpp/ek = 2.38332
ekpp/ekp = 1.2607
ekpp/ek = 1.25715
ekpp/ekp = 0.997185
ekpp/ek = 1.05798
ekpp/ekp = 1.06096
ekpp/ek = 1.0611
ekpp/ekp = 1.00013
Showing
**********************************************************
Problem name: GIGOMEZ2

Number of Variables: 3
Number of Constraints: 3
             Equality: 0
           has_inequality: 3

EXIT: The Algorithm has Converged
f(x) = 1.95222
|c(x)| = 9.08271e-07
|g(x) + J(x)'*y| = 1.47172e-07
y offset = 3.83619e-07
Number of Iterations = 10
Elapsed Time = 0.0019424 s
Normal iterations = 9
Average number of normal iterations = 0.9
Maximum number of normal iterations during one iteration = 3
Iterations with 0  normal iterations = 3
Iterations with 1  normal iteration  = 6
Iterations with 2+ normal iterations = 1
Restorations = 200
Average number of restorations per normal iteration = 22
**********************************************************
Done
Setup time: 0
Execution time: 0.006666
