sifdecoder -A pc64.lnx.gfo  GOULDQP1

 Problem name: GOULDQP1

 Double precision version will be formed

 The objective function uses 1 nonlinear group
 
 There are 17 linear equality constraints
 
 There are 32 variables bounded from below and above 
 
 
 File successfully decoded
/home/abel/documentos/dcicpp-newrun/output-dcicpp-fast-2016-11-24--13:32
No tools
make: *** No rule to make target 'dcicpp'.  Stop.
Starting
Solving
ekpp/ek = 1.0366
ekpp/ekp = 1.02917
ekpp/ek = 1.02948
ekpp/ekp = 1.0003
ekpp/ek = 0.993102
ekpp/ekp = 0.992806
ekpp/ek = 0.966819
ekpp/ekp = 0.973825
ekpp/ek = 0.971812
ekpp/ekp = 0.997932
ekpp/ek = 0.995314
ekpp/ekp = 0.997376
ekpp/ek = 0.996301
ekpp/ekp = 0.998922
ekpp/ek = 0.9935
ekpp/ekp = 0.994572
ekpp/ek = 0.993956
ekpp/ekp = 0.999381
ekpp/ek = 0.998684
ekpp/ekp = 0.999303
ekpp/ek = 0.995069
ekpp/ekp = 0.995763
ekpp/ek = 0.985769
ekpp/ekp = 0.989963
Showing
**********************************************************
Problem name: GOULDQP1

Number of Variables: 32
Number of Constraints: 17
             Equality: 17
           has_inequality: 0

EXIT: The Algorithm has Converged
f(x) = -3376.78
|c(x)| = 1.20021e-08
|g(x) + J(x)'*y| = 3.52263e-07
y offset = 0
Number of Iterations = 15
Elapsed Time = 0.000941515 s
Normal iterations = 1
Average number of normal iterations = 0.0666667
Maximum number of normal iterations during one iteration = 1
Iterations with 0  normal iterations = 14
Iterations with 1  normal iteration  = 1
Iterations with 2+ normal iterations = 0
Restorations = 1
Average number of restorations per normal iteration = 1
**********************************************************
Done
Setup time: 0
Execution time: 0.003333
