sifdecoder -A pc64.lnx.gfo  HADAMALS

 Problem name: HADAMALS

 Double precision version will be formed

 The objective function uses 590 nonlinear groups
 
 There are 380 variables bounded from below and above 
 There are 20 fixed variables
 
 
 File successfully decoded
/home/abel/documentos/dcicpp-newrun/output-dcicpp-fast-2016-11-24--13:32
No tools
make: *** No rule to make target 'dcicpp'.  Stop.
NOPE preprocessing removed 20 variables
Starting
Solving
ekpp/ek = 0.895361
ekpp/ekp = 0.964846
ekpp/ek = 1.03907
ekpp/ekp = 1.07693
ekpp/ek = 1.05238
ekpp/ekp = 0.977207
ekpp/ek = 0.967364
ekpp/ekp = 0.989927
ekpp/ek = 0.986703
ekpp/ekp = 0.996743
ekpp/ek = 0.996309
ekpp/ekp = 0.999564
Showing
**********************************************************
Problem name: HADAMALS

Number of Variables: 380
Number of Constraints: 0
             Equality: 0
           has_inequality: 0

EXIT: The Algorithm has Converged
f(x) = 7311.84
|c(x)| = 0
|g(x) + J(x)'*y| = 7.60033e-07
y offset = 0
Number of Iterations = 9
Elapsed Time = 0.00645876 s
Normal iterations = 0
Average number of normal iterations = 0
Maximum number of normal iterations during one iteration = 0
Iterations with 0  normal iterations = 9
Iterations with 1  normal iteration  = 0
Iterations with 2+ normal iterations = 0
Restorations = 0
Average number of restorations per normal iteration = NA
**********************************************************
Done
Setup time: 0.023333
Execution time: 0.026667
