sifdecoder -A pc64.lnx.gfo  HATFLDA

 Problem name: HATFLDA

 Double precision version will be formed

 The objective function uses 1 linear group
 The objective function uses 3 nonlinear groups
 
 There are 4 variables bounded only from below 
 
 
 File successfully decoded
/home/abel/documentos/dcicpp-newrun/output-dcicpp-fast-2016-11-24--13:32
No tools
make: *** No rule to make target 'dcicpp'.  Stop.
Starting
Solving
ekpp/ek = 0.722714
ekpp/ekp = 0.613195
ekpp/ek = 0.342394
ekpp/ekp = 0.558376
ekpp/ek = 0.187547
ekpp/ekp = 0.33588
ekpp/ek = 0.0550473
ekpp/ekp = 0.16389
ekpp/ek = 0.00481963
ekpp/ekp = 0.0294078
ekpp/ek = 2.83622e-05
ekpp/ekp = 0.000964446
Showing
**********************************************************
Problem name: HATFLDA 

Number of Variables: 4
Number of Constraints: 0
             Equality: 0
           has_inequality: 0

EXIT: The Algorithm has Converged
f(x) = 9.3108e-16
|c(x)| = 0
|g(x) + J(x)'*y| = 7.36472e-09
y offset = 0
Number of Iterations = 9
Elapsed Time = 0.000346422 s
Normal iterations = 0
Average number of normal iterations = 0
Maximum number of normal iterations during one iteration = 0
Iterations with 0  normal iterations = 9
Iterations with 1  normal iteration  = 0
Iterations with 2+ normal iterations = 0
Restorations = 0
Average number of restorations per normal iteration = NA
**********************************************************
Done
Setup time: 0.003333
Execution time: -5.66244e-13
