sifdecoder -A pc64.lnx.gfo  HIMMELP2

 Problem name: HIMMELP2

 Double precision version will be formed

 The objective function uses 1 nonlinear group
 
 There is 1 nonlinear inequality constraint
 
 There are 2 variables bounded from below and above 
 
 
 File successfully decoded
/home/abel/documentos/dcicpp-newrun/output-dcicpp-fast-2016-11-24--13:32
No tools
make: *** No rule to make target 'dcicpp'.  Stop.
Starting
Solving
ekpp/ek = 1.14316
ekpp/ekp = 0.936589
ekpp/ek = 0.918608
ekpp/ekp = 0.980802
ekpp/ek = 0.979221
ekpp/ekp = 0.998388
ekpp/ek = 0.998261
ekpp/ekp = 0.999872
ekpp/ek = 0.999547
ekpp/ekp = 0.999675
ekpp/ek = 0.998931
ekpp/ekp = 0.999256
ekpp/ek = 0.997121
ekpp/ekp = 0.997864
ekpp/ek = 0.993167
ekpp/ekp = 0.995293
ekpp/ek = 0.981604
ekpp/ekp = 0.986246
ekpp/ek = 0.966876
ekpp/ekp = 0.980359
ekpp/ek = 0.980526
ekpp/ekp = 1.00017
Showing
**********************************************************
Problem name: HIMMELP2

Number of Variables: 2
Number of Constraints: 1
             Equality: 0
           has_inequality: 1

EXIT: The Algorithm has Converged
f(x) = -62.0539
|c(x)| = 2.77396e-09
|g(x) + J(x)'*y| = 4.67624e-09
y offset = 0
Number of Iterations = 14
Elapsed Time = 0.00063777 s
Normal iterations = 5
Average number of normal iterations = 0.357143
Maximum number of normal iterations during one iteration = 1
Iterations with 0  normal iterations = 9
Iterations with 1  normal iteration  = 5
Iterations with 2+ normal iterations = 0
Restorations = 5
Average number of restorations per normal iteration = 1
**********************************************************
Done
Setup time: 0
Execution time: 0.003333
