sifdecoder -A pc64.lnx.gfo  HIMMELBK

 Problem name: HIMMELBK

 Double precision version will be formed

 The objective function uses 1 linear group
 
 There are 2 linear equality constraints
 There are 12 nonlinear equality constraints
 
 There are 24 variables bounded only from below 
 
 
 File successfully decoded
/home/abel/documentos/dcicpp-newrun/output-dcicpp-fast-2016-11-24--13:32
No tools
make: *** No rule to make target 'dcicpp'.  Stop.
Starting
Solving
ekpp/ek = 1.00113
ekpp/ekp = 1.00077
ekpp/ek = 1.00331
ekpp/ekp = 1.00254
ekpp/ek = 1.00576
ekpp/ekp = 1.00322
ekpp/ek = 1.00386
ekpp/ekp = 1.00063
ekpp/ek = 1.00259
ekpp/ekp = 1.00196
ekpp/ek = 1.00205
ekpp/ekp = 1.00009
diagonal below threshold
Status = 2
File   = ../Core/cholmod_common.c
Line   = 719
ekpp/ek = 1.00014
ekpp/ekp = 1.00005
ekpp/ek = 1.00008
ekpp/ekp = 1.00003
Showing
**********************************************************
Problem name: HIMMELBK

Number of Variables: 24
Number of Constraints: 14
             Equality: 14
           has_inequality: 0

EXIT: The Algorithm has Converged
Cholesky failed
f(x) = 0.0518739
|c(x)| = 2.07121e-07
|g(x) + J(x)'*y| = 7.26093e-07
y offset = 0
Number of Iterations = 11
Elapsed Time = 0.00986052 s
Normal iterations = 8
Average number of normal iterations = 0.727273
Maximum number of normal iterations during one iteration = 1
Iterations with 0  normal iterations = 3
Iterations with 1  normal iteration  = 8
Iterations with 2+ normal iterations = 0
Restorations = 189
Average number of restorations per normal iteration = 23
**********************************************************
Done
Setup time: 0
Execution time: 0.039999
