sifdecoder -A pc64.lnx.gfo  HS100

 Problem name: HS100

 Double precision version will be formed

 The objective function uses 4 nonlinear groups
 
 There are 4 nonlinear inequality constraints
 
 There are 7 free variables
 
 
 File successfully decoded
/home/abel/documentos/dcicpp-newrun/output-dcicpp-fast-2016-11-24--13:32
No tools
make: *** No rule to make target 'dcicpp'.  Stop.
Starting
Solving
ekpp/ek = 1.06659
ekpp/ekp = 1.01615
ekpp/ek = 1.0613
ekpp/ekp = 1.04443
ekpp/ek = 1.05777
ekpp/ekp = 1.01277
ekpp/ek = 1.04947
ekpp/ekp = 1.03624
ekpp/ek = 1.04806
ekpp/ekp = 1.01141
ekpp/ek = 1.0322
ekpp/ekp = 1.02056
ekpp/ek = 1.01882
ekpp/ekp = 0.998299
ekpp/ek = 1.01317
ekpp/ekp = 1.0149
ekpp/ek = 1.02739
ekpp/ekp = 1.01231
ekpp/ek = 1.00542
ekpp/ekp = 0.993199
ekpp/ek = 1.00791
ekpp/ekp = 1.01481
ekpp/ek = 1.01117
ekpp/ekp = 0.996413
ekpp/ek = 0.994489
ekpp/ekp = 0.998069
ekpp/ek = 0.998048
ekpp/ekp = 0.999979
ekpp/ek = 0.999959
ekpp/ekp = 0.999979
ekpp/ek = 0.999897
ekpp/ekp = 0.999917
ekpp/ek = 0.999717
ekpp/ekp = 0.9998
ekpp/ek = 0.999356
ekpp/ekp = 0.999556
ekpp/ek = 0.998822
ekpp/ekp = 0.999266
ekpp/ek = 0.999834
ekpp/ekp = 1.00057
ekpp/ek = 0.997031
ekpp/ekp = 0.996465
ekpp/ek = 0.996092
ekpp/ekp = 0.999626
ekpp/ek = 1.0012
ekpp/ekp = 1.00157
ekpp/ek = 1.00425
ekpp/ekp = 1.00267
ekpp/ek = 1.00087
ekpp/ekp = 0.998202
ekpp/ek = 1
ekpp/ekp = 1.0018
ekpp/ek = 1.00174
ekpp/ekp = 0.999937
Showing
**********************************************************
Problem name: HS100   

Number of Variables: 7
Number of Constraints: 4
             Equality: 0
           has_inequality: 4

EXIT: The Algorithm has Converged
f(x) = 680.63
|c(x)| = 1.50386e-10
|g(x) + J(x)'*y| = 4.38204e-08
y offset = 1.27585e-11
Number of Iterations = 30
Elapsed Time = 0.00320935 s
Normal iterations = 19
Average number of normal iterations = 0.633333
Maximum number of normal iterations during one iteration = 1
Iterations with 0  normal iterations = 11
Iterations with 1  normal iteration  = 19
Iterations with 2+ normal iterations = 0
Restorations = 154
Average number of restorations per normal iteration = 8
**********************************************************
Done
Setup time: 0.003333
Execution time: 0.009999
