sifdecoder -A pc64.lnx.gfo  HS109

 Problem name: HS109

 Double precision version will be formed

 The objective function uses 1 nonlinear group
 
 There are 2 linear inequality constraints
 There are 6 nonlinear equality constraints
 There are 2 nonlinear inequality constraints
 
 There are 2 variables bounded only from below 
 There are 7 variables bounded from below and above 
 
 
 File successfully decoded
/home/abel/documentos/dcicpp-newrun/output-dcicpp-fast-2016-11-24--13:32
No tools
make: *** No rule to make target 'dcicpp'.  Stop.
Starting
Solving
ekpp/ek = 1.06231
ekpp/ekp = 0.999911
ekpp/ek = 0.999719
ekpp/ekp = 0.999808
ekpp/ek = 0.999513
ekpp/ekp = 0.999705
ekpp/ek = 1.00019
ekpp/ekp = 1.00048
ekpp/ek = 1.00823
ekpp/ekp = 1.00774
ekpp/ek = 1.01874
ekpp/ekp = 1.01092
ekpp/ek = 1.0221
ekpp/ekp = 1.01106
ekpp/ek = 1.01632
ekpp/ekp = 1.0052
ekpp/ek = 1.00533
ekpp/ekp = 1.00013
Showing
**********************************************************
Problem name: HS109   

Number of Variables: 9
Number of Constraints: 10
             Equality: 6
           has_inequality: 4

EXIT: The Algorithm has Converged
f(x) = 5362.07
|c(x)| = 2.33728e-10
|g(x) + J(x)'*y| = 6.49874e-08
y offset = 2.25429e-09
Number of Iterations = 12
Elapsed Time = 0.00765681 s
Normal iterations = 12
Average number of normal iterations = 1
Maximum number of normal iterations during one iteration = 1
Iterations with 0  normal iterations = 0
Iterations with 1  normal iteration  = 12
Iterations with 2+ normal iterations = 0
Restorations = 468
Average number of restorations per normal iteration = 39
**********************************************************
Done
Setup time: 0
Execution time: 0.023332
