sifdecoder -A pc64.lnx.gfo  HS110

 Problem name: HS110

 Double precision version will be formed

 The objective function uses 20 linear groups
 The objective function uses 1 nonlinear group
 
 There are 10 variables bounded from below and above 
 
 
 File successfully decoded
/home/abel/documentos/dcicpp-newrun/output-dcicpp-fast-2016-11-24--13:32
No tools
make: *** No rule to make target 'dcicpp'.  Stop.
Starting
Solving
ekpp/ek = 0.980848
ekpp/ekp = 0.994157
ekpp/ek = 0.993407
ekpp/ekp = 0.999246
ekpp/ek = 0.999236
ekpp/ekp = 0.99999
Showing
**********************************************************
Problem name: HS110   

Number of Variables: 10
Number of Constraints: 0
             Equality: 0
           has_inequality: 0

EXIT: The Algorithm has Converged
f(x) = -45.7785
|c(x)| = 0
|g(x) + J(x)'*y| = 5.11577e-09
y offset = 0
Number of Iterations = 6
Elapsed Time = 0.000366926 s
Normal iterations = 0
Average number of normal iterations = 0
Maximum number of normal iterations during one iteration = 0
Iterations with 0  normal iterations = 6
Iterations with 1  normal iteration  = 0
Iterations with 2+ normal iterations = 0
Restorations = 0
Average number of restorations per normal iteration = NA
**********************************************************
Done
Setup time: 0.003333
Execution time: -5.66244e-13
