sifdecoder -A pc64.lnx.gfo  HS118

 Problem name: HS118

 Double precision version will be formed

 The objective function uses 1 nonlinear group
 
 There are 17 linear inequality constraints
 
 There are 15 variables bounded from below and above 
 
 
 File successfully decoded
/home/abel/documentos/dcicpp-newrun/output-dcicpp-fast-2016-11-24--13:32
No tools
make: *** No rule to make target 'dcicpp'.  Stop.
Starting
Solving
ekpp/ek = 0.960935
ekpp/ekp = 1.00474
ekpp/ek = 1.05306
ekpp/ekp = 1.0481
ekpp/ek = 1.06614
ekpp/ekp = 1.01721
ekpp/ek = 1.01356
ekpp/ekp = 0.99641
ekpp/ek = 0.996208
ekpp/ekp = 0.999797
ekpp/ek = 1.00143
ekpp/ekp = 1.00164
ekpp/ek = 1.00268
ekpp/ekp = 1.00105
ekpp/ek = 1.00146
ekpp/ekp = 1.00041
ekpp/ek = 1.00039
ekpp/ekp = 0.999973
ekpp/ek = 0.99999
ekpp/ekp = 1.00002
Showing
**********************************************************
Problem name: HS118   

Number of Variables: 15
Number of Constraints: 17
             Equality: 0
           has_inequality: 17

EXIT: The Algorithm has Converged
f(x) = 664.821
|c(x)| = 1.15435e-09
|g(x) + J(x)'*y| = 5.65021e-07
y offset = 0.00683727
Number of Iterations = 13
Elapsed Time = 0.00085187 s
Normal iterations = 1
Average number of normal iterations = 0.0769231
Maximum number of normal iterations during one iteration = 1
Iterations with 0  normal iterations = 12
Iterations with 1  normal iteration  = 1
Iterations with 2+ normal iterations = 0
Restorations = 1
Average number of restorations per normal iteration = 1
**********************************************************
Done
Setup time: 0.003333
Execution time: 0.003333
