sifdecoder -A pc64.lnx.gfo  HS19

 Problem name: HS19

 Double precision version will be formed

 The objective function uses 1 nonlinear group
 
 There are 2 nonlinear inequality constraints
 
 There are 2 variables bounded from below and above 
 
 
 File successfully decoded
/home/abel/documentos/dcicpp-newrun/output-dcicpp-fast-2016-11-24--13:32
No tools
make: *** No rule to make target 'dcicpp'.  Stop.
Starting
Solving
ekpp/ek = 0.905873
ekpp/ekp = 0.980573
ekpp/ek = 0.757219
ekpp/ekp = 0.772221
ekpp/ek = 0.762296
ekpp/ekp = 0.987147
ekpp/ek = 0.980209
ekpp/ekp = 0.992972
ekpp/ek = 0.968494
ekpp/ekp = 0.975349
ekpp/ek = 0.97973
ekpp/ekp = 1.00449
ekpp/ek = 1.00551
ekpp/ekp = 1.00101
ekpp/ek = 1.00105
ekpp/ekp = 1.00004
Showing
**********************************************************
Problem name: HS19    

Number of Variables: 2
Number of Constraints: 2
             Equality: 0
           has_inequality: 2

EXIT: The Algorithm has Converged
f(x) = -6961.81
|c(x)| = 3.19744e-12
|g(x) + J(x)'*y| = 2.87041e-12
y offset = 0
Number of Iterations = 11
Elapsed Time = 0.0012393 s
Normal iterations = 9
Average number of normal iterations = 0.818182
Maximum number of normal iterations during one iteration = 1
Iterations with 0  normal iterations = 2
Iterations with 1  normal iteration  = 9
Iterations with 2+ normal iterations = 0
Restorations = 112
Average number of restorations per normal iteration = 12
**********************************************************
Done
Setup time: 0
Execution time: 0.006666
