sifdecoder -A pc64.lnx.gfo  HS27

 Problem name: HS27

 Double precision version will be formed

 The objective function uses 1 nonlinear group
 
 There is 1 nonlinear equality constraint
 
 There are 3 free variables
 
 
 File successfully decoded
/home/abel/documentos/dcicpp-newrun/output-dcicpp-fast-2016-11-24--13:32
No tools
make: *** No rule to make target 'dcicpp'.  Stop.
Starting
Solving
ekpp/ek = 0.974558
ekpp/ekp = 1.84573
ekpp/ek = 1.78237
ekpp/ekp = 0.965674
ekpp/ek = 0.912889
ekpp/ekp = 0.945339
ekpp/ek = 0.943738
ekpp/ekp = 0.998306
ekpp/ek = 0.911598
ekpp/ekp = 0.913145
ekpp/ek = 0.873745
ekpp/ekp = 0.956852
ekpp/ek = 0.937224
ekpp/ekp = 0.979486
ekpp/ek = 0.937272
ekpp/ekp = 0.956901
ekpp/ek = 0.883045
ekpp/ekp = 0.922817
ekpp/ek = 0.939428
ekpp/ekp = 1.018
ekpp/ek = 1.00642
ekpp/ekp = 0.988623
ekpp/ek = 0.989583
ekpp/ekp = 1.00097
Showing
**********************************************************
Problem name: HS27    

Number of Variables: 3
Number of Constraints: 1
             Equality: 1
           has_inequality: 0

EXIT: The Algorithm has Converged
f(x) = 0.04
|c(x)| = 4.58112e-08
|g(x) + J(x)'*y| = 4.83598e-07
y offset = 0
Number of Iterations = 15
Elapsed Time = 0.000559092 s
Normal iterations = 7
Average number of normal iterations = 0.466667
Maximum number of normal iterations during one iteration = 1
Iterations with 0  normal iterations = 8
Iterations with 1  normal iteration  = 7
Iterations with 2+ normal iterations = 0
Restorations = 8
Average number of restorations per normal iteration = 1
**********************************************************
Done
Setup time: 0
Execution time: 0.003333
