sifdecoder -A pc64.lnx.gfo  HS31

 Problem name: HS31

 Double precision version will be formed

 The objective function uses 1 nonlinear group
 
 There is 1 nonlinear inequality constraint
 
 There are 3 variables bounded from below and above 
 
 
 File successfully decoded
/home/abel/documentos/dcicpp-newrun/output-dcicpp-fast-2016-11-24--13:32
No tools
make: *** No rule to make target 'dcicpp'.  Stop.
Starting
Solving
ekpp/ek = 1.01812
ekpp/ekp = 1.01298
ekpp/ek = 1.04761
ekpp/ekp = 1.03418
ekpp/ek = 1.13209
ekpp/ekp = 1.09467
ekpp/ek = 1.39358
ekpp/ekp = 1.27306
ekpp/ek = 2.18835
ekpp/ekp = 1.71897
ekpp/ek = 3.35518
ekpp/ekp = 1.95185
ekpp/ek = 4.03065
ekpp/ekp = 2.06504
ekpp/ek = 4.39564
ekpp/ekp = 2.1286
ekpp/ek = 4.77134
ekpp/ekp = 2.24154
ekpp/ek = 3.21777
ekpp/ekp = 1.43552
ekpp/ek = 1.72149
ekpp/ekp = 1.19921
ekpp/ek = 1.21541
ekpp/ekp = 1.01351
ekpp/ek = 1.09306
ekpp/ekp = 1.07849
ekpp/ek = 1.09359
ekpp/ekp = 1.01401
ekpp/ek = 1.01438
ekpp/ekp = 1.00037
Showing
**********************************************************
Problem name: HS31    

Number of Variables: 3
Number of Constraints: 1
             Equality: 0
           has_inequality: 1

EXIT: The Algorithm has Converged
f(x) = 6.00001
|c(x)| = 9.86205e-13
|g(x) + J(x)'*y| = 5.15698e-07
y offset = 0
Number of Iterations = 18
Elapsed Time = 0.000672817 s
Normal iterations = 4
Average number of normal iterations = 0.222222
Maximum number of normal iterations during one iteration = 1
Iterations with 0  normal iterations = 14
Iterations with 1  normal iteration  = 4
Iterations with 2+ normal iterations = 0
Restorations = 4
Average number of restorations per normal iteration = 1
**********************************************************
Done
Setup time: 0
Execution time: 0.003333
