sifdecoder -A pc64.lnx.gfo  HS32

 Problem name: HS32

 Double precision version will be formed

 The objective function uses 1 nonlinear group
 
 There is 1 linear equality constraint
 There is 1 nonlinear inequality constraint
 
 There are 3 variables bounded only from below 
 
 
 File successfully decoded
/home/abel/documentos/dcicpp-newrun/output-dcicpp-fast-2016-11-24--13:32
No tools
make: *** No rule to make target 'dcicpp'.  Stop.
Starting
Solving
Showing
**********************************************************
Problem name: HS32    

Number of Variables: 3
Number of Constraints: 2
             Equality: 1
           has_inequality: 1

EXIT: The Algorithm has Converged
f(x) = 1.24259
|c(x)| = 9.87007e-07
|g(x) + J(x)'*y| = 1.12398e-09
y offset = 0
Number of Iterations = 3
Elapsed Time = 0.000538111 s
Normal iterations = 1
Average number of normal iterations = 0.333333
Maximum number of normal iterations during one iteration = 1
Iterations with 0  normal iterations = 2
Iterations with 1  normal iteration  = 1
Iterations with 2+ normal iterations = 0
Restorations = 43
Average number of restorations per normal iteration = 43
**********************************************************
Done
Setup time: 0
Execution time: 0.003333
