sifdecoder -A pc64.lnx.gfo  HS37

 Problem name: HS37

 Double precision version will be formed

 The objective function uses 1 nonlinear group
 
 There are 2 linear inequality constraints
 
 There are 3 variables bounded from below and above 
 
 
 File successfully decoded
/home/abel/documentos/dcicpp-newrun/output-dcicpp-fast-2016-11-24--13:32
No tools
make: *** No rule to make target 'dcicpp'.  Stop.
Starting
Solving
ekpp/ek = 1.11674
ekpp/ekp = 1.01062
ekpp/ek = 1.01073
ekpp/ekp = 1.0001
Showing
**********************************************************
Problem name: HS37    

Number of Variables: 3
Number of Constraints: 2
             Equality: 0
           has_inequality: 2

EXIT: The Algorithm has Converged
f(x) = -3456
|c(x)| = 4.16748e-13
|g(x) + J(x)'*y| = 4.63447e-08
y offset = 0
Number of Iterations = 5
Elapsed Time = 0.000324488 s
Normal iterations = 0
Average number of normal iterations = 0
Maximum number of normal iterations during one iteration = 0
Iterations with 0  normal iterations = 5
Iterations with 1  normal iteration  = 0
Iterations with 2+ normal iterations = 0
Restorations = 0
Average number of restorations per normal iteration = NA
**********************************************************
Done
Setup time: 0
Execution time: 0.003333
