sifdecoder -A pc64.lnx.gfo  HS61

 Problem name: HS61

 Double precision version will be formed

 The objective function uses 1 nonlinear group
 
 There are 2 nonlinear equality constraints
 
 There are 3 free variables
 
 
 File successfully decoded
/home/abel/documentos/dcicpp-newrun/output-dcicpp-fast-2016-11-24--13:32
No tools
make: *** No rule to make target 'dcicpp'.  Stop.
Starting
diagonal below threshold
Status = 2
File   = ../Core/cholmod_common.c
Line   = 719
Solving
ekpp/ek = 1.02967
ekpp/ekp = 0.773656
ekpp/ek = 0.768238
ekpp/ekp = 0.992997
Showing
**********************************************************
Problem name: HS61    

Number of Variables: 3
Number of Constraints: 2
             Equality: 2
           has_inequality: 0

EXIT: The Algorithm has Converged
Cholesky failed
f(x) = -143.646
|c(x)| = 3.31806e-10
|g(x) + J(x)'*y| = 1.92724e-07
y offset = 0
Number of Iterations = 5
Elapsed Time = 0.000417948 s
Normal iterations = 5
Average number of normal iterations = 1
Maximum number of normal iterations during one iteration = 2
Iterations with 0  normal iterations = 1
Iterations with 1  normal iteration  = 3
Iterations with 2+ normal iterations = 1
Restorations = 5
Average number of restorations per normal iteration = 1
**********************************************************
Done
Setup time: 0
Execution time: 0.003333
