sifdecoder -A pc64.lnx.gfo  HS62

 Problem name: HS62

 Double precision version will be formed

 The objective function uses 1 nonlinear group
 
 There is 1 linear equality constraint
 
 There are 3 variables bounded from below and above 
 
 
 File successfully decoded
/home/abel/documentos/dcicpp-newrun/output-dcicpp-fast-2016-11-24--13:32
No tools
make: *** No rule to make target 'dcicpp'.  Stop.
Starting
Solving
ekpp/ek = 0.984154
ekpp/ekp = 0.996017
ekpp/ek = 0.995723
ekpp/ekp = 0.999705
ekpp/ek = 0.999703
ekpp/ekp = 0.999998
Showing
**********************************************************
Problem name: HS62    

Number of Variables: 3
Number of Constraints: 1
             Equality: 1
           has_inequality: 0

EXIT: The Algorithm has Converged
f(x) = -26272.5
|c(x)| = 1.52656e-16
|g(x) + J(x)'*y| = 3.5691e-11
y offset = 0
Number of Iterations = 6
Elapsed Time = 0.000361204 s
Normal iterations = 0
Average number of normal iterations = 0
Maximum number of normal iterations during one iteration = 0
Iterations with 0  normal iterations = 6
Iterations with 1  normal iteration  = 0
Iterations with 2+ normal iterations = 0
Restorations = 0
Average number of restorations per normal iteration = NA
**********************************************************
Done
Setup time: 0.003333
Execution time: -5.66244e-13
