sifdecoder -A pc64.lnx.gfo  HS63

 Problem name: HS63

 Double precision version will be formed

 The objective function uses 1 nonlinear group
 
 There is 1 linear equality constraint
 There is 1 nonlinear equality constraint
 
 There are 3 variables bounded only from below 
 
 
 File successfully decoded
/home/abel/documentos/dcicpp-newrun/output-dcicpp-fast-2016-11-24--13:32
No tools
make: *** No rule to make target 'dcicpp'.  Stop.
Starting
Solving
ekpp/ek = 0.997803
ekpp/ekp = 0.999852
Showing
**********************************************************
Problem name: HS63    

Number of Variables: 3
Number of Constraints: 2
             Equality: 2
           has_inequality: 0

EXIT: The Algorithm has Converged
f(x) = 961.715
|c(x)| = 1.83635e-07
|g(x) + J(x)'*y| = 1.3943e-07
y offset = 0
Number of Iterations = 4
Elapsed Time = 0.000347137 s
Normal iterations = 3
Average number of normal iterations = 0.75
Maximum number of normal iterations during one iteration = 1
Iterations with 0  normal iterations = 1
Iterations with 1  normal iteration  = 3
Iterations with 2+ normal iterations = 0
Restorations = 5
Average number of restorations per normal iteration = 1
**********************************************************
Done
Setup time: 0.003333
Execution time: -5.66244e-13
