sifdecoder -A pc64.lnx.gfo  HS67

 Problem name: HS67

 Double precision version will be formed

 The objective function uses 1 nonlinear group
 
 There are 14 nonlinear inequality constraints
 
 There are 3 variables bounded from below and above 
 
 
 File successfully decoded
/home/abel/documentos/dcicpp-newrun/output-dcicpp-fast-2016-11-24--13:32
No tools
make: *** No rule to make target 'dcicpp'.  Stop.
Starting
Solving
ekpp/ek = 1.05178
ekpp/ekp = 1.0154
ekpp/ek = 1.05395
ekpp/ekp = 1.03797
ekpp/ek = 1.13311
ekpp/ekp = 1.09166
ekpp/ek = 1.10136
ekpp/ekp = 1.00888
ekpp/ek = 1.0311
ekpp/ekp = 1.02202
ekpp/ek = 1.02937
ekpp/ekp = 1.00719
ekpp/ek = 1.02519
ekpp/ekp = 1.01787
ekpp/ek = 1.02582
ekpp/ekp = 1.00782
ekpp/ek = 1.014
ekpp/ekp = 1.00614
ekpp/ek = 1.00978
ekpp/ekp = 1.00362
ekpp/ek = 1.00744
ekpp/ekp = 1.0038
ekpp/ek = 1.01331
ekpp/ekp = 1.00947
ekpp/ek = 1.0108
ekpp/ekp = 1.00132
ekpp/ek = 1.00463
ekpp/ekp = 1.00331
ekpp/ek = 1.00561
ekpp/ekp = 1.00229
ekpp/ek = 1.00229
ekpp/ekp = 1
ekpp/ek = 1
ekpp/ekp = 1
Showing
**********************************************************
Problem name: HS67    

Number of Variables: 3
Number of Constraints: 14
             Equality: 0
           has_inequality: 14

EXIT: The Algorithm has Converged
f(x) = -1162.12
|c(x)| = 4.82864e-08
|g(x) + J(x)'*y| = 2.14456e-10
y offset = 2.04337e-10
Number of Iterations = 20
Elapsed Time = 0.00277066 s
Normal iterations = 18
Average number of normal iterations = 0.9
Maximum number of normal iterations during one iteration = 1
Iterations with 0  normal iterations = 2
Iterations with 1  normal iteration  = 18
Iterations with 2+ normal iterations = 0
Restorations = 30
Average number of restorations per normal iteration = 1
**********************************************************
Done
Setup time: 0
Execution time: 0.009999
