sifdecoder -A pc64.lnx.gfo  HS77

 Problem name: HS77

 Double precision version will be formed

 The objective function uses 5 nonlinear groups
 
 There are 2 nonlinear equality constraints
 
 There are 5 free variables
 
 
 File successfully decoded
/home/abel/documentos/dcicpp-newrun/output-dcicpp-fast-2016-11-24--13:32
No tools
make: *** No rule to make target 'dcicpp'.  Stop.
Starting
Solving
ekpp/ek = 0.473138
ekpp/ekp = 0.765067
ekpp/ek = 0.69272
ekpp/ekp = 0.905438
ekpp/ek = 0.723988
ekpp/ekp = 0.799599
ekpp/ek = 0.79357
ekpp/ekp = 0.992459
ekpp/ek = 0.981439
ekpp/ekp = 0.988896
ekpp/ek = 1.05507
ekpp/ekp = 1.06691
ekpp/ek = 1.08045
ekpp/ekp = 1.01269
ekpp/ek = 1.00286
ekpp/ekp = 0.990291
ekpp/ek = 0.990004
ekpp/ekp = 0.99971
Showing
**********************************************************
Problem name: HS77    

Number of Variables: 5
Number of Constraints: 2
             Equality: 2
           has_inequality: 0

EXIT: The Algorithm has Converged
f(x) = 0.241505
|c(x)| = 6.9456e-13
|g(x) + J(x)'*y| = 1.16839e-08
y offset = 0
Number of Iterations = 12
Elapsed Time = 0.000547171 s
Normal iterations = 6
Average number of normal iterations = 0.5
Maximum number of normal iterations during one iteration = 1
Iterations with 0  normal iterations = 6
Iterations with 1  normal iteration  = 6
Iterations with 2+ normal iterations = 0
Restorations = 6
Average number of restorations per normal iteration = 1
**********************************************************
Done
Setup time: 0
Execution time: 0.003333
