sifdecoder -A pc64.lnx.gfo  HS91

 Problem name: HS91

 Double precision version will be formed

 The objective function uses 1 nonlinear group
 
 There is 1 nonlinear inequality constraint
 
 There are 5 free variables
 
 
 File successfully decoded
/home/abel/documentos/dcicpp-newrun/output-dcicpp-fast-2016-11-24--13:32
No tools
make: *** No rule to make target 'dcicpp'.  Stop.
Starting
Solving
ekpp/ek = 1.00068
ekpp/ekp = 1.01845
ekpp/ek = 1.01855
ekpp/ekp = 1.0001
ekpp/ek = 1.02347
ekpp/ekp = 1.02336
ekpp/ek = 1.01774
ekpp/ekp = 0.994507
ekpp/ek = 1.00004
ekpp/ekp = 1.00556
ekpp/ek = 1.00556
ekpp/ekp = 1
ekpp/ek = 0.99908
ekpp/ekp = 0.999076
ekpp/ek = 0.959585
ekpp/ekp = 0.960473
ekpp/ek = 0.958868
ekpp/ekp = 0.998329
ekpp/ek = 0.978297
ekpp/ekp = 0.979934
ekpp/ek = 0.991818
ekpp/ekp = 1.01213
ekpp/ek = 1.01889
ekpp/ekp = 1.00668
ekpp/ek = 1.00986
ekpp/ekp = 1.00315
ekpp/ek = 1.00378
ekpp/ekp = 1.00062
ekpp/ek = 1.00077
ekpp/ekp = 1.00015
ekpp/ek = 1.00015
ekpp/ekp = 1
ekpp/ek = 1.00007
ekpp/ekp = 1.00007
ekpp/ek = 1.00007
ekpp/ekp = 1
Showing
**********************************************************
Problem name: HS91    

Number of Variables: 5
Number of Constraints: 1
             Equality: 0
           has_inequality: 1

EXIT: The Algorithm has Converged
f(x) = 1.36168
|c(x)| = 9.22647e-07
|g(x) + J(x)'*y| = 1.48551e-08
y offset = 0
Number of Iterations = 21
Elapsed Time = 0.0926476 s
Normal iterations = 9
Average number of normal iterations = 0.428571
Maximum number of normal iterations during one iteration = 2
Iterations with 0  normal iterations = 13
Iterations with 1  normal iteration  = 7
Iterations with 2+ normal iterations = 1
Restorations = 117
Average number of restorations per normal iteration = 13
**********************************************************
Done
Setup time: 0.003333
Execution time: 0.319999
