sifdecoder -A pc64.lnx.gfo  HS99

 Problem name: HS99

 Double precision version will be formed

 The objective function uses 1 nonlinear group
 
 There are 2 nonlinear equality constraints
 
 There are 7 variables bounded from below and above 
 
 
 File successfully decoded
/home/abel/documentos/dcicpp-newrun/output-dcicpp-fast-2016-11-24--13:32
No tools
make: *** No rule to make target 'dcicpp'.  Stop.
Starting
Solving
ekpp/ek = 0.997664
ekpp/ekp = 0.999998
Showing
**********************************************************
Problem name: HS99    

Number of Variables: 7
Number of Constraints: 2
             Equality: 2
           has_inequality: 0

EXIT: The Algorithm has Converged
f(x) = -8.3108e+08
|c(x)| = 8.29609e-07
|g(x) + J(x)'*y| = 1.10965e-11
y offset = 0
Number of Iterations = 4
Elapsed Time = 0.000466824 s
Normal iterations = 3
Average number of normal iterations = 0.75
Maximum number of normal iterations during one iteration = 1
Iterations with 0  normal iterations = 1
Iterations with 1  normal iteration  = 3
Iterations with 2+ normal iterations = 0
Restorations = 4
Average number of restorations per normal iteration = 1
**********************************************************
Done
Setup time: 0
Execution time: 0.003333
