sifdecoder -A pc64.lnx.gfo  HYDROELL

 Problem name: HYDROELL

 Double precision version will be formed

 The objective function uses 1 nonlinear group
 
 There are 1008 linear inequality constraints
 
 There are 1007 variables bounded from below and above 
 There are 2 fixed variables
 
 
 File successfully decoded
/home/abel/documentos/dcicpp-newrun/output-dcicpp-fast-2016-11-24--13:32
No tools
make: *** No rule to make target 'dcicpp'.  Stop.
NOPE preprocessing removed 2 variables
NOPE preprocessing removed 1 contraints
Starting
Solving
Showing
**********************************************************
Problem name: HYDROELL

Number of Variables: 1007
Number of Constraints: 1007
             Equality: 0
           has_inequality: 1007

EXIT: The Algorithm has Converged
f(x) = -3.42691e+06
|c(x)| = 0
|g(x) + J(x)'*y| = 2.9e-09
y offset = 0.000104974
Number of Iterations = 1
Elapsed Time = 0.00179267 s
Normal iterations = 0
Average number of normal iterations = 0
Maximum number of normal iterations during one iteration = 0
Iterations with 0  normal iterations = 1
Iterations with 1  normal iteration  = 0
Iterations with 2+ normal iterations = 0
Restorations = 0
Average number of restorations per normal iteration = NA
**********************************************************
Done
Setup time: 0.026666
Execution time: 0.006666
