sifdecoder -A pc64.lnx.gfo  KIWCRESC

 Problem name: KIWCRESC

 Double precision version will be formed

 The objective function uses 1 linear group
 
 There are 2 nonlinear inequality constraints
 
 There are 3 free variables
 
 
 File successfully decoded
/home/abel/documentos/dcicpp-newrun/output-dcicpp-fast-2016-11-24--13:32
No tools
make: *** No rule to make target 'dcicpp'.  Stop.
Starting
Solving
ekpp/ek = 0.388428
ekpp/ekp = 0.603679
ekpp/ek = 0.427464
ekpp/ekp = 0.708097
ekpp/ek = 0.707967
ekpp/ekp = 0.999816
ekpp/ek = 0.999277
ekpp/ekp = 0.999461
ekpp/ek = 0.999235
ekpp/ekp = 0.999774
ekpp/ek = 0.999831
ekpp/ekp = 1.00006
Showing
**********************************************************
Problem name: KIWCRESC

Number of Variables: 3
Number of Constraints: 2
             Equality: 0
           has_inequality: 2

EXIT: The Algorithm has Converged
f(x) = -7.57504e-07
|c(x)| = 9.62264e-07
|g(x) + J(x)'*y| = 2.44169e-11
y offset = 0
Number of Iterations = 9
Elapsed Time = 0.00193 s
Normal iterations = 12
Average number of normal iterations = 1.33333
Maximum number of normal iterations during one iteration = 2
Iterations with 0  normal iterations = 1
Iterations with 1  normal iteration  = 4
Iterations with 2+ normal iterations = 4
Restorations = 208
Average number of restorations per normal iteration = 17
**********************************************************
Done
Setup time: 0
Execution time: 0.009999
