sifdecoder -A pc64.lnx.gfo  MATRIX2

 Problem name: MATRIX2

 Double precision version will be formed

 The objective function uses 1 nonlinear group
 
 There are 2 nonlinear inequality constraints
 
 There are 2 free variables
 There are 2 variables bounded only from above 
 There are 2 variables bounded only from below 
 
 
 File successfully decoded
/home/abel/documentos/dcicpp-newrun/output-dcicpp-fast-2016-11-24--13:32
No tools
make: *** No rule to make target 'dcicpp'.  Stop.
Starting
Solving
ekpp/ek = 1.42153
ekpp/ekp = 1.31853
ekpp/ek = 1.04618
ekpp/ekp = 0.793439
ekpp/ek = 0.695548
ekpp/ekp = 0.876625
ekpp/ek = 1.17906
ekpp/ekp = 1.345
ekpp/ek = 1.39767
ekpp/ekp = 1.03916
ekpp/ek = 1.11858
ekpp/ekp = 1.07643
ekpp/ek = 1.08105
ekpp/ekp = 1.00429
ekpp/ek = 1.01517
ekpp/ekp = 1.01083
ekpp/ek = 1.01228
ekpp/ekp = 1.00143
ekpp/ek = 1.00476
ekpp/ekp = 1.00333
ekpp/ek = 1.0041
ekpp/ekp = 1.00077
Showing
**********************************************************
Problem name: MATRIX2 

Number of Variables: 6
Number of Constraints: 2
             Equality: 0
           has_inequality: 2

EXIT: The Algorithm has Converged
f(x) = 2.63683e-06
|c(x)| = 9.66541e-07
|g(x) + J(x)'*y| = 3.62451e-07
y offset = 0
Number of Iterations = 14
Elapsed Time = 0.00124407 s
Normal iterations = 11
Average number of normal iterations = 0.785714
Maximum number of normal iterations during one iteration = 1
Iterations with 0  normal iterations = 3
Iterations with 1  normal iteration  = 11
Iterations with 2+ normal iterations = 0
Restorations = 48
Average number of restorations per normal iteration = 4
**********************************************************
Done
Setup time: 0.003333
Execution time: 0.003333
