sifdecoder -A pc64.lnx.gfo  MINMAXRB

 Problem name: MINMAXRB

 Double precision version will be formed

 The objective function uses 1 linear group
 
 There are 2 linear inequality constraints
 There are 2 nonlinear inequality constraints
 
 There are 3 free variables
 
 
 File successfully decoded
/home/abel/documentos/dcicpp-newrun/output-dcicpp-fast-2016-11-24--13:32
No tools
make: *** No rule to make target 'dcicpp'.  Stop.
Starting
Solving
ekpp/ek = 0.825413
ekpp/ekp = 0.922699
ekpp/ek = 0.876672
ekpp/ekp = 0.950117
ekpp/ek = 0.861863
ekpp/ekp = 0.907113
ekpp/ek = 0.565544
ekpp/ekp = 0.623455
ekpp/ek = 0.643662
ekpp/ekp = 1.03241
diagonal below threshold
Status = 2
File   = ../Core/cholmod_common.c
Line   = 719
ekpp/ek = 1.03772
ekpp/ekp = 1.00515
ekpp/ek = 1.00515
ekpp/ekp = 1
Showing
**********************************************************
Problem name: MINMAXRB

Number of Variables: 3
Number of Constraints: 4
             Equality: 0
           has_inequality: 4

EXIT: The Algorithm has Converged
Cholesky failed
f(x) = 3.83351e-09
|c(x)| = 1.10821e-08
|g(x) + J(x)'*y| = 2.26588e-11
y offset = 0
Number of Iterations = 10
Elapsed Time = 0.00184345 s
Normal iterations = 9
Average number of normal iterations = 0.9
Maximum number of normal iterations during one iteration = 2
Iterations with 0  normal iterations = 2
Iterations with 1  normal iteration  = 7
Iterations with 2+ normal iterations = 1
Restorations = 144
Average number of restorations per normal iteration = 16
**********************************************************
Done
Setup time: 0
Execution time: 0.003333
