sifdecoder -A pc64.lnx.gfo  MISTAKE

 Problem name: MISTAKE

 Double precision version will be formed

 The objective function uses 1 nonlinear group
 
 There are 13 nonlinear inequality constraints
 
 There are 8 free variables
 There is 1 variable bounded only from below 
 
 
 File successfully decoded
/home/abel/documentos/dcicpp-newrun/output-dcicpp-fast-2016-11-24--13:32
No tools
make: *** No rule to make target 'dcicpp'.  Stop.
Starting
Solving
ekpp/ek = 4.95569
ekpp/ekp = 1.26043
ekpp/ek = 1.48757
ekpp/ekp = 1.18021
ekpp/ek = 1.23848
ekpp/ekp = 1.04937
ekpp/ek = 1.1917
ekpp/ekp = 1.13564
ekpp/ek = 1.11409
ekpp/ekp = 0.981022
ekpp/ek = 1.01164
ekpp/ekp = 1.0312
ekpp/ek = 1.01053
ekpp/ekp = 0.979947
ekpp/ek = 0.994189
ekpp/ekp = 1.01453
ekpp/ek = 1.068
ekpp/ekp = 1.05271
ekpp/ek = 1.16057
ekpp/ekp = 1.10246
ekpp/ek = 1.13765
ekpp/ekp = 1.03192
ekpp/ek = 0.970686
ekpp/ekp = 0.940661
ekpp/ek = 0.948539
ekpp/ekp = 1.00837
ekpp/ek = 1.01192
ekpp/ekp = 1.00351
ekpp/ek = 1.00201
ekpp/ekp = 0.998499
Showing
**********************************************************
Problem name: MISTAKE 

Number of Variables: 9
Number of Constraints: 13
             Equality: 0
           has_inequality: 13

EXIT: The Algorithm has Converged
f(x) = -0.999999
|c(x)| = 9.45092e-07
|g(x) + J(x)'*y| = 6.22654e-07
y offset = 6.72028e-07
Number of Iterations = 18
Elapsed Time = 0.00964904 s
Normal iterations = 21
Average number of normal iterations = 1.16667
Maximum number of normal iterations during one iteration = 2
Iterations with 0  normal iterations = 1
Iterations with 1  normal iteration  = 13
Iterations with 2+ normal iterations = 4
Restorations = 494
Average number of restorations per normal iteration = 23
**********************************************************
Done
Setup time: 0.003333
Execution time: 0.036666
