sifdecoder -A pc64.lnx.gfo  ODFITS

 Problem name: ODFITS

 Double precision version will be formed

 The objective function uses 10 nonlinear groups
 
 There are 6 linear equality constraints
 
 There are 10 variables bounded only from below 
 
 
 File successfully decoded
/home/abel/documentos/dcicpp-newrun/output-dcicpp-fast-2016-11-24--13:32
No tools
make: *** No rule to make target 'dcicpp'.  Stop.
Starting
Solving
ekpp/ek = 1.01977
ekpp/ekp = 1.00164
ekpp/ek = 1.00166
ekpp/ekp = 1.00002
Showing
**********************************************************
Problem name: ODFITS  

Number of Variables: 10
Number of Constraints: 6
             Equality: 6
           has_inequality: 0

EXIT: The Algorithm has Converged
f(x) = -2380.03
|c(x)| = 5.35506e-13
|g(x) + J(x)'*y| = 2.16061e-09
y offset = 0
Number of Iterations = 5
Elapsed Time = 0.000658751 s
Normal iterations = 1
Average number of normal iterations = 0.2
Maximum number of normal iterations during one iteration = 1
Iterations with 0  normal iterations = 4
Iterations with 1  normal iteration  = 1
Iterations with 2+ normal iterations = 0
Restorations = 1
Average number of restorations per normal iteration = 1
**********************************************************
Done
Setup time: 0
Execution time: 0.003333
