sifdecoder -A pc64.lnx.gfo  PALMER5B

 Problem name: PALMER5B

 Double precision version will be formed

 The objective function uses 12 nonlinear groups
 
 There are 7 free variables
 There are 2 variables bounded only from below 
 
 
 File successfully decoded
/home/abel/documentos/dcicpp-newrun/output-dcicpp-fast-2016-11-24--13:32
No tools
make: *** No rule to make target 'dcicpp'.  Stop.
Starting
Solving
ekpp/ek = 1.40919
ekpp/ekp = 1.21729
ekpp/ek = 1.81495
ekpp/ekp = 1.49098
ekpp/ek = 2.82196
ekpp/ekp = 1.89269
ekpp/ek = 1.53628
ekpp/ekp = 0.811692
ekpp/ek = 1.41519
ekpp/ekp = 1.7435
ekpp/ek = 3.81687
ekpp/ekp = 2.1892
ekpp/ek = 5.72428
ekpp/ekp = 2.61478
ekpp/ek = 2.83166
ekpp/ekp = 1.08294
ekpp/ek = 0.86683
ekpp/ekp = 0.800438
ekpp/ek = 1.2072
ekpp/ekp = 1.50818
ekpp/ek = 1.53412
ekpp/ekp = 1.0172
ekpp/ek = 1.10423
ekpp/ekp = 1.08556
ekpp/ek = 1.10271
ekpp/ekp = 1.0158
ekpp/ek = 1.24206
ekpp/ekp = 1.22275
ekpp/ek = 1.22374
ekpp/ekp = 1.00081
ekpp/ek = 1.0002
ekpp/ekp = 0.99939
ekpp/ek = 0.945246
ekpp/ekp = 0.945823
ekpp/ek = 0.946668
ekpp/ekp = 1.00089
ekpp/ek = 1.00521
ekpp/ekp = 1.00431
ekpp/ek = 0.993935
ekpp/ekp = 0.989668
ekpp/ek = 0.967461
ekpp/ekp = 0.977561
ekpp/ek = 0.977932
ekpp/ekp = 1.00038
ekpp/ek = 1.0059
ekpp/ekp = 1.00552
ekpp/ek = 0.99677
ekpp/ekp = 0.991296
ekpp/ek = 0.995816
ekpp/ekp = 1.00456
ekpp/ek = 1.00457
ekpp/ekp = 1.00001
Showing
**********************************************************
Problem name: PALMER5B

Number of Variables: 9
Number of Constraints: 0
             Equality: 0
           has_inequality: 0

EXIT: The Algorithm has Converged
f(x) = 0.123317
|c(x)| = 0
|g(x) + J(x)'*y| = 9.28106e-08
y offset = 0
Number of Iterations = 29
Elapsed Time = 0.00104761 s
Normal iterations = 0
Average number of normal iterations = 0
Maximum number of normal iterations during one iteration = 0
Iterations with 0  normal iterations = 29
Iterations with 1  normal iteration  = 0
Iterations with 2+ normal iterations = 0
Restorations = 0
Average number of restorations per normal iteration = NA
**********************************************************
Done
Setup time: 0.003333
Execution time: 0.003333
