sifdecoder -A pc64.lnx.gfo  PALMER1D

 Problem name: PALMER1D

 Double precision version will be formed

 The objective function uses 35 nonlinear groups
 
 There are 7 free variables
 
 
 File successfully decoded
/home/abel/documentos/dcicpp-newrun/output-dcicpp-fast-2016-11-24--13:32
No tools
make: *** No rule to make target 'dcicpp'.  Stop.
Starting
Solving
ekpp/ek = 266.588
ekpp/ekp = 3.32809
ekpp/ek = 2.8813
ekpp/ekp = 0.865752
ekpp/ek = 0.573882
ekpp/ekp = 0.662871
ekpp/ek = 0.662871
ekpp/ekp = 1
Showing
**********************************************************
Problem name: PALMER1D

Number of Variables: 7
Number of Constraints: 0
             Equality: 0
           has_inequality: 0

EXIT: The Algorithm has Converged
f(x) = 3.64405
|c(x)| = 0
|g(x) + J(x)'*y| = 1.84346e-07
y offset = 0
Number of Iterations = 7
Elapsed Time = 0.000514269 s
Normal iterations = 0
Average number of normal iterations = 0
Maximum number of normal iterations during one iteration = 0
Iterations with 0  normal iterations = 7
Iterations with 1  normal iteration  = 0
Iterations with 2+ normal iterations = 0
Restorations = 0
Average number of restorations per normal iteration = NA
**********************************************************
Done
Setup time: 0.003333
Execution time: -1.13249e-12
