sifdecoder -A pc64.lnx.gfo  PALMER3C

 Problem name: PALMER3C

 Double precision version will be formed

 The objective function uses 23 nonlinear groups
 
 There are 8 free variables
 
 
 File successfully decoded
/home/abel/documentos/dcicpp-newrun/output-dcicpp-fast-2016-11-24--13:32
No tools
make: *** No rule to make target 'dcicpp'.  Stop.
Starting
Solving
ekpp/ek = 52.7614
ekpp/ekp = 5.28407
ekpp/ek = 5.28407
ekpp/ekp = 1
Showing
**********************************************************
Problem name: PALMER3C

Number of Variables: 8
Number of Constraints: 0
             Equality: 0
           has_inequality: 0

EXIT: The Algorithm has Converged
f(x) = 0.499984
|c(x)| = 0
|g(x) + J(x)'*y| = 4.30829e-08
y offset = 0
Number of Iterations = 5
Elapsed Time = 0.000392914 s
Normal iterations = 0
Average number of normal iterations = 0
Maximum number of normal iterations during one iteration = 0
Iterations with 0  normal iterations = 5
Iterations with 1  normal iteration  = 0
Iterations with 2+ normal iterations = 0
Restorations = 0
Average number of restorations per normal iteration = NA
**********************************************************
Done
Setup time: 0
Execution time: 9.27925e-10
