sifdecoder -A pc64.lnx.gfo  PALMER7E

 Problem name: PALMER7E

 Double precision version will be formed

 The objective function uses 13 nonlinear groups
 
 There are 7 free variables
 There is 1 variable bounded only from below 
 
 
 File successfully decoded
/home/abel/documentos/dcicpp-newrun/output-dcicpp-fast-2016-11-24--13:32
No tools
make: *** No rule to make target 'dcicpp'.  Stop.
Starting
Solving
ekpp/ek = 1.40472
ekpp/ekp = 1.04555
ekpp/ek = 1.22567
ekpp/ekp = 1.17227
ekpp/ek = 1.63005
ekpp/ekp = 1.3905
ekpp/ek = 3.17779
ekpp/ekp = 2.28535
ekpp/ek = 2.20538
ekpp/ekp = 0.965005
ekpp/ek = 0.959884
ekpp/ekp = 0.994692
ekpp/ek = 0.981956
ekpp/ekp = 0.987196
ekpp/ek = 0.958708
ekpp/ekp = 0.971143
ekpp/ek = 0.942079
ekpp/ekp = 0.970072
ekpp/ek = 0.929064
ekpp/ekp = 0.957726
ekpp/ek = 0.991161
ekpp/ekp = 1.03491
ekpp/ek = 2.51533
ekpp/ekp = 2.43049
ekpp/ek = 2.44988
ekpp/ekp = 1.00798
ekpp/ek = 1.01323
ekpp/ekp = 1.00521
ekpp/ek = 1.02084
ekpp/ekp = 1.01555
ekpp/ek = 1.04494
ekpp/ekp = 1.02894
Showing
**********************************************************
Problem name: PALMER7E

Number of Variables: 8
Number of Constraints: 0
             Equality: 0
           has_inequality: 0

EXIT: The Algorithm has Converged
f(x) = 10.349
|c(x)| = 0
|g(x) + J(x)'*y| = 5.85337e-07
y offset = 0
Number of Iterations = 19
Elapsed Time = 0.0011797 s
Normal iterations = 0
Average number of normal iterations = 0
Maximum number of normal iterations during one iteration = 0
Iterations with 0  normal iterations = 19
Iterations with 1  normal iteration  = 0
Iterations with 2+ normal iterations = 0
Restorations = 0
Average number of restorations per normal iteration = NA
**********************************************************
Done
Setup time: 0.003333
Execution time: 0.003333
