sifdecoder -A pc64.lnx.gfo  PALMER5A

 Problem name: PALMER5A

 Double precision version will be formed

 The objective function uses 12 nonlinear groups
 
 There are 6 free variables
 There are 2 variables bounded only from below 
 
 
 File successfully decoded
/home/abel/documentos/dcicpp-newrun/output-dcicpp-fast-2016-11-24--13:32
No tools
make: *** No rule to make target 'dcicpp'.  Stop.
Starting
Solving
ekpp/ek = 1.26395
ekpp/ekp = 1.17673
ekpp/ek = 1.64217
ekpp/ekp = 1.39554
ekpp/ek = 2.46782
ekpp/ekp = 1.76837
ekpp/ek = 1.89221
ekpp/ekp = 1.07003
ekpp/ek = 1.2475
ekpp/ekp = 1.16585
ekpp/ek = 1.58975
ekpp/ekp = 1.36359
ekpp/ek = 2.63866
ekpp/ekp = 1.93509
ekpp/ek = 4.25019
ekpp/ekp = 2.19638
ekpp/ek = 3.28302
ekpp/ekp = 1.49474
ekpp/ek = 1.54271
ekpp/ekp = 1.03209
Showing
**********************************************************
Problem name: PALMER5A

Number of Variables: 8
Number of Constraints: 0
             Equality: 0
           has_inequality: 0

EXIT: The Algorithm has Converged
f(x) = 2.12806
|c(x)| = 0
|g(x) + J(x)'*y| = 3.17557e-07
y offset = 0
Number of Iterations = 13
Elapsed Time = 0.000439882 s
Normal iterations = 0
Average number of normal iterations = 0
Maximum number of normal iterations during one iteration = 0
Iterations with 0  normal iterations = 13
Iterations with 1  normal iteration  = 0
Iterations with 2+ normal iterations = 0
Restorations = 0
Average number of restorations per normal iteration = NA
**********************************************************
Done
Setup time: 0
Execution time: 0.003333
