sifdecoder -A pc64.lnx.gfo  PENALTY2

 Problem name: PENALTY2

 Double precision version will be formed

 The objective function uses 400 nonlinear groups
 
 There are 200 free variables
 
 
 File successfully decoded
/home/abel/documentos/dcicpp-newrun/output-dcicpp-fast-2016-11-24--13:32
No tools
make: *** No rule to make target 'dcicpp'.  Stop.
Starting
Solving
ekpp/ek = 1.26645
ekpp/ekp = 1.08906
ekpp/ek = 1.14959
ekpp/ekp = 1.05558
ekpp/ek = 1.15974
ekpp/ekp = 1.09868
ekpp/ek = 1.24481
ekpp/ekp = 1.133
ekpp/ek = 1.11696
ekpp/ekp = 0.985835
ekpp/ek = 0.984142
ekpp/ekp = 0.998282
ekpp/ek = 0.998215
ekpp/ekp = 0.999933
Showing
**********************************************************
Problem name: PENALTY2

Number of Variables: 200
Number of Constraints: 0
             Equality: 0
           has_inequality: 0

EXIT: The Algorithm has Converged
f(x) = 4.71163e+13
|c(x)| = 0
|g(x) + J(x)'*y| = 1.01484e-07
y offset = 0
Number of Iterations = 10
Elapsed Time = 0.0490499 s
Normal iterations = 0
Average number of normal iterations = 0
Maximum number of normal iterations during one iteration = 0
Iterations with 0  normal iterations = 10
Iterations with 1  normal iteration  = 0
Iterations with 2+ normal iterations = 0
Restorations = 0
Average number of restorations per normal iteration = NA
**********************************************************
Done
Setup time: 0.006666
Execution time: 0.19
