sifdecoder -A pc64.lnx.gfo  PENALTY1

 Problem name: PENALTY1

 Double precision version will be formed

 The objective function uses 1000 linear groups
 The objective function uses 1 nonlinear group
 
 There are 1000 free variables
 
 
 File successfully decoded
/home/abel/documentos/dcicpp-newrun/output-dcicpp-fast-2016-11-24--13:32
No tools
make: *** No rule to make target 'dcicpp'.  Stop.
Starting
Solving
ekpp/ek = 0.443194
ekpp/ekp = 0.66554
ekpp/ek = 0.442568
ekpp/ekp = 0.664975
ekpp/ek = 0.441627
ekpp/ekp = 0.664126
ekpp/ek = 0.440213
ekpp/ekp = 0.662847
ekpp/ek = 0.438087
ekpp/ekp = 0.660918
ekpp/ek = 0.434886
ekpp/ekp = 0.658003
ekpp/ek = 0.430057
ekpp/ekp = 0.65358
ekpp/ek = 0.422761
ekpp/ekp = 0.64684
ekpp/ek = 0.411723
ekpp/ekp = 0.636516
ekpp/ek = 0.395065
ekpp/ekp = 0.620669
ekpp/ek = 0.370373
ekpp/ekp = 0.596732
ekpp/ek = 0.336864
ekpp/ekp = 0.564515
ekpp/ek = 0.312151
ekpp/ekp = 0.552955
ekpp/ek = 0.409684
ekpp/ekp = 0.7409
ekpp/ek = 0.84879
ekpp/ekp = 1.14562
ekpp/ek = 1.37947
ekpp/ekp = 1.20412
ekpp/ek = 1.3708
ekpp/ekp = 1.13842
ekpp/ek = 1.23806
ekpp/ekp = 1.08752
ekpp/ek = 1.14796
ekpp/ekp = 1.05558
ekpp/ek = 1.09322
ekpp/ekp = 1.03566
ekpp/ek = 1.05949
ekpp/ekp = 1.02301
ekpp/ek = 1.03812
ekpp/ekp = 1.01478
ekpp/ek = 1.02417
ekpp/ekp = 1.00926
ekpp/ek = 1.01472
ekpp/ekp = 1.00541
Showing
**********************************************************
Problem name: PENALTY1

Number of Variables: 1000
Number of Constraints: 0
             Equality: 0
           has_inequality: 0

EXIT: The Algorithm has Converged
f(x) = 0.0284478
|c(x)| = 0
|g(x) + J(x)'*y| = 3.4054e-07
y offset = 0
Number of Iterations = 27
Elapsed Time = 0.0113182 s
Normal iterations = 0
Average number of normal iterations = 0
Maximum number of normal iterations during one iteration = 0
Iterations with 0  normal iterations = 27
Iterations with 1  normal iteration  = 0
Iterations with 2+ normal iterations = 0
Restorations = 0
Average number of restorations per normal iteration = NA
**********************************************************
Done
Setup time: 0.013332
Execution time: 0.033334
