sifdecoder -A pc64.lnx.gfo  POLAK1

 Problem name: POLAK1

 Double precision version will be formed

 The objective function uses 1 linear group
 
 There are 2 nonlinear inequality constraints
 
 There are 3 free variables
 
 
 File successfully decoded
/home/abel/documentos/dcicpp-newrun/output-dcicpp-fast-2016-11-24--13:32
No tools
make: *** No rule to make target 'dcicpp'.  Stop.
Starting
Solving
Showing
**********************************************************
Problem name: POLAK1  

Number of Variables: 3
Number of Constraints: 2
             Equality: 0
           has_inequality: 2

EXIT: The Algorithm has Converged
f(x) = 2.71828
|c(x)| = 9.45693e-07
|g(x) + J(x)'*y| = 1.28441e-08
y offset = 0
Number of Iterations = 3
Elapsed Time = 0.00528455 s
Normal iterations = 3
Average number of normal iterations = 1
Maximum number of normal iterations during one iteration = 2
Iterations with 0  normal iterations = 1
Iterations with 1  normal iteration  = 1
Iterations with 2+ normal iterations = 1
Restorations = 644
Average number of restorations per normal iteration = 214
**********************************************************
Done
Setup time: 0
Execution time: 0.016666
