sifdecoder -A pc64.lnx.gfo  PRIMALC2

 Problem name: PRIMALC2

 Double precision version will be formed

 The objective function uses 1 nonlinear group
 
 There are 7 linear inequality constraints
 
 There are 2 free variables
 There are 229 variables bounded only from below 
 
 
 File successfully decoded
/home/abel/documentos/dcicpp-newrun/output-dcicpp-fast-2016-11-24--13:32
No tools
make: *** No rule to make target 'dcicpp'.  Stop.
Starting
Solving
ekpp/ek = 1.09642
ekpp/ekp = 0.961507
ekpp/ek = 0.896246
ekpp/ekp = 0.932127
ekpp/ek = 0.919403
ekpp/ekp = 0.98635
ekpp/ek = 0.984775
ekpp/ekp = 0.998403
ekpp/ek = 33.5921
ekpp/ekp = 33.6459
ekpp/ek = 95.983
ekpp/ekp = 2.85274
ekpp/ek = 2.85447
ekpp/ekp = 1.00061
ekpp/ek = 1.00825
ekpp/ekp = 1.00764
ekpp/ek = 3.06581
ekpp/ekp = 3.04258
ekpp/ek = 3.04266
ekpp/ekp = 1.00003
ekpp/ek = 1.00004
ekpp/ekp = 1.00001
ekpp/ek = 1.00002
ekpp/ekp = 1
Showing
**********************************************************
Problem name: PRIMALC2

Number of Variables: 231
Number of Constraints: 7
             Equality: 0
           has_inequality: 7

EXIT: The Algorithm has Converged
f(x) = -3519.85
|c(x)| = 3.32332e-07
|g(x) + J(x)'*y| = 2.34521e-07
y offset = 0
Number of Iterations = 15
Elapsed Time = 0.0101287 s
Normal iterations = 1
Average number of normal iterations = 0.0666667
Maximum number of normal iterations during one iteration = 1
Iterations with 0  normal iterations = 14
Iterations with 1  normal iteration  = 1
Iterations with 2+ normal iterations = 0
Restorations = 23
Average number of restorations per normal iteration = 23
**********************************************************
Done
Setup time: 0.006666
Execution time: 0.04
