sifdecoder -A pc64.lnx.gfo  PRIMAL1

 Problem name: PRIMAL1

 Double precision version will be formed

 The objective function uses 1 nonlinear group
 
 There are 85 linear inequality constraints
 
 There are 324 free variables
 There is 1 variable bounded only from below 
 
 
 File successfully decoded
/home/abel/documentos/dcicpp-newrun/output-dcicpp-fast-2016-11-24--13:32
No tools
make: *** No rule to make target 'dcicpp'.  Stop.
Starting
Solving
ekpp/ek = 0.999793
ekpp/ekp = 1.00002
ekpp/ek = 0.999943
ekpp/ekp = 0.999921
ekpp/ek = 0.999922
ekpp/ekp = 1
ekpp/ek = 0.999987
ekpp/ekp = 0.999986
ekpp/ek = 0.999985
ekpp/ekp = 0.999999
ekpp/ek = 0.999996
ekpp/ekp = 0.999997
Showing
**********************************************************
Problem name: PRIMAL1 

Number of Variables: 325
Number of Constraints: 85
             Equality: 0
           has_inequality: 85

EXIT: The Algorithm has Converged
f(x) = -0.0346799
|c(x)| = 1.13997e-10
|g(x) + J(x)'*y| = 2.90503e-07
y offset = 4.42505e-05
Number of Iterations = 9
Elapsed Time = 0.0194485 s
Normal iterations = 1
Average number of normal iterations = 0.111111
Maximum number of normal iterations during one iteration = 1
Iterations with 0  normal iterations = 8
Iterations with 1  normal iteration  = 1
Iterations with 2+ normal iterations = 0
Restorations = 1
Average number of restorations per normal iteration = 1
**********************************************************
Done
Setup time: 0.006666
Execution time: 0.059999
