sifdecoder -A pc64.lnx.gfo  PRODPL0

 Problem name: PRODPL0

 Double precision version will be formed

 The objective function uses 1 linear group
 
 There are 20 linear equality constraints
 There are 5 linear inequality constraints
 There are 4 nonlinear inequality constraints
 
 There are 60 variables bounded only from below 
 
 
 File successfully decoded
/home/abel/documentos/dcicpp-newrun/output-dcicpp-fast-2016-11-24--13:32
No tools
make: *** No rule to make target 'dcicpp'.  Stop.
Starting
Solving
ekpp/ek = 1.54848
ekpp/ekp = 1.0751
ekpp/ek = 1.11676
ekpp/ekp = 1.03875
ekpp/ek = 1.04522
ekpp/ekp = 1.00623
ekpp/ek = 1.01742
ekpp/ekp = 1.01112
ekpp/ek = 1.01867
ekpp/ekp = 1.00747
ekpp/ek = 0.997207
ekpp/ekp = 0.989814
ekpp/ek = 0.99087
ekpp/ekp = 1.00107
ekpp/ek = 1.00173
ekpp/ekp = 1.00067
ekpp/ek = 1.00253
ekpp/ekp = 1.00186
ekpp/ek = 1.0021
ekpp/ekp = 1.00024
ekpp/ek = 1.00042
ekpp/ekp = 1.00018
ekpp/ek = 1.00022
ekpp/ekp = 1.00004
ekpp/ek = 1.00005
ekpp/ekp = 1.00001
ekpp/ek = 1.00001
ekpp/ekp = 1
Showing
**********************************************************
Problem name: PRODPL0 

Number of Variables: 60
Number of Constraints: 29
             Equality: 20
           has_inequality: 9

EXIT: The Algorithm has Converged
f(x) = 58.7901
|c(x)| = 9.7358e-09
|g(x) + J(x)'*y| = 5.25718e-07
y offset = 0
Number of Iterations = 17
Elapsed Time = 0.013267 s
Normal iterations = 6
Average number of normal iterations = 0.352941
Maximum number of normal iterations during one iteration = 1
Iterations with 0  normal iterations = 11
Iterations with 1  normal iteration  = 6
Iterations with 2+ normal iterations = 0
Restorations = 275
Average number of restorations per normal iteration = 45
**********************************************************
Done
Setup time: 0.003333
Execution time: 0.053333
