sifdecoder -A pc64.lnx.gfo  PSPDOC

 Problem name: PSPDOC

 Double precision version will be formed

 The objective function uses 2 nonlinear groups
 
 There are 3 free variables
 There is 1 variable bounded only from above 
 
 
 File successfully decoded
/home/abel/documentos/dcicpp-newrun/output-dcicpp-fast-2016-11-24--13:32
No tools
make: *** No rule to make target 'dcicpp'.  Stop.
Starting
Solving
ekpp/ek = 0.789572
ekpp/ekp = 0.995034
ekpp/ek = 1.01096
ekpp/ekp = 1.016
ekpp/ek = 0.998988
ekpp/ekp = 0.983255
ekpp/ek = 0.949375
ekpp/ekp = 0.965543
ekpp/ek = 0.887484
ekpp/ekp = 0.919155
ekpp/ek = 0.929292
ekpp/ekp = 1.01103
ekpp/ek = 1.01102
ekpp/ekp = 0.999991
Showing
**********************************************************
Problem name: PSPDOC  

Number of Variables: 4
Number of Constraints: 0
             Equality: 0
           has_inequality: 0

EXIT: The Algorithm has Converged
f(x) = 2.41421
|c(x)| = 0
|g(x) + J(x)'*y| = 1.57744e-09
y offset = 0
Number of Iterations = 10
Elapsed Time = 0.000328064 s
Normal iterations = 0
Average number of normal iterations = 0
Maximum number of normal iterations during one iteration = 0
Iterations with 0  normal iterations = 10
Iterations with 1  normal iteration  = 0
Iterations with 2+ normal iterations = 0
Restorations = 0
Average number of restorations per normal iteration = NA
**********************************************************
Done
Setup time: 0.003333
Execution time: -5.66244e-13
