sifdecoder -A pc64.lnx.gfo  SISSER

 Problem name: SISSER

 Double precision version will be formed

 The objective function uses 3 nonlinear groups
 
 There are 2 free variables
 
 
 File successfully decoded
/home/abel/documentos/dcicpp-newrun/output-dcicpp-fast-2016-11-24--13:32
No tools
make: *** No rule to make target 'dcicpp'.  Stop.
Starting
Solving
ekpp/ek = 1.20947
ekpp/ekp = 1.08446
ekpp/ek = 1.14612
ekpp/ekp = 1.05685
ekpp/ek = 1.0966
ekpp/ekp = 1.0376
ekpp/ek = 1.06336
ekpp/ekp = 1.02482
ekpp/ek = 1.04164
ekpp/ekp = 1.01641
ekpp/ek = 1.02747
ekpp/ekp = 1.01088
ekpp/ek = 1.01817
ekpp/ekp = 1.00722
ekpp/ek = 1.01205
ekpp/ekp = 1.0048
ekpp/ek = 1.00782
ekpp/ekp = 1.003
ekpp/ek = 1.00504
ekpp/ekp = 1.00203
Showing
**********************************************************
Problem name: SISSER  

Number of Variables: 2
Number of Constraints: 0
             Equality: 0
           has_inequality: 0

EXIT: The Algorithm has Converged
f(x) = 1.07131e-08
|c(x)| = 0
|g(x) + J(x)'*y| = 4.58412e-07
y offset = 0
Number of Iterations = 13
Elapsed Time = 0.000265837 s
Normal iterations = 0
Average number of normal iterations = 0
Maximum number of normal iterations during one iteration = 0
Iterations with 0  normal iterations = 13
Iterations with 1  normal iteration  = 0
Iterations with 2+ normal iterations = 0
Restorations = 0
Average number of restorations per normal iteration = NA
**********************************************************
Done
Setup time: 0
Execution time: 0.003333
