sifdecoder -A pc64.lnx.gfo  SWOPF

 Problem name: SWOPF

 Double precision version will be formed

 The objective function uses 1 linear group
 
 There are 43 linear equality constraints
 There are 35 nonlinear equality constraints
 There are 14 nonlinear inequality constraints
 
 There are 73 free variables
 There are 10 variables bounded from below and above 
 
 
 File successfully decoded
/home/abel/documentos/dcicpp-newrun/output-dcicpp-fast-2016-11-24--13:32
No tools
make: *** No rule to make target 'dcicpp'.  Stop.
NOPE preprocessing removed 1 variables
NOPE preprocessing removed 1 contraints
Starting
Solving
ekpp/ek = 1.05411
ekpp/ekp = 0.994148
ekpp/ek = 0.987093
ekpp/ekp = 0.992903
ekpp/ek = 0.985103
ekpp/ekp = 0.992144
ekpp/ek = 0.984846
ekpp/ekp = 0.992645
ekpp/ek = 0.987559
ekpp/ekp = 0.994877
ekpp/ek = 0.995251
ekpp/ekp = 1.00038
ekpp/ek = 1.00029
ekpp/ekp = 0.999916
ekpp/ek = 1.00016
ekpp/ekp = 1.00024
ekpp/ek = 0.999783
ekpp/ekp = 0.999538
ekpp/ek = 1.00003
ekpp/ekp = 1.0005
ekpp/ek = 0.999897
ekpp/ekp = 0.999401
ekpp/ek = 0.999941
ekpp/ekp = 1.00054
ekpp/ek = 0.999963
ekpp/ekp = 0.999424
ekpp/ek = 0.99982
ekpp/ekp = 1.0004
ekpp/ek = 1.00007
ekpp/ekp = 0.999675
ekpp/ek = 1.00003
ekpp/ekp = 1.00035
ekpp/ek = 0.999847
ekpp/ekp = 0.999496
ekpp/ek = 0.999933
ekpp/ekp = 1.00044
ekpp/ek = 1.00012
ekpp/ekp = 0.999683
ekpp/ek = 1.00005
ekpp/ekp = 1.00036
ekpp/ek = 0.999864
ekpp/ekp = 0.9995
ekpp/ek = 0.99994
ekpp/ekp = 1.00044
ekpp/ek = 1.00012
ekpp/ekp = 0.999683
ekpp/ek = 1.00005
ekpp/ekp = 1.00037
ekpp/ek = 0.999866
ekpp/ekp = 0.999501
ekpp/ek = 0.999941
ekpp/ekp = 1.00044
ekpp/ek = 1.00012
ekpp/ekp = 0.999683
ekpp/ek = 1.00005
ekpp/ekp = 1.00037
ekpp/ek = 0.999866
ekpp/ekp = 0.999501
ekpp/ek = 0.999941
ekpp/ekp = 1.00044
ekpp/ek = 1.00012
ekpp/ekp = 0.999682
ekpp/ek = 1.00005
ekpp/ekp = 1.00037
ekpp/ek = 0.999866
ekpp/ekp = 0.9995
ekpp/ek = 0.99994
ekpp/ekp = 1.00044
ekpp/ek = 1.00012
ekpp/ekp = 0.999682
ekpp/ek = 1.00005
ekpp/ekp = 1.00037
ekpp/ek = 0.999865
ekpp/ekp = 0.9995
ekpp/ek = 0.99994
ekpp/ekp = 1.00044
ekpp/ek = 1.00012
ekpp/ekp = 0.999682
ekpp/ek = 1.00005
ekpp/ekp = 1.00037
ekpp/ek = 0.999864
ekpp/ekp = 0.999499
ekpp/ek = 0.999939
ekpp/ekp = 1.00044
ekpp/ek = 1.00012
ekpp/ekp = 0.999681
ekpp/ek = 1.00005
ekpp/ekp = 1.00036
ekpp/ek = 0.999863
ekpp/ekp = 0.999499
ekpp/ek = 0.999938
ekpp/ekp = 1.00044
ekpp/ek = 1.00012
ekpp/ekp = 0.99968
ekpp/ek = 1.00004
ekpp/ekp = 1.00036
ekpp/ek = 0.999862
ekpp/ekp = 0.999498
ekpp/ek = 0.999937
ekpp/ekp = 1.00044
ekpp/ek = 1.00012
ekpp/ekp = 0.99968
ekpp/ek = 1.00004
ekpp/ekp = 1.00036
ekpp/ek = 0.999861
ekpp/ekp = 0.999497
ekpp/ek = 0.999935
ekpp/ekp = 1.00044
ekpp/ek = 1.00012
ekpp/ekp = 0.999679
ekpp/ek = 1.00004
ekpp/ekp = 1.00036
ekpp/ek = 0.999859
ekpp/ekp = 0.999496
ekpp/ek = 0.999933
ekpp/ekp = 1.00044
ekpp/ek = 1.00011
ekpp/ekp = 0.999677
ekpp/ek = 1.00004
ekpp/ekp = 1.00036
ekpp/ek = 0.999856
ekpp/ekp = 0.999494
ekpp/ek = 0.99993
ekpp/ekp = 1.00044
ekpp/ek = 1.00011
ekpp/ekp = 0.999675
ekpp/ek = 0.999992
ekpp/ekp = 1.00032
ekpp/ek = 0.999809
ekpp/ekp = 0.999492
ekpp/ek = 0.999926
ekpp/ekp = 1.00043
ekpp/ek = 1.00011
ekpp/ekp = 0.999672
ekpp/ek = 1.00003
ekpp/ekp = 1.00036
ekpp/ek = 0.999847
ekpp/ekp = 0.999489
ekpp/ek = 0.999921
ekpp/ekp = 1.00043
ekpp/ek = 1.0001
ekpp/ekp = 0.999669
ekpp/ek = 1.00002
ekpp/ekp = 1.00036
ekpp/ek = 0.999841
ekpp/ekp = 0.999486
ekpp/ek = 0.999912
ekpp/ekp = 1.00043
ekpp/ek = 1.00009
ekpp/ekp = 0.999665
ekpp/ek = 1.00027
ekpp/ekp = 1.00061
ekpp/ek = 1.00115
ekpp/ekp = 1.00054
ekpp/ek = 1.00162
ekpp/ekp = 1.00107
ekpp/ek = 1.00119
ekpp/ekp = 1.00012
ekpp/ek = 0.999986
ekpp/ekp = 0.999868
ekpp/ek = 0.999526
ekpp/ekp = 0.999658
ekpp/ek = 0.998822
ekpp/ekp = 0.999164
ekpp/ek = 0.996492
ekpp/ekp = 0.997326
ekpp/ek = 0.987196
ekpp/ekp = 0.989843
ekpp/ek = 0.983538
ekpp/ekp = 0.99363
ekpp/ek = 0.985325
ekpp/ekp = 0.991642
ekpp/ek = 0.992377
ekpp/ekp = 1.00074
ekpp/ek = 1.00075
ekpp/ekp = 1.00001
ekpp/ek = 1
ekpp/ekp = 0.999991
ekpp/ek = 0.999991
ekpp/ekp = 1
ekpp/ek = 1.00029
ekpp/ekp = 1.00029
ekpp/ek = 1.00025
ekpp/ekp = 0.999967
ekpp/ek = 0.999911
ekpp/ekp = 0.999944
ekpp/ek = 1.0003
ekpp/ekp = 1.00036
ekpp/ek = 1.00031
ekpp/ekp = 0.999951
ekpp/ek = 0.99983
ekpp/ekp = 0.999879
ekpp/ek = 0.999859
ekpp/ekp = 0.99998
ekpp/ek = 0.999972
ekpp/ekp = 0.999992
ekpp/ek = 0.999986
ekpp/ekp = 0.999993
ekpp/ek = 0.999912
ekpp/ekp = 0.999918
ekpp/ek = 1.00012
ekpp/ekp = 1.00021
Showing
**********************************************************
Problem name: SWOPF   

Number of Variables: 82
Number of Constraints: 91
             Equality: 77
           has_inequality: 14

EXIT: The Algorithm has Converged
f(x) = 0.0678603
|c(x)| = 3.51735e-14
|g(x) + J(x)'*y| = 3.74128e-07
y offset = 4.30909e-07
Number of Iterations = 104
Elapsed Time = 0.0366743 s
Normal iterations = 13
Average number of normal iterations = 0.125
Maximum number of normal iterations during one iteration = 1
Iterations with 0  normal iterations = 91
Iterations with 1  normal iteration  = 13
Iterations with 2+ normal iterations = 0
Restorations = 83
Average number of restorations per normal iteration = 6
**********************************************************
Done
Setup time: 0
Execution time: 0.11
