sifdecoder -A pc64.lnx.gfo  SYNTHES1

 Problem name: SYNTHES1

 Double precision version will be formed

 The objective function uses 1 nonlinear group
 
 There are 4 linear inequality constraints
 There are 2 nonlinear inequality constraints
 
 There are 6 variables bounded from below and above 
 
 
 File successfully decoded
/home/abel/documentos/dcicpp-newrun/output-dcicpp-fast-2016-11-24--13:32
No tools
make: *** No rule to make target 'dcicpp'.  Stop.
Starting
Solving
ekpp/ek = 0.976217
ekpp/ekp = 0.978327
ekpp/ek = 0.7605
ekpp/ekp = 0.777347
ekpp/ek = 0.721503
ekpp/ekp = 0.928161
ekpp/ek = 0.853249
ekpp/ekp = 0.91929
ekpp/ek = 0.867123
ekpp/ekp = 0.943253
ekpp/ek = 0.960178
ekpp/ekp = 1.01794
ekpp/ek = 1.01381
ekpp/ekp = 0.995943
ekpp/ek = 0.997206
ekpp/ekp = 1.00127
ekpp/ek = 1.00103
ekpp/ekp = 0.999763
ekpp/ek = 0.999877
ekpp/ekp = 1.00011
ekpp/ek = 1.00011
ekpp/ekp = 0.999997
ekpp/ek = 0.999999
ekpp/ekp = 1
Showing
**********************************************************
Problem name: SYNTHES1

Number of Variables: 6
Number of Constraints: 6
             Equality: 0
           has_inequality: 6

EXIT: The Algorithm has Converged
f(x) = 0.759282
|c(x)| = 9.7614e-07
|g(x) + J(x)'*y| = 3.38243e-08
y offset = 0
Number of Iterations = 15
Elapsed Time = 0.00361896 s
Normal iterations = 11
Average number of normal iterations = 0.733333
Maximum number of normal iterations during one iteration = 1
Iterations with 0  normal iterations = 4
Iterations with 1  normal iteration  = 11
Iterations with 2+ normal iterations = 0
Restorations = 289
Average number of restorations per normal iteration = 26
**********************************************************
Done
Setup time: 0.003333
Execution time: 0.009999
