sifdecoder -A pc64.lnx.gfo  SYNTHES3

 Problem name: SYNTHES3

 Double precision version will be formed

 The objective function uses 1 nonlinear group
 
 There are 2 linear equality constraints
 There are 17 linear inequality constraints
 There are 4 nonlinear inequality constraints
 
 There are 17 variables bounded from below and above 
 
 
 File successfully decoded
/home/abel/documentos/dcicpp-newrun/output-dcicpp-fast-2016-11-24--13:32
No tools
make: *** No rule to make target 'dcicpp'.  Stop.
Starting
Solving
ekpp/ek = 0.934868
ekpp/ekp = 0.952247
ekpp/ek = 0.933661
ekpp/ekp = 0.980483
ekpp/ek = 0.97113
ekpp/ekp = 0.990461
ekpp/ek = 0.911877
ekpp/ekp = 0.920659
ekpp/ek = 0.941361
ekpp/ekp = 1.02249
ekpp/ek = 0.977945
ekpp/ekp = 0.956439
ekpp/ek = 0.941853
ekpp/ekp = 0.98475
ekpp/ek = 0.995028
ekpp/ekp = 1.01044
ekpp/ek = 1.00032
ekpp/ekp = 0.989983
ekpp/ek = 0.999749
ekpp/ekp = 1.00986
ekpp/ek = 1.00876
ekpp/ekp = 0.998909
ekpp/ek = 0.999763
ekpp/ekp = 1.00085
ekpp/ek = 1.00081
ekpp/ekp = 0.999951
ekpp/ek = 0.999977
ekpp/ekp = 1.00003
ekpp/ek = 1.00002
ekpp/ekp = 0.999998
Showing
**********************************************************
Problem name: SYNTHES3

Number of Variables: 17
Number of Constraints: 23
             Equality: 2
           has_inequality: 21

EXIT: The Algorithm has Converged
f(x) = 15.0822
|c(x)| = 1.64281e-07
|g(x) + J(x)'*y| = 3.01915e-07
y offset = 6.91426e-07
Number of Iterations = 18
Elapsed Time = 0.014447 s
Normal iterations = 11
Average number of normal iterations = 0.611111
Maximum number of normal iterations during one iteration = 1
Iterations with 0  normal iterations = 7
Iterations with 1  normal iteration  = 11
Iterations with 2+ normal iterations = 0
Restorations = 425
Average number of restorations per normal iteration = 38
**********************************************************
Done
Setup time: 0.003333
Execution time: 0.056666
