sifdecoder -A pc64.lnx.gfo  TABLE8

 Problem name: TABLE8

 Double precision version will be formed

 The objective function uses 2 linear groups
 
 There are 72 linear equality constraints
 
 There are 1271 variables bounded from below and above 
 
 
 File successfully decoded
/home/abel/documentos/dcicpp-newrun/output-dcicpp-fast-2016-11-24--13:32
No tools
make: *** No rule to make target 'dcicpp'.  Stop.
Starting
Solving
diagonal below threshold
Status = 2
File   = ../Core/cholmod_common.c
Line   = 719
ekpp/ek = 1.13004
ekpp/ekp = 0.999986
ekpp/ek = 0.999951
ekpp/ekp = 0.999965
ekpp/ek = 0.999877
ekpp/ekp = 0.999912
ekpp/ek = 0.999694
ekpp/ekp = 0.999781
ekpp/ek = 0.999235
ekpp/ekp = 0.999454
ekpp/ek = 0.998096
ekpp/ekp = 0.998641
ekpp/ek = 0.99529
ekpp/ekp = 0.996644
ekpp/ek = 0.988539
ekpp/ekp = 0.991868
ekpp/ek = 0.973374
ekpp/ekp = 0.981354
ekpp/ek = 0.946953
ekpp/ekp = 0.964945
ekpp/ek = 0.942275
ekpp/ekp = 0.976506
ekpp/ek = 0.976421
ekpp/ekp = 0.999914
ekpp/ek = 0.999909
ekpp/ekp = 0.999995
Showing
**********************************************************
Problem name: TABLE8  

Number of Variables: 1271
Number of Constraints: 72
             Equality: 72
           has_inequality: 0

EXIT: The Algorithm has Converged
Cholesky failed
f(x) = 1.89575
|c(x)| = 2.97468e-11
|g(x) + J(x)'*y| = 9.64056e-08
y offset = 0
Number of Iterations = 16
Elapsed Time = 0.0747516 s
Normal iterations = 2
Average number of normal iterations = 0.125
Maximum number of normal iterations during one iteration = 2
Iterations with 0  normal iterations = 15
Iterations with 1  normal iteration  = 0
Iterations with 2+ normal iterations = 1
Restorations = 70
Average number of restorations per normal iteration = 35
**********************************************************
Done
Setup time: 0.01
Execution time: 0.226666
