sifdecoder -A pc64.lnx.gfo  TOINTPSP

 Problem name: TOINTPSP

 Double precision version will be formed

 The objective function uses 83 nonlinear groups
 
 There are 50 free variables
 
 
 File successfully decoded
/home/abel/documentos/dcicpp-newrun/output-dcicpp-fast-2016-11-24--13:32
No tools
make: *** No rule to make target 'dcicpp'.  Stop.
Starting
Solving
ekpp/ek = 1.15825
ekpp/ekp = 1.07054
ekpp/ek = 1.33696
ekpp/ekp = 1.24886
ekpp/ek = 1.29195
ekpp/ekp = 1.0345
ekpp/ek = 1.13675
ekpp/ekp = 1.09884
ekpp/ek = 1.10418
ekpp/ekp = 1.00486
ekpp/ek = 1.01408
ekpp/ekp = 1.00917
ekpp/ek = 1.03437
ekpp/ekp = 1.02497
ekpp/ek = 1.08057
ekpp/ekp = 1.05424
ekpp/ek = 1.06285
ekpp/ekp = 1.00816
ekpp/ek = 1.02831
ekpp/ekp = 1.01998
ekpp/ek = 1.06724
ekpp/ekp = 1.04633
ekpp/ek = 1.05354
ekpp/ekp = 1.0069
ekpp/ek = 1.02508
ekpp/ekp = 1.01806
ekpp/ek = 1.06052
ekpp/ekp = 1.0417
ekpp/ek = 1.0483
ekpp/ekp = 1.00633
ekpp/ek = 1.02265
ekpp/ekp = 1.01621
ekpp/ek = 1.0547
ekpp/ekp = 1.03787
ekpp/ek = 1.04189
ekpp/ekp = 1.00387
ekpp/ek = 1.01509
ekpp/ekp = 1.01118
ekpp/ek = 1.04945
ekpp/ekp = 1.03785
ekpp/ek = 1.14634
ekpp/ekp = 1.10453
ekpp/ek = 1.10307
ekpp/ekp = 0.998676
ekpp/ek = 0.999469
ekpp/ekp = 1.00079
ekpp/ek = 1.00294
ekpp/ekp = 1.00214
ekpp/ek = 1.00828
ekpp/ekp = 1.00612
ekpp/ek = 1.06003
ekpp/ekp = 1.05358
ekpp/ek = 1.16419
ekpp/ekp = 1.10498
ekpp/ek = 1.10459
ekpp/ekp = 0.999644
ekpp/ek = 0.998803
ekpp/ekp = 0.999159
ekpp/ek = 1.0053
ekpp/ekp = 1.00614
ekpp/ek = 1.02411
ekpp/ekp = 1.01786
ekpp/ek = 1.01622
ekpp/ekp = 0.998384
ekpp/ek = 0.998232
ekpp/ekp = 0.999847
ekpp/ek = 0.999844
ekpp/ekp = 0.999997
Showing
**********************************************************
Problem name: TOINTPSP

Number of Variables: 50
Number of Constraints: 0
             Equality: 0
           has_inequality: 0

EXIT: The Algorithm has Converged
f(x) = 225.56
|c(x)| = 0
|g(x) + J(x)'*y| = 3.5249e-08
y offset = 0
Number of Iterations = 37
Elapsed Time = 0.00195169 s
Normal iterations = 0
Average number of normal iterations = 0
Maximum number of normal iterations during one iteration = 0
Iterations with 0  normal iterations = 37
Iterations with 1  normal iteration  = 0
Iterations with 2+ normal iterations = 0
Restorations = 0
Average number of restorations per normal iteration = NA
**********************************************************
Done
Setup time: 0.003333
Execution time: 0.006666
