sifdecoder -A pc64.lnx.gfo  TRUSPYR2

 Problem name: TRUSPYR2

 Double precision version will be formed

 The objective function uses 1 linear group
 
 There are 8 linear inequality constraints
 There are 3 nonlinear equality constraints
 
 There are 3 free variables
 There are 8 variables bounded only from below 
 
 
 File successfully decoded
/home/abel/documentos/dcicpp-newrun/output-dcicpp-fast-2016-11-24--13:32
No tools
make: *** No rule to make target 'dcicpp'.  Stop.
Starting
Solving
diagonal below threshold
Status = 2
File   = ../Core/cholmod_common.c
Line   = 719
ekpp/ek = 9.88513
ekpp/ekp = 12.5277
ekpp/ek = 12.2304
ekpp/ekp = 0.976265
ekpp/ek = 0.965019
ekpp/ekp = 0.988481
ekpp/ek = 0.988507
ekpp/ekp = 1.00003
Showing
**********************************************************
Problem name: TRUSPYR2

Number of Variables: 11
Number of Constraints: 11
             Equality: 3
           has_inequality: 8

EXIT: The Algorithm has Converged
Cholesky failed
f(x) = 11.2287
|c(x)| = 7.78902e-09
|g(x) + J(x)'*y| = 4.9291e-08
y offset = 0
Number of Iterations = 7
Elapsed Time = 0.0122569 s
Normal iterations = 5
Average number of normal iterations = 0.714286
Maximum number of normal iterations during one iteration = 1
Iterations with 0  normal iterations = 2
Iterations with 1  normal iteration  = 5
Iterations with 2+ normal iterations = 0
Restorations = 694
Average number of restorations per normal iteration = 138
**********************************************************
Done
Setup time: 0
Execution time: 0.046666
