sifdecoder -A pc64.lnx.gfo  TWOBARS

 Problem name: TWOBARS

 Double precision version will be formed

 The objective function uses 1 nonlinear group
 
 There are 2 nonlinear inequality constraints
 
 There are 2 variables bounded from below and above 
 
 
 File successfully decoded
/home/abel/documentos/dcicpp-newrun/output-dcicpp-fast-2016-11-24--13:32
No tools
make: *** No rule to make target 'dcicpp'.  Stop.
Starting
Solving
ekpp/ek = 11.9893
ekpp/ekp = 1.38117
ekpp/ek = 3.06976
ekpp/ekp = 2.22258
ekpp/ek = 2.34499
ekpp/ekp = 1.05508
ekpp/ek = 1.34507
ekpp/ekp = 1.27486
ekpp/ek = 1.43293
ekpp/ekp = 1.12399
ekpp/ek = 1.09869
ekpp/ekp = 0.97749
ekpp/ek = 1.011
ekpp/ekp = 1.03428
ekpp/ek = 1.03235
ekpp/ekp = 0.998136
ekpp/ek = 1.00058
ekpp/ekp = 1.00245
Showing
**********************************************************
Problem name: TWOBARS 

Number of Variables: 2
Number of Constraints: 2
             Equality: 0
           has_inequality: 2

EXIT: The Algorithm has Converged
f(x) = 1.50865
|c(x)| = 9.82292e-07
|g(x) + J(x)'*y| = 9.60196e-07
y offset = 0
Number of Iterations = 12
Elapsed Time = 0.00146198 s
Normal iterations = 6
Average number of normal iterations = 0.5
Maximum number of normal iterations during one iteration = 1
Iterations with 0  normal iterations = 6
Iterations with 1  normal iteration  = 6
Iterations with 2+ normal iterations = 0
Restorations = 153
Average number of restorations per normal iteration = 25
**********************************************************
Done
Setup time: 0
Execution time: 0.006666
