sifdecoder -A pc64.lnx.gfo  VIBRBEAM

 Problem name: VIBRBEAM

 Double precision version will be formed

 The objective function uses 30 nonlinear groups
 
 There are 8 free variables
 
 
 File successfully decoded
/home/abel/documentos/dcicpp-newrun/output-dcicpp-fast-2016-11-24--13:32
No tools
make: *** No rule to make target 'dcicpp'.  Stop.
Starting
Solving
ekpp/ek = 1.00002
ekpp/ekp = 1.00001
ekpp/ek = 1.00001
ekpp/ekp = 1
ekpp/ek = 1
ekpp/ekp = 1
ekpp/ek = 1
ekpp/ekp = 1
ekpp/ek = 1
ekpp/ekp = 1
ekpp/ek = 1
ekpp/ekp = 1
ekpp/ek = 1.00001
ekpp/ekp = 1
ekpp/ek = 1.00001
ekpp/ekp = 1.00001
ekpp/ek = 1.00003
ekpp/ekp = 1.00002
ekpp/ek = 1.00008
ekpp/ekp = 1.00006
ekpp/ek = 1.00021
ekpp/ekp = 1.00016
ekpp/ek = 1.00051
ekpp/ekp = 1.00035
ekpp/ek = 1.0013
ekpp/ekp = 1.00095
ekpp/ek = 1.00105
ekpp/ekp = 1.0001
ekpp/ek = 1.0001
ekpp/ekp = 1
ekpp/ek = 1
ekpp/ekp = 1
ekpp/ek = 1.00002
ekpp/ekp = 1.00001
ekpp/ek = 1.00004
ekpp/ekp = 1.00003
ekpp/ek = 1.00009
ekpp/ekp = 1.00007
ekpp/ek = 1.00021
ekpp/ekp = 1.00014
ekpp/ek = 1.00014
ekpp/ekp = 1
ekpp/ek = 1.00007
ekpp/ekp = 1.00007
ekpp/ek = 1.00007
ekpp/ekp = 0.999995
ekpp/ek = 1
ekpp/ekp = 1.00001
ekpp/ek = 1.00021
ekpp/ekp = 1.0002
ekpp/ek = 1.00142
ekpp/ekp = 1.00123
ekpp/ek = 1.00123
ekpp/ekp = 1
ekpp/ek = 1.00498
ekpp/ekp = 1.00498
ekpp/ek = 1.00498
ekpp/ekp = 0.999998
ekpp/ek = 1.0004
ekpp/ekp = 1.0004
ekpp/ek = 1.0004
ekpp/ekp = 1
ekpp/ek = 1.0612
ekpp/ekp = 1.0612
ekpp/ek = 1.06121
ekpp/ekp = 1.00001
ekpp/ek = 1.0001
ekpp/ekp = 1.0001
ekpp/ek = 1.00116
ekpp/ekp = 1.00106
ekpp/ek = 1.0578
ekpp/ekp = 1.05667
ekpp/ek = 1.05667
ekpp/ekp = 1
ekpp/ek = 1
ekpp/ekp = 1
Showing
**********************************************************
Problem name: VIBRBEAM

Number of Variables: 8
Number of Constraints: 0
             Equality: 0
           has_inequality: 0

EXIT: The Algorithm has Converged
f(x) = 0.156485
|c(x)| = 0
|g(x) + J(x)'*y| = 1.35051e-07
y offset = 0
Number of Iterations = 41
Elapsed Time = 0.00611377 s
Normal iterations = 0
Average number of normal iterations = 0
Maximum number of normal iterations during one iteration = 0
Iterations with 0  normal iterations = 41
Iterations with 1  normal iteration  = 0
Iterations with 2+ normal iterations = 0
Restorations = 0
Average number of restorations per normal iteration = NA
**********************************************************
Done
Setup time: 0
Execution time: 0.026666
