sifdecoder -A pc64.lnx.gfo  WEEDS

 Problem name: WEEDS

 Double precision version will be formed

 The objective function uses 12 nonlinear groups
 
 There are 2 variables bounded only from below 
 There is 1 variable bounded from below and above 
 
 
 File successfully decoded
/home/abel/documentos/dcicpp-newrun/output-dcicpp-fast-2016-11-24--13:32
No tools
make: *** No rule to make target 'dcicpp'.  Stop.
Starting
Solving
ekpp/ek = 1.04457
ekpp/ekp = 1.08285
ekpp/ek = 1.27824
ekpp/ekp = 1.18044
ekpp/ek = 1.61862
ekpp/ekp = 1.3712
ekpp/ek = 2.4035
ekpp/ekp = 1.75285
ekpp/ek = 3.86532
ekpp/ekp = 2.20516
ekpp/ek = 4.26856
ekpp/ekp = 1.93571
ekpp/ek = 3.45246
ekpp/ekp = 1.78356
ekpp/ek = 3.40696
ekpp/ekp = 1.9102
ekpp/ek = 4.41144
ekpp/ekp = 2.30941
ekpp/ek = 4.79605
ekpp/ekp = 2.07674
ekpp/ek = 3.69549
ekpp/ekp = 1.77946
ekpp/ek = 3.21389
ekpp/ekp = 1.8061
ekpp/ek = 3.92076
ekpp/ekp = 2.17085
ekpp/ek = 4.9462
ekpp/ekp = 2.27846
ekpp/ek = 4.09907
ekpp/ekp = 1.79905
ekpp/ek = 3.09037
ekpp/ekp = 1.71778
ekpp/ek = 3.33966
ekpp/ekp = 1.94418
ekpp/ek = 4.82034
ekpp/ekp = 2.47937
ekpp/ek = 4.6687
ekpp/ekp = 1.88302
ekpp/ek = 3.09955
ekpp/ekp = 1.64605
ekpp/ek = 2.77697
ekpp/ekp = 1.68705
ekpp/ek = 3.40467
ekpp/ekp = 2.01812
ekpp/ek = 4.56343
ekpp/ekp = 2.26122
ekpp/ek = 3.7812
ekpp/ekp = 1.67219
ekpp/ek = 2.46966
ekpp/ekp = 1.4769
ekpp/ek = 2.1445
ekpp/ekp = 1.45203
ekpp/ek = 2.53759
ekpp/ekp = 1.74762
ekpp/ek = 3.61666
ekpp/ekp = 2.06948
ekpp/ek = 3.91814
ekpp/ekp = 1.8933
ekpp/ek = 2.4675
ekpp/ekp = 1.30328
ekpp/ek = 1.48471
ekpp/ekp = 1.13921
ekpp/ek = 1.09677
ekpp/ekp = 0.962751
ekpp/ek = 0.984894
ekpp/ekp = 1.023
ekpp/ek = 1.01002
ekpp/ekp = 0.98731
ekpp/ek = 0.99496
ekpp/ekp = 1.00775
ekpp/ek = 1.00323
ekpp/ekp = 0.995515
ekpp/ek = 0.998187
ekpp/ekp = 1.00268
ekpp/ek = 1.0011
ekpp/ekp = 0.998424
ekpp/ek = 0.999359
ekpp/ekp = 1.00094
ekpp/ek = 1.00038
ekpp/ekp = 0.999447
ekpp/ek = 0.999775
ekpp/ekp = 1.00033
ekpp/ek = 1.00013
ekpp/ekp = 0.999806
Showing
**********************************************************
Problem name: WEEDS   

Number of Variables: 3
Number of Constraints: 0
             Equality: 0
           has_inequality: 0

EXIT: The Algorithm has Converged
f(x) = 2639.27
|c(x)| = 0
|g(x) + J(x)'*y| = 7.98955e-07
y offset = 0
Number of Iterations = 45
Elapsed Time = 0.00110173 s
Normal iterations = 0
Average number of normal iterations = 0
Maximum number of normal iterations during one iteration = 0
Iterations with 0  normal iterations = 45
Iterations with 1  normal iteration  = 0
Iterations with 2+ normal iterations = 0
Restorations = 0
Average number of restorations per normal iteration = NA
**********************************************************
Done
Setup time: 0.003333
Execution time: 0.003333
