sifdecoder -A pc64.lnx.gfo  ACOPP14

 Problem name: ACOPP14

 Double precision version will be formed

 The objective function uses 2 linear groups
 
 There are 28 nonlinear equality constraints
 There are 40 nonlinear inequality constraints
 
 There are 14 free variables
 There are 24 variables bounded from below and above 
 
 
 File successfully decoded
/home/abel/projetos/dcicpp-newrun/output
No tools
**********************************************************
Problem name: ACOPP14 

Number of Variables: 38
Number of Constraints: 68
             Equality: 28
           has_inequality: 40

EXIT: The Algorithm has Converged
f(x) = 8081.53
|c(x)| = 1.77981e-08
|g(x) + J(x)'*y| = 1.69826e-07
y offset = 9.37698e-13
Number of Iterations = 10
Elapsed Time = 0.0179605 s
Normal iterations = 4
Average number of normal iterations = 0.4
Maximum number of normal iterations during one iteration = 1
Iterations with = 1 normal iterations = 4
Iterations with <= 1 normal iterations = 10
**********************************************************
Setup time: 0.003333
Execution time: 0.066666
