sifdecoder -A pc64.lnx.gfo  ALLINITA

 Problem name: ALLINITA

 Double precision version will be formed

 The objective function uses 2 linear groups
 The objective function uses 10 nonlinear groups
 
 There is 1 linear equality constraint
 There is 1 linear inequality constraint
 There is 1 nonlinear equality constraint
 There is 1 nonlinear inequality constraint
 
 There is 1 free variable 
 There is 1 variable bounded only from below 
 There is 1 variable bounded from below and above 
 There is 1 fixed variable
 
 
 File successfully decoded
/home/abel/projetos/dcicpp-newrun/output
No tools
**********************************************************
Problem name: ALLINITA

Number of Variables: 3
Number of Constraints: 4
             Equality: 2
           has_inequality: 2

EXIT: The Algorithm has Converged
f(x) = 33.2889
|c(x)| = 2.75244e-07
|g(x) + J(x)'*y| = 1.12902e-09
y offset = 0
Number of Iterations = 2
Elapsed Time = 0.000765085 s
Normal iterations = 2
Average number of normal iterations = 1
Maximum number of normal iterations during one iteration = 2
Iterations with = 1 normal iterations = 0
Iterations with <= 1 normal iterations = 1
**********************************************************
Setup time: 0
Execution time: 0.003333
