sifdecoder -A pc64.lnx.gfo  ANTWERP

 Problem name: ANTWERP

 Double precision version will be formed

 The objective function uses 19 nonlinear groups
 
 There are 8 linear equality constraints
 There are 2 linear inequality constraints
 
 There are 3 variables bounded only from below 
 There are 24 variables bounded from below and above 
 
 
 File successfully decoded
/home/abel/projetos/dcicpp-newrun/output
No tools
**********************************************************
Problem name: ANTWERP 

Number of Variables: 27
Number of Constraints: 10
             Equality: 8
           has_inequality: 2

EXIT: The Algorithm has Converged
f(x) = 3604.89
|c(x)| = 1.08829e-09
|g(x) + J(x)'*y| = 9.45368e-07
y offset = 0
Number of Iterations = 5451
Elapsed Time = 0.366842 s
Normal iterations = 1
Average number of normal iterations = 0.000183453
Maximum number of normal iterations during one iteration = 1
Iterations with = 1 normal iterations = 1
Iterations with <= 1 normal iterations = 5451
**********************************************************
Setup time: 0
Execution time: 0.579999
