sifdecoder -A pc64.lnx.gfo  BDEXP

 Problem name: BDEXP

 Double precision version will be formed

 The objective function uses 4998 nonlinear groups
 
 There are 5000 variables bounded only from below 
 
 
 File successfully decoded
/home/abel/projetos/dcicpp-newrun/output
No tools
**********************************************************
Problem name: BDEXP   

Number of Variables: 5000
Number of Constraints: 0
             Equality: 0
           has_inequality: 0

EXIT: The Algorithm has Converged
f(x) = 0.00195654
|c(x)| = 0
|g(x) + J(x)'*y| = 6.54721e-07
y offset = 0
Number of Iterations = 11
Elapsed Time = 0.0672808 s
Normal iterations = 0
Average number of normal iterations = 0
Maximum number of normal iterations during one iteration = 0
Iterations with = 1 normal iterations = 0
Iterations with <= 1 normal iterations = 11
**********************************************************
Setup time: 0.07
Execution time: 0.253333
