sifdecoder -A pc64.lnx.gfo  BIGGS6

 Problem name: BIGGS6

 Double precision version will be formed

 The objective function uses 13 nonlinear groups
 
 There are 6 free variables
 
 
 File successfully decoded
/home/abel/projetos/dcicpp-newrun/output
No tools
**********************************************************
Problem name: BIGGS6  

Number of Variables: 6
Number of Constraints: 0
             Equality: 0
           has_inequality: 0

EXIT: The Algorithm has Converged
f(x) = 0.00565565
|c(x)| = 0
|g(x) + J(x)'*y| = 6.27522e-08
y offset = 0
Number of Iterations = 19
Elapsed Time = 0.000801563 s
Normal iterations = 0
Average number of normal iterations = 0
Maximum number of normal iterations during one iteration = 0
Iterations with = 1 normal iterations = 0
Iterations with <= 1 normal iterations = 19
**********************************************************
Setup time: 0
Execution time: 0.003333
