sifdecoder -A pc64.lnx.gfo  BLOWEYB

 Problem name: BLOWEYB

 Double precision version will be formed

 The objective function uses 1 nonlinear group
 
 There are 2002 linear equality constraints
 
 There are 2001 free variables
 There are 2001 variables bounded from below and above 
 
 
 File successfully decoded
/home/abel/projetos/dcicpp-newrun/output
No tools
**********************************************************
Problem name: BLOWEYB 

Number of Variables: 4002
Number of Constraints: 2002
             Equality: 2002
           has_inequality: 0

EXIT: The Algorithm has Converged
f(x) = -2.2269e-05
|c(x)| = 5.10223e-09
|g(x) + J(x)'*y| = 5.36172e-09
y offset = 0
Number of Iterations = 2
Elapsed Time = 0.0104082 s
Normal iterations = 1
Average number of normal iterations = 0.5
Maximum number of normal iterations during one iteration = 1
Iterations with = 1 normal iterations = 1
Iterations with <= 1 normal iterations = 2
**********************************************************
Setup time: 0.093333
Execution time: 0.046667
