sifdecoder -A pc64.lnx.gfo  BOX3

 Problem name: BOX3

 Double precision version will be formed

 The objective function uses 10 nonlinear groups
 
 There are 3 free variables
 
 
 File successfully decoded
/home/abel/projetos/dcicpp-newrun/output
No tools
**********************************************************
Problem name: BOX3    

Number of Variables: 3
Number of Constraints: 0
             Equality: 0
           has_inequality: 0

EXIT: The Algorithm has Converged
f(x) = 7.30022e-15
|c(x)| = 0
|g(x) + J(x)'*y| = 7.59708e-09
y offset = 0
Number of Iterations = 9
Elapsed Time = 0.000301361 s
Normal iterations = 0
Average number of normal iterations = 0
Maximum number of normal iterations during one iteration = 0
Iterations with = 1 normal iterations = 0
Iterations with <= 1 normal iterations = 9
**********************************************************
Setup time: 0
Execution time: 0.003333
