sifdecoder -A pc64.lnx.gfo  BT11

 Problem name: BT11

 Double precision version will be formed

 The objective function uses 1 nonlinear group
 
 There is 1 linear equality constraint
 There are 2 nonlinear equality constraints
 
 There are 5 free variables
 
 
 File successfully decoded
/home/abel/projetos/dcicpp-newrun/output
No tools
**********************************************************
Problem name: BT11    

Number of Variables: 5
Number of Constraints: 3
             Equality: 3
           has_inequality: 0

EXIT: The Algorithm has Converged
f(x) = 0.824892
|c(x)| = 6.6064e-08
|g(x) + J(x)'*y| = 3.30151e-07
y offset = 0
Number of Iterations = 12
Elapsed Time = 0.000462055 s
Normal iterations = 4
Average number of normal iterations = 0.333333
Maximum number of normal iterations during one iteration = 1
Iterations with = 1 normal iterations = 4
Iterations with <= 1 normal iterations = 12
**********************************************************
Setup time: 0
Execution time: 0.003333
