sifdecoder -A pc64.lnx.gfo  BT3

 Problem name: BT3

 Double precision version will be formed

 The objective function uses 1 nonlinear group
 
 There are 3 linear equality constraints
 
 There are 5 free variables
 
 
 File successfully decoded
/home/abel/projetos/dcicpp-newrun/output
No tools
**********************************************************
Problem name: BT3     

Number of Variables: 5
Number of Constraints: 3
             Equality: 3
           has_inequality: 0

EXIT: The Algorithm has Converged
f(x) = 4.09302
|c(x)| = 9.90918e-15
|g(x) + J(x)'*y| = 2.2623e-18
y offset = 0
Number of Iterations = 2
Elapsed Time = 0.000224829 s
Normal iterations = 1
Average number of normal iterations = 0.5
Maximum number of normal iterations during one iteration = 1
Iterations with = 1 normal iterations = 1
Iterations with <= 1 normal iterations = 2
**********************************************************
Setup time: 0
Execution time: 0
