sifdecoder -A pc64.lnx.gfo  BURKEHAN

 Problem name: BURKEHAN

 Double precision version will be formed

 The objective function uses 1 linear group
 
 There is 1 nonlinear inequality constraint
 
 There is 1 variable bounded only from above 
 
 
 File successfully decoded
/home/abel/projetos/dcicpp-newrun/output
No tools
NormalFlag = 2
**********************************************************
Problem name: BURKEHAN

Number of Variables: 1
Number of Constraints: 1
             Equality: 0
           has_inequality: 1

EXIT: Stopped at a stationary for the infeasibility
Cholesky failed
f(x) = -1.71811e-08
|c(x)| = 0.9999
|g(x) + J(x)'*y| = 0.0119295
y offset = 0
Number of Iterations = 2
Elapsed Time = 0.00140214 s
Normal iterations = 1
Average number of normal iterations = 0.5
Maximum number of normal iterations during one iteration = 1
Iterations with = 1 normal iterations = 1
Iterations with <= 1 normal iterations = 2
**********************************************************
Setup time: 0
Execution time: 0.003333
