sifdecoder -A pc64.lnx.gfo  CAMEL6

 Problem name: CAMEL6

 Double precision version will be formed

 The objective function uses 1 nonlinear group
 
 There are 2 variables bounded from below and above 
 
 
 File successfully decoded
/home/abel/projetos/dcicpp-newrun/output
No tools
**********************************************************
Problem name: CAMEL6  

Number of Variables: 2
Number of Constraints: 0
             Equality: 0
           has_inequality: 0

EXIT: The Algorithm has Converged
f(x) = -1.03163
|c(x)| = 0
|g(x) + J(x)'*y| = 3.4622e-07
y offset = 0
Number of Iterations = 5
Elapsed Time = 0.00024128 s
Normal iterations = 0
Average number of normal iterations = 0
Maximum number of normal iterations during one iteration = 0
Iterations with = 1 normal iterations = 0
Iterations with <= 1 normal iterations = 5
**********************************************************
Setup time: 0
Execution time: 0
