sifdecoder -A pc64.lnx.gfo  CHAINWOO

 Problem name: CHAINWOO

 Double precision version will be formed

 The objective function uses 7997 linear groups
 The objective function uses 3998 nonlinear groups
 
 There are 4000 free variables
 
 
 File successfully decoded
/home/abel/projetos/dcicpp-newrun/output
No tools
**********************************************************
Problem name: CHAINWOO

Number of Variables: 4000
Number of Constraints: 0
             Equality: 0
           has_inequality: 0

EXIT: The Algorithm has Converged
f(x) = 15747.2
|c(x)| = 0
|g(x) + J(x)'*y| = 7.96126e-07
y offset = 0
Number of Iterations = 9
Elapsed Time = 0.273545 s
Normal iterations = 0
Average number of normal iterations = 0
Maximum number of normal iterations during one iteration = 0
Iterations with = 1 normal iterations = 0
Iterations with <= 1 normal iterations = 9
**********************************************************
Setup time: 0.193333
Execution time: 0.273333
