sifdecoder -A pc64.lnx.gfo  CHANNEL

 Problem name: CHANNEL

 Double precision version will be formed

 The objective function uses 1 linear group
 
 There are 7998 linear equality constraints
 There are 1600 nonlinear equality constraints
 
 There are 9598 free variables
 There are 2 fixed variables
 
 
 File successfully decoded
/home/abel/projetos/dcicpp-newrun/output
No tools
**********************************************************
Problem name: CHANNEL 

Number of Variables: 9598
Number of Constraints: 9598
             Equality: 9598
           has_inequality: 0

EXIT: The Algorithm has Converged
Cholesky failed
f(x) = 1
|c(x)| = 2.02444e-09
|g(x) + J(x)'*y| = 0
y offset = 0
Number of Iterations = 1
Elapsed Time = 0.0778482 s
Normal iterations = 2
Average number of normal iterations = 2
Maximum number of normal iterations during one iteration = 2
Iterations with = 1 normal iterations = 0
Iterations with <= 1 normal iterations = 0
**********************************************************
Setup time: 0.28
Execution time: 0.083333
