sifdecoder -A pc64.lnx.gfo  CLNLBEAM

 Problem name: CLNLBEAM

 Double precision version will be formed

 The objective function uses 1 nonlinear group
 
 There are 2000 linear equality constraints
 There are 2000 nonlinear equality constraints
 
 There are 2001 free variables
 There are 3998 variables bounded from below and above 
 There are 4 fixed variables
 
 
 File successfully decoded
/home/abel/projetos/dcicpp-newrun/output
No tools
**********************************************************
Problem name: CLNLBEAM

Number of Variables: 5999
Number of Constraints: 4000
             Equality: 4000
           has_inequality: 0

EXIT: The Algorithm has Converged
Cholesky failed
f(x) = 350
|c(x)| = 6.44056e-07
|g(x) + J(x)'*y| = 7.66559e-07
y offset = 0
Number of Iterations = 1
Elapsed Time = 0.0137203 s
Normal iterations = 1
Average number of normal iterations = 1
Maximum number of normal iterations during one iteration = 1
Iterations with = 1 normal iterations = 1
Iterations with <= 1 normal iterations = 1
**********************************************************
Setup time: 0.106666
Execution time: 0.063334
