sifdecoder -A pc64.lnx.gfo  CLPLATEB

 Problem name: CLPLATEB

 Double precision version will be formed

 The objective function uses 1 linear group
 The objective function uses 19600 nonlinear groups
 
 There are 4970 free variables
 There are 71 fixed variables
 
 
 File successfully decoded
/home/abel/projetos/dcicpp-newrun/output
No tools
**********************************************************
Problem name: CLPLATEB

Number of Variables: 4970
Number of Constraints: 0
             Equality: 0
           has_inequality: 0

EXIT: The Algorithm has Converged
f(x) = -0.00509479
|c(x)| = 0
|g(x) + J(x)'*y| = 5.57083e-07
y offset = 0
Number of Iterations = 3
Elapsed Time = 0.395763 s
Normal iterations = 0
Average number of normal iterations = 0
Maximum number of normal iterations during one iteration = 0
Iterations with = 1 normal iterations = 0
Iterations with <= 1 normal iterations = 3
**********************************************************
Setup time: 0.206668
Execution time: 0.469999
