sifdecoder -A pc64.lnx.gfo  COOLHANS

 Problem name: COOLHANS

 Double precision version will be formed

 
 There are 9 nonlinear equality constraints
 
 There are 9 free variables
 
 
 File successfully decoded
/home/abel/projetos/dcicpp-newrun/output
No tools
**********************************************************
Problem name: COOLHANS

Number of Variables: 9
Number of Constraints: 9
             Equality: 9
           has_inequality: 0

EXIT: The Algorithm has Converged
f(x) = 0
|c(x)| = 9.93716e-07
|g(x) + J(x)'*y| = 0
y offset = 0
Number of Iterations = 1
Elapsed Time = 0.00030756 s
Normal iterations = 2
Average number of normal iterations = 2
Maximum number of normal iterations during one iteration = 2
Iterations with = 1 normal iterations = 0
Iterations with <= 1 normal iterations = 0
**********************************************************
Setup time: 0
Execution time: 0.003333
