sifdecoder -A pc64.lnx.gfo  CORE1

 Problem name: CORE1

 Double precision version will be formed

 The objective function uses 1 linear group
 
 There are 20 linear equality constraints
 There are 15 linear inequality constraints
 There are 21 nonlinear equality constraints
 There are 3 nonlinear inequality constraints
 
 There are 9 variables bounded only from below 
 There are 56 variables bounded from below and above 
 
 
 File successfully decoded
/home/abel/projetos/dcicpp-newrun/output
No tools
NormalFlag = 2
**********************************************************
Problem name: CORE1   

Number of Variables: 50
Number of Constraints: 44
             Equality: 35
           has_inequality: 9

EXIT: Stopped at a stationary for the infeasibility
Cholesky failed
f(x) = 54.5196
|c(x)| = 1.87083e+14
|g(x) + J(x)'*y| = 0.0317918
y offset = 0
Number of Iterations = 1
Elapsed Time = 0.00167704 s
Normal iterations = 1
Average number of normal iterations = 1
Maximum number of normal iterations during one iteration = 1
Iterations with = 1 normal iterations = 1
Iterations with <= 1 normal iterations = 1
**********************************************************
Setup time: 0.003333
Execution time: 0.003333
