sifdecoder -A pc64.lnx.gfo  DECONVNE

 Problem name: DECONVNE

 Double precision version will be formed

 
 There are 40 nonlinear equality constraints
 
 There are 51 free variables
 There are 12 fixed variables
 
 
 File successfully decoded
/home/abel/projetos/dcicpp-newrun/output
No tools
**********************************************************
Problem name: DECONVNE

Number of Variables: 51
Number of Constraints: 40
             Equality: 40
           has_inequality: 0

EXIT: The Algorithm has Converged
f(x) = 0
|c(x)| = 2.98952e-10
|g(x) + J(x)'*y| = 0
y offset = 0
Number of Iterations = 1
Elapsed Time = 0.000728369 s
Normal iterations = 1
Average number of normal iterations = 1
Maximum number of normal iterations during one iteration = 1
Iterations with = 1 normal iterations = 1
Iterations with <= 1 normal iterations = 1
**********************************************************
Setup time: 0.003333
Execution time: 0.003333
