sifdecoder -A pc64.lnx.gfo  DIXMAANJ

 Problem name: DIXMAANJ

 Double precision version will be formed

 The objective function uses 4 nonlinear groups
 
 There are 3000 free variables
 
 
 File successfully decoded
/home/abel/projetos/dcicpp-newrun/output
No tools
**********************************************************
Problem name: DIXMAANJ

Number of Variables: 3000
Number of Constraints: 0
             Equality: 0
           has_inequality: 0

EXIT: The Algorithm has Converged
f(x) = 1.00119
|c(x)| = 0
|g(x) + J(x)'*y| = 1.25655e-07
y offset = 0
Number of Iterations = 18
Elapsed Time = 0.133685 s
Normal iterations = 0
Average number of normal iterations = 0
Maximum number of normal iterations during one iteration = 0
Iterations with = 1 normal iterations = 0
Iterations with <= 1 normal iterations = 18
**********************************************************
Setup time: 0.059999
Execution time: 0.333333
