sifdecoder -A pc64.lnx.gfo  DIXMAANC

 Problem name: DIXMAANC

 Double precision version will be formed

 The objective function uses 4 nonlinear groups
 
 There are 3000 free variables
 
 
 File successfully decoded
/home/abel/projetos/dcicpp-newrun/output
No tools
**********************************************************
Problem name: DIXMAANC

Number of Variables: 3000
Number of Constraints: 0
             Equality: 0
           has_inequality: 0

EXIT: The Algorithm has Converged
f(x) = 1.00001
|c(x)| = 0
|g(x) + J(x)'*y| = 5.7961e-08
y offset = 0
Number of Iterations = 8
Elapsed Time = 0.0417376 s
Normal iterations = 0
Average number of normal iterations = 0
Maximum number of normal iterations during one iteration = 0
Iterations with = 1 normal iterations = 0
Iterations with <= 1 normal iterations = 8
**********************************************************
Setup time: 0.049999
Execution time: 0.160001
