sifdecoder -A pc64.lnx.gfo  DTOC1ND

 Problem name: DTOC1ND

 Double precision version will be formed

 The objective function uses 5998 nonlinear groups
 
 There are 3996 nonlinear equality constraints
 
 There are 5994 free variables
 There are 4 fixed variables
 
 
 File successfully decoded
/home/abel/projetos/dcicpp-newrun/output
No tools
**********************************************************
Problem name: DTOC1ND 

Number of Variables: 5994
Number of Constraints: 3996
             Equality: 3996
           has_inequality: 0

EXIT: The Algorithm has Converged
f(x) = 47.603
|c(x)| = 3.39112e-07
|g(x) + J(x)'*y| = 7.92593e-07
y offset = 0
Number of Iterations = 6
Elapsed Time = 0.129105 s
Normal iterations = 4
Average number of normal iterations = 0.666667
Maximum number of normal iterations during one iteration = 1
Iterations with = 1 normal iterations = 4
Iterations with <= 1 normal iterations = 6
**********************************************************
Setup time: 0.156667
Execution time: 0.183334
