sifdecoder -A pc64.lnx.gfo  DTOC1L

 Problem name: DTOC1L

 Double precision version will be formed

 The objective function uses 5998 nonlinear groups
 
 There are 3996 linear equality constraints
 
 There are 5994 free variables
 There are 4 fixed variables
 
 
 File successfully decoded
/home/abel/projetos/dcicpp-newrun/output
No tools
**********************************************************
Problem name: DTOC1L  

Number of Variables: 5994
Number of Constraints: 3996
             Equality: 3996
           has_inequality: 0

EXIT: The Algorithm has Converged
f(x) = 3.94304
|c(x)| = 1.01236e-14
|g(x) + J(x)'*y| = 6.89774e-07
y offset = 0
Number of Iterations = 8
Elapsed Time = 0.075227 s
Normal iterations = 0
Average number of normal iterations = 0
Maximum number of normal iterations during one iteration = 0
Iterations with = 1 normal iterations = 0
Iterations with <= 1 normal iterations = 8
**********************************************************
Setup time: 0.15
Execution time: 0.2
