sifdecoder -A pc64.lnx.gfo  DTOC1NC

 Problem name: DTOC1NC

 Double precision version will be formed

 The objective function uses 5998 nonlinear groups
 
 There are 3996 nonlinear equality constraints
 
 There are 5994 free variables
 There are 4 fixed variables
 
 
 File successfully decoded
/home/abel/projetos/dcicpp-newrun/output
No tools
**********************************************************
Problem name: DTOC1NC 

Number of Variables: 5994
Number of Constraints: 3996
             Equality: 3996
           has_inequality: 0

EXIT: The Algorithm has Converged
f(x) = 35.1993
|c(x)| = 5.98228e-13
|g(x) + J(x)'*y| = 1.84134e-07
y offset = 0
Number of Iterations = 6
Elapsed Time = 0.116161 s
Normal iterations = 4
Average number of normal iterations = 0.666667
Maximum number of normal iterations during one iteration = 1
Iterations with = 1 normal iterations = 4
Iterations with <= 1 normal iterations = 6
**********************************************************
Setup time: 0.223334
Execution time: 0.116666
