sifdecoder -A pc64.lnx.gfo  DTOC6

 Problem name: DTOC6

 Double precision version will be formed

 The objective function uses 10000 nonlinear groups
 
 There are 5000 nonlinear equality constraints
 
 There are 10000 free variables
 There is 1 fixed variable
 
 
 File successfully decoded
/home/abel/projetos/dcicpp-newrun/output
No tools
**********************************************************
Problem name: DTOC6   

Number of Variables: 10000
Number of Constraints: 5000
             Equality: 5000
           has_inequality: 0

EXIT: The Algorithm has Converged
f(x) = 134850
|c(x)| = 9.15664e-07
|g(x) + J(x)'*y| = 2.34432e-07
y offset = 0
Number of Iterations = 9
Elapsed Time = 0.20662 s
Normal iterations = 6
Average number of normal iterations = 0.666667
Maximum number of normal iterations during one iteration = 2
Iterations with = 1 normal iterations = 4
Iterations with <= 1 normal iterations = 8
**********************************************************
Setup time: 0.196667
Execution time: 0.276666
