sifdecoder -A pc64.lnx.gfo  DUAL1

 Problem name: DUAL1

 Double precision version will be formed

 The objective function uses 1 nonlinear group
 
 There is 1 linear equality constraint
 
 There are 85 variables bounded from below and above 
 
 
 File successfully decoded
/home/abel/projetos/dcicpp-newrun/output
No tools
**********************************************************
Problem name: DUAL1   

Number of Variables: 85
Number of Constraints: 1
             Equality: 1
           has_inequality: 0

EXIT: The Algorithm has Converged
f(x) = 0.0351989
|c(x)| = 1.61324e-15
|g(x) + J(x)'*y| = 3.27978e-07
y offset = 0
Number of Iterations = 12
Elapsed Time = 0.0847697 s
Normal iterations = 1
Average number of normal iterations = 0.0833333
Maximum number of normal iterations during one iteration = 1
Iterations with = 1 normal iterations = 1
Iterations with <= 1 normal iterations = 12
**********************************************************
Setup time: 0.019999
Execution time: 0.296667
