sifdecoder -A pc64.lnx.gfo  EIGMAXA

 Problem name: EIGMAXA

 Double precision version will be formed

 The objective function uses 1 linear group
 
 There are 101 nonlinear equality constraints
 
 There are 101 variables bounded from below and above 
 
 
 File successfully decoded
/home/abel/projetos/dcicpp-newrun/output
No tools
**********************************************************
Problem name: EIGMAXA 

Number of Variables: 101
Number of Constraints: 101
             Equality: 101
           has_inequality: 0

EXIT: The Algorithm has Converged
Cholesky failed
f(x) = -1
|c(x)| = 5.27818e-07
|g(x) + J(x)'*y| = 6.21725e-15
y offset = 0
Number of Iterations = 1
Elapsed Time = 0.0492373 s
Normal iterations = 2
Average number of normal iterations = 2
Maximum number of normal iterations during one iteration = 2
Iterations with = 1 normal iterations = 0
Iterations with <= 1 normal iterations = 0
**********************************************************
Setup time: 0.003333
Execution time: 0.193332
