sifdecoder -A pc64.lnx.gfo  ERRINBAR

 Problem name: ERRINBAR

 Double precision version will be formed

 The objective function uses 1 linear group
 
 There is 1 linear inequality constraint
 There are 8 nonlinear equality constraints
 
 There are 4 free variables
 There are 14 variables bounded only from below 
 
 
 File successfully decoded
/home/abel/projetos/dcicpp-newrun/output
No tools
**********************************************************
Problem name: ERRINBAR

Number of Variables: 18
Number of Constraints: 9
             Equality: 8
           has_inequality: 1

EXIT: The Algorithm has Converged
f(x) = 28.0453
|c(x)| = 2.99442e-13
|g(x) + J(x)'*y| = 6.25241e-07
y offset = 0
Number of Iterations = 372
Elapsed Time = 0.0377488 s
Normal iterations = 213
Average number of normal iterations = 0.572581
Maximum number of normal iterations during one iteration = 1
Iterations with = 1 normal iterations = 213
Iterations with <= 1 normal iterations = 372
**********************************************************
Setup time: 0
Execution time: 0.149999
