sifdecoder -A pc64.lnx.gfo  FLETCHER

 Problem name: FLETCHER

 Double precision version will be formed

 The objective function uses 1 nonlinear group
 
 There are 3 linear inequality constraints
 There is 1 nonlinear equality constraint
 
 There are 3 free variables
 There is 1 variable bounded only from below 
 
 
 File successfully decoded
/home/abel/projetos/dcicpp-newrun/output
No tools
**********************************************************
Problem name: FLETCHER

Number of Variables: 4
Number of Constraints: 4
             Equality: 1
           has_inequality: 3

EXIT: The Algorithm has Converged
f(x) = 11.6569
|c(x)| = 2.46628e-08
|g(x) + J(x)'*y| = 7.31376e-11
y offset = 0
Number of Iterations = 8
Elapsed Time = 0.00184202 s
Normal iterations = 3
Average number of normal iterations = 0.375
Maximum number of normal iterations during one iteration = 1
Iterations with = 1 normal iterations = 3
Iterations with <= 1 normal iterations = 8
**********************************************************
Setup time: 0
Execution time: 0.003333
