sifdecoder -A pc64.lnx.gfo  FLETBV3M

 Problem name: FLETBV3M

 Double precision version will be formed

 The objective function uses 10002 nonlinear groups
 
 There are 5000 free variables
 
 
 File successfully decoded
/home/abel/projetos/dcicpp-newrun/output
No tools
**********************************************************
Problem name: FLETBV3M

Number of Variables: 5000
Number of Constraints: 0
             Equality: 0
           has_inequality: 0

EXIT: The Algorithm has Converged
f(x) = -244212
|c(x)| = 0
|g(x) + J(x)'*y| = 2.17064e-07
y offset = 0
Number of Iterations = 34
Elapsed Time = 0.244384 s
Normal iterations = 0
Average number of normal iterations = 0
Maximum number of normal iterations during one iteration = 0
Iterations with = 1 normal iterations = 0
Iterations with <= 1 normal iterations = 34
**********************************************************
Setup time: 0.146667
Execution time: 0.243333
