sifdecoder -A pc64.lnx.gfo  FREUROTH

 Problem name: FREUROTH

 Double precision version will be formed

 The objective function uses 9998 nonlinear groups
 
 There are 5000 free variables
 
 
 File successfully decoded
/home/abel/projetos/dcicpp-newrun/output
No tools
**********************************************************
Problem name: FREUROTH

Number of Variables: 5000
Number of Constraints: 0
             Equality: 0
           has_inequality: 0

EXIT: The Algorithm has Converged
f(x) = 608159
|c(x)| = 0
|g(x) + J(x)'*y| = 5.29614e-08
y offset = 0
Number of Iterations = 9
Elapsed Time = 0.05217 s
Normal iterations = 0
Average number of normal iterations = 0
Maximum number of normal iterations during one iteration = 0
Iterations with = 1 normal iterations = 0
Iterations with <= 1 normal iterations = 9
**********************************************************
Setup time: 0.216666
Execution time: 0.080001
