sifdecoder -A pc64.lnx.gfo  GIGOMEZ3

 Problem name: GIGOMEZ3

 Double precision version will be formed

 The objective function uses 1 linear group
 
 There are 3 nonlinear inequality constraints
 
 There are 3 free variables
 
 
 File successfully decoded
/home/abel/projetos/dcicpp-newrun/output
No tools
**********************************************************
Problem name: GIGOMEZ3

Number of Variables: 3
Number of Constraints: 3
             Equality: 0
           has_inequality: 3

EXIT: The Algorithm has Converged
f(x) = 2
|c(x)| = 3.68027e-09
|g(x) + J(x)'*y| = 2.33156e-07
y offset = 0
Number of Iterations = 11
Elapsed Time = 0.00218368 s
Normal iterations = 7
Average number of normal iterations = 0.636364
Maximum number of normal iterations during one iteration = 2
Iterations with = 1 normal iterations = 5
Iterations with <= 1 normal iterations = 10
**********************************************************
Setup time: 0
Execution time: 0.006666
