sifdecoder -A pc64.lnx.gfo  GROWTHLS

 Problem name: GROWTHLS

 Double precision version will be formed

 The objective function uses 12 nonlinear groups
 
 There are 3 free variables
 
 
 File successfully decoded
/home/abel/projetos/dcicpp-newrun/output
No tools
**********************************************************
Problem name: GROWTHLS

Number of Variables: 3
Number of Constraints: 0
             Equality: 0
           has_inequality: 0

EXIT: The Algorithm has Converged
f(x) = 12.4524
|c(x)| = 0
|g(x) + J(x)'*y| = 9.35396e-08
y offset = 0
Number of Iterations = 9
Elapsed Time = 0.000288963 s
Normal iterations = 0
Average number of normal iterations = 0
Maximum number of normal iterations during one iteration = 0
Iterations with = 1 normal iterations = 0
Iterations with <= 1 normal iterations = 9
**********************************************************
Setup time: 0
Execution time: 0
