sifdecoder -A pc64.lnx.gfo  GULF

 Problem name: GULF

 Double precision version will be formed

 The objective function uses 99 nonlinear groups
 
 There are 3 free variables
 
 
 File successfully decoded
/home/abel/projetos/dcicpp-newrun/output
No tools
**********************************************************
Problem name: GULF    

Number of Variables: 3
Number of Constraints: 0
             Equality: 0
           has_inequality: 0

EXIT: The Algorithm has Converged
f(x) = 4.9574e-08
|c(x)| = 0
|g(x) + J(x)'*y| = 3.8355e-07
y offset = 0
Number of Iterations = 24
Elapsed Time = 0.00740075 s
Normal iterations = 0
Average number of normal iterations = 0
Maximum number of normal iterations during one iteration = 0
Iterations with = 1 normal iterations = 0
Iterations with <= 1 normal iterations = 24
**********************************************************
Setup time: 0.003333
Execution time: 0.023333
