sifdecoder -A pc64.lnx.gfo  HADAMALS

 Problem name: HADAMALS

 Double precision version will be formed

 The objective function uses 590 nonlinear groups
 
 There are 380 variables bounded from below and above 
 There are 20 fixed variables
 
 
 File successfully decoded
/home/abel/projetos/dcicpp-newrun/output
No tools
**********************************************************
Problem name: HADAMALS

Number of Variables: 380
Number of Constraints: 0
             Equality: 0
           has_inequality: 0

EXIT: The Algorithm has Converged
f(x) = 7311.84
|c(x)| = 0
|g(x) + J(x)'*y| = 7.60033e-07
y offset = 0
Number of Iterations = 9
Elapsed Time = 0.00584197 s
Normal iterations = 0
Average number of normal iterations = 0
Maximum number of normal iterations during one iteration = 0
Iterations with = 1 normal iterations = 0
Iterations with <= 1 normal iterations = 9
**********************************************************
Setup time: 0.023333
Execution time: 0.023333
