sifdecoder -A pc64.lnx.gfo  HARKERP2

 Problem name: HARKERP2

 Double precision version will be formed

 The objective function uses 1 linear group
 The objective function uses 2000 nonlinear groups
 
 There are 1000 variables bounded only from below 
 
 
 File successfully decoded
/home/abel/projetos/dcicpp-newrun/output
No tools
**********************************************************
Problem name: HARKERP2

Number of Variables: 1000
Number of Constraints: 0
             Equality: 0
           has_inequality: 0

EXIT: The Algorithm has Converged
f(x) = 7.50361
|c(x)| = 0
|g(x) + J(x)'*y| = 5.44758e-07
y offset = 0
Number of Iterations = 13
Elapsed Time = 0.0956349 s
Normal iterations = 0
Average number of normal iterations = 0
Maximum number of normal iterations during one iteration = 0
Iterations with = 1 normal iterations = 0
Iterations with <= 1 normal iterations = 13
**********************************************************
Setup time: 0.319999
Execution time: 0.096667
