sifdecoder -A pc64.lnx.gfo  HIMMELBK

 Problem name: HIMMELBK

 Double precision version will be formed

 The objective function uses 1 linear group
 
 There are 2 linear equality constraints
 There are 12 nonlinear equality constraints
 
 There are 24 variables bounded only from below 
 
 
 File successfully decoded
/home/abel/projetos/dcicpp-newrun/output
No tools
**********************************************************
Problem name: HIMMELBK

Number of Variables: 24
Number of Constraints: 14
             Equality: 14
           has_inequality: 0

EXIT: The Algorithm has Converged
Cholesky failed
f(x) = 0.0518161
|c(x)| = 2.08928e-09
|g(x) + J(x)'*y| = 5.0697e-07
y offset = 0
Number of Iterations = 15
Elapsed Time = 0.0199792 s
Normal iterations = 13
Average number of normal iterations = 0.866667
Maximum number of normal iterations during one iteration = 2
Iterations with = 1 normal iterations = 9
Iterations with <= 1 normal iterations = 13
**********************************************************
Setup time: 0.003333
Execution time: 0.073332
