sifdecoder -A pc64.lnx.gfo  HIMMELBI

 Problem name: HIMMELBI

 Double precision version will be formed

 The objective function uses 20 nonlinear groups
 
 There are 12 linear inequality constraints
 
 There are 100 variables bounded from below and above 
 
 
 File successfully decoded
/home/abel/projetos/dcicpp-newrun/output
No tools
**********************************************************
Problem name: HIMMELBI

Number of Variables: 100
Number of Constraints: 12
             Equality: 0
           has_inequality: 12

EXIT: The Algorithm has Converged
f(x) = -1733.4
|c(x)| = 9.1314e-10
|g(x) + J(x)'*y| = 7.84963e-08
y offset = 5.08877e-08
Number of Iterations = 50
Elapsed Time = 0.0233269 s
Normal iterations = 3
Average number of normal iterations = 0.06
Maximum number of normal iterations during one iteration = 1
Iterations with = 1 normal iterations = 3
Iterations with <= 1 normal iterations = 50
**********************************************************
Setup time: 0.003333
Execution time: 0.093332
