sifdecoder -A pc64.lnx.gfo  HS105

 Problem name: HS105

 Double precision version will be formed

 The objective function uses 235 nonlinear groups
 
 There is 1 linear inequality constraint
 
 There are 8 variables bounded from below and above 
 
 
 File successfully decoded
/home/abel/projetos/dcicpp-newrun/output
No tools
**********************************************************
Problem name: HS105   

Number of Variables: 8
Number of Constraints: 1
             Equality: 0
           has_inequality: 1

EXIT: The Algorithm has Converged
f(x) = 1062.05
|c(x)| = 1.11022e-16
|g(x) + J(x)'*y| = 1.43974e-08
y offset = 0
Number of Iterations = 10
Elapsed Time = 0.00681686 s
Normal iterations = 0
Average number of normal iterations = 0
Maximum number of normal iterations during one iteration = 0
Iterations with = 1 normal iterations = 0
Iterations with <= 1 normal iterations = 10
**********************************************************
Setup time: 0.009999
Execution time: 0.03
