sifdecoder -A pc64.lnx.gfo  HS100MOD

 Problem name: HS100MOD

 Double precision version will be formed

 The objective function uses 4 nonlinear groups
 
 There are 4 nonlinear inequality constraints
 
 There are 7 free variables
 
 
 File successfully decoded
/home/abel/projetos/dcicpp-newrun/output
No tools
**********************************************************
Problem name: HS100MOD

Number of Variables: 7
Number of Constraints: 4
             Equality: 0
           has_inequality: 4

EXIT: The Algorithm has Converged
f(x) = 678.68
|c(x)| = 2.41962e-07
|g(x) + J(x)'*y| = 7.365e-08
y offset = 4.28841e-09
Number of Iterations = 9
Elapsed Time = 0.0010035 s
Normal iterations = 4
Average number of normal iterations = 0.444444
Maximum number of normal iterations during one iteration = 1
Iterations with = 1 normal iterations = 4
Iterations with <= 1 normal iterations = 9
**********************************************************
Setup time: 0
Execution time: 0.006666
