sifdecoder -A pc64.lnx.gfo  HS12

 Problem name: HS12

 Double precision version will be formed

 The objective function uses 1 nonlinear group
 
 There is 1 nonlinear inequality constraint
 
 There are 2 free variables
 
 
 File successfully decoded
/home/abel/projetos/dcicpp-newrun/output
No tools
**********************************************************
Problem name: HS12    

Number of Variables: 2
Number of Constraints: 1
             Equality: 0
           has_inequality: 1

EXIT: The Algorithm has Converged
f(x) = -30
|c(x)| = 9.27681e-07
|g(x) + J(x)'*y| = 2.527e-11
y offset = 0
Number of Iterations = 14
Elapsed Time = 0.00196362 s
Normal iterations = 14
Average number of normal iterations = 1
Maximum number of normal iterations during one iteration = 2
Iterations with = 1 normal iterations = 10
Iterations with <= 1 normal iterations = 12
**********************************************************
Setup time: 0
Execution time: 0.009999
