sifdecoder -A pc64.lnx.gfo  HS16

 Problem name: HS16

 Double precision version will be formed

 The objective function uses 1 nonlinear group
 
 There are 2 nonlinear inequality constraints
 
 There is 1 variable bounded only from above 
 There is 1 variable bounded from below and above 
 
 
 File successfully decoded
/home/abel/projetos/dcicpp-newrun/output
No tools
**********************************************************
Problem name: HS16    

Number of Variables: 2
Number of Constraints: 2
             Equality: 0
           has_inequality: 2

EXIT: The Algorithm has Converged
f(x) = 23.1447
|c(x)| = 9.26873e-07
|g(x) + J(x)'*y| = 1.83648e-11
y offset = 0
Number of Iterations = 5
Elapsed Time = 0.000833988 s
Normal iterations = 3
Average number of normal iterations = 0.6
Maximum number of normal iterations during one iteration = 1
Iterations with = 1 normal iterations = 3
Iterations with <= 1 normal iterations = 5
**********************************************************
Setup time: 0
Execution time: 0.003333
