sifdecoder -A pc64.lnx.gfo  HS23

 Problem name: HS23

 Double precision version will be formed

 The objective function uses 1 nonlinear group
 
 There are 5 nonlinear inequality constraints
 
 There are 2 variables bounded from below and above 
 
 
 File successfully decoded
/home/abel/projetos/dcicpp-newrun/output
No tools
**********************************************************
Problem name: HS23    

Number of Variables: 2
Number of Constraints: 5
             Equality: 0
           has_inequality: 5

EXIT: The Algorithm has Converged
f(x) = 2.00006
|c(x)| = 2.58559e-08
|g(x) + J(x)'*y| = 6.38222e-08
y offset = 0
Number of Iterations = 29
Elapsed Time = 0.00149989 s
Normal iterations = 15
Average number of normal iterations = 0.517241
Maximum number of normal iterations during one iteration = 1
Iterations with = 1 normal iterations = 15
Iterations with <= 1 normal iterations = 29
**********************************************************
Setup time: 0
Execution time: 0.006666
