sifdecoder -A pc64.lnx.gfo  HS24

 Problem name: HS24

 Double precision version will be formed

 The objective function uses 1 nonlinear group
 
 There are 3 linear inequality constraints
 
 There are 2 variables bounded only from below 
 
 
 File successfully decoded
/home/abel/projetos/dcicpp-newrun/output
No tools
**********************************************************
Problem name: HS24    

Number of Variables: 2
Number of Constraints: 3
             Equality: 0
           has_inequality: 3

EXIT: The Algorithm has Converged
f(x) = -0.999999
|c(x)| = 1.51703e-14
|g(x) + J(x)'*y| = 1.79322e-07
y offset = 8.32667e-17
Number of Iterations = 4
Elapsed Time = 0.000209332 s
Normal iterations = 0
Average number of normal iterations = 0
Maximum number of normal iterations during one iteration = 0
Iterations with = 1 normal iterations = 0
Iterations with <= 1 normal iterations = 4
**********************************************************
Setup time: 0
Execution time: 0
