sifdecoder -A pc64.lnx.gfo  HS27

 Problem name: HS27

 Double precision version will be formed

 The objective function uses 1 nonlinear group
 
 There is 1 nonlinear equality constraint
 
 There are 3 free variables
 
 
 File successfully decoded
/home/abel/projetos/dcicpp-newrun/output
No tools
**********************************************************
Problem name: HS27    

Number of Variables: 3
Number of Constraints: 1
             Equality: 1
           has_inequality: 0

EXIT: The Algorithm has Converged
f(x) = 0.0399998
|c(x)| = 8.02132e-07
|g(x) + J(x)'*y| = 5.15894e-09
y offset = 0
Number of Iterations = 43
Elapsed Time = 0.000762701 s
Normal iterations = 9
Average number of normal iterations = 0.209302
Maximum number of normal iterations during one iteration = 1
Iterations with = 1 normal iterations = 9
Iterations with <= 1 normal iterations = 43
**********************************************************
Setup time: 0
Execution time: 0.003333
