sifdecoder -A pc64.lnx.gfo  HS35MOD

 Problem name: HS35MOD

 Double precision version will be formed

 The objective function uses 1 nonlinear group
 
 There is 1 linear inequality constraint
 
 There are 2 variables bounded only from below 
 There is 1 fixed variable
 
 
 File successfully decoded
/home/abel/projetos/dcicpp-newrun/output
No tools
**********************************************************
Problem name: HS35MOD 

Number of Variables: 2
Number of Constraints: 1
             Equality: 0
           has_inequality: 1

EXIT: The Algorithm has Converged
f(x) = 0.25
|c(x)| = 5.10703e-15
|g(x) + J(x)'*y| = 4.00526e-08
y offset = 0
Number of Iterations = 3
Elapsed Time = 0.000207901 s
Normal iterations = 0
Average number of normal iterations = 0
Maximum number of normal iterations during one iteration = 0
Iterations with = 1 normal iterations = 0
Iterations with <= 1 normal iterations = 3
**********************************************************
Setup time: 0
Execution time: 0.003333
