sifdecoder -A pc64.lnx.gfo  HS38

 Problem name: HS38

 Double precision version will be formed

 The objective function uses 7 nonlinear groups
 
 There are 4 variables bounded from below and above 
 
 
 File successfully decoded
/home/abel/projetos/dcicpp-newrun/output
No tools
**********************************************************
Problem name: HS38    

Number of Variables: 4
Number of Constraints: 0
             Equality: 0
           has_inequality: 0

EXIT: The Algorithm has Converged
f(x) = 5.08468e-10
|c(x)| = 0
|g(x) + J(x)'*y| = 8.12202e-08
y offset = 0
Number of Iterations = 51
Elapsed Time = 0.000596046 s
Normal iterations = 0
Average number of normal iterations = 0
Maximum number of normal iterations during one iteration = 0
Iterations with = 1 normal iterations = 0
Iterations with <= 1 normal iterations = 51
**********************************************************
Setup time: 0
Execution time: 0.003333
