sifdecoder -A pc64.lnx.gfo  HS43

 Problem name: HS43

 Double precision version will be formed

 The objective function uses 1 nonlinear group
 
 There are 3 nonlinear inequality constraints
 
 There are 4 free variables
 
 
 File successfully decoded
/home/abel/projetos/dcicpp-newrun/output
No tools
**********************************************************
Problem name: HS43    

Number of Variables: 4
Number of Constraints: 3
             Equality: 0
           has_inequality: 3

EXIT: The Algorithm has Converged
f(x) = -44
|c(x)| = 1.17309e-08
|g(x) + J(x)'*y| = 1.7463e-07
y offset = 1.37932e-06
Number of Iterations = 6
Elapsed Time = 0.00157571 s
Normal iterations = 4
Average number of normal iterations = 0.666667
Maximum number of normal iterations during one iteration = 2
Iterations with = 1 normal iterations = 2
Iterations with <= 1 normal iterations = 5
**********************************************************
Setup time: 0
Execution time: 0.006666
