sifdecoder -A pc64.lnx.gfo  HS45

 Problem name: HS45

 Double precision version will be formed

 The objective function uses 1 nonlinear group
 
 There are 5 variables bounded from below and above 
 
 
 File successfully decoded
/home/abel/projetos/dcicpp-newrun/output
No tools
**********************************************************
Problem name: HS45    

Number of Variables: 5
Number of Constraints: 0
             Equality: 0
           has_inequality: 0

EXIT: The Algorithm has Converged
f(x) = 1
|c(x)| = 0
|g(x) + J(x)'*y| = 5.57475e-08
y offset = 0
Number of Iterations = 11
Elapsed Time = 0.00019598 s
Normal iterations = 0
Average number of normal iterations = 0
Maximum number of normal iterations during one iteration = 0
Iterations with = 1 normal iterations = 0
Iterations with <= 1 normal iterations = 11
**********************************************************
Setup time: 0
Execution time: 0
