sifdecoder -A pc64.lnx.gfo  HS5

 Problem name: HS5

 Double precision version will be formed

 The objective function uses 1 linear group
 The objective function uses 2 nonlinear groups
 
 There are 2 variables bounded from below and above 
 
 
 File successfully decoded
/home/abel/projetos/dcicpp-newrun/output
No tools
**********************************************************
Problem name: HS5     

Number of Variables: 2
Number of Constraints: 0
             Equality: 0
           has_inequality: 0

EXIT: The Algorithm has Converged
f(x) = -1.02247
|c(x)| = 0
|g(x) + J(x)'*y| = 6.08976e-07
y offset = 0
Number of Iterations = 3
Elapsed Time = 0.000157118 s
Normal iterations = 0
Average number of normal iterations = 0
Maximum number of normal iterations during one iteration = 0
Iterations with = 1 normal iterations = 0
Iterations with <= 1 normal iterations = 3
**********************************************************
Setup time: 0
Execution time: 0.003333
