sifdecoder -A pc64.lnx.gfo  HS60

 Problem name: HS60

 Double precision version will be formed

 The objective function uses 1 nonlinear group
 
 There is 1 nonlinear equality constraint
 
 There are 3 variables bounded from below and above 
 
 
 File successfully decoded
/home/abel/projetos/dcicpp-newrun/output
No tools
**********************************************************
Problem name: HS60    

Number of Variables: 3
Number of Constraints: 1
             Equality: 1
           has_inequality: 0

EXIT: The Algorithm has Converged
f(x) = 0.0325682
|c(x)| = 7.34194e-12
|g(x) + J(x)'*y| = 4.82945e-12
y offset = 0
Number of Iterations = 11
Elapsed Time = 0.000409365 s
Normal iterations = 5
Average number of normal iterations = 0.454545
Maximum number of normal iterations during one iteration = 1
Iterations with = 1 normal iterations = 5
Iterations with <= 1 normal iterations = 11
**********************************************************
Setup time: 0
Execution time: 0.003333
