sifdecoder -A pc64.lnx.gfo  HS66

 Problem name: HS66

 Double precision version will be formed

 The objective function uses 1 linear group
 
 There are 2 nonlinear inequality constraints
 
 There are 3 variables bounded from below and above 
 
 
 File successfully decoded
/home/abel/projetos/dcicpp-newrun/output
No tools
**********************************************************
Problem name: HS66    

Number of Variables: 3
Number of Constraints: 2
             Equality: 0
           has_inequality: 2

EXIT: The Algorithm has Converged
f(x) = 0.543656
|c(x)| = 2.63742e-70
|g(x) + J(x)'*y| = 3.14187e-09
y offset = 0
Number of Iterations = 5
Elapsed Time = 0.0030117 s
Normal iterations = 6
Average number of normal iterations = 1.2
Maximum number of normal iterations during one iteration = 2
Iterations with = 1 normal iterations = 2
Iterations with <= 1 normal iterations = 3
**********************************************************
Setup time: 0
Execution time: 0.009999
