sifdecoder -A pc64.lnx.gfo  HS7

 Problem name: HS7

 Double precision version will be formed

 The objective function uses 1 nonlinear group
 
 There is 1 nonlinear equality constraint
 
 There are 2 free variables
 
 
 File successfully decoded
/home/abel/projetos/dcicpp-newrun/output
No tools
**********************************************************
Problem name: HS7     

Number of Variables: 2
Number of Constraints: 1
             Equality: 1
           has_inequality: 0

EXIT: The Algorithm has Converged
f(x) = -1.73205
|c(x)| = 1.8315e-10
|g(x) + J(x)'*y| = 1.37408e-09
y offset = 0
Number of Iterations = 4
Elapsed Time = 0.00032711 s
Normal iterations = 5
Average number of normal iterations = 1.25
Maximum number of normal iterations during one iteration = 2
Iterations with = 1 normal iterations = 1
Iterations with <= 1 normal iterations = 2
**********************************************************
Setup time: 0
Execution time: 0.003333
