sifdecoder -A pc64.lnx.gfo  HS70

 Problem name: HS70

 Double precision version will be formed

 The objective function uses 19 nonlinear groups
 
 There is 1 nonlinear inequality constraint
 
 There are 4 variables bounded from below and above 
 
 
 File successfully decoded
/home/abel/projetos/dcicpp-newrun/output
No tools
**********************************************************
Problem name: HS70    

Number of Variables: 4
Number of Constraints: 1
             Equality: 0
           has_inequality: 1

EXIT: The Algorithm has Converged
f(x) = 0.269017
|c(x)| = 9.27281e-07
|g(x) + J(x)'*y| = 2.04513e-07
y offset = 0
Number of Iterations = 17
Elapsed Time = 0.00357962 s
Normal iterations = 1
Average number of normal iterations = 0.0588235
Maximum number of normal iterations during one iteration = 1
Iterations with = 1 normal iterations = 1
Iterations with <= 1 normal iterations = 17
**********************************************************
Setup time: 0.003333
Execution time: 0.013332
