sifdecoder -A pc64.lnx.gfo  HS71

 Problem name: HS71

 Double precision version will be formed

 The objective function uses 1 nonlinear group
 
 There is 1 nonlinear equality constraint
 There is 1 nonlinear inequality constraint
 
 There are 4 variables bounded from below and above 
 
 
 File successfully decoded
/home/abel/projetos/dcicpp-newrun/output
No tools
**********************************************************
Problem name: HS71    

Number of Variables: 4
Number of Constraints: 2
             Equality: 1
           has_inequality: 1

EXIT: The Algorithm has Converged
f(x) = 17.014
|c(x)| = 8.21954e-07
|g(x) + J(x)'*y| = 1.06283e-08
y offset = 0
Number of Iterations = 7
Elapsed Time = 0.000325203 s
Normal iterations = 4
Average number of normal iterations = 0.571429
Maximum number of normal iterations during one iteration = 1
Iterations with = 1 normal iterations = 4
Iterations with <= 1 normal iterations = 7
**********************************************************
Setup time: 0
Execution time: 0.003333
