sifdecoder -A pc64.lnx.gfo  HS72

 Problem name: HS72

 Double precision version will be formed

 The objective function uses 1 linear group
 
 There are 2 nonlinear inequality constraints
 
 There are 4 variables bounded from below and above 
 
 
 File successfully decoded
/home/abel/projetos/dcicpp-newrun/output
No tools
**********************************************************
Problem name: HS72    

Number of Variables: 4
Number of Constraints: 2
             Equality: 0
           has_inequality: 2

EXIT: The Algorithm has Converged
f(x) = 727.609
|c(x)| = 9.86476e-07
|g(x) + J(x)'*y| = 2.66844e-08
y offset = 0
Number of Iterations = 20
Elapsed Time = 0.00151205 s
Normal iterations = 15
Average number of normal iterations = 0.75
Maximum number of normal iterations during one iteration = 1
Iterations with = 1 normal iterations = 15
Iterations with <= 1 normal iterations = 20
**********************************************************
Setup time: 0
Execution time: 0.006666
