sifdecoder -A pc64.lnx.gfo  HS73

 Problem name: HS73

 Double precision version will be formed

 The objective function uses 1 linear group
 
 There is 1 linear equality constraint
 There is 1 linear inequality constraint
 There is 1 nonlinear inequality constraint
 
 There are 4 variables bounded only from below 
 
 
 File successfully decoded
/home/abel/projetos/dcicpp-newrun/output
No tools
**********************************************************
Problem name: HS73    

Number of Variables: 4
Number of Constraints: 3
             Equality: 1
           has_inequality: 2

EXIT: The Algorithm has Converged
f(x) = 30.2095
|c(x)| = 9.22698e-07
|g(x) + J(x)'*y| = 1.93257e-10
y offset = 0
Number of Iterations = 13
Elapsed Time = 0.00194216 s
Normal iterations = 6
Average number of normal iterations = 0.461538
Maximum number of normal iterations during one iteration = 1
Iterations with = 1 normal iterations = 6
Iterations with <= 1 normal iterations = 13
**********************************************************
Setup time: 0
Execution time: 0.006666
