sifdecoder -A pc64.lnx.gfo  HS75

 Problem name: HS75

 Double precision version will be formed

 The objective function uses 1 nonlinear group
 
 There are 2 linear inequality constraints
 There are 3 nonlinear equality constraints
 
 There are 4 variables bounded from below and above 
 
 
 File successfully decoded
/home/abel/projetos/dcicpp-newrun/output
No tools
**********************************************************
Problem name: HS75    

Number of Variables: 4
Number of Constraints: 5
             Equality: 3
           has_inequality: 2

EXIT: The Algorithm has Converged
f(x) = 5174.41
|c(x)| = 4.0937e-13
|g(x) + J(x)'*y| = 4.59306e-10
y offset = 0
Number of Iterations = 6
Elapsed Time = 0.000478506 s
Normal iterations = 3
Average number of normal iterations = 0.5
Maximum number of normal iterations during one iteration = 2
Iterations with = 1 normal iterations = 1
Iterations with <= 1 normal iterations = 5
**********************************************************
Setup time: 0
Execution time: 0.003333
