sifdecoder -A pc64.lnx.gfo  HS77

 Problem name: HS77

 Double precision version will be formed

 The objective function uses 5 nonlinear groups
 
 There are 2 nonlinear equality constraints
 
 There are 5 free variables
 
 
 File successfully decoded
/home/abel/projetos/dcicpp-newrun/output
No tools
**********************************************************
Problem name: HS77    

Number of Variables: 5
Number of Constraints: 2
             Equality: 2
           has_inequality: 0

EXIT: The Algorithm has Converged
f(x) = 0.241505
|c(x)| = 1.60563e-08
|g(x) + J(x)'*y| = 5.30834e-08
y offset = 0
Number of Iterations = 13
Elapsed Time = 0.000424147 s
Normal iterations = 4
Average number of normal iterations = 0.307692
Maximum number of normal iterations during one iteration = 1
Iterations with = 1 normal iterations = 4
Iterations with <= 1 normal iterations = 13
**********************************************************
Setup time: 0
Execution time: 0.003333
