sifdecoder -A pc64.lnx.gfo  HS88

 Problem name: HS88

 Double precision version will be formed

 The objective function uses 1 nonlinear group
 
 There is 1 nonlinear inequality constraint
 
 There are 2 free variables
 
 
 File successfully decoded
/home/abel/projetos/dcicpp-newrun/output
No tools
NormalFlag = 2
**********************************************************
Problem name: HS88    

Number of Variables: 2
Number of Constraints: 1
             Equality: 0
           has_inequality: 1

EXIT: Stopped at a stationary for the infeasibility
Cholesky failed
f(x) = 35822
|c(x)| = 1.7999
|g(x) + J(x)'*y| = 104.86
y offset = 0
Number of Iterations = 5
Elapsed Time = 0.0110099 s
Normal iterations = 2
Average number of normal iterations = 0.4
Maximum number of normal iterations during one iteration = 1
Iterations with = 1 normal iterations = 2
Iterations with <= 1 normal iterations = 5
**********************************************************
Setup time: 0
Execution time: 0.046666
