sifdecoder -A pc64.lnx.gfo  HS90

 Problem name: HS90

 Double precision version will be formed

 The objective function uses 1 nonlinear group
 
 There is 1 nonlinear inequality constraint
 
 There are 4 free variables
 
 
 File successfully decoded
/home/abel/projetos/dcicpp-newrun/output
No tools
NormalFlag = 2
**********************************************************
Problem name: HS90    

Number of Variables: 4
Number of Constraints: 1
             Equality: 0
           has_inequality: 1

EXIT: Stopped at a stationary for the infeasibility
Cholesky failed
f(x) = 9.24353e-20
|c(x)| = 0.133233
|g(x) + J(x)'*y| = 2.16965e-10
y offset = 0
Number of Iterations = 3
Elapsed Time = 0.00659585 s
Normal iterations = 1
Average number of normal iterations = 0.333333
Maximum number of normal iterations during one iteration = 1
Iterations with = 1 normal iterations = 1
Iterations with <= 1 normal iterations = 3
**********************************************************
Setup time: 0
Execution time: 0.013332
