sifdecoder -A pc64.lnx.gfo  HS99

 Problem name: HS99

 Double precision version will be formed

 The objective function uses 1 nonlinear group
 
 There are 2 nonlinear equality constraints
 
 There are 7 variables bounded from below and above 
 
 
 File successfully decoded
/home/abel/projetos/dcicpp-newrun/output
No tools
**********************************************************
Problem name: HS99    

Number of Variables: 7
Number of Constraints: 2
             Equality: 2
           has_inequality: 0

EXIT: The Algorithm has Converged
f(x) = -8.3108e+08
|c(x)| = 2.83671e-11
|g(x) + J(x)'*y| = 6.93945e-12
y offset = 0
Number of Iterations = 7
Elapsed Time = 0.000405312 s
Normal iterations = 3
Average number of normal iterations = 0.428571
Maximum number of normal iterations during one iteration = 1
Iterations with = 1 normal iterations = 3
Iterations with <= 1 normal iterations = 7
**********************************************************
Setup time: 0
Execution time: 0.003333
