sifdecoder -A pc64.lnx.gfo  JNLBRNGA

 Problem name: JNLBRNGA

 Double precision version will be formed

 The objective function uses 9604 nonlinear groups
 
 There are 9604 variables bounded only from below 
 There are 396 fixed variables
 
 
 File successfully decoded
/home/abel/projetos/dcicpp-newrun/output
No tools
**********************************************************
Problem name: JNLBRNGA

Number of Variables: 9604
Number of Constraints: 0
             Equality: 0
           has_inequality: 0

EXIT: The Algorithm has Converged
f(x) = -0.0251022
|c(x)| = 0
|g(x) + J(x)'*y| = 7.49264e-07
y offset = 0
Number of Iterations = 6
Elapsed Time = 0.960585 s
Normal iterations = 0
Average number of normal iterations = 0
Maximum number of normal iterations during one iteration = 0
Iterations with = 1 normal iterations = 0
Iterations with <= 1 normal iterations = 6
**********************************************************
Setup time: 0.29
Execution time: 0.966668
