sifdecoder -A pc64.lnx.gfo  KIWCRESC

 Problem name: KIWCRESC

 Double precision version will be formed

 The objective function uses 1 linear group
 
 There are 2 nonlinear inequality constraints
 
 There are 3 free variables
 
 
 File successfully decoded
/home/abel/projetos/dcicpp-newrun/output
No tools
**********************************************************
Problem name: KIWCRESC

Number of Variables: 3
Number of Constraints: 2
             Equality: 0
           has_inequality: 2

EXIT: The Algorithm has Converged
f(x) = -1.21063e-07
|c(x)| = 3.79344e-08
|g(x) + J(x)'*y| = 1.39772e-07
y offset = 0
Number of Iterations = 7
Elapsed Time = 0.00133991 s
Normal iterations = 6
Average number of normal iterations = 0.857143
Maximum number of normal iterations during one iteration = 2
Iterations with = 1 normal iterations = 4
Iterations with <= 1 normal iterations = 6
**********************************************************
Setup time: 0
Execution time: 0.006666
