sifdecoder -A pc64.lnx.gfo  LIN

 Problem name: LIN

 Double precision version will be formed

 The objective function uses 1 nonlinear group
 
 There are 2 linear equality constraints
 
 There are 4 variables bounded from below and above 
 
 
 File successfully decoded
/home/abel/projetos/dcicpp-newrun/output
No tools
**********************************************************
Problem name: LIN     

Number of Variables: 4
Number of Constraints: 2
             Equality: 2
           has_inequality: 0

EXIT: The Algorithm has Converged
Cholesky failed
f(x) = -0.0196063
|c(x)| = 2.93867e-07
|g(x) + J(x)'*y| = 5.71688e-08
y offset = 0
Number of Iterations = 13
Elapsed Time = 0.00151491 s
Normal iterations = 1
Average number of normal iterations = 0.0769231
Maximum number of normal iterations during one iteration = 1
Iterations with = 1 normal iterations = 1
Iterations with <= 1 normal iterations = 13
**********************************************************
Setup time: 0
Execution time: 0.006666
