sifdecoder -A pc64.lnx.gfo  LINVERSE

 Problem name: LINVERSE

 Double precision version will be formed

 The objective function uses 2997 nonlinear groups
 
 There are 999 free variables
 There are 1000 variables bounded only from below 
 
 
 File successfully decoded
/home/abel/projetos/dcicpp-newrun/output
No tools
**********************************************************
Problem name: LINVERSE

Number of Variables: 1999
Number of Constraints: 0
             Equality: 0
           has_inequality: 0

EXIT: The Algorithm has Converged
f(x) = 681
|c(x)| = 0
|g(x) + J(x)'*y| = 9.65069e-08
y offset = 0
Number of Iterations = 24
Elapsed Time = 0.111719 s
Normal iterations = 0
Average number of normal iterations = 0
Maximum number of normal iterations during one iteration = 0
Iterations with = 1 normal iterations = 0
Iterations with <= 1 normal iterations = 24
**********************************************************
Setup time: 0.036666
Execution time: 0.176667
