sifdecoder -A pc64.lnx.gfo  LISWET11

 Problem name: LISWET11

 Double precision version will be formed

 The objective function uses 1 nonlinear group
 
 There are 2000 linear inequality constraints
 
 There are 2002 free variables
 
 
 File successfully decoded
/home/abel/projetos/dcicpp-newrun/output
No tools
**********************************************************
Problem name: LISWET11

Number of Variables: 2002
Number of Constraints: 2000
             Equality: 0
           has_inequality: 2000

EXIT: The Algorithm has Converged
f(x) = 9.9068
|c(x)| = 4.47453e-08
|g(x) + J(x)'*y| = 2.29941e-07
y offset = 0.0213942
Number of Iterations = 15
Elapsed Time = 0.10655 s
Normal iterations = 2
Average number of normal iterations = 0.133333
Maximum number of normal iterations during one iteration = 1
Iterations with = 1 normal iterations = 2
Iterations with <= 1 normal iterations = 15
**********************************************************
Setup time: 0.039999
Execution time: 0.33
