sifdecoder -A pc64.lnx.gfo  LOBSTERZ

 Problem name: LOBSTERZ

 Double precision version will be formed

 The objective function uses 3248 nonlinear groups
 
 There is 1 linear equality constraint
 There are 16242 nonlinear equality constraints
 
 There are 16240 variables bounded from below and above 
 There are 23 fixed variables
 
 
 File successfully decoded
/home/abel/projetos/dcicpp-newrun/output
No tools
**********************************************************
Problem name: LOBSTERZ

Number of Variables: 16240
Number of Constraints: 16242
             Equality: 16242
           has_inequality: 0

EXIT: The Algorithm has Converged
Cholesky failed
f(x) = 2769.52
|c(x)| = 4e-07
|g(x) + J(x)'*y| = 3.54829e-07
y offset = 0
Number of Iterations = 2
Elapsed Time = 0.78093 s
Normal iterations = 1
Average number of normal iterations = 0.5
Maximum number of normal iterations during one iteration = 1
Iterations with = 1 normal iterations = 1
Iterations with <= 1 normal iterations = 2
**********************************************************
Setup time: 1.91333
Execution time: 0.793334
