sifdecoder -A pc64.lnx.gfo  MAKELA3

 Problem name: MAKELA3

 Double precision version will be formed

 The objective function uses 1 linear group
 
 There are 20 nonlinear inequality constraints
 
 There are 21 free variables
 
 
 File successfully decoded
/home/abel/projetos/dcicpp-newrun/output
No tools
**********************************************************
Problem name: MAKELA3 

Number of Variables: 21
Number of Constraints: 20
             Equality: 0
           has_inequality: 20

EXIT: The Algorithm has Converged
Cholesky failed
f(x) = 0.000168129
|c(x)| = 5.60497e-07
|g(x) + J(x)'*y| = 9.44327e-07
y offset = 0
Number of Iterations = 585
Elapsed Time = 0.0569646 s
Normal iterations = 154
Average number of normal iterations = 0.263248
Maximum number of normal iterations during one iteration = 2
Iterations with = 1 normal iterations = 144
Iterations with <= 1 normal iterations = 580
**********************************************************
Setup time: 0
Execution time: 0.226665
