sifdecoder -A pc64.lnx.gfo  MAKELA4

 Problem name: MAKELA4

 Double precision version will be formed

 The objective function uses 1 linear group
 
 There are 40 linear inequality constraints
 
 There are 21 free variables
 
 
 File successfully decoded
/home/abel/projetos/dcicpp-newrun/output
No tools
**********************************************************
Problem name: MAKELA4 

Number of Variables: 21
Number of Constraints: 40
             Equality: 0
           has_inequality: 40

EXIT: The Algorithm has Converged
f(x) = 0.000121781
|c(x)| = 1.55955e-11
|g(x) + J(x)'*y| = 2.63148e-07
y offset = 0
Number of Iterations = 8
Elapsed Time = 0.00218844 s
Normal iterations = 1
Average number of normal iterations = 0.125
Maximum number of normal iterations during one iteration = 1
Iterations with = 1 normal iterations = 1
Iterations with <= 1 normal iterations = 8
**********************************************************
Setup time: 0
Execution time: 0.009999
