sifdecoder -A pc64.lnx.gfo  MDHOLE

 Problem name: MDHOLE

 Double precision version will be formed

 The objective function uses 1 linear group
 The objective function uses 1 nonlinear group
 
 There is 1 free variable 
 There is 1 variable bounded only from below 
 
 
 File successfully decoded
/home/abel/projetos/dcicpp-newrun/output
No tools
**********************************************************
Problem name: MDHOLE  

Number of Variables: 2
Number of Constraints: 0
             Equality: 0
           has_inequality: 0

EXIT: The Algorithm has Converged
f(x) = 1.00001e-05
|c(x)| = 0
|g(x) + J(x)'*y| = 2.47678e-08
y offset = 0
Number of Iterations = 3
Elapsed Time = 0.0001719 s
Normal iterations = 0
Average number of normal iterations = 0
Maximum number of normal iterations during one iteration = 0
Iterations with = 1 normal iterations = 0
Iterations with <= 1 normal iterations = 3
**********************************************************
Setup time: 0
Execution time: 0.003333
