sifdecoder -A pc64.lnx.gfo  METHANL8

 Problem name: METHANL8

 Double precision version will be formed

 
 There are 31 nonlinear equality constraints
 
 There are 31 free variables
 
 
 File successfully decoded
/home/abel/projetos/dcicpp-newrun/output
No tools
**********************************************************
Problem name: METHANL8

Number of Variables: 31
Number of Constraints: 31
             Equality: 31
           has_inequality: 0

EXIT: The Algorithm has Converged
f(x) = 0
|c(x)| = 2.91266e-12
|g(x) + J(x)'*y| = 0
y offset = 0
Number of Iterations = 1
Elapsed Time = 0.000491142 s
Normal iterations = 2
Average number of normal iterations = 2
Maximum number of normal iterations during one iteration = 2
Iterations with = 1 normal iterations = 0
Iterations with <= 1 normal iterations = 0
**********************************************************
Setup time: 0.003333
Execution time: 0.003333
