sifdecoder -A pc64.lnx.gfo  MISTAKE

 Problem name: MISTAKE

 Double precision version will be formed

 The objective function uses 1 nonlinear group
 
 There are 13 nonlinear inequality constraints
 
 There are 8 free variables
 There is 1 variable bounded only from below 
 
 
 File successfully decoded
/home/abel/projetos/dcicpp-newrun/output
No tools
**********************************************************
Problem name: MISTAKE 

Number of Variables: 9
Number of Constraints: 13
             Equality: 0
           has_inequality: 13

EXIT: The Algorithm has Converged
f(x) = -0.657163
|c(x)| = 9.81889e-07
|g(x) + J(x)'*y| = 2.38445e-07
y offset = 0.00200032
Number of Iterations = 79
Elapsed Time = 0.0134046 s
Normal iterations = 41
Average number of normal iterations = 0.518987
Maximum number of normal iterations during one iteration = 2
Iterations with = 1 normal iterations = 39
Iterations with <= 1 normal iterations = 78
**********************************************************
Setup time: 0
Execution time: 0.039999
