sifdecoder -A pc64.lnx.gfo  MRIBASIS

 Problem name: MRIBASIS

 Double precision version will be formed

 The objective function uses 1 linear group
 
 There is 1 linear equality constraint
 There are 43 linear inequality constraints
 There are 8 nonlinear equality constraints
 There are 3 nonlinear inequality constraints
 
 There are 24 variables bounded from below and above 
 There are 12 fixed variables
 
 
 File successfully decoded
/home/abel/projetos/dcicpp-newrun/output
No tools
**********************************************************
Problem name: MRIBASIS

Number of Variables: 24
Number of Constraints: 55
             Equality: 9
           has_inequality: 46

EXIT: The Algorithm has Converged
f(x) = 18.2179
|c(x)| = 2.73311e-07
|g(x) + J(x)'*y| = 1.89934e-11
y offset = 4.37045e-10
Number of Iterations = 5
Elapsed Time = 0.0530205 s
Normal iterations = 5
Average number of normal iterations = 1
Maximum number of normal iterations during one iteration = 3
Iterations with = 1 normal iterations = 2
Iterations with <= 1 normal iterations = 4
**********************************************************
Setup time: 0.003333
Execution time: 0.209999
