sifdecoder -A pc64.lnx.gfo  MSS3

 Problem name: MSS3

 Double precision version will be formed

 The objective function uses 2 nonlinear groups
 
 There are 1981 nonlinear equality constraints
 
 There are 2070 free variables
 
 
 File successfully decoded
/home/abel/projetos/dcicpp-newrun/output
No tools
NormalFlag = 2
**********************************************************
Problem name: MSS3    

Number of Variables: 2070
Number of Constraints: 1981
             Equality: 1981
           has_inequality: 0

EXIT: Stopped at a stationary for the infeasibility
Cholesky failed
f(x) = -0.914977
|c(x)| = 0.000483102
|g(x) + J(x)'*y| = 6.44672e-11
y offset = 0
Number of Iterations = 1
Elapsed Time = 0.480755 s
Normal iterations = 2
Average number of normal iterations = 2
Maximum number of normal iterations during one iteration = 2
Iterations with = 1 normal iterations = 0
Iterations with <= 1 normal iterations = 0
**********************************************************
Setup time: 0.05
Execution time: 0.69
