sifdecoder -A pc64.lnx.gfo  NASH

 Problem name: NASH

 Double precision version will be formed

 The objective function uses 2 linear groups
 
 There are 24 linear equality constraints
 
 There are 15 free variables
 There are 3 variables bounded from below and above 
 There are 54 fixed variables
 
 
 File successfully decoded
/home/abel/projetos/dcicpp-newrun/output
No tools
**********************************************************
Problem name: NASH    

Number of Variables: 7
Number of Constraints: 6
             Equality: 6
           has_inequality: 0

EXIT: The Algorithm has Converged
Cholesky failed
f(x) = 0
|c(x)| = 1.91101e-08
|g(x) + J(x)'*y| = 0
y offset = 0
Number of Iterations = 1
Elapsed Time = 0.000820398 s
Normal iterations = 2
Average number of normal iterations = 2
Maximum number of normal iterations during one iteration = 2
Iterations with = 1 normal iterations = 0
Iterations with <= 1 normal iterations = 0
**********************************************************
Setup time: 0
Execution time: 0.003333
