sifdecoder -A pc64.lnx.gfo  NCVXQP4

 Problem name: NCVXQP4

 Double precision version will be formed

 The objective function uses 10000 nonlinear groups
 
 There are 2500 linear equality constraints
 
 There are 10000 variables bounded from below and above 
 
 
 File successfully decoded
/home/abel/projetos/dcicpp-newrun/output
No tools
**********************************************************
Problem name: NCVXQP4 

Number of Variables: 10000
Number of Constraints: 2500
             Equality: 2500
           has_inequality: 0

EXIT: The Algorithm has Converged
Cholesky failed
f(x) = -9.38425e+09
|c(x)| = 8.37415e-07
|g(x) + J(x)'*y| = 2.45335e-07
y offset = 0
Number of Iterations = 88
Elapsed Time = 0.682928 s
Normal iterations = 3
Average number of normal iterations = 0.0340909
Maximum number of normal iterations during one iteration = 1
Iterations with = 1 normal iterations = 3
Iterations with <= 1 normal iterations = 88
**********************************************************
Setup time: 0.203333
Execution time: 0.750001
