sifdecoder -A pc64.lnx.gfo  NONDQUAR

 Problem name: NONDQUAR

 Double precision version will be formed

 The objective function uses 5000 nonlinear groups
 
 There are 5000 free variables
 
 
 File successfully decoded
/home/abel/projetos/dcicpp-newrun/output
No tools
**********************************************************
Problem name: NONDQUAR

Number of Variables: 5000
Number of Constraints: 0
             Equality: 0
           has_inequality: 0

EXIT: The Algorithm has Converged
f(x) = 0.000527068
|c(x)| = 0
|g(x) + J(x)'*y| = 4.5547e-07
y offset = 0
Number of Iterations = 13
Elapsed Time = 0.0758111 s
Normal iterations = 0
Average number of normal iterations = 0
Maximum number of normal iterations during one iteration = 0
Iterations with = 1 normal iterations = 0
Iterations with <= 1 normal iterations = 13
**********************************************************
Setup time: 0.076667
Execution time: 0.269999
