sifdecoder -A pc64.lnx.gfo  ODFITS

 Problem name: ODFITS

 Double precision version will be formed

 The objective function uses 10 nonlinear groups
 
 There are 6 linear equality constraints
 
 There are 10 variables bounded only from below 
 
 
 File successfully decoded
/home/abel/projetos/dcicpp-newrun/output
No tools
**********************************************************
Problem name: ODFITS  

Number of Variables: 10
Number of Constraints: 6
             Equality: 6
           has_inequality: 0

EXIT: The Algorithm has Converged
f(x) = -2380.03
|c(x)| = 2.52884e-15
|g(x) + J(x)'*y| = 7.72253e-08
y offset = 0
Number of Iterations = 5
Elapsed Time = 0.000321865 s
Normal iterations = 1
Average number of normal iterations = 0.2
Maximum number of normal iterations during one iteration = 1
Iterations with = 1 normal iterations = 1
Iterations with <= 1 normal iterations = 5
**********************************************************
Setup time: 0
Execution time: 0.003333
