sifdecoder -A pc64.lnx.gfo  OPTCDEG2

 Problem name: OPTCDEG2

 Double precision version will be formed

 The objective function uses 1 nonlinear group
 
 There are 1500 linear equality constraints
 There are 1500 nonlinear equality constraints
 
 There are 1500 free variables
 There are 1499 variables bounded only from below 
 There are 1500 variables bounded from below and above 
 There are 3 fixed variables
 
 
 File successfully decoded
/home/abel/projetos/dcicpp-newrun/output
No tools
**********************************************************
Problem name: OPTCDEG2

Number of Variables: 4498
Number of Constraints: 2999
             Equality: 2999
           has_inequality: 0

EXIT: The Algorithm has Converged
f(x) = 227.852
|c(x)| = 3.84363e-08
|g(x) + J(x)'*y| = 6.3528e-07
y offset = 0
Number of Iterations = 25
Elapsed Time = 0.671002 s
Normal iterations = 9
Average number of normal iterations = 0.36
Maximum number of normal iterations during one iteration = 1
Iterations with = 1 normal iterations = 9
Iterations with <= 1 normal iterations = 25
**********************************************************
Setup time: 0.05
Execution time: 0.81
