sifdecoder -A pc64.lnx.gfo  ORTHREGB

 Problem name: ORTHREGB

 Double precision version will be formed

 The objective function uses 18 nonlinear groups
 
 There are 6 nonlinear equality constraints
 
 There are 27 free variables
 
 
 File successfully decoded
/home/abel/projetos/dcicpp-newrun/output
No tools
**********************************************************
Problem name: ORTHREGB

Number of Variables: 27
Number of Constraints: 6
             Equality: 6
           has_inequality: 0

EXIT: The Algorithm has Converged
f(x) = 7.33152e-15
|c(x)| = 3.99263e-14
|g(x) + J(x)'*y| = 1.71232e-07
y offset = 0
Number of Iterations = 3
Elapsed Time = 0.00035429 s
Normal iterations = 3
Average number of normal iterations = 1
Maximum number of normal iterations during one iteration = 1
Iterations with = 1 normal iterations = 3
Iterations with <= 1 normal iterations = 3
**********************************************************
Setup time: 0.003333
Execution time: -5.66244e-13
