sifdecoder -A pc64.lnx.gfo  PALMER5A

 Problem name: PALMER5A

 Double precision version will be formed

 The objective function uses 12 nonlinear groups
 
 There are 6 free variables
 There are 2 variables bounded only from below 
 
 
 File successfully decoded
/home/abel/projetos/dcicpp-newrun/output
No tools
**********************************************************
Problem name: PALMER5A

Number of Variables: 8
Number of Constraints: 0
             Equality: 0
           has_inequality: 0

EXIT: The Algorithm has Converged
f(x) = 2.12806
|c(x)| = 0
|g(x) + J(x)'*y| = 3.17557e-07
y offset = 0
Number of Iterations = 13
Elapsed Time = 0.000335217 s
Normal iterations = 0
Average number of normal iterations = 0
Maximum number of normal iterations during one iteration = 0
Iterations with = 1 normal iterations = 0
Iterations with <= 1 normal iterations = 13
**********************************************************
Setup time: 0
Execution time: 0.003333
