sifdecoder -A pc64.lnx.gfo  PALMER2E

 Problem name: PALMER2E

 Double precision version will be formed

 The objective function uses 23 nonlinear groups
 
 There are 7 free variables
 There is 1 variable bounded only from below 
 
 
 File successfully decoded
/home/abel/projetos/dcicpp-newrun/output
No tools
**********************************************************
Problem name: PALMER2E

Number of Variables: 8
Number of Constraints: 0
             Equality: 0
           has_inequality: 0

EXIT: The Algorithm has Converged
f(x) = 0.0337495
|c(x)| = 0
|g(x) + J(x)'*y| = 1.86802e-08
y offset = 0
Number of Iterations = 15
Elapsed Time = 0.000727654 s
Normal iterations = 0
Average number of normal iterations = 0
Maximum number of normal iterations during one iteration = 0
Iterations with = 1 normal iterations = 0
Iterations with <= 1 normal iterations = 15
**********************************************************
Setup time: 0
Execution time: 0.003333
