sifdecoder -A pc64.lnx.gfo  PALMER1

 Problem name: PALMER1

 Double precision version will be formed

 The objective function uses 31 nonlinear groups
 
 There is 1 free variable 
 There are 3 variables bounded only from below 
 
 
 File successfully decoded
/home/abel/projetos/dcicpp-newrun/output
No tools
**********************************************************
Problem name: PALMER1 

Number of Variables: 4
Number of Constraints: 0
             Equality: 0
           has_inequality: 0

EXIT: The Algorithm has Converged
f(x) = 11754.6
|c(x)| = 0
|g(x) + J(x)'*y| = 4.84904e-09
y offset = 0
Number of Iterations = 15
Elapsed Time = 0.000448942 s
Normal iterations = 0
Average number of normal iterations = 0
Maximum number of normal iterations during one iteration = 0
Iterations with = 1 normal iterations = 0
Iterations with <= 1 normal iterations = 15
**********************************************************
Setup time: 0
Execution time: 0.003333
