sifdecoder -A pc64.lnx.gfo  PALMER6A

 Problem name: PALMER6A

 Double precision version will be formed

 The objective function uses 13 nonlinear groups
 
 There are 4 free variables
 There are 2 variables bounded only from below 
 
 
 File successfully decoded
/home/abel/projetos/dcicpp-newrun/output
No tools
**********************************************************
Problem name: PALMER6A

Number of Variables: 6
Number of Constraints: 0
             Equality: 0
           has_inequality: 0

EXIT: The Algorithm has Converged
f(x) = 3.46907
|c(x)| = 0
|g(x) + J(x)'*y| = 7.58874e-12
y offset = 0
Number of Iterations = 3
Elapsed Time = 0.00017333 s
Normal iterations = 0
Average number of normal iterations = 0
Maximum number of normal iterations during one iteration = 0
Iterations with = 1 normal iterations = 0
Iterations with <= 1 normal iterations = 3
**********************************************************
Setup time: 0
Execution time: 0
