sifdecoder -A pc64.lnx.gfo  PFIT2LS

 Problem name: PFIT2LS

 Double precision version will be formed

 The objective function uses 3 nonlinear groups
 
 There are 2 free variables
 There is 1 variable bounded only from below 
 
 
 File successfully decoded
/home/abel/projetos/dcicpp-newrun/output
No tools
**********************************************************
Problem name: PFIT2LS 

Number of Variables: 3
Number of Constraints: 0
             Equality: 0
           has_inequality: 0

EXIT: The Algorithm has Converged
f(x) = 0.00894029
|c(x)| = 0
|g(x) + J(x)'*y| = 4.88445e-07
y offset = 0
Number of Iterations = 37
Elapsed Time = 0.000487089 s
Normal iterations = 0
Average number of normal iterations = 0
Maximum number of normal iterations during one iteration = 0
Iterations with = 1 normal iterations = 0
Iterations with <= 1 normal iterations = 37
**********************************************************
Setup time: 0
Execution time: 0.003333
