sifdecoder -A pc64.lnx.gfo  POLAK5

 Problem name: POLAK5

 Double precision version will be formed

 The objective function uses 1 linear group
 
 There are 2 nonlinear inequality constraints
 
 There are 3 free variables
 
 
 File successfully decoded
/home/abel/projetos/dcicpp-newrun/output
No tools
**********************************************************
Problem name: POLAK5  

Number of Variables: 3
Number of Constraints: 2
             Equality: 0
           has_inequality: 2

EXIT: The Algorithm has Converged
f(x) = 50
|c(x)| = 3.32528e-07
|g(x) + J(x)'*y| = 3.41625e-09
y offset = 0
Number of Iterations = 3
Elapsed Time = 0.000412226 s
Normal iterations = 2
Average number of normal iterations = 0.666667
Maximum number of normal iterations during one iteration = 1
Iterations with = 1 normal iterations = 2
Iterations with <= 1 normal iterations = 3
**********************************************************
Setup time: 0
Execution time: 0.003333
