sifdecoder -A pc64.lnx.gfo  POLAK6

 Problem name: POLAK6

 Double precision version will be formed

 The objective function uses 1 linear group
 
 There are 4 nonlinear inequality constraints
 
 There are 5 free variables
 
 
 File successfully decoded
/home/abel/projetos/dcicpp-newrun/output
No tools
**********************************************************
Problem name: POLAK6  

Number of Variables: 5
Number of Constraints: 4
             Equality: 0
           has_inequality: 4

EXIT: The Algorithm has Converged
f(x) = -44
|c(x)| = 4.47532e-10
|g(x) + J(x)'*y| = 3.97483e-11
y offset = 0
Number of Iterations = 13
Elapsed Time = 0.0019052 s
Normal iterations = 6
Average number of normal iterations = 0.461538
Maximum number of normal iterations during one iteration = 2
Iterations with = 1 normal iterations = 4
Iterations with <= 1 normal iterations = 12
**********************************************************
Setup time: 0
Execution time: 0.009999
