sifdecoder -A pc64.lnx.gfo  POLAK4

 Problem name: POLAK4

 Double precision version will be formed

 The objective function uses 1 linear group
 
 There are 3 nonlinear inequality constraints
 
 There are 3 free variables
 
 
 File successfully decoded
/home/abel/projetos/dcicpp-newrun/output
No tools
**********************************************************
Problem name: POLAK4  

Number of Variables: 3
Number of Constraints: 3
             Equality: 0
           has_inequality: 3

EXIT: The Algorithm has Converged
f(x) = 3.46071e-07
|c(x)| = 1.7851e-10
|g(x) + J(x)'*y| = 3.29302e-08
y offset = 0.000213112
Number of Iterations = 28
Elapsed Time = 0.103038 s
Normal iterations = 14
Average number of normal iterations = 0.5
Maximum number of normal iterations during one iteration = 2
Iterations with = 1 normal iterations = 8
Iterations with <= 1 normal iterations = 25
**********************************************************
Setup time: 0
Execution time: 0.349999
