sifdecoder -A pc64.lnx.gfo  PRIMAL3

 Problem name: PRIMAL3

 Double precision version will be formed

 The objective function uses 1 nonlinear group
 
 There are 111 linear inequality constraints
 
 There are 744 free variables
 There is 1 variable bounded only from below 
 
 
 File successfully decoded
/home/abel/projetos/dcicpp-newrun/output
No tools
**********************************************************
Problem name: PRIMAL3 

Number of Variables: 745
Number of Constraints: 111
             Equality: 0
           has_inequality: 111

EXIT: The Algorithm has Converged
f(x) = -0.135505
|c(x)| = 1.03263e-10
|g(x) + J(x)'*y| = 2.36872e-07
y offset = 5.25892e-06
Number of Iterations = 9
Elapsed Time = 0.063782 s
Normal iterations = 1
Average number of normal iterations = 0.111111
Maximum number of normal iterations during one iteration = 1
Iterations with = 1 normal iterations = 1
Iterations with <= 1 normal iterations = 9
**********************************************************
Setup time: 0.036666
Execution time: 0.26
