sifdecoder -A pc64.lnx.gfo  RDW2D52F

 Problem name: RDW2D52F

 Double precision version will be formed

 The objective function uses 1 nonlinear group
 
 There are 65025 nonlinear equality constraints
 
 There are 65025 free variables
 There are 65025 variables bounded from below and above 
 There are 2048 fixed variables
 
 
 File successfully decoded
/home/abel/projetos/dcicpp-newrun/output
No tools
**********************************************************
Problem name: RDW2D52F

Number of Variables: 130050
Number of Constraints: 65025
             Equality: 65025
           has_inequality: 0

EXIT: The problem reached the time limit
f(x) = 0.0120012
|c(x)| = 1.5557e-11
|g(x) + J(x)'*y| = 3.02804e-13
y offset = 0
Number of Iterations = 2
Elapsed Time = 34.5027 s
Normal iterations = 1
Average number of normal iterations = 0.5
Maximum number of normal iterations during one iteration = 1
Iterations with = 1 normal iterations = 1
Iterations with <= 1 normal iterations = 2
**********************************************************
Setup time: 1.28
Execution time: 34.5667
