sifdecoder -A pc64.lnx.gfo  ROBOT

 Problem name: ROBOT

 Double precision version will be formed

 The objective function uses 1 nonlinear group
 
 There are 2 nonlinear equality constraints
 
 There are 7 variables bounded from below and above 
 There are 7 fixed variables
 
 
 File successfully decoded
/home/abel/projetos/dcicpp-newrun/output
No tools
**********************************************************
Problem name: ROBOT   

Number of Variables: 7
Number of Constraints: 2
             Equality: 2
           has_inequality: 0

EXIT: The Algorithm has Converged
Cholesky failed
f(x) = 6.5933
|c(x)| = 1.0849e-10
|g(x) + J(x)'*y| = 2.43056e-10
y offset = 0
Number of Iterations = 1
Elapsed Time = 0.0016923 s
Normal iterations = 2
Average number of normal iterations = 2
Maximum number of normal iterations during one iteration = 2
Iterations with = 1 normal iterations = 0
Iterations with <= 1 normal iterations = 0
**********************************************************
Setup time: 0
Execution time: 0.006666
