sifdecoder -A pc64.lnx.gfo  SCHMVETT

 Problem name: SCHMVETT

 Double precision version will be formed

 The objective function uses 4998 nonlinear groups
 
 There are 5000 free variables
 
 
 File successfully decoded
/home/abel/projetos/dcicpp-newrun/output
No tools
**********************************************************
Problem name: SCHMVETT

Number of Variables: 5000
Number of Constraints: 0
             Equality: 0
           has_inequality: 0

EXIT: The Algorithm has Converged
f(x) = -14994
|c(x)| = 0
|g(x) + J(x)'*y| = 8.52433e-07
y offset = 0
Number of Iterations = 3
Elapsed Time = 0.109865 s
Normal iterations = 0
Average number of normal iterations = 0
Maximum number of normal iterations during one iteration = 0
Iterations with = 1 normal iterations = 0
Iterations with <= 1 normal iterations = 3
**********************************************************
Setup time: 0.12
Execution time: 0.239999
