sifdecoder -A pc64.lnx.gfo  SINEVAL

 Problem name: SINEVAL

 Double precision version will be formed

 The objective function uses 1 linear group
 The objective function uses 1 nonlinear group
 
 There are 2 free variables
 
 
 File successfully decoded
/home/abel/projetos/dcicpp-newrun/output
No tools
**********************************************************
Problem name: SINEVAL 

Number of Variables: 2
Number of Constraints: 0
             Equality: 0
           has_inequality: 0

EXIT: The Algorithm has Converged
f(x) = 2.9443e-14
|c(x)| = 0
|g(x) + J(x)'*y| = 1.49193e-08
y offset = 0
Number of Iterations = 60
Elapsed Time = 0.000408888 s
Normal iterations = 0
Average number of normal iterations = 0
Maximum number of normal iterations during one iteration = 0
Iterations with = 1 normal iterations = 0
Iterations with <= 1 normal iterations = 60
**********************************************************
Setup time: 0
Execution time: 0.003333
