sifdecoder -A pc64.lnx.gfo  SINEALI

 Problem name: SINEALI

 Double precision version will be formed

 The objective function uses 1 linear group
 The objective function uses 999 nonlinear groups
 
 There are 1000 variables bounded from below and above 
 
 
 File successfully decoded
/home/abel/projetos/dcicpp-newrun/output
No tools
**********************************************************
Problem name: SINEALI 

Number of Variables: 1000
Number of Constraints: 0
             Equality: 0
           has_inequality: 0

EXIT: The Algorithm has Converged
f(x) = -99901
|c(x)| = 0
|g(x) + J(x)'*y| = 6.14891e-08
y offset = 0
Number of Iterations = 11
Elapsed Time = 0.0217311 s
Normal iterations = 0
Average number of normal iterations = 0
Maximum number of normal iterations during one iteration = 0
Iterations with = 1 normal iterations = 0
Iterations with <= 1 normal iterations = 11
**********************************************************
Setup time: 0.013332
Execution time: 0.063334
