sifdecoder -A pc64.lnx.gfo  SINROSNB

 Problem name: SINROSNB

 Double precision version will be formed

 The objective function uses 1000 nonlinear groups
 
 There are 999 nonlinear inequality constraints
 
 There are 999 free variables
 There is 1 variable bounded from below and above 
 
 
 File successfully decoded
/home/abel/projetos/dcicpp-newrun/output
No tools
**********************************************************
Problem name: SINROSNB

Number of Variables: 1000
Number of Constraints: 999
             Equality: 0
           has_inequality: 999

EXIT: The Algorithm has Converged
f(x) = 199400
|c(x)| = 0
|g(x) + J(x)'*y| = 9.92451e-08
y offset = 0.000287954
Number of Iterations = 13
Elapsed Time = 0.194082 s
Normal iterations = 13
Average number of normal iterations = 1
Maximum number of normal iterations during one iteration = 2
Iterations with = 1 normal iterations = 7
Iterations with <= 1 normal iterations = 10
**********************************************************
Setup time: 0.026666
Execution time: 0.42
