sifdecoder -A pc64.lnx.gfo  SOSQP1

 Problem name: SOSQP1

 Double precision version will be formed

 The objective function uses 1 nonlinear group
 
 There are 2501 linear equality constraints
 
 There are 5000 variables bounded from below and above 
 
 
 File successfully decoded
/home/abel/projetos/dcicpp-newrun/output
No tools
**********************************************************
Problem name: SOSQP1  

Number of Variables: 5000
Number of Constraints: 2501
             Equality: 2501
           has_inequality: 0

EXIT: The Algorithm has Converged
Cholesky failed
f(x) = -8.82233e-11
|c(x)| = 1.30074e-07
|g(x) + J(x)'*y| = 1.29941e-07
y offset = 0
Number of Iterations = 1
Elapsed Time = 0.0104101 s
Normal iterations = 2
Average number of normal iterations = 2
Maximum number of normal iterations during one iteration = 2
Iterations with = 1 normal iterations = 0
Iterations with <= 1 normal iterations = 0
**********************************************************
Setup time: 0.046666
Execution time: 0.033333
