sifdecoder -A pc64.lnx.gfo  SPARSQUR

 Problem name: SPARSQUR

 Double precision version will be formed

 The objective function uses 10000 nonlinear groups
 
 There are 10000 free variables
 
 
 File successfully decoded
/home/abel/projetos/dcicpp-newrun/output
No tools
**********************************************************
Problem name: SPARSQUR

Number of Variables: 10000
Number of Constraints: 0
             Equality: 0
           has_inequality: 0

EXIT: The Algorithm has Converged
f(x) = 0.0504766
|c(x)| = 0
|g(x) + J(x)'*y| = 5.71475e-07
y offset = 0
Number of Iterations = 13
Elapsed Time = 0.495304 s
Normal iterations = 0
Average number of normal iterations = 0
Maximum number of normal iterations during one iteration = 0
Iterations with = 1 normal iterations = 0
Iterations with <= 1 normal iterations = 13
**********************************************************
Setup time: 0.236667
Execution time: 0.546667
