sifdecoder -A pc64.lnx.gfo  SSEBNLN

 Problem name: SSEBNLN

 Double precision version will be formed

 The objective function uses 1 linear group
 
 There are 48 linear equality constraints
 There are 24 linear inequality constraints
 There are 24 nonlinear equality constraints
 
 There are 24 variables bounded only from below 
 There are 168 variables bounded from below and above 
 There are 2 fixed variables
 
 
 File successfully decoded
/home/abel/projetos/dcicpp-newrun/output
No tools
**********************************************************
Problem name: SSEBNLN 

Number of Variables: 192
Number of Constraints: 96
             Equality: 72
           has_inequality: 24

EXIT: The Algorithm has Converged
Cholesky failed
f(x) = 1.64426e+07
|c(x)| = 2.16603e-07
|g(x) + J(x)'*y| = 9.64486e-07
y offset = 0
Number of Iterations = 19
Elapsed Time = 0.035538 s
Normal iterations = 4
Average number of normal iterations = 0.210526
Maximum number of normal iterations during one iteration = 1
Iterations with = 1 normal iterations = 4
Iterations with <= 1 normal iterations = 19
**********************************************************
Setup time: 0.003333
Execution time: 0.103332
