sifdecoder -A pc64.lnx.gfo  SYNTHES3

 Problem name: SYNTHES3

 Double precision version will be formed

 The objective function uses 1 nonlinear group
 
 There are 2 linear equality constraints
 There are 17 linear inequality constraints
 There are 4 nonlinear inequality constraints
 
 There are 17 variables bounded from below and above 
 
 
 File successfully decoded
/home/abel/projetos/dcicpp-newrun/output
No tools
**********************************************************
Problem name: SYNTHES3

Number of Variables: 17
Number of Constraints: 23
             Equality: 2
           has_inequality: 21

EXIT: The Algorithm has Converged
f(x) = 15.0822
|c(x)| = 1.64281e-07
|g(x) + J(x)'*y| = 3.01915e-07
y offset = 6.91426e-07
Number of Iterations = 18
Elapsed Time = 0.0126333 s
Normal iterations = 11
Average number of normal iterations = 0.611111
Maximum number of normal iterations during one iteration = 1
Iterations with = 1 normal iterations = 11
Iterations with <= 1 normal iterations = 18
**********************************************************
Setup time: 0
Execution time: 0.036666
