sifdecoder -A pc64.lnx.gfo  TFI3

 Problem name: TFI3

 Double precision version will be formed

 The objective function uses 1 nonlinear group
 
 There are 101 linear inequality constraints
 
 There are 3 free variables
 
 
 File successfully decoded
/home/abel/projetos/dcicpp-newrun/output
No tools
**********************************************************
Problem name: TFI3    

Number of Variables: 2
Number of Constraints: 100
             Equality: 0
           has_inequality: 100

EXIT: The problem is unlimited
f(x) = 1e+20
|c(x)| = 0
|g(x) + J(x)'*y| = 1.92828e-06
y offset = 0
Number of Iterations = 1
Elapsed Time = 0.000570536 s
Normal iterations = 0
Average number of normal iterations = 0
Maximum number of normal iterations during one iteration = 0
Iterations with = 1 normal iterations = 0
Iterations with <= 1 normal iterations = 1
**********************************************************
Setup time: 0.003333
Execution time: -5.66244e-13
