sifdecoder -A pc64.lnx.gfo  TWIRISM1

 Problem name: TWIRISM1

 Double precision version will be formed

 The objective function uses 1 linear group
 
 There are 50 linear equality constraints
 There are 5 linear inequality constraints
 There are 174 nonlinear equality constraints
 There are 84 nonlinear inequality constraints
 
 There are 343 variables bounded from below and above 
 
 
 File successfully decoded
/home/abel/projetos/dcicpp-newrun/output
No tools
**********************************************************
Problem name: TWIRISM1

Number of Variables: 343
Number of Constraints: 313
             Equality: 224
           has_inequality: 89

EXIT: The Algorithm has Converged
Cholesky failed
f(x) = -0.993586
|c(x)| = 1.22938e-11
|g(x) + J(x)'*y| = 9.97814e-07
y offset = 0.000665184
Number of Iterations = 23
Elapsed Time = 0.419704 s
Normal iterations = 21
Average number of normal iterations = 0.913043
Maximum number of normal iterations during one iteration = 2
Iterations with = 1 normal iterations = 19
Iterations with <= 1 normal iterations = 22
**********************************************************
Setup time: 0.013332
Execution time: 0.593333
