sifdecoder -A pc64.lnx.gfo  YAO

 Problem name: YAO

 Double precision version will be formed

 The objective function uses 2002 nonlinear groups
 
 There are 2000 linear inequality constraints
 
 There are 1999 free variables
 There is 1 variable bounded only from below 
 There are 2 fixed variables
 
 
 File successfully decoded
/home/abel/projetos/dcicpp-newrun/output
No tools
**********************************************************
Problem name: YAO     

Number of Variables: 2000
Number of Constraints: 1999
             Equality: 0
           has_inequality: 1999

EXIT: The Algorithm has Converged
f(x) = 197.825
|c(x)| = 4.61456e-07
|g(x) + J(x)'*y| = 5.46454e-08
y offset = 0
Number of Iterations = 39
Elapsed Time = 0.68468 s
Normal iterations = 7
Average number of normal iterations = 0.179487
Maximum number of normal iterations during one iteration = 1
Iterations with = 1 normal iterations = 7
Iterations with <= 1 normal iterations = 39
**********************************************************
Setup time: 0.056666
Execution time: 0.893333
