sifdecoder -A pc64.lnx.gfo  ZECEVIC4

 Problem name: ZECEVIC4

 Double precision version will be formed

 The objective function uses 1 nonlinear group
 
 There is 1 linear inequality constraint
 There is 1 nonlinear inequality constraint
 
 There are 2 variables bounded from below and above 
 
 
 File successfully decoded
/home/abel/projetos/dcicpp-newrun/output
No tools
**********************************************************
Problem name: ZECEVIC4

Number of Variables: 2
Number of Constraints: 2
             Equality: 0
           has_inequality: 2

EXIT: The Algorithm has Converged
f(x) = 7.55751
|c(x)| = 9.53879e-07
|g(x) + J(x)'*y| = 1.72138e-13
y offset = 0
Number of Iterations = 12
Elapsed Time = 0.00136495 s
Normal iterations = 9
Average number of normal iterations = 0.75
Maximum number of normal iterations during one iteration = 1
Iterations with = 1 normal iterations = 9
Iterations with <= 1 normal iterations = 12
**********************************************************
Setup time: 0
Execution time: 0.006666
