sifdecoder -A pc64.lnx.gfo  ALJAZZAF

 Problem name: ALJAZZAF

 Double precision version will be formed

 The objective function uses 1 nonlinear group
 
 There is 1 nonlinear equality constraint
 
 There are 1000 variables bounded only from below 
 
 
 File successfully decoded
/home/abel/documentos/dcicpp-newrun/output-fast-2016-11-14--09:13
No tools
make: *** No rule to make target 'dcicpp'.  Stop.
**********************************************************
Problem name: ALJAZZAF

Number of Variables: 1000
Number of Constraints: 1
             Equality: 1
           has_inequality: 0

EXIT: The Algorithm has Converged
f(x) = 37438.8
|c(x)| = 7.56019e-07
|g(x) + J(x)'*y| = 1.96139e-08
y offset = 0
Number of Iterations = 147
Elapsed Time = 2.01038 s
Normal iterations = 70
Average number of normal iterations = 0.47619
Maximum number of normal iterations during one iteration = 2
Iterations with 0  normal iterations = 79
Iterations with 1  normal iteration  = 66
Iterations with 2+ normal iterations = -75
Restorations = 4674
Average number of restorations per normal iteration = 66
**********************************************************
Setup time: 0.013333
Execution time: 2.25667
