sifdecoder -A pc64.lnx.gfo  ALLINITU

 Problem name: ALLINITU

 Double precision version will be formed

 The objective function uses 2 linear groups
 The objective function uses 10 nonlinear groups
 
 There are 4 free variables
 
 
 File successfully decoded
/home/abel/documentos/dcicpp-newrun/output-fast-2016-11-14--09:13
No tools
make: *** No rule to make target 'dcicpp'.  Stop.
**********************************************************
Problem name: ALLINITU

Number of Variables: 4
Number of Constraints: 0
             Equality: 0
           has_inequality: 0

EXIT: The Algorithm has Converged
f(x) = 5.74438
|c(x)| = 0
|g(x) + J(x)'*y| = 2.08234e-10
y offset = 0
Number of Iterations = 9
Elapsed Time = 0.000281334 s
/home/abel/projetos/linux-cutest/cutest/bin/rundcicpp: line 240: 14083 Floating point exception(core dumped) ${EXEC}/run_${PACKAGE}
