sifdecoder -A pc64.lnx.gfo  ALLINIT

 Problem name: ALLINIT

 Double precision version will be formed

 The objective function uses 2 linear groups
 The objective function uses 10 nonlinear groups
 
 There is 1 free variable 
 There is 1 variable bounded only from below 
 There is 1 variable bounded from below and above 
 There is 1 fixed variable
 
 
 File successfully decoded
/home/abel/documentos/dcicpp-newrun/output-fast-2016-11-14--09:13
No tools
make: *** No rule to make target 'dcicpp'.  Stop.
**********************************************************
Problem name: ALLINIT 

Number of Variables: 3
Number of Constraints: 0
             Equality: 0
           has_inequality: 0

EXIT: The Algorithm has Converged
f(x) = 18.0065
|c(x)| = 0
|g(x) + J(x)'*y| = 4.55477e-08
y offset = 0
Number of Iterations = 7
Elapsed Time = 0.00024581 s
/home/abel/projetos/linux-cutest/cutest/bin/rundcicpp: line 240: 13944 Floating point exception(core dumped) ${EXEC}/run_${PACKAGE}
