sifdecoder -A pc64.lnx.gfo  ARGLINC

 Problem name: ARGLINC

 Double precision version will be formed

 The objective function uses 400 linear groups
 
 There are 200 free variables
 
 
 File successfully decoded
/home/abel/documentos/dcicpp-newrun/output-fast-2016-11-14--09:13
No tools
make: *** No rule to make target 'dcicpp'.  Stop.
**********************************************************
Problem name: ARGLINC 

Number of Variables: 200
Number of Constraints: 0
             Equality: 0
           has_inequality: 0

EXIT: The Algorithm has Converged
f(x) = 101.125
|c(x)| = 0
|g(x) + J(x)'*y| = 3.64665e-07
y offset = 0
Number of Iterations = 2
Elapsed Time = 0.00254846 s
/home/abel/projetos/linux-cutest/cutest/bin/rundcicpp: line 240: 14324 Floating point exception(core dumped) ${EXEC}/run_${PACKAGE}
