sifdecoder -A pc64.lnx.gfo  BARD

 Problem name: BARD

 Double precision version will be formed

 The objective function uses 15 nonlinear groups
 
 There are 3 free variables
 
 
 File successfully decoded
/home/abel/documentos/dcicpp-newrun/output-fast-2016-11-14--09:13
No tools
make: *** No rule to make target 'dcicpp'.  Stop.
**********************************************************
Problem name: BARD    

Number of Variables: 3
Number of Constraints: 0
             Equality: 0
           has_inequality: 0

EXIT: The Algorithm has Converged
f(x) = 0.00821488
|c(x)| = 0
|g(x) + J(x)'*y| = 6.3605e-07
y offset = 0
Number of Iterations = 10
Elapsed Time = 0.000324011 s
/home/abel/projetos/linux-cutest/cutest/bin/rundcicpp: line 240: 14734 Floating point exception(core dumped) ${EXEC}/run_${PACKAGE}
