sifdecoder -A pc64.lnx.gfo  BIGGS6

 Problem name: BIGGS6

 Double precision version will be formed

 The objective function uses 13 nonlinear groups
 
 There are 6 free variables
 
 
 File successfully decoded
/home/abel/documentos/dcicpp-newrun/output-fast-2016-11-14--09:13
No tools
make: *** No rule to make target 'dcicpp'.  Stop.
**********************************************************
Problem name: BIGGS6  

Number of Variables: 6
Number of Constraints: 0
             Equality: 0
           has_inequality: 0

EXIT: The Algorithm has Converged
f(x) = 0.00565565
|c(x)| = 0
|g(x) + J(x)'*y| = 6.27522e-08
y offset = 0
Number of Iterations = 19
Elapsed Time = 0.00153089 s
/home/abel/projetos/linux-cutest/cutest/bin/rundcicpp: line 240: 15167 Floating point exception(core dumped) ${EXEC}/run_${PACKAGE}
