sifdecoder -A pc64.lnx.gfo  BIGGSB1

 Problem name: BIGGSB1

 Double precision version will be formed

 The objective function uses 5001 linear groups
 
 There is 1 free variable 
 There are 4999 variables bounded from below and above 
 
 
 File successfully decoded
/home/abel/documentos/dcicpp-newrun/output-fast-2016-11-14--09:13
No tools
make: *** No rule to make target 'dcicpp'.  Stop.
**********************************************************
Problem name: BIGGSB1 

Number of Variables: 5000
Number of Constraints: 0
             Equality: 0
           has_inequality: 0

EXIT: The Algorithm has Converged
f(x) = 0.0623885
|c(x)| = 0
|g(x) + J(x)'*y| = 5.7732e-07
y offset = 0
Number of Iterations = 30
Elapsed Time = 0.337962 s
/home/abel/projetos/linux-cutest/cutest/bin/rundcicpp: line 240: 15221 Floating point exception(core dumped) ${EXEC}/run_${PACKAGE}
