sifdecoder -A pc64.lnx.gfo  BT10

 Problem name: BT10

 Double precision version will be formed

 The objective function uses 1 linear group
 
 There are 2 nonlinear equality constraints
 
 There are 2 free variables
 
 
 File successfully decoded
/home/abel/documentos/dcicpp-newrun/output-fast-2016-11-14--09:13
No tools
make: *** No rule to make target 'dcicpp'.  Stop.
**********************************************************
Problem name: BT10    

Number of Variables: 2
Number of Constraints: 2
             Equality: 2
           has_inequality: 0

EXIT: The Algorithm has Converged
f(x) = -1
|c(x)| = 4.4039e-09
|g(x) + J(x)'*y| = 5.55112e-17
y offset = 0
Number of Iterations = 1
Elapsed Time = 0.000257969 s
Normal iterations = 2
Average number of normal iterations = 2
Maximum number of normal iterations during one iteration = 2
Iterations with 0  normal iterations = 0
Iterations with 1  normal iteration  = 0
Iterations with 2+ normal iterations = 2
Restorations = 6
Average number of restorations per normal iteration = 3
**********************************************************
Setup time: 0.003333
Execution time: -5.66244e-13
