sifdecoder -A pc64.lnx.gfo  CRESC4

 Problem name: CRESC4

 Double precision version will be formed

 The objective function uses 1 nonlinear group
 
 There are 8 nonlinear inequality constraints
 
 There are 2 free variables
 There are 3 variables bounded only from below 
 There is 1 variable bounded from below and above 
 
 
 File successfully decoded
/home/abel/documentos/dcicpp-newrun/output-fast-2016-11-14--09:13
No tools
make: *** No rule to make target 'dcicpp'.  Stop.
**********************************************************
Problem name: CRESC4  

Number of Variables: 6
Number of Constraints: 8
             Equality: 0
           has_inequality: 8

EXIT: The maximum number of restorarions was reached
f(x) = 0.0030586
|c(x)| = 1204.68
|g(x) + J(x)'*y| = 0.0262423
y offset = 0.00479502
Number of Iterations = 2
Elapsed Time = 0.141753 s
Normal iterations = 1
Average number of normal iterations = 0.5
Maximum number of normal iterations during one iteration = 1
Iterations with 0  normal iterations = 1
Iterations with 1  normal iteration  = 1
Iterations with 2+ normal iterations = -1
Restorations = 10001
Average number of restorations per normal iteration = 10001
**********************************************************
Setup time: 0
Execution time: 0.399999
