sifdecoder -A pc64.lnx.gfo  DALLASS

 Problem name: DALLASS

 Double precision version will be formed

 The objective function uses 1 nonlinear group
 
 There are 31 linear equality constraints
 
 There are 46 variables bounded from below and above 
 
 
 File successfully decoded
/home/abel/documentos/dcicpp-newrun/output-fast-2016-11-14--09:13
No tools
make: *** No rule to make target 'dcicpp'.  Stop.
diagonal below threshold
Status = 2
File   = ../Core/cholmod_common.c
Line   = 707
**********************************************************
Problem name: DALLASS 

Number of Variables: 44
Number of Constraints: 29
             Equality: 29
           has_inequality: 0

EXIT: The Algorithm has Converged
Cholesky failed
f(x) = -11576.3
|c(x)| = 9.81867e-07
|g(x) + J(x)'*y| = 5.19508e-07
y offset = 0
Number of Iterations = 53
Elapsed Time = 0.0208011 s
Normal iterations = 9
Average number of normal iterations = 0.169811
Maximum number of normal iterations during one iteration = 1
Iterations with 0  normal iterations = 44
Iterations with 1  normal iteration  = 9
Iterations with 2+ normal iterations = -44
Restorations = 392
Average number of restorations per normal iteration = 43
**********************************************************
Setup time: 0.003333
Execution time: 0.083333
