sifdecoder -A pc64.lnx.gfo  DIXMAANB

 Problem name: DIXMAANB

 Double precision version will be formed

 The objective function uses 4 nonlinear groups
 
 There are 3000 free variables
 
 
 File successfully decoded
/home/abel/documentos/dcicpp-newrun/output-fast-2016-11-14--09:13
No tools
make: *** No rule to make target 'dcicpp'.  Stop.
**********************************************************
Problem name: DIXMAANB

Number of Variables: 3000
Number of Constraints: 0
             Equality: 0
           has_inequality: 0

EXIT: The Algorithm has Converged
f(x) = 1
|c(x)| = 0
|g(x) + J(x)'*y| = 6.29257e-09
y offset = 0
Number of Iterations = 7
Elapsed Time = 0.032304 s
/home/abel/projetos/linux-cutest/cutest/bin/rundcicpp: line 240: 19653 Floating point exception(core dumped) ${EXEC}/run_${PACKAGE}
