sifdecoder -A pc64.lnx.gfo  DNIEPER

 Problem name: DNIEPER

 Double precision version will be formed

 The objective function uses 1 nonlinear group
 
 There are 24 nonlinear equality constraints
 
 There is 1 free variable 
 There are 56 variables bounded from below and above 
 There are 4 fixed variables
 
 
 File successfully decoded
/home/abel/documentos/dcicpp-newrun/output-fast-2016-11-14--09:13
No tools
make: *** No rule to make target 'dcicpp'.  Stop.
**********************************************************
Problem name: DNIEPER 

Number of Variables: 57
Number of Constraints: 24
             Equality: 24
           has_inequality: 0

EXIT: The Algorithm has Converged
f(x) = 18832.9
|c(x)| = 1.41058e-07
|g(x) + J(x)'*y| = 7.27934e-07
y offset = 0
Number of Iterations = 16
Elapsed Time = 0.0215662 s
Normal iterations = 4
Average number of normal iterations = 0.25
Maximum number of normal iterations during one iteration = 1
Iterations with 0  normal iterations = 12
Iterations with 1  normal iteration  = 4
Iterations with 2+ normal iterations = -12
Restorations = 538
Average number of restorations per normal iteration = 134
**********************************************************
Setup time: 0.003333
Execution time: 0.063332
