sifdecoder -A pc64.lnx.gfo  EDENSCH

 Problem name: EDENSCH

 Double precision version will be formed

 The objective function uses 1999 linear groups
 The objective function uses 3999 nonlinear groups
 
 There are 2000 free variables
 
 
 File successfully decoded
/home/abel/documentos/dcicpp-newrun/output-fast-2016-11-14--09:13
No tools
make: *** No rule to make target 'dcicpp'.  Stop.
**********************************************************
Problem name: EDENSCH 

Number of Variables: 2000
Number of Constraints: 0
             Equality: 0
           has_inequality: 0

EXIT: The Algorithm has Converged
f(x) = 12003.3
|c(x)| = 0
|g(x) + J(x)'*y| = 4.43123e-08
y offset = 0
Number of Iterations = 11
Elapsed Time = 0.0242836 s
/home/abel/projetos/linux-cutest/cutest/bin/rundcicpp: line 240: 21415 Floating point exception(core dumped) ${EXEC}/run_${PACKAGE}
