sifdecoder -A pc64.lnx.gfo  ENGVAL2

 Problem name: ENGVAL2

 Double precision version will be formed

 The objective function uses 2 linear groups
 The objective function uses 3 nonlinear groups
 
 There are 3 free variables
 
 
 File successfully decoded
/home/abel/documentos/dcicpp-newrun/output-fast-2016-11-14--09:13
No tools
make: *** No rule to make target 'dcicpp'.  Stop.
**********************************************************
Problem name: ENGVAL2 

Number of Variables: 3
Number of Constraints: 0
             Equality: 0
           has_inequality: 0

EXIT: The Algorithm has Converged
f(x) = 2.44766e-10
|c(x)| = 0
|g(x) + J(x)'*y| = 2.78161e-08
y offset = 0
Number of Iterations = 17
Elapsed Time = 0.000282526 s
/home/abel/projetos/linux-cutest/cutest/bin/rundcicpp: line 240: 22099 Floating point exception(core dumped) ${EXEC}/run_${PACKAGE}
