sifdecoder -A pc64.lnx.gfo  EQC

 Problem name: EQC

 Double precision version will be formed

 The objective function uses 17 nonlinear groups
 
 There are 3 linear inequality constraints
 
 There are 7 variables bounded from below and above 
 There are 2 fixed variables
 
 
 File successfully decoded
/home/abel/documentos/dcicpp-newrun/output-fast-2016-11-14--09:13
No tools
make: *** No rule to make target 'dcicpp'.  Stop.
**********************************************************
Problem name: EQC     

Number of Variables: 7
Number of Constraints: 2
             Equality: 0
           has_inequality: 2

EXIT: The Algorithm has Converged
f(x) = -829.546
|c(x)| = 8.32667e-17
|g(x) + J(x)'*y| = 1.56602e-07
y offset = 0
Number of Iterations = 6
Elapsed Time = 0.000354052 s
/home/abel/projetos/linux-cutest/cutest/bin/rundcicpp: line 240: 22150 Floating point exception(core dumped) ${EXEC}/run_${PACKAGE}
