sifdecoder -A pc64.lnx.gfo  ERRINRSM

 Problem name: ERRINRSM

 Double precision version will be formed

 The objective function uses 49 linear groups
 The objective function uses 49 nonlinear groups
 
 There are 50 free variables
 
 
 File successfully decoded
/home/abel/documentos/dcicpp-newrun/output-fast-2016-11-14--09:13
No tools
make: *** No rule to make target 'dcicpp'.  Stop.
**********************************************************
Problem name: ERRINRSM

Number of Variables: 50
Number of Constraints: 0
             Equality: 0
           has_inequality: 0

EXIT: The Algorithm has Converged
f(x) = 37.9989
|c(x)| = 0
|g(x) + J(x)'*y| = 9.77464e-07
y offset = 0
Number of Iterations = 87
Elapsed Time = 0.0148225 s
/home/abel/projetos/linux-cutest/cutest/bin/rundcicpp: line 240: 22294 Floating point exception(core dumped) ${EXEC}/run_${PACKAGE}
