sifdecoder -A pc64.lnx.gfo  EXPFIT

 Problem name: EXPFIT

 Double precision version will be formed

 The objective function uses 10 nonlinear groups
 
 There are 2 free variables
 
 
 File successfully decoded
/home/abel/documentos/dcicpp-newrun/output-fast-2016-11-14--09:13
No tools
make: *** No rule to make target 'dcicpp'.  Stop.
**********************************************************
Problem name: EXPFIT  

Number of Variables: 2
Number of Constraints: 0
             Equality: 0
           has_inequality: 0

EXIT: The Algorithm has Converged
f(x) = 0.240511
|c(x)| = 0
|g(x) + J(x)'*y| = 1.08751e-12
y offset = 0
Number of Iterations = 12
Elapsed Time = 0.00036478 s
/home/abel/projetos/linux-cutest/cutest/bin/rundcicpp: line 240: 22342 Floating point exception(core dumped) ${EXEC}/run_${PACKAGE}
