sifdecoder -A pc64.lnx.gfo  FEEDLOC

 Problem name: FEEDLOC

 Double precision version will be formed

 The objective function uses 1 linear group
 
 There are 4 linear equality constraints
 There are 166 linear inequality constraints
 There are 15 nonlinear equality constraints
 There are 74 nonlinear inequality constraints
 
 There are 87 variables bounded from below and above 
 There are 3 fixed variables
 
 
 File successfully decoded
/home/abel/documentos/dcicpp-newrun/output-fast-2016-11-14--09:13
No tools
make: *** No rule to make target 'dcicpp'.  Stop.
diagonal below threshold
Status = 2
File   = ../Core/cholmod_common.c
Line   = 719
diagonal below threshold
Status = 2
File   = ../Core/cholmod_common.c
Line   = 719
**********************************************************
Problem name: FEEDLOC 

Number of Variables: 12
Number of Constraints: 97
             Equality: 15
           has_inequality: 82

EXIT: The problem is unlimited
Cholesky failed
f(x) = 0.5
|c(x)| = 5.38516e+20
|g(x) + J(x)'*y| = 2.25521e+26
y offset = 4.005e+06
Number of Iterations = 1
Elapsed Time = 0.00087285 s
/home/abel/projetos/linux-cutest/cutest/bin/rundcicpp: line 240: 22821 Floating point exception(core dumped) ${EXEC}/run_${PACKAGE}
