sifdecoder -A pc64.lnx.gfo  GIGOMEZ2

 Problem name: GIGOMEZ2

 Double precision version will be formed

 The objective function uses 1 linear group
 
 There are 3 nonlinear inequality constraints
 
 There are 3 free variables
 
 
 File successfully decoded
/home/abel/documentos/dcicpp-newrun/output-fast-2016-11-14--09:13
No tools
make: *** No rule to make target 'dcicpp'.  Stop.
**********************************************************
Problem name: GIGOMEZ2

Number of Variables: 3
Number of Constraints: 3
             Equality: 0
           has_inequality: 3

EXIT: The Algorithm has Converged
f(x) = 1.95222
|c(x)| = 9.67321e-07
|g(x) + J(x)'*y| = 3.85529e-10
y offset = 9.73752e-10
Number of Iterations = 34
Elapsed Time = 0.00313997 s
Normal iterations = 15
Average number of normal iterations = 0.441176
Maximum number of normal iterations during one iteration = 4
Iterations with 0  normal iterations = 23
Iterations with 1  normal iteration  = 9
Iterations with 2+ normal iterations = -17
Restorations = 314
Average number of restorations per normal iteration = 20
**********************************************************
Setup time: 0.003333
Execution time: 0.009999
