sifdecoder -A pc64.lnx.gfo  HADAMALS

 Problem name: HADAMALS

 Double precision version will be formed

 The objective function uses 590 nonlinear groups
 
 There are 380 variables bounded from below and above 
 There are 20 fixed variables
 
 
 File successfully decoded
/home/abel/documentos/dcicpp-newrun/output-fast-2016-11-14--09:13
No tools
make: *** No rule to make target 'dcicpp'.  Stop.
**********************************************************
Problem name: HADAMALS

Number of Variables: 380
Number of Constraints: 0
             Equality: 0
           has_inequality: 0

EXIT: The Algorithm has Converged
f(x) = 7311.84
|c(x)| = 0
|g(x) + J(x)'*y| = 7.60033e-07
y offset = 0
Number of Iterations = 9
Elapsed Time = 0.00651884 s
/home/abel/projetos/linux-cutest/cutest/bin/rundcicpp: line 240: 24066 Floating point exception(core dumped) ${EXEC}/run_${PACKAGE}
