sifdecoder -A pc64.lnx.gfo  HEART6LS

 Problem name: HEART6LS

 Double precision version will be formed

 The objective function uses 6 nonlinear groups
 
 There are 6 free variables
 
 
 File successfully decoded
/home/abel/documentos/dcicpp-newrun/output-fast-2016-11-14--09:13
No tools
make: *** No rule to make target 'dcicpp'.  Stop.
**********************************************************
Problem name: HEART6LS

Number of Variables: 6
Number of Constraints: 0
             Equality: 0
           has_inequality: 0

EXIT: The Algorithm has Converged
f(x) = 6.05915e-05
|c(x)| = 0
|g(x) + J(x)'*y| = 4.10031e-07
y offset = 0
Number of Iterations = 1431
Elapsed Time = 0.0177431 s
/home/abel/projetos/linux-cutest/cutest/bin/rundcicpp: line 240: 24879 Floating point exception(core dumped) ${EXEC}/run_${PACKAGE}
