sifdecoder -A pc64.lnx.gfo  HIMMELP2

 Problem name: HIMMELP2

 Double precision version will be formed

 The objective function uses 1 nonlinear group
 
 There is 1 nonlinear inequality constraint
 
 There are 2 variables bounded from below and above 
 
 
 File successfully decoded
/home/abel/documentos/dcicpp-newrun/output-fast-2016-11-14--09:13
No tools
make: *** No rule to make target 'dcicpp'.  Stop.
**********************************************************
Problem name: HIMMELP2

Number of Variables: 2
Number of Constraints: 1
             Equality: 0
           has_inequality: 1

EXIT: The Algorithm has Converged
f(x) = -8.19804
|c(x)| = 9.75698e-07
|g(x) + J(x)'*y| = 7.44623e-10
y offset = 0
Number of Iterations = 1887
Elapsed Time = 0.041364 s
Normal iterations = 627
Average number of normal iterations = 0.332273
Maximum number of normal iterations during one iteration = 1
Iterations with 0  normal iterations = 1260
Iterations with 1  normal iteration  = 627
Iterations with 2+ normal iterations = -1260
Restorations = 902
Average number of restorations per normal iteration = 1
**********************************************************
Setup time: 0.003333
Execution time: 0.163332
