sifdecoder -A pc64.lnx.gfo  HIMMELP6

 Problem name: HIMMELP6

 Double precision version will be formed

 The objective function uses 1 nonlinear group
 
 There are 2 linear inequality constraints
 There are 3 nonlinear inequality constraints
 
 There are 2 variables bounded from below and above 
 
 
 File successfully decoded
/home/abel/documentos/dcicpp-newrun/output-fast-2016-11-14--09:13
No tools
make: *** No rule to make target 'dcicpp'.  Stop.
**********************************************************
Problem name: HIMMELP6

Number of Variables: 2
Number of Constraints: 5
             Equality: 0
           has_inequality: 5

EXIT: The Algorithm has Converged
f(x) = -59.0132
|c(x)| = 1.10306e-08
|g(x) + J(x)'*y| = 1.70892e-11
y offset = 0
Number of Iterations = 182
Elapsed Time = 0.00573826 s
Normal iterations = 72
Average number of normal iterations = 0.395604
Maximum number of normal iterations during one iteration = 2
Iterations with 0  normal iterations = 111
Iterations with 1  normal iteration  = 70
Iterations with 2+ normal iterations = -109
Restorations = 100
Average number of restorations per normal iteration = 1
**********************************************************
Setup time: 0.003333
Execution time: 0.023332
