sifdecoder -A pc64.lnx.gfo  HIMMELBG

 Problem name: HIMMELBG

 Double precision version will be formed

 The objective function uses 1 nonlinear group
 
 There are 2 free variables
 
 
 File successfully decoded
/home/abel/documentos/dcicpp-newrun/output-fast-2016-11-14--09:13
No tools
make: *** No rule to make target 'dcicpp'.  Stop.
**********************************************************
Problem name: HIMMELBG

Number of Variables: 2
Number of Constraints: 0
             Equality: 0
           has_inequality: 0

EXIT: The Algorithm has Converged
f(x) = 1.42121e-19
|c(x)| = 0
|g(x) + J(x)'*y| = 1.15068e-09
y offset = 0
Number of Iterations = 8
Elapsed Time = 0.000224352 s
/home/abel/projetos/linux-cutest/cutest/bin/rundcicpp: line 240: 25410 Floating point exception(core dumped) ${EXEC}/run_${PACKAGE}
