sifdecoder -A pc64.lnx.gfo  HS109

 Problem name: HS109

 Double precision version will be formed

 The objective function uses 1 nonlinear group
 
 There are 2 linear inequality constraints
 There are 6 nonlinear equality constraints
 There are 2 nonlinear inequality constraints
 
 There are 2 variables bounded only from below 
 There are 7 variables bounded from below and above 
 
 
 File successfully decoded
/home/abel/documentos/dcicpp-newrun/output-fast-2016-11-14--09:13
No tools
make: *** No rule to make target 'dcicpp'.  Stop.
diagonal below threshold
Status = 2
File   = ../Core/cholmod_common.c
Line   = 707
diagonal below threshold
Status = 2
File   = ../Core/cholmod_common.c
Line   = 707
**********************************************************
Problem name: HS109   

Number of Variables: 9
Number of Constraints: 10
             Equality: 6
           has_inequality: 4

EXIT: The maximum number of iterations was reached
Cholesky failed
f(x) = 5657.4
|c(x)| = 3.46121e-08
|g(x) + J(x)'*y| = 9.03282e-05
y offset = 3.16577e-06
Number of Iterations = 10001
Elapsed Time = 0.250804 s
Normal iterations = 2
Average number of normal iterations = 0.00019998
Maximum number of normal iterations during one iteration = 1
Iterations with 0  normal iterations = 9999
Iterations with 1  normal iteration  = 2
Iterations with 2+ normal iterations = -9999
Restorations = 400
Average number of restorations per normal iteration = 200
**********************************************************
Setup time: 0
Execution time: 0.509999
