sifdecoder -A pc64.lnx.gfo  HS106

 Problem name: HS106

 Double precision version will be formed

 The objective function uses 1 linear group
 
 There are 3 linear inequality constraints
 There are 3 nonlinear inequality constraints
 
 There are 8 variables bounded from below and above 
 
 
 File successfully decoded
/home/abel/documentos/dcicpp-newrun/output-fast-2016-11-14--09:13
No tools
make: *** No rule to make target 'dcicpp'.  Stop.
**********************************************************
Problem name: HS106   

Number of Variables: 8
Number of Constraints: 6
             Equality: 0
           has_inequality: 6

EXIT: The Algorithm has Converged
f(x) = 10545.4
|c(x)| = 9.80744e-07
|g(x) + J(x)'*y| = 9.47782e-07
y offset = 0
Number of Iterations = 147
Elapsed Time = 0.0479708 s
Normal iterations = 108
Average number of normal iterations = 0.734694
Maximum number of normal iterations during one iteration = 1
Iterations with 0  normal iterations = 39
Iterations with 1  normal iteration  = 108
Iterations with 2+ normal iterations = -39
Restorations = 4107
Average number of restorations per normal iteration = 38
**********************************************************
Setup time: 0
Execution time: 0.193332
