sifdecoder -A pc64.lnx.gfo  HS117

 Problem name: HS117

 Double precision version will be formed

 The objective function uses 1 nonlinear group
 
 There are 5 nonlinear inequality constraints
 
 There are 15 variables bounded only from below 
 
 
 File successfully decoded
/home/abel/documentos/dcicpp-newrun/output-fast-2016-11-14--09:13
No tools
make: *** No rule to make target 'dcicpp'.  Stop.
**********************************************************
Problem name: HS117   

Number of Variables: 15
Number of Constraints: 5
             Equality: 0
           has_inequality: 5

EXIT: The Algorithm has Converged
f(x) = 34.2502
|c(x)| = 0
|g(x) + J(x)'*y| = 5.20554e-07
y offset = 0
Number of Iterations = 158
Elapsed Time = 0.0254216 s
Normal iterations = 59
Average number of normal iterations = 0.373418
Maximum number of normal iterations during one iteration = 1
Iterations with 0  normal iterations = 99
Iterations with 1  normal iteration  = 59
Iterations with 2+ normal iterations = -99
Restorations = 1013
Average number of restorations per normal iteration = 17
**********************************************************
Setup time: 0.003333
Execution time: 0.099999
