sifdecoder -A pc64.lnx.gfo  HS114

 Problem name: HS114

 Double precision version will be formed

 The objective function uses 1 nonlinear group
 
 There is 1 linear equality constraint
 There are 4 linear inequality constraints
 There are 2 nonlinear equality constraints
 There are 4 nonlinear inequality constraints
 
 There are 10 variables bounded from below and above 
 
 
 File successfully decoded
/home/abel/documentos/dcicpp-newrun/output-fast-2016-11-14--09:13
No tools
make: *** No rule to make target 'dcicpp'.  Stop.
**********************************************************
Problem name: HS114   

Number of Variables: 10
Number of Constraints: 11
             Equality: 3
           has_inequality: 8

EXIT: rhomax became too short
f(x) = -1767.65
|c(x)| = 8.18022e-12
|g(x) + J(x)'*y| = 1.182e-05
y offset = 1.55922e-09
Number of Iterations = 1204
Elapsed Time = 0.0673316 s
Normal iterations = 291
Average number of normal iterations = 0.241694
Maximum number of normal iterations during one iteration = 2
Iterations with 0  normal iterations = 914
Iterations with 1  normal iteration  = 289
Iterations with 2+ normal iterations = -912
Restorations = 291
Average number of restorations per normal iteration = 1
**********************************************************
Setup time: 0.003333
Execution time: 0.266666
