sifdecoder -A pc64.lnx.gfo  HS12

 Problem name: HS12

 Double precision version will be formed

 The objective function uses 1 nonlinear group
 
 There is 1 nonlinear inequality constraint
 
 There are 2 free variables
 
 
 File successfully decoded
/home/abel/documentos/dcicpp-newrun/output-fast-2016-11-14--09:13
No tools
make: *** No rule to make target 'dcicpp'.  Stop.
**********************************************************
Problem name: HS12    

Number of Variables: 2
Number of Constraints: 1
             Equality: 0
           has_inequality: 1

EXIT: The Algorithm has Converged
f(x) = -30
|c(x)| = 9.73807e-07
|g(x) + J(x)'*y| = 3.8642e-08
y offset = 0
Number of Iterations = 8
Elapsed Time = 0.00117874 s
Normal iterations = 7
Average number of normal iterations = 0.875
Maximum number of normal iterations during one iteration = 1
Iterations with 0  normal iterations = 1
Iterations with 1  normal iteration  = 7
Iterations with 2+ normal iterations = -1
Restorations = 148
Average number of restorations per normal iteration = 21
**********************************************************
Setup time: 0.003333
Execution time: 0.003333
