sifdecoder -A pc64.lnx.gfo  HS21

 Problem name: HS21

 Double precision version will be formed

 The objective function uses 1 nonlinear group
 
 There is 1 linear inequality constraint
 
 There are 2 variables bounded from below and above 
 
 
 File successfully decoded
/home/abel/documentos/dcicpp-newrun/output-fast-2016-11-14--09:13
No tools
make: *** No rule to make target 'dcicpp'.  Stop.
**********************************************************
Problem name: HS21    

Number of Variables: 2
Number of Constraints: 1
             Equality: 0
           has_inequality: 1

EXIT: The Algorithm has Converged
f(x) = -99.96
|c(x)| = 1.77636e-15
|g(x) + J(x)'*y| = 4.04568e-12
y offset = 0
Number of Iterations = 5
Elapsed Time = 0.000268221 s
/home/abel/projetos/linux-cutest/cutest/bin/rundcicpp: line 240: 27592 Floating point exception(core dumped) ${EXEC}/run_${PACKAGE}
