sifdecoder -A pc64.lnx.gfo  HS3

 Problem name: HS3

 Double precision version will be formed

 The objective function uses 1 linear group
 The objective function uses 1 nonlinear group
 
 There is 1 free variable 
 There is 1 variable bounded only from below 
 
 
 File successfully decoded
/home/abel/documentos/dcicpp-newrun/output-fast-2016-11-14--09:13
No tools
make: *** No rule to make target 'dcicpp'.  Stop.
**********************************************************
Problem name: HS3     

Number of Variables: 2
Number of Constraints: 0
             Equality: 0
           has_inequality: 0

EXIT: The Algorithm has Converged
f(x) = 1.66209e-12
|c(x)| = 0
|g(x) + J(x)'*y| = 5.14205e-09
y offset = 0
Number of Iterations = 3
Elapsed Time = 0.000188112 s
/home/abel/projetos/linux-cutest/cutest/bin/rundcicpp: line 240: 28128 Floating point exception(core dumped) ${EXEC}/run_${PACKAGE}
