sifdecoder -A pc64.lnx.gfo  HS33

 Problem name: HS33

 Double precision version will be formed

 The objective function uses 1 nonlinear group
 
 There are 2 nonlinear inequality constraints
 
 There are 2 variables bounded only from below 
 There is 1 variable bounded from below and above 
 
 
 File successfully decoded
/home/abel/documentos/dcicpp-newrun/output-fast-2016-11-14--09:13
No tools
make: *** No rule to make target 'dcicpp'.  Stop.
**********************************************************
Problem name: HS33    

Number of Variables: 3
Number of Constraints: 2
             Equality: 0
           has_inequality: 2

EXIT: The Algorithm has Converged
f(x) = -4.58579
|c(x)| = 2.27136e-10
|g(x) + J(x)'*y| = 5.94619e-08
y offset = 0
Number of Iterations = 46
Elapsed Time = 0.000968933 s
Normal iterations = 7
Average number of normal iterations = 0.152174
Maximum number of normal iterations during one iteration = 1
Iterations with 0  normal iterations = 39
Iterations with 1  normal iteration  = 7
Iterations with 2+ normal iterations = -39
Restorations = 7
Average number of restorations per normal iteration = 1
**********************************************************
Setup time: 0.003333
Execution time: 0.003333
