sifdecoder -A pc64.lnx.gfo  HS35

 Problem name: HS35

 Double precision version will be formed

 The objective function uses 1 nonlinear group
 
 There is 1 linear inequality constraint
 
 There are 3 variables bounded only from below 
 
 
 File successfully decoded
/home/abel/documentos/dcicpp-newrun/output-fast-2016-11-14--09:13
No tools
make: *** No rule to make target 'dcicpp'.  Stop.
**********************************************************
Problem name: HS35    

Number of Variables: 3
Number of Constraints: 1
             Equality: 0
           has_inequality: 1

EXIT: The Algorithm has Converged
f(x) = 0.111111
|c(x)| = 8.06161e-16
|g(x) + J(x)'*y| = 3.25398e-08
y offset = 0
Number of Iterations = 4
Elapsed Time = 0.000265598 s
/home/abel/projetos/linux-cutest/cutest/bin/rundcicpp: line 240: 28400 Floating point exception(core dumped) ${EXEC}/run_${PACKAGE}
