sifdecoder -A pc64.lnx.gfo  HS40

 Problem name: HS40

 Double precision version will be formed

 The objective function uses 1 nonlinear group
 
 There are 3 nonlinear equality constraints
 
 There are 4 free variables
 
 
 File successfully decoded
/home/abel/documentos/dcicpp-newrun/output-fast-2016-11-14--09:13
No tools
make: *** No rule to make target 'dcicpp'.  Stop.
**********************************************************
Problem name: HS40    

Number of Variables: 4
Number of Constraints: 3
             Equality: 3
           has_inequality: 0

EXIT: The Algorithm has Converged
f(x) = -0.25
|c(x)| = 1.09052e-08
|g(x) + J(x)'*y| = 7.38003e-11
y offset = 0
Number of Iterations = 29
Elapsed Time = 0.000599146 s
Normal iterations = 3
Average number of normal iterations = 0.103448
Maximum number of normal iterations during one iteration = 1
Iterations with 0  normal iterations = 26
Iterations with 1  normal iteration  = 3
Iterations with 2+ normal iterations = -26
Restorations = 3
Average number of restorations per normal iteration = 1
**********************************************************
Setup time: 0
Execution time: 0.003333
