sifdecoder -A pc64.lnx.gfo  HS44NEW

 Problem name: HS44NEW

 Double precision version will be formed

 The objective function uses 1 nonlinear group
 
 There are 6 linear inequality constraints
 
 There are 4 variables bounded only from below 
 
 
 File successfully decoded
/home/abel/documentos/dcicpp-newrun/output-fast-2016-11-14--09:13
No tools
make: *** No rule to make target 'dcicpp'.  Stop.
**********************************************************
Problem name: HS44NEW 

Number of Variables: 4
Number of Constraints: 6
             Equality: 0
           has_inequality: 6

EXIT: The Algorithm has Converged
f(x) = -15
|c(x)| = 7.11679e-12
|g(x) + J(x)'*y| = 6.24054e-07
y offset = 0
Number of Iterations = 7
Elapsed Time = 0.00040102 s
/home/abel/projetos/linux-cutest/cutest/bin/rundcicpp: line 240: 29069 Floating point exception(core dumped) ${EXEC}/run_${PACKAGE}
