sifdecoder -A pc64.lnx.gfo  HS72

 Problem name: HS72

 Double precision version will be formed

 The objective function uses 1 linear group
 
 There are 2 nonlinear inequality constraints
 
 There are 4 variables bounded from below and above 
 
 
 File successfully decoded
/home/abel/documentos/dcicpp-newrun/output-fast-2016-11-14--09:13
No tools
make: *** No rule to make target 'dcicpp'.  Stop.
**********************************************************
Problem name: HS72    

Number of Variables: 4
Number of Constraints: 2
             Equality: 0
           has_inequality: 2

EXIT: The Algorithm has Converged
f(x) = 727.678
|c(x)| = 9.21681e-08
|g(x) + J(x)'*y| = 7.30526e-09
y offset = 0
Number of Iterations = 9
Elapsed Time = 0.00241804 s
Normal iterations = 8
Average number of normal iterations = 0.888889
Maximum number of normal iterations during one iteration = 2
Iterations with 0  normal iterations = 2
Iterations with 1  normal iteration  = 6
Iterations with 2+ normal iterations = 0
Restorations = 281
Average number of restorations per normal iteration = 35
**********************************************************
Setup time: 0.003333
Execution time: 0.009999
