sifdecoder -A pc64.lnx.gfo  HS75

 Problem name: HS75

 Double precision version will be formed

 The objective function uses 1 nonlinear group
 
 There are 2 linear inequality constraints
 There are 3 nonlinear equality constraints
 
 There are 4 variables bounded from below and above 
 
 
 File successfully decoded
/home/abel/documentos/dcicpp-newrun/output-fast-2016-11-14--09:13
No tools
make: *** No rule to make target 'dcicpp'.  Stop.
**********************************************************
Problem name: HS75    

Number of Variables: 4
Number of Constraints: 5
             Equality: 3
           has_inequality: 2

EXIT: The Algorithm has Converged
f(x) = 5174.41
|c(x)| = 1.6343e-11
|g(x) + J(x)'*y| = 5.64136e-07
y offset = 0
Number of Iterations = 13
Elapsed Time = 0.00133467 s
Normal iterations = 8
Average number of normal iterations = 0.615385
Maximum number of normal iterations during one iteration = 1
Iterations with 0  normal iterations = 5
Iterations with 1  normal iteration  = 8
Iterations with 2+ normal iterations = -5
Restorations = 63
Average number of restorations per normal iteration = 7
**********************************************************
Setup time: 0.003333
Execution time: 0.003333
