sifdecoder -A pc64.lnx.gfo  HS99EXP

 Problem name: HS99EXP

 Double precision version will be formed

 The objective function uses 1 nonlinear group
 
 There are 21 nonlinear equality constraints
 
 There are 21 free variables
 There are 7 variables bounded from below and above 
 There are 3 fixed variables
 
 
 File successfully decoded
/home/abel/documentos/dcicpp-newrun/output-fast-2016-11-14--09:13
No tools
make: *** No rule to make target 'dcicpp'.  Stop.
**********************************************************
Problem name: HS99EXP 

Number of Variables: 28
Number of Constraints: 21
             Equality: 21
           has_inequality: 0

EXIT: The maximum number of iterations was reached
f(x) = -1.19441e+12
|c(x)| = 22.5226
|g(x) + J(x)'*y| = 8.39895e-05
y offset = 0
Number of Iterations = 10001
Elapsed Time = 0.515702 s
Normal iterations = 2479
Average number of normal iterations = 0.247875
Maximum number of normal iterations during one iteration = 1
Iterations with 0  normal iterations = 7522
Iterations with 1  normal iteration  = 2479
Iterations with 2+ normal iterations = -7522
Restorations = 2497
Average number of restorations per normal iteration = 1
**********************************************************
Setup time: 0.003333
Execution time: 0.773333
