sifdecoder -A pc64.lnx.gfo  LAUNCH

 Problem name: LAUNCH

 Double precision version will be formed

 The objective function uses 1 linear group
 The objective function uses 4 nonlinear groups
 
 There are 6 linear equality constraints
 There are 12 linear inequality constraints
 There are 3 nonlinear equality constraints
 There are 7 nonlinear inequality constraints
 
 There are 25 variables bounded from below and above 
 
 
 File successfully decoded
/home/abel/documentos/dcicpp-newrun/output-fast-2016-11-14--09:13
No tools
make: *** No rule to make target 'dcicpp'.  Stop.
**********************************************************
Problem name: LAUNCH  

Number of Variables: 25
Number of Constraints: 28
             Equality: 9
           has_inequality: 19

EXIT: The maximum number of iterations was reached
f(x) = 9.51034
|c(x)| = 1.79002e-06
|g(x) + J(x)'*y| = 1.46819e-05
y offset = 1.26769e-09
Number of Iterations = 10001
Elapsed Time = 2.20961 s
Normal iterations = 1443
Average number of normal iterations = 0.144286
Maximum number of normal iterations during one iteration = 1
Iterations with 0  normal iterations = 8558
Iterations with 1  normal iteration  = 1443
Iterations with 2+ normal iterations = -8558
Restorations = 1443
Average number of restorations per normal iteration = 1
**********************************************************
Setup time: 0.003333
Execution time: 2.46667
