sifdecoder -A pc64.lnx.gfo  LISWET11

 Problem name: LISWET11

 Double precision version will be formed

 The objective function uses 1 nonlinear group
 
 There are 2000 linear inequality constraints
 
 There are 2002 free variables
 
 
 File successfully decoded
/home/abel/documentos/dcicpp-newrun/output-fast-2016-11-14--09:13
No tools
make: *** No rule to make target 'dcicpp'.  Stop.
**********************************************************
Problem name: LISWET11

Number of Variables: 2002
Number of Constraints: 2000
             Equality: 0
           has_inequality: 2000

EXIT: The Algorithm has Converged
f(x) = 9.9068
|c(x)| = 4.47453e-08
|g(x) + J(x)'*y| = 2.29941e-07
y offset = 0.0213942
Number of Iterations = 15
Elapsed Time = 0.109424 s
Normal iterations = 2
Average number of normal iterations = 0.133333
Maximum number of normal iterations during one iteration = 1
Iterations with 0  normal iterations = 13
Iterations with 1  normal iteration  = 2
Iterations with 2+ normal iterations = -13
Restorations = 13
Average number of restorations per normal iteration = 6
**********************************************************
Setup time: 0.043333
Execution time: 0.333333
