sifdecoder -A pc64.lnx.gfo  LSQFIT

 Problem name: LSQFIT

 Double precision version will be formed

 The objective function uses 5 nonlinear groups
 
 There is 1 linear inequality constraint
 
 There is 1 free variable 
 There is 1 variable bounded only from below 
 
 
 File successfully decoded
/home/abel/documentos/dcicpp-newrun/output-fast-2016-11-14--09:13
No tools
make: *** No rule to make target 'dcicpp'.  Stop.
**********************************************************
Problem name: LSQFIT  

Number of Variables: 2
Number of Constraints: 1
             Equality: 0
           has_inequality: 1

EXIT: The Algorithm has Converged
f(x) = 0.0337871
|c(x)| = 2.57576e-12
|g(x) + J(x)'*y| = 4.46922e-08
y offset = 0
Number of Iterations = 4
Elapsed Time = 0.000253677 s
/home/abel/projetos/linux-cutest/cutest/bin/rundcicpp: line 240:  1262 Floating point exception(core dumped) ${EXEC}/run_${PACKAGE}
