sifdecoder -A pc64.lnx.gfo  MAKELA2

 Problem name: MAKELA2

 Double precision version will be formed

 The objective function uses 1 linear group
 
 There are 3 nonlinear inequality constraints
 
 There are 3 free variables
 
 
 File successfully decoded
/home/abel/documentos/dcicpp-newrun/output-fast-2016-11-14--09:13
No tools
make: *** No rule to make target 'dcicpp'.  Stop.
**********************************************************
Problem name: MAKELA2 

Number of Variables: 3
Number of Constraints: 3
             Equality: 0
           has_inequality: 3

EXIT: The Algorithm has Converged
f(x) = 7.2
|c(x)| = 1.15941e-10
|g(x) + J(x)'*y| = 2.39825e-07
y offset = 1.57145e-09
Number of Iterations = 36
Elapsed Time = 0.00138617 s
Normal iterations = 5
Average number of normal iterations = 0.138889
Maximum number of normal iterations during one iteration = 1
Iterations with 0  normal iterations = 31
Iterations with 1  normal iteration  = 5
Iterations with 2+ normal iterations = -31
Restorations = 71
Average number of restorations per normal iteration = 14
**********************************************************
Setup time: 0
Execution time: 0.006666
