sifdecoder -A pc64.lnx.gfo  METHANL8

 Problem name: METHANL8

 Double precision version will be formed

 
 There are 31 nonlinear equality constraints
 
 There are 31 free variables
 
 
 File successfully decoded
/home/abel/documentos/dcicpp-newrun/output-fast-2016-11-14--09:13
No tools
make: *** No rule to make target 'dcicpp'.  Stop.
**********************************************************
Problem name: METHANL8

Number of Variables: 31
Number of Constraints: 31
             Equality: 31
           has_inequality: 0

EXIT: The Algorithm has Converged
f(x) = 0
|c(x)| = 5.26527e-11
|g(x) + J(x)'*y| = 0
y offset = 0
Number of Iterations = 1
Elapsed Time = 0.000545263 s
Normal iterations = 2
Average number of normal iterations = 2
Maximum number of normal iterations during one iteration = 2
Iterations with 0  normal iterations = 0
Iterations with 1  normal iteration  = 0
Iterations with 2+ normal iterations = 2
Restorations = 4
Average number of restorations per normal iteration = 2
**********************************************************
Setup time: 0
Execution time: 0.003333
