sifdecoder -A pc64.lnx.gfo  MIFFLIN1

 Problem name: MIFFLIN1

 Double precision version will be formed

 The objective function uses 1 linear group
 
 There is 1 linear inequality constraint
 There is 1 nonlinear inequality constraint
 
 There are 3 free variables
 
 
 File successfully decoded
/home/abel/documentos/dcicpp-newrun/output-fast-2016-11-14--09:13
No tools
make: *** No rule to make target 'dcicpp'.  Stop.
**********************************************************
Problem name: MIFFLIN1

Number of Variables: 3
Number of Constraints: 2
             Equality: 0
           has_inequality: 2

EXIT: The maximum number of iterations was reached
f(x) = -1.00002
|c(x)| = 0.000208703
|g(x) + J(x)'*y| = 2.84766e-05
y offset = 0
Number of Iterations = 10001
Elapsed Time = 0.128319 s
Normal iterations = 2
Average number of normal iterations = 0.00019998
Maximum number of normal iterations during one iteration = 1
Iterations with 0  normal iterations = 9999
Iterations with 1  normal iteration  = 2
Iterations with 2+ normal iterations = -9999
Restorations = 2
Average number of restorations per normal iteration = 1
**********************************************************
Setup time: 0.003333
Execution time: 0.386665
