sifdecoder -A pc64.lnx.gfo  MINSURF

 Problem name: MINSURF

 Double precision version will be formed

 The objective function uses 49 nonlinear groups
 
 There are 36 free variables
 There are 28 fixed variables
 
 
 File successfully decoded
/home/abel/documentos/dcicpp-newrun/output-fast-2016-11-14--09:13
No tools
make: *** No rule to make target 'dcicpp'.  Stop.
**********************************************************
Problem name: MINSURF 

Number of Variables: 36
Number of Constraints: 0
             Equality: 0
           has_inequality: 0

EXIT: The Algorithm has Converged
f(x) = 1
|c(x)| = 0
|g(x) + J(x)'*y| = 1.24666e-07
y offset = 0
Number of Iterations = 11
Elapsed Time = 0.00143623 s
/home/abel/projetos/linux-cutest/cutest/bin/rundcicpp: line 240:  2731 Floating point exception(core dumped) ${EXEC}/run_${PACKAGE}
