sifdecoder -A pc64.lnx.gfo  OPTCNTRL

 Problem name: OPTCNTRL

 Double precision version will be formed

 The objective function uses 1 nonlinear group
 
 There are 10 linear equality constraints
 There are 10 nonlinear equality constraints
 
 There are 9 free variables
 There are 10 variables bounded only from below 
 There are 10 variables bounded from below and above 
 There are 3 fixed variables
 
 
 File successfully decoded
/home/abel/documentos/dcicpp-newrun/output-fast-2016-11-14--09:13
No tools
make: *** No rule to make target 'dcicpp'.  Stop.
**********************************************************
Problem name: OPTCNTRL

Number of Variables: 28
Number of Constraints: 19
             Equality: 19
           has_inequality: 0

EXIT: The Algorithm has Converged
f(x) = 550
|c(x)| = 3.58872e-07
|g(x) + J(x)'*y| = 5.37543e-08
y offset = 0
Number of Iterations = 2
Elapsed Time = 0.00812268 s
Normal iterations = 2
Average number of normal iterations = 1
Maximum number of normal iterations during one iteration = 1
Iterations with 0  normal iterations = 0
Iterations with 1  normal iteration  = 2
Iterations with 2+ normal iterations = 0
Restorations = 360
Average number of restorations per normal iteration = 180
**********************************************************
Setup time: 0
Execution time: 0.033332
