sifdecoder -A pc64.lnx.gfo  OPTCDEG3

 Problem name: OPTCDEG3

 Double precision version will be formed

 The objective function uses 1 nonlinear group
 
 There are 1500 linear equality constraints
 There are 1500 nonlinear equality constraints
 
 There are 1500 free variables
 There are 1499 variables bounded only from below 
 There are 1500 variables bounded from below and above 
 There are 3 fixed variables
 
 
 File successfully decoded
/home/abel/documentos/dcicpp-newrun/output-fast-2016-11-14--09:13
No tools
make: *** No rule to make target 'dcicpp'.  Stop.
**********************************************************
Problem name: OPTCDEG3

Number of Variables: 4498
Number of Constraints: 2999
             Equality: 2999
           has_inequality: 0

EXIT: The Algorithm has Converged
f(x) = 45.7928
|c(x)| = 4.78711e-07
|g(x) + J(x)'*y| = 4.18334e-07
y offset = 0
Number of Iterations = 16
Elapsed Time = 0.976528 s
Normal iterations = 13
Average number of normal iterations = 0.8125
Maximum number of normal iterations during one iteration = 2
Iterations with 0  normal iterations = 4
Iterations with 1  normal iteration  = 11
Iterations with 2+ normal iterations = -2
Restorations = 300
Average number of restorations per normal iteration = 23
**********************************************************
Setup time: 0.069999
Execution time: 1.17667
