sifdecoder -A pc64.lnx.gfo  OPTPRLOC

 Problem name: OPTPRLOC

 Double precision version will be formed

 The objective function uses 1 nonlinear group
 
 There are 5 linear inequality constraints
 There are 25 nonlinear inequality constraints
 
 There are 30 variables bounded from below and above 
 
 
 File successfully decoded
/home/abel/documentos/dcicpp-newrun/output-fast-2016-11-14--09:13
No tools
make: *** No rule to make target 'dcicpp'.  Stop.
**********************************************************
Problem name: OPTPRLOC

Number of Variables: 30
Number of Constraints: 30
             Equality: 0
           has_inequality: 30

EXIT: The Algorithm has Converged
f(x) = -16.4198
|c(x)| = 9.8645e-07
|g(x) + J(x)'*y| = 2.54482e-07
y offset = 1.07569e-08
Number of Iterations = 76
Elapsed Time = 0.0800138 s
Normal iterations = 66
Average number of normal iterations = 0.868421
Maximum number of normal iterations during one iteration = 2
Iterations with 0  normal iterations = 14
Iterations with 1  normal iteration  = 58
Iterations with 2+ normal iterations = -6
Restorations = 1282
Average number of restorations per normal iteration = 19
**********************************************************
Setup time: 0
Execution time: 0.319999
