sifdecoder -A pc64.lnx.gfo  PALMER6A

 Problem name: PALMER6A

 Double precision version will be formed

 The objective function uses 13 nonlinear groups
 
 There are 4 free variables
 There are 2 variables bounded only from below 
 
 
 File successfully decoded
/home/abel/documentos/dcicpp-newrun/output-fast-2016-11-14--09:13
No tools
make: *** No rule to make target 'dcicpp'.  Stop.
**********************************************************
Problem name: PALMER6A

Number of Variables: 6
Number of Constraints: 0
             Equality: 0
           has_inequality: 0

EXIT: The Algorithm has Converged
f(x) = 3.46907
|c(x)| = 0
|g(x) + J(x)'*y| = 7.58874e-12
y offset = 0
Number of Iterations = 3
Elapsed Time = 0.000221729 s
/home/abel/projetos/linux-cutest/cutest/bin/rundcicpp: line 240:  5354 Floating point exception(core dumped) ${EXEC}/run_${PACKAGE}
