sifdecoder -A pc64.lnx.gfo  PALMER3

 Problem name: PALMER3

 Double precision version will be formed

 The objective function uses 23 nonlinear groups
 
 There is 1 free variable 
 There are 3 variables bounded only from below 
 
 
 File successfully decoded
/home/abel/documentos/dcicpp-newrun/output-fast-2016-11-14--09:13
No tools
make: *** No rule to make target 'dcicpp'.  Stop.
**********************************************************
Problem name: PALMER3 

Number of Variables: 4
Number of Constraints: 0
             Equality: 0
           has_inequality: 0

EXIT: The Algorithm has Converged
f(x) = 2416.98
|c(x)| = 0
|g(x) + J(x)'*y| = 1.11489e-07
y offset = 0
Number of Iterations = 8
Elapsed Time = 0.000295162 s
/home/abel/projetos/linux-cutest/cutest/bin/rundcicpp: line 240:  4598 Floating point exception(core dumped) ${EXEC}/run_${PACKAGE}
