sifdecoder -A pc64.lnx.gfo  PALMER5D

 Problem name: PALMER5D

 Double precision version will be formed

 The objective function uses 12 nonlinear groups
 
 There are 4 free variables
 
 
 File successfully decoded
/home/abel/documentos/dcicpp-newrun/output-fast-2016-11-14--09:13
No tools
make: *** No rule to make target 'dcicpp'.  Stop.
**********************************************************
Problem name: PALMER5D

Number of Variables: 4
Number of Constraints: 0
             Equality: 0
           has_inequality: 0

EXIT: The Algorithm has Converged
f(x) = 87.3394
|c(x)| = 0
|g(x) + J(x)'*y| = 2.24087e-10
y offset = 0
Number of Iterations = 2
Elapsed Time = 0.000181913 s
/home/abel/projetos/linux-cutest/cutest/bin/rundcicpp: line 240:  5247 Floating point exception(core dumped) ${EXEC}/run_${PACKAGE}
