sifdecoder -A pc64.lnx.gfo  PALMER5C

 Problem name: PALMER5C

 Double precision version will be formed

 The objective function uses 12 nonlinear groups
 
 There are 6 free variables
 
 
 File successfully decoded
/home/abel/documentos/dcicpp-newrun/output-fast-2016-11-14--09:13
No tools
make: *** No rule to make target 'dcicpp'.  Stop.
**********************************************************
Problem name: PALMER5C

Number of Variables: 6
Number of Constraints: 0
             Equality: 0
           has_inequality: 0

EXIT: The Algorithm has Converged
f(x) = 2.12809
|c(x)| = 0
|g(x) + J(x)'*y| = 4.68326e-08
y offset = 0
Number of Iterations = 3
Elapsed Time = 0.000204563 s
/home/abel/projetos/linux-cutest/cutest/bin/rundcicpp: line 240:  5196 Floating point exception(core dumped) ${EXEC}/run_${PACKAGE}
