sifdecoder -A pc64.lnx.gfo  POLAK4

 Problem name: POLAK4

 Double precision version will be formed

 The objective function uses 1 linear group
 
 There are 3 nonlinear inequality constraints
 
 There are 3 free variables
 
 
 File successfully decoded
/home/abel/documentos/dcicpp-newrun/output-fast-2016-11-14--09:13
No tools
make: *** No rule to make target 'dcicpp'.  Stop.
**********************************************************
Problem name: POLAK4  

Number of Variables: 3
Number of Constraints: 3
             Equality: 0
           has_inequality: 3

EXIT: The maximum number of restorarions was reached
f(x) = 1.54513e-07
|c(x)| = 2.38394e-05
|g(x) + J(x)'*y| = 3.21311e-09
y offset = 0.000475982
Number of Iterations = 35
Elapsed Time = 0.0895474 s
Normal iterations = 4
Average number of normal iterations = 0.114286
Maximum number of normal iterations during one iteration = 1
Iterations with 0  normal iterations = 31
Iterations with 1  normal iteration  = 4
Iterations with 2+ normal iterations = -31
Restorations = 10009
Average number of restorations per normal iteration = 2502
**********************************************************
Setup time: 0.003333
Execution time: 0.346666
