sifdecoder -A pc64.lnx.gfo  PT

 Problem name: PT

 Double precision version will be formed

 The objective function uses 1 linear group
 
 There are 501 linear inequality constraints
 
 There are 2 free variables
 
 
 File successfully decoded
/home/abel/documentos/dcicpp-newrun/output-fast-2016-11-14--09:13
No tools
make: *** No rule to make target 'dcicpp'.  Stop.
**********************************************************
Problem name: PT      

Number of Variables: 2
Number of Constraints: 501
             Equality: 0
           has_inequality: 501

EXIT: The Algorithm has Converged
f(x) = 0.19388
|c(x)| = 1.72698e-11
|g(x) + J(x)'*y| = 2.74271e-08
y offset = 0.00301227
Number of Iterations = 4
Elapsed Time = 0.117074 s
Normal iterations = 1
Average number of normal iterations = 0.25
Maximum number of normal iterations during one iteration = 1
Iterations with 0  normal iterations = 3
Iterations with 1  normal iteration  = 1
Iterations with 2+ normal iterations = -3
Restorations = 1
Average number of restorations per normal iteration = 1
**********************************************************
Setup time: 0.003333
Execution time: 0.373332
