sifdecoder -A pc64.lnx.gfo  QUDLIN

 Problem name: QUDLIN

 Double precision version will be formed

 The objective function uses 1 nonlinear group
 
 There are 5000 variables bounded from below and above 
 
 
 File successfully decoded
/home/abel/documentos/dcicpp-newrun/output-fast-2016-11-14--09:13
No tools
make: *** No rule to make target 'dcicpp'.  Stop.
**********************************************************
Problem name: QUDLIN  

Number of Variables: 5000
Number of Constraints: 0
             Equality: 0
           has_inequality: 0

EXIT: The Algorithm has Converged
f(x) = -1.25e+09
|c(x)| = 0
|g(x) + J(x)'*y| = 4.21179e-07
y offset = 0
Number of Iterations = 136
Elapsed Time = 0.420762 s
/home/abel/projetos/linux-cutest/cutest/bin/rundcicpp: line 240:  7773 Floating point exception(core dumped) ${EXEC}/run_${PACKAGE}
