sifdecoder -A pc64.lnx.gfo  SEMICN2U

 Problem name: SEMICN2U

 Double precision version will be formed

 
 There are 5000 nonlinear equality constraints
 
 There are 5000 free variables
 There are 2 fixed variables
 
 
 File successfully decoded
/home/abel/documentos/dcicpp-newrun/output-fast-2016-11-14--09:13
No tools
make: *** No rule to make target 'dcicpp'.  Stop.
**********************************************************
Problem name: SEMICN2U

Number of Variables: 5000
Number of Constraints: 5000
             Equality: 5000
           has_inequality: 0

EXIT: The Algorithm has Converged
f(x) = 0
|c(x)| = 2.89781e-07
|g(x) + J(x)'*y| = 0
y offset = 0
Number of Iterations = 1
Elapsed Time = 0.277314 s
Normal iterations = 2
Average number of normal iterations = 2
Maximum number of normal iterations during one iteration = 2
Iterations with 0  normal iterations = 0
Iterations with 1  normal iteration  = 0
Iterations with 2+ normal iterations = 2
Restorations = 49
Average number of restorations per normal iteration = 24
**********************************************************
Setup time: 0.150001
Execution time: 0.41
