sifdecoder -A pc64.lnx.gfo  SIMBQP

 Problem name: SIMBQP

 Double precision version will be formed

 The objective function uses 1 linear group
 The objective function uses 2 nonlinear groups
 
 There is 1 free variable 
 There is 1 variable bounded from below and above 
 
 
 File successfully decoded
/home/abel/documentos/dcicpp-newrun/output-fast-2016-11-14--09:13
No tools
make: *** No rule to make target 'dcicpp'.  Stop.
**********************************************************
Problem name: SIMBQP  

Number of Variables: 2
Number of Constraints: 0
             Equality: 0
           has_inequality: 0

EXIT: The Algorithm has Converged
f(x) = 4.94942e-07
|c(x)| = 0
|g(x) + J(x)'*y| = 9.68794e-10
y offset = 0
Number of Iterations = 4
Elapsed Time = 0.000189304 s
/home/abel/projetos/linux-cutest/cutest/bin/rundcicpp: line 240:  8970 Floating point exception(core dumped) ${EXEC}/run_${PACKAGE}
