sifdecoder -A pc64.lnx.gfo  SINEALI

 Problem name: SINEALI

 Double precision version will be formed

 The objective function uses 1 linear group
 The objective function uses 999 nonlinear groups
 
 There are 1000 variables bounded from below and above 
 
 
 File successfully decoded
/home/abel/documentos/dcicpp-newrun/output-fast-2016-11-14--09:13
No tools
make: *** No rule to make target 'dcicpp'.  Stop.
**********************************************************
Problem name: SINEALI 

Number of Variables: 1000
Number of Constraints: 0
             Equality: 0
           has_inequality: 0

EXIT: The Algorithm has Converged
f(x) = -99901
|c(x)| = 0
|g(x) + J(x)'*y| = 6.14891e-08
y offset = 0
Number of Iterations = 11
Elapsed Time = 0.0237699 s
/home/abel/projetos/linux-cutest/cutest/bin/rundcicpp: line 240:  9112 Floating point exception(core dumped) ${EXEC}/run_${PACKAGE}
