sifdecoder -A pc64.lnx.gfo  SSEBNLN

 Problem name: SSEBNLN

 Double precision version will be formed

 The objective function uses 1 linear group
 
 There are 48 linear equality constraints
 There are 24 linear inequality constraints
 There are 24 nonlinear equality constraints
 
 There are 24 variables bounded only from below 
 There are 168 variables bounded from below and above 
 There are 2 fixed variables
 
 
 File successfully decoded
/home/abel/documentos/dcicpp-newrun/output-fast-2016-11-14--09:13
No tools
make: *** No rule to make target 'dcicpp'.  Stop.
diagonal below threshold
Status = 2
File   = ../Core/cholmod_common.c
Line   = 719
**********************************************************
Problem name: SSEBNLN 

Number of Variables: 192
Number of Constraints: 96
             Equality: 72
           has_inequality: 24

EXIT: rhomax became too short
Cholesky failed
f(x) = 1.71629e+07
|c(x)| = 1.04261e-09
|g(x) + J(x)'*y| = 0.0122892
y offset = 0
Number of Iterations = 71
Elapsed Time = 0.200129 s
Normal iterations = 14
Average number of normal iterations = 0.197183
Maximum number of normal iterations during one iteration = 2
Iterations with 0  normal iterations = 58
Iterations with 1  normal iteration  = 12
Iterations with 2+ normal iterations = -56
Restorations = 2003
Average number of restorations per normal iteration = 143
**********************************************************
Setup time: 0.003333
Execution time: 0.456666
