sifdecoder -A pc64.lnx.gfo  STEENBRB

 Problem name: STEENBRB

 Double precision version will be formed

 The objective function uses 1 nonlinear group
 
 There are 108 linear equality constraints
 
 There are 468 variables bounded only from below 
 
 
 File successfully decoded
/home/abel/documentos/dcicpp-newrun/output-fast-2016-11-14--09:13
No tools
make: *** No rule to make target 'dcicpp'.  Stop.
diagonal below threshold
Status = 2
File   = ../Core/cholmod_common.c
Line   = 719
diagonal below threshold
Status = 2
File   = ../Core/cholmod_common.c
Line   = 719
diagonal below threshold
Status = 2
File   = ../Core/cholmod_common.c
Line   = 719
diagonal below threshold
Status = 2
File   = ../Core/cholmod_common.c
Line   = 719
diagonal below threshold
Status = 2
File   = ../Core/cholmod_common.c
Line   = 719
**********************************************************
Problem name: STEENBRB

Number of Variables: 468
Number of Constraints: 108
             Equality: 108
           has_inequality: 0

EXIT: The Algorithm has Converged
Cholesky failed
f(x) = 11142.1
|c(x)| = 3.65597e-08
|g(x) + J(x)'*y| = 9.97215e-07
y offset = 0
Number of Iterations = 346
Elapsed Time = 0.166754 s
Normal iterations = 1
Average number of normal iterations = 0.00289017
Maximum number of normal iterations during one iteration = 1
Iterations with 0  normal iterations = 345
Iterations with 1  normal iteration  = 1
Iterations with 2+ normal iterations = -345
Restorations = 23
Average number of restorations per normal iteration = 23
**********************************************************
Setup time: 0.003333
Execution time: 0.423332
