sifdecoder -A pc64.lnx.gfo  TABLE8

 Problem name: TABLE8

 Double precision version will be formed

 The objective function uses 2 linear groups
 
 There are 72 linear equality constraints
 
 There are 1271 variables bounded from below and above 
 
 
 File successfully decoded
/home/abel/documentos/dcicpp-newrun/output-fast-2016-11-14--09:13
No tools
make: *** No rule to make target 'dcicpp'.  Stop.
diagonal below threshold
Status = 2
File   = ../Core/cholmod_common.c
Line   = 719
**********************************************************
Problem name: TABLE8  

Number of Variables: 1271
Number of Constraints: 72
             Equality: 72
           has_inequality: 0

EXIT: The Algorithm has Converged
Cholesky failed
f(x) = 1.89578
|c(x)| = 2.5179e-07
|g(x) + J(x)'*y| = 6.02871e-07
y offset = 0
Number of Iterations = 34
Elapsed Time = 0.0930173 s
Normal iterations = 1
Average number of normal iterations = 0.0294118
Maximum number of normal iterations during one iteration = 1
Iterations with 0  normal iterations = 33
Iterations with 1  normal iteration  = 1
Iterations with 2+ normal iterations = -33
Restorations = 70
Average number of restorations per normal iteration = 70
**********************************************************
Setup time: 0.013332
Execution time: 0.34
