sifdecoder -A pc64.lnx.gfo  TOINTQOR

 Problem name: TOINTQOR

 Double precision version will be formed

 The objective function uses 83 linear groups
 
 There are 50 free variables
 
 
 File successfully decoded
/home/abel/documentos/dcicpp-newrun/output-fast-2016-11-14--09:13
No tools
make: *** No rule to make target 'dcicpp'.  Stop.
**********************************************************
Problem name: TOINTQOR

Number of Variables: 50
Number of Constraints: 0
             Equality: 0
           has_inequality: 0

EXIT: The Algorithm has Converged
f(x) = 1175.47
|c(x)| = 0
|g(x) + J(x)'*y| = 5.09303e-08
y offset = 0
Number of Iterations = 3
Elapsed Time = 0.000423908 s
/home/abel/projetos/linux-cutest/cutest/bin/rundcicpp: line 240: 11543 Floating point exception(core dumped) ${EXEC}/run_${PACKAGE}
