sifdecoder -A pc64.lnx.gfo  TORSION3

 Problem name: TORSION3

 Double precision version will be formed

 The objective function uses 5184 nonlinear groups
 
 There are 5184 variables bounded from below and above 
 There are 292 fixed variables
 
 
 File successfully decoded
/home/abel/documentos/dcicpp-newrun/output-fast-2016-11-14--09:13
No tools
make: *** No rule to make target 'dcicpp'.  Stop.
**********************************************************
Problem name: TORSION3

Number of Variables: 5184
Number of Constraints: 0
             Equality: 0
           has_inequality: 0

EXIT: The Algorithm has Converged
f(x) = 2.15163
|c(x)| = 0
|g(x) + J(x)'*y| = 9.10837e-10
y offset = 0
Number of Iterations = 2
Elapsed Time = 0.0125687 s
/home/abel/projetos/linux-cutest/cutest/bin/rundcicpp: line 240: 11699 Floating point exception(core dumped) ${EXEC}/run_${PACKAGE}
