sifdecoder -A pc64.lnx.gfo  TQUARTIC

 Problem name: TQUARTIC

 Double precision version will be formed

 The objective function uses 5000 nonlinear groups
 
 There are 5000 free variables
 
 
 File successfully decoded
/home/abel/documentos/dcicpp-newrun/output-fast-2016-11-14--09:13
No tools
make: *** No rule to make target 'dcicpp'.  Stop.
**********************************************************
Problem name: TQUARTIC

Number of Variables: 5000
Number of Constraints: 0
             Equality: 0
           has_inequality: 0

EXIT: The Algorithm has Converged
f(x) = 1.90889e-22
|c(x)| = 0
|g(x) + J(x)'*y| = 2.17105e-09
y offset = 0
Number of Iterations = 2
Elapsed Time = 0.00461602 s
/home/abel/projetos/linux-cutest/cutest/bin/rundcicpp: line 240: 12209 Floating point exception(core dumped) ${EXEC}/run_${PACKAGE}
