sifdecoder -A pc64.lnx.gfo  TRIDIA

 Problem name: TRIDIA

 Double precision version will be formed

 The objective function uses 5000 linear groups
 
 There are 5000 free variables
 
 
 File successfully decoded
/home/abel/documentos/dcicpp-newrun/output-fast-2016-11-14--09:13
No tools
make: *** No rule to make target 'dcicpp'.  Stop.
**********************************************************
Problem name: TRIDIA  

Number of Variables: 5000
Number of Constraints: 0
             Equality: 0
           has_inequality: 0

EXIT: The Algorithm has Converged
f(x) = 5.417e-05
|c(x)| = 0
|g(x) + J(x)'*y| = 4.05522e-07
y offset = 0
Number of Iterations = 3
Elapsed Time = 0.25474 s
/home/abel/projetos/linux-cutest/cutest/bin/rundcicpp: line 240: 12260 Floating point exception(core dumped) ${EXEC}/run_${PACKAGE}
