sifdecoder -A pc64.lnx.gfo  TRO3X3

 Problem name: TRO3X3

 Double precision version will be formed

 The objective function uses 1 linear group
 
 There is 1 linear inequality constraint
 There are 12 nonlinear equality constraints
 
 There are 12 free variables
 There are 18 variables bounded only from below 
 
 
 File successfully decoded
/home/abel/documentos/dcicpp-newrun/output-fast-2016-11-14--09:13
No tools
make: *** No rule to make target 'dcicpp'.  Stop.
**********************************************************
Problem name: TRO3X3  

Number of Variables: 30
Number of Constraints: 13
             Equality: 12
           has_inequality: 1

EXIT: The maximum number of restorarions was reached
f(x) = 9.00335
|c(x)| = 3.36441e-06
|g(x) + J(x)'*y| = 0.0175287
y offset = 0
Number of Iterations = 749
Elapsed Time = 0.398369 s
Normal iterations = 485
Average number of normal iterations = 0.64753
Maximum number of normal iterations during one iteration = 2
Iterations with 0  normal iterations = 319
Iterations with 1  normal iteration  = 375
Iterations with 2+ normal iterations = -209
Restorations = 10006
Average number of restorations per normal iteration = 20
**********************************************************
Setup time: 0.003333
Execution time: 0.656666
