sifdecoder -A pc64.lnx.gfo  TRO6X2

 Problem name: TRO6X2

 Double precision version will be formed

 The objective function uses 1 linear group
 
 There is 1 linear inequality constraint
 There are 20 nonlinear equality constraints
 
 There are 20 free variables
 There are 25 variables bounded only from below 
 
 
 File successfully decoded
/home/abel/documentos/dcicpp-newrun/output-fast-2016-11-14--09:13
No tools
make: *** No rule to make target 'dcicpp'.  Stop.
diagonal below threshold
Status = 2
File   = ../Core/cholmod_common.c
Line   = 719
**********************************************************
Problem name: TRO6X2  

Number of Variables: 45
Number of Constraints: 21
             Equality: 20
           has_inequality: 1

EXIT: The Algorithm has Converged
Cholesky failed
f(x) = 1225
|c(x)| = 8.41106e-07
|g(x) + J(x)'*y| = 9.58583e-08
y offset = 0
Number of Iterations = 206
Elapsed Time = 0.154342 s
Normal iterations = 181
Average number of normal iterations = 0.878641
Maximum number of normal iterations during one iteration = 2
Iterations with 0  normal iterations = 37
Iterations with 1  normal iteration  = 157
Iterations with 2+ normal iterations = -13
Restorations = 2760
Average number of restorations per normal iteration = 15
**********************************************************
Setup time: 0
Execution time: 0.413332
