sifdecoder -A pc64.lnx.gfo  TRUSPYR1

 Problem name: TRUSPYR1

 Double precision version will be formed

 The objective function uses 1 linear group
 
 There is 1 linear inequality constraint
 There are 3 nonlinear equality constraints
 
 There are 3 free variables
 There are 8 variables bounded only from below 
 
 
 File successfully decoded
/home/abel/documentos/dcicpp-newrun/output-fast-2016-11-14--09:13
No tools
make: *** No rule to make target 'dcicpp'.  Stop.
**********************************************************
Problem name: TRUSPYR1

Number of Variables: 11
Number of Constraints: 4
             Equality: 3
           has_inequality: 1

EXIT: The Algorithm has Converged
f(x) = 11.2287
|c(x)| = 4.84162e-07
|g(x) + J(x)'*y| = 5.95759e-08
y offset = 0
Number of Iterations = 59
Elapsed Time = 0.0541856 s
Normal iterations = 63
Average number of normal iterations = 1.0678
Maximum number of normal iterations during one iteration = 3
Iterations with 0  normal iterations = 8
Iterations with 1  normal iteration  = 40
Iterations with 2+ normal iterations = 15
Restorations = 3714
Average number of restorations per normal iteration = 58
**********************************************************
Setup time: 0.003333
Execution time: 0.216666
