sifdecoder -A pc64.lnx.gfo  ZAMB2-11

 Problem name: ZAMB2-11

 Double precision version will be formed

 The objective function uses 176 nonlinear groups
 
 There are 96 nonlinear equality constraints
 
 There are 264 variables bounded from below and above 
 There are 6 fixed variables
 
 
 File successfully decoded
/home/abel/documentos/dcicpp-newrun/output-fast-2016-11-14--09:13
No tools
make: *** No rule to make target 'dcicpp'.  Stop.
**********************************************************
Problem name: ZAMB2-11

Number of Variables: 264
Number of Constraints: 96
             Equality: 96
           has_inequality: 0

EXIT: The Algorithm has Converged
f(x) = -1.11538
|c(x)| = 9.92183e-07
|g(x) + J(x)'*y| = 3.71007e-07
y offset = 0
Number of Iterations = 157
Elapsed Time = 0.181773 s
Normal iterations = 25
Average number of normal iterations = 0.159236
Maximum number of normal iterations during one iteration = 2
Iterations with 0  normal iterations = 133
Iterations with 1  normal iteration  = 23
Iterations with 2+ normal iterations = -131
Restorations = 994
Average number of restorations per normal iteration = 39
**********************************************************
Setup time: 0.003333
Execution time: 0.436666
