sifdecoder -A pc64.lnx.gfo  ZECEVIC3

 Problem name: ZECEVIC3

 Double precision version will be formed

 The objective function uses 1 nonlinear group
 
 There are 2 nonlinear inequality constraints
 
 There are 2 variables bounded from below and above 
 
 
 File successfully decoded
/home/abel/documentos/dcicpp-newrun/output-fast-2016-11-14--09:13
No tools
make: *** No rule to make target 'dcicpp'.  Stop.
**********************************************************
Problem name: ZECEVIC3

Number of Variables: 2
Number of Constraints: 2
             Equality: 0
           has_inequality: 2

EXIT: The Algorithm has Converged
f(x) = 97.3094
|c(x)| = 9.72773e-07
|g(x) + J(x)'*y| = 3.88731e-08
y offset = 0
Number of Iterations = 37
Elapsed Time = 0.00251055 s
Normal iterations = 14
Average number of normal iterations = 0.378378
Maximum number of normal iterations during one iteration = 2
Iterations with 0  normal iterations = 26
Iterations with 1  normal iteration  = 8
Iterations with 2+ normal iterations = -20
Restorations = 269
Average number of restorations per normal iteration = 19
**********************************************************
Setup time: 0.003333
Execution time: 0.009999
