sifdecoder -A pc64.lnx.gfo  10FOLDTR

 Problem name: 10FOLDTR

 Double precision version will be formed

 
 There are 998 linear equality constraints
 There are 2 nonlinear equality constraints
 
 There are 1000 free variables
 
 
 File successfully decoded
/home/abel/documentos/dcicpp-newrun/output-fast-2016-11-14--22:14
No tools
make: *** No rule to make target 'dcicppclean'.  Stop.
Starting
Solving
diagonal below threshold
Status = 2
File   = ../Core/cholmod_common.c
Line   = 719
Showing
**********************************************************
Problem name: 10FOLDTR

Number of Variables: 1000
Number of Constraints: 1000
             Equality: 1000
           has_inequality: 0

EXIT: The problem reached the time limit
Cholesky failed
f(x) = 0
|c(x)| = 1098.37
|g(x) + J(x)'*y| = 0
y offset = 0
Number of Iterations = 1
Elapsed Time = 31.0107 s
Normal iterations = 2
Average number of normal iterations = 2
Maximum number of normal iterations during one iteration = 2
Iterations with 0  normal iterations = 0
Iterations with 1  normal iteration  = 0
Iterations with 2+ normal iterations = 1
Restorations = 35
Average number of restorations per normal iteration = 17
**********************************************************
Done
Setup time: 0.423332
Execution time: 30.99
