sifdecoder -A pc64.lnx.gfo  3PK

 Problem name: 3PK

 Double precision version will be formed

 The objective function uses 42 linear groups
 
 There are 30 variables bounded only from below 
 
 
 File successfully decoded
/home/abel/documentos/dcicpp-newrun/output-fast-2016-11-14--22:14
No tools
make: *** No rule to make target 'dcicppclean'.  Stop.
Starting
Solving
Showing
**********************************************************
Problem name: 3PK     

Number of Variables: 30
Number of Constraints: 0
             Equality: 0
           has_inequality: 0

EXIT: The Algorithm has Converged
f(x) = 1.72012
|c(x)| = 0
|g(x) + J(x)'*y| = 7.82646e-08
y offset = 0
Number of Iterations = 4
Elapsed Time = 0.00040555 s
/home/abel/projetos/linux-cutest/cutest/bin/rundcicppclean: line 240: 16734 Floating point exception(core dumped) ${EXEC}/run_${PACKAGE}
