sifdecoder -A pc64.lnx.gfo  ACOPP30

 Problem name: ACOPP30

 Double precision version will be formed

 The objective function uses 2 linear groups
 
 There are 60 nonlinear equality constraints
 There are 82 nonlinear inequality constraints
 
 There are 30 free variables
 There are 42 variables bounded from below and above 
 
 
 File successfully decoded
/home/abel/documentos/dcicpp-newrun/output-fast-2016-11-14--22:14
No tools
make: *** No rule to make target 'dcicppclean'.  Stop.
Starting
Solving
Showing
**********************************************************
Problem name: ACOPP30 

Number of Variables: 72
Number of Constraints: 142
             Equality: 60
           has_inequality: 82

EXIT: The Algorithm has Converged
f(x) = 576.892
|c(x)| = 4.49547e-08
|g(x) + J(x)'*y| = 7.67241e-08
y offset = 0.000169897
Number of Iterations = 21
Elapsed Time = 0.141412 s
Normal iterations = 7
Average number of normal iterations = 0.333333
Maximum number of normal iterations during one iteration = 1
Iterations with 0  normal iterations = 14
Iterations with 1  normal iteration  = 7
Iterations with 2+ normal iterations = 0
Restorations = 42
Average number of restorations per normal iteration = 6
**********************************************************
Done
Setup time: 0.003333
Execution time: 0.309999
