sifdecoder -A pc64.lnx.gfo  AKIVA

 Problem name: AKIVA

 Double precision version will be formed

 The objective function uses 1 nonlinear group
 
 There are 2 free variables
 
 
 File successfully decoded
/home/abel/documentos/dcicpp-newrun/output-fast-2016-11-14--22:14
No tools
make: *** No rule to make target 'dcicppclean'.  Stop.
Starting
Solving
Showing
**********************************************************
Problem name: AKIVA   

Number of Variables: 2
Number of Constraints: 0
             Equality: 0
           has_inequality: 0

EXIT: The Algorithm has Converged
f(x) = 6.16604
|c(x)| = 0
|g(x) + J(x)'*y| = 9.42582e-07
y offset = 0
Number of Iterations = 6
Elapsed Time = 0.000904083 s
/home/abel/projetos/linux-cutest/cutest/bin/rundcicppclean: line 240: 17197 Floating point exception(core dumped) ${EXEC}/run_${PACKAGE}
