sifdecoder -A pc64.lnx.gfo  ARGLINB

 Problem name: ARGLINB

 Double precision version will be formed

 The objective function uses 400 linear groups
 
 There are 200 free variables
 
 
 File successfully decoded
/home/abel/documentos/dcicpp-newrun/output-fast-2016-11-14--22:14
No tools
make: *** No rule to make target 'dcicppclean'.  Stop.
Starting
Solving
Showing
**********************************************************
Problem name: ARGLINB 

Number of Variables: 200
Number of Constraints: 0
             Equality: 0
           has_inequality: 0

EXIT: The Algorithm has Converged
f(x) = 99.6255
|c(x)| = 0
|g(x) + J(x)'*y| = 7.4591e-07
y offset = 0
Number of Iterations = 2
Elapsed Time = 0.00271821 s
/home/abel/projetos/linux-cutest/cutest/bin/rundcicppclean: line 240: 17646 Floating point exception(core dumped) ${EXEC}/run_${PACKAGE}
