sifdecoder -A pc64.lnx.gfo  ARWHEAD

 Problem name: ARWHEAD

 Double precision version will be formed

 The objective function uses 4999 linear groups
 The objective function uses 4999 nonlinear groups
 
 There are 5000 free variables
 
 
 File successfully decoded
/home/abel/documentos/dcicpp-newrun/output-fast-2016-11-14--22:14
No tools
make: *** No rule to make target 'dcicppclean'.  Stop.
Starting
Solving
Showing
**********************************************************
Problem name: ARWHEAD 

Number of Variables: 5000
Number of Constraints: 0
             Equality: 0
           has_inequality: 0

EXIT: The Algorithm has Converged
f(x) = 3.33e-12
|c(x)| = 0
|g(x) + J(x)'*y| = 7.90532e-09
y offset = 0
Number of Iterations = 6
Elapsed Time = 0.0172064 s
/home/abel/projetos/linux-cutest/cutest/bin/rundcicppclean: line 240: 17792 Floating point exception(core dumped) ${EXEC}/run_${PACKAGE}
