sifdecoder -A pc64.lnx.gfo  BATCH

 Problem name: BATCH

 Double precision version will be formed

 The objective function uses 1 nonlinear group
 
 There are 12 linear equality constraints
 There are 60 linear inequality constraints
 There is 1 nonlinear inequality constraint
 
 There are 2 variables bounded only from below 
 There are 46 variables bounded from below and above 
 
 
 File successfully decoded
/home/abel/documentos/dcicpp-newrun/output-fast-2016-11-14--22:14
No tools
make: *** No rule to make target 'dcicppclean'.  Stop.
Starting
Solving
diagonal below threshold
Status = 2
File   = ../Core/cholmod_common.c
Line   = 719
Showing
**********************************************************
Problem name: BATCH   

Number of Variables: 48
Number of Constraints: 73
             Equality: 12
           has_inequality: 61

EXIT: The maximum number of restorarions was reached
Cholesky failed
f(x) = 391352
|c(x)| = 0.00611208
|g(x) + J(x)'*y| = 0.00081006
y offset = 0.00262116
Number of Iterations = 2
Elapsed Time = 0.163347 s
Normal iterations = 2
Average number of normal iterations = 1
Maximum number of normal iterations during one iteration = 1
Iterations with 0  normal iterations = 0
Iterations with 1  normal iteration  = 2
Iterations with 2+ normal iterations = 0
Restorations = 2042
Average number of restorations per normal iteration = 1021
**********************************************************
Done
Setup time: 0.003333
Execution time: 0.413333
