sifdecoder -A pc64.lnx.gfo  CHAINWOO

 Problem name: CHAINWOO

 Double precision version will be formed

 The objective function uses 7997 linear groups
 The objective function uses 3998 nonlinear groups
 
 There are 4000 free variables
 
 
 File successfully decoded
/home/abel/documentos/dcicpp-newrun/output-fast-2016-11-14--22:14
No tools
make: *** No rule to make target 'dcicppclean'.  Stop.
Starting
Solving
Showing
**********************************************************
Problem name: CHAINWOO

Number of Variables: 4000
Number of Constraints: 0
             Equality: 0
           has_inequality: 0

EXIT: The Algorithm has Converged
f(x) = 15747.2
|c(x)| = 0
|g(x) + J(x)'*y| = 7.96126e-07
y offset = 0
Number of Iterations = 9
Elapsed Time = 0.252873 s
/home/abel/projetos/linux-cutest/cutest/bin/rundcicppclean: line 240: 20742 Floating point exception(core dumped) ${EXEC}/run_${PACKAGE}
