sifdecoder -A pc64.lnx.gfo  CONCON

 Problem name: CONCON

 Double precision version will be formed

 The objective function uses 1 linear group
 
 There are 7 linear equality constraints
 There are 4 nonlinear equality constraints
 
 There are 10 free variables
 There are 5 variables bounded only from above 
 
 
 File successfully decoded
/home/abel/documentos/dcicpp-newrun/output-fast-2016-11-14--22:14
No tools
make: *** No rule to make target 'dcicppclean'.  Stop.
Starting
Solving
Showing
**********************************************************
Problem name: CONCON  

Number of Variables: 15
Number of Constraints: 11
             Equality: 11
           has_inequality: 0

EXIT: The Algorithm has Converged
f(x) = -6230.8
|c(x)| = 1.45519e-10
|g(x) + J(x)'*y| = 7.94087e-11
y offset = 0
Number of Iterations = 1
Elapsed Time = 0.00908256 s
Normal iterations = 1
Average number of normal iterations = 1
Maximum number of normal iterations during one iteration = 1
Iterations with 0  normal iterations = 0
Iterations with 1  normal iteration  = 1
Iterations with 2+ normal iterations = 0
Restorations = 662
Average number of restorations per normal iteration = 662
**********************************************************
Done
Setup time: 0.003333
Execution time: 0.036666
