sifdecoder -A pc64.lnx.gfo  DALLASS

 Problem name: DALLASS

 Double precision version will be formed

 The objective function uses 1 nonlinear group
 
 There are 31 linear equality constraints
 
 There are 46 variables bounded from below and above 
 
 
 File successfully decoded
/home/abel/documentos/dcicpp-newrun/output-fast-2016-11-14--22:14
No tools
make: *** No rule to make target 'dcicppclean'.  Stop.
Starting
Solving
diagonal below threshold
Status = 2
File   = ../Core/cholmod_common.c
Line   = 707
Showing
**********************************************************
Problem name: DALLASS 

Number of Variables: 46
Number of Constraints: 31
             Equality: 31
           has_inequality: 0

EXIT: The Algorithm has Converged
Cholesky failed
f(x) = 399953
|c(x)| = 9.8666e-07
|g(x) + J(x)'*y| = 4.27787e-08
y offset = 0
Number of Iterations = 16
Elapsed Time = 0.0124507 s
Normal iterations = 7
Average number of normal iterations = 0.4375
Maximum number of normal iterations during one iteration = 1
Iterations with 0  normal iterations = 9
Iterations with 1  normal iteration  = 7
Iterations with 2+ normal iterations = 0
Restorations = 309
Average number of restorations per normal iteration = 44
**********************************************************
Done
Setup time: 0
Execution time: 0.049999
