sifdecoder -A pc64.lnx.gfo  DEGDIAG

 Problem name: DEGDIAG

 Double precision version will be formed

 The objective function uses 1 linear group
 
 There are 100001 variables bounded only from below 
 
 
 File successfully decoded
/home/abel/documentos/dcicpp-newrun/output-fast-2016-11-14--22:14
No tools
make: *** No rule to make target 'dcicppclean'.  Stop.
Starting
Solving
Showing
**********************************************************
Problem name: DEGDIAG 

Number of Variables: 100001
Number of Constraints: 0
             Equality: 0
           has_inequality: 0

EXIT: The Algorithm has Converged
f(x) = 16695.9
|c(x)| = 0
|g(x) + J(x)'*y| = 5.51258e-07
y offset = 0
Number of Iterations = 7
Elapsed Time = 0.409952 s
/home/abel/projetos/linux-cutest/cutest/bin/rundcicppclean: line 240: 22131 Floating point exception(core dumped) ${EXEC}/run_${PACKAGE}
