sifdecoder -A pc64.lnx.gfo  DEMBO7

 Problem name: DEMBO7

 Double precision version will be formed

 The objective function uses 1 nonlinear group
 
 There are 20 nonlinear inequality constraints
 
 There are 16 variables bounded from below and above 
 
 
 File successfully decoded
/home/abel/documentos/dcicpp-newrun/output-fast-2016-11-14--22:14
No tools
make: *** No rule to make target 'dcicppclean'.  Stop.
Starting
Solving
diagonal below threshold
Status = 2
File   = ../Core/cholmod_common.c
Line   = 719
Showing
**********************************************************
Problem name: DEMBO7  

Number of Variables: 16
Number of Constraints: 20
             Equality: 0
           has_inequality: 20

EXIT: The Algorithm has Converged
Cholesky failed
f(x) = 174.795
|c(x)| = 3.63348e-07
|g(x) + J(x)'*y| = 8.59444e-07
y offset = 0.00100046
Number of Iterations = 49
Elapsed Time = 0.0127742 s
Normal iterations = 8
Average number of normal iterations = 0.163265
Maximum number of normal iterations during one iteration = 2
Iterations with 0  normal iterations = 42
Iterations with 1  normal iteration  = 6
Iterations with 2+ normal iterations = 1
Restorations = 378
Average number of restorations per normal iteration = 47
**********************************************************
Done
Setup time: 0.003333
Execution time: 0.036666
