sifdecoder -A pc64.lnx.gfo  DENSCHNC

 Problem name: DENSCHNC

 Double precision version will be formed

 The objective function uses 2 nonlinear groups
 
 There are 2 free variables
 
 
 File successfully decoded
/home/abel/documentos/dcicpp-newrun/output-fast-2016-11-14--22:14
No tools
make: *** No rule to make target 'dcicppclean'.  Stop.
Starting
Solving
Showing
**********************************************************
Problem name: DENSCHNC

Number of Variables: 2
Number of Constraints: 0
             Equality: 0
           has_inequality: 0

EXIT: The Algorithm has Converged
f(x) = 5.33959e-11
|c(x)| = 0
|g(x) + J(x)'*y| = 2.55961e-08
y offset = 0
Number of Iterations = 10
Elapsed Time = 0.000257254 s
/home/abel/projetos/linux-cutest/cutest/bin/rundcicppclean: line 240: 22429 Floating point exception(core dumped) ${EXEC}/run_${PACKAGE}
