sifdecoder -A pc64.lnx.gfo  DIXMAANF

 Problem name: DIXMAANF

 Double precision version will be formed

 The objective function uses 4 nonlinear groups
 
 There are 3000 free variables
 
 
 File successfully decoded
/home/abel/documentos/dcicpp-newrun/output-fast-2016-11-14--22:14
No tools
make: *** No rule to make target 'dcicppclean'.  Stop.
Starting
Solving
Showing
**********************************************************
Problem name: DIXMAANF

Number of Variables: 3000
Number of Constraints: 0
             Equality: 0
           has_inequality: 0

EXIT: The Algorithm has Converged
f(x) = 1.00022
|c(x)| = 0
|g(x) + J(x)'*y| = 8.9507e-08
y offset = 0
Number of Iterations = 18
Elapsed Time = 0.11155 s
/home/abel/projetos/linux-cutest/cutest/bin/rundcicppclean: line 240: 23109 Floating point exception(core dumped) ${EXEC}/run_${PACKAGE}
