sifdecoder -A pc64.lnx.gfo  ERRINBAR

 Problem name: ERRINBAR

 Double precision version will be formed

 The objective function uses 1 linear group
 
 There is 1 linear inequality constraint
 There are 8 nonlinear equality constraints
 
 There are 4 free variables
 There are 14 variables bounded only from below 
 
 
 File successfully decoded
/home/abel/documentos/dcicpp-newrun/output-fast-2016-11-14--22:14
No tools
make: *** No rule to make target 'dcicppclean'.  Stop.
Starting
Solving
Showing
**********************************************************
Problem name: ERRINBAR

Number of Variables: 18
Number of Constraints: 9
             Equality: 8
           has_inequality: 1

EXIT: The maximum number of restorarions was reached
f(x) = 353.341
|c(x)| = 33.2049
|g(x) + J(x)'*y| = 0.522753
y offset = 0
Number of Iterations = 13
Elapsed Time = 0.0349736 s
Normal iterations = 13
Average number of normal iterations = 1
Maximum number of normal iterations during one iteration = 1
Iterations with 0  normal iterations = 0
Iterations with 1  normal iteration  = 13
Iterations with 2+ normal iterations = 0
Restorations = 2025
Average number of restorations per normal iteration = 155
**********************************************************
Done
Setup time: 0
Execution time: 0.106666
