sifdecoder -A pc64.lnx.gfo  EXPFITC

 Problem name: EXPFITC

 Double precision version will be formed

 The objective function uses 1 nonlinear group
 
 There are 502 linear inequality constraints
 
 There are 5 free variables
 
 
 File successfully decoded
/home/abel/documentos/dcicpp-newrun/output-fast-2016-11-14--22:14
No tools
make: *** No rule to make target 'dcicppclean'.  Stop.
Starting
Solving
Showing
**********************************************************
Problem name: EXPFITC 

Number of Variables: 5
Number of Constraints: 502
             Equality: 0
           has_inequality: 502

EXIT: The Algorithm has Converged
f(x) = 0.525453
|c(x)| = 5.62692e-09
|g(x) + J(x)'*y| = 1.94902e-09
y offset = 0.0014649
Number of Iterations = 23
Elapsed Time = 0.670763 s
Normal iterations = 2
Average number of normal iterations = 0.0869565
Maximum number of normal iterations during one iteration = 1
Iterations with 0  normal iterations = 21
Iterations with 1  normal iteration  = 2
Iterations with 2+ normal iterations = 0
Restorations = 2
Average number of restorations per normal iteration = 1
**********************************************************
Done
Setup time: 0.003333
Execution time: 0.809999
