sifdecoder -A pc64.lnx.gfo  EXPLIN

 Problem name: EXPLIN

 Double precision version will be formed

 The objective function uses 1 nonlinear group
 
 There are 1200 variables bounded from below and above 
 
 
 File successfully decoded
/home/abel/documentos/dcicpp-newrun/output-fast-2016-11-14--22:14
No tools
make: *** No rule to make target 'dcicppclean'.  Stop.
Starting
Solving
Showing
**********************************************************
Problem name: EXPLIN  

Number of Variables: 1200
Number of Constraints: 0
             Equality: 0
           has_inequality: 0

EXIT: The Algorithm has Converged
f(x) = -7.19185e+07
|c(x)| = 0
|g(x) + J(x)'*y| = 8.48924e-08
y offset = 0
Number of Iterations = 105
Elapsed Time = 0.155972 s
/home/abel/projetos/linux-cutest/cutest/bin/rundcicppclean: line 240: 25772 Floating point exception(core dumped) ${EXEC}/run_${PACKAGE}
