sifdecoder -A pc64.lnx.gfo  FLETBV3M

 Problem name: FLETBV3M

 Double precision version will be formed

 The objective function uses 10002 nonlinear groups
 
 There are 5000 free variables
 
 
 File successfully decoded
/home/abel/documentos/dcicpp-newrun/output-fast-2016-11-14--22:14
No tools
make: *** No rule to make target 'dcicppclean'.  Stop.
Starting
Solving
Showing
**********************************************************
Problem name: FLETBV3M

Number of Variables: 5000
Number of Constraints: 0
             Equality: 0
           has_inequality: 0

EXIT: The Algorithm has Converged
f(x) = -244212
|c(x)| = 0
|g(x) + J(x)'*y| = 2.17064e-07
y offset = 0
Number of Iterations = 34
Elapsed Time = 0.33638 s
/home/abel/projetos/linux-cutest/cutest/bin/rundcicppclean: line 240: 26152 Floating point exception(core dumped) ${EXEC}/run_${PACKAGE}
