sifdecoder -A pc64.lnx.gfo  GMNCASE3

 Problem name: GMNCASE3

 Double precision version will be formed

 The objective function uses 1 nonlinear group
 
 There are 1050 linear inequality constraints
 
 There are 175 free variables
 
 
 File successfully decoded
/home/abel/documentos/dcicpp-newrun/output-fast-2016-11-14--22:14
No tools
make: *** No rule to make target 'dcicppclean'.  Stop.
Starting
Solving
Showing
**********************************************************
Problem name: GMNCASE3

Number of Variables: 175
Number of Constraints: 1050
             Equality: 0
           has_inequality: 1050

EXIT: The Algorithm has Converged
f(x) = 1.52516
|c(x)| = 8.09638e-12
|g(x) + J(x)'*y| = 6.72734e-08
y offset = 3.05799e-06
Number of Iterations = 16
Elapsed Time = 1.49723 s
Normal iterations = 1
Average number of normal iterations = 0.0625
Maximum number of normal iterations during one iteration = 1
Iterations with 0  normal iterations = 15
Iterations with 1  normal iteration  = 1
Iterations with 2+ normal iterations = 0
Restorations = 9
Average number of restorations per normal iteration = 9
**********************************************************
Done
Setup time: 0.226667
Execution time: 1.49667
