sifdecoder -A pc64.lnx.gfo  HILBERTB

 Problem name: HILBERTB

 Double precision version will be formed

 The objective function uses 55 nonlinear groups
 
 There are 10 free variables
 
 
 File successfully decoded
/home/abel/documentos/dcicpp-newrun/output-fast-2016-11-14--22:14
No tools
make: *** No rule to make target 'dcicppclean'.  Stop.
Starting
Solving
Showing
**********************************************************
Problem name: HILBERTB

Number of Variables: 10
Number of Constraints: 0
             Equality: 0
           has_inequality: 0

EXIT: The Algorithm has Converged
f(x) = 1.11466e-10
|c(x)| = 0
|g(x) + J(x)'*y| = 9.86962e-08
y offset = 0
Number of Iterations = 3
Elapsed Time = 0.000211716 s
/home/abel/projetos/linux-cutest/cutest/bin/rundcicppclean: line 240: 28356 Floating point exception(core dumped) ${EXEC}/run_${PACKAGE}
