sifdecoder -A pc64.lnx.gfo  HIMMELBE

 Problem name: HIMMELBE

 Double precision version will be formed

 
 There are 2 linear equality constraints
 There is 1 nonlinear equality constraint
 
 There are 3 free variables
 
 
 File successfully decoded
/home/abel/documentos/dcicpp-newrun/output-fast-2016-11-14--22:14
No tools
make: *** No rule to make target 'dcicppclean'.  Stop.
Starting
Solving
Showing
**********************************************************
Problem name: HIMMELBE

Number of Variables: 3
Number of Constraints: 3
             Equality: 3
           has_inequality: 0

EXIT: The Algorithm has Converged
f(x) = 0
|c(x)| = 2.22045e-16
|g(x) + J(x)'*y| = 0
y offset = 0
Number of Iterations = 1
Elapsed Time = 0.000230312 s
Normal iterations = 1
Average number of normal iterations = 1
Maximum number of normal iterations during one iteration = 1
Iterations with 0  normal iterations = 0
Iterations with 1  normal iteration  = 1
Iterations with 2+ normal iterations = 0
Restorations = 2
Average number of restorations per normal iteration = 2
**********************************************************
Done
Setup time: 0
Execution time: -5.66244e-13
