sifdecoder -A pc64.lnx.gfo  HS109

 Problem name: HS109

 Double precision version will be formed

 The objective function uses 1 nonlinear group
 
 There are 2 linear inequality constraints
 There are 6 nonlinear equality constraints
 There are 2 nonlinear inequality constraints
 
 There are 2 variables bounded only from below 
 There are 7 variables bounded from below and above 
 
 
 File successfully decoded
/home/abel/documentos/dcicpp-newrun/output-fast-2016-11-14--22:14
No tools
make: *** No rule to make target 'dcicppclean'.  Stop.
Starting
Solving
diagonal below threshold
Status = 2
File   = ../Core/cholmod_common.c
Line   = 707
diagonal below threshold
Status = 2
File   = ../Core/cholmod_common.c
Line   = 707
Showing
**********************************************************
Problem name: HS109   

Number of Variables: 9
Number of Constraints: 10
             Equality: 6
           has_inequality: 4

EXIT: rhomax became too short
Cholesky failed
f(x) = 5657.4
|c(x)| = 1.22892e-09
|g(x) + J(x)'*y| = 9.00862e-05
y offset = 3.57622e-08
Number of Iterations = 178
Elapsed Time = 0.0164289 s
Normal iterations = 5
Average number of normal iterations = 0.0280899
Maximum number of normal iterations during one iteration = 1
Iterations with 0  normal iterations = 173
Iterations with 1  normal iteration  = 5
Iterations with 2+ normal iterations = 0
Restorations = 403
Average number of restorations per normal iteration = 80
**********************************************************
Done
Setup time: 0.003333
Execution time: 0.063333
