sifdecoder -A pc64.lnx.gfo  HS103

 Problem name: HS103

 Double precision version will be formed

 The objective function uses 1 nonlinear group
 
 There are 5 nonlinear inequality constraints
 
 There are 7 variables bounded from below and above 
 
 
 File successfully decoded
/home/abel/documentos/dcicpp-newrun/output-fast-2016-11-14--22:14
No tools
make: *** No rule to make target 'dcicppclean'.  Stop.
Starting
Solving
Showing
**********************************************************
Problem name: HS103   

Number of Variables: 7
Number of Constraints: 5
             Equality: 0
           has_inequality: 5

EXIT: The maximum number of restorarions was reached
f(x) = 735.739
|c(x)| = 0.00676584
|g(x) + J(x)'*y| = 0.000214793
y offset = 0.001
Number of Iterations = 225
Elapsed Time = 0.0664976 s
Normal iterations = 85
Average number of normal iterations = 0.377778
Maximum number of normal iterations during one iteration = 2
Iterations with 0  normal iterations = 141
Iterations with 1  normal iteration  = 83
Iterations with 2+ normal iterations = 1
Restorations = 2027
Average number of restorations per normal iteration = 23
**********************************************************
Done
Setup time: 0.003333
Execution time: 0.263332
