sifdecoder -A pc64.lnx.gfo  HS2

 Problem name: HS2

 Double precision version will be formed

 The objective function uses 2 nonlinear groups
 
 There is 1 free variable 
 There is 1 variable bounded only from below 
 
 
 File successfully decoded
/home/abel/documentos/dcicpp-newrun/output-fast-2016-11-14--22:14
No tools
make: *** No rule to make target 'dcicppclean'.  Stop.
Starting
Solving
Showing
**********************************************************
Problem name: HS2     

Number of Variables: 2
Number of Constraints: 0
             Equality: 0
           has_inequality: 0

EXIT: The Algorithm has Converged
f(x) = 4.94123
|c(x)| = 0
|g(x) + J(x)'*y| = 4.09846e-09
y offset = 0
Number of Iterations = 6
Elapsed Time = 0.000195503 s
/home/abel/projetos/linux-cutest/cutest/bin/rundcicppclean: line 240: 30719 Floating point exception(core dumped) ${EXEC}/run_${PACKAGE}
