sifdecoder -A pc64.lnx.gfo  HS3MOD

 Problem name: HS3MOD

 Double precision version will be formed

 The objective function uses 1 linear group
 The objective function uses 1 nonlinear group
 
 There is 1 free variable 
 There is 1 variable bounded only from below 
 
 
 File successfully decoded
/home/abel/documentos/dcicpp-newrun/output-fast-2016-11-14--22:14
No tools
make: *** No rule to make target 'dcicppclean'.  Stop.
Starting
Solving
Showing
**********************************************************
Problem name: HS3MOD  

Number of Variables: 2
Number of Constraints: 0
             Equality: 0
           has_inequality: 0

EXIT: The Algorithm has Converged
f(x) = 1e-06
|c(x)| = 0
|g(x) + J(x)'*y| = 1.21951e-08
y offset = 0
Number of Iterations = 3
Elapsed Time = 0.000183821 s
/home/abel/projetos/linux-cutest/cutest/bin/rundcicppclean: line 240: 31939 Floating point exception(core dumped) ${EXEC}/run_${PACKAGE}
