sifdecoder -A pc64.lnx.gfo  HS42

 Problem name: HS42

 Double precision version will be formed

 The objective function uses 1 nonlinear group
 
 There is 1 linear equality constraint
 There is 1 nonlinear equality constraint
 
 There are 4 free variables
 
 
 File successfully decoded
/home/abel/documentos/dcicpp-newrun/output-fast-2016-11-14--22:14
No tools
make: *** No rule to make target 'dcicppclean'.  Stop.
Starting
Solving
Showing
**********************************************************
Problem name: HS42    

Number of Variables: 4
Number of Constraints: 2
             Equality: 2
           has_inequality: 0

EXIT: The Algorithm has Converged
f(x) = 13.8579
|c(x)| = 5.63923e-09
|g(x) + J(x)'*y| = 3.92523e-17
y offset = 0
Number of Iterations = 3
Elapsed Time = 0.000257492 s
Normal iterations = 2
Average number of normal iterations = 0.666667
Maximum number of normal iterations during one iteration = 1
Iterations with 0  normal iterations = 1
Iterations with 1  normal iteration  = 2
Iterations with 2+ normal iterations = 0
Restorations = 2
Average number of restorations per normal iteration = 1
**********************************************************
Done
Setup time: 0
Execution time: 0.003333
