sifdecoder -A pc64.lnx.gfo  HS44

 Problem name: HS44

 Double precision version will be formed

 The objective function uses 1 nonlinear group
 
 There are 6 linear inequality constraints
 
 There are 4 variables bounded only from below 
 
 
 File successfully decoded
/home/abel/documentos/dcicpp-newrun/output-fast-2016-11-14--22:14
No tools
make: *** No rule to make target 'dcicppclean'.  Stop.
Starting
Solving
Showing
**********************************************************
Problem name: HS44    

Number of Variables: 4
Number of Constraints: 6
             Equality: 0
           has_inequality: 6

EXIT: The Algorithm has Converged
f(x) = -15
|c(x)| = 1.42074e-07
|g(x) + J(x)'*y| = 2.28729e-08
y offset = 0
Number of Iterations = 9
Elapsed Time = 0.000386715 s
/home/abel/projetos/linux-cutest/cutest/bin/rundcicppclean: line 240: 32216 Floating point exception(core dumped) ${EXEC}/run_${PACKAGE}
