sifdecoder -A pc64.lnx.gfo  HS52

 Problem name: HS52

 Double precision version will be formed

 The objective function uses 1 nonlinear group
 
 There are 3 linear equality constraints
 
 There are 5 free variables
 
 
 File successfully decoded
/home/abel/documentos/dcicpp-newrun/output-fast-2016-11-14--22:14
No tools
make: *** No rule to make target 'dcicppclean'.  Stop.
Starting
Solving
Showing
**********************************************************
Problem name: HS52    

Number of Variables: 5
Number of Constraints: 3
             Equality: 3
           has_inequality: 0

EXIT: The Algorithm has Converged
f(x) = 5.32665
|c(x)| = 1.06962e-14
|g(x) + J(x)'*y| = 1.32567e-16
y offset = 0
Number of Iterations = 3
Elapsed Time = 0.000276327 s
Normal iterations = 1
Average number of normal iterations = 0.333333
Maximum number of normal iterations during one iteration = 1
Iterations with 0  normal iterations = 2
Iterations with 1  normal iteration  = 1
Iterations with 2+ normal iterations = 0
Restorations = 1
Average number of restorations per normal iteration = 1
**********************************************************
Done
Setup time: 0.003333
Execution time: -5.66244e-13
