sifdecoder -A pc64.lnx.gfo  HS62

 Problem name: HS62

 Double precision version will be formed

 The objective function uses 1 nonlinear group
 
 There is 1 linear equality constraint
 
 There are 3 variables bounded from below and above 
 
 
 File successfully decoded
/home/abel/documentos/dcicpp-newrun/output-fast-2016-11-14--22:14
No tools
make: *** No rule to make target 'dcicppclean'.  Stop.
Starting
Solving
Showing
**********************************************************
Problem name: HS62    

Number of Variables: 3
Number of Constraints: 1
             Equality: 1
           has_inequality: 0

EXIT: The Algorithm has Converged
f(x) = -26272.5
|c(x)| = 1.52656e-16
|g(x) + J(x)'*y| = 3.5691e-11
y offset = 0
Number of Iterations = 6
Elapsed Time = 0.000320196 s
/home/abel/projetos/linux-cutest/cutest/bin/rundcicppclean: line 240:   732 Floating point exception(core dumped) ${EXEC}/run_${PACKAGE}
