sifdecoder -A pc64.lnx.gfo  HS74

 Problem name: HS74

 Double precision version will be formed

 The objective function uses 1 nonlinear group
 
 There are 2 linear inequality constraints
 There are 3 nonlinear equality constraints
 
 There are 4 variables bounded from below and above 
 
 
 File successfully decoded
/home/abel/documentos/dcicpp-newrun/output-fast-2016-11-14--22:14
No tools
make: *** No rule to make target 'dcicppclean'.  Stop.
Starting
Solving
Showing
**********************************************************
Problem name: HS74    

Number of Variables: 4
Number of Constraints: 5
             Equality: 3
           has_inequality: 2

EXIT: The Algorithm has Converged
f(x) = 5126.5
|c(x)| = 7.98442e-07
|g(x) + J(x)'*y| = 7.46785e-07
y offset = 2.02898e-11
Number of Iterations = 20
Elapsed Time = 0.000659466 s
Normal iterations = 2
Average number of normal iterations = 0.1
Maximum number of normal iterations during one iteration = 1
Iterations with 0  normal iterations = 18
Iterations with 1  normal iteration  = 2
Iterations with 2+ normal iterations = 0
Restorations = 4
Average number of restorations per normal iteration = 2
**********************************************************
Done
Setup time: 0.003333
Execution time: -5.66244e-13
