sifdecoder -A pc64.lnx.gfo  HS85

 Problem name: HS85

 Double precision version will be formed

 The objective function uses 1 nonlinear group
 
 There is 1 linear inequality constraint
 There are 20 nonlinear inequality constraints
 
 There are 5 variables bounded from below and above 
 
 
 File successfully decoded
/home/abel/documentos/dcicpp-newrun/output-fast-2016-11-14--22:14
No tools
make: *** No rule to make target 'dcicppclean'.  Stop.
Starting
Solving
Showing
**********************************************************
Problem name: HS85    

Number of Variables: 5
Number of Constraints: 21
             Equality: 0
           has_inequality: 21

EXIT: The maximum number of iterations was reached
f(x) = -1.49335
|c(x)| = 7.04006e-09
|g(x) + J(x)'*y| = 4.86705e-06
y offset = 1.56053e-05
Number of Iterations = 2001
Elapsed Time = 3.08868 s
Normal iterations = 457
Average number of normal iterations = 0.228386
Maximum number of normal iterations during one iteration = 1
Iterations with 0  normal iterations = 1544
Iterations with 1  normal iteration  = 457
Iterations with 2+ normal iterations = 0
Restorations = 457
Average number of restorations per normal iteration = 1
**********************************************************
Done
Setup time: 0.003333
Execution time: 3.34333
