sifdecoder -A pc64.lnx.gfo  HS99

 Problem name: HS99

 Double precision version will be formed

 The objective function uses 1 nonlinear group
 
 There are 2 nonlinear equality constraints
 
 There are 7 variables bounded from below and above 
 
 
 File successfully decoded
/home/abel/documentos/dcicpp-newrun/output-fast-2016-11-14--22:14
No tools
make: *** No rule to make target 'dcicppclean'.  Stop.
Starting
Solving
Showing
**********************************************************
Problem name: HS99    

Number of Variables: 7
Number of Constraints: 2
             Equality: 2
           has_inequality: 0

EXIT: The Algorithm has Converged
f(x) = -8.3108e+08
|c(x)| = 1.16417e-10
|g(x) + J(x)'*y| = 2.85382e-10
y offset = 0
Number of Iterations = 3
Elapsed Time = 0.00037837 s
Normal iterations = 4
Average number of normal iterations = 1.33333
Maximum number of normal iterations during one iteration = 2
Iterations with 0  normal iterations = 0
Iterations with 1  normal iteration  = 2
Iterations with 2+ normal iterations = 1
Restorations = 4
Average number of restorations per normal iteration = 1
**********************************************************
Done
Setup time: 0.003333
Execution time: -5.66244e-13
