sifdecoder -A pc64.lnx.gfo  KOEBHELB

 Problem name: KOEBHELB

 Double precision version will be formed

 The objective function uses 156 nonlinear groups
 
 There is 1 free variable 
 There are 2 variables bounded only from below 
 
 
 File successfully decoded
/home/abel/documentos/dcicpp-newrun/output-fast-2016-11-14--22:14
No tools
make: *** No rule to make target 'dcicppclean'.  Stop.
Starting
Solving
Showing
**********************************************************
Problem name: KOEBHELB

Number of Variables: 3
Number of Constraints: 0
             Equality: 0
           has_inequality: 0

EXIT: The Algorithm has Converged
f(x) = 77.5163
|c(x)| = 0
|g(x) + J(x)'*y| = 3.63839e-10
y offset = 0
Number of Iterations = 110
Elapsed Time = 0.0250885 s
/home/abel/projetos/linux-cutest/cutest/bin/rundcicppclean: line 240:  3113 Floating point exception(core dumped) ${EXEC}/run_${PACKAGE}
