sifdecoder -A pc64.lnx.gfo  LAUNCH

 Problem name: LAUNCH

 Double precision version will be formed

 The objective function uses 1 linear group
 The objective function uses 4 nonlinear groups
 
 There are 6 linear equality constraints
 There are 12 linear inequality constraints
 There are 3 nonlinear equality constraints
 There are 7 nonlinear inequality constraints
 
 There are 25 variables bounded from below and above 
 
 
 File successfully decoded
/home/abel/documentos/dcicpp-newrun/output-fast-2016-11-14--22:14
No tools
make: *** No rule to make target 'dcicppclean'.  Stop.
Starting
Solving
Showing
**********************************************************
Problem name: LAUNCH  

Number of Variables: 25
Number of Constraints: 28
             Equality: 9
           has_inequality: 19

EXIT: The maximum number of iterations was reached
f(x) = 9.63845
|c(x)| = 4.9744e-10
|g(x) + J(x)'*y| = 1.49203e-05
y offset = 1.43982e-09
Number of Iterations = 2001
Elapsed Time = 0.445482 s
Normal iterations = 259
Average number of normal iterations = 0.129435
Maximum number of normal iterations during one iteration = 1
Iterations with 0  normal iterations = 1742
Iterations with 1  normal iteration  = 259
Iterations with 2+ normal iterations = 0
Restorations = 259
Average number of restorations per normal iteration = 1
**********************************************************
Done
Setup time: 0
Execution time: 0.699999
