sifdecoder -A pc64.lnx.gfo  LIARWHD

 Problem name: LIARWHD

 Double precision version will be formed

 The objective function uses 5000 linear groups
 The objective function uses 5000 nonlinear groups
 
 There are 5000 free variables
 
 
 File successfully decoded
/home/abel/documentos/dcicpp-newrun/output-fast-2016-11-14--22:14
No tools
make: *** No rule to make target 'dcicppclean'.  Stop.
Starting
Solving
Showing
**********************************************************
Problem name: LIARWHD 

Number of Variables: 5000
Number of Constraints: 0
             Equality: 0
           has_inequality: 0

EXIT: The Algorithm has Converged
f(x) = 0.000577787
|c(x)| = 0
|g(x) + J(x)'*y| = 4.8154e-08
y offset = 0
Number of Iterations = 12
Elapsed Time = 0.035053 s
/home/abel/projetos/linux-cutest/cutest/bin/rundcicppclean: line 240:  3391 Floating point exception(core dumped) ${EXEC}/run_${PACKAGE}
