sifdecoder -A pc64.lnx.gfo  LUKVLE6

 Problem name: LUKVLE6

 Double precision version will be formed

 The objective function uses 9999 nonlinear groups
 
 There are 4999 nonlinear equality constraints
 
 There are 9999 free variables
 
 
 File successfully decoded
/home/abel/documentos/dcicpp-newrun/output-fast-2016-11-14--22:14
No tools
make: *** No rule to make target 'dcicppclean'.  Stop.
Starting
Solving
Showing
**********************************************************
Problem name: LUKVLE6 

Number of Variables: 9999
Number of Constraints: 4999
             Equality: 4999
           has_inequality: 0

EXIT: The Algorithm has Converged
f(x) = 628644
|c(x)| = 4.77612e-07
|g(x) + J(x)'*y| = 1.30373e-07
y offset = 0
Number of Iterations = 11
Elapsed Time = 0.354614 s
Normal iterations = 4
Average number of normal iterations = 0.363636
Maximum number of normal iterations during one iteration = 1
Iterations with 0  normal iterations = 7
Iterations with 1  normal iteration  = 4
Iterations with 2+ normal iterations = 0
Restorations = 4
Average number of restorations per normal iteration = 1
**********************************************************
Done
Setup time: 0.330001
Execution time: 0.353333
