sifdecoder -A pc64.lnx.gfo  MAKELA3

 Problem name: MAKELA3

 Double precision version will be formed

 The objective function uses 1 linear group
 
 There are 20 nonlinear inequality constraints
 
 There are 21 free variables
 
 
 File successfully decoded
/home/abel/documentos/dcicpp-newrun/output-fast-2016-11-14--22:14
No tools
make: *** No rule to make target 'dcicppclean'.  Stop.
Starting
Solving
Showing
**********************************************************
Problem name: MAKELA3 

Number of Variables: 21
Number of Constraints: 20
             Equality: 0
           has_inequality: 20

EXIT: The Algorithm has Converged
f(x) = 7.52575e-06
|c(x)| = 8.26931e-08
|g(x) + J(x)'*y| = 1.79681e-07
y offset = 0
Number of Iterations = 24
Elapsed Time = 0.0215442 s
Normal iterations = 23
Average number of normal iterations = 0.958333
Maximum number of normal iterations during one iteration = 1
Iterations with 0  normal iterations = 1
Iterations with 1  normal iteration  = 23
Iterations with 2+ normal iterations = 0
Restorations = 732
Average number of restorations per normal iteration = 31
**********************************************************
Done
Setup time: 0.003333
Execution time: 0.083333
