sifdecoder -A pc64.lnx.gfo  MARATOSB

 Problem name: MARATOSB

 Double precision version will be formed

 The objective function uses 1 linear group
 The objective function uses 1 nonlinear group
 
 There are 2 free variables
 
 
 File successfully decoded
/home/abel/documentos/dcicpp-newrun/output-fast-2016-11-14--22:14
No tools
make: *** No rule to make target 'dcicppclean'.  Stop.
Starting
Solving
Showing
**********************************************************
Problem name: MARATOSB

Number of Variables: 2
Number of Constraints: 0
             Equality: 0
           has_inequality: 0

EXIT: The Algorithm has Converged
f(x) = 0.995893
|c(x)| = 0
|g(x) + J(x)'*y| = 7.94809e-07
y offset = 0
Number of Iterations = 4
Elapsed Time = 0.000177145 s
/home/abel/projetos/linux-cutest/cutest/bin/rundcicppclean: line 240:  5118 Floating point exception(core dumped) ${EXEC}/run_${PACKAGE}
