sifdecoder -A pc64.lnx.gfo  MIFFLIN1

 Problem name: MIFFLIN1

 Double precision version will be formed

 The objective function uses 1 linear group
 
 There is 1 linear inequality constraint
 There is 1 nonlinear inequality constraint
 
 There are 3 free variables
 
 
 File successfully decoded
/home/abel/documentos/dcicpp-newrun/output-fast-2016-11-14--22:14
No tools
make: *** No rule to make target 'dcicppclean'.  Stop.
Starting
Solving
Showing
**********************************************************
Problem name: MIFFLIN1

Number of Variables: 3
Number of Constraints: 2
             Equality: 0
           has_inequality: 2

EXIT: The maximum number of iterations was reached
f(x) = -0.999809
|c(x)| = 7.4983e-05
|g(x) + J(x)'*y| = 0.000109714
y offset = 0
Number of Iterations = 2001
Elapsed Time = 0.0240254 s
Normal iterations = 2
Average number of normal iterations = 0.0009995
Maximum number of normal iterations during one iteration = 1
Iterations with 0  normal iterations = 1999
Iterations with 1  normal iteration  = 2
Iterations with 2+ normal iterations = 0
Restorations = 2
Average number of restorations per normal iteration = 1
**********************************************************
Done
Setup time: 0
Execution time: 0.089999
