sifdecoder -A pc64.lnx.gfo  MINMAXRB

 Problem name: MINMAXRB

 Double precision version will be formed

 The objective function uses 1 linear group
 
 There are 2 linear inequality constraints
 There are 2 nonlinear inequality constraints
 
 There are 3 free variables
 
 
 File successfully decoded
/home/abel/documentos/dcicpp-newrun/output-fast-2016-11-14--22:14
No tools
make: *** No rule to make target 'dcicppclean'.  Stop.
Starting
Solving
Showing
**********************************************************
Problem name: MINMAXRB

Number of Variables: 3
Number of Constraints: 4
             Equality: 0
           has_inequality: 4

EXIT: The Algorithm has Converged
f(x) = 7.09987e-07
|c(x)| = 0
|g(x) + J(x)'*y| = 6.80507e-08
y offset = 0
Number of Iterations = 17
Elapsed Time = 0.00171542 s
Normal iterations = 14
Average number of normal iterations = 0.823529
Maximum number of normal iterations during one iteration = 1
Iterations with 0  normal iterations = 3
Iterations with 1  normal iteration  = 14
Iterations with 2+ normal iterations = 0
Restorations = 109
Average number of restorations per normal iteration = 7
**********************************************************
Done
Setup time: 0.003333
Execution time: 0.006666
