sifdecoder -A pc64.lnx.gfo  MSS2

 Problem name: MSS2

 Double precision version will be formed

 The objective function uses 2 nonlinear groups
 
 There are 703 nonlinear equality constraints
 
 There are 756 free variables
 
 
 File successfully decoded
/home/abel/documentos/dcicpp-newrun/output-fast-2016-11-14--22:14
No tools
make: *** No rule to make target 'dcicppclean'.  Stop.
Starting
diagonal below threshold
Status = 2
File   = ../Core/cholmod_common.c
Line   = 719
Solving
diagonal below threshold
Status = 2
File   = ../Core/cholmod_common.c
Line   = 719
Showing
**********************************************************
Problem name: MSS2    

Number of Variables: 756
Number of Constraints: 703
             Equality: 703
           has_inequality: 0

EXIT: The Algorithm has Converged
Cholesky failed
f(x) = -122
|c(x)| = 9.5437e-08
|g(x) + J(x)'*y| = 1.19599e-07
y offset = 0
Number of Iterations = 48
Elapsed Time = 0.281776 s
Normal iterations = 19
Average number of normal iterations = 0.395833
Maximum number of normal iterations during one iteration = 2
Iterations with 0  normal iterations = 30
Iterations with 1  normal iteration  = 17
Iterations with 2+ normal iterations = 1
Restorations = 61
Average number of restorations per normal iteration = 3
**********************************************************
Done
Setup time: 0.019999
Execution time: 0.523333
