sifdecoder -A pc64.lnx.gfo  NCVXBQP1

 Problem name: NCVXBQP1

 Double precision version will be formed

 The objective function uses 10000 nonlinear groups
 
 There are 10000 variables bounded from below and above 
 
 
 File successfully decoded
/home/abel/documentos/dcicpp-newrun/output-fast-2016-11-14--22:14
No tools
make: *** No rule to make target 'dcicppclean'.  Stop.
Starting
Solving
Showing
**********************************************************
Problem name: NCVXBQP1

Number of Variables: 10000
Number of Constraints: 0
             Equality: 0
           has_inequality: 0

EXIT: The Algorithm has Converged
f(x) = -1.98554e+10
|c(x)| = 0
|g(x) + J(x)'*y| = 3.51397e-07
y offset = 0
Number of Iterations = 54
Elapsed Time = 0.363549 s
/home/abel/projetos/linux-cutest/cutest/bin/rundcicppclean: line 240:  6411 Floating point exception(core dumped) ${EXEC}/run_${PACKAGE}
