sifdecoder -A pc64.lnx.gfo  ODFITS

 Problem name: ODFITS

 Double precision version will be formed

 The objective function uses 10 nonlinear groups
 
 There are 6 linear equality constraints
 
 There are 10 variables bounded only from below 
 
 
 File successfully decoded
/home/abel/documentos/dcicpp-newrun/output-fast-2016-11-14--22:14
No tools
make: *** No rule to make target 'dcicppclean'.  Stop.
Starting
Solving
Showing
**********************************************************
Problem name: ODFITS  

Number of Variables: 10
Number of Constraints: 6
             Equality: 6
           has_inequality: 0

EXIT: The Algorithm has Converged
f(x) = -2380.03
|c(x)| = 2.87617e-09
|g(x) + J(x)'*y| = 8.38e-08
y offset = 0
Number of Iterations = 5
Elapsed Time = 0.000381708 s
Normal iterations = 1
Average number of normal iterations = 0.2
Maximum number of normal iterations during one iteration = 1
Iterations with 0  normal iterations = 4
Iterations with 1  normal iteration  = 1
Iterations with 2+ normal iterations = 0
Restorations = 1
Average number of restorations per normal iteration = 1
**********************************************************
Done
Setup time: 0
Execution time: -5.66244e-13
