sifdecoder -A pc64.lnx.gfo  OSBORNEB

 Problem name: OSBORNEB

 Double precision version will be formed

 The objective function uses 65 nonlinear groups
 
 There are 11 free variables
 
 
 File successfully decoded
/home/abel/documentos/dcicpp-newrun/output-fast-2016-11-14--22:14
No tools
make: *** No rule to make target 'dcicppclean'.  Stop.
Starting
Solving
Showing
**********************************************************
Problem name: OSBORNEB

Number of Variables: 11
Number of Constraints: 0
             Equality: 0
           has_inequality: 0

EXIT: The Algorithm has Converged
f(x) = 0.0401377
|c(x)| = 0
|g(x) + J(x)'*y| = 1.6747e-08
y offset = 0
Number of Iterations = 20
Elapsed Time = 0.0169497 s
/home/abel/projetos/linux-cutest/cutest/bin/rundcicppclean: line 240:  7017 Floating point exception(core dumped) ${EXEC}/run_${PACKAGE}
