sifdecoder -A pc64.lnx.gfo  PALMER2C

 Problem name: PALMER2C

 Double precision version will be formed

 The objective function uses 23 nonlinear groups
 
 There are 8 free variables
 
 
 File successfully decoded
/home/abel/documentos/dcicpp-newrun/output-fast-2016-11-14--22:14
No tools
make: *** No rule to make target 'dcicppclean'.  Stop.
Starting
Solving
Showing
**********************************************************
Problem name: PALMER2C

Number of Variables: 8
Number of Constraints: 0
             Equality: 0
           has_inequality: 0

EXIT: The Algorithm has Converged
f(x) = 1.08306
|c(x)| = 0
|g(x) + J(x)'*y| = 8.09609e-08
y offset = 0
Number of Iterations = 5
Elapsed Time = 0.000347614 s
/home/abel/projetos/linux-cutest/cutest/bin/rundcicppclean: line 240:  7710 Floating point exception(core dumped) ${EXEC}/run_${PACKAGE}
