sifdecoder -A pc64.lnx.gfo  PALMER8A

 Problem name: PALMER8A

 Double precision version will be formed

 The objective function uses 12 nonlinear groups
 
 There are 4 free variables
 There are 2 variables bounded only from below 
 
 
 File successfully decoded
/home/abel/documentos/dcicpp-newrun/output-fast-2016-11-14--22:14
No tools
make: *** No rule to make target 'dcicppclean'.  Stop.
Starting
Solving
Showing
**********************************************************
Problem name: PALMER8A

Number of Variables: 6
Number of Constraints: 0
             Equality: 0
           has_inequality: 0

EXIT: The Algorithm has Converged
f(x) = 6.96971
|c(x)| = 0
|g(x) + J(x)'*y| = 3.91702e-10
y offset = 0
Number of Iterations = 3
Elapsed Time = 0.000208616 s
/home/abel/projetos/linux-cutest/cutest/bin/rundcicppclean: line 240:  8863 Floating point exception(core dumped) ${EXEC}/run_${PACKAGE}
