sifdecoder -A pc64.lnx.gfo  PALMER1

 Problem name: PALMER1

 Double precision version will be formed

 The objective function uses 31 nonlinear groups
 
 There is 1 free variable 
 There are 3 variables bounded only from below 
 
 
 File successfully decoded
/home/abel/documentos/dcicpp-newrun/output-fast-2016-11-14--22:14
No tools
make: *** No rule to make target 'dcicppclean'.  Stop.
Starting
Solving
Showing
**********************************************************
Problem name: PALMER1 

Number of Variables: 4
Number of Constraints: 0
             Equality: 0
           has_inequality: 0

EXIT: The Algorithm has Converged
f(x) = 11754.6
|c(x)| = 0
|g(x) + J(x)'*y| = 4.84904e-09
y offset = 0
Number of Iterations = 15
Elapsed Time = 0.000484467 s
/home/abel/projetos/linux-cutest/cutest/bin/rundcicppclean: line 240:  7210 Floating point exception(core dumped) ${EXEC}/run_${PACKAGE}
