sifdecoder -A pc64.lnx.gfo  PALMER8E

 Problem name: PALMER8E

 Double precision version will be formed

 The objective function uses 12 nonlinear groups
 
 There are 7 free variables
 There is 1 variable bounded only from below 
 
 
 File successfully decoded
/home/abel/documentos/dcicpp-newrun/output-fast-2016-11-14--22:14
No tools
make: *** No rule to make target 'dcicppclean'.  Stop.
Starting
Solving
Showing
**********************************************************
Problem name: PALMER8E

Number of Variables: 8
Number of Constraints: 0
             Equality: 0
           has_inequality: 0

EXIT: The Algorithm has Converged
f(x) = 0.163836
|c(x)| = 0
|g(x) + J(x)'*y| = 3.19405e-07
y offset = 0
Number of Iterations = 14
Elapsed Time = 0.000792265 s
/home/abel/projetos/linux-cutest/cutest/bin/rundcicppclean: line 240:  8968 Floating point exception(core dumped) ${EXEC}/run_${PACKAGE}
