sifdecoder -A pc64.lnx.gfo  PENTDI

 Problem name: PENTDI

 Double precision version will be formed

 The objective function uses 1 linear group
 The objective function uses 2 nonlinear groups
 
 There are 5000 variables bounded only from below 
 
 
 File successfully decoded
/home/abel/documentos/dcicpp-newrun/output-fast-2016-11-14--22:14
No tools
make: *** No rule to make target 'dcicppclean'.  Stop.
Starting
Solving
Showing
**********************************************************
Problem name: PENTDI  

Number of Variables: 5000
Number of Constraints: 0
             Equality: 0
           has_inequality: 0

EXIT: The Algorithm has Converged
f(x) = -0.371162
|c(x)| = 0
|g(x) + J(x)'*y| = 1.65591e-07
y offset = 0
Number of Iterations = 18
Elapsed Time = 0.178575 s
/home/abel/projetos/linux-cutest/cutest/bin/rundcicppclean: line 240:  9170 Floating point exception(core dumped) ${EXEC}/run_${PACKAGE}
