sifdecoder -A pc64.lnx.gfo  PORTFL2

 Problem name: PORTFL2

 Double precision version will be formed

 The objective function uses 62 nonlinear groups
 
 There is 1 linear equality constraint
 
 There are 12 variables bounded from below and above 
 
 
 File successfully decoded
/home/abel/documentos/dcicpp-newrun/output-fast-2016-11-14--22:14
No tools
make: *** No rule to make target 'dcicppclean'.  Stop.
Starting
Solving
Showing
**********************************************************
Problem name: PORTFL2 

Number of Variables: 12
Number of Constraints: 1
             Equality: 1
           has_inequality: 0

EXIT: The Algorithm has Converged
f(x) = 0.0297135
|c(x)| = 4e-10
|g(x) + J(x)'*y| = 8.71238e-07
y offset = 0
Number of Iterations = 5
Elapsed Time = 0.00043726 s
/home/abel/projetos/linux-cutest/cutest/bin/rundcicppclean: line 240:  9749 Floating point exception(core dumped) ${EXEC}/run_${PACKAGE}
