sifdecoder -A pc64.lnx.gfo  PORTSQP

 Problem name: PORTSQP

 Double precision version will be formed

 The objective function uses 100000 nonlinear groups
 
 There is 1 linear equality constraint
 
 There are 100000 variables bounded only from below 
 
 
 File successfully decoded
/home/abel/documentos/dcicpp-newrun/output-fast-2016-11-14--22:14
No tools
make: *** No rule to make target 'dcicppclean'.  Stop.
Starting
Solving
Showing
**********************************************************
Problem name: PORTSQP 

Number of Variables: 100000
Number of Constraints: 1
             Equality: 1
           has_inequality: 0

EXIT: The Algorithm has Converged
f(x) = 33333.3
|c(x)| = 3.77559e-12
|g(x) + J(x)'*y| = 6.25979e-08
y offset = 0
Number of Iterations = 1
Elapsed Time = 0.0958443 s
Normal iterations = 1
Average number of normal iterations = 1
Maximum number of normal iterations during one iteration = 1
Iterations with 0  normal iterations = 0
Iterations with 1  normal iteration  = 1
Iterations with 2+ normal iterations = 0
Restorations = 1
Average number of restorations per normal iteration = 1
**********************************************************
Done
Setup time: 0.466667
Execution time: 0.1
