sifdecoder -A pc64.lnx.gfo  PRIMALC5

 Problem name: PRIMALC5

 Double precision version will be formed

 The objective function uses 1 nonlinear group
 
 There are 8 linear inequality constraints
 
 There are 9 free variables
 There are 278 variables bounded only from below 
 
 
 File successfully decoded
/home/abel/documentos/dcicpp-newrun/output-fast-2016-11-14--22:14
No tools
make: *** No rule to make target 'dcicppclean'.  Stop.
Starting
Solving
Showing
**********************************************************
Problem name: PRIMALC5

Number of Variables: 287
Number of Constraints: 8
             Equality: 0
           has_inequality: 8

EXIT: The Algorithm has Converged
f(x) = -426.182
|c(x)| = 9.98056e-07
|g(x) + J(x)'*y| = 3.94289e-08
y offset = 6.69967e-06
Number of Iterations = 27
Elapsed Time = 0.0188105 s
Normal iterations = 4
Average number of normal iterations = 0.148148
Maximum number of normal iterations during one iteration = 1
Iterations with 0  normal iterations = 23
Iterations with 1  normal iteration  = 4
Iterations with 2+ normal iterations = 0
Restorations = 23
Average number of restorations per normal iteration = 5
**********************************************************
Done
Setup time: 0.006666
Execution time: 0.076666
