sifdecoder -A pc64.lnx.gfo  PRIMAL4

 Problem name: PRIMAL4

 Double precision version will be formed

 The objective function uses 1 nonlinear group
 
 There are 75 linear inequality constraints
 
 There are 1488 free variables
 There is 1 variable bounded only from below 
 
 
 File successfully decoded
/home/abel/documentos/dcicpp-newrun/output-fast-2016-11-14--22:14
No tools
make: *** No rule to make target 'dcicppclean'.  Stop.
Starting
Solving
Showing
**********************************************************
Problem name: PRIMAL4 

Number of Variables: 1489
Number of Constraints: 75
             Equality: 0
           has_inequality: 75

EXIT: The Algorithm has Converged
f(x) = -0.746086
|c(x)| = 9.90138e-07
|g(x) + J(x)'*y| = 9.17686e-07
y offset = 5.40198e-06
Number of Iterations = 23
Elapsed Time = 0.446786 s
Normal iterations = 13
Average number of normal iterations = 0.565217
Maximum number of normal iterations during one iteration = 2
Iterations with 0  normal iterations = 11
Iterations with 1  normal iteration  = 11
Iterations with 2+ normal iterations = 1
Restorations = 161
Average number of restorations per normal iteration = 12
**********************************************************
Done
Setup time: 0.036666
Execution time: 0.676666
