sifdecoder -A pc64.lnx.gfo  PRODPL0

 Problem name: PRODPL0

 Double precision version will be formed

 The objective function uses 1 linear group
 
 There are 20 linear equality constraints
 There are 5 linear inequality constraints
 There are 4 nonlinear inequality constraints
 
 There are 60 variables bounded only from below 
 
 
 File successfully decoded
/home/abel/documentos/dcicpp-newrun/output-fast-2016-11-14--22:14
No tools
make: *** No rule to make target 'dcicppclean'.  Stop.
Starting
Solving
Showing
**********************************************************
Problem name: PRODPL0 

Number of Variables: 60
Number of Constraints: 29
             Equality: 20
           has_inequality: 9

EXIT: The Algorithm has Converged
f(x) = 58.7901
|c(x)| = 5.7168e-09
|g(x) + J(x)'*y| = 5.12133e-07
y offset = 0
Number of Iterations = 17
Elapsed Time = 0.0107336 s
Normal iterations = 6
Average number of normal iterations = 0.352941
Maximum number of normal iterations during one iteration = 1
Iterations with 0  normal iterations = 11
Iterations with 1  normal iteration  = 6
Iterations with 2+ normal iterations = 0
Restorations = 219
Average number of restorations per normal iteration = 36
**********************************************************
Done
Setup time: 0
Execution time: 0.026666
