sifdecoder -A pc64.lnx.gfo  PSPDOC

 Problem name: PSPDOC

 Double precision version will be formed

 The objective function uses 2 nonlinear groups
 
 There are 3 free variables
 There is 1 variable bounded only from above 
 
 
 File successfully decoded
/home/abel/documentos/dcicpp-newrun/output-fast-2016-11-14--22:14
No tools
make: *** No rule to make target 'dcicppclean'.  Stop.
Starting
Solving
Showing
**********************************************************
Problem name: PSPDOC  

Number of Variables: 4
Number of Constraints: 0
             Equality: 0
           has_inequality: 0

EXIT: The Algorithm has Converged
f(x) = 2.41421
|c(x)| = 0
|g(x) + J(x)'*y| = 1.57744e-09
y offset = 0
Number of Iterations = 10
Elapsed Time = 0.000262976 s
/home/abel/projetos/linux-cutest/cutest/bin/rundcicppclean: line 240: 10626 Floating point exception(core dumped) ${EXEC}/run_${PACKAGE}
