sifdecoder -A pc64.lnx.gfo  QR3D

 Problem name: QR3D

 Double precision version will be formed

 
 There are 610 nonlinear equality constraints
 
 There are 590 free variables
 There are 20 variables bounded only from below 
 
 
 File successfully decoded
/home/abel/documentos/dcicpp-newrun/output-fast-2016-11-14--22:14
No tools
make: *** No rule to make target 'dcicppclean'.  Stop.
Starting
Solving
Showing
**********************************************************
Problem name: QR3D    

Number of Variables: 610
Number of Constraints: 610
             Equality: 610
           has_inequality: 0

EXIT: The Algorithm has Converged
f(x) = 0
|c(x)| = 6.27818e-08
|g(x) + J(x)'*y| = 0
y offset = 0
Number of Iterations = 1
Elapsed Time = 0.297348 s
Normal iterations = 2
Average number of normal iterations = 2
Maximum number of normal iterations during one iteration = 2
Iterations with 0  normal iterations = 0
Iterations with 1  normal iteration  = 0
Iterations with 2+ normal iterations = 1
Restorations = 10
Average number of restorations per normal iteration = 5
**********************************************************
Done
Setup time: 0.04
Execution time: 0.453333
