sifdecoder -A pc64.lnx.gfo  RES

 Problem name: RES

 Double precision version will be formed

 
 There are 12 linear equality constraints
 There are 2 linear inequality constraints
 
 There are 20 variables bounded from below and above 
 
 
 File successfully decoded
/home/abel/documentos/dcicpp-newrun/output-fast-2016-11-14--22:14
No tools
make: *** No rule to make target 'dcicppclean'.  Stop.
Starting
diagonal below threshold
Status = 2
File   = ../Core/cholmod_common.c
Line   = 719
Solving
Showing
**********************************************************
Problem name: RES     

Number of Variables: 20
Number of Constraints: 14
             Equality: 12
           has_inequality: 2

EXIT: The Algorithm has Converged
Cholesky failed
f(x) = 0
|c(x)| = 2.04228e-08
|g(x) + J(x)'*y| = 0
y offset = 0
Number of Iterations = 2
Elapsed Time = 0.00132775 s
Normal iterations = 1
Average number of normal iterations = 0.5
Maximum number of normal iterations during one iteration = 1
Iterations with 0  normal iterations = 1
Iterations with 1  normal iteration  = 1
Iterations with 2+ normal iterations = 0
Restorations = 77
Average number of restorations per normal iteration = 77
**********************************************************
Done
Setup time: 0
Execution time: 0.003333
