sifdecoder -A pc64.lnx.gfo  SIPOW2

 Problem name: SIPOW2

 Double precision version will be formed

 The objective function uses 1 linear group
 
 There are 2000 linear inequality constraints
 
 There are 2 free variables
 
 
 File successfully decoded
/home/abel/documentos/dcicpp-newrun/output-fast-2016-11-14--22:14
No tools
make: *** No rule to make target 'dcicppclean'.  Stop.
Starting
Solving
Showing
**********************************************************
Problem name: SIPOW2  

Number of Variables: 2
Number of Constraints: 2000
             Equality: 0
           has_inequality: 2000

EXIT: The Algorithm has Converged
f(x) = -0.184336
|c(x)| = 9.14066e-10
|g(x) + J(x)'*y| = 2.24597e-07
y offset = 0.00109409
Number of Iterations = 4
Elapsed Time = 6.00479 s
/home/abel/projetos/linux-cutest/cutest/bin/rundcicppclean: line 240: 12561 Floating point exception(core dumped) ${EXEC}/run_${PACKAGE}
