sifdecoder -A pc64.lnx.gfo  SISSER

 Problem name: SISSER

 Double precision version will be formed

 The objective function uses 3 nonlinear groups
 
 There are 2 free variables
 
 
 File successfully decoded
/home/abel/documentos/dcicpp-newrun/output-fast-2016-11-14--22:14
No tools
make: *** No rule to make target 'dcicppclean'.  Stop.
Starting
Solving
Showing
**********************************************************
Problem name: SISSER  

Number of Variables: 2
Number of Constraints: 0
             Equality: 0
           has_inequality: 0

EXIT: The Algorithm has Converged
f(x) = 1.07131e-08
|c(x)| = 0
|g(x) + J(x)'*y| = 4.58412e-07
y offset = 0
Number of Iterations = 13
Elapsed Time = 0.000211 s
/home/abel/projetos/linux-cutest/cutest/bin/rundcicppclean: line 240: 12613 Floating point exception(core dumped) ${EXEC}/run_${PACKAGE}
