sifdecoder -A pc64.lnx.gfo  SWOPF

 Problem name: SWOPF

 Double precision version will be formed

 The objective function uses 1 linear group
 
 There are 43 linear equality constraints
 There are 35 nonlinear equality constraints
 There are 14 nonlinear inequality constraints
 
 There are 73 free variables
 There are 10 variables bounded from below and above 
 
 
 File successfully decoded
/home/abel/documentos/dcicpp-newrun/output-fast-2016-11-14--22:14
No tools
make: *** No rule to make target 'dcicppclean'.  Stop.
Starting
Solving
diagonal below threshold
Status = 2
File   = ../Core/cholmod_common.c
Line   = 707
Showing
**********************************************************
Problem name: SWOPF   

Number of Variables: 83
Number of Constraints: 92
             Equality: 78
           has_inequality: 14

EXIT: The maximum number of restorarions was reached
Cholesky failed
f(x) = 0.0584501
|c(x)| = 0.381519
|g(x) + J(x)'*y| = 0.00539572
y offset = 0.00853562
Number of Iterations = 2
Elapsed Time = 0.213243 s
Normal iterations = 3
Average number of normal iterations = 1.5
Maximum number of normal iterations during one iteration = 2
Iterations with 0  normal iterations = 0
Iterations with 1  normal iteration  = 1
Iterations with 2+ normal iterations = 1
Restorations = 2021
Average number of restorations per normal iteration = 673
**********************************************************
Done
Setup time: 0
Execution time: 0.423333
