sifdecoder -A pc64.lnx.gfo  SYNPOP24

 Problem name: SYNPOP24

 Double precision version will be formed

 
 There are 7353 linear equality constraints
 
 There are 6968 variables bounded only from below 
 
 
 File successfully decoded
/home/abel/documentos/dcicpp-newrun/output-fast-2016-11-14--22:14
No tools
make: *** No rule to make target 'dcicppclean'.  Stop.
Starting
diagonal below threshold
Status = 2
File   = ../Core/cholmod_common.c
Line   = 719
Solving
diagonal below threshold
Status = 2
File   = ../Core/cholmod_common.c
Line   = 719
Showing
**********************************************************
Problem name: SYNPOP24

Number of Variables: 6968
Number of Constraints: 7353
             Equality: 7353
           has_inequality: 0

EXIT: The problem reached the time limit
Cholesky failed
f(x) = 0
|c(x)| = 1.59115e+08
|g(x) + J(x)'*y| = 0
y offset = 0
Number of Iterations = 1
Elapsed Time = 30.0208 s
Normal iterations = 2
Average number of normal iterations = 2
Maximum number of normal iterations during one iteration = 2
Iterations with 0  normal iterations = 0
Iterations with 1  normal iteration  = 0
Iterations with 2+ normal iterations = 1
Restorations = 1610
Average number of restorations per normal iteration = 805
**********************************************************
Done
Setup time: 0.17
Execution time: 30.09
