sifdecoder -A pc64.lnx.gfo  TENBARS4

 Problem name: TENBARS4

 Double precision version will be formed

 The objective function uses 1 linear group
 
 There is 1 linear inequality constraint
 There are 8 nonlinear equality constraints
 
 There are 8 free variables
 There are 10 variables bounded only from below 
 
 
 File successfully decoded
/home/abel/documentos/dcicpp-newrun/output-fast-2016-11-14--22:14
No tools
make: *** No rule to make target 'dcicppclean'.  Stop.
Starting
Solving
Showing
**********************************************************
Problem name: TENBARS4

Number of Variables: 18
Number of Constraints: 9
             Equality: 8
           has_inequality: 1

EXIT: The maximum number of restorarions was reached
f(x) = 379.546
|c(x)| = 0.78471
|g(x) + J(x)'*y| = 0.00298979
y offset = 0
Number of Iterations = 61
Elapsed Time = 0.0368297 s
Normal iterations = 47
Average number of normal iterations = 0.770492
Maximum number of normal iterations during one iteration = 1
Iterations with 0  normal iterations = 14
Iterations with 1  normal iteration  = 47
Iterations with 2+ normal iterations = 0
Restorations = 2003
Average number of restorations per normal iteration = 42
**********************************************************
Done
Setup time: 0
Execution time: 0.126665
