sifdecoder -A pc64.lnx.gfo  TFI3

 Problem name: TFI3

 Double precision version will be formed

 The objective function uses 1 nonlinear group
 
 There are 101 linear inequality constraints
 
 There are 3 free variables
 
 
 File successfully decoded
/home/abel/documentos/dcicpp-newrun/output-fast-2016-11-14--22:14
No tools
make: *** No rule to make target 'dcicppclean'.  Stop.
Starting
Solving
Showing
**********************************************************
Problem name: TFI3    

Number of Variables: 3
Number of Constraints: 101
             Equality: 0
           has_inequality: 101

EXIT: The Algorithm has Converged
f(x) = 4.30222
|c(x)| = 3.86437e-11
|g(x) + J(x)'*y| = 9.28807e-07
y offset = 0.00147124
Number of Iterations = 15
Elapsed Time = 0.0105882 s
Normal iterations = 1
Average number of normal iterations = 0.0666667
Maximum number of normal iterations during one iteration = 1
Iterations with 0  normal iterations = 14
Iterations with 1  normal iteration  = 1
Iterations with 2+ normal iterations = 0
Restorations = 6
Average number of restorations per normal iteration = 6
**********************************************************
Done
Setup time: 0
Execution time: 0.036666
