sifdecoder -A pc64.lnx.gfo  TRIMLOSS

 Problem name: TRIMLOSS

 Double precision version will be formed

 The objective function uses 1 linear group
 
 There are 20 linear equality constraints
 There are 51 linear inequality constraints
 There are 4 nonlinear inequality constraints
 
 There are 20 variables bounded only from below 
 There are 122 variables bounded from below and above 
 
 
 File successfully decoded
/home/abel/documentos/dcicpp-newrun/output-fast-2016-11-14--22:14
No tools
make: *** No rule to make target 'dcicppclean'.  Stop.
Starting
Solving
Showing
**********************************************************
Problem name: TRIMLOSS

Number of Variables: 142
Number of Constraints: 75
             Equality: 20
           has_inequality: 55

EXIT: The Algorithm has Converged
f(x) = 9.06377
|c(x)| = 9.93014e-16
|g(x) + J(x)'*y| = 8.39948e-07
y offset = 7.48811e-08
Number of Iterations = 30
Elapsed Time = 0.0768206 s
Normal iterations = 21
Average number of normal iterations = 0.7
Maximum number of normal iterations during one iteration = 3
Iterations with 0  normal iterations = 11
Iterations with 1  normal iteration  = 18
Iterations with 2+ normal iterations = 1
Restorations = 212
Average number of restorations per normal iteration = 10
**********************************************************
Done
Setup time: 0.003333
Execution time: 0.259999
