sifdecoder -A pc64.lnx.gfo  VARDIM

 Problem name: VARDIM

 Double precision version will be formed

 The objective function uses 202 nonlinear groups
 
 There are 200 free variables
 
 
 File successfully decoded
/home/abel/documentos/dcicpp-newrun/output-fast-2016-11-14--22:14
No tools
make: *** No rule to make target 'dcicppclean'.  Stop.
Starting
Solving
Showing
**********************************************************
Problem name: VARDIM  

Number of Variables: 200
Number of Constraints: 0
             Equality: 0
           has_inequality: 0

EXIT: The Algorithm has Converged
f(x) = 8.46509e-17
|c(x)| = 0
|g(x) + J(x)'*y| = 3.01617e-11
y offset = 0
Number of Iterations = 29
Elapsed Time = 0.00250316 s
/home/abel/projetos/linux-cutest/cutest/bin/rundcicppclean: line 240: 15966 Floating point exception(core dumped) ${EXEC}/run_${PACKAGE}
