sifdecoder -A pc64.lnx.gfo  VAREIGVL

 Problem name: VAREIGVL

 Double precision version will be formed

 The objective function uses 50 nonlinear groups
 
 There are 50 free variables
 
 
 File successfully decoded
/home/abel/documentos/dcicpp-newrun/output-fast-2016-11-14--22:14
No tools
make: *** No rule to make target 'dcicppclean'.  Stop.
Starting
Solving
Showing
**********************************************************
Problem name: VAREIGVL

Number of Variables: 50
Number of Constraints: 0
             Equality: 0
           has_inequality: 0

EXIT: The Algorithm has Converged
f(x) = 2.19093e-12
|c(x)| = 0
|g(x) + J(x)'*y| = 5.82118e-08
y offset = 0
Number of Iterations = 10
Elapsed Time = 0.00260019 s
/home/abel/projetos/linux-cutest/cutest/bin/rundcicppclean: line 240: 16017 Floating point exception(core dumped) ${EXEC}/run_${PACKAGE}
