sifdecoder -A pc64.lnx.gfo  ZECEVIC2

 Problem name: ZECEVIC2

 Double precision version will be formed

 The objective function uses 1 nonlinear group
 
 There are 2 linear inequality constraints
 
 There are 2 variables bounded from below and above 
 
 
 File successfully decoded
/home/abel/documentos/dcicpp-newrun/output-fast-2016-11-14--22:14
No tools
make: *** No rule to make target 'dcicppclean'.  Stop.
Starting
Solving
Showing
**********************************************************
Problem name: ZECEVIC2

Number of Variables: 2
Number of Constraints: 2
             Equality: 0
           has_inequality: 2

EXIT: The Algorithm has Converged
f(x) = -4.125
|c(x)| = 1.56924e-10
|g(x) + J(x)'*y| = 1.0338e-12
y offset = 0
Number of Iterations = 6
Elapsed Time = 0.000438213 s
/home/abel/projetos/linux-cutest/cutest/bin/rundcicppclean: line 240: 16960 Floating point exception(core dumped) ${EXEC}/run_${PACKAGE}
